Chains MCMC chain (250×85×4 Array{Float64, 3}):

Iterations        = 126:1:375
Number of chains  = 4
Samples per chain = 250
Wall duration     = 8973.24 seconds
Compute duration  = 34824.54 seconds
parameters        = σ_w[1], σ_w[2], ρ_w[1,1], ρ_w[2,1], ρ_w[1,2], ρ_w[2,2], ab_w[1,1], ab_w[2,1], ab_w[1,2], ab_w[2,2], σ_p[1], σ_p[2], ρ_p[1,1], ρ_p[2,1], ρ_p[1,2], ρ_p[2,2], ab_p[1,1], ab_p[2,1], ab_p[1,2], ab_p[2,2], ab_p[1,3], ab_p[2,3], ab_p[1,4], ab_p[2,4], ab_p[1,5], ab_p[2,5], ab_p[1,6], ab_p[2,6], ab_p[1,7], ab_p[2,7], ab_p[1,8], ab_p[2,8], ab_p[1,9], ab_p[2,9], ab_p[1,10], ab_p[2,10], ab_p[1,11], ab_p[2,11], ab_p[1,12], ab_p[2,12], ab_p[1,13], ab_p[2,13], ab_p[1,14], ab_p[2,14], ab_p[1,15], ab_p[2,15], ab_p[1,16], ab_p[2,16], ab_p[1,17], ab_p[2,17], ab_p[1,18], ab_p[2,18], ab_p[1,19], ab_p[2,19], ab_p[1,20], ab_p[2,20], ab_p[1,21], ab_p[2,21], ab_p[1,22], ab_p[2,22], ab_p[1,23], ab_p[2,23], ab_p[1,24], ab_p[2,24], σ_e[1], σ_e[2], ρ_e[1,1], ρ_e[2,1], ρ_e[1,2], ρ_e[2,2], ab_e[1,1], ab_e[2,1], σ
internals         = lp, n_steps, is_accept, acceptance_rate, log_density, hamiltonian_energy, hamiltonian_energy_error, max_hamiltonian_energy_error, tree_depth, numerical_error, step_size, nom_step_size

Summary Statistics
  parameters      mean       std      mcse    ess_bulk   ess_tail      rhat   ess_per_sec
      Symbol   Float64   Float64   Float64     Float64    Float64   Float64       Float64

      σ_w[1]    0.2026    0.2852    0.0204    205.8799   350.7783    1.0231        0.0059
      σ_w[2]    0.0874    0.1761    0.0130    111.8184   301.9545    1.0165        0.0032
    ρ_w[1,1]    1.0000    0.0000       NaN         NaN        NaN       NaN           NaN
    ρ_w[2,1]    0.0067    0.4547    0.0170    720.3108   376.9891    1.0186        0.0207
    ρ_w[1,2]    0.0067    0.4547    0.0170    720.3108   376.9891    1.0186        0.0207
    ρ_w[2,2]    1.0000    0.0000    0.0000   1051.2709   869.9132    0.9988        0.0302
   ab_w[1,1]    0.0086    0.1785    0.0090    832.9626   262.2049    1.0214        0.0239
   ab_w[2,1]   -0.0036    0.0656    0.0022    916.5292   323.8606    1.0106        0.0263
   ab_w[1,2]   -0.0485    0.1785    0.0090    836.7522   255.9551    1.0164        0.0240
   ab_w[2,2]   -0.0004    0.0649    0.0022    946.6941   318.2623    1.0155        0.0272
      σ_p[1]    0.1932    0.0305    0.0010   1044.0829   606.8585    1.0049        0.0300
      σ_p[2]    0.0540    0.0099    0.0004    707.3092   573.0866    1.0053        0.0203
    ρ_p[1,1]    1.0000    0.0000       NaN         NaN        NaN       NaN           NaN
    ρ_p[2,1]    0.4384    0.1843    0.0058   1041.0602   738.8800    0.9993        0.0299
    ρ_p[1,2]    0.4384    0.1843    0.0058   1041.0602   738.8800    0.9993        0.0299
    ρ_p[2,2]    1.0000    0.0000    0.0000    911.3574   901.3689    1.0031        0.0262
   ab_p[1,1]    0.0071    0.0433    0.0014    893.5119   691.6324    0.9993        0.0257
   ab_p[2,1]   -0.0532    0.0241    0.0008    939.8944   567.8717    1.0110        0.0270
   ab_p[1,2]   -0.1097    0.0446    0.0015    873.9469   648.4429    1.0046        0.0251
   ab_p[2,2]   -0.0074    0.0233    0.0008    951.7718   851.9981    0.9995        0.0273
   ab_p[1,3]   -0.1811    0.0435    0.0015    881.4049   681.6531    1.0013        0.0253
   ab_p[2,3]   -0.0459    0.0228    0.0008    789.4130   716.2674    1.0032        0.0227
   ab_p[1,4]    0.0653    0.0439    0.0015    870.8479   697.2722    1.0040        0.0250
   ab_p[2,4]    0.0228    0.0214    0.0007    914.2146   684.6085    1.0051        0.0263
   ab_p[1,5]   -0.0399    0.0439    0.0014    939.9102   695.6217    1.0020        0.0270
   ab_p[2,5]   -0.0289    0.0232    0.0007   1058.6261   728.0941    0.9997        0.0304
   ab_p[1,6]    0.1409    0.0445    0.0015    889.9759   654.4811    1.0000        0.0256
   ab_p[2,6]   -0.0520    0.0230    0.0007    963.4727   727.2905    1.0046        0.0277
   ab_p[1,7]   -0.1371    0.0440    0.0015    893.3898   517.0231    1.0046        0.0257
   ab_p[2,7]   -0.0381    0.0239    0.0008    994.3095   763.3469    1.0031        0.0286
   ab_p[1,8]    0.0031    0.0456    0.0015    934.4128   579.7242    1.0053        0.0268
   ab_p[2,8]    0.0590    0.0233    0.0007   1031.4061   810.7116    1.0009        0.0296
   ab_p[1,9]    0.1776    0.0462    0.0016    894.4504   608.3421    1.0060        0.0257
   ab_p[2,9]    0.0229    0.0226    0.0008    793.7386   647.2986    1.0037        0.0228
  ab_p[1,10]    0.1955    0.0441    0.0015    895.9103   652.6120    1.0013        0.0257
  ab_p[2,10]    0.0297    0.0238    0.0008    984.2209   825.9927    1.0002        0.0283
  ab_p[1,11]    0.5106    0.0446    0.0015    860.2319   807.9225    0.9991        0.0247
  ab_p[2,11]    0.0655    0.0240    0.0008    958.9772   913.1137    1.0057        0.0275
  ab_p[1,12]    0.3394    0.0439    0.0016    787.8274   619.1778    1.0023        0.0226
  ab_p[2,12]    0.0860    0.0236    0.0007   1064.2000   720.0064    0.9998        0.0306
  ab_p[1,13]   -0.0323    0.0442    0.0016    821.3918   832.6127    1.0051        0.0236
  ab_p[2,13]    0.0195    0.0229    0.0007    941.4241   792.9979    1.0027        0.0270
  ab_p[1,14]    0.0838    0.0444    0.0015    861.1202   730.0810    1.0016        0.0247
  ab_p[2,14]    0.0932    0.0234    0.0008    876.3468   842.2566    1.0003        0.0252
  ab_p[1,15]   -0.1792    0.0431    0.0014    955.6831   503.7416    1.0011        0.0274
  ab_p[2,15]    0.0032    0.0212    0.0007    966.7677   560.1341    1.0030        0.0278
  ab_p[1,16]    0.0596    0.0428    0.0014    923.1045   578.5407    1.0000        0.0265
  ab_p[2,16]   -0.0541    0.0235    0.0008    876.8377   849.2542    1.0056        0.0252
  ab_p[1,17]   -0.0436    0.0438    0.0014    934.2802   710.9456    1.0005        0.0268
  ab_p[2,17]   -0.0573    0.0231    0.0007    993.0863   704.4154    1.0008        0.0285
  ab_p[1,18]    0.0348    0.0437    0.0015    830.0584   618.1623    1.0022        0.0238
  ab_p[2,18]   -0.0255    0.0225    0.0008    886.1957   856.3613    1.0059        0.0254
  ab_p[1,19]   -0.0061    0.0456    0.0016    851.4852   650.1803    1.0018        0.0245
  ab_p[2,19]    0.0605    0.0227    0.0007   1002.6059   869.4431    1.0068        0.0288
  ab_p[1,20]   -0.0643    0.0438    0.0015    850.1626   521.6114    0.9997        0.0244
  ab_p[2,20]   -0.0159    0.0241    0.0008   1008.3832   488.6461    1.0010        0.0290
  ab_p[1,21]   -0.2330    0.0438    0.0015    928.2351   681.1164    1.0073        0.0267
  ab_p[2,21]   -0.0351    0.0238    0.0008    971.9390   718.0216    1.0017        0.0279
  ab_p[1,22]   -0.2350    0.0451    0.0015    915.0945   818.9420    1.0011        0.0263
  ab_p[2,22]   -0.0405    0.0225    0.0007   1020.3701   916.4142    1.0087        0.0293
  ab_p[1,23]   -0.2346    0.0442    0.0016    807.3434   563.6813    1.0005        0.0232
  ab_p[2,23]   -0.0279    0.0229    0.0008    806.6797   363.2584    1.0091        0.0232
  ab_p[1,24]   -0.1076    0.0433    0.0015    813.2111   554.6382    1.0029        0.0234
  ab_p[2,24]    0.0094    0.0229    0.0007    988.3999   779.2522    1.0013        0.0284
      σ_e[1]    0.4470    0.5997    0.0381    164.2940   244.0381    1.0100        0.0047
      σ_e[2]    0.3009    0.5177    0.0329    163.8476   362.8974    1.0086        0.0047
    ρ_e[1,1]    1.0000    0.0000       NaN         NaN        NaN       NaN           NaN
    ρ_e[2,1]    0.0014    0.4522    0.0183    619.6693   567.8993    1.0057        0.0178
    ρ_e[1,2]    0.0014    0.4522    0.0183    619.6693   567.8993    1.0057        0.0178
    ρ_e[2,2]    1.0000    0.0000    0.0000    926.5901   935.9861    1.0009        0.0266
   ab_e[1,1]    0.0155    0.1793    0.0087    874.4051   270.1109    1.0279        0.0251
   ab_e[2,1]    0.0001    0.0664    0.0022    908.9605   316.2571    1.0051        0.0261
           σ    0.9821    0.0035    0.0001   1095.8452   822.1050    1.0027        0.0315

Quantiles
  parameters      2.5%     25.0%     50.0%     75.0%     97.5%
      Symbol   Float64   Float64   Float64   Float64   Float64

      σ_w[1]    0.0235    0.0510    0.1012    0.2178    0.9502
      σ_w[2]    0.0038    0.0116    0.0302    0.0801    0.5726
    ρ_w[1,1]    1.0000    1.0000    1.0000    1.0000    1.0000
    ρ_w[2,1]   -0.8141   -0.3480    0.0077    0.3645    0.7977
    ρ_w[1,2]   -0.8141   -0.3480    0.0077    0.3645    0.7977
    ρ_w[2,2]    1.0000    1.0000    1.0000    1.0000    1.0000
   ab_w[1,1]   -0.3214   -0.0157    0.0216    0.0586    0.2643
   ab_w[2,1]   -0.1350   -0.0135   -0.0024    0.0079    0.1247
   ab_w[1,2]   -0.3823   -0.0736   -0.0329    0.0010    0.2105
   ab_w[2,2]   -0.1396   -0.0101    0.0009    0.0111    0.1246
      σ_p[1]    0.1446    0.1725    0.1888    0.2110    0.2627
      σ_p[2]    0.0374    0.0471    0.0530    0.0598    0.0746
    ρ_p[1,1]    1.0000    1.0000    1.0000    1.0000    1.0000
    ρ_p[2,1]    0.0182    0.3269    0.4613    0.5759    0.7277
    ρ_p[1,2]    0.0182    0.3269    0.4613    0.5759    0.7277
    ρ_p[2,2]    1.0000    1.0000    1.0000    1.0000    1.0000
   ab_p[1,1]   -0.0788   -0.0229    0.0068    0.0362    0.0904
   ab_p[2,1]   -0.1022   -0.0686   -0.0527   -0.0377   -0.0070
   ab_p[1,2]   -0.1932   -0.1407   -0.1103   -0.0803   -0.0201
   ab_p[2,2]   -0.0542   -0.0225   -0.0073    0.0086    0.0396
   ab_p[1,3]   -0.2667   -0.2118   -0.1822   -0.1509   -0.0944
   ab_p[2,3]   -0.0901   -0.0613   -0.0460   -0.0298   -0.0015
   ab_p[1,4]   -0.0208    0.0342    0.0636    0.0965    0.1480
   ab_p[2,4]   -0.0190    0.0091    0.0229    0.0373    0.0684
   ab_p[1,5]   -0.1222   -0.0726   -0.0403   -0.0098    0.0427
   ab_p[2,5]   -0.0752   -0.0440   -0.0289   -0.0139    0.0177
   ab_p[1,6]    0.0588    0.1101    0.1405    0.1725    0.2280
   ab_p[2,6]   -0.0972   -0.0666   -0.0514   -0.0358   -0.0100
   ab_p[1,7]   -0.2238   -0.1665   -0.1375   -0.1093   -0.0511
   ab_p[2,7]   -0.0839   -0.0545   -0.0380   -0.0218    0.0094
   ab_p[1,8]   -0.0878   -0.0275    0.0017    0.0345    0.0933
   ab_p[2,8]    0.0142    0.0438    0.0576    0.0749    0.1063
   ab_p[1,9]    0.0885    0.1459    0.1782    0.2090    0.2675
   ab_p[2,9]   -0.0244    0.0081    0.0228    0.0385    0.0660
  ab_p[1,10]    0.1118    0.1650    0.1954    0.2256    0.2797
  ab_p[2,10]   -0.0186    0.0139    0.0299    0.0467    0.0741
  ab_p[1,11]    0.4245    0.4794    0.5112    0.5429    0.5979
  ab_p[2,11]    0.0174    0.0500    0.0651    0.0810    0.1146
  ab_p[1,12]    0.2555    0.3091    0.3397    0.3696    0.4251
  ab_p[2,12]    0.0418    0.0705    0.0855    0.1023    0.1333
  ab_p[1,13]   -0.1155   -0.0609   -0.0336   -0.0033    0.0540
  ab_p[2,13]   -0.0221    0.0035    0.0195    0.0348    0.0667
  ab_p[1,14]   -0.0050    0.0557    0.0850    0.1134    0.1691
  ab_p[2,14]    0.0472    0.0780    0.0933    0.1084    0.1409
  ab_p[1,15]   -0.2635   -0.2066   -0.1788   -0.1505   -0.0942
  ab_p[2,15]   -0.0370   -0.0102    0.0034    0.0170    0.0463
  ab_p[1,16]   -0.0276    0.0320    0.0582    0.0873    0.1445
  ab_p[2,16]   -0.1014   -0.0696   -0.0533   -0.0383   -0.0100
  ab_p[1,17]   -0.1264   -0.0746   -0.0434   -0.0146    0.0412
  ab_p[2,17]   -0.1055   -0.0725   -0.0572   -0.0421   -0.0132
  ab_p[1,18]   -0.0446    0.0042    0.0339    0.0643    0.1214
  ab_p[2,18]   -0.0704   -0.0405   -0.0253   -0.0101    0.0179
  ab_p[1,19]   -0.0982   -0.0368   -0.0083    0.0255    0.0849
  ab_p[2,19]    0.0142    0.0454    0.0598    0.0757    0.1035
  ab_p[1,20]   -0.1461   -0.0938   -0.0648   -0.0350    0.0218
  ab_p[2,20]   -0.0620   -0.0327   -0.0166    0.0001    0.0315
  ab_p[1,21]   -0.3177   -0.2612   -0.2344   -0.2027   -0.1446
  ab_p[2,21]   -0.0819   -0.0508   -0.0352   -0.0186    0.0094
  ab_p[1,22]   -0.3253   -0.2652   -0.2337   -0.2049   -0.1467
  ab_p[2,22]   -0.0835   -0.0559   -0.0406   -0.0256    0.0040
  ab_p[1,23]   -0.3230   -0.2634   -0.2339   -0.2048   -0.1479
  ab_p[2,23]   -0.0725   -0.0428   -0.0271   -0.0138    0.0178
  ab_p[1,24]   -0.1927   -0.1377   -0.1097   -0.0751   -0.0225
  ab_p[2,24]   -0.0338   -0.0061    0.0101    0.0247    0.0533
      σ_e[1]    0.0091    0.0782    0.2280    0.5884    2.1461
      σ_e[2]    0.0042    0.0278    0.1025    0.3108    1.7923
    ρ_e[1,1]    1.0000    1.0000    1.0000    1.0000    1.0000
    ρ_e[2,1]   -0.8135   -0.3530    0.0015    0.3542    0.8412
    ρ_e[1,2]   -0.8135   -0.3530    0.0015    0.3542    0.8412
    ρ_e[2,2]    1.0000    1.0000    1.0000    1.0000    1.0000
   ab_e[1,1]   -0.2476   -0.0336    0.0008    0.0419    0.3411
   ab_e[2,1]   -0.1319   -0.0141   -0.0005    0.0116    0.1383
           σ    0.9756    0.9795    0.9820    0.9843    0.9887

