Chains MCMC chain (250×85×4 Array{Float64, 3}):

Iterations        = 126:1:375
Number of chains  = 4
Samples per chain = 250
Wall duration     = 7664.31 seconds
Compute duration  = 27798.92 seconds
parameters        = σ_w[1], σ_w[2], ρ_w[1,1], ρ_w[2,1], ρ_w[1,2], ρ_w[2,2], ab_w[1,1], ab_w[2,1], ab_w[1,2], ab_w[2,2], σ_p[1], σ_p[2], ρ_p[1,1], ρ_p[2,1], ρ_p[1,2], ρ_p[2,2], ab_p[1,1], ab_p[2,1], ab_p[1,2], ab_p[2,2], ab_p[1,3], ab_p[2,3], ab_p[1,4], ab_p[2,4], ab_p[1,5], ab_p[2,5], ab_p[1,6], ab_p[2,6], ab_p[1,7], ab_p[2,7], ab_p[1,8], ab_p[2,8], ab_p[1,9], ab_p[2,9], ab_p[1,10], ab_p[2,10], ab_p[1,11], ab_p[2,11], ab_p[1,12], ab_p[2,12], ab_p[1,13], ab_p[2,13], ab_p[1,14], ab_p[2,14], ab_p[1,15], ab_p[2,15], ab_p[1,16], ab_p[2,16], ab_p[1,17], ab_p[2,17], ab_p[1,18], ab_p[2,18], ab_p[1,19], ab_p[2,19], ab_p[1,20], ab_p[2,20], ab_p[1,21], ab_p[2,21], ab_p[1,22], ab_p[2,22], ab_p[1,23], ab_p[2,23], ab_p[1,24], ab_p[2,24], σ_e[1], σ_e[2], ρ_e[1,1], ρ_e[2,1], ρ_e[1,2], ρ_e[2,2], ab_e[1,1], ab_e[2,1], σ
internals         = lp, n_steps, is_accept, acceptance_rate, log_density, hamiltonian_energy, hamiltonian_energy_error, max_hamiltonian_energy_error, tree_depth, numerical_error, step_size, nom_step_size

Summary Statistics
  parameters      mean       std      mcse    ess_bulk   ess_tail      rhat   ess_per_sec
      Symbol   Float64   Float64   Float64     Float64    Float64   Float64       Float64

      σ_w[1]    0.1703    0.2486    0.0192    159.7286   259.4726    1.0216        0.0057
      σ_w[2]    0.1451    0.2685    0.0223     56.8835    27.0666    1.0604        0.0020
    ρ_w[1,1]    1.0000    0.0000       NaN         NaN        NaN       NaN           NaN
    ρ_w[2,1]    0.0165    0.4499    0.0224    416.6666   354.2378    1.0161        0.0150
    ρ_w[1,2]    0.0165    0.4499    0.0224    416.6666   354.2378    1.0161        0.0150
    ρ_w[2,2]    1.0000    0.0000    0.0000    812.0672   681.1974    1.0061        0.0292
   ab_w[1,1]   -0.0145    0.1346    0.0094    444.1181   231.2485    1.0098        0.0160
   ab_w[2,1]    0.0008    0.1680    0.0089    574.1923   214.2646    1.0439        0.0207
   ab_w[1,2]    0.0145    0.1349    0.0094    449.4013   232.9901    1.0144        0.0162
   ab_w[2,2]   -0.0062    0.1690    0.0089    557.3206   214.7114    1.0324        0.0200
      σ_p[1]    0.1852    0.0308    0.0013    648.9255   566.6742    1.0035        0.0233
      σ_p[2]    0.0303    0.0079    0.0004    368.0087   344.1551    1.0148        0.0132
    ρ_p[1,1]    1.0000    0.0000       NaN         NaN        NaN       NaN           NaN
    ρ_p[2,1]    0.2519    0.2315    0.0115    434.0053   440.1978    1.0120        0.0156
    ρ_p[1,2]    0.2519    0.2315    0.0115    434.0053   440.1978    1.0120        0.0156
    ρ_p[2,2]    1.0000    0.0000    0.0000   1022.8212   958.3944    1.0004        0.0368
   ab_p[1,1]   -0.1571    0.0419    0.0015    761.9640   727.0115    1.0043        0.0274
   ab_p[2,1]   -0.0247    0.0178    0.0007    703.7857   653.7011    1.0050        0.0253
   ab_p[1,2]    0.2185    0.0421    0.0014    943.5416   831.0995    1.0101        0.0339
   ab_p[2,2]   -0.0100    0.0190    0.0007    736.1131   553.0292    1.0042        0.0265
   ab_p[1,3]    0.2360    0.0434    0.0016    766.3037   490.3876    1.0147        0.0276
   ab_p[2,3]    0.0158    0.0187    0.0006   1102.7309   880.0495    1.0229        0.0397
   ab_p[1,4]    0.0368    0.0433    0.0017    633.2163   728.5921    1.0078        0.0228
   ab_p[2,4]   -0.0066    0.0168    0.0007    611.3506   684.2054    1.0059        0.0220
   ab_p[1,5]    0.1407    0.0436    0.0016    739.3553   418.1036    1.0194        0.0266
   ab_p[2,5]    0.0231    0.0187    0.0006    982.9906   651.7941    1.0090        0.0354
   ab_p[1,6]   -0.1281    0.0426    0.0023    352.1901   552.9594    1.0134        0.0127
   ab_p[2,6]   -0.0357    0.0196    0.0007    760.5003   383.2762    1.0056        0.0274
   ab_p[1,7]   -0.1710    0.0439    0.0016    708.1754   684.0028    1.0081        0.0255
   ab_p[2,7]   -0.0106    0.0188    0.0006    962.3136   727.3618    1.0140        0.0346
   ab_p[1,8]   -0.0279    0.0432    0.0018    546.7051   459.6847    1.0087        0.0197
   ab_p[2,8]    0.0106    0.0195    0.0007    791.5477   604.6448    1.0056        0.0285
   ab_p[1,9]    0.0610    0.0431    0.0027    255.6203   444.2501    1.0182        0.0092
   ab_p[2,9]   -0.0430    0.0228    0.0014    240.6724    28.5685    1.0266        0.0087
  ab_p[1,10]   -0.2570    0.0419    0.0017    648.3628   530.5948    1.0062        0.0233
  ab_p[2,10]    0.0030    0.0193    0.0007    863.0955   915.1827    1.0036        0.0310
  ab_p[1,11]   -0.2634    0.0436    0.0018    589.0900   456.8479    1.0120        0.0212
  ab_p[2,11]    0.0136    0.0201    0.0007    738.4005   631.8546    1.0026        0.0266
  ab_p[1,12]   -0.0659    0.0428    0.0027    258.2862   557.6930    1.0191        0.0093
  ab_p[2,12]    0.0473    0.0214    0.0009    560.4130   356.5228    1.0040        0.0202
  ab_p[1,13]    0.1290    0.0431    0.0016    762.2311   768.0591    1.0039        0.0274
  ab_p[2,13]    0.0327    0.0194    0.0007    879.3386   720.4919    1.0094        0.0316
  ab_p[1,14]    0.1162    0.0424    0.0015    773.5538   702.0165    1.0129        0.0278
  ab_p[2,14]    0.0183    0.0173    0.0006    838.0817   562.0445    1.0143        0.0301
  ab_p[1,15]    0.0683    0.0429    0.0018    560.7037   650.3282    1.0085        0.0202
  ab_p[2,15]   -0.0053    0.0181    0.0007    687.8107   599.0023    1.0313        0.0247
  ab_p[1,16]   -0.2484    0.0436    0.0017    660.5960   512.0436    1.0096        0.0238
  ab_p[2,16]   -0.0389    0.0193    0.0007    804.7731   644.6977    1.0198        0.0289
  ab_p[1,17]   -0.1234    0.0423    0.0014    949.9650   804.5891    1.0079        0.0342
  ab_p[2,17]   -0.0174    0.0183    0.0006    916.7480   745.1275    1.0100        0.0330
  ab_p[1,18]   -0.0169    0.0436    0.0028    241.2344   602.5412    1.0221        0.0087
  ab_p[2,18]    0.0074    0.0174    0.0008    528.1057   525.6975    1.0041        0.0190
  ab_p[1,19]   -0.2904    0.0429    0.0020    465.1629   494.0705    1.0109        0.0167
  ab_p[2,19]   -0.0203    0.0190    0.0006   1003.6863   772.6083    1.0005        0.0361
  ab_p[1,20]    0.1189    0.0419    0.0014    897.7434   677.3249    1.0060        0.0323
  ab_p[2,20]    0.0212    0.0192    0.0006    864.9214   764.3750    1.0054        0.0311
  ab_p[1,21]    0.2953    0.0443    0.0022    415.9159   631.4632    1.0099        0.0150
  ab_p[2,21]    0.0130    0.0191    0.0006   1003.5501   507.3355    1.0080        0.0361
  ab_p[1,22]    0.1328    0.0441    0.0024    380.1108   725.6408    1.0132        0.0137
  ab_p[2,22]   -0.0030    0.0191    0.0006    922.4782   508.4658    1.0094        0.0332
  ab_p[1,23]    0.0995    0.0435    0.0020    482.4802   510.9697    1.0137        0.0174
  ab_p[2,23]    0.0136    0.0191    0.0006   1063.4073   748.5192    1.0014        0.0383
  ab_p[1,24]    0.1140    0.0417    0.0014    833.4197   707.4479    1.0034        0.0300
  ab_p[2,24]   -0.0071    0.0189    0.0008    521.8197   522.8998    1.0084        0.0188
      σ_e[1]    0.4172    0.5387    0.0369    186.5019   250.8528    1.0199        0.0067
      σ_e[2]    0.3970    0.5115    0.0387    136.2606   290.0875    1.0226        0.0049
    ρ_e[1,1]    1.0000    0.0000       NaN         NaN        NaN       NaN           NaN
    ρ_e[2,1]   -0.0250    0.4411    0.0198    520.1985   502.6509    1.0064        0.0187
    ρ_e[1,2]   -0.0250    0.4411    0.0198    520.1985   502.6509    1.0064        0.0187
    ρ_e[2,2]    1.0000    0.0000    0.0000    895.5941   885.2295    0.9981        0.0322
   ab_e[1,1]   -0.0006    0.1376    0.0099    330.7169   236.6508    1.0123        0.0119
   ab_e[2,1]   -0.0291    0.1681    0.0089    576.3102   223.8447    1.0267        0.0207
           σ    0.9843    0.0034    0.0001   1019.3317   817.7954    1.0018        0.0367

Quantiles
  parameters      2.5%     25.0%     50.0%     75.0%     97.5%
      Symbol   Float64   Float64   Float64   Float64   Float64

      σ_w[1]    0.0106    0.0408    0.0817    0.1773    0.9563
      σ_w[2]    0.0024    0.0161    0.0478    0.1524    0.8924
    ρ_w[1,1]    1.0000    1.0000    1.0000    1.0000    1.0000
    ρ_w[2,1]   -0.8142   -0.3297    0.0323    0.3483    0.8386
    ρ_w[1,2]   -0.8142   -0.3297    0.0323    0.3483    0.8386
    ρ_w[2,2]    1.0000    1.0000    1.0000    1.0000    1.0000
   ab_w[1,1]   -0.2570   -0.0447   -0.0128    0.0106    0.2083
   ab_w[2,1]   -0.2297   -0.0218   -0.0017    0.0128    0.2549
   ab_w[1,2]   -0.2162   -0.0150    0.0145    0.0397    0.2461
   ab_w[2,2]   -0.2301   -0.0335   -0.0051    0.0071    0.2351
      σ_p[1]    0.1360    0.1651    0.1807    0.2028    0.2585
      σ_p[2]    0.0170    0.0249    0.0295    0.0352    0.0467
    ρ_p[1,1]    1.0000    1.0000    1.0000    1.0000    1.0000
    ρ_p[2,1]   -0.2053    0.0835    0.2637    0.4116    0.6951
    ρ_p[1,2]   -0.2053    0.0835    0.2637    0.4116    0.6951
    ρ_p[2,2]    1.0000    1.0000    1.0000    1.0000    1.0000
   ab_p[1,1]   -0.2424   -0.1836   -0.1544   -0.1289   -0.0801
   ab_p[2,1]   -0.0606   -0.0375   -0.0244   -0.0128    0.0105
   ab_p[1,2]    0.1384    0.1895    0.2196    0.2453    0.3043
   ab_p[2,2]   -0.0483   -0.0223   -0.0096    0.0036    0.0254
   ab_p[1,3]    0.1445    0.2100    0.2355    0.2639    0.3228
   ab_p[2,3]   -0.0190    0.0027    0.0160    0.0280    0.0547
   ab_p[1,4]   -0.0487    0.0066    0.0378    0.0665    0.1215
   ab_p[2,4]   -0.0398   -0.0175   -0.0062    0.0045    0.0252
   ab_p[1,5]    0.0523    0.1112    0.1447    0.1685    0.2254
   ab_p[2,5]   -0.0125    0.0113    0.0229    0.0339    0.0613
   ab_p[1,6]   -0.2130   -0.1557   -0.1273   -0.0979   -0.0451
   ab_p[2,6]   -0.0752   -0.0480   -0.0349   -0.0232    0.0014
   ab_p[1,7]   -0.2548   -0.2010   -0.1690   -0.1429   -0.0868
   ab_p[2,7]   -0.0486   -0.0231   -0.0104    0.0018    0.0257
   ab_p[1,8]   -0.1128   -0.0582   -0.0250    0.0007    0.0581
   ab_p[2,8]   -0.0244   -0.0027    0.0091    0.0230    0.0521
   ab_p[1,9]   -0.0179    0.0331    0.0606    0.0889    0.1427
   ab_p[2,9]   -0.0941   -0.0582   -0.0423   -0.0264   -0.0008
  ab_p[1,10]   -0.3390   -0.2843   -0.2546   -0.2277   -0.1782
  ab_p[2,10]   -0.0344   -0.0102    0.0023    0.0162    0.0412
  ab_p[1,11]   -0.3499   -0.2923   -0.2605   -0.2356   -0.1742
  ab_p[2,11]   -0.0232   -0.0010    0.0124    0.0272    0.0531
  ab_p[1,12]   -0.1550   -0.0916   -0.0683   -0.0386    0.0185
  ab_p[2,12]    0.0078    0.0325    0.0466    0.0603    0.0921
  ab_p[1,13]    0.0482    0.0998    0.1298    0.1583    0.2137
  ab_p[2,13]   -0.0034    0.0191    0.0312    0.0452    0.0727
  ab_p[1,14]    0.0335    0.0902    0.1157    0.1416    0.1989
  ab_p[2,14]   -0.0151    0.0069    0.0180    0.0296    0.0551
  ab_p[1,15]   -0.0180    0.0400    0.0705    0.0980    0.1543
  ab_p[2,15]   -0.0425   -0.0170   -0.0050    0.0068    0.0291
  ab_p[1,16]   -0.3393   -0.2757   -0.2463   -0.2192   -0.1670
  ab_p[2,16]   -0.0796   -0.0508   -0.0384   -0.0263   -0.0029
  ab_p[1,17]   -0.2078   -0.1508   -0.1230   -0.0954   -0.0405
  ab_p[2,17]   -0.0544   -0.0302   -0.0163   -0.0051    0.0161
  ab_p[1,18]   -0.1035   -0.0482   -0.0184    0.0124    0.0604
  ab_p[2,18]   -0.0270   -0.0045    0.0070    0.0204    0.0397
  ab_p[1,19]   -0.3740   -0.3188   -0.2884   -0.2608   -0.2076
  ab_p[2,19]   -0.0581   -0.0332   -0.0203   -0.0074    0.0173
  ab_p[1,20]    0.0348    0.0916    0.1219    0.1454    0.1971
  ab_p[2,20]   -0.0184    0.0089    0.0211    0.0334    0.0606
  ab_p[1,21]    0.2079    0.2657    0.2956    0.3249    0.3843
  ab_p[2,21]   -0.0274    0.0013    0.0131    0.0254    0.0500
  ab_p[1,22]    0.0500    0.1026    0.1312    0.1628    0.2159
  ab_p[2,22]   -0.0406   -0.0159   -0.0027    0.0100    0.0330
  ab_p[1,23]    0.0165    0.0708    0.0990    0.1306    0.1829
  ab_p[2,23]   -0.0229    0.0005    0.0124    0.0254    0.0554
  ab_p[1,24]    0.0358    0.0853    0.1165    0.1420    0.1969
  ab_p[2,24]   -0.0433   -0.0207   -0.0066    0.0059    0.0277
      σ_e[1]    0.0103    0.0740    0.2104    0.5655    1.8708
      σ_e[2]    0.0082    0.0748    0.2188    0.5012    1.9419
    ρ_e[1,1]    1.0000    1.0000    1.0000    1.0000    1.0000
    ρ_e[2,1]   -0.8039   -0.3735   -0.0249    0.2976    0.7979
    ρ_e[1,2]   -0.8039   -0.3735   -0.0249    0.2976    0.7979
    ρ_e[2,2]    1.0000    1.0000    1.0000    1.0000    1.0000
   ab_e[1,1]   -0.2226   -0.0357   -0.0020    0.0357    0.2190
   ab_e[2,1]   -0.2817   -0.0416   -0.0271   -0.0029    0.1903
           σ    0.9776    0.9820    0.9843    0.9866    0.9910

