Running on host compute081.bc4.acrc.priv
Time is Fri May 31 15:43:48 BST 2024
Directory is /user/home/em18564/BC4/Bayes/experiments/MLM
Slurm job ID is 10000387
This job runs on the following machines:
compute081
   Resolving package versions...
  No Changes to `~/.julia/environments/v1.10/Project.toml`
  No Changes to `~/.julia/environments/v1.10/Manifest.toml`
   Resolving package versions...
  No Changes to `~/.julia/environments/v1.10/Project.toml`
  No Changes to `~/.julia/environments/v1.10/Manifest.toml`
   Resolving package versions...
  No Changes to `~/.julia/environments/v1.10/Project.toml`
  No Changes to `~/.julia/environments/v1.10/Manifest.toml`
   Resolving package versions...
    Updating `~/.julia/environments/v1.10/Project.toml`
  [f3b207a7] + StatsPlots v0.15.7
    Updating `~/.julia/environments/v1.10/Manifest.toml`
  [621f4979] + AbstractFFTs v1.5.0
  [79e6a3ab] + Adapt v4.0.4
  [7d9fca2a] + Arpack v0.5.4
  [13072b0f] + AxisAlgorithms v1.1.0
  [d1d4a3ce] + BitFlags v0.1.8
  [d360d2e6] + ChainRulesCore v1.23.0
  [aaaa29a8] + Clustering v0.15.7
  [944b1d66] + CodecZlib v0.7.4
  [35d6a980] + ColorSchemes v3.25.0
  [3da002f7] + ColorTypes v0.11.5
  [c3611d14] + ColorVectorSpace v0.10.0
  [5ae59095] + Colors v0.12.11
  [f0e56b4a] + ConcurrentUtilities v2.4.1
  [d38c429a] + Contour v0.6.3
  [e2d170a0] + DataValueInterfaces v1.0.0
  [8bb1440f] + DelimitedFiles v1.9.1
  [b4f34e82] + Distances v0.10.11
  [460bff9d] + ExceptionUnwrapping v0.1.10
  [c87230d0] + FFMPEG v0.4.1
  [7a1cc6ca] + FFTW v1.8.0
  [53c48c17] + FixedPointNumbers v0.8.5
  [1fa38f19] + Format v1.3.7
  [28b8d3ca] + GR v0.73.5
  [42e2da0e] + Grisu v1.0.2
  [cd3eb016] + HTTP v1.10.8
  [a98d9a8b] + Interpolations v0.15.1
  [82899510] + IteratorInterfaceExtensions v1.0.0
  [1019f520] + JLFzf v0.1.7
  [682c06a0] + JSON v0.21.4
  [5ab0869b] + KernelDensity v0.6.9
  [b964fa9f] + LaTeXStrings v1.3.1
  [23fbe1c1] + Latexify v0.16.3
  [e6f89c97] + LoggingExtras v1.0.3
  [1914dd2f] + MacroTools v0.5.13
  [739be429] + MbedTLS v1.1.9
  [442fdcdd] + Measures v0.3.2
  [6f286f6a] + MultivariateStats v0.10.2
  [b8a86587] + NearestNeighbors v0.4.16
  [510215fc] + Observables v0.5.5
  [6fe1bfb0] + OffsetArrays v1.14.0
  [4d8831e6] + OpenSSL v1.4.3
  [69de0a69] + Parsers v2.8.1
  [b98c9c47] + Pipe v1.3.0
  [ccf2f8ad] + PlotThemes v3.2.0
  [995b91a9] + PlotUtils v1.4.1
  [91a5bcdd] + Plots v1.40.4
  [aea7be01] + PrecompileTools v1.2.1
  [c84ed2f1] + Ratios v0.4.5
  [3cdcf5f2] + RecipesBase v1.3.4
  [01d81517] + RecipesPipeline v0.6.12
  [05181044] + RelocatableFolders v1.0.1
  [ae029012] + Requires v1.3.0
  [6c6a2e73] + Scratch v1.2.1
  [91c51154] + SentinelArrays v1.4.3
  [992d4aef] + Showoff v1.0.3
  [777ac1f9] + SimpleBufferStream v1.1.0
  [90137ffa] + StaticArrays v1.9.4
  [1e83bf80] + StaticArraysCore v1.4.2
  [f3b207a7] + StatsPlots v0.15.7
  [ab02a1b2] + TableOperations v1.2.0
  [3783bdb8] + TableTraits v1.0.1
  [bd369af6] + Tables v1.11.1
  [62fd8b95] + TensorCore v0.1.1
  [3bb67fe8] + TranscodingStreams v0.10.8
  [5c2747f8] + URIs v1.5.1
  [1cfade01] + UnicodeFun v0.4.1
  [1986cc42] + Unitful v1.20.0
  [45397f5d] + UnitfulLatexify v1.6.3
  [41fe7b60] + Unzip v0.2.0
  [cc8bc4a8] + Widgets v0.6.6
  [efce3f68] + WoodburyMatrices v1.0.0
⌅ [68821587] + Arpack_jll v3.5.1+1
  [6e34b625] + Bzip2_jll v1.0.8+1
  [83423d85] + Cairo_jll v1.18.0+2
  [2702e6a9] + EpollShim_jll v0.0.20230411+0
  [2e619515] + Expat_jll v2.6.2+0
⌅ [b22a6f82] + FFMPEG_jll v4.4.4+1
  [f5851436] + FFTW_jll v3.3.10+0
  [a3f928ae] + Fontconfig_jll v2.13.96+0
  [d7e528f0] + FreeType2_jll v2.13.2+0
  [559328eb] + FriBidi_jll v1.0.14+0
  [0656b61e] + GLFW_jll v3.3.9+0
  [d2c73de3] + GR_jll v0.73.5+0
  [78b55507] + Gettext_jll v0.21.0+0
  [7746bdde] + Glib_jll v2.80.2+0
  [3b182d85] + Graphite2_jll v1.3.14+0
  [2e76f6c2] + HarfBuzz_jll v2.8.1+1
  [1d5cc7b8] + IntelOpenMP_jll v2024.1.0+0
  [aacddb02] + JpegTurbo_jll v3.0.3+0
  [c1c5ebd0] + LAME_jll v3.100.2+0
⌅ [88015f11] + LERC_jll v3.0.0+1
  [1d63c593] + LLVMOpenMP_jll v15.0.7+0
  [dd4b983a] + LZO_jll v2.10.2+0
⌅ [e9f186c6] + Libffi_jll v3.2.2+1
  [d4300ac3] + Libgcrypt_jll v1.8.11+0
  [7e76a0d4] + Libglvnd_jll v1.6.0+0
  [7add5ba3] + Libgpg_error_jll v1.49.0+0
  [94ce4f54] + Libiconv_jll v1.17.0+0
  [4b2f31a3] + Libmount_jll v2.40.1+0
⌅ [89763e89] + Libtiff_jll v4.5.1+1
  [38a345b3] + Libuuid_jll v2.40.1+0
  [856f044c] + MKL_jll v2024.1.0+0
  [e7412a2a] + Ogg_jll v1.3.5+1
  [458c3c95] + OpenSSL_jll v3.0.13+1
  [91d4177d] + Opus_jll v1.3.2+0
  [30392449] + Pixman_jll v0.43.4+0
⌅ [c0090381] + Qt6Base_jll v6.5.3+1
  [a44049a8] + Vulkan_Loader_jll v1.3.243+0
  [a2964d1f] + Wayland_jll v1.21.0+1
  [2381bf8a] + Wayland_protocols_jll v1.31.0+0
  [02c8fc9c] + XML2_jll v2.12.7+0
  [aed1982a] + XSLT_jll v1.1.34+0
  [ffd25f8a] + XZ_jll v5.4.6+0
  [f67eecfb] + Xorg_libICE_jll v1.1.1+0
  [c834827a] + Xorg_libSM_jll v1.2.4+0
  [4f6342f7] + Xorg_libX11_jll v1.8.6+0
  [0c0b7dd1] + Xorg_libXau_jll v1.0.11+0
  [935fb764] + Xorg_libXcursor_jll v1.2.0+4
  [a3789734] + Xorg_libXdmcp_jll v1.1.4+0
  [1082639a] + Xorg_libXext_jll v1.3.6+0
  [d091e8ba] + Xorg_libXfixes_jll v5.0.3+4
  [a51aa0fd] + Xorg_libXi_jll v1.7.10+4
  [d1454406] + Xorg_libXinerama_jll v1.1.4+4
  [ec84b674] + Xorg_libXrandr_jll v1.5.2+4
  [ea2f1a96] + Xorg_libXrender_jll v0.9.11+0
  [14d82f49] + Xorg_libpthread_stubs_jll v0.1.1+0
  [c7cfdc94] + Xorg_libxcb_jll v1.15.0+0
  [cc61e674] + Xorg_libxkbfile_jll v1.1.2+0
  [e920d4aa] + Xorg_xcb_util_cursor_jll v0.1.4+0
  [12413925] + Xorg_xcb_util_image_jll v0.4.0+1
  [2def613f] + Xorg_xcb_util_jll v0.4.0+1
  [975044d2] + Xorg_xcb_util_keysyms_jll v0.4.0+1
  [0d47668e] + Xorg_xcb_util_renderutil_jll v0.3.9+1
  [c22f9ab0] + Xorg_xcb_util_wm_jll v0.4.1+1
  [35661453] + Xorg_xkbcomp_jll v1.4.6+0
  [33bec58e] + Xorg_xkeyboard_config_jll v2.39.0+0
  [c5fb5394] + Xorg_xtrans_jll v1.5.0+0
  [3161d3a3] + Zstd_jll v1.5.6+0
  [35ca27e7] + eudev_jll v3.2.9+0
⌅ [214eeab7] + fzf_jll v0.43.0+0
  [1a1c6b14] + gperf_jll v3.1.1+0
  [a4ae2306] + libaom_jll v3.9.0+0
  [0ac62f75] + libass_jll v0.15.1+0
  [2db6ffa8] + libevdev_jll v1.11.0+0
  [f638f0a6] + libfdk_aac_jll v2.0.2+0
  [36db933b] + libinput_jll v1.18.0+0
  [b53b4c65] + libpng_jll v1.6.43+1
  [f27f6e37] + libvorbis_jll v1.3.7+1
  [009596ad] + mtdev_jll v1.1.6+0
  [1317d2d5] + oneTBB_jll v2021.12.0+0
  [1270edf5] + x264_jll v2021.5.5+0
  [dfaa095f] + x265_jll v3.5.0+0
  [d8fb68d0] + xkbcommon_jll v1.4.1+1
  [8ba89e20] + Distributed
  [4af54fe1] + LazyArtifacts
  [a63ad114] + Mmap
  [1a1011a3] + SharedArrays
  [8dfed614] + Test
  [efcefdf7] + PCRE2_jll v10.42.0+1
        Info Packages marked with ⌅ have new versions available but compatibility constraints restrict them from upgrading. To see why use `status --outdated -m`
Precompiling project...
    TableTraits Being precompiled by another machine (hostname: compute082.bc4.acrc.priv, pid: 1964845, pidfile: /user/home/em18564/.julia/compiled/v1.10/TableTraits/I6SaN_4RpdW.ji.pidfile)
    ChainRulesCore Being precompiled by another machine (hostname: compute083.bc4.acrc.priv, pid: 1989886, pidfile: /user/home/em18564/.julia/compiled/v1.10/ChainRulesCore/G6ax7_4RpdW.ji.pidfile)
    UnicodeFun Being precompiled by another machine (hostname: compute082.bc4.acrc.priv, pid: 1964845, pidfile: /user/home/em18564/.julia/compiled/v1.10/UnicodeFun/wLwUU_4RpdW.ji.pidfile)
    TranscodingStreams Being precompiled by another machine (hostname: compute082.bc4.acrc.priv, pid: 1964845, pidfile: /user/home/em18564/.julia/compiled/v1.10/TranscodingStreams/eJQ7D_4RpdW.ji.pidfile)
    Unitful Being precompiled by another machine (hostname: compute082.bc4.acrc.priv, pid: 1964845, pidfile: /user/home/em18564/.julia/compiled/v1.10/Unitful/5WYj5_4RpdW.ji.pidfile)
    OffsetArraysAdaptExt Being precompiled by another machine (hostname: compute082.bc4.acrc.priv, pid: 1964845, pidfile: /user/home/em18564/.julia/compiled/v1.10/OffsetArraysAdaptExt/evlsb_4RpdW.ji.pidfile)
    WoodburyMatrices Being precompiled by another machine (hostname: compute083.bc4.acrc.priv, pid: 1989886, pidfile: /user/home/em18564/.julia/compiled/v1.10/WoodburyMatrices/LdtKf_4RpdW.ji.pidfile)
    RecipesBase Being precompiled by another machine (hostname: compute082.bc4.acrc.priv, pid: 1964845, pidfile: /user/home/em18564/.julia/compiled/v1.10/RecipesBase/8e2Mm_4RpdW.ji.pidfile)
    Parsers Being precompiled by another machine (hostname: compute082.bc4.acrc.priv, pid: 1964845, pidfile: /user/home/em18564/.julia/compiled/v1.10/Parsers/833b9_4RpdW.ji.pidfile)
    RelocatableFolders Being precompiled by another machine (hostname: compute083.bc4.acrc.priv, pid: 1989886, pidfile: /user/home/em18564/.julia/compiled/v1.10/RelocatableFolders/Yg3O9_4RpdW.ji.pidfile)
    StaticArrays Being precompiled by another machine (hostname: compute082.bc4.acrc.priv, pid: 1964845, pidfile: /user/home/em18564/.julia/compiled/v1.10/StaticArrays/yY9vm_4RpdW.ji.pidfile)
    Graphite2_jll Being precompiled by another machine (hostname: compute083.bc4.acrc.priv, pid: 1989886, pidfile: /user/home/em18564/.julia/compiled/v1.10/Graphite2_jll/XMuhG_4RpdW.ji.pidfile)
    Libmount_jll Being precompiled by another machine (hostname: compute083.bc4.acrc.priv, pid: 1989886, pidfile: /user/home/em18564/.julia/compiled/v1.10/Libmount_jll/04u4y_4RpdW.ji.pidfile)
  ✓ LoggingExtras
    EpollShim_jll Being precompiled by another machine (hostname: compute082.bc4.acrc.priv, pid: 1964845, pidfile: /user/home/em18564/.julia/compiled/v1.10/EpollShim_jll/9JxHH_4RpdW.ji.pidfile)
  ✓ OpenSSL_jll
    LLVMOpenMP_jll Being precompiled by another machine (hostname: compute082.bc4.acrc.priv, pid: 1964845, pidfile: /user/home/em18564/.julia/compiled/v1.10/LLVMOpenMP_jll/KocKf_4RpdW.ji.pidfile)
  ✓ MacroTools
    Bzip2_jll Being precompiled by another machine (hostname: compute082.bc4.acrc.priv, pid: 1964845, pidfile: /user/home/em18564/.julia/compiled/v1.10/Bzip2_jll/biC9V_4RpdW.ji.pidfile)
  ✓ TableTraits
  ✓ TranscodingStreams
  ✓ UnicodeFun
  ✓ ChainRulesCore
  ✓ OffsetArrays → OffsetArraysAdaptExt
  ✓ Libmount_jll
  ✓ Graphite2_jll
  ✓ StaticArrays
  ✓ RecipesBase
  ✓ WoodburyMatrices
  ✓ EpollShim_jll
  ✓ LLVMOpenMP_jll
  ✓ Xorg_libXau_jll
  ✓ Xorg_libICE_jll
  ✓ TranscodingStreams → TestExt
  ✓ libpng_jll
  ✓ LAME_jll
  ✓ IntelOpenMP_jll
  ✓ LERC_jll
    oneTBB_jll Being precompiled by another machine (hostname: compute082.bc4.acrc.priv, pid: 1964845, pidfile: /user/home/em18564/.julia/compiled/v1.10/oneTBB_jll/S2snd_4RpdW.ji.pidfile)
  ✓ fzf_jll
    Xorg_libXdmcp_jll Being precompiled by another machine (hostname: compute082.bc4.acrc.priv, pid: 1964845, pidfile: /user/home/em18564/.julia/compiled/v1.10/Xorg_libXdmcp_jll/o7tTX_4RpdW.ji.pidfile)
    x265_jll Being precompiled by another machine (hostname: compute082.bc4.acrc.priv, pid: 1964845, pidfile: /user/home/em18564/.julia/compiled/v1.10/x265_jll/5KlGs_4RpdW.ji.pidfile)
  ✓ Adapt → AdaptStaticArraysExt
    Arpack_jll Being precompiled by another machine (hostname: compute082.bc4.acrc.priv, pid: 1964845, pidfile: /user/home/em18564/.julia/compiled/v1.10/Arpack_jll/m4kdm_4RpdW.ji.pidfile)
    Zstd_jll Being precompiled by another machine (hostname: compute082.bc4.acrc.priv, pid: 1964845, pidfile: /user/home/em18564/.julia/compiled/v1.10/Zstd_jll/cFDJB_4RpdW.ji.pidfile)
  ✓ StaticArrays → StaticArraysStatisticsExt
  ✓ Bzip2_jll
  ✓ Ogg_jll
  ✓ mtdev_jll
  ✓ gperf_jll
  ✓ Xorg_libSM_jll
  ✓ x264_jll
  ✓ CodecZlib
  ✓ LZO_jll
  ✓ Opus_jll
  ✓ libevdev_jll
  ✓ Xorg_xtrans_jll
    FriBidi_jll Being precompiled by another machine (hostname: compute082.bc4.acrc.priv, pid: 1964845, pidfile: /user/home/em18564/.julia/compiled/v1.10/FriBidi_jll/tf6pT_4RpdW.ji.pidfile)
  ✓ Libffi_jll
  ✓ Libiconv_jll
  ✓ eudev_jll
  ✓ Libgpg_error_jll
  ✓ Wayland_protocols_jll
  ✓ Xorg_libpthread_stubs_jll
  ✓ Libuuid_jll
  ✓ XML2_jll
  ✓ Distances
  ✓ libfdk_aac_jll
  ✓ Libgcrypt_jll
  ✓ ChainRulesCore → ChainRulesCoreSparseArraysExt
  ✓ AbstractFFTs → AbstractFFTsChainRulesCoreExt
  ✓ Distances → DistancesSparseArraysExt
  ✓ Gettext_jll
  ✓ Pixman_jll
  ✓ libaom_jll
  ✓ FixedPointNumbers
  ✓ LogExpFunctions → LogExpFunctionsChainRulesCoreExt
  ✓ AxisAlgorithms
    StaticArraysChainRulesCoreExt Being precompiled by another machine (hostname: compute083.bc4.acrc.priv, pid: 1989886, pidfile: /user/home/em18564/.julia/compiled/v1.10/StaticArraysChainRulesCoreExt/ETade_4RpdW.ji.pidfile)
    ColorTypes Being precompiled by another machine (hostname: compute080.bc4.acrc.priv, pid: 1980372, pidfile: /user/home/em18564/.julia/compiled/v1.10/ColorTypes/db21U_4RpdW.ji.pidfile)
    RatiosFixedPointNumbersExt Being precompiled by another machine (hostname: compute080.bc4.acrc.priv, pid: 1980372, pidfile: /user/home/em18564/.julia/compiled/v1.10/RatiosFixedPointNumbersExt/R2tFd_4RpdW.ji.pidfile)
  ✓ JLFzf
  ✓ Latexify
  ✓ Expat_jll
    Tables Being precompiled by another machine (hostname: compute082.bc4.acrc.priv, pid: 1964845, pidfile: /user/home/em18564/.julia/compiled/v1.10/Tables/Z804B_4RpdW.ji.pidfile)
  ✓ FreeType2_jll
  ✓ libinput_jll
  ✓ JpegTurbo_jll
    XSLT_jll Being precompiled by another machine (hostname: compute083.bc4.acrc.priv, pid: 1990987, pidfile: /user/home/em18564/.julia/compiled/v1.10/XSLT_jll/HNSqD_4RpdW.ji.pidfile)
  ✓ XZ_jll
  ✓ OpenSSL
  ✓ Parsers
  ✓ RelocatableFolders
  ✓ AbstractFFTs → AbstractFFTsTestExt
  ✓ libvorbis_jll
  ✓ Glib_jll
  ✓ FFTW_jll
  ✓ Distances → DistancesChainRulesCoreExt
    HTTP Being precompiled by another machine (hostname: compute083.bc4.acrc.priv, pid: 1989886, pidfile: /user/home/em18564/.julia/compiled/v1.10/HTTP/zXWya_4RpdW.ji.pidfile)
  ✓ Wayland_jll
    JSON Being precompiled by another machine (hostname: compute080.bc4.acrc.priv, pid: 1980372, pidfile: /user/home/em18564/.julia/compiled/v1.10/JSON/uf6oy_4RpdW.ji.pidfile)
  ✓ oneTBB_jll
    MKL_jll Being precompiled by another machine (hostname: compute083.bc4.acrc.priv, pid: 1989886, pidfile: /user/home/em18564/.julia/compiled/v1.10/MKL_jll/DHEix_4RpdW.ji.pidfile)
  ✓ Fontconfig_jll
  ✓ x265_jll
  ✓ Xorg_libXdmcp_jll
  ✓ Arpack_jll
  ✓ Zstd_jll
  ✓ SpecialFunctions → SpecialFunctionsChainRulesCoreExt
  ✓ Arpack
  ✓ Libtiff_jll
    MultivariateStats Being precompiled by another machine (hostname: compute080.bc4.acrc.priv, pid: 1980372, pidfile: /user/home/em18564/.julia/compiled/v1.10/MultivariateStats/l7I74_4RpdW.ji.pidfile)
  ✓ FriBidi_jll
  ✓ StatsFuns → StatsFunsChainRulesCoreExt
  ✓ Distributions → DistributionsTestExt
    DistributionsChainRulesCoreExt Being precompiled by another machine (hostname: compute083.bc4.acrc.priv, pid: 1989886, pidfile: /user/home/em18564/.julia/compiled/v1.10/DistributionsChainRulesCoreExt/uFTmV_4RpdW.ji.pidfile)
  ✓ Tables
    TableOperations Being precompiled by another machine (hostname: compute080.bc4.acrc.priv, pid: 1980372, pidfile: /user/home/em18564/.julia/compiled/v1.10/TableOperations/5GGWt_4RpdW.ji.pidfile)
  ✓ Unitful
    UnitfulLatexify Being precompiled by another machine (hostname: compute082.bc4.acrc.priv, pid: 1964845, pidfile: /user/home/em18564/.julia/compiled/v1.10/UnitfulLatexify/trCzg_4RpdW.ji.pidfile)
  ✓ JSON
  ✓ MultivariateStats
  ✓ StaticArrays → StaticArraysChainRulesCoreExt
    NearestNeighbors Being precompiled by another machine (hostname: compute082.bc4.acrc.priv, pid: 1964845, pidfile: /user/home/em18564/.julia/compiled/v1.10/NearestNeighbors/Yj1kF_4RpdW.ji.pidfile)
  ✓ ColorTypes
    ColorVectorSpace Being precompiled by another machine (hostname: compute083.bc4.acrc.priv, pid: 1991092, pidfile: /user/home/em18564/.julia/compiled/v1.10/ColorVectorSpace/7uC4N_4RpdW.ji.pidfile)
  ✓ Ratios → RatiosFixedPointNumbersExt
  ✓ TableOperations
  ✓ XSLT_jll
  ✓ UnitfulLatexify
  ✓ Interpolations
  ✓ Xorg_libxcb_jll
  ✓ Xorg_xcb_util_jll
  ✓ Xorg_libX11_jll
    Xorg_libXrender_jll Being precompiled by another machine (hostname: compute083.bc4.acrc.priv, pid: 1989886, pidfile: /user/home/em18564/.julia/compiled/v1.10/Xorg_libXrender_jll/izQY6_4RpdW.ji.pidfile)
    Xorg_libXext_jll Being precompiled by another machine (hostname: compute083.bc4.acrc.priv, pid: 1989886, pidfile: /user/home/em18564/.julia/compiled/v1.10/Xorg_libXext_jll/H6ltV_4RpdW.ji.pidfile)
    Xorg_libXfixes_jll Being precompiled by another machine (hostname: compute083.bc4.acrc.priv, pid: 1989886, pidfile: /user/home/em18564/.julia/compiled/v1.10/Xorg_libXfixes_jll/dilDp_4RpdW.ji.pidfile)
    Xorg_libxkbfile_jll Being precompiled by another machine (hostname: compute083.bc4.acrc.priv, pid: 1989886, pidfile: /user/home/em18564/.julia/compiled/v1.10/Xorg_libxkbfile_jll/PAhQT_4RpdW.ji.pidfile)
  ✓ HTTP
  ✓ Interpolations → InterpolationsUnitfulExt
  ✓ Xorg_xcb_util_renderutil_jll
  ✓ Xorg_xcb_util_image_jll
  ✓ Xorg_xcb_util_wm_jll
  ✓ Xorg_xcb_util_keysyms_jll
    Xorg_xcb_util_cursor_jll Being precompiled by another machine (hostname: compute083.bc4.acrc.priv, pid: 1989886, pidfile: /user/home/em18564/.julia/compiled/v1.10/Xorg_xcb_util_cursor_jll/XVAgT_4RpdW.ji.pidfile)
  ✓ Colors
  ✓ NearestNeighbors
    Clustering Being precompiled by another machine (hostname: compute080.bc4.acrc.priv, pid: 1980372, pidfile: /user/home/em18564/.julia/compiled/v1.10/Clustering/Ovl2Q_4RpdW.ji.pidfile)
  ✓ Widgets
  ✓ ColorVectorSpace
  ✓ ColorVectorSpace → SpecialFunctionsExt
    ColorSchemes Being precompiled by another machine (hostname: compute083.bc4.acrc.priv, pid: 1991452, pidfile: /user/home/em18564/.julia/compiled/v1.10/ColorSchemes/EO5fj_4RpdW.ji.pidfile)
  ✓ Xorg_libxkbfile_jll
  ✓ Xorg_libXfixes_jll
  ✓ Xorg_libXext_jll
  ✓ Xorg_libXrender_jll
    Xorg_xkbcomp_jll Being precompiled by another machine (hostname: compute083.bc4.acrc.priv, pid: 1989886, pidfile: /user/home/em18564/.julia/compiled/v1.10/Xorg_xkbcomp_jll/lfGsl_4RpdW.ji.pidfile)
    Xorg_libXcursor_jll Being precompiled by another machine (hostname: compute083.bc4.acrc.priv, pid: 1989886, pidfile: /user/home/em18564/.julia/compiled/v1.10/Xorg_libXcursor_jll/iyuAX_4RpdW.ji.pidfile)
    Xorg_libXi_jll Being precompiled by another machine (hostname: compute083.bc4.acrc.priv, pid: 1989886, pidfile: /user/home/em18564/.julia/compiled/v1.10/Xorg_libXi_jll/1sAS5_4RpdW.ji.pidfile)
    Libglvnd_jll Being precompiled by another machine (hostname: compute083.bc4.acrc.priv, pid: 1989886, pidfile: /user/home/em18564/.julia/compiled/v1.10/Libglvnd_jll/z0JB7_4RpdW.ji.pidfile)
    Xorg_libXinerama_jll Being precompiled by another machine (hostname: compute083.bc4.acrc.priv, pid: 1989886, pidfile: /user/home/em18564/.julia/compiled/v1.10/Xorg_libXinerama_jll/IG7Gi_4RpdW.ji.pidfile)
    Xorg_libXrandr_jll Being precompiled by another machine (hostname: compute083.bc4.acrc.priv, pid: 1989886, pidfile: /user/home/em18564/.julia/compiled/v1.10/Xorg_libXrandr_jll/UlKyO_4RpdW.ji.pidfile)
    Cairo_jll Being precompiled by another machine (hostname: compute083.bc4.acrc.priv, pid: 1989886, pidfile: /user/home/em18564/.julia/compiled/v1.10/Cairo_jll/ouRHo_4RpdW.ji.pidfile)
  ✓ Clustering
  ✓ MKL_jll
    FFTW Being precompiled by another machine (hostname: compute083.bc4.acrc.priv, pid: 1989886, pidfile: /user/home/em18564/.julia/compiled/v1.10/FFTW/PvIn2_4RpdW.ji.pidfile)
  ✓ Xorg_xcb_util_cursor_jll
  ✓ Distributions → DistributionsChainRulesCoreExt
  ✓ ColorSchemes
    PlotUtils Being precompiled by another machine (hostname: compute083.bc4.acrc.priv, pid: 1989886, pidfile: /user/home/em18564/.julia/compiled/v1.10/PlotUtils/YveHG_4RpdW.ji.pidfile)
  ✓ Xorg_libXcursor_jll
  ✓ Xorg_xkbcomp_jll
  ✓ Cairo_jll
  ✓ Xorg_libXrandr_jll
  ✓ Xorg_libXinerama_jll
  ✓ Libglvnd_jll
  ✓ Xorg_libXi_jll
    HarfBuzz_jll Being precompiled by another machine (hostname: compute082.bc4.acrc.priv, pid: 1964845, pidfile: /user/home/em18564/.julia/compiled/v1.10/HarfBuzz_jll/h60co_4RpdW.ji.pidfile)
  ✓ Xorg_xkeyboard_config_jll
  ✓ GLFW_jll
  ✓ xkbcommon_jll
    Vulkan_Loader_jll Being precompiled by another machine (hostname: compute082.bc4.acrc.priv, pid: 1964845, pidfile: /user/home/em18564/.julia/compiled/v1.10/Vulkan_Loader_jll/MvdhX_4RpdW.ji.pidfile)
  ✓ HarfBuzz_jll
  ✓ FFTW
  ✓ libass_jll
    FFMPEG_jll Being precompiled by another machine (hostname: compute083.bc4.acrc.priv, pid: 1991757, pidfile: /user/home/em18564/.julia/compiled/v1.10/FFMPEG_jll/uSD0T_4RpdW.ji.pidfile)
  ✓ Vulkan_Loader_jll
    Qt6Base_jll Being precompiled by another machine (hostname: compute082.bc4.acrc.priv, pid: 1964845, pidfile: /user/home/em18564/.julia/compiled/v1.10/Qt6Base_jll/Lg7vK_4RpdW.ji.pidfile)
  ✓ KernelDensity
  ✓ PlotUtils
    PlotThemes Being precompiled by another machine (hostname: compute080.bc4.acrc.priv, pid: 1980372, pidfile: /user/home/em18564/.julia/compiled/v1.10/PlotThemes/QxsMm_4RpdW.ji.pidfile)
    RecipesPipeline Being precompiled by another machine (hostname: compute080.bc4.acrc.priv, pid: 1980372, pidfile: /user/home/em18564/.julia/compiled/v1.10/RecipesPipeline/QQIne_4RpdW.ji.pidfile)
  ✓ FFMPEG_jll
  ✓ Qt6Base_jll
    GR_jll Being precompiled by another machine (hostname: compute083.bc4.acrc.priv, pid: 1991754, pidfile: /user/home/em18564/.julia/compiled/v1.10/GR_jll/jV9xf_4RpdW.ji.pidfile)
  ✓ FFMPEG
  ✓ RecipesPipeline
  ✓ PlotThemes
  ✓ GR_jll
    GR Being precompiled by another machine (hostname: compute082.bc4.acrc.priv, pid: 1964845, pidfile: /user/home/em18564/.julia/compiled/v1.10/GR/NDU5Y_4RpdW.ji.pidfile)
  ✓ GR
    Plots Being precompiled by another machine (hostname: compute083.bc4.acrc.priv, pid: 1991920, pidfile: /user/home/em18564/.julia/compiled/v1.10/Plots/ld3vC_4RpdW.ji.pidfile)
  ✓ Plots
  ✓ Plots → UnitfulExt
  ✓ StatsPlots
  144 dependencies successfully precompiled in 245 seconds. 73 already precompiled.
   Resolving package versions...
  No Changes to `~/.julia/environments/v1.10/Project.toml`
  No Changes to `~/.julia/environments/v1.10/Manifest.toml`
Precompiling project...
    UnitfulExt Being precompiled by another machine (hostname: compute083.bc4.acrc.priv, pid: 1989886, pidfile: /user/home/em18564/.julia/compiled/v1.10/UnitfulExt/4ishe_4RpdW.ji.pidfile)
  ✓ Plots → UnitfulExt
  1 dependency successfully precompiled in 12 seconds. 216 already precompiled.
   Resolving package versions...
  No Changes to `~/.julia/environments/v1.10/Project.toml`
  No Changes to `~/.julia/environments/v1.10/Manifest.toml`
Precompiling project...
    ProgressMeter Being precompiled by another machine (hostname: compute083.bc4.acrc.priv, pid: 1989886, pidfile: /user/home/em18564/.julia/compiled/v1.10/ProgressMeter/3V8n6_4RpdW.ji.pidfile)
    ADTypesChainRulesCoreExt Being precompiled by another machine (hostname: compute083.bc4.acrc.priv, pid: 1989886, pidfile: /user/home/em18564/.julia/compiled/v1.10/ADTypesChainRulesCoreExt/7JI5I_4RpdW.ji.pidfile)
    ConstructionBase Being precompiled by another machine (hostname: compute083.bc4.acrc.priv, pid: 1989886, pidfile: /user/home/em18564/.julia/compiled/v1.10/ConstructionBase/sBbW6_4RpdW.ji.pidfile)
    Crayons Being precompiled by another machine (hostname: compute083.bc4.acrc.priv, pid: 1989886, pidfile: /user/home/em18564/.julia/compiled/v1.10/Crayons/TXPcU_4RpdW.ji.pidfile)
    Functors Being precompiled by another machine (hostname: compute083.bc4.acrc.priv, pid: 1989886, pidfile: /user/home/em18564/.julia/compiled/v1.10/Functors/lER0H_4RpdW.ji.pidfile)
    Baselet Being precompiled by another machine (hostname: compute083.bc4.acrc.priv, pid: 1989886, pidfile: /user/home/em18564/.julia/compiled/v1.10/Baselet/J6WYP_4RpdW.ji.pidfile)
  ✓ Atomix
  ✓ StatisticalTraits
  ✓ IntervalSets
  ✓ LRUCache
  ✓ FunctionWrappersWrappers
  ✓ SciMLStructures
  ✓ ProgressLogging
  ✓ MappedArrays
  ✓ RuntimeGeneratedFunctions
  ✓ AbstractTrees
    MLJModelInterface Being precompiled by another machine (hostname: compute083.bc4.acrc.priv, pid: 1989886, pidfile: /user/home/em18564/.julia/compiled/v1.10/MLJModelInterface/cOFkZ_4RpdW.ji.pidfile)
    IntervalSetsRecipesBaseExt Being precompiled by another machine (hostname: compute083.bc4.acrc.priv, pid: 1989886, pidfile: /user/home/em18564/.julia/compiled/v1.10/IntervalSetsRecipesBaseExt/wAeAb_4RpdW.ji.pidfile)
    RandomNumbers Being precompiled by another machine (hostname: compute083.bc4.acrc.priv, pid: 1989886, pidfile: /user/home/em18564/.julia/compiled/v1.10/RandomNumbers/pgCpR_4RpdW.ji.pidfile)
    CompositionsBaseInverseFunctionsExt Being precompiled by another machine (hostname: compute083.bc4.acrc.priv, pid: 1989886, pidfile: /user/home/em18564/.julia/compiled/v1.10/CompositionsBaseInverseFunctionsExt/WTKja_4RpdW.ji.pidfile)
    StringManipulation Being precompiled by another machine (hostname: compute083.bc4.acrc.priv, pid: 1989886, pidfile: /user/home/em18564/.julia/compiled/v1.10/StringManipulation/4nJQd_4RpdW.ji.pidfile)
  ✓ CommonSubexpressions
  ✓ LRUCache → SerializationExt
  ✓ InverseFunctions → DatesExt
    LogDensityProblemsAD Being precompiled by another machine (hostname: compute083.bc4.acrc.priv, pid: 1989886, pidfile: /user/home/em18564/.julia/compiled/v1.10/LogDensityProblemsAD/LvcVS_4RpdW.ji.pidfile)
    ZygoteRules Being precompiled by another machine (hostname: compute083.bc4.acrc.priv, pid: 1989886, pidfile: /user/home/em18564/.julia/compiled/v1.10/ZygoteRules/LmjSI_4RpdW.ji.pidfile)
  ✓ SparseInverseSubset
  ✓ ChangesOfVariables
  ✓ LogExpFunctions → LogExpFunctionsInverseFunctionsExt
    ArrayInterface Being precompiled by another machine (hostname: compute083.bc4.acrc.priv, pid: 1989886, pidfile: /user/home/em18564/.julia/compiled/v1.10/ArrayInterface/7bROb_4RpdW.ji.pidfile)
  ✓ Libtask
    InverseFunctionsUnitfulExt Being precompiled by another machine (hostname: compute083.bc4.acrc.priv, pid: 1989886, pidfile: /user/home/em18564/.julia/compiled/v1.10/InverseFunctionsUnitfulExt/77rDl_4RpdW.ji.pidfile)
  ✓ GPUArraysCore
  ✓ DiffResults
  ✓ LLVMExtra_jll
  ✓ LeftChildRightSiblingTrees
    NamedArrays Being precompiled by another machine (hostname: compute083.bc4.acrc.priv, pid: 1989886, pidfile: /user/home/em18564/.julia/compiled/v1.10/NamedArrays/wPYCq_4RpdW.ji.pidfile)
  ✓ Baselet
  ✓ MLJModelInterface
  ✓ DensityInterface
  ✓ ChangesOfVariables → ChangesOfVariablesInverseFunctionsExt
    LLVM Being precompiled by another machine (hostname: compute083.bc4.acrc.priv, pid: 1989886, pidfile: /user/home/em18564/.julia/compiled/v1.10/LLVM/e8NBy_4RpdW.ji.pidfile)
  ✓ LogExpFunctions → LogExpFunctionsChangesOfVariablesExt
    TerminalLoggers Being precompiled by another machine (hostname: compute083.bc4.acrc.priv, pid: 1989886, pidfile: /user/home/em18564/.julia/compiled/v1.10/TerminalLoggers/gtVHp_4RpdW.ji.pidfile)
  ✓ ADTypes → ADTypesChainRulesCoreExt
  ✓ ConstructionBase
  ✓ Functors
  ✓ Crayons
  ✓ StatsFuns → StatsFunsInverseFunctionsExt
  ✓ CompositionsBase → CompositionsBaseInverseFunctionsExt
  ✓ StringManipulation
    PrettyTables Being precompiled by another machine (hostname: compute083.bc4.acrc.priv, pid: 1989886, pidfile: /user/home/em18564/.julia/compiled/v1.10/PrettyTables/kRdcL_4RpdW.ji.pidfile)
  ✓ ProgressMeter
  ✓ DiffRules
  ✓ ConstructionBase → ConstructionBaseStaticArraysExt
    ForwardDiff Being precompiled by another machine (hostname: compute083.bc4.acrc.priv, pid: 1989886, pidfile: /user/home/em18564/.julia/compiled/v1.10/ForwardDiff/k0ETY_4RpdW.ji.pidfile)
  ✓ Optimisers
  ✓ ConstructionBase → ConstructionBaseIntervalSetsExt
    Accessors Being precompiled by another machine (hostname: compute083.bc4.acrc.priv, pid: 1989886, pidfile: /user/home/em18564/.julia/compiled/v1.10/Accessors/XelUh_4RpdW.ji.pidfile)
    Setfield Being precompiled by another machine (hostname: compute080.bc4.acrc.priv, pid: 1980372, pidfile: /user/home/em18564/.julia/compiled/v1.10/Setfield/dVM1R_4RpdW.ji.pidfile)
    StructArrays Being precompiled by another machine (hostname: compute080.bc4.acrc.priv, pid: 1980372, pidfile: /user/home/em18564/.julia/compiled/v1.10/StructArrays/jRMFC_4RpdW.ji.pidfile)
  ✓ NamedArrays
  ✓ IntervalSets → IntervalSetsRecipesBaseExt
  ✓ ConsoleProgressMonitor
  ✓ RandomNumbers
  ✓ IntervalSets → IntervalSetsRandomExt
  ✓ Distributions → DistributionsDensityInterfaceExt
    MCMCDiagnosticTools Being precompiled by another machine (hostname: compute083.bc4.acrc.priv, pid: 1989886, pidfile: /user/home/em18564/.julia/compiled/v1.10/MCMCDiagnosticTools/pEXcT_4RpdW.ji.pidfile)
  ✓ ZygoteRules
  ✓ LogDensityProblemsAD
  ✓ IntervalSets → IntervalSetsStatisticsExt
  ✓ Random123
  ✓ ArrayInterface
  ✓ Unitful → InverseFunctionsUnitfulExt
  ✓ AxisArrays
  ✓ TerminalLoggers
  ✓ Unitful → ConstructionBaseUnitfulExt
  ✓ ForwardDiff
    ForwardDiffStaticArraysExt Being precompiled by another machine (hostname: compute080.bc4.acrc.priv, pid: 1980372, pidfile: /user/home/em18564/.julia/compiled/v1.10/ForwardDiffStaticArraysExt/QQ4BU_4RpdW.ji.pidfile)
  ✓ StructArrays
  ✓ Setfield
  ✓ Accessors
    AccessorsIntervalSetsExt Being precompiled by another machine (hostname: compute080.bc4.acrc.priv, pid: 1980372, pidfile: /user/home/em18564/.julia/compiled/v1.10/AccessorsIntervalSetsExt/JQpVc_4RpdW.ji.pidfile)
  ✓ StructArrays → StructArraysGPUArraysCoreExt
  ✓ SplittablesBase
  ✓ StructArrays → StructArraysStaticArraysExt
  ✓ StructArrays → StructArraysSparseArraysExt
  ✓ StructArrays → StructArraysAdaptExt
    ChainRules Being precompiled by another machine (hostname: compute083.bc4.acrc.priv, pid: 1989886, pidfile: /user/home/em18564/.julia/compiled/v1.10/ChainRules/AzGmQ_4RpdW.ji.pidfile)
  ✓ LLVM
  ✓ UnsafeAtomicsLLVM
    KernelAbstractions Being precompiled by another machine (hostname: compute083.bc4.acrc.priv, pid: 1989886, pidfile: /user/home/em18564/.julia/compiled/v1.10/KernelAbstractions/aywHT_4RpdW.ji.pidfile)
  ✓ PrettyTables
  ✓ ForwardDiff → ForwardDiffStaticArraysExt
  ✓ Accessors → AccessorsIntervalSetsExt
  ✓ MCMCDiagnosticTools
  ✓ Accessors → AccessorsStructArraysExt
  ✓ Accessors → AccessorsStaticArraysExt
  ✓ Accessors → AccessorsUnitfulExt
  ✓ BangBang
  ✓ BangBang → BangBangChainRulesCoreExt
  ✓ BangBang → BangBangStaticArraysExt
  ✓ Roots
  ✓ BangBang → BangBangStructArraysExt
  ✓ Roots → RootsForwardDiffExt
  ✓ BangBang → BangBangTablesExt
  ✓ MicroCollections
  ✓ Transducers
    AbstractMCMC Being precompiled by another machine (hostname: compute083.bc4.acrc.priv, pid: 1994147, pidfile: /user/home/em18564/.julia/compiled/v1.10/AbstractMCMC/5x8OI_4RpdW.ji.pidfile)
  ✓ KernelAbstractions
  ✓ NNlib
    Tracker Being precompiled by another machine (hostname: compute083.bc4.acrc.priv, pid: 1989886, pidfile: /user/home/em18564/.julia/compiled/v1.10/Tracker/cI3wW_4RpdW.ji.pidfile)
  ✓ ChainRules
  ✓ ArrayInterface → ArrayInterfaceChainRulesExt
  ✓ ArrayInterface → ArrayInterfaceGPUArraysCoreExt
  ✓ ArrayInterface → ArrayInterfaceStaticArraysCoreExt
  ✓ Bijectors
  ✓ DistributionsAD
  ✓ Tracker
    BijectorsTrackerExt Being precompiled by another machine (hostname: compute083.bc4.acrc.priv, pid: 1989886, pidfile: /user/home/em18564/.julia/compiled/v1.10/BijectorsTrackerExt/nMndE_4RpdW.ji.pidfile)
    DistributionsADTrackerExt Being precompiled by another machine (hostname: compute083.bc4.acrc.priv, pid: 1989886, pidfile: /user/home/em18564/.julia/compiled/v1.10/DistributionsADTrackerExt/DDiTs_4RpdW.ji.pidfile)
  ✓ ArrayInterface → ArrayInterfaceTrackerExt
  ✓ Tracker → TrackerPDMatsExt
  ✓ LogDensityProblemsAD → LogDensityProblemsADTrackerExt
  ✓ LogDensityProblemsAD → LogDensityProblemsADADTypesExt
    LogDensityProblemsADForwardDiffExt Being precompiled by another machine (hostname: compute083.bc4.acrc.priv, pid: 1989886, pidfile: /user/home/em18564/.julia/compiled/v1.10/LogDensityProblemsADForwardDiffExt/nPwJr_4RpdW.ji.pidfile)
  ✓ SymbolicIndexingInterface
  ✓ SciMLOperators
  ✓ RecursiveArrayTools
    RecursiveArrayToolsForwardDiffExt Being precompiled by another machine (hostname: compute083.bc4.acrc.priv, pid: 1989886, pidfile: /user/home/em18564/.julia/compiled/v1.10/RecursiveArrayToolsForwardDiffExt/hFOID_4RpdW.ji.pidfile)
  ✓ AbstractMCMC
    EllipticalSliceSampling Being precompiled by another machine (hostname: compute082.bc4.acrc.priv, pid: 1964845, pidfile: /user/home/em18564/.julia/compiled/v1.10/EllipticalSliceSampling/dFnzp_4RpdW.ji.pidfile)
  ✓ SSMProblems
  ✓ AbstractPPL
  ✓ AdvancedMH
  ✓ AdvancedPS
  ✓ MCMCChains
  ✓ AdvancedPS → AdvancedPSLibtaskExt
  ✓ DistributionsAD → DistributionsADTrackerExt
  ✓ Bijectors → BijectorsTrackerExt
    BijectorsForwardDiffExt Being precompiled by another machine (hostname: compute080.bc4.acrc.priv, pid: 1980372, pidfile: /user/home/em18564/.julia/compiled/v1.10/BijectorsForwardDiffExt/hVARB_4RpdW.ji.pidfile)
  ✓ AdvancedMH → AdvancedMHMCMCChainsExt
  ✓ DistributionsAD → DistributionsADForwardDiffExt
  ✓ AdvancedMH → AdvancedMHForwardDiffExt
  ✓ LogDensityProblemsAD → LogDensityProblemsADForwardDiffExt
  ✓ AdvancedMH → AdvancedMHStructArraysExt
  ✓ AdvancedHMC
  ✓ RecursiveArrayTools → RecursiveArrayToolsForwardDiffExt
    RecursiveArrayToolsTrackerExt Being precompiled by another machine (hostname: compute083.bc4.acrc.priv, pid: 1989886, pidfile: /user/home/em18564/.julia/compiled/v1.10/RecursiveArrayToolsTrackerExt/Ga5T8_4RpdW.ji.pidfile)
  ✓ EllipticalSliceSampling
  ✓ AdvancedHMC → AdvancedHMCMCMCChainsExt
  ✓ Bijectors → BijectorsForwardDiffExt
  ✓ Bijectors → BijectorsDistributionsADExt
    AdvancedVI Being precompiled by another machine (hostname: compute083.bc4.acrc.priv, pid: 1989886, pidfile: /user/home/em18564/.julia/compiled/v1.10/AdvancedVI/W5I48_4RpdW.ji.pidfile)
    DynamicPPL Being precompiled by another machine (hostname: compute083.bc4.acrc.priv, pid: 1994532, pidfile: /user/home/em18564/.julia/compiled/v1.10/DynamicPPL/2PWyN_4RpdW.ji.pidfile)
  ✓ AdvancedVI
  ✓ RecursiveArrayTools → RecursiveArrayToolsTrackerExt
    SciMLBase Being precompiled by another machine (hostname: compute082.bc4.acrc.priv, pid: 1964845, pidfile: /user/home/em18564/.julia/compiled/v1.10/SciMLBase/jigfq_4RpdW.ji.pidfile)
  ✓ DynamicPPL
  ✓ DynamicPPL → DynamicPPLZygoteRulesExt
  ✓ DynamicPPL → DynamicPPLMCMCChainsExt
  ✓ DynamicPPL → DynamicPPLChainRulesCoreExt
  ✓ DynamicPPL → DynamicPPLForwardDiffExt
  ✓ SciMLBase
  ✓ SciMLBase → SciMLBaseChainRulesCoreExt
    Turing Being precompiled by another machine (hostname: compute083.bc4.acrc.priv, pid: 1989886, pidfile: /user/home/em18564/.julia/compiled/v1.10/Turing/gm4QC_4RpdW.ji.pidfile)
  ✓ Turing
  126 dependencies successfully precompiled in 149 seconds. 239 already precompiled.
   Resolving package versions...
  No Changes to `~/.julia/environments/v1.10/Project.toml`
  No Changes to `~/.julia/environments/v1.10/Manifest.toml`
Precompiling project...
    CSV Being precompiled by another machine (hostname: compute083.bc4.acrc.priv, pid: 1989886, pidfile: /user/home/em18564/.julia/compiled/v1.10/CSV/HHBkp_4RpdW.ji.pidfile)
  ✓ CSV
  1 dependency successfully precompiled in 12 seconds. 370 already precompiled.
   Resolving package versions...
  No Changes to `~/.julia/environments/v1.10/Project.toml`
  No Changes to `~/.julia/environments/v1.10/Manifest.toml`
   Resolving package versions...
   Installed DataFrames ─ v1.6.1
    Updating `~/.julia/environments/v1.10/Project.toml`
  [a93c6f00] + DataFrames v1.6.1
    Updating `~/.julia/environments/v1.10/Manifest.toml`
  [a93c6f00] + DataFrames v1.6.1
Precompiling project...
  ✓ DataFrames
  ✓ Latexify → DataFramesExt
  ✓ BangBang → BangBangDataFramesExt
  ✓ Transducers → TransducersDataFramesExt
  4 dependencies successfully precompiled in 42 seconds. 371 already precompiled.
   Resolving package versions...
   Installed FiniteDiff ─ v2.23.1
   Installed Optim ────── v1.9.4
    Updating `~/.julia/environments/v1.10/Project.toml`
  [429524aa] + Optim v1.9.4
    Updating `~/.julia/environments/v1.10/Manifest.toml`
  [6a86dc24] + FiniteDiff v2.23.1
  [d3d80556] + LineSearches v7.2.0
  [d41bc354] + NLSolversBase v7.8.3
  [429524aa] + Optim v1.9.4
  [d96e819e] + Parameters v0.12.3
  [85a6dd25] + PositiveFactorizations v0.2.4
  [3a884ed6] + UnPack v1.0.2
Precompiling project...
  ✓ UnPack
  ✓ PositiveFactorizations
  ✓ Parameters
  ✓ FiniteDiff
  ✓ FiniteDiff → FiniteDiffStaticArraysExt
  ✓ NLSolversBase
  ✓ LineSearches
  ✓ Optim
  ✓ Turing → TuringOptimExt
  9 dependencies successfully precompiled in 16 seconds. 374 already precompiled. 1 skipped during auto due to previous errors.
   Resolving package versions...
   Installed RegistryInstances ──────────────── v0.1.0
   Installed Git_jll ────────────────────────── v2.44.0+2
   Installed Static ─────────────────────────── v0.8.10
   Installed LayoutPointers ─────────────────── v0.1.15
   Installed GenericSchur ───────────────────── v0.5.4
   Installed StaticArrayInterface ───────────── v1.5.0
   Installed SLEEFPirates ───────────────────── v0.6.42
   Installed StructuralCausalModels ─────────── v1.4.2
   Installed Git ────────────────────────────── v1.3.1
   Installed MarkdownAST ────────────────────── v0.1.2
   Installed VectorizationBase ──────────────── v0.21.68
   Installed IOCapture ──────────────────────── v0.2.4
   Installed ParetoSmoothedImportanceSampling ─ v1.5.3
   Installed MonteCarloMeasurements ─────────── v1.1.6
   Installed LazilyInitializedFields ────────── v1.2.2
   Installed Documenter ─────────────────────── v1.4.1
   Installed CPUSummary ─────────────────────── v0.2.5
   Installed HostCPUFeatures ────────────────── v0.1.16
   Installed StatisticalRethinking ──────────── v4.9.0
    Updating `~/.julia/environments/v1.10/Project.toml`
  [2d09df54] + StatisticalRethinking v4.9.0
    Updating `~/.julia/environments/v1.10/Manifest.toml`
  [a4c015fc] + ANSIColoredPrinters v0.0.1
  [62783981] + BitTwiddlingConvenienceFunctions v0.1.5
  [2a0fbf3d] + CPUSummary v0.2.5
  [adafc99b] + CpuId v0.3.1
  [e30172f5] + Documenter v1.4.1
  [c145ed77] + GenericSchur v0.5.4
  [d7ba0133] + Git v1.3.1
  [3e5b6fbb] + HostCPUFeatures v0.1.16
  [b5f81e59] + IOCapture v0.2.4
  [615f187c] + IfElse v0.1.1
  [10f19ff3] + LayoutPointers v0.1.15
  [0e77f7df] + LazilyInitializedFields v1.2.2
  [d125e4d3] + ManualMemory v0.1.8
  [d0879d2d] + MarkdownAST v0.1.2
  [0987c9cc] + MonteCarloMeasurements v1.1.6
  [d9ec5142] + NamedTupleTools v0.14.3
  [98f080ec] + ParetoSmoothedImportanceSampling v1.5.3
  [2792f1a3] + RegistryInstances v0.1.0
  [94e857df] + SIMDTypes v0.1.0
  [476501e8] + SLEEFPirates v0.6.42
  [aedffcd0] + Static v0.8.10
  [0d7ed370] + StaticArrayInterface v1.5.0
  [2d09df54] + StatisticalRethinking v4.9.0
  [a41e6734] + StructuralCausalModels v1.4.2
  [3d5dd08c] + VectorizationBase v0.21.68
  [f8c6e375] + Git_jll v2.44.0+2
Precompiling project...
  ✓ ANSIColoredPrinters
  ✓ ManualMemory
  ✓ IOCapture
  ✓ NamedTupleTools
  ✓ SIMDTypes
  ✓ CpuId
  ✓ LazilyInitializedFields
  ✓ IfElse
  ✓ GenericSchur
  ✓ MarkdownAST
  ✓ Git_jll
  ✓ RegistryInstances
  ✓ Static
  ✓ ParetoSmoothedImportanceSampling
  ✓ Git
  ✓ BitTwiddlingConvenienceFunctions
  ✓ CPUSummary
  ✓ HostCPUFeatures
  ✓ StructuralCausalModels
  ✓ StaticArrayInterface
  ✓ StaticArrayInterface → StaticArrayInterfaceStaticArraysExt
  ✓ StaticArrayInterface → StaticArrayInterfaceOffsetArraysExt
  ✓ LayoutPointers
  ✓ VectorizationBase
  ✓ Documenter
  ✓ SLEEFPirates
  ✓ MonteCarloMeasurements
  ? RecursiveArrayTools → RecursiveArrayToolsMonteCarloMeasurementsExt
StatisticalRethinking Waiting for background task / IO / timer.
[pid 1990895] waiting for IO to finish:
 Handle type        uv_handle_t->data
 fs_event           0x145c410->0x7fb051796020
 timer              0x1bfdaa0->0x7fb051796050
This means that a package has started a background task or event source that has not finished running. For precompilation to complete successfully, the event source needs to be closed explicitly. See the developer documentation on fixing precompilation hangs for more help.
  ✓ StatisticalRethinking
  28 dependencies successfully precompiled in 50 seconds. 383 already precompiled. 1 skipped during auto due to previous errors.
  1 dependency failed but may be precompilable after restarting julia
  2 dependencies had output during precompilation:
┌ RecursiveArrayTools → RecursiveArrayToolsMonteCarloMeasurementsExt
│  ┌ Warning: The call to compilecache failed to create a usable precompiled cache file for MonteCarloMeasurements [0987c9cc-fe09-11e8-30f0-b96dd679fdca]
│  │   exception = Invalid input in module list: expected SLEEFPirates.
│  └ @ Base loading.jl:1992
└  
┌ StatisticalRethinking
│  [pid 1990895] waiting for IO to finish:
│   Handle type        uv_handle_t->data
│   fs_event           0x145c410->0x7fb051796020
│   timer              0x1bfdaa0->0x7fb051796050
│  This means that a package has started a background task or event source that has not finished running. For precompilation to complete successfully, the event source needs to be closed explicitly. See the developer documentation on fixing precompilation hangs for more help.
└  
   Resolving package versions...
    Updating `~/.julia/environments/v1.10/Project.toml`
  [be115224] + MCMCDiagnosticTools v0.3.10
  No Changes to `~/.julia/environments/v1.10/Manifest.toml`
Precompiling project...
    RecursiveArrayToolsMonteCarloMeasurementsExt Being precompiled by another machine (hostname: compute082.bc4.acrc.priv, pid: 1964845, pidfile: /user/home/em18564/.julia/compiled/v1.10/RecursiveArrayToolsMonteCarloMeasurementsExt/npOiN_4RpdW.ji.pidfile)
  ✓ RecursiveArrayTools → RecursiveArrayToolsMonteCarloMeasurementsExt
  1 dependency successfully precompiled in 13 seconds. 411 already precompiled. 1 skipped during auto due to previous errors.
   Resolving package versions...
  No Changes to `~/.julia/environments/v1.10/Project.toml`
  No Changes to `~/.julia/environments/v1.10/Manifest.toml`
   Resolving package versions...
  No Changes to `~/.julia/environments/v1.10/Project.toml`
  No Changes to `~/.julia/environments/v1.10/Manifest.toml`
   Resolving package versions...
  No Changes to `~/.julia/environments/v1.10/Project.toml`
  No Changes to `~/.julia/environments/v1.10/Manifest.toml`
   Resolving package versions...
  No Changes to `~/.julia/environments/v1.10/Project.toml`
  No Changes to `~/.julia/environments/v1.10/Manifest.toml`
   Resolving package versions...
  No Changes to `~/.julia/environments/v1.10/Project.toml`
  No Changes to `~/.julia/environments/v1.10/Manifest.toml`
   Resolving package versions...
  No Changes to `~/.julia/environments/v1.10/Project.toml`
  No Changes to `~/.julia/environments/v1.10/Manifest.toml`
   Resolving package versions...
  No Changes to `~/.julia/environments/v1.10/Project.toml`
  No Changes to `~/.julia/environments/v1.10/Manifest.toml`
   Resolving package versions...
  No Changes to `~/.julia/environments/v1.10/Project.toml`
  No Changes to `~/.julia/environments/v1.10/Manifest.toml`
   Resolving package versions...
  No Changes to `~/.julia/environments/v1.10/Project.toml`
  No Changes to `~/.julia/environments/v1.10/Manifest.toml`
   Resolving package versions...
  No Changes to `~/.julia/environments/v1.10/Project.toml`
  No Changes to `~/.julia/environments/v1.10/Manifest.toml`
   Resolving package versions...
  No Changes to `~/.julia/environments/v1.10/Project.toml`
  No Changes to `~/.julia/environments/v1.10/Manifest.toml`
   Resolving package versions...
  No Changes to `~/.julia/environments/v1.10/Project.toml`
  No Changes to `~/.julia/environments/v1.10/Manifest.toml`
   Resolving package versions...
  No Changes to `~/.julia/environments/v1.10/Project.toml`
  No Changes to `~/.julia/environments/v1.10/Manifest.toml`
   Resolving package versions...
  No Changes to `~/.julia/environments/v1.10/Project.toml`
  No Changes to `~/.julia/environments/v1.10/Manifest.toml`
   Resolving package versions...
  No Changes to `~/.julia/environments/v1.10/Project.toml`
  No Changes to `~/.julia/environments/v1.10/Manifest.toml`
   Resolving package versions...
  No Changes to `~/.julia/environments/v1.10/Project.toml`
  No Changes to `~/.julia/environments/v1.10/Manifest.toml`
┌ Warning: Error requiring `Turing` from `StatisticalRethinking`
│   exception =
│    LoadError: UndefVarError: `TuringOptimExt` not defined
│    Stacktrace:
│      [1] include(mod::Module, _path::String)
│        @ Base ./Base.jl:495
│      [2] include(x::String)
│        @ StatisticalRethinking ~/.julia/packages/StatisticalRethinking/Bzph1/src/StatisticalRethinking.jl:1
│      [3] top-level scope
│        @ ~/.julia/packages/StatisticalRethinking/Bzph1/src/require/turing/turing.jl:7
│      [4] include(mod::Module, _path::String)
│        @ Base ./Base.jl:495
│      [5] include(x::String)
│        @ StatisticalRethinking ~/.julia/packages/StatisticalRethinking/Bzph1/src/StatisticalRethinking.jl:1
│      [6] top-level scope
│        @ ~/.julia/packages/Requires/Z8rfN/src/Requires.jl:40
│      [7] eval
│        @ ./boot.jl:385 [inlined]
│      [8] eval
│        @ ~/.julia/packages/StatisticalRethinking/Bzph1/src/StatisticalRethinking.jl:1 [inlined]
│      [9] (::StatisticalRethinking.var"#3#12")()
│        @ StatisticalRethinking ~/.julia/packages/Requires/Z8rfN/src/require.jl:101
│     [10] macro expansion
│        @ timing.jl:395 [inlined]
│     [11] err(f::Any, listener::Module, modname::String, file::String, line::Any)
│        @ Requires ~/.julia/packages/Requires/Z8rfN/src/require.jl:47
│     [12] (::StatisticalRethinking.var"#2#11")()
│        @ StatisticalRethinking ~/.julia/packages/Requires/Z8rfN/src/require.jl:100
│     [13] withpath(f::Any, path::String)
│        @ Requires ~/.julia/packages/Requires/Z8rfN/src/require.jl:37
│     [14] (::StatisticalRethinking.var"#1#10")()
│        @ StatisticalRethinking ~/.julia/packages/Requires/Z8rfN/src/require.jl:99
│     [15] listenpkg(f::Any, pkg::Base.PkgId)
│        @ Requires ~/.julia/packages/Requires/Z8rfN/src/require.jl:20
│     [16] macro expansion
│        @ ~/.julia/packages/Requires/Z8rfN/src/require.jl:98 [inlined]
│     [17] __init__()
│        @ StatisticalRethinking ~/.julia/packages/StatisticalRethinking/Bzph1/src/StatisticalRethinking.jl:31
│     [18] run_module_init(mod::Module, i::Int64)
│        @ Base ./loading.jl:1134
│     [19] register_restored_modules(sv::Core.SimpleVector, pkg::Base.PkgId, path::String)
│        @ Base ./loading.jl:1122
│     [20] _include_from_serialized(pkg::Base.PkgId, path::String, ocachepath::String, depmods::Vector{Any})
│        @ Base ./loading.jl:1067
│     [21] _require_search_from_serialized(pkg::Base.PkgId, sourcepath::String, build_id::UInt128)
│        @ Base ./loading.jl:1581
│     [22] _require(pkg::Base.PkgId, env::String)
│        @ Base ./loading.jl:1938
│     [23] __require_prelocked(uuidkey::Base.PkgId, env::String)
│        @ Base ./loading.jl:1812
│     [24] #invoke_in_world#3
│        @ ./essentials.jl:926 [inlined]
│     [25] invoke_in_world
│        @ ./essentials.jl:923 [inlined]
│     [26] _require_prelocked(uuidkey::Base.PkgId, env::String)
│        @ Base ./loading.jl:1803
│     [27] macro expansion
│        @ ./loading.jl:1790 [inlined]
│     [28] macro expansion
│        @ ./lock.jl:267 [inlined]
│     [29] __require(into::Module, mod::Symbol)
│        @ Base ./loading.jl:1753
│     [30] #invoke_in_world#3
│        @ ./essentials.jl:926 [inlined]
│     [31] invoke_in_world
│        @ ./essentials.jl:923 [inlined]
│     [32] require(into::Module, mod::Symbol)
│        @ Base ./loading.jl:1746
│     [33] include(mod::Module, _path::String)
│        @ Base ./Base.jl:495
│     [34] exec_options(opts::Base.JLOptions)
│        @ Base ./client.jl:318
│     [35] _start()
│        @ Base ./client.jl:552
│    in expression starting at /user/home/em18564/.julia/packages/StatisticalRethinking/Bzph1/src/require/turing/turing_optim_sample.jl:3
│    in expression starting at /user/home/em18564/.julia/packages/StatisticalRethinking/Bzph1/src/require/turing/turing.jl:7
└ @ Requires ~/.julia/packages/Requires/Z8rfN/src/require.jl:51
Sampling (4 threads)   0%|                              |  ETA: N/A
┌ Info: Found initial step size
└   ϵ = 0.00078125
┌ Info: Found initial step size
└   ϵ = 0.00078125
┌ Info: Found initial step size
└   ϵ = 0.00625
┌ Info: Found initial step size
└   ϵ = 0.00625
Sampling (4 threads)  25%|███████▌                      |  ETA: 2:04:41
Sampling (4 threads)  50%|███████████████               |  ETA: 0:41:34
Sampling (4 threads)  75%|██████████████████████▌       |  ETA: 0:13:51
Sampling (4 threads) 100%|██████████████████████████████| Time: 0:41:33
Sampling (4 threads) 100%|██████████████████████████████| Time: 0:41:33
Chains MCMC chain (250×63×4 Array{Float64, 3}):

Iterations        = 126:1:375
Number of chains  = 4
Samples per chain = 250
Wall duration     = 2482.41 seconds
Compute duration  = 9646.92 seconds
parameters        = σ_w[1], σ_w[2], ρ_w[1, 1], ρ_w[2, 1], ρ_w[1, 2], ρ_w[2, 2], ab_w[1, 1], ab_w[2, 1], ab_w[1, 2], ab_w[2, 2], σ_p[1], σ_p[2], ρ_p[1, 1], ρ_p[2, 1], ρ_p[1, 2], ρ_p[2, 2], ab_p[1, 1], ab_p[2, 1], ab_p[1, 2], ab_p[2, 2], ab_p[1, 3], ab_p[2, 3], ab_p[1, 4], ab_p[2, 4], ab_p[1, 5], ab_p[2, 5], ab_p[1, 6], ab_p[2, 6], ab_p[1, 7], ab_p[2, 7], ab_p[1, 8], ab_p[2, 8], ab_p[1, 9], ab_p[2, 9], ab_p[1, 10], ab_p[2, 10], ab_p[1, 11], ab_p[2, 11], ab_p[1, 12], ab_p[2, 12], σ_e[1], σ_e[2], ρ_e[1, 1], ρ_e[2, 1], ρ_e[1, 2], ρ_e[2, 2], ab_e[1, 1], ab_e[2, 1], ab_e[1, 2], ab_e[2, 2], σ
internals         = lp, n_steps, is_accept, acceptance_rate, log_density, hamiltonian_energy, hamiltonian_energy_error, max_hamiltonian_energy_error, tree_depth, numerical_error, step_size, nom_step_size

Summary Statistics
   parameters      mean       std      mcse    ess_bulk   ess_tail      rhat   ess_per_sec
       Symbol   Float64   Float64   Float64     Float64    Float64   Float64       Float64

       σ_w[1]    0.4389    0.4434    0.0294    209.1395   286.9044    1.0215        0.0217
       σ_w[2]    0.3589    0.4102    0.0344    249.1150   193.0825    1.0143        0.0258
    ρ_w[1, 1]    1.0000    0.0000       NaN         NaN        NaN       NaN           NaN
    ρ_w[2, 1]   -0.0980    0.4061    0.0197    411.9064   319.9940    1.0053        0.0427
    ρ_w[1, 2]   -0.0980    0.4061    0.0197    411.9064   319.9940    1.0053        0.0427
    ρ_w[2, 2]    1.0000    0.0000    0.0000   1114.3354        NaN    0.9990        0.1155
   ab_w[1, 1]    0.0850    0.2549    0.0151    361.1780   245.9112    1.0080        0.0374
   ab_w[2, 1]   -0.0868    0.1295    0.0055    554.4462   432.1047    1.0062        0.0575
   ab_w[1, 2]   -0.1008    0.2535    0.0153    359.2836   260.6274    1.0105        0.0372
   ab_w[2, 2]    0.1264    0.1381    0.0060    552.7025   424.8687    1.0079        0.0573
       σ_p[1]    0.5128    0.1212    0.0049    664.0255   654.3420    1.0071        0.0688
       σ_p[2]    0.4287    0.1067    0.0048    653.6380   502.4637    1.0040        0.0678
    ρ_p[1, 1]    1.0000    0.0000       NaN         NaN        NaN       NaN           NaN
    ρ_p[2, 1]    0.2444    0.2416    0.0095    669.8568   640.4387    0.9998        0.0694
    ρ_p[1, 2]    0.2444    0.2416    0.0095    669.8568   640.4387    0.9998        0.0694
    ρ_p[2, 2]    1.0000    0.0000    0.0000   1123.1365        NaN    1.0011        0.1164
   ab_p[1, 1]   -0.3302    0.1534    0.0060    646.8381   571.9268    1.0026        0.0671
   ab_p[2, 1]    0.1581    0.1275    0.0052    597.3563   602.5207    1.0016        0.0619
   ab_p[1, 2]    0.6348    0.1554    0.0060    677.2424   657.8263    1.0062        0.0702
   ab_p[2, 2]    0.4708    0.1262    0.0050    647.5660   631.1221    1.0031        0.0671
   ab_p[1, 3]    0.0411    0.1521    0.0062    605.7215   553.6664    1.0141        0.0628
   ab_p[2, 3]    0.1924    0.1297    0.0049    714.2103   781.6873    0.9994        0.0740
   ab_p[1, 4]    0.6062    0.1542    0.0063    597.3185   525.4130    1.0047        0.0619
   ab_p[2, 4]   -0.1275    0.1325    0.0050    715.2753   707.7852    0.9996        0.0741
   ab_p[1, 5]    0.1068    0.1519    0.0062    594.6131   441.6875    1.0122        0.0616
   ab_p[2, 5]    0.0894    0.1301    0.0052    621.1225   587.8757    1.0033        0.0644
   ab_p[1, 6]   -0.3895    0.1548    0.0060    655.5690   590.1902    1.0063        0.0680
   ab_p[2, 6]    0.6478    0.1312    0.0052    648.2493   661.1295    1.0002        0.0672
   ab_p[1, 7]    0.3414    0.1545    0.0062    620.3998   542.7342    1.0063        0.0643
   ab_p[2, 7]    0.0559    0.1277    0.0049    681.9274   696.2931    0.9996        0.0707
   ab_p[1, 8]    0.6657    0.1518    0.0059    651.1684   470.2536    1.0145        0.0675
   ab_p[2, 8]    0.1586    0.1321    0.0051    672.9830   573.3628    1.0007        0.0698
   ab_p[1, 9]   -0.4647    0.1554    0.0062    622.6919   554.4739    1.0051        0.0645
   ab_p[2, 9]   -0.1115    0.1288    0.0051    649.3380   604.5586    0.9985        0.0673
  ab_p[1, 10]   -0.3361    0.1525    0.0062    605.6848   408.6586    1.0078        0.0628
  ab_p[2, 10]   -0.4011    0.1317    0.0050    718.4511   829.7800    1.0050        0.0745
  ab_p[1, 11]   -0.4193    0.1524    0.0062    598.3822   547.5792    1.0077        0.0620
  ab_p[2, 11]   -0.7468    0.1264    0.0050    645.4982   581.8674    1.0001        0.0669
  ab_p[1, 12]   -0.4094    0.1514    0.0060    630.0941   388.0302    1.0032        0.0653
  ab_p[2, 12]   -0.3048    0.1279    0.0049    669.0678   665.2394    0.9992        0.0694
       σ_e[1]    0.7892    0.5172    0.0254    495.2222   464.4344    1.0126        0.0513
       σ_e[2]    0.2181    0.3100    0.0231    108.2840   117.6683    1.0137        0.0112
    ρ_e[1, 1]    1.0000    0.0000       NaN         NaN        NaN       NaN           NaN
    ρ_e[2, 1]    0.1253    0.4132    0.0179    516.4315   382.3236    1.0065        0.0535
    ρ_e[1, 2]    0.1253    0.4132    0.0179    516.4315   382.3236    1.0065        0.0535
    ρ_e[2, 2]    1.0000    0.0000    0.0000   1090.2804        NaN    1.0032        0.1130
   ab_e[1, 1]   -0.3280    0.2619    0.0146    373.2488   286.6179    1.0086        0.0387
   ab_e[2, 1]   -0.0174    0.1087    0.0041    626.6510   526.7035    1.0100        0.0650
   ab_e[1, 2]    0.4486    0.2608    0.0146    374.4841   275.6725    1.0098        0.0388
   ab_e[2, 2]    0.0407    0.1101    0.0041    611.9074   415.2472    1.0065        0.0634
            σ    4.2453    0.0147    0.0005   1004.5408   822.1630    1.0030        0.1041

Quantiles
   parameters      2.5%     25.0%     50.0%     75.0%     97.5%
       Symbol   Float64   Float64   Float64   Float64   Float64

       σ_w[1]    0.0752    0.1576    0.2921    0.5486    1.5430
       σ_w[2]    0.0647    0.1402    0.2376    0.4098    1.4390
    ρ_w[1, 1]    1.0000    1.0000    1.0000    1.0000    1.0000
    ρ_w[2, 1]   -0.8151   -0.4162   -0.1157    0.2049    0.6885
    ρ_w[1, 2]   -0.8151   -0.4162   -0.1157    0.2049    0.6885
    ρ_w[2, 2]    1.0000    1.0000    1.0000    1.0000    1.0000
   ab_w[1, 1]   -0.4636   -0.0266    0.0830    0.2010    0.6132
   ab_w[2, 1]   -0.3658   -0.1568   -0.0861   -0.0194    0.1842
   ab_w[1, 2]   -0.6594   -0.2071   -0.0923    0.0121    0.4148
   ab_w[2, 2]   -0.1486    0.0465    0.1166    0.1929    0.4429
       σ_p[1]    0.3335    0.4255    0.4936    0.5813    0.8190
       σ_p[2]    0.2719    0.3541    0.4130    0.4834    0.6700
    ρ_p[1, 1]    1.0000    1.0000    1.0000    1.0000    1.0000
    ρ_p[2, 1]   -0.2633    0.0886    0.2694    0.4239    0.6493
    ρ_p[1, 2]   -0.2633    0.0886    0.2694    0.4239    0.6493
    ρ_p[2, 2]    1.0000    1.0000    1.0000    1.0000    1.0000
   ab_p[1, 1]   -0.6593   -0.4250   -0.3312   -0.2321   -0.0160
   ab_p[2, 1]   -0.0800    0.0721    0.1585    0.2372    0.4213
   ab_p[1, 2]    0.3287    0.5373    0.6348    0.7354    0.9404
   ab_p[2, 2]    0.2314    0.3873    0.4687    0.5572    0.7234
   ab_p[1, 3]   -0.2764   -0.0546    0.0402    0.1389    0.3410
   ab_p[2, 3]   -0.0497    0.1032    0.1892    0.2773    0.4504
   ab_p[1, 4]    0.2991    0.5070    0.6052    0.7019    0.9129
   ab_p[2, 4]   -0.3825   -0.2142   -0.1226   -0.0412    0.1407
   ab_p[1, 5]   -0.2070    0.0067    0.1079    0.2037    0.4131
   ab_p[2, 5]   -0.1589    0.0078    0.0899    0.1664    0.3532
   ab_p[1, 6]   -0.7048   -0.4819   -0.3895   -0.2869   -0.0944
   ab_p[2, 6]    0.4034    0.5559    0.6487    0.7321    0.9255
   ab_p[1, 7]    0.0322    0.2429    0.3388    0.4426    0.6606
   ab_p[2, 7]   -0.1767   -0.0274    0.0543    0.1409    0.3179
   ab_p[1, 8]    0.3607    0.5695    0.6640    0.7589    0.9826
   ab_p[2, 8]   -0.0851    0.0711    0.1561    0.2462    0.4283
   ab_p[1, 9]   -0.7900   -0.5631   -0.4625   -0.3667   -0.1641
   ab_p[2, 9]   -0.3669   -0.1945   -0.1144   -0.0293    0.1601
  ab_p[1, 10]   -0.6460   -0.4267   -0.3307   -0.2365   -0.0142
  ab_p[2, 10]   -0.6690   -0.4889   -0.3946   -0.3168   -0.1486
  ab_p[1, 11]   -0.7280   -0.5148   -0.4204   -0.3240   -0.1120
  ab_p[2, 11]   -1.0035   -0.8291   -0.7460   -0.6630   -0.5145
  ab_p[1, 12]   -0.7281   -0.5020   -0.4108   -0.3085   -0.1234
  ab_p[2, 12]   -0.5679   -0.3834   -0.3064   -0.2259   -0.0364
       σ_e[1]    0.2490    0.4600    0.6496    0.9693    2.2035
       σ_e[2]    0.0069    0.0415    0.1156    0.2695    1.0307
    ρ_e[1, 1]    1.0000    1.0000    1.0000    1.0000    1.0000
    ρ_e[2, 1]   -0.6890   -0.1823    0.1517    0.4434    0.8462
    ρ_e[1, 2]   -0.6890   -0.1823    0.1517    0.4434    0.8462
    ρ_e[2, 2]    1.0000    1.0000    1.0000    1.0000    1.0000
   ab_e[1, 1]   -0.8364   -0.4749   -0.3378   -0.1893    0.2711
   ab_e[2, 1]   -0.2611   -0.0599   -0.0153    0.0193    0.2209
   ab_e[1, 2]   -0.0745    0.3010    0.4368    0.5870    1.0450
   ab_e[2, 2]   -0.1881   -0.0041    0.0281    0.0853    0.2757
            σ    4.2175    4.2349    4.2452    4.2554    4.2726

