Chains MCMC chain (250×87×4 Array{Float64, 3}):

Iterations        = 126:1:375
Number of chains  = 4
Samples per chain = 250
Wall duration     = 6407.23 seconds
Compute duration  = 24187.14 seconds
parameters        = σ_w[1], σ_w[2], ρ_w[1,1], ρ_w[2,1], ρ_w[1,2], ρ_w[2,2], ab_w[1,1], ab_w[2,1], ab_w[1,2], ab_w[2,2], ab_w[1,3], ab_w[2,3], σ_p[1], σ_p[2], ρ_p[1,1], ρ_p[2,1], ρ_p[1,2], ρ_p[2,2], ab_p[1,1], ab_p[2,1], ab_p[1,2], ab_p[2,2], ab_p[1,3], ab_p[2,3], ab_p[1,4], ab_p[2,4], ab_p[1,5], ab_p[2,5], ab_p[1,6], ab_p[2,6], ab_p[1,7], ab_p[2,7], ab_p[1,8], ab_p[2,8], ab_p[1,9], ab_p[2,9], ab_p[1,10], ab_p[2,10], ab_p[1,11], ab_p[2,11], ab_p[1,12], ab_p[2,12], ab_p[1,13], ab_p[2,13], ab_p[1,14], ab_p[2,14], ab_p[1,15], ab_p[2,15], ab_p[1,16], ab_p[2,16], ab_p[1,17], ab_p[2,17], ab_p[1,18], ab_p[2,18], ab_p[1,19], ab_p[2,19], ab_p[1,20], ab_p[2,20], ab_p[1,21], ab_p[2,21], ab_p[1,22], ab_p[2,22], ab_p[1,23], ab_p[2,23], ab_p[1,24], ab_p[2,24], σ_e[1], σ_e[2], ρ_e[1,1], ρ_e[2,1], ρ_e[1,2], ρ_e[2,2], ab_e[1,1], ab_e[2,1], σ
internals         = lp, n_steps, is_accept, acceptance_rate, log_density, hamiltonian_energy, hamiltonian_energy_error, max_hamiltonian_energy_error, tree_depth, numerical_error, step_size, nom_step_size

Summary Statistics
  parameters      mean       std      mcse    ess_bulk    ess_tail      rhat   ess_per_sec
      Symbol   Float64   Float64   Float64     Float64     Float64   Float64       Float64

      σ_w[1]    0.0597    0.0768    0.0044    203.0768    298.0471    1.0266        0.0084
      σ_w[2]    0.0444    0.0679    0.0051    122.3423    186.9161    1.0130        0.0051
    ρ_w[1,1]    1.0000    0.0000       NaN         NaN         NaN       NaN           NaN
    ρ_w[2,1]   -0.1107    0.4542    0.0219    448.3566    509.6605    1.0069        0.0185
    ρ_w[1,2]   -0.1107    0.4542    0.0219    448.3566    509.6605    1.0069        0.0185
    ρ_w[2,2]    1.0000    0.0000    0.0000    941.9429    864.1669    1.0003        0.0389
   ab_w[1,1]    0.0040    0.0468    0.0014   1017.3655    489.3126    1.0118        0.0421
   ab_w[2,1]   -0.0084    0.0335    0.0012    714.2789    397.4880    1.0095        0.0295
   ab_w[1,2]   -0.0146    0.0442    0.0013    964.4086    432.9901    1.0093        0.0399
   ab_w[2,2]    0.0089    0.0316    0.0013    576.8579    286.0525    1.0075        0.0238
   ab_w[1,3]    0.0177    0.0446    0.0013    952.6174    565.3094    1.0149        0.0394
   ab_w[2,3]   -0.0061    0.0310    0.0011    698.8518    341.0574    1.0037        0.0289
      σ_p[1]    0.2040    0.0322    0.0012    770.2859    548.8937    1.0088        0.0318
      σ_p[2]    0.0382    0.0105    0.0007    241.3370    136.1633    1.0125        0.0100
    ρ_p[1,1]    1.0000    0.0000       NaN         NaN         NaN       NaN           NaN
    ρ_p[2,1]    0.5370    0.2149    0.0111    281.7313    367.2734    1.0124        0.0116
    ρ_p[1,2]    0.5370    0.2149    0.0111    281.7313    367.2734    1.0124        0.0116
    ρ_p[2,2]    1.0000    0.0000    0.0000    971.6695   1022.9498    0.9986        0.0402
   ab_p[1,1]   -0.0182    0.0494    0.0016    932.3730    794.6740    1.0063        0.0385
   ab_p[2,1]   -0.0342    0.0256    0.0010    691.5579    550.3769    1.0059        0.0286
   ab_p[1,2]   -0.1625    0.0499    0.0018    788.9676    762.4659    1.0000        0.0326
   ab_p[2,2]   -0.0068    0.0231    0.0007   1057.9800    859.7979    1.0027        0.0437
   ab_p[1,3]   -0.1587    0.0488    0.0016    917.1960    853.4243    1.0058        0.0379
   ab_p[2,3]   -0.0240    0.0230    0.0007   1186.3718    807.6107    1.0027        0.0490
   ab_p[1,4]    0.1043    0.0502    0.0016    977.7835    790.8770    1.0031        0.0404
   ab_p[2,4]    0.0141    0.0234    0.0007   1176.8957    765.4748    1.0034        0.0487
   ab_p[1,5]   -0.0651    0.0497    0.0017    895.4977    681.0199    1.0020        0.0370
   ab_p[2,5]   -0.0184    0.0234    0.0007   1002.6975    715.8928    1.0060        0.0415
   ab_p[1,6]    0.1122    0.0517    0.0017    924.8427    634.0171    1.0024        0.0382
   ab_p[2,6]   -0.0163    0.0255    0.0010    642.1996    804.6545    1.0007        0.0266
   ab_p[1,7]   -0.1524    0.0520    0.0017    959.1948    630.1403    1.0049        0.0397
   ab_p[2,7]   -0.0228    0.0244    0.0008   1046.0953    723.2220    1.0052        0.0433
   ab_p[1,8]    0.1033    0.0493    0.0017    835.0105    639.8333    1.0061        0.0345
   ab_p[2,8]    0.0228    0.0231    0.0007    991.9151    779.8931    1.0032        0.0410
   ab_p[1,9]    0.1774    0.0508    0.0017    960.2969    820.5938    1.0025        0.0397
   ab_p[2,9]    0.0365    0.0230    0.0008    934.8130    750.1966    1.0041        0.0386
  ab_p[1,10]    0.2267    0.0516    0.0018    901.8542    708.7252    1.0026        0.0373
  ab_p[2,10]    0.0190    0.0233    0.0007   1148.8343    628.1666    1.0067        0.0475
  ab_p[1,11]    0.4841    0.0509    0.0017    864.5914    650.7741    1.0097        0.0357
  ab_p[2,11]    0.0733    0.0275    0.0010    715.6038    670.0809    0.9999        0.0296
  ab_p[1,12]    0.4277    0.0496    0.0017    881.2773    643.6582    1.0037        0.0364
  ab_p[2,12]    0.0457    0.0277    0.0009   1047.7063    662.8987    1.0040        0.0433
  ab_p[1,13]   -0.0434    0.0492    0.0017    902.6928    867.4316    1.0042        0.0373
  ab_p[2,13]    0.0145    0.0238    0.0008    835.8051    803.7879    1.0034        0.0346
  ab_p[1,14]    0.1909    0.0497    0.0017    841.4193    793.5644    0.9980        0.0348
  ab_p[2,14]    0.0337    0.0223    0.0008    875.3119    813.0835    1.0032        0.0362
  ab_p[1,15]   -0.0985    0.0495    0.0016    934.9119    736.3956    1.0058        0.0387
  ab_p[2,15]   -0.0258    0.0244    0.0008   1049.4542    794.0982    1.0011        0.0434
  ab_p[1,16]   -0.0086    0.0501    0.0017    936.9439    621.6143    1.0027        0.0387
  ab_p[2,16]   -0.0285    0.0240    0.0009    811.0756    917.3403    1.0063        0.0335
  ab_p[1,17]   -0.0834    0.0506    0.0017    846.2062    772.7360    1.0019        0.0350
  ab_p[2,17]   -0.0270    0.0227    0.0008    725.2686    780.2213    1.0051        0.0300
  ab_p[1,18]    0.0257    0.0479    0.0016    852.7187    859.1081    1.0025        0.0353
  ab_p[2,18]   -0.0149    0.0216    0.0006   1200.9710    702.7311    1.0013        0.0497
  ab_p[1,19]   -0.0102    0.0515    0.0018    808.6186    744.3025    1.0036        0.0334
  ab_p[2,19]    0.0338    0.0253    0.0010    674.4525    625.5896    1.0033        0.0279
  ab_p[1,20]   -0.1058    0.0484    0.0016    961.3521    741.5801    1.0015        0.0397
  ab_p[2,20]    0.0096    0.0226    0.0007    946.4273    784.2553    1.0002        0.0391
  ab_p[1,21]   -0.2052    0.0516    0.0018    766.7209    665.7625    1.0025        0.0317
  ab_p[2,21]   -0.0321    0.0237    0.0008    984.0827    903.7785    1.0025        0.0407
  ab_p[1,22]   -0.2918    0.0471    0.0016    854.3691    731.7861    1.0032        0.0353
  ab_p[2,22]   -0.0103    0.0244    0.0008   1075.3748    913.4533    1.0147        0.0445
  ab_p[1,23]   -0.2184    0.0491    0.0017    824.9648    590.0095    1.0010        0.0341
  ab_p[2,23]   -0.0277    0.0232    0.0007   1005.6832    819.7139    1.0030        0.0416
  ab_p[1,24]   -0.0797    0.0471    0.0016    834.0961    702.1030    1.0072        0.0345
  ab_p[2,24]    0.0016    0.0231    0.0007   1144.7455    804.8035    1.0041        0.0473
      σ_e[1]    0.3131    0.4229    0.0254    176.1624    166.4628    1.0301        0.0073
      σ_e[2]    0.2749    0.4579    0.0351    107.1447    244.0590    1.0067        0.0044
    ρ_e[1,1]    1.0000    0.0000       NaN         NaN         NaN       NaN           NaN
    ρ_e[2,1]    0.0239    0.4728    0.0205    542.0663    400.5177    1.0097        0.0224
    ρ_e[1,2]    0.0239    0.4728    0.0205    542.0663    400.5177    1.0097        0.0224
    ρ_e[2,2]    1.0000    0.0000    0.0000    776.6086    658.6525    1.0018        0.0321
   ab_e[1,1]    0.0220    0.0541    0.0018    869.1506    453.4687    1.0015        0.0359
   ab_e[2,1]   -0.0044    0.0317    0.0012    674.2970    307.5958    1.0076        0.0279
           σ    1.0058    0.0046    0.0002    912.5566    709.3613    1.0025        0.0377

Quantiles
  parameters      2.5%     25.0%     50.0%     75.0%     97.5%
      Symbol   Float64   Float64   Float64   Float64   Float64

      σ_w[1]    0.0071    0.0202    0.0367    0.0679    0.2615
      σ_w[2]    0.0041    0.0125    0.0230    0.0500    0.2327
    ρ_w[1,1]    1.0000    1.0000    1.0000    1.0000    1.0000
    ρ_w[2,1]   -0.8678   -0.4770   -0.1457    0.2453    0.7121
    ρ_w[1,2]   -0.8678   -0.4770   -0.1457    0.2453    0.7121
    ρ_w[2,2]    1.0000    1.0000    1.0000    1.0000    1.0000
   ab_w[1,1]   -0.0771   -0.0140    0.0018    0.0212    0.1049
   ab_w[2,1]   -0.0762   -0.0201   -0.0054    0.0039    0.0522
   ab_w[1,2]   -0.1029   -0.0291   -0.0127    0.0005    0.0690
   ab_w[2,2]   -0.0490   -0.0011    0.0062    0.0180    0.0762
   ab_w[1,3]   -0.0587    0.0011    0.0161    0.0326    0.1054
   ab_w[2,3]   -0.0683   -0.0155   -0.0052    0.0041    0.0556
      σ_p[1]    0.1544    0.1827    0.2008    0.2202    0.2778
      σ_p[2]    0.0201    0.0312    0.0381    0.0443    0.0597
    ρ_p[1,1]    1.0000    1.0000    1.0000    1.0000    1.0000
    ρ_p[2,1]    0.0609    0.3965    0.5578    0.6990    0.8819
    ρ_p[1,2]    0.0609    0.3965    0.5578    0.6990    0.8819
    ρ_p[2,2]    1.0000    1.0000    1.0000    1.0000    1.0000
   ab_p[1,1]   -0.1149   -0.0508   -0.0203    0.0147    0.0762
   ab_p[2,1]   -0.0881   -0.0498   -0.0316   -0.0161    0.0105
   ab_p[1,2]   -0.2618   -0.1956   -0.1604   -0.1283   -0.0698
   ab_p[2,2]   -0.0499   -0.0216   -0.0074    0.0081    0.0411
   ab_p[1,3]   -0.2501   -0.1932   -0.1583   -0.1262   -0.0690
   ab_p[2,3]   -0.0723   -0.0383   -0.0226   -0.0093    0.0203
   ab_p[1,4]    0.0052    0.0723    0.1050    0.1388    0.1972
   ab_p[2,4]   -0.0331   -0.0010    0.0148    0.0296    0.0595
   ab_p[1,5]   -0.1581   -0.0984   -0.0648   -0.0321    0.0312
   ab_p[2,5]   -0.0666   -0.0334   -0.0176   -0.0033    0.0276
   ab_p[1,6]    0.0134    0.0776    0.1120    0.1463    0.2132
   ab_p[2,6]   -0.0700   -0.0334   -0.0144    0.0023    0.0279
   ab_p[1,7]   -0.2543   -0.1851   -0.1530   -0.1183   -0.0555
   ab_p[2,7]   -0.0726   -0.0373   -0.0217   -0.0067    0.0258
   ab_p[1,8]    0.0099    0.0703    0.1027    0.1338    0.2010
   ab_p[2,8]   -0.0233    0.0075    0.0223    0.0367    0.0691
   ab_p[1,9]    0.0769    0.1447    0.1769    0.2095    0.2778
   ab_p[2,9]   -0.0039    0.0194    0.0354    0.0506    0.0836
  ab_p[1,10]    0.1323    0.1930    0.2254    0.2589    0.3274
  ab_p[2,10]   -0.0293    0.0035    0.0202    0.0344    0.0646
  ab_p[1,11]    0.3907    0.4495    0.4836    0.5181    0.5817
  ab_p[2,11]    0.0241    0.0539    0.0729    0.0914    0.1271
  ab_p[1,12]    0.3323    0.3926    0.4288    0.4618    0.5280
  ab_p[2,12]   -0.0123    0.0286    0.0456    0.0635    0.0987
  ab_p[1,13]   -0.1354   -0.0777   -0.0431   -0.0111    0.0526
  ab_p[2,13]   -0.0289   -0.0014    0.0135    0.0283    0.0644
  ab_p[1,14]    0.0923    0.1581    0.1902    0.2223    0.2866
  ab_p[2,14]   -0.0043    0.0187    0.0323    0.0470    0.0819
  ab_p[1,15]   -0.1955   -0.1290   -0.0981   -0.0671   -0.0044
  ab_p[2,15]   -0.0745   -0.0410   -0.0256   -0.0087    0.0197
  ab_p[1,16]   -0.1066   -0.0410   -0.0099    0.0247    0.0904
  ab_p[2,16]   -0.0781   -0.0440   -0.0264   -0.0111    0.0137
  ab_p[1,17]   -0.1813   -0.1191   -0.0817   -0.0494    0.0140
  ab_p[2,17]   -0.0766   -0.0413   -0.0254   -0.0113    0.0142
  ab_p[1,18]   -0.0617   -0.0074    0.0256    0.0577    0.1161
  ab_p[2,18]   -0.0629   -0.0278   -0.0130   -0.0007    0.0245
  ab_p[1,19]   -0.1068   -0.0456   -0.0087    0.0226    0.0894
  ab_p[2,19]   -0.0119    0.0160    0.0320    0.0503    0.0871
  ab_p[1,20]   -0.1985   -0.1392   -0.1068   -0.0717   -0.0108
  ab_p[2,20]   -0.0323   -0.0064    0.0086    0.0237    0.0571
  ab_p[1,21]   -0.3023   -0.2394   -0.2048   -0.1720   -0.0975
  ab_p[2,21]   -0.0820   -0.0476   -0.0319   -0.0152    0.0130
  ab_p[1,22]   -0.3847   -0.3223   -0.2904   -0.2616   -0.2017
  ab_p[2,22]   -0.0553   -0.0277   -0.0116    0.0053    0.0406
  ab_p[1,23]   -0.3202   -0.2478   -0.2186   -0.1883   -0.1210
  ab_p[2,23]   -0.0780   -0.0434   -0.0262   -0.0125    0.0156
  ab_p[1,24]   -0.1734   -0.1106   -0.0798   -0.0486    0.0127
  ab_p[2,24]   -0.0420   -0.0128    0.0001    0.0170    0.0479
      σ_e[1]    0.0099    0.0594    0.1631    0.3866    1.5752
      σ_e[2]    0.0061    0.0307    0.0964    0.3069    1.5589
    ρ_e[1,1]    1.0000    1.0000    1.0000    1.0000    1.0000
    ρ_e[2,1]   -0.8455   -0.3258    0.0203    0.4048    0.8274
    ρ_e[1,2]   -0.8455   -0.3258    0.0203    0.4048    0.8274
    ρ_e[2,2]    1.0000    1.0000    1.0000    1.0000    1.0000
   ab_e[1,1]   -0.0838   -0.0066    0.0175    0.0505    0.1309
   ab_e[2,1]   -0.0701   -0.0151   -0.0038    0.0070    0.0559
           σ    0.9971    1.0028    1.0061    1.0089    1.0148

