Chains MCMC chain (250×87×4 Array{Float64, 3}):

Iterations        = 126:1:375
Number of chains  = 4
Samples per chain = 250
Wall duration     = 4483.13 seconds
Compute duration  = 14026.54 seconds
parameters        = σ_w[1], σ_w[2], ρ_w[1,1], ρ_w[2,1], ρ_w[1,2], ρ_w[2,2], ab_w[1,1], ab_w[2,1], ab_w[1,2], ab_w[2,2], ab_w[1,3], ab_w[2,3], σ_p[1], σ_p[2], ρ_p[1,1], ρ_p[2,1], ρ_p[1,2], ρ_p[2,2], ab_p[1,1], ab_p[2,1], ab_p[1,2], ab_p[2,2], ab_p[1,3], ab_p[2,3], ab_p[1,4], ab_p[2,4], ab_p[1,5], ab_p[2,5], ab_p[1,6], ab_p[2,6], ab_p[1,7], ab_p[2,7], ab_p[1,8], ab_p[2,8], ab_p[1,9], ab_p[2,9], ab_p[1,10], ab_p[2,10], ab_p[1,11], ab_p[2,11], ab_p[1,12], ab_p[2,12], ab_p[1,13], ab_p[2,13], ab_p[1,14], ab_p[2,14], ab_p[1,15], ab_p[2,15], ab_p[1,16], ab_p[2,16], ab_p[1,17], ab_p[2,17], ab_p[1,18], ab_p[2,18], ab_p[1,19], ab_p[2,19], ab_p[1,20], ab_p[2,20], ab_p[1,21], ab_p[2,21], ab_p[1,22], ab_p[2,22], ab_p[1,23], ab_p[2,23], ab_p[1,24], ab_p[2,24], σ_e[1], σ_e[2], ρ_e[1,1], ρ_e[2,1], ρ_e[1,2], ρ_e[2,2], ab_e[1,1], ab_e[2,1], σ
internals         = lp, n_steps, is_accept, acceptance_rate, log_density, hamiltonian_energy, hamiltonian_energy_error, max_hamiltonian_energy_error, tree_depth, numerical_error, step_size, nom_step_size

Summary Statistics
  parameters      mean       std      mcse    ess_bulk   ess_tail      rhat   ess_per_sec
      Symbol   Float64   Float64   Float64     Float64    Float64   Float64       Float64

      σ_w[1]    0.0397    0.0600    0.0052     75.2402    25.4844    1.0478        0.0054
      σ_w[2]    0.0344    0.0541    0.0045     98.0181   156.3058    1.0242        0.0070
    ρ_w[1,1]    1.0000    0.0000       NaN         NaN        NaN       NaN           NaN
    ρ_w[2,1]    0.0030    0.4520    0.0273    313.8282   474.5487    1.0157        0.0224
    ρ_w[1,2]    0.0030    0.4520    0.0273    313.8282   474.5487    1.0157        0.0224
    ρ_w[2,2]    1.0000    0.0000    0.0000    544.4224   324.6944    1.0080        0.0388
   ab_w[1,1]   -0.0100    0.0279    0.0011    661.0957   328.6881    1.0260        0.0471
   ab_w[2,1]   -0.0014    0.0288    0.0009    911.1739   316.2781    1.0139        0.0650
   ab_w[1,2]    0.0001    0.0256    0.0008   1010.0727   410.3314    1.0344        0.0720
   ab_w[2,2]   -0.0013    0.0274    0.0009    420.2525   241.7768    1.0210        0.0300
   ab_w[1,3]    0.0053    0.0258    0.0009    807.9792   420.6848    1.0147        0.0576
   ab_w[2,3]   -0.0045    0.0273    0.0009    444.0949   246.7998    1.0145        0.0317
      σ_p[1]    0.1606    0.0267    0.0010    754.5735   597.8744    1.0023        0.0538
      σ_p[2]    0.0203    0.0098    0.0013     54.5412    96.0289    1.0539        0.0039
    ρ_p[1,1]    1.0000    0.0000       NaN         NaN        NaN       NaN           NaN
    ρ_p[2,1]   -0.3871    0.3013    0.0208    171.0892   473.6543    1.0284        0.0122
    ρ_p[1,2]   -0.3871    0.3013    0.0208    171.0892   473.6543    1.0284        0.0122
    ρ_p[2,2]    1.0000    0.0000    0.0000   1025.0986   765.9092    1.0031        0.0731
   ab_p[1,1]    0.0049    0.0459    0.0014   1023.5579   647.0536    1.0134        0.0730
   ab_p[2,1]    0.0026    0.0160    0.0007    468.1611   515.9672    1.0124        0.0334
   ab_p[1,2]   -0.2088    0.0428    0.0015    884.6769   629.7973    1.0139        0.0631
   ab_p[2,2]    0.0160    0.0185    0.0008    543.9879   623.1736    1.0172        0.0388
   ab_p[1,3]    0.0534    0.0448    0.0014   1049.2791   692.1642    1.0136        0.0748
   ab_p[2,3]    0.0095    0.0187    0.0011    460.0602   518.2908    1.0068        0.0328
   ab_p[1,4]   -0.1642    0.0426    0.0015    788.8222   510.1371    1.0048        0.0562
   ab_p[2,4]    0.0030    0.0176    0.0005   1019.7843   607.0198    1.0194        0.0727
   ab_p[1,5]   -0.1008    0.0436    0.0015    871.2979   763.2872    1.0000        0.0621
   ab_p[2,5]   -0.0042    0.0169    0.0007    644.0213   595.7155    1.0079        0.0459
   ab_p[1,6]   -0.0422    0.0440    0.0017    703.3219   696.0172    1.0140        0.0501
   ab_p[2,6]   -0.0159    0.0220    0.0020    150.9405   440.9815    1.0277        0.0108
   ab_p[1,7]   -0.0053    0.0425    0.0014    955.4057   894.3673    0.9982        0.0681
   ab_p[2,7]    0.0055    0.0158    0.0005   1003.5327   503.5372    1.0144        0.0715
   ab_p[1,8]    0.0579    0.0449    0.0015    950.9875   713.5166    1.0069        0.0678
   ab_p[2,8]   -0.0184    0.0199    0.0016    173.5306   602.0488    1.0159        0.0124
   ab_p[1,9]    0.0733    0.0443    0.0013   1088.0119   661.8849    1.0074        0.0776
   ab_p[2,9]   -0.0170    0.0194    0.0013    253.7229   497.2027    1.0140        0.0181
  ab_p[1,10]   -0.0309    0.0435    0.0013   1045.3997   686.9778    1.0227        0.0745
  ab_p[2,10]    0.0026    0.0168    0.0005   1096.6339   476.2918    1.0130        0.0782
  ab_p[1,11]    0.1052    0.0453    0.0017    742.3785   787.7487    1.0081        0.0529
  ab_p[2,11]    0.0016    0.0165    0.0006    663.4204   666.6313    1.0087        0.0473
  ab_p[1,12]    0.1877    0.0454    0.0014   1056.1231   830.1284    1.0087        0.0753
  ab_p[2,12]   -0.0133    0.0182    0.0009    454.6997   618.7378    1.0212        0.0324
  ab_p[1,13]   -0.1359    0.0433    0.0015    817.0841   827.9528    1.0019        0.0583
  ab_p[2,13]    0.0084    0.0178    0.0006   1097.2193   682.1139    1.0081        0.0782
  ab_p[1,14]   -0.0134    0.0411    0.0014    871.1648   709.6427    1.0032        0.0621
  ab_p[2,14]   -0.0044    0.0172    0.0006    883.4642   585.9049    1.0204        0.0630
  ab_p[1,15]    0.0121    0.0433    0.0015    880.1830   818.1811    1.0197        0.0628
  ab_p[2,15]   -0.0053    0.0164    0.0005    937.6520   560.9346    1.0227        0.0668
  ab_p[1,16]    0.0310    0.0416    0.0016    663.1046   650.2108    1.0071        0.0473
  ab_p[2,16]   -0.0008    0.0165    0.0005    926.0336   713.9457    1.0235        0.0660
  ab_p[1,17]   -0.2978    0.0448    0.0017    652.3865   865.7926    1.0039        0.0465
  ab_p[2,17]    0.0200    0.0188    0.0008    609.3219   590.0847    1.0227        0.0434
  ab_p[1,18]   -0.0246    0.0440    0.0014   1026.6754   758.8968    1.0057        0.0732
  ab_p[2,18]    0.0029    0.0161    0.0005   1063.4999   599.3647    1.0073        0.0758
  ab_p[1,19]    0.4410    0.0434    0.0015    812.1349   693.1212    1.0208        0.0579
  ab_p[2,19]   -0.0183    0.0206    0.0007    756.3868   753.9351    1.0225        0.0539
  ab_p[1,20]    0.0612    0.0440    0.0014    963.0238   635.5501    1.0077        0.0687
  ab_p[2,20]    0.0055    0.0185    0.0008    601.1667   575.3503    1.0127        0.0429
  ab_p[1,21]   -0.1150    0.0458    0.0014   1015.3135   731.3451    1.0151        0.0724
  ab_p[2,21]    0.0125    0.0178    0.0009    412.2689   636.5371    1.0181        0.0294
  ab_p[1,22]   -0.1655    0.0457    0.0020    530.7142   734.8996    1.0044        0.0378
  ab_p[2,22]    0.0124    0.0179    0.0006    770.1917   556.1296    1.0140        0.0549
  ab_p[1,23]    0.0893    0.0407    0.0013    972.3884   820.1249    1.0080        0.0693
  ab_p[2,23]   -0.0082    0.0167    0.0007    650.5654   681.4631    1.0176        0.0464
  ab_p[1,24]    0.1275    0.0449    0.0017    696.9864   750.1836    1.0066        0.0497
  ab_p[2,24]    0.0033    0.0185    0.0008    522.5465   511.5599    1.0323        0.0373
      σ_e[1]    0.3469    0.5384    0.0432     56.5379   131.0761    1.0689        0.0040
      σ_e[2]    0.3264    0.5147    0.0388    135.8564   242.4628    1.0604        0.0097
    ρ_e[1,1]    1.0000    0.0000       NaN         NaN        NaN       NaN           NaN
    ρ_e[2,1]   -0.0628    0.4790    0.0358    163.2607    25.3572    1.0240        0.0116
    ρ_e[1,2]   -0.0628    0.4790    0.0358    163.2607    25.3572    1.0240        0.0116
    ρ_e[2,2]    1.0000    0.0000    0.0000    965.8563   882.2348    1.0030        0.0689
   ab_e[1,1]   -0.0111    0.0345    0.0013    666.1008   665.9522    1.0117        0.0475
   ab_e[2,1]   -0.0058    0.0270    0.0008   1005.4788   264.2236    1.0126        0.0717
           σ    1.0247    0.0046    0.0002    731.5145   612.6864    1.0095        0.0522

Quantiles
  parameters      2.5%     25.0%     50.0%     75.0%     97.5%
      Symbol   Float64   Float64   Float64   Float64   Float64

      σ_w[1]    0.0025    0.0096    0.0212    0.0458    0.1774
      σ_w[2]    0.0032    0.0090    0.0175    0.0364    0.1840
    ρ_w[1,1]    1.0000    1.0000    1.0000    1.0000    1.0000
    ρ_w[2,1]   -0.7732   -0.3804   -0.0020    0.3875    0.8116
    ρ_w[1,2]   -0.7732   -0.3804   -0.0020    0.3875    0.8116
    ρ_w[2,2]    1.0000    1.0000    1.0000    1.0000    1.0000
   ab_w[1,1]   -0.0847   -0.0193   -0.0046    0.0026    0.0342
   ab_w[2,1]   -0.0567   -0.0100   -0.0005    0.0087    0.0574
   ab_w[1,2]   -0.0508   -0.0102   -0.0007    0.0090    0.0554
   ab_w[2,2]   -0.0596   -0.0086   -0.0005    0.0078    0.0536
   ab_w[1,3]   -0.0456   -0.0040    0.0024    0.0138    0.0618
   ab_w[2,3]   -0.0671   -0.0122   -0.0025    0.0045    0.0472
      σ_p[1]    0.1152    0.1428    0.1576    0.1740    0.2252
      σ_p[2]    0.0053    0.0125    0.0190    0.0268    0.0411
    ρ_p[1,1]    1.0000    1.0000    1.0000    1.0000    1.0000
    ρ_p[2,1]   -0.8378   -0.6302   -0.4210   -0.1831    0.2707
    ρ_p[1,2]   -0.8378   -0.6302   -0.4210   -0.1831    0.2707
    ρ_p[2,2]    1.0000    1.0000    1.0000    1.0000    1.0000
   ab_p[1,1]   -0.0898   -0.0267    0.0041    0.0336    0.0983
   ab_p[2,1]   -0.0280   -0.0075    0.0022    0.0118    0.0367
   ab_p[1,2]   -0.2896   -0.2372   -0.2103   -0.1808   -0.1234
   ab_p[2,2]   -0.0164    0.0045    0.0138    0.0265    0.0594
   ab_p[1,3]   -0.0343    0.0257    0.0568    0.0818    0.1418
   ab_p[2,3]   -0.0199   -0.0034    0.0061    0.0194    0.0511
   ab_p[1,4]   -0.2468   -0.1927   -0.1656   -0.1360   -0.0791
   ab_p[2,4]   -0.0348   -0.0066    0.0033    0.0128    0.0371
   ab_p[1,5]   -0.1829   -0.1278   -0.1011   -0.0722   -0.0138
   ab_p[2,5]   -0.0404   -0.0146   -0.0019    0.0065    0.0269
   ab_p[1,6]   -0.1336   -0.0695   -0.0439   -0.0121    0.0431
   ab_p[2,6]   -0.0660   -0.0294   -0.0107   -0.0000    0.0163
   ab_p[1,7]   -0.0893   -0.0337   -0.0058    0.0225    0.0833
   ab_p[2,7]   -0.0238   -0.0044    0.0041    0.0135    0.0422
   ab_p[1,8]   -0.0251    0.0307    0.0555    0.0876    0.1422
   ab_p[2,8]   -0.0688   -0.0300   -0.0131   -0.0044    0.0096
   ab_p[1,9]   -0.0166    0.0438    0.0709    0.1029    0.1606
   ab_p[2,9]   -0.0647   -0.0265   -0.0130   -0.0038    0.0114
  ab_p[1,10]   -0.1140   -0.0590   -0.0294   -0.0037    0.0557
  ab_p[2,10]   -0.0301   -0.0068    0.0010    0.0115    0.0392
  ab_p[1,11]    0.0214    0.0738    0.1061    0.1375    0.1938
  ab_p[2,11]   -0.0309   -0.0088    0.0006    0.0107    0.0370
  ab_p[1,12]    0.0969    0.1580    0.1895    0.2159    0.2816
  ab_p[2,12]   -0.0543   -0.0231   -0.0113   -0.0018    0.0175
  ab_p[1,13]   -0.2204   -0.1641   -0.1374   -0.1065   -0.0523
  ab_p[2,13]   -0.0236   -0.0019    0.0073    0.0178    0.0479
  ab_p[1,14]   -0.0940   -0.0398   -0.0142    0.0127    0.0704
  ab_p[2,14]   -0.0449   -0.0130   -0.0026    0.0060    0.0260
  ab_p[1,15]   -0.0709   -0.0157    0.0122    0.0404    0.0952
  ab_p[2,15]   -0.0403   -0.0145   -0.0034    0.0045    0.0240
  ab_p[1,16]   -0.0504    0.0027    0.0313    0.0597    0.1117
  ab_p[2,16]   -0.0344   -0.0098   -0.0008    0.0080    0.0328
  ab_p[1,17]   -0.3825   -0.3295   -0.2986   -0.2678   -0.2094
  ab_p[2,17]   -0.0134    0.0073    0.0176    0.0322    0.0596
  ab_p[1,18]   -0.1141   -0.0531   -0.0236    0.0031    0.0631
  ab_p[2,18]   -0.0288   -0.0065    0.0023    0.0106    0.0394
  ab_p[1,19]    0.3563    0.4131    0.4391    0.4702    0.5262
  ab_p[2,19]   -0.0608   -0.0305   -0.0176   -0.0040    0.0205
  ab_p[1,20]   -0.0249    0.0320    0.0633    0.0890    0.1456
  ab_p[2,20]   -0.0270   -0.0058    0.0031    0.0142    0.0498
  ab_p[1,21]   -0.1991   -0.1462   -0.1150   -0.0839   -0.0261
  ab_p[2,21]   -0.0185    0.0012    0.0105    0.0221    0.0514
  ab_p[1,22]   -0.2516   -0.1969   -0.1634   -0.1357   -0.0755
  ab_p[2,22]   -0.0190    0.0012    0.0110    0.0217    0.0545
  ab_p[1,23]    0.0127    0.0631    0.0877    0.1159    0.1761
  ab_p[2,23]   -0.0436   -0.0174   -0.0066    0.0018    0.0209
  ab_p[1,24]    0.0405    0.0962    0.1267    0.1604    0.2106
  ab_p[2,24]   -0.0326   -0.0079    0.0014    0.0136    0.0463
      σ_e[1]    0.0086    0.0671    0.1473    0.4138    1.9624
      σ_e[2]    0.0076    0.0475    0.1316    0.3454    1.9277
    ρ_e[1,1]    1.0000    1.0000    1.0000    1.0000    1.0000
    ρ_e[2,1]   -0.9074   -0.4221   -0.0654    0.3083    0.8036
    ρ_e[1,2]   -0.9074   -0.4221   -0.0654    0.3083    0.8036
    ρ_e[2,2]    1.0000    1.0000    1.0000    1.0000    1.0000
   ab_e[1,1]   -0.0764   -0.0312   -0.0098    0.0091    0.0632
   ab_e[2,1]   -0.0611   -0.0152   -0.0065    0.0025    0.0481
           σ    1.0158    1.0215    1.0247    1.0280    1.0334

