Chains MCMC chain (250×87×4 Array{Float64, 3}):

Iterations        = 126:1:375
Number of chains  = 4
Samples per chain = 250
Wall duration     = 4889.74 seconds
Compute duration  = 13775.7 seconds
parameters        = σ_w[1], σ_w[2], ρ_w[1,1], ρ_w[2,1], ρ_w[1,2], ρ_w[2,2], ab_w[1,1], ab_w[2,1], ab_w[1,2], ab_w[2,2], ab_w[1,3], ab_w[2,3], σ_p[1], σ_p[2], ρ_p[1,1], ρ_p[2,1], ρ_p[1,2], ρ_p[2,2], ab_p[1,1], ab_p[2,1], ab_p[1,2], ab_p[2,2], ab_p[1,3], ab_p[2,3], ab_p[1,4], ab_p[2,4], ab_p[1,5], ab_p[2,5], ab_p[1,6], ab_p[2,6], ab_p[1,7], ab_p[2,7], ab_p[1,8], ab_p[2,8], ab_p[1,9], ab_p[2,9], ab_p[1,10], ab_p[2,10], ab_p[1,11], ab_p[2,11], ab_p[1,12], ab_p[2,12], ab_p[1,13], ab_p[2,13], ab_p[1,14], ab_p[2,14], ab_p[1,15], ab_p[2,15], ab_p[1,16], ab_p[2,16], ab_p[1,17], ab_p[2,17], ab_p[1,18], ab_p[2,18], ab_p[1,19], ab_p[2,19], ab_p[1,20], ab_p[2,20], ab_p[1,21], ab_p[2,21], ab_p[1,22], ab_p[2,22], ab_p[1,23], ab_p[2,23], ab_p[1,24], ab_p[2,24], σ_e[1], σ_e[2], ρ_e[1,1], ρ_e[2,1], ρ_e[1,2], ρ_e[2,2], ab_e[1,1], ab_e[2,1], σ
internals         = lp, n_steps, is_accept, acceptance_rate, log_density, hamiltonian_energy, hamiltonian_energy_error, max_hamiltonian_energy_error, tree_depth, numerical_error, step_size, nom_step_size

Summary Statistics
  parameters      mean       std      mcse    ess_bulk   ess_tail      rhat   ess_per_sec
      Symbol   Float64   Float64   Float64     Float64    Float64   Float64       Float64

      σ_w[1]    0.0374    0.0638    0.0069     60.1946   163.7157    1.1199        0.0044
      σ_w[2]    0.0253    0.0504    0.0061      8.2392    39.3269    1.4518        0.0006
    ρ_w[1,1]    1.0000    0.0000       NaN         NaN        NaN       NaN           NaN
    ρ_w[2,1]    0.0125    0.4172    0.0270    307.0668   262.6216    1.5224        0.0223
    ρ_w[1,2]    0.0125    0.4172    0.0270    307.0668   262.6216    1.5224        0.0223
    ρ_w[2,2]    1.0000    0.0000    0.0000     50.2093        NaN    1.1657        0.0036
   ab_w[1,1]    0.0002    0.0239    0.0009    103.9640   393.5687    1.0421        0.0075
   ab_w[2,1]   -0.0029    0.0202    0.0007    471.1915   514.4078    1.2660        0.0342
   ab_w[1,2]    0.0138    0.0236    0.0011    438.0444   326.3249    1.2129        0.0318
   ab_w[2,2]    0.0010    0.0204    0.0006    943.0478   328.7327    1.2424        0.0685
   ab_w[1,3]   -0.0009    0.0225    0.0008    309.6288   475.5596    1.0683        0.0225
   ab_w[2,3]    0.0017    0.0201    0.0006    897.4808   402.5497    1.1832        0.0651
      σ_p[1]    0.1225    0.0196    0.0040     24.5837   459.3878    1.1128        0.0018
      σ_p[2]    0.0611    0.0122    0.0006    637.3551   502.6936    1.4914        0.0463
    ρ_p[1,1]    1.0000    0.0000       NaN         NaN        NaN       NaN           NaN
    ρ_p[2,1]   -0.0858    0.2892    0.1055      7.7720    12.8945    1.4907        0.0006
    ρ_p[1,2]   -0.0858    0.2892    0.1055      7.7720    12.8945    1.4907        0.0006
    ρ_p[2,2]    1.0000    0.0000    0.0000     25.5075        NaN    1.1078        0.0019
   ab_p[1,1]   -0.0890    0.0435    0.0105     17.8351   846.6998    1.1628        0.0013
   ab_p[2,1]    0.0013    0.0284    0.0019    293.3368   747.9725    1.1880        0.0213
   ab_p[1,2]    0.1585    0.0426    0.0058     46.5933   640.1614    1.0985        0.0034
   ab_p[2,2]    0.0555    0.0291    0.0010    721.7650   647.8948    1.3083        0.0524
   ab_p[1,3]   -0.1118    0.0432    0.0107     16.4788   373.8121    1.1811        0.0012
   ab_p[2,3]    0.0298    0.0280    0.0024    127.1814   609.2611    1.1343        0.0092
   ab_p[1,4]    0.1369    0.0367    0.0012    889.8369   911.0376    1.4002        0.0646
   ab_p[2,4]   -0.0331    0.0268    0.0018    192.2951   700.4939    1.2327        0.0140
   ab_p[1,5]    0.0029    0.0473    0.0149     10.4607   329.3842    1.3162        0.0008
   ab_p[2,5]   -0.0189    0.0307    0.0087     13.1048    24.3058    1.2294        0.0010
   ab_p[1,6]   -0.1937    0.0374    0.0020    807.0847   695.1959    1.3329        0.0586
   ab_p[2,6]    0.0850    0.0308    0.0051     41.5047   605.4425    1.0774        0.0030
   ab_p[1,7]    0.0166    0.0384    0.0023    264.0511   620.5883    1.3152        0.0192
   ab_p[2,7]    0.0206    0.0266    0.0008   1014.3280   696.3352    1.2080        0.0736
   ab_p[1,8]    0.1417    0.0414    0.0084     22.7801   787.2327    1.1226        0.0017
   ab_p[2,8]    0.0310    0.0275    0.0010    499.0458   548.4993    1.2383        0.0362
   ab_p[1,9]   -0.0776    0.0396    0.0060     50.0882   758.1633    1.0753        0.0036
   ab_p[2,9]   -0.0861    0.0326    0.0083     15.8613   828.6768    1.1782        0.0012
  ab_p[1,10]   -0.1447    0.0422    0.0104     17.8264   852.3409    1.1595        0.0013
  ab_p[2,10]   -0.0540    0.0395    0.0137      8.2090    76.5677    1.4538        0.0006
  ab_p[1,11]   -0.0567    0.0375    0.0030    142.1532   799.3852    1.1606        0.0103
  ab_p[2,11]   -0.1216    0.0286    0.0010    793.3120   572.8597    1.1913        0.0576
  ab_p[1,12]   -0.0378    0.0428    0.0098     19.4472   454.9467    1.1528        0.0014
  ab_p[2,12]   -0.0360    0.0280    0.0024    168.5435   589.0757    1.0837        0.0122
  ab_p[1,13]    0.0978    0.0426    0.0116     14.0962   562.9602    1.2095        0.0010
  ab_p[2,13]    0.0085    0.0283    0.0036     62.3366   556.5637    1.1098        0.0045
  ab_p[1,14]    0.0651    0.0493    0.0164      9.4008    50.6346    1.3622        0.0007
  ab_p[2,14]    0.0086    0.0348    0.0108     10.4957   104.1771    1.3024        0.0008
  ab_p[1,15]    0.0337    0.0397    0.0073     29.8928   724.0360    1.1020        0.0022
  ab_p[2,15]    0.0376    0.0273    0.0008    938.2035   737.1809    1.2152        0.0681
  ab_p[1,16]    0.0324    0.0478    0.0147     11.9843   566.1248    1.2642        0.0009
  ab_p[2,16]    0.0152    0.0291    0.0047     36.9963   669.2899    1.0788        0.0027
  ab_p[1,17]    0.0400    0.0440    0.0126     12.6373   645.9017    1.2402        0.0009
  ab_p[2,17]    0.0177    0.0276    0.0047     32.3512   607.2520    1.0849        0.0023
  ab_p[1,18]   -0.0634    0.0534    0.0197      7.9125    41.8441    1.4731        0.0006
  ab_p[2,18]   -0.0346    0.0284    0.0040     50.1956   612.6052    1.1657        0.0036
  ab_p[1,19]    0.0608    0.0356    0.0013    567.6962   816.2611    1.2623        0.0412
  ab_p[2,19]   -0.0478    0.0342    0.0108     10.7197   751.8964    1.3002        0.0008
  ab_p[1,20]    0.0398    0.0486    0.0162      9.4291   669.1596    1.3604        0.0007
  ab_p[2,20]   -0.0414    0.0287    0.0064     20.1928   738.8173    1.1359        0.0015
  ab_p[1,21]    0.2740    0.0400    0.0061     49.1890   572.6112    1.0885        0.0036
  ab_p[2,21]    0.0042    0.0292    0.0011    632.9334   533.1574    1.2450        0.0459
  ab_p[1,22]    0.0186    0.0401    0.0080     28.4240   685.4721    1.1050        0.0021
  ab_p[2,22]    0.0564    0.0303    0.0060     24.2268   791.9970    1.1179        0.0018
  ab_p[1,23]   -0.0594    0.0382    0.0024    182.3774   582.2551    1.2596        0.0132
  ab_p[2,23]    0.0717    0.0281    0.0009    859.6329   600.3744    1.2372        0.0624
  ab_p[1,24]    0.0791    0.0508    0.0176      8.5144    55.9726    1.4215        0.0006
  ab_p[2,24]   -0.0092    0.0267    0.0013    386.1626   663.3103    1.1756        0.0280
      σ_e[1]    0.2370    0.4262    0.0591     11.7079    20.8539    1.3018        0.0008
      σ_e[2]    0.2009    0.4435    0.0298     11.0475    21.4749    1.3061        0.0008
    ρ_e[1,1]    1.0000    0.0000       NaN         NaN        NaN       NaN           NaN
    ρ_e[2,1]   -0.0082    0.4105    0.0152    685.6989   320.6652    1.5628        0.0498
    ρ_e[1,2]   -0.0082    0.4105    0.0152    685.6989   320.6652    1.5628        0.0498
    ρ_e[2,2]    1.0000    0.0000    0.0000    622.3927   332.7701    1.0276        0.0452
   ab_e[1,1]    0.0238    0.0321    0.0056     28.0773   227.2939    1.1065        0.0020
   ab_e[2,1]   -0.0036    0.0213    0.0007    603.8870   513.5143    1.1614        0.0438
           σ    1.0324    0.0045    0.0002    578.3325   647.0997    1.1122        0.0420

Quantiles
  parameters      2.5%     25.0%     50.0%     75.0%     97.5%
      Symbol   Float64   Float64   Float64   Float64   Float64

      σ_w[1]    0.0035    0.0130    0.0174    0.0423    0.1762
      σ_w[2]    0.0019    0.0019    0.0102    0.0280    0.1503
    ρ_w[1,1]    1.0000    1.0000    1.0000    1.0000    1.0000
    ρ_w[2,1]   -0.8034   -0.2797    0.1364    0.1796    0.8228
    ρ_w[1,2]   -0.8034   -0.2797    0.1364    0.1796    0.8228
    ρ_w[2,2]    1.0000    1.0000    1.0000    1.0000    1.0000
   ab_w[1,1]   -0.0486   -0.0086   -0.0010    0.0100    0.0517
   ab_w[2,1]   -0.0463   -0.0081   -0.0004    0.0024    0.0290
   ab_w[1,2]   -0.0267    0.0015    0.0113    0.0191    0.0693
   ab_w[2,2]   -0.0315   -0.0039    0.0004    0.0045    0.0353
   ab_w[1,3]   -0.0452   -0.0100   -0.0025    0.0043    0.0526
   ab_w[2,3]   -0.0308   -0.0031    0.0000    0.0044    0.0393
      σ_p[1]    0.0858    0.1073    0.1251    0.1366    0.1583
      σ_p[2]    0.0418    0.0550    0.0578    0.0667    0.0918
    ρ_p[1,1]    1.0000    1.0000    1.0000    1.0000    1.0000
    ρ_p[2,1]   -0.4670   -0.4456   -0.0645    0.1247    0.4591
    ρ_p[1,2]   -0.4670   -0.4456   -0.0645    0.1247    0.4591
    ρ_p[2,2]    1.0000    1.0000    1.0000    1.0000    1.0000
   ab_p[1,1]   -0.1796   -0.1200   -0.0823   -0.0517   -0.0229
   ab_p[2,1]   -0.0628   -0.0150    0.0076    0.0159    0.0552
   ab_p[1,2]    0.0579    0.1311    0.1695    0.1869    0.2441
   ab_p[2,2]   -0.0042    0.0384    0.0570    0.0708    0.1151
   ab_p[1,3]   -0.2028   -0.1409   -0.1069   -0.0744   -0.0531
   ab_p[2,3]   -0.0243    0.0123    0.0269    0.0459    0.0927
   ab_p[1,4]    0.0614    0.1204    0.1347    0.1543    0.2159
   ab_p[2,4]   -0.0846   -0.0479   -0.0357   -0.0171    0.0265
   ab_p[1,5]   -0.0933   -0.0347    0.0042    0.0481    0.0660
   ab_p[2,5]   -0.0644   -0.0471   -0.0210    0.0038    0.0451
   ab_p[1,6]   -0.2730   -0.2159   -0.1850   -0.1746   -0.1230
   ab_p[2,6]    0.0213    0.0627    0.0922    0.1050    0.1418
   ab_p[1,7]   -0.0576   -0.0029    0.0059    0.0394    0.0987
   ab_p[2,7]   -0.0358    0.0049    0.0200    0.0328    0.0770
   ab_p[1,8]    0.0514    0.1144    0.1479    0.1729    0.2137
   ab_p[2,8]   -0.0244    0.0174    0.0262    0.0453    0.0894
   ab_p[1,9]   -0.1692   -0.1023   -0.0675   -0.0534   -0.0091
   ab_p[2,9]   -0.1356   -0.1130   -0.0901   -0.0620   -0.0195
  ab_p[1,10]   -0.2078   -0.1782   -0.1493   -0.1148   -0.0546
  ab_p[2,10]   -0.1319   -0.0820   -0.0554   -0.0131   -0.0028
  ab_p[1,11]   -0.1310   -0.0762   -0.0643   -0.0340    0.0209
  ab_p[2,11]   -0.1824   -0.1381   -0.1211   -0.1085   -0.0623
  ab_p[1,12]   -0.1323   -0.0659   -0.0303   -0.0023    0.0293
  ab_p[2,12]   -0.0989   -0.0517   -0.0311   -0.0177    0.0176
  ab_p[1,13]    0.0088    0.0675    0.1010    0.1328    0.1578
  ab_p[2,13]   -0.0446   -0.0102    0.0015    0.0265    0.0692
  ab_p[1,14]   -0.0323    0.0290    0.0643    0.1101    0.1301
  ab_p[2,14]   -0.0359   -0.0245    0.0064    0.0344    0.0818
  ab_p[1,15]   -0.0497    0.0058    0.0438    0.0631    0.0977
  ab_p[2,15]   -0.0195    0.0260    0.0389    0.0509    0.0913
  ab_p[1,16]   -0.0657   -0.0019    0.0357    0.0821    0.0961
  ab_p[2,16]   -0.0406   -0.0071    0.0141    0.0336    0.0773
  ab_p[1,17]   -0.0515    0.0090    0.0437    0.0818    0.0985
  ab_p[2,17]   -0.0337   -0.0010    0.0128    0.0357    0.0748
  ab_p[1,18]   -0.1609   -0.1027   -0.0687   -0.0027    0.0115
  ab_p[2,18]   -0.0815   -0.0535   -0.0423   -0.0176    0.0270
  ab_p[1,19]   -0.0141    0.0412    0.0636    0.0801    0.1353
  ab_p[2,19]   -0.1147   -0.0734   -0.0466   -0.0144   -0.0036
  ab_p[1,20]   -0.0574    0.0043    0.0403    0.0898    0.1032
  ab_p[2,20]   -0.0901   -0.0629   -0.0453   -0.0226    0.0214
  ab_p[1,21]    0.1851    0.2467    0.2815    0.3015    0.3412
  ab_p[2,21]   -0.0578   -0.0126    0.0013    0.0202    0.0698
  ab_p[1,22]   -0.0667   -0.0072    0.0284    0.0476    0.0788
  ab_p[2,22]    0.0111    0.0349    0.0490    0.0753    0.1226
  ab_p[1,23]   -0.1328   -0.0836   -0.0608   -0.0355    0.0241
  ab_p[2,23]    0.0121    0.0574    0.0749    0.0854    0.1270
  ab_p[1,24]   -0.0176    0.0407    0.0764    0.1341    0.1467
  ab_p[2,24]   -0.0681   -0.0251   -0.0036    0.0028    0.0414
      σ_e[1]    0.0083    0.0123    0.0721    0.2404    1.4455
      σ_e[2]    0.0060    0.0075    0.0408    0.1756    1.5651
    ρ_e[1,1]    1.0000    1.0000    1.0000    1.0000    1.0000
    ρ_e[2,1]   -0.8227   -0.2850    0.0559    0.2388    0.7724
    ρ_e[1,2]   -0.8227   -0.2850    0.0559    0.2388    0.7724
    ρ_e[2,2]    1.0000    1.0000    1.0000    1.0000    1.0000
   ab_e[1,1]   -0.0306    0.0002    0.0169    0.0430    0.0934
   ab_e[2,1]   -0.0440   -0.0097   -0.0006    0.0037    0.0287
           σ    1.0231    1.0303    1.0322    1.0350    1.0417

