cpu-bind=MASK - bp1-compute082, task  0  0 [2340216]: mask 0x800200800200 set
Running on host bp1-compute082
Time is Thu May 14 18:15:08 BST 2026
Directory is /user/home/em18564/bayesian/BC4/Bayes/wordType_experiments/models/1_baseModel
Slurm job ID is 17317308
This job runs on the following machines:
bp1-compute082
┌ Warning: Runtime invalidation was disabled, but the CPU info is out-of-date.
│ Will continue with incorrect CPU name (from build time).
└ @ HostCPUFeatures ~/.julia/packages/HostCPUFeatures/ZTXz4/src/cpu_info.jl:71
┌ Warning: Runtime invalidation was disabled, but the CPU info is out-of-date.
│ Will continue with incorrect CPU feature flag: +avx512vnni.
└ @ HostCPUFeatures ~/.julia/packages/HostCPUFeatures/ZTXz4/src/cpu_info.jl:56
┌ Warning: Runtime invalidation was disabled, but the CPU info is out-of-date.
│ Will continue with incorrect CPU feature flag: -rtm.
└ @ HostCPUFeatures ~/.julia/packages/HostCPUFeatures/ZTXz4/src/cpu_info.jl:56
Sampling (4 threads)   0%|                              |  ETA: N/A
┌ Info: Found initial step size
└   ϵ = 0.00625
┌ Info: Found initial step size
└   ϵ = 0.00078125
┌ Info: Found initial step size
└   ϵ = 0.003125
┌ Info: Found initial step size
└   ϵ = 0.000390625
Sampling (4 threads)   0%|▏                             |  ETA: 2:38:40
Sampling (4 threads)   1%|▎                             |  ETA: 1:19:01
Sampling (4 threads)   2%|▌                             |  ETA: 0:52:25
Sampling (4 threads)   2%|▋                             |  ETA: 0:41:16
Sampling (4 threads)   2%|▊                             |  ETA: 0:32:51
Sampling (4 threads)   3%|▉                             |  ETA: 0:27:14
Sampling (4 threads)   4%|█                             |  ETA: 0:24:44
Sampling (4 threads)   4%|█▎                            |  ETA: 0:21:32
Sampling (4 threads)   4%|█▍                            |  ETA: 0:19:02
Sampling (4 threads)   5%|█▌                            |  ETA: 0:18:01
Sampling (4 threads)   6%|█▋                            |  ETA: 0:16:17
Sampling (4 threads)   6%|█▊                            |  ETA: 0:14:51
Sampling (4 threads)   6%|██                            |  ETA: 0:20:10
Sampling (4 threads)   7%|██▏                           |  ETA: 0:18:37
Sampling (4 threads)   8%|██▎                           |  ETA: 0:17:17
Sampling (4 threads)   8%|██▍                           |  ETA: 0:21:42
Sampling (4 threads)   8%|██▌                           |  ETA: 0:20:19
Sampling (4 threads)   9%|██▊                           |  ETA: 0:32:21
Sampling (4 threads)  10%|██▉                           |  ETA: 0:30:28
Sampling (4 threads)  10%|███                           |  ETA: 0:35:14
Sampling (4 threads)  10%|███▏                          |  ETA: 0:33:22
Sampling (4 threads)  11%|███▎                          |  ETA: 0:46:53
Sampling (4 threads)  12%|███▌                          |  ETA: 0:44:35
Sampling (4 threads)  12%|███▋                          |  ETA: 0:42:29
Sampling (4 threads)  12%|███▊                          |  ETA: 0:41:48
Sampling (4 threads)  13%|███▉                          |  ETA: 0:39:57
Sampling (4 threads)  14%|████                          |  ETA: 0:44:25
Sampling (4 threads)  14%|████▎                         |  ETA: 0:42:35
Sampling (4 threads)  14%|████▍                         |  ETA: 0:40:52
Sampling (4 threads)  15%|████▌                         |  ETA: 0:47:07
Sampling (4 threads)  16%|████▋                         |  ETA: 0:45:19
Sampling (4 threads)  16%|████▊                         |  ETA: 0:47:33
Sampling (4 threads)  16%|█████                         |  ETA: 0:45:50
Sampling (4 threads)  17%|█████▏                        |  ETA: 0:50:24
Sampling (4 threads)  18%|█████▎                        |  ETA: 0:48:39
Sampling (4 threads)  18%|█████▍                        |  ETA: 0:49:53
Sampling (4 threads)  18%|█████▌                        |  ETA: 0:48:14
Sampling (4 threads)  19%|█████▊                        |  ETA: 0:46:41
Sampling (4 threads)  20%|█████▉                        |  ETA: 0:49:42
Sampling (4 threads)  20%|██████                        |  ETA: 0:48:09
Sampling (4 threads)  20%|██████▏                       |  ETA: 0:50:14
Sampling (4 threads)  21%|██████▎                       |  ETA: 0:48:43
Sampling (4 threads)  22%|██████▌                       |  ETA: 0:52:56
Sampling (4 threads)  22%|██████▋                       |  ETA: 0:51:24
Sampling (4 threads)  22%|██████▊                       |  ETA: 0:49:56
Sampling (4 threads)  23%|██████▉                       |  ETA: 0:54:23
Sampling (4 threads)  24%|███████                       |  ETA: 0:52:53
Sampling (4 threads)  24%|███████▎                      |  ETA: 0:51:26
Sampling (4 threads)  24%|███████▍                      |  ETA: 0:50:03
Sampling (4 threads)  25%|███████▌                      |  ETA: 0:52:37
Sampling (4 threads)  26%|███████▋                      |  ETA: 0:51:14
Sampling (4 threads)  26%|███████▊                      |  ETA: 0:55:19
Sampling (4 threads)  26%|████████                      |  ETA: 0:53:55
Sampling (4 threads)  27%|████████▏                     |  ETA: 0:52:33
Sampling (4 threads)  28%|████████▎                     |  ETA: 0:51:15
Sampling (4 threads)  28%|████████▍                     |  ETA: 0:53:37
Sampling (4 threads)  28%|████████▌                     |  ETA: 0:52:19
Sampling (4 threads)  29%|████████▊                     |  ETA: 0:51:03
Sampling (4 threads)  30%|████████▉                     |  ETA: 0:51:01
Sampling (4 threads)  30%|█████████                     |  ETA: 0:49:49
Sampling (4 threads)  30%|█████████▏                    |  ETA: 0:50:15
Sampling (4 threads)  31%|█████████▎                    |  ETA: 0:49:05
Sampling (4 threads)  32%|█████████▌                    |  ETA: 0:50:51
Sampling (4 threads)  32%|█████████▋                    |  ETA: 0:49:41
Sampling (4 threads)  32%|█████████▊                    |  ETA: 0:48:34
Sampling (4 threads)  33%|█████████▉                    |  ETA: 0:51:14
Sampling (4 threads)  34%|██████████                    |  ETA: 0:50:06
Sampling (4 threads)  34%|██████████▎                   |  ETA: 0:48:59
Sampling (4 threads)  34%|██████████▍                   |  ETA: 0:47:55
Sampling (4 threads)  35%|██████████▌                   |  ETA: 0:49:59
Sampling (4 threads)  36%|██████████▋                   |  ETA: 0:48:54
Sampling (4 threads)  36%|██████████▊                   |  ETA: 0:47:51
Sampling (4 threads)  36%|███████████                   |  ETA: 0:51:09
Sampling (4 threads)  37%|███████████▏                  |  ETA: 0:50:04
Sampling (4 threads)  38%|███████████▎                  |  ETA: 0:49:00
Sampling (4 threads)  38%|███████████▍                  |  ETA: 0:50:39
Sampling (4 threads)  38%|███████████▌                  |  ETA: 0:49:35
Sampling (4 threads)  39%|███████████▊                  |  ETA: 0:51:17
Sampling (4 threads)  40%|███████████▉                  |  ETA: 0:50:13
Sampling (4 threads)  40%|████████████                  |  ETA: 0:49:10
Sampling (4 threads)  40%|████████████▏                 |  ETA: 0:48:10
Sampling (4 threads)  41%|████████████▎                 |  ETA: 0:48:50
Sampling (4 threads)  42%|████████████▌                 |  ETA: 0:47:50
Sampling (4 threads)  42%|████████████▋                 |  ETA: 0:48:52
Sampling (4 threads)  42%|████████████▊                 |  ETA: 0:47:53
Sampling (4 threads)  43%|████████████▉                 |  ETA: 0:49:11
Sampling (4 threads)  44%|█████████████                 |  ETA: 0:48:12
Sampling (4 threads)  44%|█████████████▎                |  ETA: 0:47:14
Sampling (4 threads)  44%|█████████████▍                |  ETA: 0:47:59
Sampling (4 threads)  45%|█████████████▌                |  ETA: 0:47:02
Sampling (4 threads)  46%|█████████████▋                |  ETA: 0:46:05
Sampling (4 threads)  46%|█████████████▊                |  ETA: 0:46:46
Sampling (4 threads)  46%|██████████████                |  ETA: 0:45:50
Sampling (4 threads)  47%|██████████████▏               |  ETA: 0:46:00
Sampling (4 threads)  48%|██████████████▎               |  ETA: 0:45:05
Sampling (4 threads)  48%|██████████████▍               |  ETA: 0:46:03
Sampling (4 threads)  48%|██████████████▌               |  ETA: 0:45:08
Sampling (4 threads)  49%|██████████████▊               |  ETA: 0:45:27
Sampling (4 threads)  50%|██████████████▉               |  ETA: 0:44:33
Sampling (4 threads)  50%|███████████████               |  ETA: 0:43:40
Sampling (4 threads)  50%|███████████████▏              |  ETA: 0:44:07
Sampling (4 threads)  51%|███████████████▎              |  ETA: 0:43:15
Sampling (4 threads)  52%|███████████████▌              |  ETA: 0:42:23
Sampling (4 threads)  52%|███████████████▋              |  ETA: 0:42:46
Sampling (4 threads)  52%|███████████████▊              |  ETA: 0:41:55
Sampling (4 threads)  53%|███████████████▉              |  ETA: 0:42:17
Sampling (4 threads)  54%|████████████████              |  ETA: 0:41:26
Sampling (4 threads)  54%|████████████████▎             |  ETA: 0:41:50
Sampling (4 threads)  55%|████████████████▍             |  ETA: 0:40:59
Sampling (4 threads)  55%|████████████████▌             |  ETA: 0:40:10
Sampling (4 threads)  56%|████████████████▋             |  ETA: 0:40:34
Sampling (4 threads)  56%|████████████████▊             |  ETA: 0:39:45
Sampling (4 threads)  56%|█████████████████             |  ETA: 0:40:16
Sampling (4 threads)  57%|█████████████████▏            |  ETA: 0:39:28
Sampling (4 threads)  57%|█████████████████▎            |  ETA: 0:38:40
Sampling (4 threads)  58%|█████████████████▍            |  ETA: 0:37:53
Sampling (4 threads)  58%|█████████████████▌            |  ETA: 0:38:18
Sampling (4 threads)  59%|█████████████████▊            |  ETA: 0:37:31
Sampling (4 threads)  60%|█████████████████▉            |  ETA: 0:36:45
Sampling (4 threads)  60%|██████████████████            |  ETA: 0:37:27
Sampling (4 threads)  60%|██████████████████▏           |  ETA: 0:36:40
Sampling (4 threads)  61%|██████████████████▎           |  ETA: 0:37:04
Sampling (4 threads)  62%|██████████████████▌           |  ETA: 0:36:18
Sampling (4 threads)  62%|██████████████████▋           |  ETA: 0:35:32
Sampling (4 threads)  62%|██████████████████▊           |  ETA: 0:34:47
Sampling (4 threads)  63%|██████████████████▉           |  ETA: 0:35:14
Sampling (4 threads)  64%|███████████████████           |  ETA: 0:34:29
Sampling (4 threads)  64%|███████████████████▎          |  ETA: 0:34:26
Sampling (4 threads)  64%|███████████████████▍          |  ETA: 0:33:41
Sampling (4 threads)  65%|███████████████████▌          |  ETA: 0:32:58
Sampling (4 threads)  66%|███████████████████▋          |  ETA: 0:33:13
Sampling (4 threads)  66%|███████████████████▊          |  ETA: 0:32:29
Sampling (4 threads)  66%|████████████████████          |  ETA: 0:31:46
Sampling (4 threads)  67%|████████████████████▏         |  ETA: 0:32:11
Sampling (4 threads)  68%|████████████████████▎         |  ETA: 0:31:27
Sampling (4 threads)  68%|████████████████████▍         |  ETA: 0:30:45
Sampling (4 threads)  68%|████████████████████▌         |  ETA: 0:30:56
Sampling (4 threads)  69%|████████████████████▊         |  ETA: 0:30:14
Sampling (4 threads)  70%|████████████████████▉         |  ETA: 0:29:32
Sampling (4 threads)  70%|█████████████████████         |  ETA: 0:29:31
Sampling (4 threads)  70%|█████████████████████▏        |  ETA: 0:28:50
Sampling (4 threads)  71%|█████████████████████▎        |  ETA: 0:28:08
Sampling (4 threads)  72%|█████████████████████▌        |  ETA: 0:28:06
Sampling (4 threads)  72%|█████████████████████▋        |  ETA: 0:27:24
Sampling (4 threads)  72%|█████████████████████▊        |  ETA: 0:26:44
Sampling (4 threads)  73%|█████████████████████▉        |  ETA: 0:26:30
Sampling (4 threads)  74%|██████████████████████        |  ETA: 0:25:50
Sampling (4 threads)  74%|██████████████████████▎       |  ETA: 0:25:10
Sampling (4 threads)  74%|██████████████████████▍       |  ETA: 0:24:52
Sampling (4 threads)  75%|██████████████████████▌       |  ETA: 0:24:13
Sampling (4 threads)  76%|██████████████████████▋       |  ETA: 0:24:05
Sampling (4 threads)  76%|██████████████████████▊       |  ETA: 0:23:26
Sampling (4 threads)  76%|███████████████████████       |  ETA: 0:22:48
Sampling (4 threads)  77%|███████████████████████▏      |  ETA: 0:22:38
Sampling (4 threads)  78%|███████████████████████▎      |  ETA: 0:22:00
Sampling (4 threads)  78%|███████████████████████▍      |  ETA: 0:21:23
Sampling (4 threads)  78%|███████████████████████▌      |  ETA: 0:21:11
Sampling (4 threads)  79%|███████████████████████▊      |  ETA: 0:20:34
Sampling (4 threads)  80%|███████████████████████▉      |  ETA: 0:19:57
Sampling (4 threads)  80%|████████████████████████      |  ETA: 0:19:40
Sampling (4 threads)  80%|████████████████████████▏     |  ETA: 0:19:03
Sampling (4 threads)  81%|████████████████████████▎     |  ETA: 0:18:27
Sampling (4 threads)  82%|████████████████████████▌     |  ETA: 0:18:17
Sampling (4 threads)  82%|████████████████████████▋     |  ETA: 0:17:40
Sampling (4 threads)  82%|████████████████████████▊     |  ETA: 0:17:18
Sampling (4 threads)  83%|████████████████████████▉     |  ETA: 0:16:42
Sampling (4 threads)  84%|█████████████████████████     |  ETA: 0:16:07
Sampling (4 threads)  84%|█████████████████████████▎    |  ETA: 0:15:53
Sampling (4 threads)  84%|█████████████████████████▍    |  ETA: 0:15:17
Sampling (4 threads)  85%|█████████████████████████▌    |  ETA: 0:14:43
Sampling (4 threads)  86%|█████████████████████████▋    |  ETA: 0:14:21
Sampling (4 threads)  86%|█████████████████████████▊    |  ETA: 0:13:46
Sampling (4 threads)  86%|██████████████████████████    |  ETA: 0:13:20
Sampling (4 threads)  87%|██████████████████████████▏   |  ETA: 0:12:46
Sampling (4 threads)  88%|██████████████████████████▎   |  ETA: 0:12:19
Sampling (4 threads)  88%|██████████████████████████▍   |  ETA: 0:11:45
Sampling (4 threads)  88%|██████████████████████████▌   |  ETA: 0:11:12
Sampling (4 threads)  89%|██████████████████████████▊   |  ETA: 0:10:42
Sampling (4 threads)  90%|██████████████████████████▉   |  ETA: 0:10:13
Sampling (4 threads)  90%|███████████████████████████   |  ETA: 0:09:48
Sampling (4 threads)  90%|███████████████████████████▏  |  ETA: 0:09:21
Sampling (4 threads)  91%|███████████████████████████▎  |  ETA: 0:08:50
Sampling (4 threads)  92%|███████████████████████████▌  |  ETA: 0:08:22
Sampling (4 threads)  92%|███████████████████████████▋  |  ETA: 0:07:52
Sampling (4 threads)  92%|███████████████████████████▊  |  ETA: 0:07:26
Sampling (4 threads)  93%|███████████████████████████▉  |  ETA: 0:06:55
Sampling (4 threads)  94%|████████████████████████████  |  ETA: 0:06:28
Sampling (4 threads)  94%|████████████████████████████▎ |  ETA: 0:05:57
Sampling (4 threads)  94%|████████████████████████████▍ |  ETA: 0:05:28
Sampling (4 threads)  95%|████████████████████████████▌ |  ETA: 0:04:58
Sampling (4 threads)  96%|████████████████████████████▋ |  ETA: 0:04:28
Sampling (4 threads)  96%|████████████████████████████▊ |  ETA: 0:03:58
Sampling (4 threads)  96%|█████████████████████████████ |  ETA: 0:03:30
Sampling (4 threads)  97%|█████████████████████████████▏|  ETA: 0:03:02
Sampling (4 threads)  98%|█████████████████████████████▎|  ETA: 0:02:34
Sampling (4 threads)  98%|█████████████████████████████▍|  ETA: 0:02:03
Sampling (4 threads)  98%|█████████████████████████████▌|  ETA: 0:01:34
Sampling (4 threads)  99%|█████████████████████████████▊|  ETA: 0:01:03
Sampling (4 threads) 100%|█████████████████████████████▉|  ETA: 0:00:31
Sampling (4 threads) 100%|██████████████████████████████| Time: 1:45:54
Sampling (4 threads) 100%|██████████████████████████████| Time: 1:45:55
Sampling (4 threads)   0%|                              |  ETA: N/A
┌ Info: Found initial step size
└   ϵ = 0.00078125
┌ Info: Found initial step size
└   ϵ = 0.0015625
┌ Info: Found initial step size
└   ϵ = 0.003125
┌ Info: Found initial step size
└   ϵ = 0.000390625
Sampling (4 threads)   0%|▏                             |  ETA: 3:21:37
Sampling (4 threads)   1%|▎                             |  ETA: 1:40:24
Sampling (4 threads)   2%|▌                             |  ETA: 1:06:36
Sampling (4 threads)   2%|▋                             |  ETA: 0:53:03
Sampling (4 threads)   2%|▊                             |  ETA: 0:42:14
Sampling (4 threads)   3%|▉                             |  ETA: 0:35:01
Sampling (4 threads)   4%|█                             |  ETA: 0:31:43
Sampling (4 threads)   4%|█▎                            |  ETA: 0:27:37
Sampling (4 threads)   4%|█▍                            |  ETA: 0:25:41
Sampling (4 threads)   5%|█▌                            |  ETA: 0:22:59
Sampling (4 threads)   6%|█▋                            |  ETA: 0:22:29
Sampling (4 threads)   6%|█▊                            |  ETA: 0:20:30
Sampling (4 threads)   6%|██                            |  ETA: 0:18:49
Sampling (4 threads)   7%|██▏                           |  ETA: 0:17:23
Sampling (4 threads)   8%|██▎                           |  ETA: 0:17:13
Sampling (4 threads)   8%|██▍                           |  ETA: 0:16:03
Sampling (4 threads)   8%|██▌                           |  ETA: 0:15:02
Sampling (4 threads)   9%|██▊                           |  ETA: 0:14:53
Sampling (4 threads)  10%|██▉                           |  ETA: 0:14:01
Sampling (4 threads)  10%|███                           |  ETA: 0:13:15
Sampling (4 threads)  10%|███▏                          |  ETA: 0:13:08
Sampling (4 threads)  11%|███▎                          |  ETA: 0:12:28
Sampling (4 threads)  12%|███▌                          |  ETA: 0:12:26
Sampling (4 threads)  12%|███▋                          |  ETA: 0:11:51
Sampling (4 threads)  12%|███▊                          |  ETA: 0:12:57
Sampling (4 threads)  13%|███▉                          |  ETA: 0:12:23
Sampling (4 threads)  14%|████                          |  ETA: 0:11:51
Sampling (4 threads)  14%|████▎                         |  ETA: 0:11:45
Sampling (4 threads)  14%|████▍                         |  ETA: 0:11:17
Sampling (4 threads)  15%|████▌                         |  ETA: 0:15:03
Sampling (4 threads)  16%|████▋                         |  ETA: 0:14:29
Sampling (4 threads)  16%|████▊                         |  ETA: 0:13:57
Sampling (4 threads)  16%|█████                         |  ETA: 0:22:15
Sampling (4 threads)  17%|█████▏                        |  ETA: 0:21:28
Sampling (4 threads)  18%|█████▎                        |  ETA: 0:20:44
Sampling (4 threads)  18%|█████▍                        |  ETA: 0:20:02
Sampling (4 threads)  18%|█████▌                        |  ETA: 0:24:12
Sampling (4 threads)  19%|█████▊                        |  ETA: 0:23:26
Sampling (4 threads)  20%|█████▉                        |  ETA: 0:28:23
Sampling (4 threads)  20%|██████                        |  ETA: 0:27:30
Sampling (4 threads)  20%|██████▏                       |  ETA: 0:26:40
Sampling (4 threads)  21%|██████▎                       |  ETA: 0:36:33
Sampling (4 threads)  22%|██████▌                       |  ETA: 0:35:28
Sampling (4 threads)  22%|██████▋                       |  ETA: 0:34:26
Sampling (4 threads)  22%|██████▊                       |  ETA: 0:38:38
Sampling (4 threads)  23%|██████▉                       |  ETA: 0:37:33
Sampling (4 threads)  24%|███████                       |  ETA: 0:41:10
Sampling (4 threads)  24%|███████▎                      |  ETA: 0:40:03
Sampling (4 threads)  24%|███████▍                      |  ETA: 0:38:59
Sampling (4 threads)  25%|███████▌                      |  ETA: 0:43:01
Sampling (4 threads)  26%|███████▋                      |  ETA: 0:41:53
Sampling (4 threads)  26%|███████▊                      |  ETA: 0:40:48
Sampling (4 threads)  26%|████████                      |  ETA: 0:46:02
Sampling (4 threads)  27%|████████▏                     |  ETA: 0:44:52
Sampling (4 threads)  28%|████████▎                     |  ETA: 0:43:45
Sampling (4 threads)  28%|████████▍                     |  ETA: 0:42:40
Sampling (4 threads)  28%|████████▌                     |  ETA: 0:43:43
Sampling (4 threads)  29%|████████▊                     |  ETA: 0:42:40
Sampling (4 threads)  30%|████████▉                     |  ETA: 0:45:49
Sampling (4 threads)  30%|█████████                     |  ETA: 0:44:44
Sampling (4 threads)  30%|█████████▏                    |  ETA: 0:43:41
Sampling (4 threads)  31%|█████████▎                    |  ETA: 0:46:18
Sampling (4 threads)  32%|█████████▌                    |  ETA: 0:45:14
Sampling (4 threads)  32%|█████████▋                    |  ETA: 0:44:12
Sampling (4 threads)  32%|█████████▊                    |  ETA: 0:43:12
Sampling (4 threads)  33%|█████████▉                    |  ETA: 0:48:16
Sampling (4 threads)  34%|██████████                    |  ETA: 0:47:12
Sampling (4 threads)  34%|██████████▎                   |  ETA: 0:49:38
Sampling (4 threads)  34%|██████████▍                   |  ETA: 0:48:33
Sampling (4 threads)  35%|██████████▌                   |  ETA: 0:47:30
Sampling (4 threads)  36%|██████████▋                   |  ETA: 0:48:43
Sampling (4 threads)  36%|██████████▊                   |  ETA: 0:47:40
Sampling (4 threads)  36%|███████████                   |  ETA: 0:50:08
Sampling (4 threads)  37%|███████████▏                  |  ETA: 0:49:04
Sampling (4 threads)  38%|███████████▎                  |  ETA: 0:50:49
Sampling (4 threads)  38%|███████████▍                  |  ETA: 0:49:45
Sampling (4 threads)  38%|███████████▌                  |  ETA: 0:52:39
Sampling (4 threads)  39%|███████████▊                  |  ETA: 0:51:33
Sampling (4 threads)  40%|███████████▉                  |  ETA: 0:50:29
Sampling (4 threads)  40%|████████████                  |  ETA: 0:49:26
Sampling (4 threads)  40%|████████████▏                 |  ETA: 0:50:52
Sampling (4 threads)  41%|████████████▎                 |  ETA: 0:49:50
Sampling (4 threads)  42%|████████████▌                 |  ETA: 0:50:49
Sampling (4 threads)  42%|████████████▋                 |  ETA: 0:49:47
Sampling (4 threads)  42%|████████████▊                 |  ETA: 0:51:09
Sampling (4 threads)  43%|████████████▉                 |  ETA: 0:50:07
Sampling (4 threads)  44%|█████████████                 |  ETA: 0:51:42
Sampling (4 threads)  44%|█████████████▎                |  ETA: 0:50:40
Sampling (4 threads)  44%|█████████████▍                |  ETA: 0:49:39
Sampling (4 threads)  45%|█████████████▌                |  ETA: 0:51:30
Sampling (4 threads)  46%|█████████████▋                |  ETA: 0:50:28
Sampling (4 threads)  46%|█████████████▊                |  ETA: 0:49:28
Sampling (4 threads)  46%|██████████████                |  ETA: 0:50:59
Sampling (4 threads)  47%|██████████████▏               |  ETA: 0:49:59
Sampling (4 threads)  48%|██████████████▎               |  ETA: 0:48:59
Sampling (4 threads)  48%|██████████████▍               |  ETA: 0:48:01
Sampling (4 threads)  48%|██████████████▌               |  ETA: 0:48:41
Sampling (4 threads)  49%|██████████████▊               |  ETA: 0:47:43
Sampling (4 threads)  50%|██████████████▉               |  ETA: 0:48:00
Sampling (4 threads)  50%|███████████████               |  ETA: 0:47:03
Sampling (4 threads)  50%|███████████████▏              |  ETA: 0:46:07
Sampling (4 threads)  51%|███████████████▎              |  ETA: 0:47:00
Sampling (4 threads)  52%|███████████████▌              |  ETA: 0:46:04
Sampling (4 threads)  52%|███████████████▋              |  ETA: 0:46:43
Sampling (4 threads)  52%|███████████████▊              |  ETA: 0:45:48
Sampling (4 threads)  53%|███████████████▉              |  ETA: 0:44:53
Sampling (4 threads)  54%|████████████████              |  ETA: 0:45:24
Sampling (4 threads)  54%|████████████████▎             |  ETA: 0:44:30
Sampling (4 threads)  55%|████████████████▍             |  ETA: 0:46:00
Sampling (4 threads)  55%|████████████████▌             |  ETA: 0:45:04
Sampling (4 threads)  56%|████████████████▋             |  ETA: 0:44:10
Sampling (4 threads)  56%|████████████████▊             |  ETA: 0:45:36
Sampling (4 threads)  56%|█████████████████             |  ETA: 0:44:41
Sampling (4 threads)  57%|█████████████████▏            |  ETA: 0:43:47
Sampling (4 threads)  57%|█████████████████▎            |  ETA: 0:42:54
Sampling (4 threads)  58%|█████████████████▍            |  ETA: 0:44:00
Sampling (4 threads)  58%|█████████████████▌            |  ETA: 0:43:06
Sampling (4 threads)  59%|█████████████████▊            |  ETA: 0:42:13
Sampling (4 threads)  60%|█████████████████▉            |  ETA: 0:42:32
Sampling (4 threads)  60%|██████████████████            |  ETA: 0:41:39
Sampling (4 threads)  60%|██████████████████▏           |  ETA: 0:40:48
Sampling (4 threads)  61%|██████████████████▎           |  ETA: 0:41:57
Sampling (4 threads)  62%|██████████████████▌           |  ETA: 0:41:05
Sampling (4 threads)  62%|██████████████████▋           |  ETA: 0:40:13
Sampling (4 threads)  62%|██████████████████▊           |  ETA: 0:40:55
Sampling (4 threads)  63%|██████████████████▉           |  ETA: 0:40:03
Sampling (4 threads)  64%|███████████████████           |  ETA: 0:39:12
Sampling (4 threads)  64%|███████████████████▎          |  ETA: 0:39:56
Sampling (4 threads)  64%|███████████████████▍          |  ETA: 0:39:05
Sampling (4 threads)  65%|███████████████████▌          |  ETA: 0:38:14
Sampling (4 threads)  66%|███████████████████▋          |  ETA: 0:37:57
Sampling (4 threads)  66%|███████████████████▊          |  ETA: 0:37:07
Sampling (4 threads)  66%|████████████████████          |  ETA: 0:36:18
Sampling (4 threads)  67%|████████████████████▏         |  ETA: 0:36:29
Sampling (4 threads)  68%|████████████████████▎         |  ETA: 0:35:40
Sampling (4 threads)  68%|████████████████████▍         |  ETA: 0:34:52
Sampling (4 threads)  68%|████████████████████▌         |  ETA: 0:34:57
Sampling (4 threads)  69%|████████████████████▊         |  ETA: 0:34:08
Sampling (4 threads)  70%|████████████████████▉         |  ETA: 0:33:21
Sampling (4 threads)  70%|█████████████████████         |  ETA: 0:33:19
Sampling (4 threads)  70%|█████████████████████▏        |  ETA: 0:32:32
Sampling (4 threads)  71%|█████████████████████▎        |  ETA: 0:32:21
Sampling (4 threads)  72%|█████████████████████▌        |  ETA: 0:31:34
Sampling (4 threads)  72%|█████████████████████▋        |  ETA: 0:31:16
Sampling (4 threads)  72%|█████████████████████▊        |  ETA: 0:30:30
Sampling (4 threads)  73%|█████████████████████▉        |  ETA: 0:30:36
Sampling (4 threads)  74%|██████████████████████        |  ETA: 0:29:50
Sampling (4 threads)  74%|██████████████████████▎       |  ETA: 0:29:04
Sampling (4 threads)  74%|██████████████████████▍       |  ETA: 0:28:19
Sampling (4 threads)  75%|██████████████████████▌       |  ETA: 0:28:10
Sampling (4 threads)  76%|██████████████████████▋       |  ETA: 0:27:25
Sampling (4 threads)  76%|██████████████████████▊       |  ETA: 0:26:41
Sampling (4 threads)  76%|███████████████████████       |  ETA: 0:26:34
Sampling (4 threads)  77%|███████████████████████▏      |  ETA: 0:25:50
Sampling (4 threads)  78%|███████████████████████▎      |  ETA: 0:25:06
Sampling (4 threads)  78%|███████████████████████▍      |  ETA: 0:24:52
Sampling (4 threads)  78%|███████████████████████▌      |  ETA: 0:24:09
Sampling (4 threads)  79%|███████████████████████▊      |  ETA: 0:23:27
Sampling (4 threads)  80%|███████████████████████▉      |  ETA: 0:22:44
Sampling (4 threads)  80%|████████████████████████      |  ETA: 0:22:31
Sampling (4 threads)  80%|████████████████████████▏     |  ETA: 0:21:49
Sampling (4 threads)  81%|████████████████████████▎     |  ETA: 0:21:07
Sampling (4 threads)  82%|████████████████████████▌     |  ETA: 0:21:04
Sampling (4 threads)  82%|████████████████████████▋     |  ETA: 0:20:22
Sampling (4 threads)  82%|████████████████████████▊     |  ETA: 0:19:41
Sampling (4 threads)  83%|████████████████████████▉     |  ETA: 0:19:31
Sampling (4 threads)  84%|█████████████████████████     |  ETA: 0:18:50
Sampling (4 threads)  84%|█████████████████████████▎    |  ETA: 0:18:09
Sampling (4 threads)  84%|█████████████████████████▍    |  ETA: 0:17:47
Sampling (4 threads)  85%|█████████████████████████▌    |  ETA: 0:17:06
Sampling (4 threads)  86%|█████████████████████████▋    |  ETA: 0:16:26
Sampling (4 threads)  86%|█████████████████████████▊    |  ETA: 0:16:03
Sampling (4 threads)  86%|██████████████████████████    |  ETA: 0:15:23
Sampling (4 threads)  87%|██████████████████████████▏   |  ETA: 0:14:44
Sampling (4 threads)  88%|██████████████████████████▎   |  ETA: 0:14:23
Sampling (4 threads)  88%|██████████████████████████▍   |  ETA: 0:13:44
Sampling (4 threads)  88%|██████████████████████████▌   |  ETA: 0:13:05
Sampling (4 threads)  89%|██████████████████████████▊   |  ETA: 0:12:47
Sampling (4 threads)  90%|██████████████████████████▉   |  ETA: 0:12:08
Sampling (4 threads)  90%|███████████████████████████   |  ETA: 0:11:30
Sampling (4 threads)  90%|███████████████████████████▏  |  ETA: 0:10:52
Sampling (4 threads)  91%|███████████████████████████▎  |  ETA: 0:10:25
Sampling (4 threads)  92%|███████████████████████████▌  |  ETA: 0:09:47
Sampling (4 threads)  92%|███████████████████████████▋  |  ETA: 0:09:10
Sampling (4 threads)  92%|███████████████████████████▊  |  ETA: 0:08:36
Sampling (4 threads)  93%|███████████████████████████▉  |  ETA: 0:08:03
Sampling (4 threads)  94%|████████████████████████████  |  ETA: 0:07:27
Sampling (4 threads)  94%|████████████████████████████▎ |  ETA: 0:06:55
Sampling (4 threads)  94%|████████████████████████████▍ |  ETA: 0:06:22
Sampling (4 threads)  95%|████████████████████████████▌ |  ETA: 0:05:49
Sampling (4 threads)  96%|████████████████████████████▋ |  ETA: 0:05:14
Sampling (4 threads)  96%|████████████████████████████▊ |  ETA: 0:04:41
Sampling (4 threads)  96%|█████████████████████████████ |  ETA: 0:04:06
Sampling (4 threads)  97%|█████████████████████████████▏|  ETA: 0:03:32
Sampling (4 threads)  98%|█████████████████████████████▎|  ETA: 0:02:56
Sampling (4 threads)  98%|█████████████████████████████▍|  ETA: 0:02:22
Sampling (4 threads)  98%|█████████████████████████████▌|  ETA: 0:01:47
Sampling (4 threads)  99%|█████████████████████████████▊|  ETA: 0:01:11
Sampling (4 threads) 100%|█████████████████████████████▉|  ETA: 0:00:36
Sampling (4 threads) 100%|██████████████████████████████| Time: 1:59:59
Sampling (4 threads) 100%|██████████████████████████████| Time: 1:59:59
Sampling (4 threads)   0%|                              |  ETA: N/A
┌ Info: Found initial step size
└   ϵ = 0.00625
┌ Info: Found initial step size
└   ϵ = 0.00625
┌ Info: Found initial step size
└   ϵ = 0.00625
┌ Info: Found initial step size
└   ϵ = 0.003125
Sampling (4 threads)   0%|▏                             |  ETA: 3:14:29
Sampling (4 threads)   1%|▎                             |  ETA: 1:36:51
Sampling (4 threads)   2%|▌                             |  ETA: 1:04:14
Sampling (4 threads)   2%|▋                             |  ETA: 0:50:24
Sampling (4 threads)   2%|▊                             |  ETA: 0:40:07
Sampling (4 threads)   3%|▉                             |  ETA: 0:33:15
Sampling (4 threads)   4%|█                             |  ETA: 0:34:25
Sampling (4 threads)   4%|█▎                            |  ETA: 0:29:57
Sampling (4 threads)   4%|█▍                            |  ETA: 0:26:29
Sampling (4 threads)   5%|█▌                            |  ETA: 0:45:07
Sampling (4 threads)   6%|█▋                            |  ETA: 0:40:48
Sampling (4 threads)   6%|█▊                            |  ETA: 1:09:13
Sampling (4 threads)   6%|██                            |  ETA: 1:03:33
Sampling (4 threads)   7%|██▏                           |  ETA: 0:58:42
Sampling (4 threads)   8%|██▎                           |  ETA: 0:54:29
Sampling (4 threads)   8%|██▍                           |  ETA: 1:14:19
Sampling (4 threads)   8%|██▌                           |  ETA: 1:09:34
Sampling (4 threads)   9%|██▊                           |  ETA: 1:05:20
Sampling (4 threads)  10%|██▉                           |  ETA: 1:10:59
Sampling (4 threads)  10%|███                           |  ETA: 1:07:04
Sampling (4 threads)  10%|███▏                          |  ETA: 1:18:07
Sampling (4 threads)  11%|███▎                          |  ETA: 1:14:09
Sampling (4 threads)  12%|███▌                          |  ETA: 1:10:32
Sampling (4 threads)  12%|███▋                          |  ETA: 1:18:31
Sampling (4 threads)  12%|███▊                          |  ETA: 1:14:57
Sampling (4 threads)  13%|███▉                          |  ETA: 1:11:39
Sampling (4 threads)  14%|████                          |  ETA: 1:26:38
Sampling (4 threads)  14%|████▎                         |  ETA: 1:23:04
Sampling (4 threads)  14%|████▍                         |  ETA: 1:19:44
Sampling (4 threads)  15%|████▌                         |  ETA: 1:29:52
Sampling (4 threads)  16%|████▋                         |  ETA: 1:26:28
Sampling (4 threads)  16%|████▊                         |  ETA: 1:23:16
Sampling (4 threads)  16%|█████                         |  ETA: 1:20:16
Sampling (4 threads)  17%|█████▏                        |  ETA: 1:26:13
Sampling (4 threads)  18%|█████▎                        |  ETA: 1:23:15
Sampling (4 threads)  18%|█████▍                        |  ETA: 1:20:26
Sampling (4 threads)  18%|█████▌                        |  ETA: 1:22:39
Sampling (4 threads)  19%|█████▊                        |  ETA: 1:19:58
Sampling (4 threads)  20%|█████▉                        |  ETA: 1:27:02
Sampling (4 threads)  20%|██████                        |  ETA: 1:24:20
Sampling (4 threads)  20%|██████▏                       |  ETA: 1:21:46
Sampling (4 threads)  21%|██████▎                       |  ETA: 1:25:04
Sampling (4 threads)  22%|██████▌                       |  ETA: 1:22:34
Sampling (4 threads)  22%|██████▋                       |  ETA: 1:20:10
Sampling (4 threads)  22%|██████▊                       |  ETA: 1:23:25
Sampling (4 threads)  23%|██████▉                       |  ETA: 1:21:04
Sampling (4 threads)  24%|███████                       |  ETA: 1:25:18
Sampling (4 threads)  24%|███████▎                      |  ETA: 1:22:59
Sampling (4 threads)  24%|███████▍                      |  ETA: 1:20:45
Sampling (4 threads)  25%|███████▌                      |  ETA: 1:24:35
Sampling (4 threads)  26%|███████▋                      |  ETA: 1:22:22
Sampling (4 threads)  26%|███████▊                      |  ETA: 1:20:14
Sampling (4 threads)  26%|████████                      |  ETA: 1:20:55
Sampling (4 threads)  27%|████████▏                     |  ETA: 1:18:53
Sampling (4 threads)  28%|████████▎                     |  ETA: 1:20:44
Sampling (4 threads)  28%|████████▍                     |  ETA: 1:18:45
Sampling (4 threads)  28%|████████▌                     |  ETA: 1:21:29
Sampling (4 threads)  29%|████████▊                     |  ETA: 1:19:31
Sampling (4 threads)  30%|████████▉                     |  ETA: 1:17:38
Sampling (4 threads)  30%|█████████                     |  ETA: 1:20:52
Sampling (4 threads)  30%|█████████▏                    |  ETA: 1:18:59
Sampling (4 threads)  31%|█████████▎                    |  ETA: 1:17:09
Sampling (4 threads)  32%|█████████▌                    |  ETA: 1:19:25
Sampling (4 threads)  32%|█████████▋                    |  ETA: 1:17:36
Sampling (4 threads)  32%|█████████▊                    |  ETA: 1:15:50
Sampling (4 threads)  33%|█████████▉                    |  ETA: 1:18:05
Sampling (4 threads)  34%|██████████                    |  ETA: 1:16:20
Sampling (4 threads)  34%|██████████▎                   |  ETA: 1:14:39
Sampling (4 threads)  34%|██████████▍                   |  ETA: 1:20:29
Sampling (4 threads)  35%|██████████▌                   |  ETA: 1:18:43
Sampling (4 threads)  36%|██████████▋                   |  ETA: 1:17:01
Sampling (4 threads)  36%|██████████▊                   |  ETA: 1:15:21
Sampling (4 threads)  36%|███████████                   |  ETA: 1:16:34
Sampling (4 threads)  37%|███████████▏                  |  ETA: 1:14:56
Sampling (4 threads)  38%|███████████▎                  |  ETA: 1:18:34
Sampling (4 threads)  38%|███████████▍                  |  ETA: 1:16:55
Sampling (4 threads)  38%|███████████▌                  |  ETA: 1:18:56
Sampling (4 threads)  39%|███████████▊                  |  ETA: 1:17:17
Sampling (4 threads)  40%|███████████▉                  |  ETA: 1:15:41
Sampling (4 threads)  40%|████████████                  |  ETA: 1:20:28
Sampling (4 threads)  40%|████████████▏                 |  ETA: 1:18:49
Sampling (4 threads)  41%|████████████▎                 |  ETA: 1:17:12
Sampling (4 threads)  42%|████████████▌                 |  ETA: 1:19:31
Sampling (4 threads)  42%|████████████▋                 |  ETA: 1:17:54
Sampling (4 threads)  42%|████████████▊                 |  ETA: 1:16:19
Sampling (4 threads)  43%|████████████▉                 |  ETA: 1:18:26
Sampling (4 threads)  44%|█████████████                 |  ETA: 1:16:51
Sampling (4 threads)  44%|█████████████▎                |  ETA: 1:15:18
Sampling (4 threads)  44%|█████████████▍                |  ETA: 1:16:11
Sampling (4 threads)  45%|█████████████▌                |  ETA: 1:14:39
Sampling (4 threads)  46%|█████████████▋                |  ETA: 1:16:08
Sampling (4 threads)  46%|█████████████▊                |  ETA: 1:14:36
Sampling (4 threads)  46%|██████████████                |  ETA: 1:13:07
Sampling (4 threads)  47%|██████████████▏               |  ETA: 1:14:08
Sampling (4 threads)  48%|██████████████▎               |  ETA: 1:12:40
Sampling (4 threads)  48%|██████████████▍               |  ETA: 1:11:13
Sampling (4 threads)  48%|██████████████▌               |  ETA: 1:13:12
Sampling (4 threads)  49%|██████████████▊               |  ETA: 1:11:45
Sampling (4 threads)  50%|██████████████▉               |  ETA: 1:10:20
Sampling (4 threads)  50%|███████████████               |  ETA: 1:08:56
Sampling (4 threads)  50%|███████████████▏              |  ETA: 1:11:36
Sampling (4 threads)  51%|███████████████▎              |  ETA: 1:10:10
Sampling (4 threads)  52%|███████████████▌              |  ETA: 1:08:47
Sampling (4 threads)  52%|███████████████▋              |  ETA: 1:09:35
Sampling (4 threads)  52%|███████████████▊              |  ETA: 1:08:12
Sampling (4 threads)  53%|███████████████▉              |  ETA: 1:09:13
Sampling (4 threads)  54%|████████████████              |  ETA: 1:07:50
Sampling (4 threads)  54%|████████████████▎             |  ETA: 1:06:29
Sampling (4 threads)  55%|████████████████▍             |  ETA: 1:07:12
Sampling (4 threads)  55%|████████████████▌             |  ETA: 1:05:51
Sampling (4 threads)  56%|████████████████▋             |  ETA: 1:04:32
Sampling (4 threads)  56%|████████████████▊             |  ETA: 1:05:22
Sampling (4 threads)  56%|█████████████████             |  ETA: 1:04:03
Sampling (4 threads)  57%|█████████████████▏            |  ETA: 1:02:46
Sampling (4 threads)  57%|█████████████████▎            |  ETA: 1:03:01
Sampling (4 threads)  58%|█████████████████▍            |  ETA: 1:01:44
Sampling (4 threads)  58%|█████████████████▌            |  ETA: 1:01:59
Sampling (4 threads)  59%|█████████████████▊            |  ETA: 1:00:43
Sampling (4 threads)  60%|█████████████████▉            |  ETA: 1:00:51
Sampling (4 threads)  60%|██████████████████            |  ETA: 0:59:36
Sampling (4 threads)  60%|██████████████████▏           |  ETA: 0:58:22
Sampling (4 threads)  61%|██████████████████▎           |  ETA: 0:58:18
Sampling (4 threads)  62%|██████████████████▌           |  ETA: 0:57:05
Sampling (4 threads)  62%|██████████████████▋           |  ETA: 0:57:34
Sampling (4 threads)  62%|██████████████████▊           |  ETA: 0:56:21
Sampling (4 threads)  63%|██████████████████▉           |  ETA: 0:55:10
Sampling (4 threads)  64%|███████████████████           |  ETA: 0:55:42
Sampling (4 threads)  64%|███████████████████▎          |  ETA: 0:54:30
Sampling (4 threads)  64%|███████████████████▍          |  ETA: 0:53:20
Sampling (4 threads)  65%|███████████████████▌          |  ETA: 0:53:38
Sampling (4 threads)  66%|███████████████████▋          |  ETA: 0:52:28
Sampling (4 threads)  66%|███████████████████▊          |  ETA: 0:51:19
Sampling (4 threads)  66%|████████████████████          |  ETA: 0:51:21
Sampling (4 threads)  67%|████████████████████▏         |  ETA: 0:50:12
Sampling (4 threads)  68%|████████████████████▎         |  ETA: 0:50:01
Sampling (4 threads)  68%|████████████████████▍         |  ETA: 0:48:53
Sampling (4 threads)  68%|████████████████████▌         |  ETA: 0:48:45
Sampling (4 threads)  69%|████████████████████▊         |  ETA: 0:47:38
Sampling (4 threads)  70%|████████████████████▉         |  ETA: 0:47:40
Sampling (4 threads)  70%|█████████████████████         |  ETA: 0:46:33
Sampling (4 threads)  70%|█████████████████████▏        |  ETA: 0:45:27
Sampling (4 threads)  71%|█████████████████████▎        |  ETA: 0:45:35
Sampling (4 threads)  72%|█████████████████████▌        |  ETA: 0:44:29
Sampling (4 threads)  72%|█████████████████████▋        |  ETA: 0:43:24
Sampling (4 threads)  72%|█████████████████████▊        |  ETA: 0:43:12
Sampling (4 threads)  73%|█████████████████████▉        |  ETA: 0:42:07
Sampling (4 threads)  74%|██████████████████████        |  ETA: 0:42:11
Sampling (4 threads)  74%|██████████████████████▎       |  ETA: 0:41:06
Sampling (4 threads)  74%|██████████████████████▍       |  ETA: 0:40:03
Sampling (4 threads)  75%|██████████████████████▌       |  ETA: 0:39:00
Sampling (4 threads)  76%|██████████████████████▋       |  ETA: 0:38:49
Sampling (4 threads)  76%|██████████████████████▊       |  ETA: 0:37:46
Sampling (4 threads)  76%|███████████████████████       |  ETA: 0:37:16
Sampling (4 threads)  77%|███████████████████████▏      |  ETA: 0:36:14
Sampling (4 threads)  78%|███████████████████████▎      |  ETA: 0:35:46
Sampling (4 threads)  78%|███████████████████████▍      |  ETA: 0:34:45
Sampling (4 threads)  78%|███████████████████████▌      |  ETA: 0:34:18
Sampling (4 threads)  79%|███████████████████████▊      |  ETA: 0:33:17
Sampling (4 threads)  80%|███████████████████████▉      |  ETA: 0:32:45
Sampling (4 threads)  80%|████████████████████████      |  ETA: 0:31:45
Sampling (4 threads)  80%|████████████████████████▏     |  ETA: 0:30:46
Sampling (4 threads)  81%|████████████████████████▎     |  ETA: 0:30:16
Sampling (4 threads)  82%|████████████████████████▌     |  ETA: 0:29:17
Sampling (4 threads)  82%|████████████████████████▋     |  ETA: 0:28:51
Sampling (4 threads)  82%|████████████████████████▊     |  ETA: 0:27:52
Sampling (4 threads)  83%|████████████████████████▉     |  ETA: 0:26:55
Sampling (4 threads)  84%|█████████████████████████     |  ETA: 0:25:58
Sampling (4 threads)  84%|█████████████████████████▎    |  ETA: 0:25:24
Sampling (4 threads)  84%|█████████████████████████▍    |  ETA: 0:24:28
Sampling (4 threads)  85%|█████████████████████████▌    |  ETA: 0:23:32
Sampling (4 threads)  86%|█████████████████████████▋    |  ETA: 0:23:02
Sampling (4 threads)  86%|█████████████████████████▊    |  ETA: 0:22:06
Sampling (4 threads)  86%|██████████████████████████    |  ETA: 0:21:22
Sampling (4 threads)  87%|██████████████████████████▏   |  ETA: 0:20:27
Sampling (4 threads)  88%|██████████████████████████▎   |  ETA: 0:19:37
Sampling (4 threads)  88%|██████████████████████████▍   |  ETA: 0:18:47
Sampling (4 threads)  88%|██████████████████████████▌   |  ETA: 0:18:03
Sampling (4 threads)  89%|██████████████████████████▊   |  ETA: 0:17:14
Sampling (4 threads)  90%|██████████████████████████▉   |  ETA: 0:16:34
Sampling (4 threads)  90%|███████████████████████████   |  ETA: 0:15:47
Sampling (4 threads)  90%|███████████████████████████▏  |  ETA: 0:15:01
Sampling (4 threads)  91%|███████████████████████████▎  |  ETA: 0:14:15
Sampling (4 threads)  92%|███████████████████████████▌  |  ETA: 0:13:26
Sampling (4 threads)  92%|███████████████████████████▋  |  ETA: 0:12:43
Sampling (4 threads)  92%|███████████████████████████▊  |  ETA: 0:11:57
Sampling (4 threads)  93%|███████████████████████████▉  |  ETA: 0:11:14
Sampling (4 threads)  94%|████████████████████████████  |  ETA: 0:10:26
Sampling (4 threads)  94%|████████████████████████████▎ |  ETA: 0:09:36
Sampling (4 threads)  94%|████████████████████████████▍ |  ETA: 0:08:52
Sampling (4 threads)  95%|████████████████████████████▌ |  ETA: 0:08:03
Sampling (4 threads)  96%|████████████████████████████▋ |  ETA: 0:07:16
Sampling (4 threads)  96%|████████████████████████████▊ |  ETA: 0:06:28
Sampling (4 threads)  96%|█████████████████████████████ |  ETA: 0:05:40
Sampling (4 threads)  97%|█████████████████████████████▏|  ETA: 0:04:54
Sampling (4 threads)  98%|█████████████████████████████▎|  ETA: 0:04:08
Sampling (4 threads)  98%|█████████████████████████████▍|  ETA: 0:03:20
Sampling (4 threads)  98%|█████████████████████████████▌|  ETA: 0:02:32
Sampling (4 threads)  99%|█████████████████████████████▊|  ETA: 0:01:42
Sampling (4 threads) 100%|█████████████████████████████▉|  ETA: 0:00:52
Sampling (4 threads) 100%|██████████████████████████████| Time: 2:54:29
Sampling (4 threads) 100%|██████████████████████████████| Time: 2:54:30
GKS: cannot open display - headless operation mode active
Sampling (4 threads)   0%|                              |  ETA: N/A
┌ Info: Found initial step size
└   ϵ = 0.00078125
┌ Info: Found initial step size
└   ϵ = 0.0015625
┌ Info: Found initial step size
└   ϵ = 0.00078125
┌ Info: Found initial step size
└   ϵ = 0.0001953125
Sampling (4 threads)   0%|▏                             |  ETA: 3:09:50
Sampling (4 threads)   1%|▎                             |  ETA: 1:34:30
Sampling (4 threads)   2%|▌                             |  ETA: 1:02:41
Sampling (4 threads)   2%|▋                             |  ETA: 0:51:42
Sampling (4 threads)   2%|▊                             |  ETA: 0:41:09
Sampling (4 threads)   3%|▉                             |  ETA: 0:34:07
Sampling (4 threads)   4%|█                             |  ETA: 0:29:05
Sampling (4 threads)   4%|█▎                            |  ETA: 0:31:34
Sampling (4 threads)   4%|█▍                            |  ETA: 0:27:54
Sampling (4 threads)   5%|█▌                            |  ETA: 0:24:59
Sampling (4 threads)   6%|█▋                            |  ETA: 0:31:09
Sampling (4 threads)   6%|█▊                            |  ETA: 0:28:24
Sampling (4 threads)   6%|██                            |  ETA: 0:26:05
Sampling (4 threads)   7%|██▏                           |  ETA: 0:24:05
Sampling (4 threads)   8%|██▎                           |  ETA: 0:24:31
Sampling (4 threads)   8%|██▍                           |  ETA: 0:22:52
Sampling (4 threads)   8%|██▌                           |  ETA: 0:42:08
Sampling (4 threads)   9%|██▊                           |  ETA: 0:39:34
Sampling (4 threads)  10%|██▉                           |  ETA: 0:37:17
Sampling (4 threads)  10%|███                           |  ETA: 0:50:45
Sampling (4 threads)  10%|███▏                          |  ETA: 0:48:04
Sampling (4 threads)  11%|███▎                          |  ETA: 0:45:38
Sampling (4 threads)  12%|███▌                          |  ETA: 1:05:07
Sampling (4 threads)  12%|███▋                          |  ETA: 1:02:03
Sampling (4 threads)  12%|███▊                          |  ETA: 0:59:14
Sampling (4 threads)  13%|███▉                          |  ETA: 0:56:37
Sampling (4 threads)  14%|████                          |  ETA: 1:03:40
Sampling (4 threads)  14%|████▎                         |  ETA: 1:01:02
Sampling (4 threads)  14%|████▍                         |  ETA: 1:17:16
Sampling (4 threads)  15%|████▌                         |  ETA: 1:14:15
Sampling (4 threads)  16%|████▋                         |  ETA: 1:11:26
Sampling (4 threads)  16%|████▊                         |  ETA: 1:08:47
Sampling (4 threads)  16%|█████                         |  ETA: 1:17:25
Sampling (4 threads)  17%|█████▏                        |  ETA: 1:14:41
Sampling (4 threads)  18%|█████▎                        |  ETA: 1:12:07
Sampling (4 threads)  18%|█████▍                        |  ETA: 1:20:23
Sampling (4 threads)  18%|█████▌                        |  ETA: 1:17:44
Sampling (4 threads)  19%|█████▊                        |  ETA: 1:15:14
Sampling (4 threads)  20%|█████▉                        |  ETA: 1:19:28
Sampling (4 threads)  20%|██████                        |  ETA: 1:17:00
Sampling (4 threads)  20%|██████▏                       |  ETA: 1:14:39
Sampling (4 threads)  21%|██████▎                       |  ETA: 1:18:16
Sampling (4 threads)  22%|██████▌                       |  ETA: 1:15:58
Sampling (4 threads)  22%|██████▋                       |  ETA: 1:22:32
Sampling (4 threads)  22%|██████▊                       |  ETA: 1:20:11
Sampling (4 threads)  23%|██████▉                       |  ETA: 1:17:56
Sampling (4 threads)  24%|███████                       |  ETA: 1:22:26
Sampling (4 threads)  24%|███████▎                      |  ETA: 1:20:11
Sampling (4 threads)  24%|███████▍                      |  ETA: 1:18:02
Sampling (4 threads)  25%|███████▌                      |  ETA: 1:15:58
Sampling (4 threads)  26%|███████▋                      |  ETA: 1:18:56
Sampling (4 threads)  26%|███████▊                      |  ETA: 1:16:54
Sampling (4 threads)  26%|████████                      |  ETA: 1:21:47
Sampling (4 threads)  27%|████████▏                     |  ETA: 1:19:43
Sampling (4 threads)  28%|████████▎                     |  ETA: 1:17:44
Sampling (4 threads)  28%|████████▍                     |  ETA: 1:20:20
Sampling (4 threads)  28%|████████▌                     |  ETA: 1:18:22
Sampling (4 threads)  29%|████████▊                     |  ETA: 1:16:29
Sampling (4 threads)  30%|████████▉                     |  ETA: 1:14:39
Sampling (4 threads)  30%|█████████                     |  ETA: 1:18:02
Sampling (4 threads)  30%|█████████▏                    |  ETA: 1:16:12
Sampling (4 threads)  31%|█████████▎                    |  ETA: 1:14:26
Sampling (4 threads)  32%|█████████▌                    |  ETA: 1:18:59
Sampling (4 threads)  32%|█████████▋                    |  ETA: 1:17:11
Sampling (4 threads)  32%|█████████▊                    |  ETA: 1:15:26
Sampling (4 threads)  33%|█████████▉                    |  ETA: 1:18:31
Sampling (4 threads)  34%|██████████                    |  ETA: 1:16:46
Sampling (4 threads)  34%|██████████▎                   |  ETA: 1:19:29
Sampling (4 threads)  34%|██████████▍                   |  ETA: 1:17:44
Sampling (4 threads)  35%|██████████▌                   |  ETA: 1:16:02
Sampling (4 threads)  36%|██████████▋                   |  ETA: 1:14:23
Sampling (4 threads)  36%|██████████▊                   |  ETA: 1:19:16
Sampling (4 threads)  36%|███████████                   |  ETA: 1:17:34
Sampling (4 threads)  37%|███████████▏                  |  ETA: 1:15:55
Sampling (4 threads)  38%|███████████▎                  |  ETA: 1:19:18
Sampling (4 threads)  38%|███████████▍                  |  ETA: 1:17:38
Sampling (4 threads)  38%|███████████▌                  |  ETA: 1:16:00
Sampling (4 threads)  39%|███████████▊                  |  ETA: 1:14:25
Sampling (4 threads)  40%|███████████▉                  |  ETA: 1:15:27
Sampling (4 threads)  40%|████████████                  |  ETA: 1:13:53
Sampling (4 threads)  40%|████████████▏                 |  ETA: 1:15:28
Sampling (4 threads)  41%|████████████▎                 |  ETA: 1:13:55
Sampling (4 threads)  42%|████████████▌                 |  ETA: 1:15:27
Sampling (4 threads)  42%|████████████▋                 |  ETA: 1:13:54
Sampling (4 threads)  42%|████████████▊                 |  ETA: 1:12:25
Sampling (4 threads)  43%|████████████▉                 |  ETA: 1:14:05
Sampling (4 threads)  44%|█████████████                 |  ETA: 1:12:36
Sampling (4 threads)  44%|█████████████▎                |  ETA: 1:11:08
Sampling (4 threads)  44%|█████████████▍                |  ETA: 1:13:34
Sampling (4 threads)  45%|█████████████▌                |  ETA: 1:12:05
Sampling (4 threads)  46%|█████████████▋                |  ETA: 1:10:39
Sampling (4 threads)  46%|█████████████▊                |  ETA: 1:11:09
Sampling (4 threads)  46%|██████████████                |  ETA: 1:09:44
Sampling (4 threads)  47%|██████████████▏               |  ETA: 1:10:20
Sampling (4 threads)  48%|██████████████▎               |  ETA: 1:08:56
Sampling (4 threads)  48%|██████████████▍               |  ETA: 1:07:34
Sampling (4 threads)  48%|██████████████▌               |  ETA: 1:06:14
Sampling (4 threads)  49%|██████████████▊               |  ETA: 1:07:14
Sampling (4 threads)  50%|██████████████▉               |  ETA: 1:05:55
Sampling (4 threads)  50%|███████████████               |  ETA: 1:06:37
Sampling (4 threads)  50%|███████████████▏              |  ETA: 1:05:18
Sampling (4 threads)  51%|███████████████▎              |  ETA: 1:04:00
Sampling (4 threads)  52%|███████████████▌              |  ETA: 1:04:29
Sampling (4 threads)  52%|███████████████▋              |  ETA: 1:03:12
Sampling (4 threads)  52%|███████████████▊              |  ETA: 1:03:09
Sampling (4 threads)  53%|███████████████▉              |  ETA: 1:01:53
Sampling (4 threads)  54%|████████████████              |  ETA: 1:02:23
Sampling (4 threads)  54%|████████████████▎             |  ETA: 1:01:08
Sampling (4 threads)  55%|████████████████▍             |  ETA: 0:59:55
Sampling (4 threads)  55%|████████████████▌             |  ETA: 1:01:00
Sampling (4 threads)  56%|████████████████▋             |  ETA: 0:59:46
Sampling (4 threads)  56%|████████████████▊             |  ETA: 0:58:34
Sampling (4 threads)  56%|█████████████████             |  ETA: 0:59:49
Sampling (4 threads)  57%|█████████████████▏            |  ETA: 0:58:37
Sampling (4 threads)  57%|█████████████████▎            |  ETA: 0:57:26
Sampling (4 threads)  58%|█████████████████▍            |  ETA: 0:56:16
Sampling (4 threads)  58%|█████████████████▌            |  ETA: 0:57:46
Sampling (4 threads)  59%|█████████████████▊            |  ETA: 0:56:35
Sampling (4 threads)  60%|█████████████████▉            |  ETA: 0:55:26
Sampling (4 threads)  60%|██████████████████            |  ETA: 0:55:41
Sampling (4 threads)  60%|██████████████████▏           |  ETA: 0:54:32
Sampling (4 threads)  61%|██████████████████▎           |  ETA: 0:53:24
Sampling (4 threads)  62%|██████████████████▌           |  ETA: 0:53:33
Sampling (4 threads)  62%|██████████████████▋           |  ETA: 0:52:26
Sampling (4 threads)  62%|██████████████████▊           |  ETA: 0:51:20
Sampling (4 threads)  63%|██████████████████▉           |  ETA: 0:51:08
Sampling (4 threads)  64%|███████████████████           |  ETA: 0:50:03
Sampling (4 threads)  64%|███████████████████▎          |  ETA: 0:49:44
Sampling (4 threads)  64%|███████████████████▍          |  ETA: 0:48:40
Sampling (4 threads)  65%|███████████████████▌          |  ETA: 0:48:55
Sampling (4 threads)  66%|███████████████████▋          |  ETA: 0:47:51
Sampling (4 threads)  66%|███████████████████▊          |  ETA: 0:46:48
Sampling (4 threads)  66%|████████████████████          |  ETA: 0:46:59
Sampling (4 threads)  67%|████████████████████▏         |  ETA: 0:45:56
Sampling (4 threads)  68%|████████████████████▎         |  ETA: 0:44:55
Sampling (4 threads)  68%|████████████████████▍         |  ETA: 0:44:55
Sampling (4 threads)  68%|████████████████████▌         |  ETA: 0:43:53
Sampling (4 threads)  69%|████████████████████▊         |  ETA: 0:42:53
Sampling (4 threads)  70%|████████████████████▉         |  ETA: 0:42:40
Sampling (4 threads)  70%|█████████████████████         |  ETA: 0:41:40
Sampling (4 threads)  70%|█████████████████████▏        |  ETA: 0:40:41
Sampling (4 threads)  71%|█████████████████████▎        |  ETA: 0:40:40
Sampling (4 threads)  72%|█████████████████████▌        |  ETA: 0:39:42
Sampling (4 threads)  72%|█████████████████████▋        |  ETA: 0:38:44
Sampling (4 threads)  72%|█████████████████████▊        |  ETA: 0:38:48
Sampling (4 threads)  73%|█████████████████████▉        |  ETA: 0:37:50
Sampling (4 threads)  74%|██████████████████████        |  ETA: 0:37:33
Sampling (4 threads)  74%|██████████████████████▎       |  ETA: 0:36:35
Sampling (4 threads)  74%|██████████████████████▍       |  ETA: 0:35:38
Sampling (4 threads)  75%|██████████████████████▌       |  ETA: 0:34:43
Sampling (4 threads)  76%|██████████████████████▋       |  ETA: 0:34:24
Sampling (4 threads)  76%|██████████████████████▊       |  ETA: 0:33:28
Sampling (4 threads)  76%|███████████████████████       |  ETA: 0:33:03
Sampling (4 threads)  77%|███████████████████████▏      |  ETA: 0:32:08
Sampling (4 threads)  78%|███████████████████████▎      |  ETA: 0:31:38
Sampling (4 threads)  78%|███████████████████████▍      |  ETA: 0:30:44
Sampling (4 threads)  78%|███████████████████████▌      |  ETA: 0:30:30
Sampling (4 threads)  79%|███████████████████████▊      |  ETA: 0:29:36
Sampling (4 threads)  80%|███████████████████████▉      |  ETA: 0:28:43
Sampling (4 threads)  80%|████████████████████████      |  ETA: 0:28:28
Sampling (4 threads)  80%|████████████████████████▏     |  ETA: 0:27:35
Sampling (4 threads)  81%|████████████████████████▎     |  ETA: 0:27:14
Sampling (4 threads)  82%|████████████████████████▌     |  ETA: 0:26:21
Sampling (4 threads)  82%|████████████████████████▋     |  ETA: 0:25:29
Sampling (4 threads)  82%|████████████████████████▊     |  ETA: 0:25:06
Sampling (4 threads)  83%|████████████████████████▉     |  ETA: 0:24:14
Sampling (4 threads)  84%|█████████████████████████     |  ETA: 0:23:23
Sampling (4 threads)  84%|█████████████████████████▎    |  ETA: 0:22:58
Sampling (4 threads)  84%|█████████████████████████▍    |  ETA: 0:22:07
Sampling (4 threads)  85%|█████████████████████████▌    |  ETA: 0:21:17
Sampling (4 threads)  86%|█████████████████████████▋    |  ETA: 0:20:51
Sampling (4 threads)  86%|█████████████████████████▊    |  ETA: 0:20:01
Sampling (4 threads)  86%|██████████████████████████    |  ETA: 0:19:11
Sampling (4 threads)  87%|██████████████████████████▏   |  ETA: 0:18:22
Sampling (4 threads)  88%|██████████████████████████▎   |  ETA: 0:17:47
Sampling (4 threads)  88%|██████████████████████████▍   |  ETA: 0:16:59
Sampling (4 threads)  88%|██████████████████████████▌   |  ETA: 0:16:27
Sampling (4 threads)  89%|██████████████████████████▊   |  ETA: 0:15:39
Sampling (4 threads)  90%|██████████████████████████▉   |  ETA: 0:15:13
Sampling (4 threads)  90%|███████████████████████████   |  ETA: 0:14:25
Sampling (4 threads)  90%|███████████████████████████▏  |  ETA: 0:13:37
Sampling (4 threads)  91%|███████████████████████████▎  |  ETA: 0:13:05
Sampling (4 threads)  92%|███████████████████████████▌  |  ETA: 0:12:17
Sampling (4 threads)  92%|███████████████████████████▋  |  ETA: 0:11:30
Sampling (4 threads)  92%|███████████████████████████▊  |  ETA: 0:10:47
Sampling (4 threads)  93%|███████████████████████████▉  |  ETA: 0:10:05
Sampling (4 threads)  94%|████████████████████████████  |  ETA: 0:09:22
Sampling (4 threads)  94%|████████████████████████████▎ |  ETA: 0:08:41
Sampling (4 threads)  94%|████████████████████████████▍ |  ETA: 0:07:57
Sampling (4 threads)  95%|████████████████████████████▌ |  ETA: 0:07:14
Sampling (4 threads)  96%|████████████████████████████▋ |  ETA: 0:06:31
Sampling (4 threads)  96%|████████████████████████████▊ |  ETA: 0:05:50
Sampling (4 threads)  96%|█████████████████████████████ |  ETA: 0:05:06
Sampling (4 threads)  97%|█████████████████████████████▏|  ETA: 0:04:23
Sampling (4 threads)  98%|█████████████████████████████▎|  ETA: 0:03:38
Sampling (4 threads)  98%|█████████████████████████████▍|  ETA: 0:02:55
Sampling (4 threads)  98%|█████████████████████████████▌|  ETA: 0:02:13
Sampling (4 threads)  99%|█████████████████████████████▊|  ETA: 0:01:30
Sampling (4 threads) 100%|█████████████████████████████▉|  ETA: 0:00:45
Sampling (4 threads) 100%|██████████████████████████████| Time: 2:32:08
Sampling (4 threads) 100%|██████████████████████████████| Time: 2:32:09
