Running on host compute200.bc4.acrc.priv
Time is Wed Jun 5 16:24:01 BST 2024
Directory is /user/home/em18564/BC4/Bayes/experiments/MLM_part
Slurm job ID is 10016830
This job runs on the following machines:
compute200
    Updating registry at `~/.julia/registries/General.toml`
   Resolving package versions...
   Installed Functors ─────────────── v0.4.11
   Installed TranscodingStreams ───── v0.10.9
   Installed StatisticalTraits ────── v3.3.0
   Installed RecursiveArrayTools ──── v3.22.0
   Installed ChainRules ───────────── v1.68.0
   Installed Bijectors ────────────── v0.13.13
   Installed Turing ───────────────── v0.32.3
   Installed MonteCarloMeasurements ─ v1.1.7
   Installed LogExpFunctions ──────── v0.3.28
   Installed ChainRulesCore ───────── v1.24.0
   Installed MLJModelInterface ────── v1.10.0
   Installed ArrayInterface ───────── v7.11.0
    Updating `~/.julia/environments/v1.10/Project.toml`
  [fce5fe82] ↑ Turing v0.32.2 ⇒ v0.32.3
    Updating `~/.julia/environments/v1.10/Manifest.toml`
  [4fba245c] ↑ ArrayInterface v7.10.0 ⇒ v7.11.0
  [76274a88] ↑ Bijectors v0.13.12 ⇒ v0.13.13
  [082447d4] ↑ ChainRules v1.66.0 ⇒ v1.68.0
  [d360d2e6] ↑ ChainRulesCore v1.23.0 ⇒ v1.24.0
  [d9f16b24] ↑ Functors v0.4.10 ⇒ v0.4.11
  [2ab3a3ac] ↑ LogExpFunctions v0.3.27 ⇒ v0.3.28
  [e80e1ace] ↑ MLJModelInterface v1.9.6 ⇒ v1.10.0
  [0987c9cc] ↑ MonteCarloMeasurements v1.1.6 ⇒ v1.1.7
  [731186ca] ↑ RecursiveArrayTools v3.21.0 ⇒ v3.22.0
  [64bff920] ↑ StatisticalTraits v3.2.0 ⇒ v3.3.0
  [3bb67fe8] ↑ TranscodingStreams v0.10.8 ⇒ v0.10.9
  [fce5fe82] ↑ Turing v0.32.2 ⇒ v0.32.3
Precompiling project...
  ✓ StatisticalTraits
  ✓ ChainRulesCore
  ✓ TranscodingStreams
  ✓ LogExpFunctions
  ✓ Functors
  ✓ ArrayInterface
  ✓ MLJModelInterface
  ✓ ChainRulesCore → ChainRulesCoreSparseArraysExt
  ✓ AbstractFFTs → AbstractFFTsChainRulesCoreExt
  ✓ ADTypes → ADTypesChainRulesCoreExt
  ✓ StaticArrays → StaticArraysChainRulesCoreExt
  ✓ TranscodingStreams → TestExt
  ✓ LogExpFunctions → LogExpFunctionsChainRulesCoreExt
  ✓ Distances → DistancesChainRulesCoreExt
  ✓ BangBang → BangBangChainRulesCoreExt
  ✓ ZygoteRules
  ✓ CodecZlib
  ✓ LogExpFunctions → LogExpFunctionsInverseFunctionsExt
  ✓ Optimisers
  ✓ Interpolations
  ✓ Roots
  ✓ LogExpFunctions → LogExpFunctionsChangesOfVariablesExt
  ✓ Interpolations → InterpolationsUnitfulExt
  ✓ ChainRules
  ✓ NNlib
  ✓ StatsBase
  ✓ HTTP
  ✓ ArrayInterface → ArrayInterfaceChainRulesExt
  ✓ SpecialFunctions
  ✓ ArrayInterface → ArrayInterfaceStaticArraysCoreExt
  ✓ ColorVectorSpace → SpecialFunctionsExt
  ✓ MultivariateStats
  ✓ Clustering
  ✓ AbstractMCMC
  ✓ SpecialFunctions → SpecialFunctionsChainRulesCoreExt
  ✓ AbstractPPL
  ✓ SSMProblems
  ✓ DualNumbers
  ✓ HypergeometricFunctions
  ✓ ForwardDiff
  ✓ ForwardDiff → ForwardDiffStaticArraysExt
  ✓ CSV
  ✓ Roots → RootsForwardDiffExt
  ✓ StatsFuns
  ✓ StatsFuns → StatsFunsInverseFunctionsExt
  ✓ TransformVariables
  ✓ StatsFuns → StatsFunsChainRulesCoreExt
  ✓ Tracker
  ✓ Tracker → TrackerPDMatsExt
  ✓ ArrayInterface → ArrayInterfaceTrackerExt
  ✓ Documenter
  ✓ LogDensityProblemsAD → LogDensityProblemsADTrackerExt
  ✓ FiniteDiff
  ✓ Distributions
  ✓ StaticArrayInterface
  ✓ SymbolicIndexingInterface
  ✓ SciMLOperators
  ✓ FiniteDiff → FiniteDiffStaticArraysExt
  ✓ StaticArrayInterface → StaticArrayInterfaceStaticArraysExt
  ✓ AdvancedHMC
  ✓ Distributions → DistributionsTestExt
  ✓ StaticArrayInterface → StaticArrayInterfaceOffsetArraysExt
  ✓ NLSolversBase
  ✓ RecursiveArrayTools
  ✓ Distributions → DistributionsDensityInterfaceExt
  ✓ LayoutPointers
  ✓ RecursiveArrayTools → RecursiveArrayToolsForwardDiffExt
  ✓ Distributions → DistributionsChainRulesCoreExt
  ✓ LineSearches
  ✓ ParetoSmoothedImportanceSampling
  ✓ EllipticalSliceSampling
  ✓ AdvancedPS
  ✓ MCMCDiagnosticTools
  ✓ KernelDensity
  ✓ AdvancedMH
  ✓ Bijectors
  ✓ StructuralCausalModels
  ✓ DistributionsAD
  ✓ AdvancedPS → AdvancedPSLibtaskExt
  ✓ Optim
  ✓ MCMCChains
  ✓ VectorizationBase
  ✓ Bijectors → BijectorsTrackerExt
  ✓ DistributionsAD → DistributionsADTrackerExt
  ✓ AdvancedHMC → AdvancedHMCMCMCChainsExt
  ✓ AdvancedMH → AdvancedMHMCMCChainsExt
  ✓ SLEEFPirates
  ✓ Bijectors → BijectorsDistributionsADExt
  ✓ AdvancedMH → AdvancedMHForwardDiffExt
  ✓ AdvancedMH → AdvancedMHStructArraysExt
  ✓ AdvancedVI
  ✓ MonteCarloMeasurements
  ✓ RecursiveArrayTools → RecursiveArrayToolsMonteCarloMeasurementsExt
  ✓ RecursiveArrayTools → RecursiveArrayToolsTrackerExt
  ✓ StatisticalRethinking
  ✓ DynamicPPL
  ✓ SciMLBase
  ✓ DynamicPPL → DynamicPPLZygoteRulesExt
  ✓ SciMLBase → SciMLBaseChainRulesCoreExt
  ✓ DynamicPPL → DynamicPPLMCMCChainsExt
  ✓ DynamicPPL → DynamicPPLForwardDiffExt
  ✓ Turing
  ✓ Turing → TuringOptimExt
  ✓ Plots
  ✓ Plots → UnitfulExt
  ✓ StatsPlots
  106 dependencies successfully precompiled in 120 seconds. 308 already precompiled.
   Resolving package versions...
  No Changes to `~/.julia/environments/v1.10/Project.toml`
  No Changes to `~/.julia/environments/v1.10/Manifest.toml`
   Resolving package versions...
  No Changes to `~/.julia/environments/v1.10/Project.toml`
  No Changes to `~/.julia/environments/v1.10/Manifest.toml`
   Resolving package versions...
  No Changes to `~/.julia/environments/v1.10/Project.toml`
  No Changes to `~/.julia/environments/v1.10/Manifest.toml`
   Resolving package versions...
  No Changes to `~/.julia/environments/v1.10/Project.toml`
  No Changes to `~/.julia/environments/v1.10/Manifest.toml`
   Resolving package versions...
  No Changes to `~/.julia/environments/v1.10/Project.toml`
  No Changes to `~/.julia/environments/v1.10/Manifest.toml`
   Resolving package versions...
  No Changes to `~/.julia/environments/v1.10/Project.toml`
  No Changes to `~/.julia/environments/v1.10/Manifest.toml`
   Resolving package versions...
  No Changes to `~/.julia/environments/v1.10/Project.toml`
  No Changes to `~/.julia/environments/v1.10/Manifest.toml`
   Resolving package versions...
  No Changes to `~/.julia/environments/v1.10/Project.toml`
  No Changes to `~/.julia/environments/v1.10/Manifest.toml`
   Resolving package versions...
  No Changes to `~/.julia/environments/v1.10/Project.toml`
  No Changes to `~/.julia/environments/v1.10/Manifest.toml`
   Resolving package versions...
  No Changes to `~/.julia/environments/v1.10/Project.toml`
  No Changes to `~/.julia/environments/v1.10/Manifest.toml`
   Resolving package versions...
  No Changes to `~/.julia/environments/v1.10/Project.toml`
  No Changes to `~/.julia/environments/v1.10/Manifest.toml`
   Resolving package versions...
  No Changes to `~/.julia/environments/v1.10/Project.toml`
  No Changes to `~/.julia/environments/v1.10/Manifest.toml`
   Resolving package versions...
  No Changes to `~/.julia/environments/v1.10/Project.toml`
  No Changes to `~/.julia/environments/v1.10/Manifest.toml`
   Resolving package versions...
  No Changes to `~/.julia/environments/v1.10/Project.toml`
  No Changes to `~/.julia/environments/v1.10/Manifest.toml`
   Resolving package versions...
  No Changes to `~/.julia/environments/v1.10/Project.toml`
  No Changes to `~/.julia/environments/v1.10/Manifest.toml`
   Resolving package versions...
  No Changes to `~/.julia/environments/v1.10/Project.toml`
  No Changes to `~/.julia/environments/v1.10/Manifest.toml`
   Resolving package versions...
  No Changes to `~/.julia/environments/v1.10/Project.toml`
  No Changes to `~/.julia/environments/v1.10/Manifest.toml`
   Resolving package versions...
  No Changes to `~/.julia/environments/v1.10/Project.toml`
  No Changes to `~/.julia/environments/v1.10/Manifest.toml`
   Resolving package versions...
  No Changes to `~/.julia/environments/v1.10/Project.toml`
  No Changes to `~/.julia/environments/v1.10/Manifest.toml`
   Resolving package versions...
  No Changes to `~/.julia/environments/v1.10/Project.toml`
  No Changes to `~/.julia/environments/v1.10/Manifest.toml`
   Resolving package versions...
  No Changes to `~/.julia/environments/v1.10/Project.toml`
  No Changes to `~/.julia/environments/v1.10/Manifest.toml`
   Resolving package versions...
  No Changes to `~/.julia/environments/v1.10/Project.toml`
  No Changes to `~/.julia/environments/v1.10/Manifest.toml`
   Resolving package versions...
  No Changes to `~/.julia/environments/v1.10/Project.toml`
  No Changes to `~/.julia/environments/v1.10/Manifest.toml`
   Resolving package versions...
  No Changes to `~/.julia/environments/v1.10/Project.toml`
  No Changes to `~/.julia/environments/v1.10/Manifest.toml`
   Resolving package versions...
  No Changes to `~/.julia/environments/v1.10/Project.toml`
  No Changes to `~/.julia/environments/v1.10/Manifest.toml`
   Resolving package versions...
  No Changes to `~/.julia/environments/v1.10/Project.toml`
  No Changes to `~/.julia/environments/v1.10/Manifest.toml`
   Resolving package versions...
  No Changes to `~/.julia/environments/v1.10/Project.toml`
  No Changes to `~/.julia/environments/v1.10/Manifest.toml`
┌ Warning: Error requiring `Turing` from `StatisticalRethinking`
│   exception =
│    LoadError: UndefVarError: `TuringOptimExt` not defined
│    Stacktrace:
│      [1] include(mod::Module, _path::String)
│        @ Base ./Base.jl:495
│      [2] include(x::String)
│        @ StatisticalRethinking ~/.julia/packages/StatisticalRethinking/Bzph1/src/StatisticalRethinking.jl:1
│      [3] top-level scope
│        @ ~/.julia/packages/StatisticalRethinking/Bzph1/src/require/turing/turing.jl:7
│      [4] include(mod::Module, _path::String)
│        @ Base ./Base.jl:495
│      [5] include(x::String)
│        @ StatisticalRethinking ~/.julia/packages/StatisticalRethinking/Bzph1/src/StatisticalRethinking.jl:1
│      [6] top-level scope
│        @ ~/.julia/packages/Requires/Z8rfN/src/Requires.jl:40
│      [7] eval
│        @ ./boot.jl:385 [inlined]
│      [8] eval
│        @ ~/.julia/packages/StatisticalRethinking/Bzph1/src/StatisticalRethinking.jl:1 [inlined]
│      [9] (::StatisticalRethinking.var"#3#12")()
│        @ StatisticalRethinking ~/.julia/packages/Requires/Z8rfN/src/require.jl:101
│     [10] macro expansion
│        @ timing.jl:395 [inlined]
│     [11] err(f::Any, listener::Module, modname::String, file::String, line::Any)
│        @ Requires ~/.julia/packages/Requires/Z8rfN/src/require.jl:47
│     [12] (::StatisticalRethinking.var"#2#11")()
│        @ StatisticalRethinking ~/.julia/packages/Requires/Z8rfN/src/require.jl:100
│     [13] withpath(f::Any, path::String)
│        @ Requires ~/.julia/packages/Requires/Z8rfN/src/require.jl:37
│     [14] (::StatisticalRethinking.var"#1#10")()
│        @ StatisticalRethinking ~/.julia/packages/Requires/Z8rfN/src/require.jl:99
│     [15] listenpkg(f::Any, pkg::Base.PkgId)
│        @ Requires ~/.julia/packages/Requires/Z8rfN/src/require.jl:20
│     [16] macro expansion
│        @ ~/.julia/packages/Requires/Z8rfN/src/require.jl:98 [inlined]
│     [17] __init__()
│        @ StatisticalRethinking ~/.julia/packages/StatisticalRethinking/Bzph1/src/StatisticalRethinking.jl:31
│     [18] run_module_init(mod::Module, i::Int64)
│        @ Base ./loading.jl:1134
│     [19] register_restored_modules(sv::Core.SimpleVector, pkg::Base.PkgId, path::String)
│        @ Base ./loading.jl:1122
│     [20] _include_from_serialized(pkg::Base.PkgId, path::String, ocachepath::String, depmods::Vector{Any})
│        @ Base ./loading.jl:1067
│     [21] _require_search_from_serialized(pkg::Base.PkgId, sourcepath::String, build_id::UInt128)
│        @ Base ./loading.jl:1581
│     [22] _require(pkg::Base.PkgId, env::String)
│        @ Base ./loading.jl:1938
│     [23] __require_prelocked(uuidkey::Base.PkgId, env::String)
│        @ Base ./loading.jl:1812
│     [24] #invoke_in_world#3
│        @ ./essentials.jl:926 [inlined]
│     [25] invoke_in_world
│        @ ./essentials.jl:923 [inlined]
│     [26] _require_prelocked(uuidkey::Base.PkgId, env::String)
│        @ Base ./loading.jl:1803
│     [27] macro expansion
│        @ ./loading.jl:1790 [inlined]
│     [28] macro expansion
│        @ ./lock.jl:267 [inlined]
│     [29] __require(into::Module, mod::Symbol)
│        @ Base ./loading.jl:1753
│     [30] #invoke_in_world#3
│        @ ./essentials.jl:926 [inlined]
│     [31] invoke_in_world
│        @ ./essentials.jl:923 [inlined]
│     [32] require(into::Module, mod::Symbol)
│        @ Base ./loading.jl:1746
│     [33] include(mod::Module, _path::String)
│        @ Base ./Base.jl:495
│     [34] exec_options(opts::Base.JLOptions)
│        @ Base ./client.jl:318
│     [35] _start()
│        @ Base ./client.jl:552
│    in expression starting at /user/home/em18564/.julia/packages/StatisticalRethinking/Bzph1/src/require/turing/turing_optim_sample.jl:3
│    in expression starting at /user/home/em18564/.julia/packages/StatisticalRethinking/Bzph1/src/require/turing/turing.jl:7
└ @ Requires ~/.julia/packages/Requires/Z8rfN/src/require.jl:51
Sampling (4 threads)   0%|                              |  ETA: N/A
┌ Info: Found initial step size
└   ϵ = 0.0013671875000000001
┌ Info: Found initial step size
└   ϵ = 0.0125
┌ Info: Found initial step size
└   ϵ = 0.00625
┌ Info: Found initial step size
└   ϵ = 0.00078125
Sampling (4 threads)  25%|███████▌                      |  ETA: 10.57 days
Sampling (4 threads)  50%|███████████████               |  ETA: 3 days, 14:26:26
Sampling (4 threads)  75%|██████████████████████▌       |  ETA: 1 days, 5:25:54
Sampling (4 threads) 100%|██████████████████████████████| Time: 3 days, 21:59:44
Sampling (4 threads) 100%|██████████████████████████████| Time: 3 days, 21:59:44
Chains MCMC chain (250×97×4 Array{Float64, 3}):

Iterations        = 126:1:375
Number of chains  = 4
Samples per chain = 250
Wall duration     = 338370.44 seconds
Compute duration  = 1.2718532e6 seconds
parameters        = σ_w[1], σ_w[2], ρ_w[1, 1], ρ_w[2, 1], ρ_w[1, 2], ρ_w[2, 2], α_a_w, α_b_w, ab_w[1, 1], ab_w[2, 1], ab_w[1, 2], ab_w[2, 2], ab_w[1, 3], ab_w[2, 3], ab_w[1, 4], ab_w[2, 4], σ_p[1], σ_p[2], ρ_p[1, 1], ρ_p[2, 1], ρ_p[1, 2], ρ_p[2, 2], α_a_p, α_b_p, ab_p[1, 1], ab_p[2, 1], ab_p[1, 2], ab_p[2, 2], ab_p[1, 3], ab_p[2, 3], ab_p[1, 4], ab_p[2, 4], ab_p[1, 5], ab_p[2, 5], ab_p[1, 6], ab_p[2, 6], ab_p[1, 7], ab_p[2, 7], ab_p[1, 8], ab_p[2, 8], ab_p[1, 9], ab_p[2, 9], ab_p[1, 10], ab_p[2, 10], ab_p[1, 11], ab_p[2, 11], ab_p[1, 12], ab_p[2, 12], ab_p[1, 13], ab_p[2, 13], ab_p[1, 14], ab_p[2, 14], ab_p[1, 15], ab_p[2, 15], ab_p[1, 16], ab_p[2, 16], ab_p[1, 17], ab_p[2, 17], ab_p[1, 18], ab_p[2, 18], ab_p[1, 19], ab_p[2, 19], ab_p[1, 20], ab_p[2, 20], ab_p[1, 21], ab_p[2, 21], ab_p[1, 22], ab_p[2, 22], ab_p[1, 23], ab_p[2, 23], ab_p[1, 24], ab_p[2, 24], σ_e[1], σ_e[2], ρ_e[1, 1], ρ_e[2, 1], ρ_e[1, 2], ρ_e[2, 2], α_a_e, α_b_e, ab_e[1, 1], ab_e[2, 1], ab_e[1, 2], ab_e[2, 2], σ
internals         = lp, n_steps, is_accept, acceptance_rate, log_density, hamiltonian_energy, hamiltonian_energy_error, max_hamiltonian_energy_error, tree_depth, numerical_error, step_size, nom_step_size

Summary Statistics
   parameters      mean       std      mcse    ess_bulk    ess_tail      rhat   ess_per_sec
       Symbol   Float64   Float64   Float64     Float64     Float64   Float64       Float64

       σ_w[1]    0.8117    0.8065    0.0851     50.2442    176.8745    1.0709        0.0000
       σ_w[2]    0.7448    0.8019    0.0719     98.9026    238.6765    1.0339        0.0001
    ρ_w[1, 1]    1.0000    0.0000       NaN         NaN         NaN       NaN           NaN
    ρ_w[2, 1]   -0.0339    0.4550    0.0137   1020.5813    648.1099    1.0050        0.0008
    ρ_w[1, 2]   -0.0339    0.4550    0.0137   1020.5813    648.1099    1.0050        0.0008
    ρ_w[2, 2]    1.0000    0.0000    0.0000   1014.0233    885.0966    1.0013        0.0008
        α_a_w    0.0371    0.9488    0.0620    236.0701    431.2857    1.0120        0.0002
        α_b_w    0.0000    0.8748    0.0538    263.4879    440.3881    1.0135        0.0002
   ab_w[1, 1]    0.0095    1.1159    0.0740    230.7616    376.7110    1.0154        0.0002
   ab_w[2, 1]    0.0132    1.0651    0.0726    217.9079    392.4278    1.0141        0.0002
   ab_w[1, 2]    0.1251    1.4465    0.0972    231.3864    299.3274    1.0148        0.0002
   ab_w[2, 2]   -0.1059    1.4870    0.0965    278.7885    266.5094    1.0145        0.0002
   ab_w[1, 3]    0.0911    1.4277    0.0918    244.6942    245.9760    1.0080        0.0002
   ab_w[2, 3]   -0.0383    1.4170    0.0839    313.8945    382.9842    1.0088        0.0002
   ab_w[1, 4]   -0.0044    1.5554    0.0946    276.7919    356.7839    1.0048        0.0002
   ab_w[2, 4]    0.0571    1.3123    0.0753    299.5566    305.4198    1.0106        0.0002
       σ_p[1]    0.8885    1.0943    0.2609      8.5639     22.4830    1.4095        0.0000
       σ_p[2]    0.8249    0.6936    0.2311      7.7115     32.4315    1.4986        0.0000
    ρ_p[1, 1]    1.0000    0.0000       NaN         NaN         NaN       NaN           NaN
    ρ_p[2, 1]    0.0099    0.4154    0.0172    561.3415    623.9710    1.0090        0.0004
    ρ_p[1, 2]    0.0099    0.4154    0.0172    561.3415    623.9710    1.0090        0.0004
    ρ_p[2, 2]    1.0000    0.0000    0.0000   1001.7588   1003.0889    1.0025        0.0008
        α_a_p   -0.0232    0.8125    0.0832     96.0702    190.0199    1.0496        0.0001
        α_b_p   -0.0500    0.8915    0.0999     80.4625    201.8054    1.0366        0.0001
   ab_p[1, 1]   -0.0638    1.0500    0.0870    138.6395    217.0691    1.0406        0.0001
   ab_p[2, 1]    0.0726    1.0337    0.0888    132.8339    207.1322    1.0229        0.0001
   ab_p[1, 2]   -0.1022    1.7206    0.3321     38.5727     39.4958    1.0787        0.0000
   ab_p[2, 2]   -0.0077    1.3665    0.1132    138.3016    260.5061    1.0312        0.0001
   ab_p[1, 3]   -0.0187    1.3005    0.0954    126.2830    243.9375    1.0320        0.0001
   ab_p[2, 3]   -0.1999    1.7286    0.1762    116.2019    147.9541    1.0541        0.0001
   ab_p[1, 4]   -0.0304    1.5158    0.1034    190.5352    121.9676    1.0388        0.0001
   ab_p[2, 4]   -0.0098    1.2245    0.0898    171.0657    233.4488    1.0350        0.0001
   ab_p[1, 5]   -0.0250    1.3447    0.1057    153.4579    171.6827    1.0281        0.0001
   ab_p[2, 5]   -0.1585    1.4509    0.1369    114.0004    134.9634    1.0526        0.0001
   ab_p[1, 6]    0.1054    1.6190    0.1213    179.0000     77.2537    1.0455        0.0001
   ab_p[2, 6]   -0.0916    1.3317    0.1179    124.7227    276.4581    1.0432        0.0001
   ab_p[1, 7]    0.0156    1.5045    0.1648     89.1264     66.4666    1.0339        0.0001
   ab_p[2, 7]   -0.1387    1.4053    0.1165    144.5911    199.8295    1.0427        0.0001
   ab_p[1, 8]   -0.1860    1.5576    0.1448    109.2327     73.8506    1.0467        0.0001
   ab_p[2, 8]   -0.0704    1.3792    0.1237    125.7562    207.9932    1.0314        0.0001
   ab_p[1, 9]    0.2011    1.6482    0.1824     93.4140     56.9896    1.0451        0.0001
   ab_p[2, 9]    0.0092    1.3667    0.1388     97.6809     60.5456    1.0533        0.0001
  ab_p[1, 10]   -0.0871    1.4730    0.1198    152.8577    139.4229    1.0269        0.0001
  ab_p[2, 10]   -0.0388    1.3997    0.1133    147.7794    232.3595    1.0606        0.0001
  ab_p[1, 11]   -0.1284    1.5769    0.1390    167.5925    110.3138    1.0275        0.0001
  ab_p[2, 11]   -0.1730    1.4098    0.1372    103.2823    175.9377    1.0462        0.0001
  ab_p[1, 12]    0.0696    1.4924    0.0996    169.5233    115.6569    1.0347        0.0001
  ab_p[2, 12]   -0.0410    1.3513    0.1311    105.7134    137.6894    1.0501        0.0001
  ab_p[1, 13]    0.1718    1.7225    0.2063    101.0229     64.5206    1.0403        0.0001
  ab_p[2, 13]   -0.0820    1.2804    0.1162    119.8144    220.8647    1.0315        0.0001
  ab_p[1, 14]    0.0252    1.4753    0.1482    107.2456     70.4617    1.0270        0.0001
  ab_p[2, 14]   -0.1230    1.3183    0.1141    132.0570    192.4511    1.0404        0.0001
  ab_p[1, 15]    0.0762    1.7853    0.2014     99.2566     45.1531    1.0420        0.0001
  ab_p[2, 15]    0.0443    1.2671    0.1026    149.6540    243.4518    1.0326        0.0001
  ab_p[1, 16]   -0.1307    1.5547    0.1440    116.1508    161.9706    1.0513        0.0001
  ab_p[2, 16]   -0.1140    1.4247    0.1219    130.2419    298.0428    1.0464        0.0001
  ab_p[1, 17]    0.0274    1.4966    0.1400    121.5287    120.4755    1.0425        0.0001
  ab_p[2, 17]    0.0140    1.3066    0.1087    136.9808    299.9523    1.0490        0.0001
  ab_p[1, 18]    0.1947    1.8803    0.2491     96.9294     38.1241    1.0414        0.0001
  ab_p[2, 18]    0.0204    1.3007    0.0942    174.2465    305.8675    1.0416        0.0001
  ab_p[1, 19]   -0.1187    1.5270    0.1084    171.7747    118.2254    1.0336        0.0001
  ab_p[2, 19]   -0.0461    1.3952    0.1082    155.5316    261.5525    1.0629        0.0001
  ab_p[1, 20]    0.0140    1.6992    0.1301    166.1780    117.4115    1.0387        0.0001
  ab_p[2, 20]   -0.1479    1.4841    0.1596     97.0368     77.1241    1.0662        0.0001
  ab_p[1, 21]    0.0639    1.4748    0.1177    163.0848     55.0143    1.0455        0.0001
  ab_p[2, 21]   -0.0649    1.3027    0.1208    115.4279    302.0005    1.0470        0.0001
  ab_p[1, 22]   -0.0596    1.4390    0.1104    158.9912    104.0077    1.0326        0.0001
  ab_p[2, 22]   -0.0490    1.2844    0.1030    152.0103    251.1574    1.0447        0.0001
  ab_p[1, 23]   -0.2320    1.5763    0.2219     92.8286     59.1555    1.0535        0.0001
  ab_p[2, 23]   -0.0649    1.2192    0.1070    128.2725    197.4716    1.0366        0.0001
  ab_p[1, 24]   -0.1777    2.2392    0.3142     97.8070     52.4859    1.0520        0.0001
  ab_p[2, 24]    0.0130    1.3518    0.1194    125.1097    212.9828    1.0252        0.0001
       σ_e[1]    0.9367    0.6388    0.0251    812.8105    655.7159    0.9997        0.0006
       σ_e[2]    0.2987    0.3962    0.0260    128.4964    258.3455    1.0328        0.0001
    ρ_e[1, 1]    1.0000    0.0000       NaN         NaN         NaN       NaN           NaN
    ρ_e[2, 1]    0.0788    0.4407    0.0122   1409.2875    698.6186    1.0005        0.0011
    ρ_e[1, 2]    0.0788    0.4407    0.0122   1409.2875    698.6186    1.0005        0.0011
    ρ_e[2, 2]    1.0000    0.0000    0.0000    956.7573    924.9159    0.9992        0.0008
        α_a_e    0.0141    0.9186    0.0470    384.3245    686.3832    1.0101        0.0003
        α_b_e   -0.0343    0.8596    0.0441    379.2625    491.5230    1.0153        0.0003
   ab_e[1, 1]   -0.3142    1.0863    0.0646    287.0058    465.9099    1.0213        0.0002
   ab_e[2, 1]   -0.0726    0.8824    0.0479    338.3804    413.2720    1.0179        0.0003
   ab_e[1, 2]    0.4620    1.0875    0.0648    285.4054    438.9435    1.0217        0.0002
   ab_e[2, 2]   -0.0122    0.8834    0.0480    341.2969    428.9600    1.0178        0.0003
            σ    4.2859    0.0145    0.0005    988.4808    595.6192    1.0033        0.0008

Quantiles
   parameters      2.5%     25.0%     50.0%     75.0%     97.5%
       Symbol   Float64   Float64   Float64   Float64   Float64

       σ_w[1]    0.0307    0.2481    0.5489    1.1351    3.0283
       σ_w[2]    0.0337    0.1898    0.4910    0.9993    2.9331
    ρ_w[1, 1]    1.0000    1.0000    1.0000    1.0000    1.0000
    ρ_w[2, 1]   -0.8388   -0.3906   -0.0448    0.3123    0.8216
    ρ_w[1, 2]   -0.8388   -0.3906   -0.0448    0.3123    0.8216
    ρ_w[2, 2]    1.0000    1.0000    1.0000    1.0000    1.0000
        α_a_w   -1.9105   -0.5714    0.0692    0.6684    1.7961
        α_b_w   -1.7664   -0.5669   -0.0091    0.5897    1.7553
   ab_w[1, 1]   -2.2611   -0.7117    0.0554    0.7138    2.0325
   ab_w[2, 1]   -2.1038   -0.6238   -0.0342    0.7030    2.1373
   ab_w[1, 2]   -2.6954   -0.6232    0.1529    0.9247    3.1908
   ab_w[2, 2]   -3.3909   -0.7600   -0.0567    0.7301    2.3863
   ab_w[1, 3]   -2.9598   -0.7110    0.1012    0.9014    2.7687
   ab_w[2, 3]   -2.7032   -0.7212   -0.0445    0.7183    2.5493
   ab_w[1, 4]   -2.9709   -0.8486    0.1147    0.8602    3.0581
   ab_w[2, 4]   -2.5240   -0.6883   -0.0307    0.7422    3.0367
       σ_p[1]    0.0257    0.1948    0.4715    1.1025    4.2460
       σ_p[2]    0.0610    0.2494    0.6613    1.1927    2.4374
    ρ_p[1, 1]    1.0000    1.0000    1.0000    1.0000    1.0000
    ρ_p[2, 1]   -0.7536   -0.3089    0.0184    0.3177    0.7455
    ρ_p[1, 2]   -0.7536   -0.3089    0.0184    0.3177    0.7455
    ρ_p[2, 2]    1.0000    1.0000    1.0000    1.0000    1.0000
        α_a_p   -1.6987   -0.5809   -0.0029    0.5261    1.4506
        α_b_p   -1.7934   -0.6576   -0.0652    0.6049    1.6366
   ab_p[1, 1]   -2.2437   -0.6842   -0.0704    0.5725    2.0239
   ab_p[2, 1]   -1.8423   -0.6236    0.0711    0.7543    2.0243
   ab_p[1, 2]   -4.0459   -0.7661   -0.0318    0.6741    3.3999
   ab_p[2, 2]   -2.9991   -0.7585   -0.0317    0.8124    2.7140
   ab_p[1, 3]   -2.6758   -0.7336   -0.0329    0.6559    2.8119
   ab_p[2, 3]   -3.3558   -0.8854   -0.0753    0.7646    2.4234
   ab_p[1, 4]   -2.8660   -0.7234    0.0026    0.6504    3.2381
   ab_p[2, 4]   -2.4958   -0.7675   -0.0401    0.7422    2.4752
   ab_p[1, 5]   -2.7690   -0.7256   -0.0389    0.6826    2.7004
   ab_p[2, 5]   -3.6972   -0.8846   -0.0638    0.7205    2.4882
   ab_p[1, 6]   -2.7916   -0.6788    0.0237    0.7646    4.0729
   ab_p[2, 6]   -2.9035   -0.8969   -0.0821    0.7360    2.8092
   ab_p[1, 7]   -2.9462   -0.6986   -0.0306    0.6888    3.6093
   ab_p[2, 7]   -3.2778   -0.9090   -0.0945    0.7734    2.5340
   ab_p[1, 8]   -4.4430   -0.8008   -0.0401    0.6320    2.4499
   ab_p[2, 8]   -2.8508   -0.8407   -0.1006    0.7359    2.8160
   ab_p[1, 9]   -2.4815   -0.6976    0.0438    0.8010    4.3773
   ab_p[2, 9]   -2.7750   -0.8579    0.0112    0.8251    2.9603
  ab_p[1, 10]   -3.0837   -0.7733   -0.0509    0.5914    3.1961
  ab_p[2, 10]   -2.9423   -0.8702   -0.0062    0.7586    2.8056
  ab_p[1, 11]   -3.1961   -0.7514   -0.0327    0.6241    2.6814
  ab_p[2, 11]   -3.2869   -0.9691   -0.1136    0.6927    2.5023
  ab_p[1, 12]   -2.8241   -0.6543    0.0101    0.7348    3.5777
  ab_p[2, 12]   -2.6651   -0.9075   -0.0083    0.8169    2.5977
  ab_p[1, 13]   -2.4755   -0.7084    0.0472    0.7718    3.8733
  ab_p[2, 13]   -2.9428   -0.8430   -0.0893    0.7242    2.4114
  ab_p[1, 14]   -2.7986   -0.7283   -0.0238    0.6826    3.4854
  ab_p[2, 14]   -3.0127   -0.8156   -0.0851    0.7440    2.2290
  ab_p[1, 15]   -3.1140   -0.7404   -0.0226    0.7519    4.0297
  ab_p[2, 15]   -2.4130   -0.7711    0.0251    0.8664    2.7465
  ab_p[1, 16]   -3.1892   -0.7667   -0.0669    0.5677    3.1312
  ab_p[2, 16]   -3.1311   -0.8585   -0.1478    0.7173    2.7968
  ab_p[1, 17]   -2.6583   -0.7728    0.0490    0.6780    3.2478
  ab_p[2, 17]   -2.6158   -0.8100   -0.0217    0.8363    2.6510
  ab_p[1, 18]   -2.8211   -0.7080    0.0337    0.8060    4.8299
  ab_p[2, 18]   -2.5906   -0.7720   -0.0185    0.8304    2.7235
  ab_p[1, 19]   -3.1309   -0.8324   -0.0990    0.6374    3.0554
  ab_p[2, 19]   -2.7551   -0.8780   -0.0385    0.8356    2.9017
  ab_p[1, 20]   -3.3419   -0.7061    0.0148    0.6933    3.7066
  ab_p[2, 20]   -3.5645   -0.9413   -0.0523    0.7561    2.4651
  ab_p[1, 21]   -2.7220   -0.7291    0.0277    0.7461    3.7794
  ab_p[2, 21]   -2.7037   -0.8181   -0.0310    0.7603    2.3490
  ab_p[1, 22]   -2.8842   -0.7869   -0.0386    0.6788    2.9156
  ab_p[2, 22]   -2.5822   -0.8699   -0.0772    0.7790    2.5985
  ab_p[1, 23]   -3.7139   -0.7961   -0.1255    0.5612    2.3399
  ab_p[2, 23]   -2.3639   -0.8289   -0.0981    0.7486    2.2567
  ab_p[1, 24]   -4.9236   -0.7081   -0.0197    0.6618    3.5752
  ab_p[2, 24]   -2.5391   -0.8048   -0.0491    0.7042    3.1456
       σ_e[1]    0.2754    0.5093    0.7300    1.1896    2.5545
       σ_e[2]    0.0093    0.0625    0.1498    0.3749    1.5205
    ρ_e[1, 1]    1.0000    1.0000    1.0000    1.0000    1.0000
    ρ_e[2, 1]   -0.7374   -0.2539    0.0908    0.4315    0.8271
    ρ_e[1, 2]   -0.7374   -0.2539    0.0908    0.4315    0.8271
    ρ_e[2, 2]    1.0000    1.0000    1.0000    1.0000    1.0000
        α_a_e   -1.8484   -0.6048    0.0476    0.6192    1.7931
        α_b_e   -1.7097   -0.6151   -0.0177    0.5298    1.6002
   ab_e[1, 1]   -2.4754   -1.0799   -0.3267    0.4668    1.6927
   ab_e[2, 1]   -1.8683   -0.6360   -0.0619    0.4995    1.6232
   ab_e[1, 2]   -1.7161   -0.3058    0.4565    1.2375    2.4975
   ab_e[2, 2]   -1.7995   -0.5870   -0.0052    0.5400    1.7014
            σ    4.2575    4.2752    4.2858    4.2965    4.3136

