cpu-bind=MASK - bp1-compute138, task  0  0 [881262]: mask 0xc0000000c00 set
cpu-bind=MASK - bp1-compute138, task  0  0 [881261]: mask 0x30000000300 set
Running on host bp1-compute138
Time is Tue May 12 13:27:37 BST 2026
Directory is /user/home/em18564/bayesian/BC4/Bayes/wordType_experiments/models/exponentials
Slurm job ID is 17298170
This job runs on the following machines:
bp1-compute138
Running on host bp1-compute138
Time is Tue May 12 13:27:37 BST 2026
Directory is /user/home/em18564/bayesian/BC4/Bayes/wordType_experiments/models/exponentials
Slurm job ID is 17298169
This job runs on the following machines:
bp1-compute138
┌ Warning: Runtime invalidation was disabled, but the CPU info is out-of-date.
│ Will continue with incorrect CPU name (from build time).
└ @ HostCPUFeatures ~/.julia/packages/HostCPUFeatures/ZTXz4/src/cpu_info.jl:71
┌ Warning: Runtime invalidation was disabled, but the CPU info is out-of-date.
│ Will continue with incorrect CPU feature flag: +avx512vnni.
└ @ HostCPUFeatures ~/.julia/packages/HostCPUFeatures/ZTXz4/src/cpu_info.jl:56
┌ Warning: Runtime invalidation was disabled, but the CPU info is out-of-date.
│ Will continue with incorrect CPU feature flag: -rtm.
└ @ HostCPUFeatures ~/.julia/packages/HostCPUFeatures/ZTXz4/src/cpu_info.jl:56
Sampling (4 threads)   0%|                              |  ETA: N/A
┌ Info: Found initial step size
└   ϵ = 0.0015625
┌ Info: Found initial step size
└   ϵ = 0.0001953125
┌ Info: Found initial step size
└   ϵ = 0.003125
┌ Info: Found initial step size
└   ϵ = 0.003125
Sampling (4 threads)   0%|▏                             |  ETA: 2:44:18
Sampling (4 threads)   1%|▎                             |  ETA: 1:21:49
Sampling (4 threads)   2%|▌                             |  ETA: 0:54:16
Sampling (4 threads)   2%|▋                             |  ETA: 0:42:12
Sampling (4 threads)   2%|▊                             |  ETA: 0:33:36
Sampling (4 threads)   3%|▉                             |  ETA: 0:42:47
Sampling (4 threads)   4%|█                             |  ETA: 0:36:29
Sampling (4 threads)   4%|█▎                            |  ETA: 0:31:46
Sampling (4 threads)   4%|█▍                            |  ETA: 0:28:05
Sampling (4 threads)   5%|█▌                            |  ETA: 1:01:09
Sampling (4 threads)   6%|█▋                            |  ETA: 0:55:18
Sampling (4 threads)   6%|█▊                            |  ETA: 0:50:25
Sampling (4 threads)   6%|██                            |  ETA: 1:49:02
Sampling (4 threads)   7%|██▏                           |  ETA: 1:40:43
Sampling (4 threads)   8%|██▎                           |  ETA: 1:33:29
Sampling (4 threads)   8%|██▍                           |  ETA: 1:27:10
Sampling (4 threads)   8%|██▌                           |  ETA: 2:13:30
Sampling (4 threads)   9%|██▊                           |  ETA: 2:05:23
Sampling (4 threads)  10%|██▉                           |  ETA: 1:58:08
Sampling (4 threads)  10%|███                           |  ETA: 2:32:29
Sampling (4 threads)  10%|███▏                          |  ETA: 2:24:25
Sampling (4 threads)  11%|███▎                          |  ETA: 2:17:05
Sampling (4 threads)  12%|███▌                          |  ETA: 2:25:03
Sampling (4 threads)  12%|███▋                          |  ETA: 2:18:13
Sampling (4 threads)  12%|███▊                          |  ETA: 2:29:05
Sampling (4 threads)  13%|███▉                          |  ETA: 2:22:32
Sampling (4 threads)  14%|████                          |  ETA: 2:31:49
Sampling (4 threads)  14%|████▎                         |  ETA: 2:25:33
Sampling (4 threads)  14%|████▍                         |  ETA: 2:19:43
Sampling (4 threads)  15%|████▌                         |  ETA: 2:23:24
Sampling (4 threads)  16%|████▋                         |  ETA: 2:17:57
Sampling (4 threads)  16%|████▊                         |  ETA: 2:30:09
Sampling (4 threads)  16%|█████                         |  ETA: 2:24:44
Sampling (4 threads)  17%|█████▏                        |  ETA: 2:19:38
Sampling (4 threads)  18%|█████▎                        |  ETA: 2:26:44
Sampling (4 threads)  18%|█████▍                        |  ETA: 2:21:47
Sampling (4 threads)  18%|█████▌                        |  ETA: 2:17:07
Sampling (4 threads)  19%|█████▊                        |  ETA: 2:27:12
Sampling (4 threads)  20%|█████▉                        |  ETA: 2:22:32
Sampling (4 threads)  20%|██████                        |  ETA: 2:18:07
Sampling (4 threads)  20%|██████▏                       |  ETA: 2:13:54
Sampling (4 threads)  21%|██████▎                       |  ETA: 2:20:44
Sampling (4 threads)  22%|██████▌                       |  ETA: 2:16:35
Sampling (4 threads)  22%|██████▋                       |  ETA: 2:12:38
Sampling (4 threads)  22%|██████▊                       |  ETA: 2:17:07
Sampling (4 threads)  23%|██████▉                       |  ETA: 2:13:16
Sampling (4 threads)  24%|███████                       |  ETA: 2:09:35
Sampling (4 threads)  24%|███████▎                      |  ETA: 2:15:52
Sampling (4 threads)  24%|███████▍                      |  ETA: 2:12:13
Sampling (4 threads)  25%|███████▌                      |  ETA: 2:13:17
Sampling (4 threads)  26%|███████▋                      |  ETA: 2:09:48
Sampling (4 threads)  26%|███████▊                      |  ETA: 2:15:38
Sampling (4 threads)  26%|████████                      |  ETA: 2:12:10
Sampling (4 threads)  27%|████████▏                     |  ETA: 2:08:50
Sampling (4 threads)  28%|████████▎                     |  ETA: 2:05:38
Sampling (4 threads)  28%|████████▍                     |  ETA: 2:06:31
Sampling (4 threads)  28%|████████▌                     |  ETA: 2:03:26
Sampling (4 threads)  29%|████████▊                     |  ETA: 2:06:56
Sampling (4 threads)  30%|████████▉                     |  ETA: 2:03:55
Sampling (4 threads)  30%|█████████                     |  ETA: 2:05:44
Sampling (4 threads)  30%|█████████▏                    |  ETA: 2:02:47
Sampling (4 threads)  31%|█████████▎                    |  ETA: 2:04:17
Sampling (4 threads)  32%|█████████▌                    |  ETA: 2:01:25
Sampling (4 threads)  32%|█████████▋                    |  ETA: 1:58:39
Sampling (4 threads)  32%|█████████▊                    |  ETA: 2:02:06
Sampling (4 threads)  33%|█████████▉                    |  ETA: 1:59:22
Sampling (4 threads)  34%|██████████                    |  ETA: 1:56:42
Sampling (4 threads)  34%|██████████▎                   |  ETA: 1:59:31
Sampling (4 threads)  34%|██████████▍                   |  ETA: 1:56:53
Sampling (4 threads)  35%|██████████▌                   |  ETA: 1:54:20
Sampling (4 threads)  36%|██████████▋                   |  ETA: 1:55:55
Sampling (4 threads)  36%|██████████▊                   |  ETA: 1:53:25
Sampling (4 threads)  36%|███████████                   |  ETA: 1:50:59
Sampling (4 threads)  37%|███████████▏                  |  ETA: 1:52:14
Sampling (4 threads)  38%|███████████▎                  |  ETA: 1:49:51
Sampling (4 threads)  38%|███████████▍                  |  ETA: 1:52:41
Sampling (4 threads)  38%|███████████▌                  |  ETA: 1:50:19
Sampling (4 threads)  39%|███████████▊                  |  ETA: 1:48:01
Sampling (4 threads)  40%|███████████▉                  |  ETA: 1:49:52
Sampling (4 threads)  40%|████████████                  |  ETA: 1:47:35
Sampling (4 threads)  40%|████████████▏                 |  ETA: 1:45:23
Sampling (4 threads)  41%|████████████▎                 |  ETA: 1:46:50
Sampling (4 threads)  42%|████████████▌                 |  ETA: 1:44:39
Sampling (4 threads)  42%|████████████▋                 |  ETA: 1:45:59
Sampling (4 threads)  42%|████████████▊                 |  ETA: 1:43:50
Sampling (4 threads)  43%|████████████▉                 |  ETA: 1:47:11
Sampling (4 threads)  44%|█████████████                 |  ETA: 1:45:01
Sampling (4 threads)  44%|█████████████▎                |  ETA: 1:42:55
Sampling (4 threads)  44%|█████████████▍                |  ETA: 1:43:38
Sampling (4 threads)  45%|█████████████▌                |  ETA: 1:41:33
Sampling (4 threads)  46%|█████████████▋                |  ETA: 1:43:18
Sampling (4 threads)  46%|█████████████▊                |  ETA: 1:41:15
Sampling (4 threads)  46%|██████████████                |  ETA: 1:39:14
Sampling (4 threads)  47%|██████████████▏               |  ETA: 1:37:15
Sampling (4 threads)  48%|██████████████▎               |  ETA: 1:39:28
Sampling (4 threads)  48%|██████████████▍               |  ETA: 1:37:30
Sampling (4 threads)  48%|██████████████▌               |  ETA: 1:35:34
Sampling (4 threads)  49%|██████████████▊               |  ETA: 1:36:10
Sampling (4 threads)  50%|██████████████▉               |  ETA: 1:34:16
Sampling (4 threads)  50%|███████████████               |  ETA: 1:32:24
Sampling (4 threads)  50%|███████████████▏              |  ETA: 1:34:05
Sampling (4 threads)  51%|███████████████▎              |  ETA: 1:32:13
Sampling (4 threads)  52%|███████████████▌              |  ETA: 1:30:23
Sampling (4 threads)  52%|███████████████▋              |  ETA: 1:32:06
Sampling (4 threads)  52%|███████████████▊              |  ETA: 1:30:16
Sampling (4 threads)  53%|███████████████▉              |  ETA: 1:28:28
Sampling (4 threads)  54%|████████████████              |  ETA: 1:29:55
Sampling (4 threads)  54%|████████████████▎             |  ETA: 1:28:07
Sampling (4 threads)  55%|████████████████▍             |  ETA: 1:26:22
Sampling (4 threads)  55%|████████████████▌             |  ETA: 1:27:31
Sampling (4 threads)  56%|████████████████▋             |  ETA: 1:25:46
Sampling (4 threads)  56%|████████████████▊             |  ETA: 1:24:03
Sampling (4 threads)  56%|█████████████████             |  ETA: 1:22:22
Sampling (4 threads)  57%|█████████████████▏            |  ETA: 1:22:57
Sampling (4 threads)  57%|█████████████████▎            |  ETA: 1:21:16
Sampling (4 threads)  58%|█████████████████▍            |  ETA: 1:21:38
Sampling (4 threads)  58%|█████████████████▌            |  ETA: 1:19:58
Sampling (4 threads)  59%|█████████████████▊            |  ETA: 1:18:20
Sampling (4 threads)  60%|█████████████████▉            |  ETA: 1:18:33
Sampling (4 threads)  60%|██████████████████            |  ETA: 1:16:56
Sampling (4 threads)  60%|██████████████████▏           |  ETA: 1:15:20
Sampling (4 threads)  61%|██████████████████▎           |  ETA: 1:15:45
Sampling (4 threads)  62%|██████████████████▌           |  ETA: 1:14:10
Sampling (4 threads)  62%|██████████████████▋           |  ETA: 1:12:37
Sampling (4 threads)  62%|██████████████████▊           |  ETA: 1:12:36
Sampling (4 threads)  63%|██████████████████▉           |  ETA: 1:11:04
Sampling (4 threads)  64%|███████████████████           |  ETA: 1:09:33
Sampling (4 threads)  64%|███████████████████▎          |  ETA: 1:09:05
Sampling (4 threads)  64%|███████████████████▍          |  ETA: 1:07:36
Sampling (4 threads)  65%|███████████████████▌          |  ETA: 1:07:07
Sampling (4 threads)  66%|███████████████████▋          |  ETA: 1:05:39
Sampling (4 threads)  66%|███████████████████▊          |  ETA: 1:05:45
Sampling (4 threads)  66%|████████████████████          |  ETA: 1:04:18
Sampling (4 threads)  67%|████████████████████▏         |  ETA: 1:02:52
Sampling (4 threads)  68%|████████████████████▎         |  ETA: 1:03:01
Sampling (4 threads)  68%|████████████████████▍         |  ETA: 1:01:36
Sampling (4 threads)  68%|████████████████████▌         |  ETA: 1:00:12
Sampling (4 threads)  69%|████████████████████▊         |  ETA: 1:00:10
Sampling (4 threads)  70%|████████████████████▉         |  ETA: 0:58:46
Sampling (4 threads)  70%|█████████████████████         |  ETA: 0:57:24
Sampling (4 threads)  70%|█████████████████████▏        |  ETA: 0:57:01
Sampling (4 threads)  71%|█████████████████████▎        |  ETA: 0:55:39
Sampling (4 threads)  72%|█████████████████████▌        |  ETA: 0:54:18
Sampling (4 threads)  72%|█████████████████████▋        |  ETA: 0:54:04
Sampling (4 threads)  72%|█████████████████████▊        |  ETA: 0:52:44
Sampling (4 threads)  73%|█████████████████████▉        |  ETA: 0:51:26
Sampling (4 threads)  74%|██████████████████████        |  ETA: 0:50:53
Sampling (4 threads)  74%|██████████████████████▎       |  ETA: 0:49:35
Sampling (4 threads)  74%|██████████████████████▍       |  ETA: 0:48:56
Sampling (4 threads)  75%|██████████████████████▌       |  ETA: 0:47:39
Sampling (4 threads)  76%|██████████████████████▋       |  ETA: 0:47:12
Sampling (4 threads)  76%|██████████████████████▊       |  ETA: 0:45:56
Sampling (4 threads)  76%|███████████████████████       |  ETA: 0:45:29
Sampling (4 threads)  77%|███████████████████████▏      |  ETA: 0:44:14
Sampling (4 threads)  78%|███████████████████████▎      |  ETA: 0:42:59
Sampling (4 threads)  78%|███████████████████████▍      |  ETA: 0:42:41
Sampling (4 threads)  78%|███████████████████████▌      |  ETA: 0:41:27
Sampling (4 threads)  79%|███████████████████████▊      |  ETA: 0:40:14
Sampling (4 threads)  80%|███████████████████████▉      |  ETA: 0:39:02
Sampling (4 threads)  80%|████████████████████████      |  ETA: 0:38:28
Sampling (4 threads)  80%|████████████████████████▏     |  ETA: 0:37:17
Sampling (4 threads)  81%|████████████████████████▎     |  ETA: 0:36:38
Sampling (4 threads)  82%|████████████████████████▌     |  ETA: 0:35:27
Sampling (4 threads)  82%|████████████████████████▋     |  ETA: 0:34:59
Sampling (4 threads)  82%|████████████████████████▊     |  ETA: 0:33:48
Sampling (4 threads)  83%|████████████████████████▉     |  ETA: 0:32:39
Sampling (4 threads)  84%|█████████████████████████     |  ETA: 0:31:55
Sampling (4 threads)  84%|█████████████████████████▎    |  ETA: 0:30:46
Sampling (4 threads)  84%|█████████████████████████▍    |  ETA: 0:29:38
Sampling (4 threads)  85%|█████████████████████████▌    |  ETA: 0:29:11
Sampling (4 threads)  86%|█████████████████████████▋    |  ETA: 0:28:03
Sampling (4 threads)  86%|█████████████████████████▊    |  ETA: 0:26:55
Sampling (4 threads)  86%|██████████████████████████    |  ETA: 0:26:28
Sampling (4 threads)  87%|██████████████████████████▏   |  ETA: 0:25:20
Sampling (4 threads)  88%|██████████████████████████▎   |  ETA: 0:24:13
Sampling (4 threads)  88%|██████████████████████████▍   |  ETA: 0:23:07
Sampling (4 threads)  88%|██████████████████████████▌   |  ETA: 0:22:20
Sampling (4 threads)  89%|██████████████████████████▊   |  ETA: 0:21:14
Sampling (4 threads)  90%|██████████████████████████▉   |  ETA: 0:20:29
Sampling (4 threads)  90%|███████████████████████████   |  ETA: 0:19:24
Sampling (4 threads)  90%|███████████████████████████▏  |  ETA: 0:18:29
Sampling (4 threads)  91%|███████████████████████████▎  |  ETA: 0:17:25
Sampling (4 threads)  92%|███████████████████████████▌  |  ETA: 0:16:35
Sampling (4 threads)  92%|███████████████████████████▋  |  ETA: 0:15:31
Sampling (4 threads)  92%|███████████████████████████▊  |  ETA: 0:14:28
Sampling (4 threads)  93%|███████████████████████████▉  |  ETA: 0:13:26
Sampling (4 threads)  94%|████████████████████████████  |  ETA: 0:12:33
Sampling (4 threads)  94%|████████████████████████████▎ |  ETA: 0:11:37
Sampling (4 threads)  94%|████████████████████████████▍ |  ETA: 0:10:41
Sampling (4 threads)  95%|████████████████████████████▌ |  ETA: 0:09:42
Sampling (4 threads)  96%|████████████████████████████▋ |  ETA: 0:08:43
Sampling (4 threads)  96%|████████████████████████████▊ |  ETA: 0:07:46
Sampling (4 threads)  96%|█████████████████████████████ |  ETA: 0:06:48
Sampling (4 threads)  97%|█████████████████████████████▏|  ETA: 0:05:50
Sampling (4 threads)  98%|█████████████████████████████▎|  ETA: 0:04:54
Sampling (4 threads)  98%|█████████████████████████████▍|  ETA: 0:03:58
Sampling (4 threads)  98%|█████████████████████████████▌|  ETA: 0:03:00
Sampling (4 threads)  99%|█████████████████████████████▊|  ETA: 0:02:01
Sampling (4 threads) 100%|█████████████████████████████▉|  ETA: 0:01:01
Sampling (4 threads) 100%|██████████████████████████████| Time: 3:25:20
Sampling (4 threads) 100%|██████████████████████████████| Time: 3:25:20
┌ Warning: Runtime invalidation was disabled, but the CPU info is out-of-date.
│ Will continue with incorrect CPU name (from build time).
└ @ HostCPUFeatures ~/.julia/packages/HostCPUFeatures/ZTXz4/src/cpu_info.jl:71
┌ Warning: Runtime invalidation was disabled, but the CPU info is out-of-date.
│ Will continue with incorrect CPU feature flag: +avx512vnni.
└ @ HostCPUFeatures ~/.julia/packages/HostCPUFeatures/ZTXz4/src/cpu_info.jl:56
┌ Warning: Runtime invalidation was disabled, but the CPU info is out-of-date.
│ Will continue with incorrect CPU feature flag: -rtm.
└ @ HostCPUFeatures ~/.julia/packages/HostCPUFeatures/ZTXz4/src/cpu_info.jl:56
Sampling (4 threads)   0%|                              |  ETA: N/A
┌ Info: Found initial step size
└   ϵ = 0.003125
┌ Info: Found initial step size
└   ϵ = 0.003125
┌ Info: Found initial step size
└   ϵ = 0.003125
┌ Info: Found initial step size
└   ϵ = 0.0015625
Sampling (4 threads)   0%|▏                             |  ETA: 2:34:34
Sampling (4 threads)   1%|▎                             |  ETA: 1:16:58
Sampling (4 threads)   2%|▌                             |  ETA: 0:51:03
Sampling (4 threads)   2%|▋                             |  ETA: 1:08:46
Sampling (4 threads)   2%|▊                             |  ETA: 0:54:44
Sampling (4 threads)   3%|▉                             |  ETA: 0:45:23
Sampling (4 threads)   4%|█                             |  ETA: 0:38:42
Sampling (4 threads)   4%|█▎                            |  ETA: 1:14:16
Sampling (4 threads)   4%|█▍                            |  ETA: 1:05:40
Sampling (4 threads)   5%|█▌                            |  ETA: 0:58:48
Sampling (4 threads)   6%|█▋                            |  ETA: 1:39:06
Sampling (4 threads)   6%|█▊                            |  ETA: 1:30:22
Sampling (4 threads)   6%|██                            |  ETA: 2:08:30
Sampling (4 threads)   7%|██▏                           |  ETA: 1:58:41
Sampling (4 threads)   8%|██▎                           |  ETA: 2:30:58
Sampling (4 threads)   8%|██▍                           |  ETA: 2:20:46
Sampling (4 threads)   8%|██▌                           |  ETA: 2:11:46
Sampling (4 threads)   9%|██▊                           |  ETA: 2:25:02
Sampling (4 threads)  10%|██▉                           |  ETA: 2:16:39
Sampling (4 threads)  10%|███                           |  ETA: 2:32:46
Sampling (4 threads)  10%|███▏                          |  ETA: 2:24:41
Sampling (4 threads)  11%|███▎                          |  ETA: 2:43:01
Sampling (4 threads)  12%|███▌                          |  ETA: 2:35:03
Sampling (4 threads)  12%|███▋                          |  ETA: 2:49:17
Sampling (4 threads)  12%|███▊                          |  ETA: 2:41:36
Sampling (4 threads)  13%|███▉                          |  ETA: 2:34:30
Sampling (4 threads)  14%|████                          |  ETA: 2:48:45
Sampling (4 threads)  14%|████▎                         |  ETA: 2:41:47
Sampling (4 threads)  14%|████▍                         |  ETA: 2:35:18
Sampling (4 threads)  15%|████▌                         |  ETA: 2:54:15
Sampling (4 threads)  16%|████▋                         |  ETA: 2:47:38
Sampling (4 threads)  16%|████▊                         |  ETA: 2:41:26
Sampling (4 threads)  16%|█████                         |  ETA: 2:35:37
Sampling (4 threads)  17%|█████▏                        |  ETA: 2:46:43
Sampling (4 threads)  18%|█████▎                        |  ETA: 2:40:59
Sampling (4 threads)  18%|█████▍                        |  ETA: 2:35:34
Sampling (4 threads)  18%|█████▌                        |  ETA: 2:44:45
Sampling (4 threads)  19%|█████▊                        |  ETA: 2:39:26
Sampling (4 threads)  20%|█████▉                        |  ETA: 2:34:23
Sampling (4 threads)  20%|██████                        |  ETA: 2:46:10
Sampling (4 threads)  20%|██████▏                       |  ETA: 2:41:06
Sampling (4 threads)  21%|██████▎                       |  ETA: 2:36:16
Sampling (4 threads)  22%|██████▌                       |  ETA: 2:45:13
Sampling (4 threads)  22%|██████▋                       |  ETA: 2:40:26
Sampling (4 threads)  22%|██████▊                       |  ETA: 2:35:52
Sampling (4 threads)  23%|██████▉                       |  ETA: 2:31:29
Sampling (4 threads)  24%|███████                       |  ETA: 2:37:33
Sampling (4 threads)  24%|███████▎                      |  ETA: 2:33:16
Sampling (4 threads)  24%|███████▍                      |  ETA: 2:38:57
Sampling (4 threads)  25%|███████▌                      |  ETA: 2:34:44
Sampling (4 threads)  26%|███████▋                      |  ETA: 2:30:41
Sampling (4 threads)  26%|███████▊                      |  ETA: 2:36:46
Sampling (4 threads)  26%|████████                      |  ETA: 2:32:46
Sampling (4 threads)  27%|████████▏                     |  ETA: 2:28:55
Sampling (4 threads)  28%|████████▎                     |  ETA: 2:25:13
Sampling (4 threads)  28%|████████▍                     |  ETA: 2:31:32
Sampling (4 threads)  28%|████████▌                     |  ETA: 2:27:51
Sampling (4 threads)  29%|████████▊                     |  ETA: 2:24:17
Sampling (4 threads)  30%|████████▉                     |  ETA: 2:28:07
Sampling (4 threads)  30%|█████████                     |  ETA: 2:24:37
Sampling (4 threads)  30%|█████████▏                    |  ETA: 2:21:14
Sampling (4 threads)  31%|█████████▎                    |  ETA: 2:26:36
Sampling (4 threads)  32%|█████████▌                    |  ETA: 2:23:13
Sampling (4 threads)  32%|█████████▋                    |  ETA: 2:19:57
Sampling (4 threads)  32%|█████████▊                    |  ETA: 2:23:26
Sampling (4 threads)  33%|█████████▉                    |  ETA: 2:20:13
Sampling (4 threads)  34%|██████████                    |  ETA: 2:17:05
Sampling (4 threads)  34%|██████████▎                   |  ETA: 2:20:42
Sampling (4 threads)  34%|██████████▍                   |  ETA: 2:17:37
Sampling (4 threads)  35%|██████████▌                   |  ETA: 2:14:36
Sampling (4 threads)  36%|██████████▋                   |  ETA: 2:11:41
Sampling (4 threads)  36%|██████████▊                   |  ETA: 2:14:39
Sampling (4 threads)  36%|███████████                   |  ETA: 2:11:46
Sampling (4 threads)  37%|███████████▏                  |  ETA: 2:14:32
Sampling (4 threads)  38%|███████████▎                  |  ETA: 2:11:41
Sampling (4 threads)  38%|███████████▍                  |  ETA: 2:08:54
Sampling (4 threads)  38%|███████████▌                  |  ETA: 2:06:12
Sampling (4 threads)  39%|███████████▊                  |  ETA: 2:08:42
Sampling (4 threads)  40%|███████████▉                  |  ETA: 2:06:02
Sampling (4 threads)  40%|████████████                  |  ETA: 2:08:20
Sampling (4 threads)  40%|████████████▏                 |  ETA: 2:05:42
Sampling (4 threads)  41%|████████████▎                 |  ETA: 2:03:07
Sampling (4 threads)  42%|████████████▌                 |  ETA: 2:00:37
Sampling (4 threads)  42%|████████████▋                 |  ETA: 2:02:33
Sampling (4 threads)  42%|████████████▊                 |  ETA: 2:00:04
Sampling (4 threads)  43%|████████████▉                 |  ETA: 2:00:10
Sampling (4 threads)  44%|█████████████                 |  ETA: 1:57:45
Sampling (4 threads)  44%|█████████████▎                |  ETA: 1:59:07
Sampling (4 threads)  44%|█████████████▍                |  ETA: 1:56:43
Sampling (4 threads)  45%|█████████████▌                |  ETA: 1:54:23
Sampling (4 threads)  46%|█████████████▋                |  ETA: 1:52:06
Sampling (4 threads)  46%|█████████████▊                |  ETA: 1:54:04
Sampling (4 threads)  46%|██████████████                |  ETA: 1:51:47
Sampling (4 threads)  47%|██████████████▏               |  ETA: 1:49:34
Sampling (4 threads)  48%|██████████████▎               |  ETA: 1:50:38
Sampling (4 threads)  48%|██████████████▍               |  ETA: 1:48:26
Sampling (4 threads)  48%|██████████████▌               |  ETA: 1:46:17
Sampling (4 threads)  49%|██████████████▊               |  ETA: 1:47:56
Sampling (4 threads)  50%|██████████████▉               |  ETA: 1:45:47
Sampling (4 threads)  50%|███████████████               |  ETA: 1:43:42
Sampling (4 threads)  50%|███████████████▏              |  ETA: 1:44:38
Sampling (4 threads)  51%|███████████████▎              |  ETA: 1:42:33
Sampling (4 threads)  52%|███████████████▌              |  ETA: 1:40:31
Sampling (4 threads)  52%|███████████████▋              |  ETA: 1:40:17
Sampling (4 threads)  52%|███████████████▊              |  ETA: 1:38:18
Sampling (4 threads)  53%|███████████████▉              |  ETA: 1:38:01
Sampling (4 threads)  54%|████████████████              |  ETA: 1:36:04
Sampling (4 threads)  54%|████████████████▎             |  ETA: 1:35:47
Sampling (4 threads)  55%|████████████████▍             |  ETA: 1:33:52
Sampling (4 threads)  55%|████████████████▌             |  ETA: 1:34:26
Sampling (4 threads)  56%|████████████████▋             |  ETA: 1:32:32
Sampling (4 threads)  56%|████████████████▊             |  ETA: 1:30:41
Sampling (4 threads)  56%|█████████████████             |  ETA: 1:31:35
Sampling (4 threads)  57%|█████████████████▏            |  ETA: 1:29:44
Sampling (4 threads)  57%|█████████████████▎            |  ETA: 1:27:55
Sampling (4 threads)  58%|█████████████████▍            |  ETA: 1:28:16
Sampling (4 threads)  58%|█████████████████▌            |  ETA: 1:26:28
Sampling (4 threads)  59%|█████████████████▊            |  ETA: 1:24:42
Sampling (4 threads)  60%|█████████████████▉            |  ETA: 1:25:22
Sampling (4 threads)  60%|██████████████████            |  ETA: 1:23:37
Sampling (4 threads)  60%|██████████████████▏           |  ETA: 1:21:53
Sampling (4 threads)  61%|██████████████████▎           |  ETA: 1:20:11
Sampling (4 threads)  62%|██████████████████▌           |  ETA: 1:20:24
Sampling (4 threads)  62%|██████████████████▋           |  ETA: 1:18:43
Sampling (4 threads)  62%|██████████████████▊           |  ETA: 1:19:03
Sampling (4 threads)  63%|██████████████████▉           |  ETA: 1:17:23
Sampling (4 threads)  64%|███████████████████           |  ETA: 1:15:44
Sampling (4 threads)  64%|███████████████████▎          |  ETA: 1:14:06
Sampling (4 threads)  64%|███████████████████▍          |  ETA: 1:14:15
Sampling (4 threads)  65%|███████████████████▌          |  ETA: 1:12:38
Sampling (4 threads)  66%|███████████████████▋          |  ETA: 1:12:02
Sampling (4 threads)  66%|███████████████████▊          |  ETA: 1:10:27
Sampling (4 threads)  66%|████████████████████          |  ETA: 1:09:49
Sampling (4 threads)  67%|████████████████████▏         |  ETA: 1:08:16
Sampling (4 threads)  68%|████████████████████▎         |  ETA: 1:08:08
Sampling (4 threads)  68%|████████████████████▍         |  ETA: 1:06:35
Sampling (4 threads)  68%|████████████████████▌         |  ETA: 1:05:04
Sampling (4 threads)  69%|████████████████████▊         |  ETA: 1:03:34
Sampling (4 threads)  70%|████████████████████▉         |  ETA: 1:03:38
Sampling (4 threads)  70%|█████████████████████         |  ETA: 1:02:08
Sampling (4 threads)  70%|█████████████████████▏        |  ETA: 1:00:40
Sampling (4 threads)  71%|█████████████████████▎        |  ETA: 1:00:29
Sampling (4 threads)  72%|█████████████████████▌        |  ETA: 0:59:01
Sampling (4 threads)  72%|█████████████████████▋        |  ETA: 0:57:35
Sampling (4 threads)  72%|█████████████████████▊        |  ETA: 0:56:53
Sampling (4 threads)  73%|█████████████████████▉        |  ETA: 0:55:28
Sampling (4 threads)  74%|██████████████████████        |  ETA: 0:54:44
Sampling (4 threads)  74%|██████████████████████▎       |  ETA: 0:53:21
Sampling (4 threads)  74%|██████████████████████▍       |  ETA: 0:53:01
Sampling (4 threads)  75%|██████████████████████▌       |  ETA: 0:51:38
Sampling (4 threads)  76%|██████████████████████▋       |  ETA: 0:51:00
Sampling (4 threads)  76%|██████████████████████▊       |  ETA: 0:49:38
Sampling (4 threads)  76%|███████████████████████       |  ETA: 0:48:17
Sampling (4 threads)  77%|███████████████████████▏      |  ETA: 0:47:54
Sampling (4 threads)  78%|███████████████████████▎      |  ETA: 0:46:33
Sampling (4 threads)  78%|███████████████████████▍      |  ETA: 0:45:14
Sampling (4 threads)  78%|███████████████████████▌      |  ETA: 0:44:52
Sampling (4 threads)  79%|███████████████████████▊      |  ETA: 0:43:33
Sampling (4 threads)  80%|███████████████████████▉      |  ETA: 0:42:15
Sampling (4 threads)  80%|████████████████████████      |  ETA: 0:40:57
Sampling (4 threads)  80%|████████████████████████▏     |  ETA: 0:40:32
Sampling (4 threads)  81%|████████████████████████▎     |  ETA: 0:39:15
Sampling (4 threads)  82%|████████████████████████▌     |  ETA: 0:37:59
Sampling (4 threads)  82%|████████████████████████▋     |  ETA: 0:37:26
Sampling (4 threads)  82%|████████████████████████▊     |  ETA: 0:36:11
Sampling (4 threads)  83%|████████████████████████▉     |  ETA: 0:34:56
Sampling (4 threads)  84%|█████████████████████████     |  ETA: 0:34:21
Sampling (4 threads)  84%|█████████████████████████▎    |  ETA: 0:33:07
Sampling (4 threads)  84%|█████████████████████████▍    |  ETA: 0:31:53
Sampling (4 threads)  85%|█████████████████████████▌    |  ETA: 0:30:41
Sampling (4 threads)  86%|█████████████████████████▋    |  ETA: 0:29:59
Sampling (4 threads)  86%|█████████████████████████▊    |  ETA: 0:28:47
Sampling (4 threads)  86%|██████████████████████████    |  ETA: 0:27:39
Sampling (4 threads)  87%|██████████████████████████▏   |  ETA: 0:26:41
Sampling (4 threads)  88%|██████████████████████████▎   |  ETA: 0:25:39
Sampling (4 threads)  88%|██████████████████████████▍   |  ETA: 0:24:39
Sampling (4 threads)  88%|██████████████████████████▌   |  ETA: 0:23:36
Sampling (4 threads)  89%|██████████████████████████▊   |  ETA: 0:22:40
Sampling (4 threads)  90%|██████████████████████████▉   |  ETA: 0:21:38
Sampling (4 threads)  90%|███████████████████████████   |  ETA: 0:20:34
Sampling (4 threads)  90%|███████████████████████████▏  |  ETA: 0:19:34
Sampling (4 threads)  91%|███████████████████████████▎  |  ETA: 0:18:34
Sampling (4 threads)  92%|███████████████████████████▌  |  ETA: 0:17:33
Sampling (4 threads)  92%|███████████████████████████▋  |  ETA: 0:16:30
Sampling (4 threads)  92%|███████████████████████████▊  |  ETA: 0:15:29
Sampling (4 threads)  93%|███████████████████████████▉  |  ETA: 0:14:28
Sampling (4 threads)  94%|████████████████████████████  |  ETA: 0:13:24
Sampling (4 threads)  94%|████████████████████████████▎ |  ETA: 0:12:24
Sampling (4 threads)  94%|████████████████████████████▍ |  ETA: 0:11:23
Sampling (4 threads)  95%|████████████████████████████▌ |  ETA: 0:10:20
Sampling (4 threads)  96%|████████████████████████████▋ |  ETA: 0:09:19
Sampling (4 threads)  96%|████████████████████████████▊ |  ETA: 0:08:19
Sampling (4 threads)  96%|█████████████████████████████ |  ETA: 0:07:18
Sampling (4 threads)  97%|█████████████████████████████▏|  ETA: 0:06:16
Sampling (4 threads)  98%|█████████████████████████████▎|  ETA: 0:05:13
Sampling (4 threads)  98%|█████████████████████████████▍|  ETA: 0:04:11
Sampling (4 threads)  98%|█████████████████████████████▌|  ETA: 0:03:09
Sampling (4 threads)  99%|█████████████████████████████▊|  ETA: 0:02:06
Sampling (4 threads) 100%|█████████████████████████████▉|  ETA: 0:01:03
Sampling (4 threads) 100%|██████████████████████████████| Time: 3:30:08
Sampling (4 threads) 100%|██████████████████████████████| Time: 3:30:08
┌ Warning: Runtime invalidation was disabled, but the CPU info is out-of-date.
│ Will continue with incorrect CPU name (from build time).
└ @ HostCPUFeatures ~/.julia/packages/HostCPUFeatures/ZTXz4/src/cpu_info.jl:71
┌ Warning: Runtime invalidation was disabled, but the CPU info is out-of-date.
│ Will continue with incorrect CPU feature flag: +avx512vnni.
└ @ HostCPUFeatures ~/.julia/packages/HostCPUFeatures/ZTXz4/src/cpu_info.jl:56
┌ Warning: Runtime invalidation was disabled, but the CPU info is out-of-date.
│ Will continue with incorrect CPU feature flag: -rtm.
└ @ HostCPUFeatures ~/.julia/packages/HostCPUFeatures/ZTXz4/src/cpu_info.jl:56
Sampling (4 threads)   0%|                              |  ETA: N/A
┌ Info: Found initial step size
└   ϵ = 0.00625
┌ Info: Found initial step size
└   ϵ = 0.003125
┌ Info: Found initial step size
└   ϵ = 0.0015625
┌ Info: Found initial step size
└   ϵ = 0.0015625
Sampling (4 threads)   0%|▏                             |  ETA: 2:39:29
Sampling (4 threads)   1%|▎                             |  ETA: 1:19:26
Sampling (4 threads)   2%|▌                             |  ETA: 0:52:41
Sampling (4 threads)   2%|▋                             |  ETA: 0:43:13
Sampling (4 threads)   2%|▊                             |  ETA: 0:34:24
Sampling (4 threads)   3%|▉                             |  ETA: 0:28:31
Sampling (4 threads)   4%|█                             |  ETA: 0:41:43
Sampling (4 threads)   4%|█▎                            |  ETA: 0:36:19
Sampling (4 threads)   4%|█▍                            |  ETA: 1:07:47
Sampling (4 threads)   5%|█▌                            |  ETA: 1:00:41
Sampling (4 threads)   6%|█▋                            |  ETA: 0:54:53
Sampling (4 threads)   6%|█▊                            |  ETA: 1:41:12
Sampling (4 threads)   6%|██                            |  ETA: 1:32:55
Sampling (4 threads)   7%|██▏                           |  ETA: 1:54:09
Sampling (4 threads)   8%|██▎                           |  ETA: 1:45:58
Sampling (4 threads)   8%|██▍                           |  ETA: 2:16:40
Sampling (4 threads)   8%|██▌                           |  ETA: 2:07:55
Sampling (4 threads)   9%|██▊                           |  ETA: 2:28:18
Sampling (4 threads)  10%|██▉                           |  ETA: 2:19:44
Sampling (4 threads)  10%|███                           |  ETA: 2:12:00
Sampling (4 threads)  10%|███▏                          |  ETA: 2:19:36
Sampling (4 threads)  11%|███▎                          |  ETA: 2:12:30
Sampling (4 threads)  12%|███▌                          |  ETA: 2:31:44
Sampling (4 threads)  12%|███▋                          |  ETA: 2:24:36
Sampling (4 threads)  12%|███▊                          |  ETA: 2:31:16
Sampling (4 threads)  13%|███▉                          |  ETA: 2:24:37
Sampling (4 threads)  14%|████                          |  ETA: 2:30:37
Sampling (4 threads)  14%|████▎                         |  ETA: 2:24:24
Sampling (4 threads)  14%|████▍                         |  ETA: 2:31:22
Sampling (4 threads)  15%|████▌                         |  ETA: 2:25:28
Sampling (4 threads)  16%|████▋                         |  ETA: 2:35:28
Sampling (4 threads)  16%|████▊                         |  ETA: 2:29:43
Sampling (4 threads)  16%|█████                         |  ETA: 2:35:38
Sampling (4 threads)  17%|█████▏                        |  ETA: 2:30:09
Sampling (4 threads)  18%|█████▎                        |  ETA: 2:42:52
Sampling (4 threads)  18%|█████▍                        |  ETA: 2:37:23
Sampling (4 threads)  18%|█████▌                        |  ETA: 2:32:12
Sampling (4 threads)  19%|█████▊                        |  ETA: 2:44:00
Sampling (4 threads)  20%|█████▉                        |  ETA: 2:38:48
Sampling (4 threads)  20%|██████                        |  ETA: 2:33:52
Sampling (4 threads)  20%|██████▏                       |  ETA: 2:38:25
Sampling (4 threads)  21%|██████▎                       |  ETA: 2:33:40
Sampling (4 threads)  22%|██████▌                       |  ETA: 2:43:42
Sampling (4 threads)  22%|██████▋                       |  ETA: 2:38:57
Sampling (4 threads)  22%|██████▊                       |  ETA: 2:34:26
Sampling (4 threads)  23%|██████▉                       |  ETA: 2:44:20
Sampling (4 threads)  24%|███████                       |  ETA: 2:39:47
Sampling (4 threads)  24%|███████▎                      |  ETA: 2:35:26
Sampling (4 threads)  24%|███████▍                      |  ETA: 2:41:48
Sampling (4 threads)  25%|███████▌                      |  ETA: 2:37:31
Sampling (4 threads)  26%|███████▋                      |  ETA: 2:33:24
Sampling (4 threads)  26%|███████▊                      |  ETA: 2:38:26
Sampling (4 threads)  26%|████████                      |  ETA: 2:34:24
Sampling (4 threads)  27%|████████▏                     |  ETA: 2:30:30
Sampling (4 threads)  28%|████████▎                     |  ETA: 2:35:42
Sampling (4 threads)  28%|████████▍                     |  ETA: 2:31:52
Sampling (4 threads)  28%|████████▌                     |  ETA: 2:28:10
Sampling (4 threads)  29%|████████▊                     |  ETA: 2:34:24
Sampling (4 threads)  30%|████████▉                     |  ETA: 2:30:42
Sampling (4 threads)  30%|█████████                     |  ETA: 2:27:09
Sampling (4 threads)  30%|█████████▏                    |  ETA: 2:31:50
Sampling (4 threads)  31%|█████████▎                    |  ETA: 2:28:19
Sampling (4 threads)  32%|█████████▌                    |  ETA: 2:24:54
Sampling (4 threads)  32%|█████████▋                    |  ETA: 2:21:36
Sampling (4 threads)  32%|█████████▊                    |  ETA: 2:25:18
Sampling (4 threads)  33%|█████████▉                    |  ETA: 2:22:02
Sampling (4 threads)  34%|██████████                    |  ETA: 2:27:21
Sampling (4 threads)  34%|██████████▎                   |  ETA: 2:24:06
Sampling (4 threads)  34%|██████████▍                   |  ETA: 2:20:56
Sampling (4 threads)  35%|██████████▌                   |  ETA: 2:17:51
Sampling (4 threads)  36%|██████████▋                   |  ETA: 2:20:13
Sampling (4 threads)  36%|██████████▊                   |  ETA: 2:17:12
Sampling (4 threads)  36%|███████████                   |  ETA: 2:21:10
Sampling (4 threads)  37%|███████████▏                  |  ETA: 2:18:09
Sampling (4 threads)  38%|███████████▎                  |  ETA: 2:15:14
Sampling (4 threads)  38%|███████████▍                  |  ETA: 2:17:19
Sampling (4 threads)  38%|███████████▌                  |  ETA: 2:14:27
Sampling (4 threads)  39%|███████████▊                  |  ETA: 2:15:09
Sampling (4 threads)  40%|███████████▉                  |  ETA: 2:12:21
Sampling (4 threads)  40%|████████████                  |  ETA: 2:17:56
Sampling (4 threads)  40%|████████████▏                 |  ETA: 2:15:05
Sampling (4 threads)  41%|████████████▎                 |  ETA: 2:12:19
Sampling (4 threads)  42%|████████████▌                 |  ETA: 2:14:22
Sampling (4 threads)  42%|████████████▋                 |  ETA: 2:11:38
Sampling (4 threads)  42%|████████████▊                 |  ETA: 2:14:27
Sampling (4 threads)  43%|████████████▉                 |  ETA: 2:11:44
Sampling (4 threads)  44%|█████████████                 |  ETA: 2:09:05
Sampling (4 threads)  44%|█████████████▎                |  ETA: 2:06:29
Sampling (4 threads)  44%|█████████████▍                |  ETA: 2:09:58
Sampling (4 threads)  45%|█████████████▌                |  ETA: 2:07:22
Sampling (4 threads)  46%|█████████████▋                |  ETA: 2:04:49
Sampling (4 threads)  46%|█████████████▊                |  ETA: 2:07:29
Sampling (4 threads)  46%|██████████████                |  ETA: 2:04:57
Sampling (4 threads)  47%|██████████████▏               |  ETA: 2:02:28
Sampling (4 threads)  48%|██████████████▎               |  ETA: 2:04:35
Sampling (4 threads)  48%|██████████████▍               |  ETA: 2:02:07
Sampling (4 threads)  48%|██████████████▌               |  ETA: 1:59:42
Sampling (4 threads)  49%|██████████████▊               |  ETA: 2:01:15
Sampling (4 threads)  50%|██████████████▉               |  ETA: 1:58:51
Sampling (4 threads)  50%|███████████████               |  ETA: 1:56:29
Sampling (4 threads)  50%|███████████████▏              |  ETA: 1:57:47
Sampling (4 threads)  51%|███████████████▎              |  ETA: 1:55:27
Sampling (4 threads)  52%|███████████████▌              |  ETA: 1:56:07
Sampling (4 threads)  52%|███████████████▋              |  ETA: 1:53:49
Sampling (4 threads)  52%|███████████████▊              |  ETA: 1:51:34
Sampling (4 threads)  53%|███████████████▉              |  ETA: 1:53:16
Sampling (4 threads)  54%|████████████████              |  ETA: 1:51:01
Sampling (4 threads)  54%|████████████████▎             |  ETA: 1:48:48
Sampling (4 threads)  55%|████████████████▍             |  ETA: 1:46:38
Sampling (4 threads)  55%|████████████████▌             |  ETA: 1:47:12
Sampling (4 threads)  56%|████████████████▋             |  ETA: 1:45:03
Sampling (4 threads)  56%|████████████████▊             |  ETA: 1:45:49
Sampling (4 threads)  56%|█████████████████             |  ETA: 1:43:41
Sampling (4 threads)  57%|█████████████████▏            |  ETA: 1:41:36
Sampling (4 threads)  57%|█████████████████▎            |  ETA: 1:39:33
Sampling (4 threads)  58%|█████████████████▍            |  ETA: 1:40:38
Sampling (4 threads)  58%|█████████████████▌            |  ETA: 1:38:35
Sampling (4 threads)  59%|█████████████████▊            |  ETA: 1:36:34
Sampling (4 threads)  60%|█████████████████▉            |  ETA: 1:37:16
Sampling (4 threads)  60%|██████████████████            |  ETA: 1:35:16
Sampling (4 threads)  60%|██████████████████▏           |  ETA: 1:33:18
Sampling (4 threads)  61%|██████████████████▎           |  ETA: 1:33:57
Sampling (4 threads)  62%|██████████████████▌           |  ETA: 1:32:00
Sampling (4 threads)  62%|██████████████████▋           |  ETA: 1:30:04
Sampling (4 threads)  62%|██████████████████▊           |  ETA: 1:30:20
Sampling (4 threads)  63%|██████████████████▉           |  ETA: 1:28:25
Sampling (4 threads)  64%|███████████████████           |  ETA: 1:28:00
Sampling (4 threads)  64%|███████████████████▎          |  ETA: 1:26:07
Sampling (4 threads)  64%|███████████████████▍          |  ETA: 1:25:20
Sampling (4 threads)  65%|███████████████████▌          |  ETA: 1:23:29
Sampling (4 threads)  66%|███████████████████▋          |  ETA: 1:21:40
Sampling (4 threads)  66%|███████████████████▊          |  ETA: 1:21:12
Sampling (4 threads)  66%|████████████████████          |  ETA: 1:19:24
Sampling (4 threads)  67%|████████████████████▏         |  ETA: 1:18:44
Sampling (4 threads)  68%|████████████████████▎         |  ETA: 1:16:58
Sampling (4 threads)  68%|████████████████████▍         |  ETA: 1:16:45
Sampling (4 threads)  68%|████████████████████▌         |  ETA: 1:15:00
Sampling (4 threads)  69%|████████████████████▊         |  ETA: 1:13:16
Sampling (4 threads)  70%|████████████████████▉         |  ETA: 1:13:10
Sampling (4 threads)  70%|█████████████████████         |  ETA: 1:11:27
Sampling (4 threads)  70%|█████████████████████▏        |  ETA: 1:09:46
Sampling (4 threads)  71%|█████████████████████▎        |  ETA: 1:09:39
Sampling (4 threads)  72%|█████████████████████▌        |  ETA: 1:07:59
Sampling (4 threads)  72%|█████████████████████▋        |  ETA: 1:06:19
Sampling (4 threads)  72%|█████████████████████▊        |  ETA: 1:06:26
Sampling (4 threads)  73%|█████████████████████▉        |  ETA: 1:04:47
Sampling (4 threads)  74%|██████████████████████        |  ETA: 1:03:09
Sampling (4 threads)  74%|██████████████████████▎       |  ETA: 1:03:06
Sampling (4 threads)  74%|██████████████████████▍       |  ETA: 1:01:29
Sampling (4 threads)  75%|██████████████████████▌       |  ETA: 0:59:52
Sampling (4 threads)  76%|██████████████████████▋       |  ETA: 0:58:17
Sampling (4 threads)  76%|██████████████████████▊       |  ETA: 0:58:00
Sampling (4 threads)  76%|███████████████████████       |  ETA: 0:56:25
Sampling (4 threads)  77%|███████████████████████▏      |  ETA: 0:55:49
Sampling (4 threads)  78%|███████████████████████▎      |  ETA: 0:54:15
Sampling (4 threads)  78%|███████████████████████▍      |  ETA: 0:52:43
Sampling (4 threads)  78%|███████████████████████▌      |  ETA: 0:52:09
Sampling (4 threads)  79%|███████████████████████▊      |  ETA: 0:50:37
Sampling (4 threads)  80%|███████████████████████▉      |  ETA: 0:49:06
Sampling (4 threads)  80%|████████████████████████      |  ETA: 0:48:43
Sampling (4 threads)  80%|████████████████████████▏     |  ETA: 0:47:12
Sampling (4 threads)  81%|████████████████████████▎     |  ETA: 0:45:43
Sampling (4 threads)  82%|████████████████████████▌     |  ETA: 0:45:15
Sampling (4 threads)  82%|████████████████████████▋     |  ETA: 0:43:45
Sampling (4 threads)  82%|████████████████████████▊     |  ETA: 0:42:17
Sampling (4 threads)  83%|████████████████████████▉     |  ETA: 0:41:40
Sampling (4 threads)  84%|█████████████████████████     |  ETA: 0:40:12
Sampling (4 threads)  84%|█████████████████████████▎    |  ETA: 0:38:45
Sampling (4 threads)  84%|█████████████████████████▍    |  ETA: 0:37:19
Sampling (4 threads)  85%|█████████████████████████▌    |  ETA: 0:36:31
Sampling (4 threads)  86%|█████████████████████████▋    |  ETA: 0:35:05
Sampling (4 threads)  86%|█████████████████████████▊    |  ETA: 0:34:07
Sampling (4 threads)  86%|██████████████████████████    |  ETA: 0:32:43
Sampling (4 threads)  87%|██████████████████████████▏   |  ETA: 0:32:00
Sampling (4 threads)  88%|██████████████████████████▎   |  ETA: 0:30:35
Sampling (4 threads)  88%|██████████████████████████▍   |  ETA: 0:29:12
Sampling (4 threads)  88%|██████████████████████████▌   |  ETA: 0:27:50
Sampling (4 threads)  89%|██████████████████████████▊   |  ETA: 0:26:51
Sampling (4 threads)  90%|██████████████████████████▉   |  ETA: 0:25:29
Sampling (4 threads)  90%|███████████████████████████   |  ETA: 0:24:32
Sampling (4 threads)  90%|███████████████████████████▏  |  ETA: 0:23:11
Sampling (4 threads)  91%|███████████████████████████▎  |  ETA: 0:22:00
Sampling (4 threads)  92%|███████████████████████████▌  |  ETA: 0:20:39
Sampling (4 threads)  92%|███████████████████████████▋  |  ETA: 0:19:40
Sampling (4 threads)  92%|███████████████████████████▊  |  ETA: 0:18:20
Sampling (4 threads)  93%|███████████████████████████▉  |  ETA: 0:17:01
Sampling (4 threads)  94%|████████████████████████████  |  ETA: 0:16:03
Sampling (4 threads)  94%|████████████████████████████▎ |  ETA: 0:14:44
Sampling (4 threads)  94%|████████████████████████████▍ |  ETA: 0:13:26
Sampling (4 threads)  95%|████████████████████████████▌ |  ETA: 0:12:09
Sampling (4 threads)  96%|████████████████████████████▋ |  ETA: 0:11:05
Sampling (4 threads)  96%|████████████████████████████▊ |  ETA: 0:09:48
Sampling (4 threads)  96%|█████████████████████████████ |  ETA: 0:08:34
Sampling (4 threads)  97%|█████████████████████████████▏|  ETA: 0:07:19
Sampling (4 threads)  98%|█████████████████████████████▎|  ETA: 0:06:08
Sampling (4 threads)  98%|█████████████████████████████▍|  ETA: 0:04:55
Sampling (4 threads)  98%|█████████████████████████████▌|  ETA: 0:03:43
Sampling (4 threads)  99%|█████████████████████████████▊|  ETA: 0:02:30
Sampling (4 threads) 100%|█████████████████████████████▉|  ETA: 0:01:15
Sampling (4 threads) 100%|██████████████████████████████| Time: 4:12:14
Sampling (4 threads) 100%|██████████████████████████████| Time: 4:12:14
GKS: cannot open display - headless operation mode active
┌ Warning: Runtime invalidation was disabled, but the CPU info is out-of-date.
│ Will continue with incorrect CPU name (from build time).
└ @ HostCPUFeatures ~/.julia/packages/HostCPUFeatures/ZTXz4/src/cpu_info.jl:71
┌ Warning: Runtime invalidation was disabled, but the CPU info is out-of-date.
│ Will continue with incorrect CPU feature flag: +avx512vnni.
└ @ HostCPUFeatures ~/.julia/packages/HostCPUFeatures/ZTXz4/src/cpu_info.jl:56
┌ Warning: Runtime invalidation was disabled, but the CPU info is out-of-date.
│ Will continue with incorrect CPU feature flag: -rtm.
└ @ HostCPUFeatures ~/.julia/packages/HostCPUFeatures/ZTXz4/src/cpu_info.jl:56
Sampling (4 threads)   0%|                              |  ETA: N/A
┌ Info: Found initial step size
└   ϵ = 0.00078125
┌ Info: Found initial step size
└   ϵ = 0.0001953125
┌ Info: Found initial step size
└   ϵ = 0.0001953125
┌ Info: Found initial step size
└   ϵ = 0.0001953125
Sampling (4 threads)   0%|▏                             |  ETA: 3:05:03
Sampling (4 threads)   1%|▎                             |  ETA: 1:32:06
Sampling (4 threads)   2%|▌                             |  ETA: 1:01:06
Sampling (4 threads)   2%|▋                             |  ETA: 0:48:49
Sampling (4 threads)   2%|▊                             |  ETA: 0:38:51
Sampling (4 threads)   3%|▉                             |  ETA: 0:32:13
Sampling (4 threads)   4%|█                             |  ETA: 0:27:28
Sampling (4 threads)   4%|█▎                            |  ETA: 0:42:55
Sampling (4 threads)   4%|█▍                            |  ETA: 0:37:57
Sampling (4 threads)   5%|█▌                            |  ETA: 0:33:59
Sampling (4 threads)   6%|█▋                            |  ETA: 1:17:24
Sampling (4 threads)   6%|█▊                            |  ETA: 1:10:35
Sampling (4 threads)   6%|██                            |  ETA: 1:04:48
Sampling (4 threads)   7%|██▏                           |  ETA: 0:59:51
Sampling (4 threads)   8%|██▎                           |  ETA: 1:23:44
Sampling (4 threads)   8%|██▍                           |  ETA: 1:18:04
Sampling (4 threads)   8%|██▌                           |  ETA: 2:01:56
Sampling (4 threads)   9%|██▊                           |  ETA: 1:54:32
Sampling (4 threads)  10%|██▉                           |  ETA: 1:47:54
Sampling (4 threads)  10%|███                           |  ETA: 2:09:40
Sampling (4 threads)  10%|███▏                          |  ETA: 2:02:49
Sampling (4 threads)  11%|███▎                          |  ETA: 1:56:34
Sampling (4 threads)  12%|███▌                          |  ETA: 2:18:43
Sampling (4 threads)  12%|███▋                          |  ETA: 2:12:12
Sampling (4 threads)  12%|███▊                          |  ETA: 2:06:11
Sampling (4 threads)  13%|███▉                          |  ETA: 2:23:58
Sampling (4 threads)  14%|████                          |  ETA: 2:17:50
Sampling (4 threads)  14%|████▎                         |  ETA: 2:12:09
Sampling (4 threads)  14%|████▍                         |  ETA: 2:06:51
Sampling (4 threads)  15%|████▌                         |  ETA: 2:25:06
Sampling (4 threads)  16%|████▋                         |  ETA: 2:19:35
Sampling (4 threads)  16%|████▊                         |  ETA: 2:14:25
Sampling (4 threads)  16%|█████                         |  ETA: 2:27:51
Sampling (4 threads)  17%|█████▏                        |  ETA: 2:22:39
Sampling (4 threads)  18%|█████▎                        |  ETA: 2:17:44
Sampling (4 threads)  18%|█████▍                        |  ETA: 2:13:06
Sampling (4 threads)  18%|█████▌                        |  ETA: 2:26:45
Sampling (4 threads)  19%|█████▊                        |  ETA: 2:22:00
Sampling (4 threads)  20%|█████▉                        |  ETA: 2:17:31
Sampling (4 threads)  20%|██████                        |  ETA: 2:24:25
Sampling (4 threads)  20%|██████▏                       |  ETA: 2:20:01
Sampling (4 threads)  21%|██████▎                       |  ETA: 2:15:49
Sampling (4 threads)  22%|██████▌                       |  ETA: 2:23:24
Sampling (4 threads)  22%|██████▋                       |  ETA: 2:19:15
Sampling (4 threads)  22%|██████▊                       |  ETA: 2:15:17
Sampling (4 threads)  23%|██████▉                       |  ETA: 2:19:47
Sampling (4 threads)  24%|███████                       |  ETA: 2:15:56
Sampling (4 threads)  24%|███████▎                      |  ETA: 2:12:14
Sampling (4 threads)  24%|███████▍                      |  ETA: 2:16:52
Sampling (4 threads)  25%|███████▌                      |  ETA: 2:13:14
Sampling (4 threads)  26%|███████▋                      |  ETA: 2:09:45
Sampling (4 threads)  26%|███████▊                      |  ETA: 2:15:09
Sampling (4 threads)  26%|████████                      |  ETA: 2:11:43
Sampling (4 threads)  27%|████████▏                     |  ETA: 2:12:45
Sampling (4 threads)  28%|████████▎                     |  ETA: 2:09:26
Sampling (4 threads)  28%|████████▍                     |  ETA: 2:11:53
Sampling (4 threads)  28%|████████▌                     |  ETA: 2:08:41
Sampling (4 threads)  29%|████████▊                     |  ETA: 2:09:36
Sampling (4 threads)  30%|████████▉                     |  ETA: 2:06:30
Sampling (4 threads)  30%|█████████                     |  ETA: 2:03:31
Sampling (4 threads)  30%|█████████▏                    |  ETA: 2:06:33
Sampling (4 threads)  31%|█████████▎                    |  ETA: 2:03:37
Sampling (4 threads)  32%|█████████▌                    |  ETA: 2:00:47
Sampling (4 threads)  32%|█████████▋                    |  ETA: 2:05:18
Sampling (4 threads)  32%|█████████▊                    |  ETA: 2:02:28
Sampling (4 threads)  33%|█████████▉                    |  ETA: 1:59:43
Sampling (4 threads)  34%|██████████                    |  ETA: 2:02:12
Sampling (4 threads)  34%|██████████▎                   |  ETA: 1:59:30
Sampling (4 threads)  34%|██████████▍                   |  ETA: 1:59:42
Sampling (4 threads)  35%|██████████▌                   |  ETA: 1:57:06
Sampling (4 threads)  36%|██████████▋                   |  ETA: 2:01:04
Sampling (4 threads)  36%|██████████▊                   |  ETA: 1:58:27
Sampling (4 threads)  36%|███████████                   |  ETA: 1:55:55
Sampling (4 threads)  37%|███████████▏                  |  ETA: 1:53:27
Sampling (4 threads)  38%|███████████▎                  |  ETA: 1:56:33
Sampling (4 threads)  38%|███████████▍                  |  ETA: 1:54:06
Sampling (4 threads)  38%|███████████▌                  |  ETA: 1:56:00
Sampling (4 threads)  39%|███████████▊                  |  ETA: 1:53:35
Sampling (4 threads)  40%|███████████▉                  |  ETA: 1:51:13
Sampling (4 threads)  40%|████████████                  |  ETA: 1:54:10
Sampling (4 threads)  40%|████████████▏                 |  ETA: 1:51:49
Sampling (4 threads)  41%|████████████▎                 |  ETA: 1:49:32
Sampling (4 threads)  42%|████████████▌                 |  ETA: 1:53:10
Sampling (4 threads)  42%|████████████▋                 |  ETA: 1:50:52
Sampling (4 threads)  42%|████████████▊                 |  ETA: 1:48:37
Sampling (4 threads)  43%|████████████▉                 |  ETA: 1:46:25
Sampling (4 threads)  44%|█████████████                 |  ETA: 1:50:07
Sampling (4 threads)  44%|█████████████▎                |  ETA: 1:47:54
Sampling (4 threads)  44%|█████████████▍                |  ETA: 1:45:44
Sampling (4 threads)  45%|█████████████▌                |  ETA: 1:49:38
Sampling (4 threads)  46%|█████████████▋                |  ETA: 1:47:27
Sampling (4 threads)  46%|█████████████▊                |  ETA: 1:45:18
Sampling (4 threads)  46%|██████████████                |  ETA: 1:45:53
Sampling (4 threads)  47%|██████████████▏               |  ETA: 1:43:46
Sampling (4 threads)  48%|██████████████▎               |  ETA: 1:45:33
Sampling (4 threads)  48%|██████████████▍               |  ETA: 1:43:27
Sampling (4 threads)  48%|██████████████▌               |  ETA: 1:41:24
Sampling (4 threads)  49%|██████████████▊               |  ETA: 1:43:34
Sampling (4 threads)  50%|██████████████▉               |  ETA: 1:41:31
Sampling (4 threads)  50%|███████████████               |  ETA: 1:39:30
Sampling (4 threads)  50%|███████████████▏              |  ETA: 1:41:05
Sampling (4 threads)  51%|███████████████▎              |  ETA: 1:39:05
Sampling (4 threads)  52%|███████████████▌              |  ETA: 1:37:08
Sampling (4 threads)  52%|███████████████▋              |  ETA: 1:37:36
Sampling (4 threads)  52%|███████████████▊              |  ETA: 1:35:40
Sampling (4 threads)  53%|███████████████▉              |  ETA: 1:36:57
Sampling (4 threads)  54%|████████████████              |  ETA: 1:35:01
Sampling (4 threads)  54%|████████████████▎             |  ETA: 1:33:07
Sampling (4 threads)  55%|████████████████▍             |  ETA: 1:33:55
Sampling (4 threads)  55%|████████████████▌             |  ETA: 1:32:03
Sampling (4 threads)  56%|████████████████▋             |  ETA: 1:30:12
Sampling (4 threads)  56%|████████████████▊             |  ETA: 1:32:20
Sampling (4 threads)  56%|█████████████████             |  ETA: 1:30:29
Sampling (4 threads)  57%|█████████████████▏            |  ETA: 1:28:39
Sampling (4 threads)  57%|█████████████████▎            |  ETA: 1:29:16
Sampling (4 threads)  58%|█████████████████▍            |  ETA: 1:27:27
Sampling (4 threads)  58%|█████████████████▌            |  ETA: 1:25:40
Sampling (4 threads)  59%|█████████████████▊            |  ETA: 1:26:38
Sampling (4 threads)  60%|█████████████████▉            |  ETA: 1:24:51
Sampling (4 threads)  60%|██████████████████            |  ETA: 1:23:07
Sampling (4 threads)  60%|██████████████████▏           |  ETA: 1:21:24
Sampling (4 threads)  61%|██████████████████▎           |  ETA: 1:21:28
Sampling (4 threads)  62%|██████████████████▌           |  ETA: 1:19:46
Sampling (4 threads)  62%|██████████████████▋           |  ETA: 1:20:06
Sampling (4 threads)  62%|██████████████████▊           |  ETA: 1:18:25
Sampling (4 threads)  63%|██████████████████▉           |  ETA: 1:16:45
Sampling (4 threads)  64%|███████████████████           |  ETA: 1:16:44
Sampling (4 threads)  64%|███████████████████▎          |  ETA: 1:15:05
Sampling (4 threads)  64%|███████████████████▍          |  ETA: 1:14:52
Sampling (4 threads)  65%|███████████████████▌          |  ETA: 1:13:15
Sampling (4 threads)  66%|███████████████████▋          |  ETA: 1:12:27
Sampling (4 threads)  66%|███████████████████▊          |  ETA: 1:10:52
Sampling (4 threads)  66%|████████████████████          |  ETA: 1:11:10
Sampling (4 threads)  67%|████████████████████▏         |  ETA: 1:09:35
Sampling (4 threads)  68%|████████████████████▎         |  ETA: 1:08:02
Sampling (4 threads)  68%|████████████████████▍         |  ETA: 1:08:18
Sampling (4 threads)  68%|████████████████████▌         |  ETA: 1:06:44
Sampling (4 threads)  69%|████████████████████▊         |  ETA: 1:05:12
Sampling (4 threads)  70%|████████████████████▉         |  ETA: 1:05:03
Sampling (4 threads)  70%|█████████████████████         |  ETA: 1:03:32
Sampling (4 threads)  70%|█████████████████████▏        |  ETA: 1:02:02
Sampling (4 threads)  71%|█████████████████████▎        |  ETA: 1:01:55
Sampling (4 threads)  72%|█████████████████████▌        |  ETA: 1:00:25
Sampling (4 threads)  72%|█████████████████████▋        |  ETA: 0:58:57
Sampling (4 threads)  72%|█████████████████████▊        |  ETA: 0:58:52
Sampling (4 threads)  73%|█████████████████████▉        |  ETA: 0:57:24
Sampling (4 threads)  74%|██████████████████████        |  ETA: 0:55:57
Sampling (4 threads)  74%|██████████████████████▎       |  ETA: 0:56:01
Sampling (4 threads)  74%|██████████████████████▍       |  ETA: 0:54:34
Sampling (4 threads)  75%|██████████████████████▌       |  ETA: 0:53:08
Sampling (4 threads)  76%|██████████████████████▋       |  ETA: 0:52:24
Sampling (4 threads)  76%|██████████████████████▊       |  ETA: 0:51:00
Sampling (4 threads)  76%|███████████████████████       |  ETA: 0:50:33
Sampling (4 threads)  77%|███████████████████████▏      |  ETA: 0:49:09
Sampling (4 threads)  78%|███████████████████████▎      |  ETA: 0:47:46
Sampling (4 threads)  78%|███████████████████████▍      |  ETA: 0:47:29
Sampling (4 threads)  78%|███████████████████████▌      |  ETA: 0:46:07
Sampling (4 threads)  79%|███████████████████████▊      |  ETA: 0:44:45
Sampling (4 threads)  80%|███████████████████████▉      |  ETA: 0:44:30
Sampling (4 threads)  80%|████████████████████████      |  ETA: 0:43:09
Sampling (4 threads)  80%|████████████████████████▏     |  ETA: 0:41:49
Sampling (4 threads)  81%|████████████████████████▎     |  ETA: 0:41:19
Sampling (4 threads)  82%|████████████████████████▌     |  ETA: 0:39:59
Sampling (4 threads)  82%|████████████████████████▋     |  ETA: 0:38:40
Sampling (4 threads)  82%|████████████████████████▊     |  ETA: 0:37:59
Sampling (4 threads)  83%|████████████████████████▉     |  ETA: 0:36:40
Sampling (4 threads)  84%|█████████████████████████     |  ETA: 0:35:59
Sampling (4 threads)  84%|█████████████████████████▎    |  ETA: 0:34:41
Sampling (4 threads)  84%|█████████████████████████▍    |  ETA: 0:33:24
Sampling (4 threads)  85%|█████████████████████████▌    |  ETA: 0:32:51
Sampling (4 threads)  86%|█████████████████████████▋    |  ETA: 0:31:34
Sampling (4 threads)  86%|█████████████████████████▊    |  ETA: 0:30:18
Sampling (4 threads)  86%|██████████████████████████    |  ETA: 0:29:03
Sampling (4 threads)  87%|██████████████████████████▏   |  ETA: 0:28:20
Sampling (4 threads)  88%|██████████████████████████▎   |  ETA: 0:27:05
Sampling (4 threads)  88%|██████████████████████████▍   |  ETA: 0:25:51
Sampling (4 threads)  88%|██████████████████████████▌   |  ETA: 0:25:03
Sampling (4 threads)  89%|██████████████████████████▊   |  ETA: 0:23:49
Sampling (4 threads)  90%|██████████████████████████▉   |  ETA: 0:22:37
Sampling (4 threads)  90%|███████████████████████████   |  ETA: 0:21:42
Sampling (4 threads)  90%|███████████████████████████▏  |  ETA: 0:20:30
Sampling (4 threads)  91%|███████████████████████████▎  |  ETA: 0:19:38
Sampling (4 threads)  92%|███████████████████████████▌  |  ETA: 0:18:26
Sampling (4 threads)  92%|███████████████████████████▋  |  ETA: 0:17:16
Sampling (4 threads)  92%|███████████████████████████▊  |  ETA: 0:16:25
Sampling (4 threads)  93%|███████████████████████████▉  |  ETA: 0:15:14
Sampling (4 threads)  94%|████████████████████████████  |  ETA: 0:14:04
Sampling (4 threads)  94%|████████████████████████████▎ |  ETA: 0:13:03
Sampling (4 threads)  94%|████████████████████████████▍ |  ETA: 0:11:54
Sampling (4 threads)  95%|████████████████████████████▌ |  ETA: 0:10:59
Sampling (4 threads)  96%|████████████████████████████▋ |  ETA: 0:09:50
Sampling (4 threads)  96%|████████████████████████████▊ |  ETA: 0:08:42
Sampling (4 threads)  96%|█████████████████████████████ |  ETA: 0:07:42
Sampling (4 threads)  97%|█████████████████████████████▏|  ETA: 0:06:34
Sampling (4 threads)  98%|█████████████████████████████▎|  ETA: 0:05:27
Sampling (4 threads)  98%|█████████████████████████████▍|  ETA: 0:04:21
Sampling (4 threads)  98%|█████████████████████████████▌|  ETA: 0:03:16
Sampling (4 threads)  99%|█████████████████████████████▊|  ETA: 0:02:10
Sampling (4 threads) 100%|█████████████████████████████▉|  ETA: 0:01:06
Sampling (4 threads) 100%|██████████████████████████████| Time: 3:41:09
Sampling (4 threads) 100%|██████████████████████████████| Time: 3:41:09
