Running on host compute261.bc4.acrc.priv
Time is Fri Oct 6 22:04:40 BST 2023
Directory is /user/home/em18564/BC4/Bayes/experiments/ePNP_noCov
Slurm job ID is 11982513
This job runs on the following machines:
compute261
    Updating registry at `~/.julia/registries/General.toml`
   Resolving package versions...
  No Changes to `~/.julia/environments/v1.8/Project.toml`
  No Changes to `~/.julia/environments/v1.8/Manifest.toml`
   Resolving package versions...
  No Changes to `~/.julia/environments/v1.8/Project.toml`
  No Changes to `~/.julia/environments/v1.8/Manifest.toml`
   Resolving package versions...
  No Changes to `~/.julia/environments/v1.8/Project.toml`
  No Changes to `~/.julia/environments/v1.8/Manifest.toml`
   Resolving package versions...
  No Changes to `~/.julia/environments/v1.8/Project.toml`
  No Changes to `~/.julia/environments/v1.8/Manifest.toml`
   Resolving package versions...
  No Changes to `~/.julia/environments/v1.8/Project.toml`
  No Changes to `~/.julia/environments/v1.8/Manifest.toml`
   Resolving package versions...
  No Changes to `~/.julia/environments/v1.8/Project.toml`
  No Changes to `~/.julia/environments/v1.8/Manifest.toml`
   Resolving package versions...
  No Changes to `~/.julia/environments/v1.8/Project.toml`
  No Changes to `~/.julia/environments/v1.8/Manifest.toml`
   Resolving package versions...
  No Changes to `~/.julia/environments/v1.8/Project.toml`
  No Changes to `~/.julia/environments/v1.8/Manifest.toml`
   Resolving package versions...
  No Changes to `~/.julia/environments/v1.8/Project.toml`
  No Changes to `~/.julia/environments/v1.8/Manifest.toml`
   Resolving package versions...
  No Changes to `~/.julia/environments/v1.8/Project.toml`
  No Changes to `~/.julia/environments/v1.8/Manifest.toml`
   Resolving package versions...
  No Changes to `~/.julia/environments/v1.8/Project.toml`
  No Changes to `~/.julia/environments/v1.8/Manifest.toml`
   Resolving package versions...
  No Changes to `~/.julia/environments/v1.8/Project.toml`
  No Changes to `~/.julia/environments/v1.8/Manifest.toml`
   Resolving package versions...
  No Changes to `~/.julia/environments/v1.8/Project.toml`
  No Changes to `~/.julia/environments/v1.8/Manifest.toml`
   Resolving package versions...
  No Changes to `~/.julia/environments/v1.8/Project.toml`
  No Changes to `~/.julia/environments/v1.8/Manifest.toml`
   Resolving package versions...
  No Changes to `~/.julia/environments/v1.8/Project.toml`
  No Changes to `~/.julia/environments/v1.8/Manifest.toml`
    Updating registry at `~/.julia/registries/General.toml`
   Resolving package versions...
  No Changes to `~/.julia/environments/v1.8/Project.toml`
  No Changes to `~/.julia/environments/v1.8/Manifest.toml`
   Resolving package versions...
  No Changes to `~/.julia/environments/v1.8/Project.toml`
  No Changes to `~/.julia/environments/v1.8/Manifest.toml`
   Resolving package versions...
  No Changes to `~/.julia/environments/v1.8/Project.toml`
  No Changes to `~/.julia/environments/v1.8/Manifest.toml`
   Resolving package versions...
  No Changes to `~/.julia/environments/v1.8/Project.toml`
  No Changes to `~/.julia/environments/v1.8/Manifest.toml`
   Resolving package versions...
  No Changes to `~/.julia/environments/v1.8/Project.toml`
  No Changes to `~/.julia/environments/v1.8/Manifest.toml`
   Resolving package versions...
  No Changes to `~/.julia/environments/v1.8/Project.toml`
  No Changes to `~/.julia/environments/v1.8/Manifest.toml`
   Resolving package versions...
  No Changes to `~/.julia/environments/v1.8/Project.toml`
  No Changes to `~/.julia/environments/v1.8/Manifest.toml`
   Resolving package versions...
  No Changes to `~/.julia/environments/v1.8/Project.toml`
  No Changes to `~/.julia/environments/v1.8/Manifest.toml`
   Resolving package versions...
  No Changes to `~/.julia/environments/v1.8/Project.toml`
  No Changes to `~/.julia/environments/v1.8/Manifest.toml`
   Resolving package versions...
  No Changes to `~/.julia/environments/v1.8/Project.toml`
  No Changes to `~/.julia/environments/v1.8/Manifest.toml`
   Resolving package versions...
  No Changes to `~/.julia/environments/v1.8/Project.toml`
  No Changes to `~/.julia/environments/v1.8/Manifest.toml`
   Resolving package versions...
  No Changes to `~/.julia/environments/v1.8/Project.toml`
  No Changes to `~/.julia/environments/v1.8/Manifest.toml`
   Resolving package versions...
  No Changes to `~/.julia/environments/v1.8/Project.toml`
  No Changes to `~/.julia/environments/v1.8/Manifest.toml`
Sampling (4 threads)   0%|                              |  ETA: N/A
┌ Info: Found initial step size
└   ϵ = 0.00146484375
┌ Info: Found initial step size
└   ϵ = 0.00625
┌ Info: Found initial step size
└   ϵ = 0.00625
┌ Info: Found initial step size
└   ϵ = 0.00625
Sampling (4 threads)  25%|███████▌                      |  ETA: 1:57:50
Sampling (4 threads)  50%|███████████████               |  ETA: 0:39:17
Sampling (4 threads)  75%|██████████████████████▌       |  ETA: 0:17:36
Sampling (4 threads) 100%|██████████████████████████████| Time: 0:57:11
Sampling (4 threads) 100%|██████████████████████████████| Time: 0:57:12
Chains MCMC chain (250×67×4 Array{Float64, 3}):

Iterations        = 126:1:375
Number of chains  = 4
Samples per chain = 250
Wall duration     = 3413.97 seconds
Compute duration  = 10858.08 seconds
parameters        = a_w_s[1], a_w_s[2], b_w_s[1], b_w_s[2], a_p_s[1], a_p_s[2], a_p_s[3], a_p_s[4], a_p_s[5], a_p_s[6], a_p_s[7], a_p_s[8], a_p_s[9], a_p_s[10], a_p_s[11], a_p_s[12], a_p_s[13], a_p_s[14], a_p_s[15], a_p_s[16], a_p_s[17], a_p_s[18], a_p_s[19], a_p_s[20], a_p_s[21], a_p_s[22], a_p_s[23], a_p_s[24], b_p_s[1], b_p_s[2], b_p_s[3], b_p_s[4], b_p_s[5], b_p_s[6], b_p_s[7], b_p_s[8], b_p_s[9], b_p_s[10], b_p_s[11], b_p_s[12], b_p_s[13], b_p_s[14], b_p_s[15], b_p_s[16], b_p_s[17], b_p_s[18], b_p_s[19], b_p_s[20], b_p_s[21], b_p_s[22], b_p_s[23], b_p_s[24], a_e, b_e, σ
internals         = lp, n_steps, is_accept, acceptance_rate, log_density, hamiltonian_energy, hamiltonian_energy_error, max_hamiltonian_energy_error, tree_depth, numerical_error, step_size, nom_step_size

Summary Statistics
  parameters      mean       std   naive_se      mcse         ess      rhat   ess_per_sec
      Symbol   Float64   Float64    Float64   Float64     Float64   Float64       Float64

    a_w_s[1]    0.1535    0.5492     0.0174    0.0593     54.7324    1.0789        0.0050
    a_w_s[2]   -0.0447    0.5505     0.0174    0.0593     55.4968    1.0775        0.0051
    b_w_s[1]   -0.0390    0.3201     0.0101    0.0272    141.1934    1.0207        0.0130
    b_w_s[2]    0.1093    0.3210     0.0101    0.0271    137.4538    1.0225        0.0127
    a_p_s[1]   -0.2632    0.2233     0.0071    0.0216     53.9232    1.0526        0.0050
    a_p_s[2]    0.6316    0.2235     0.0071    0.0209     53.1173    1.0588        0.0049
    a_p_s[3]    0.3233    0.2218     0.0070    0.0207     46.5959    1.0638        0.0043
    a_p_s[4]    0.2978    0.2205     0.0070    0.0205     53.3396    1.0559        0.0049
    a_p_s[5]   -0.0249    0.2192     0.0069    0.0211     53.4807    1.0553        0.0049
    a_p_s[6]    0.0521    0.2228     0.0070    0.0205     51.9549    1.0555        0.0048
    a_p_s[7]    0.2532    0.2180     0.0069    0.0205     63.3984    1.0495        0.0058
    a_p_s[8]    0.3170    0.2202     0.0070    0.0209     57.8170    1.0536        0.0053
    a_p_s[9]   -0.7528    0.2165     0.0068    0.0199     61.9615    1.0545        0.0057
   a_p_s[10]   -0.6420    0.2191     0.0069    0.0215     64.7418    1.0476        0.0060
   a_p_s[11]   -1.4021    0.2137     0.0068    0.0209     49.9796    1.0575        0.0046
   a_p_s[12]   -1.0748    0.2239     0.0071    0.0205     57.1526    1.0530        0.0053
   a_p_s[13]    0.7291    0.2174     0.0069    0.0210     52.3958    1.0550        0.0048
   a_p_s[14]    0.2229    0.2246     0.0071    0.0210     50.5424    1.0574        0.0047
   a_p_s[15]    0.7316    0.2159     0.0068    0.0201     54.7296    1.0572        0.0050
   a_p_s[16]   -0.1854    0.2244     0.0071    0.0213     61.7127    1.0486        0.0057
   a_p_s[17]    0.6178    0.2168     0.0069    0.0209     59.0464    1.0531        0.0054
   a_p_s[18]   -0.2510    0.2186     0.0069    0.0203     65.3370    1.0497        0.0060
   a_p_s[19]   -0.7604    0.2207     0.0070    0.0214     47.3969    1.0625        0.0044
   a_p_s[20]   -0.1966    0.2190     0.0069    0.0213     55.1945    1.0548        0.0051
   a_p_s[21]    0.9311    0.2179     0.0069    0.0210     52.2807    1.0596        0.0048
   a_p_s[22]    0.7407    0.2146     0.0068    0.0209     53.4632    1.0547        0.0049
   a_p_s[23]    0.3265    0.2219     0.0070    0.0209     44.7635    1.0639        0.0041
   a_p_s[24]   -0.0491    0.2189     0.0069    0.0206     59.5546    1.0539        0.0055
    b_p_s[1]    0.1068    0.1420     0.0045    0.0093    196.1030    1.0173        0.0181
    b_p_s[2]    0.2150    0.1386     0.0044    0.0097    159.4145    1.0210        0.0147
    b_p_s[3]    0.2108    0.1419     0.0045    0.0097    151.7686    1.0245        0.0140
    b_p_s[4]   -0.2041    0.1371     0.0043    0.0099    151.4723    1.0202        0.0140
    b_p_s[5]    0.0429    0.1323     0.0042    0.0087    219.7972    1.0160        0.0202
    b_p_s[6]    0.7360    0.1386     0.0044    0.0093    169.1095    1.0232        0.0156
    b_p_s[7]   -0.0101    0.1403     0.0044    0.0094    166.5242    1.0154        0.0153
    b_p_s[8]    0.0650    0.1334     0.0042    0.0091    191.9346    1.0165        0.0177
    b_p_s[9]   -0.0756    0.1395     0.0044    0.0084    251.6842    1.0109        0.0232
   b_p_s[10]   -0.4021    0.1385     0.0044    0.0098    180.8211    1.0229        0.0167
   b_p_s[11]   -0.7568    0.1390     0.0044    0.0091    185.6571    1.0175        0.0171
   b_p_s[12]   -0.3575    0.1399     0.0044    0.0094    199.1068    1.0154        0.0183
   b_p_s[13]   -0.0265    0.1433     0.0045    0.0098    171.4197    1.0154        0.0158
   b_p_s[14]   -0.0342    0.1400     0.0044    0.0088    246.0440    1.0162        0.0227
   b_p_s[15]    0.3020    0.1427     0.0045    0.0104    156.3620    1.0216        0.0144
   b_p_s[16]    0.2220    0.1408     0.0045    0.0093    197.4366    1.0168        0.0182
   b_p_s[17]    0.1440    0.1376     0.0044    0.0086    224.7342    1.0184        0.0207
   b_p_s[18]   -0.1880    0.1364     0.0043    0.0088    189.3694    1.0218        0.0174
   b_p_s[19]   -0.3008    0.1368     0.0043    0.0090    171.6530    1.0202        0.0158
   b_p_s[20]   -0.2728    0.1436     0.0045    0.0093    210.2979    1.0113        0.0194
   b_p_s[21]   -0.0841    0.1430     0.0045    0.0099    161.4034    1.0145        0.0149
   b_p_s[22]    0.1745    0.1409     0.0045    0.0100    170.7255    1.0198        0.0157
   b_p_s[23]    0.3550    0.1410     0.0045    0.0092    206.3185    1.0154        0.0190
   b_p_s[24]    0.0027    0.1448     0.0046    0.0097    168.7625    1.0226        0.0155
         a_e   -0.2098    0.5696     0.0180    0.0602     70.4037    1.0850        0.0065
         b_e   -0.0085    0.3166     0.0100    0.0260    169.9043    1.0266        0.0156
           σ    4.4287    0.0152     0.0005    0.0005   1031.9067    1.0028        0.0950

Quantiles
  parameters      2.5%     25.0%     50.0%     75.0%     97.5%
      Symbol   Float64   Float64   Float64   Float64   Float64

    a_w_s[1]   -0.8611   -0.2636    0.1872    0.5339    1.1474
    a_w_s[2]   -1.0780   -0.4676   -0.0209    0.3512    0.9050
    b_w_s[1]   -0.6929   -0.2497   -0.0526    0.1727    0.5879
    b_w_s[2]   -0.5343   -0.1020    0.1005    0.3359    0.7494
    a_p_s[1]   -0.6845   -0.4168   -0.2709   -0.1226    0.1961
    a_p_s[2]    0.2236    0.4811    0.6279    0.7711    1.0740
    a_p_s[3]   -0.0889    0.1669    0.3100    0.4652    0.7698
    a_p_s[4]   -0.1436    0.1514    0.2960    0.4427    0.7399
    a_p_s[5]   -0.4318   -0.1733   -0.0279    0.1262    0.4023
    a_p_s[6]   -0.3631   -0.0867    0.0429    0.1962    0.5039
    a_p_s[7]   -0.1667    0.1182    0.2483    0.3899    0.7135
    a_p_s[8]   -0.1020    0.1670    0.3038    0.4633    0.7678
    a_p_s[9]   -1.1548   -0.8945   -0.7590   -0.6096   -0.3174
   a_p_s[10]   -1.0609   -0.7952   -0.6497   -0.4948   -0.2083
   a_p_s[11]   -1.8392   -1.5407   -1.4047   -1.2537   -0.9868
   a_p_s[12]   -1.5002   -1.2240   -1.0643   -0.9392   -0.6172
   a_p_s[13]    0.3237    0.5836    0.7167    0.8683    1.1961
   a_p_s[14]   -0.2384    0.0748    0.2306    0.3733    0.6579
   a_p_s[15]    0.3082    0.5876    0.7304    0.8693    1.1758
   a_p_s[16]   -0.6236   -0.3359   -0.1878   -0.0297    0.2648
   a_p_s[17]    0.1995    0.4695    0.6077    0.7582    1.0561
   a_p_s[18]   -0.6585   -0.4051   -0.2586   -0.1144    0.1945
   a_p_s[19]   -1.1917   -0.9097   -0.7675   -0.6134   -0.2941
   a_p_s[20]   -0.6266   -0.3466   -0.1973   -0.0548    0.2403
   a_p_s[21]    0.5367    0.7804    0.9254    1.0818    1.3403
   a_p_s[22]    0.3335    0.5970    0.7379    0.8729    1.1755
   a_p_s[23]   -0.1112    0.1813    0.3228    0.4739    0.7794
   a_p_s[24]   -0.4620   -0.1973   -0.0528    0.0948    0.3641
    b_p_s[1]   -0.1650    0.0168    0.1053    0.1971    0.3815
    b_p_s[2]   -0.0427    0.1170    0.2164    0.3081    0.4830
    b_p_s[3]   -0.0822    0.1191    0.2086    0.3028    0.4830
    b_p_s[4]   -0.4767   -0.2877   -0.2030   -0.1147    0.0654
    b_p_s[5]   -0.2196   -0.0478    0.0449    0.1288    0.3003
    b_p_s[6]    0.4730    0.6421    0.7351    0.8216    1.0136
    b_p_s[7]   -0.2853   -0.1050   -0.0165    0.0855    0.2634
    b_p_s[8]   -0.2006   -0.0226    0.0627    0.1494    0.3268
    b_p_s[9]   -0.3414   -0.1740   -0.0724    0.0236    0.2009
   b_p_s[10]   -0.6692   -0.4897   -0.4066   -0.3114   -0.1222
   b_p_s[11]   -1.0217   -0.8539   -0.7564   -0.6638   -0.4910
   b_p_s[12]   -0.6236   -0.4511   -0.3626   -0.2656   -0.0790
   b_p_s[13]   -0.3024   -0.1285   -0.0283    0.0751    0.2582
   b_p_s[14]   -0.2986   -0.1266   -0.0399    0.0577    0.2553
   b_p_s[15]    0.0393    0.2045    0.3007    0.3943    0.5953
   b_p_s[16]   -0.0606    0.1293    0.2241    0.3050    0.4981
   b_p_s[17]   -0.1203    0.0504    0.1482    0.2401    0.4298
   b_p_s[18]   -0.4405   -0.2838   -0.1919   -0.1007    0.0801
   b_p_s[19]   -0.5507   -0.3931   -0.3080   -0.2065   -0.0248
   b_p_s[20]   -0.5385   -0.3793   -0.2720   -0.1735    0.0044
   b_p_s[21]   -0.3542   -0.1857   -0.0900    0.0071    0.2137
   b_p_s[22]   -0.0836    0.0788    0.1688    0.2693    0.4869
   b_p_s[23]    0.0743    0.2626    0.3482    0.4469    0.6382
   b_p_s[24]   -0.2774   -0.0975   -0.0019    0.0986    0.2853
         a_e   -1.2195   -0.6451   -0.2562    0.2630    0.8455
         b_e   -0.5861   -0.2312   -0.0217    0.2106    0.6505
           σ    4.3993    4.4185    4.4288    4.4386    4.4589

