cpu-bind=MASK - bp1-compute121, task  0  0 [209750]: mask 0xa00000a000 set
cpu-bind=MASK - bp1-compute121, task  0  0 [209751]: mask 0x880000880 set
Running on host bp1-compute104
Running on host bp1-compute104
Time is Thu May 14 18:15:07 BST 2026
Time is Thu May 14 18:15:07 BST 2026
Directory is /user/home/em18564/bayesian/BC4/Bayes/wordType_experiments/models/3_baseModel_noLKJintercept
Slurm job ID is 17317335
This job runs on the following machines:
Directory is /user/home/em18564/bayesian/BC4/Bayes/wordType_experiments/models/3_baseModel_noLKJintercept
Slurm job ID is 17317336
This job runs on the following machines:
bp1-compute104
bp1-compute104
Running on host bp1-compute121
Running on host bp1-compute121
Time is Thu May 14 18:15:09 BST 2026
Directory is /user/home/em18564/bayesian/BC4/Bayes/wordType_experiments/models/3_baseModel_noLKJintercept
Slurm job ID is 17317337
This job runs on the following machines:
Time is Thu May 14 18:15:09 BST 2026
Directory is /user/home/em18564/bayesian/BC4/Bayes/wordType_experiments/models/3_baseModel_noLKJintercept
Slurm job ID is 17317313
This job runs on the following machines:
bp1-compute121
bp1-compute121
┌ Warning: Runtime invalidation was disabled, but the CPU info is out-of-date.
│ Will continue with incorrect CPU name (from build time).
└ @ HostCPUFeatures ~/.julia/packages/HostCPUFeatures/ZTXz4/src/cpu_info.jl:71
┌ Warning: Runtime invalidation was disabled, but the CPU info is out-of-date.
│ Will continue with incorrect CPU feature flag: +avx512vnni.
└ @ HostCPUFeatures ~/.julia/packages/HostCPUFeatures/ZTXz4/src/cpu_info.jl:56
┌ Warning: Runtime invalidation was disabled, but the CPU info is out-of-date.
│ Will continue with incorrect CPU feature flag: -rtm.
└ @ HostCPUFeatures ~/.julia/packages/HostCPUFeatures/ZTXz4/src/cpu_info.jl:56
Sampling (4 threads)   0%|                              |  ETA: N/A
┌ Info: Found initial step size
└   ϵ = 0.000390625
┌ Info: Found initial step size
└   ϵ = 0.000390625
┌ Info: Found initial step size
└   ϵ = 0.00078125
┌ Info: Found initial step size
└   ϵ = 0.0001953125
Sampling (4 threads)   0%|▏                             |  ETA: 2:36:56
Sampling (4 threads)   1%|▎                             |  ETA: 1:18:12
Sampling (4 threads)   2%|▌                             |  ETA: 0:56:37
Sampling (4 threads)   2%|▋                             |  ETA: 0:42:15
Sampling (4 threads)   2%|▊                             |  ETA: 0:33:37
Sampling (4 threads)   3%|▉                             |  ETA: 0:27:53
Sampling (4 threads)   4%|█                             |  ETA: 0:26:51
Sampling (4 threads)   4%|█▎                            |  ETA: 0:23:22
Sampling (4 threads)   4%|█▍                            |  ETA: 0:21:52
Sampling (4 threads)   5%|█▌                            |  ETA: 0:19:34
Sampling (4 threads)   6%|█▋                            |  ETA: 0:19:32
Sampling (4 threads)   6%|█▊                            |  ETA: 0:17:49
Sampling (4 threads)   6%|██                            |  ETA: 0:16:21
Sampling (4 threads)   7%|██▏                           |  ETA: 0:15:06
Sampling (4 threads)   8%|██▎                           |  ETA: 0:15:40
Sampling (4 threads)   8%|██▍                           |  ETA: 0:14:37
Sampling (4 threads)   8%|██▌                           |  ETA: 0:13:41
Sampling (4 threads)   9%|██▊                           |  ETA: 0:13:38
Sampling (4 threads)  10%|██▉                           |  ETA: 0:12:51
Sampling (4 threads)  10%|███                           |  ETA: 0:12:08
Sampling (4 threads)  10%|███▏                          |  ETA: 0:12:20
Sampling (4 threads)  11%|███▎                          |  ETA: 0:11:42
Sampling (4 threads)  12%|███▌                          |  ETA: 0:15:45
Sampling (4 threads)  12%|███▋                          |  ETA: 0:15:00
Sampling (4 threads)  12%|███▊                          |  ETA: 0:14:19
Sampling (4 threads)  13%|███▉                          |  ETA: 0:13:41
Sampling (4 threads)  14%|████                          |  ETA: 0:20:23
Sampling (4 threads)  14%|████▎                         |  ETA: 0:19:33
Sampling (4 threads)  14%|████▍                         |  ETA: 0:18:46
Sampling (4 threads)  15%|████▌                         |  ETA: 0:23:06
Sampling (4 threads)  16%|████▋                         |  ETA: 0:22:13
Sampling (4 threads)  16%|████▊                         |  ETA: 0:21:24
Sampling (4 threads)  16%|█████                         |  ETA: 0:20:38
Sampling (4 threads)  17%|█████▏                        |  ETA: 0:25:40
Sampling (4 threads)  18%|█████▎                        |  ETA: 0:24:47
Sampling (4 threads)  18%|█████▍                        |  ETA: 0:23:57
Sampling (4 threads)  18%|█████▌                        |  ETA: 0:27:38
Sampling (4 threads)  19%|█████▊                        |  ETA: 0:26:44
Sampling (4 threads)  20%|█████▉                        |  ETA: 0:25:54
Sampling (4 threads)  20%|██████                        |  ETA: 0:27:52
Sampling (4 threads)  20%|██████▏                       |  ETA: 0:27:01
Sampling (4 threads)  21%|██████▎                       |  ETA: 0:30:10
Sampling (4 threads)  22%|██████▌                       |  ETA: 0:29:17
Sampling (4 threads)  22%|██████▋                       |  ETA: 0:28:26
Sampling (4 threads)  22%|██████▊                       |  ETA: 0:31:01
Sampling (4 threads)  23%|██████▉                       |  ETA: 0:30:09
Sampling (4 threads)  24%|███████                       |  ETA: 0:29:19
Sampling (4 threads)  24%|███████▎                      |  ETA: 0:33:17
Sampling (4 threads)  24%|███████▍                      |  ETA: 0:32:23
Sampling (4 threads)  25%|███████▌                      |  ETA: 0:31:32
Sampling (4 threads)  26%|███████▋                      |  ETA: 0:30:42
Sampling (4 threads)  26%|███████▊                      |  ETA: 0:32:29
Sampling (4 threads)  26%|████████                      |  ETA: 0:31:39
Sampling (4 threads)  27%|████████▏                     |  ETA: 0:30:52
Sampling (4 threads)  28%|████████▎                     |  ETA: 0:32:22
Sampling (4 threads)  28%|████████▍                     |  ETA: 0:31:34
Sampling (4 threads)  28%|████████▌                     |  ETA: 0:31:50
Sampling (4 threads)  29%|████████▊                     |  ETA: 0:31:04
Sampling (4 threads)  30%|████████▉                     |  ETA: 0:32:46
Sampling (4 threads)  30%|█████████                     |  ETA: 0:32:00
Sampling (4 threads)  30%|█████████▏                    |  ETA: 0:31:15
Sampling (4 threads)  31%|█████████▎                    |  ETA: 0:31:28
Sampling (4 threads)  32%|█████████▌                    |  ETA: 0:30:44
Sampling (4 threads)  32%|█████████▋                    |  ETA: 0:31:34
Sampling (4 threads)  32%|█████████▊                    |  ETA: 0:30:51
Sampling (4 threads)  33%|█████████▉                    |  ETA: 0:30:09
Sampling (4 threads)  34%|██████████                    |  ETA: 0:30:51
Sampling (4 threads)  34%|██████████▎                   |  ETA: 0:30:10
Sampling (4 threads)  34%|██████████▍                   |  ETA: 0:30:41
Sampling (4 threads)  35%|██████████▌                   |  ETA: 0:30:00
Sampling (4 threads)  36%|██████████▋                   |  ETA: 0:29:21
Sampling (4 threads)  36%|██████████▊                   |  ETA: 0:30:32
Sampling (4 threads)  36%|███████████                   |  ETA: 0:29:53
Sampling (4 threads)  37%|███████████▏                  |  ETA: 0:29:15
Sampling (4 threads)  38%|███████████▎                  |  ETA: 0:29:56
Sampling (4 threads)  38%|███████████▍                  |  ETA: 0:29:19
Sampling (4 threads)  38%|███████████▌                  |  ETA: 0:28:42
Sampling (4 threads)  39%|███████████▊                  |  ETA: 0:29:01
Sampling (4 threads)  40%|███████████▉                  |  ETA: 0:28:25
Sampling (4 threads)  40%|████████████                  |  ETA: 0:28:16
Sampling (4 threads)  40%|████████████▏                 |  ETA: 0:27:41
Sampling (4 threads)  41%|████████████▎                 |  ETA: 0:28:16
Sampling (4 threads)  42%|████████████▌                 |  ETA: 0:27:42
Sampling (4 threads)  42%|████████████▋                 |  ETA: 0:27:45
Sampling (4 threads)  42%|████████████▊                 |  ETA: 0:27:12
Sampling (4 threads)  43%|████████████▉                 |  ETA: 0:26:39
Sampling (4 threads)  44%|█████████████                 |  ETA: 0:26:53
Sampling (4 threads)  44%|█████████████▎                |  ETA: 0:26:21
Sampling (4 threads)  44%|█████████████▍                |  ETA: 0:26:26
Sampling (4 threads)  45%|█████████████▌                |  ETA: 0:25:54
Sampling (4 threads)  46%|█████████████▋                |  ETA: 0:26:47
Sampling (4 threads)  46%|█████████████▊                |  ETA: 0:26:15
Sampling (4 threads)  46%|██████████████                |  ETA: 0:25:43
Sampling (4 threads)  47%|██████████████▏               |  ETA: 0:25:12
Sampling (4 threads)  48%|██████████████▎               |  ETA: 0:25:44
Sampling (4 threads)  48%|██████████████▍               |  ETA: 0:25:13
Sampling (4 threads)  48%|██████████████▌               |  ETA: 0:25:20
Sampling (4 threads)  49%|██████████████▊               |  ETA: 0:24:50
Sampling (4 threads)  50%|██████████████▉               |  ETA: 0:25:25
Sampling (4 threads)  50%|███████████████               |  ETA: 0:24:54
Sampling (4 threads)  50%|███████████████▏              |  ETA: 0:24:25
Sampling (4 threads)  51%|███████████████▎              |  ETA: 0:23:56
Sampling (4 threads)  52%|███████████████▌              |  ETA: 0:24:13
Sampling (4 threads)  52%|███████████████▋              |  ETA: 0:23:45
Sampling (4 threads)  52%|███████████████▊              |  ETA: 0:24:08
Sampling (4 threads)  53%|███████████████▉              |  ETA: 0:23:40
Sampling (4 threads)  54%|████████████████              |  ETA: 0:23:11
Sampling (4 threads)  54%|████████████████▎             |  ETA: 0:23:27
Sampling (4 threads)  55%|████████████████▍             |  ETA: 0:22:58
Sampling (4 threads)  55%|████████████████▌             |  ETA: 0:23:18
Sampling (4 threads)  56%|████████████████▋             |  ETA: 0:22:50
Sampling (4 threads)  56%|████████████████▊             |  ETA: 0:22:44
Sampling (4 threads)  56%|█████████████████             |  ETA: 0:22:17
Sampling (4 threads)  57%|█████████████████▏            |  ETA: 0:22:19
Sampling (4 threads)  57%|█████████████████▎            |  ETA: 0:21:52
Sampling (4 threads)  58%|█████████████████▍            |  ETA: 0:21:26
Sampling (4 threads)  58%|█████████████████▌            |  ETA: 0:21:22
Sampling (4 threads)  59%|█████████████████▊            |  ETA: 0:20:56
Sampling (4 threads)  60%|█████████████████▉            |  ETA: 0:21:12
Sampling (4 threads)  60%|██████████████████            |  ETA: 0:20:46
Sampling (4 threads)  60%|██████████████████▏           |  ETA: 0:20:20
Sampling (4 threads)  61%|██████████████████▎           |  ETA: 0:20:30
Sampling (4 threads)  62%|██████████████████▌           |  ETA: 0:20:04
Sampling (4 threads)  62%|██████████████████▋           |  ETA: 0:19:39
Sampling (4 threads)  62%|██████████████████▊           |  ETA: 0:19:53
Sampling (4 threads)  63%|██████████████████▉           |  ETA: 0:19:28
Sampling (4 threads)  64%|███████████████████           |  ETA: 0:19:03
Sampling (4 threads)  64%|███████████████████▎          |  ETA: 0:18:53
Sampling (4 threads)  64%|███████████████████▍          |  ETA: 0:18:28
Sampling (4 threads)  65%|███████████████████▌          |  ETA: 0:18:19
Sampling (4 threads)  66%|███████████████████▋          |  ETA: 0:17:55
Sampling (4 threads)  66%|███████████████████▊          |  ETA: 0:17:31
Sampling (4 threads)  66%|████████████████████          |  ETA: 0:17:32
Sampling (4 threads)  67%|████████████████████▏         |  ETA: 0:17:08
Sampling (4 threads)  68%|████████████████████▎         |  ETA: 0:16:45
Sampling (4 threads)  68%|████████████████████▍         |  ETA: 0:16:44
Sampling (4 threads)  68%|████████████████████▌         |  ETA: 0:16:21
Sampling (4 threads)  69%|████████████████████▊         |  ETA: 0:16:11
Sampling (4 threads)  70%|████████████████████▉         |  ETA: 0:15:48
Sampling (4 threads)  70%|█████████████████████         |  ETA: 0:15:49
Sampling (4 threads)  70%|█████████████████████▏        |  ETA: 0:15:27
Sampling (4 threads)  71%|█████████████████████▎        |  ETA: 0:15:05
Sampling (4 threads)  72%|█████████████████████▌        |  ETA: 0:15:05
Sampling (4 threads)  72%|█████████████████████▋        |  ETA: 0:14:43
Sampling (4 threads)  72%|█████████████████████▊        |  ETA: 0:14:21
Sampling (4 threads)  73%|█████████████████████▉        |  ETA: 0:14:23
Sampling (4 threads)  74%|██████████████████████        |  ETA: 0:14:01
Sampling (4 threads)  74%|██████████████████████▎       |  ETA: 0:13:39
Sampling (4 threads)  74%|██████████████████████▍       |  ETA: 0:13:36
Sampling (4 threads)  75%|██████████████████████▌       |  ETA: 0:13:14
Sampling (4 threads)  76%|██████████████████████▋       |  ETA: 0:13:06
Sampling (4 threads)  76%|██████████████████████▊       |  ETA: 0:12:45
Sampling (4 threads)  76%|███████████████████████       |  ETA: 0:12:33
Sampling (4 threads)  77%|███████████████████████▏      |  ETA: 0:12:12
Sampling (4 threads)  78%|███████████████████████▎      |  ETA: 0:12:16
Sampling (4 threads)  78%|███████████████████████▍      |  ETA: 0:11:55
Sampling (4 threads)  78%|███████████████████████▌      |  ETA: 0:11:34
Sampling (4 threads)  79%|███████████████████████▊      |  ETA: 0:11:14
Sampling (4 threads)  80%|███████████████████████▉      |  ETA: 0:11:07
Sampling (4 threads)  80%|████████████████████████      |  ETA: 0:10:47
Sampling (4 threads)  80%|████████████████████████▏     |  ETA: 0:10:46
Sampling (4 threads)  81%|████████████████████████▎     |  ETA: 0:10:25
Sampling (4 threads)  82%|████████████████████████▌     |  ETA: 0:10:05
Sampling (4 threads)  82%|████████████████████████▋     |  ETA: 0:10:00
Sampling (4 threads)  82%|████████████████████████▊     |  ETA: 0:09:40
Sampling (4 threads)  83%|████████████████████████▉     |  ETA: 0:09:20
Sampling (4 threads)  84%|█████████████████████████     |  ETA: 0:09:00
Sampling (4 threads)  84%|█████████████████████████▎    |  ETA: 0:08:51
Sampling (4 threads)  84%|█████████████████████████▍    |  ETA: 0:08:31
Sampling (4 threads)  85%|█████████████████████████▌    |  ETA: 0:08:12
Sampling (4 threads)  86%|█████████████████████████▋    |  ETA: 0:07:54
Sampling (4 threads)  86%|█████████████████████████▊    |  ETA: 0:07:39
Sampling (4 threads)  86%|██████████████████████████    |  ETA: 0:07:24
Sampling (4 threads)  87%|██████████████████████████▏   |  ETA: 0:07:07
Sampling (4 threads)  88%|██████████████████████████▎   |  ETA: 0:06:56
Sampling (4 threads)  88%|██████████████████████████▍   |  ETA: 0:06:40
Sampling (4 threads)  88%|██████████████████████████▌   |  ETA: 0:06:23
Sampling (4 threads)  89%|██████████████████████████▊   |  ETA: 0:06:09
Sampling (4 threads)  90%|██████████████████████████▉   |  ETA: 0:05:51
Sampling (4 threads)  90%|███████████████████████████   |  ETA: 0:05:38
Sampling (4 threads)  90%|███████████████████████████▏  |  ETA: 0:05:21
Sampling (4 threads)  91%|███████████████████████████▎  |  ETA: 0:05:06
Sampling (4 threads)  92%|███████████████████████████▌  |  ETA: 0:04:50
Sampling (4 threads)  92%|███████████████████████████▋  |  ETA: 0:04:35
Sampling (4 threads)  92%|███████████████████████████▊  |  ETA: 0:04:19
Sampling (4 threads)  93%|███████████████████████████▉  |  ETA: 0:04:02
Sampling (4 threads)  94%|████████████████████████████  |  ETA: 0:03:46
Sampling (4 threads)  94%|████████████████████████████▎ |  ETA: 0:03:28
Sampling (4 threads)  94%|████████████████████████████▍ |  ETA: 0:03:11
Sampling (4 threads)  95%|████████████████████████████▌ |  ETA: 0:02:54
Sampling (4 threads)  96%|████████████████████████████▋ |  ETA: 0:02:38
Sampling (4 threads)  96%|████████████████████████████▊ |  ETA: 0:02:21
Sampling (4 threads)  96%|█████████████████████████████ |  ETA: 0:02:03
Sampling (4 threads)  97%|█████████████████████████████▏|  ETA: 0:01:46
Sampling (4 threads)  98%|█████████████████████████████▎|  ETA: 0:01:28
Sampling (4 threads)  98%|█████████████████████████████▍|  ETA: 0:01:11
Sampling (4 threads)  98%|█████████████████████████████▌|  ETA: 0:00:53
Sampling (4 threads)  99%|█████████████████████████████▊|  ETA: 0:00:36
Sampling (4 threads) 100%|█████████████████████████████▉|  ETA: 0:00:18
Sampling (4 threads) 100%|██████████████████████████████| Time: 1:00:32
Sampling (4 threads) 100%|██████████████████████████████| Time: 1:00:32
┌ Warning: Runtime invalidation was disabled, but the CPU info is out-of-date.
│ Will continue with incorrect CPU name (from build time).
└ @ HostCPUFeatures ~/.julia/packages/HostCPUFeatures/ZTXz4/src/cpu_info.jl:71
┌ Warning: Runtime invalidation was disabled, but the CPU info is out-of-date.
│ Will continue with incorrect CPU feature flag: +avx512vnni.
└ @ HostCPUFeatures ~/.julia/packages/HostCPUFeatures/ZTXz4/src/cpu_info.jl:56
┌ Warning: Runtime invalidation was disabled, but the CPU info is out-of-date.
│ Will continue with incorrect CPU feature flag: -rtm.
└ @ HostCPUFeatures ~/.julia/packages/HostCPUFeatures/ZTXz4/src/cpu_info.jl:56
Sampling (4 threads)   0%|                              |  ETA: N/A
┌ Info: Found initial step size
└   ϵ = 0.0015625
┌ Info: Found initial step size
└   ϵ = 0.000390625
┌ Info: Found initial step size
└   ϵ = 0.0015625
┌ Info: Found initial step size
└   ϵ = 0.000390625
Sampling (4 threads)   0%|▏                             |  ETA: 2:46:52
Sampling (4 threads)   1%|▎                             |  ETA: 1:23:04
Sampling (4 threads)   2%|▌                             |  ETA: 0:55:06
Sampling (4 threads)   2%|▋                             |  ETA: 0:45:23
Sampling (4 threads)   2%|▊                             |  ETA: 0:36:07
Sampling (4 threads)   3%|▉                             |  ETA: 0:29:57
Sampling (4 threads)   4%|█                             |  ETA: 0:27:20
Sampling (4 threads)   4%|█▎                            |  ETA: 0:23:48
Sampling (4 threads)   4%|█▍                            |  ETA: 0:24:36
Sampling (4 threads)   5%|█▌                            |  ETA: 0:22:02
Sampling (4 threads)   6%|█▋                            |  ETA: 0:19:55
Sampling (4 threads)   6%|█▊                            |  ETA: 0:19:20
Sampling (4 threads)   6%|██                            |  ETA: 0:17:45
Sampling (4 threads)   7%|██▏                           |  ETA: 0:17:03
Sampling (4 threads)   8%|██▎                           |  ETA: 0:15:50
Sampling (4 threads)   8%|██▍                           |  ETA: 0:18:40
Sampling (4 threads)   8%|██▌                           |  ETA: 0:17:29
Sampling (4 threads)   9%|██▊                           |  ETA: 0:16:25
Sampling (4 threads)  10%|██▉                           |  ETA: 0:21:17
Sampling (4 threads)  10%|███                           |  ETA: 0:20:07
Sampling (4 threads)  10%|███▏                          |  ETA: 0:19:03
Sampling (4 threads)  11%|███▎                          |  ETA: 0:23:18
Sampling (4 threads)  12%|███▌                          |  ETA: 0:22:10
Sampling (4 threads)  12%|███▋                          |  ETA: 0:21:07
Sampling (4 threads)  12%|███▊                          |  ETA: 0:27:36
Sampling (4 threads)  13%|███▉                          |  ETA: 0:26:23
Sampling (4 threads)  14%|████                          |  ETA: 0:29:15
Sampling (4 threads)  14%|████▎                         |  ETA: 0:28:03
Sampling (4 threads)  14%|████▍                         |  ETA: 0:26:55
Sampling (4 threads)  15%|████▌                         |  ETA: 0:32:04
Sampling (4 threads)  16%|████▋                         |  ETA: 0:30:51
Sampling (4 threads)  16%|████▊                         |  ETA: 0:36:38
Sampling (4 threads)  16%|█████                         |  ETA: 0:35:19
Sampling (4 threads)  17%|█████▏                        |  ETA: 0:34:04
Sampling (4 threads)  18%|█████▎                        |  ETA: 0:35:19
Sampling (4 threads)  18%|█████▍                        |  ETA: 0:34:08
Sampling (4 threads)  18%|█████▌                        |  ETA: 0:36:03
Sampling (4 threads)  19%|█████▊                        |  ETA: 0:34:53
Sampling (4 threads)  20%|█████▉                        |  ETA: 0:37:51
Sampling (4 threads)  20%|██████                        |  ETA: 0:36:41
Sampling (4 threads)  20%|██████▏                       |  ETA: 0:35:34
Sampling (4 threads)  21%|██████▎                       |  ETA: 0:37:17
Sampling (4 threads)  22%|██████▌                       |  ETA: 0:36:11
Sampling (4 threads)  22%|██████▋                       |  ETA: 0:35:08
Sampling (4 threads)  22%|██████▊                       |  ETA: 0:34:08
Sampling (4 threads)  23%|██████▉                       |  ETA: 0:35:28
Sampling (4 threads)  24%|███████                       |  ETA: 0:34:29
Sampling (4 threads)  24%|███████▎                      |  ETA: 0:33:33
Sampling (4 threads)  24%|███████▍                      |  ETA: 0:34:28
Sampling (4 threads)  25%|███████▌                      |  ETA: 0:33:33
Sampling (4 threads)  26%|███████▋                      |  ETA: 0:32:40
Sampling (4 threads)  26%|███████▊                      |  ETA: 0:32:51
Sampling (4 threads)  26%|████████                      |  ETA: 0:32:00
Sampling (4 threads)  27%|████████▏                     |  ETA: 0:32:37
Sampling (4 threads)  28%|████████▎                     |  ETA: 0:31:48
Sampling (4 threads)  28%|████████▍                     |  ETA: 0:31:01
Sampling (4 threads)  28%|████████▌                     |  ETA: 0:32:09
Sampling (4 threads)  29%|████████▊                     |  ETA: 0:31:22
Sampling (4 threads)  30%|████████▉                     |  ETA: 0:30:37
Sampling (4 threads)  30%|█████████                     |  ETA: 0:31:20
Sampling (4 threads)  30%|█████████▏                    |  ETA: 0:30:35
Sampling (4 threads)  31%|█████████▎                    |  ETA: 0:31:10
Sampling (4 threads)  32%|█████████▌                    |  ETA: 0:30:27
Sampling (4 threads)  32%|█████████▋                    |  ETA: 0:31:49
Sampling (4 threads)  32%|█████████▊                    |  ETA: 0:31:06
Sampling (4 threads)  33%|█████████▉                    |  ETA: 0:30:24
Sampling (4 threads)  34%|██████████                    |  ETA: 0:32:06
Sampling (4 threads)  34%|██████████▎                   |  ETA: 0:31:24
Sampling (4 threads)  34%|██████████▍                   |  ETA: 0:30:43
Sampling (4 threads)  35%|██████████▌                   |  ETA: 0:31:58
Sampling (4 threads)  36%|██████████▋                   |  ETA: 0:31:16
Sampling (4 threads)  36%|██████████▊                   |  ETA: 0:30:36
Sampling (4 threads)  36%|███████████                   |  ETA: 0:32:39
Sampling (4 threads)  37%|███████████▏                  |  ETA: 0:31:57
Sampling (4 threads)  38%|███████████▎                  |  ETA: 0:31:17
Sampling (4 threads)  38%|███████████▍                  |  ETA: 0:30:37
Sampling (4 threads)  38%|███████████▌                  |  ETA: 0:32:14
Sampling (4 threads)  39%|███████████▊                  |  ETA: 0:31:34
Sampling (4 threads)  40%|███████████▉                  |  ETA: 0:30:55
Sampling (4 threads)  40%|████████████                  |  ETA: 0:31:39
Sampling (4 threads)  40%|████████████▏                 |  ETA: 0:31:00
Sampling (4 threads)  41%|████████████▎                 |  ETA: 0:32:21
Sampling (4 threads)  42%|████████████▌                 |  ETA: 0:31:41
Sampling (4 threads)  42%|████████████▋                 |  ETA: 0:31:02
Sampling (4 threads)  42%|████████████▊                 |  ETA: 0:30:25
Sampling (4 threads)  43%|████████████▉                 |  ETA: 0:31:00
Sampling (4 threads)  44%|█████████████                 |  ETA: 0:30:23
Sampling (4 threads)  44%|█████████████▎                |  ETA: 0:30:58
Sampling (4 threads)  44%|█████████████▍                |  ETA: 0:30:20
Sampling (4 threads)  45%|█████████████▌                |  ETA: 0:29:44
Sampling (4 threads)  46%|█████████████▋                |  ETA: 0:29:08
Sampling (4 threads)  46%|█████████████▊                |  ETA: 0:29:45
Sampling (4 threads)  46%|██████████████                |  ETA: 0:29:10
Sampling (4 threads)  47%|██████████████▏               |  ETA: 0:28:35
Sampling (4 threads)  48%|██████████████▎               |  ETA: 0:29:36
Sampling (4 threads)  48%|██████████████▍               |  ETA: 0:29:01
Sampling (4 threads)  48%|██████████████▌               |  ETA: 0:28:26
Sampling (4 threads)  49%|██████████████▊               |  ETA: 0:29:24
Sampling (4 threads)  50%|██████████████▉               |  ETA: 0:28:49
Sampling (4 threads)  50%|███████████████               |  ETA: 0:28:50
Sampling (4 threads)  50%|███████████████▏              |  ETA: 0:28:16
Sampling (4 threads)  51%|███████████████▎              |  ETA: 0:27:43
Sampling (4 threads)  52%|███████████████▌              |  ETA: 0:27:56
Sampling (4 threads)  52%|███████████████▋              |  ETA: 0:27:23
Sampling (4 threads)  52%|███████████████▊              |  ETA: 0:27:36
Sampling (4 threads)  53%|███████████████▉              |  ETA: 0:27:03
Sampling (4 threads)  54%|████████████████              |  ETA: 0:26:31
Sampling (4 threads)  54%|████████████████▎             |  ETA: 0:26:54
Sampling (4 threads)  55%|████████████████▍             |  ETA: 0:26:22
Sampling (4 threads)  55%|████████████████▌             |  ETA: 0:26:25
Sampling (4 threads)  56%|████████████████▋             |  ETA: 0:25:53
Sampling (4 threads)  56%|████████████████▊             |  ETA: 0:26:20
Sampling (4 threads)  56%|█████████████████             |  ETA: 0:25:48
Sampling (4 threads)  57%|█████████████████▏            |  ETA: 0:25:17
Sampling (4 threads)  57%|█████████████████▎            |  ETA: 0:25:27
Sampling (4 threads)  58%|█████████████████▍            |  ETA: 0:24:56
Sampling (4 threads)  58%|█████████████████▌            |  ETA: 0:24:25
Sampling (4 threads)  59%|█████████████████▊            |  ETA: 0:24:46
Sampling (4 threads)  60%|█████████████████▉            |  ETA: 0:24:15
Sampling (4 threads)  60%|██████████████████            |  ETA: 0:23:45
Sampling (4 threads)  60%|██████████████████▏           |  ETA: 0:23:57
Sampling (4 threads)  61%|██████████████████▎           |  ETA: 0:23:27
Sampling (4 threads)  62%|██████████████████▌           |  ETA: 0:23:30
Sampling (4 threads)  62%|██████████████████▋           |  ETA: 0:23:00
Sampling (4 threads)  62%|██████████████████▊           |  ETA: 0:23:15
Sampling (4 threads)  63%|██████████████████▉           |  ETA: 0:22:45
Sampling (4 threads)  64%|███████████████████           |  ETA: 0:22:16
Sampling (4 threads)  64%|███████████████████▎          |  ETA: 0:22:33
Sampling (4 threads)  64%|███████████████████▍          |  ETA: 0:22:04
Sampling (4 threads)  65%|███████████████████▌          |  ETA: 0:22:05
Sampling (4 threads)  66%|███████████████████▋          |  ETA: 0:21:36
Sampling (4 threads)  66%|███████████████████▊          |  ETA: 0:21:08
Sampling (4 threads)  66%|████████████████████          |  ETA: 0:20:59
Sampling (4 threads)  67%|████████████████████▏         |  ETA: 0:20:31
Sampling (4 threads)  68%|████████████████████▎         |  ETA: 0:20:23
Sampling (4 threads)  68%|████████████████████▍         |  ETA: 0:19:56
Sampling (4 threads)  68%|████████████████████▌         |  ETA: 0:19:50
Sampling (4 threads)  69%|████████████████████▊         |  ETA: 0:19:23
Sampling (4 threads)  70%|████████████████████▉         |  ETA: 0:19:28
Sampling (4 threads)  70%|█████████████████████         |  ETA: 0:19:01
Sampling (4 threads)  70%|█████████████████████▏        |  ETA: 0:19:04
Sampling (4 threads)  71%|█████████████████████▎        |  ETA: 0:18:37
Sampling (4 threads)  72%|█████████████████████▌        |  ETA: 0:18:30
Sampling (4 threads)  72%|█████████████████████▋        |  ETA: 0:18:03
Sampling (4 threads)  72%|█████████████████████▊        |  ETA: 0:17:36
Sampling (4 threads)  73%|█████████████████████▉        |  ETA: 0:17:26
Sampling (4 threads)  74%|██████████████████████        |  ETA: 0:16:59
Sampling (4 threads)  74%|██████████████████████▎       |  ETA: 0:16:58
Sampling (4 threads)  74%|██████████████████████▍       |  ETA: 0:16:31
Sampling (4 threads)  75%|██████████████████████▌       |  ETA: 0:16:05
Sampling (4 threads)  76%|██████████████████████▋       |  ETA: 0:15:40
Sampling (4 threads)  76%|██████████████████████▊       |  ETA: 0:15:35
Sampling (4 threads)  76%|███████████████████████       |  ETA: 0:15:09
Sampling (4 threads)  77%|███████████████████████▏      |  ETA: 0:14:44
Sampling (4 threads)  78%|███████████████████████▎      |  ETA: 0:14:50
Sampling (4 threads)  78%|███████████████████████▍      |  ETA: 0:14:25
Sampling (4 threads)  78%|███████████████████████▌      |  ETA: 0:14:00
Sampling (4 threads)  79%|███████████████████████▊      |  ETA: 0:13:35
Sampling (4 threads)  80%|███████████████████████▉      |  ETA: 0:13:26
Sampling (4 threads)  80%|████████████████████████      |  ETA: 0:13:02
Sampling (4 threads)  80%|████████████████████████▏     |  ETA: 0:12:48
Sampling (4 threads)  81%|████████████████████████▎     |  ETA: 0:12:24
Sampling (4 threads)  82%|████████████████████████▌     |  ETA: 0:12:10
Sampling (4 threads)  82%|████████████████████████▋     |  ETA: 0:11:46
Sampling (4 threads)  82%|████████████████████████▊     |  ETA: 0:11:33
Sampling (4 threads)  83%|████████████████████████▉     |  ETA: 0:11:09
Sampling (4 threads)  84%|█████████████████████████     |  ETA: 0:10:46
Sampling (4 threads)  84%|█████████████████████████▎    |  ETA: 0:10:32
Sampling (4 threads)  84%|█████████████████████████▍    |  ETA: 0:10:09
Sampling (4 threads)  85%|█████████████████████████▌    |  ETA: 0:09:46
Sampling (4 threads)  86%|█████████████████████████▋    |  ETA: 0:09:31
Sampling (4 threads)  86%|█████████████████████████▊    |  ETA: 0:09:08
Sampling (4 threads)  86%|██████████████████████████    |  ETA: 0:08:56
Sampling (4 threads)  87%|██████████████████████████▏   |  ETA: 0:08:33
Sampling (4 threads)  88%|██████████████████████████▎   |  ETA: 0:08:11
Sampling (4 threads)  88%|██████████████████████████▍   |  ETA: 0:07:49
Sampling (4 threads)  88%|██████████████████████████▌   |  ETA: 0:07:33
Sampling (4 threads)  89%|██████████████████████████▊   |  ETA: 0:07:11
Sampling (4 threads)  90%|██████████████████████████▉   |  ETA: 0:06:49
Sampling (4 threads)  90%|███████████████████████████   |  ETA: 0:06:32
Sampling (4 threads)  90%|███████████████████████████▏  |  ETA: 0:06:11
Sampling (4 threads)  91%|███████████████████████████▎  |  ETA: 0:05:51
Sampling (4 threads)  92%|███████████████████████████▌  |  ETA: 0:05:30
Sampling (4 threads)  92%|███████████████████████████▋  |  ETA: 0:05:14
Sampling (4 threads)  92%|███████████████████████████▊  |  ETA: 0:04:53
Sampling (4 threads)  93%|███████████████████████████▉  |  ETA: 0:04:32
Sampling (4 threads)  94%|████████████████████████████  |  ETA: 0:04:11
Sampling (4 threads)  94%|████████████████████████████▎ |  ETA: 0:03:54
Sampling (4 threads)  94%|████████████████████████████▍ |  ETA: 0:03:34
Sampling (4 threads)  95%|████████████████████████████▌ |  ETA: 0:03:14
Sampling (4 threads)  96%|████████████████████████████▋ |  ETA: 0:02:54
Sampling (4 threads)  96%|████████████████████████████▊ |  ETA: 0:02:35
Sampling (4 threads)  96%|█████████████████████████████ |  ETA: 0:02:16
Sampling (4 threads)  97%|█████████████████████████████▏|  ETA: 0:01:56
Sampling (4 threads)  98%|█████████████████████████████▎|  ETA: 0:01:37
Sampling (4 threads)  98%|█████████████████████████████▍|  ETA: 0:01:18
Sampling (4 threads)  98%|█████████████████████████████▌|  ETA: 0:00:58
Sampling (4 threads)  99%|█████████████████████████████▊|  ETA: 0:00:39
Sampling (4 threads) 100%|█████████████████████████████▉|  ETA: 0:00:19
Sampling (4 threads) 100%|██████████████████████████████| Time: 1:05:02
Sampling (4 threads) 100%|██████████████████████████████| Time: 1:05:03
┌ Warning: Runtime invalidation was disabled, but the CPU info is out-of-date.
│ Will continue with incorrect CPU name (from build time).
└ @ HostCPUFeatures ~/.julia/packages/HostCPUFeatures/ZTXz4/src/cpu_info.jl:71
┌ Warning: Runtime invalidation was disabled, but the CPU info is out-of-date.
│ Will continue with incorrect CPU feature flag: +avx512vnni.
└ @ HostCPUFeatures ~/.julia/packages/HostCPUFeatures/ZTXz4/src/cpu_info.jl:56
┌ Warning: Runtime invalidation was disabled, but the CPU info is out-of-date.
│ Will continue with incorrect CPU feature flag: -rtm.
└ @ HostCPUFeatures ~/.julia/packages/HostCPUFeatures/ZTXz4/src/cpu_info.jl:56
Sampling (4 threads)   0%|                              |  ETA: N/A
┌ Info: Found initial step size
└   ϵ = 0.003125
┌ Info: Found initial step size
└   ϵ = 0.00625
┌ Info: Found initial step size
└   ϵ = 0.00625
┌ Info: Found initial step size
└   ϵ = 0.00078125
Sampling (4 threads)   0%|▏                             |  ETA: 2:19:11
Sampling (4 threads)   1%|▎                             |  ETA: 1:09:19
Sampling (4 threads)   2%|▌                             |  ETA: 0:49:58
Sampling (4 threads)   2%|▋                             |  ETA: 0:37:17
Sampling (4 threads)   2%|▊                             |  ETA: 0:29:41
Sampling (4 threads)   3%|▉                             |  ETA: 0:26:14
Sampling (4 threads)   4%|█                             |  ETA: 0:22:22
Sampling (4 threads)   4%|█▎                            |  ETA: 0:19:28
Sampling (4 threads)   4%|█▍                            |  ETA: 0:20:50
Sampling (4 threads)   5%|█▌                            |  ETA: 0:18:39
Sampling (4 threads)   6%|█▋                            |  ETA: 0:16:52
Sampling (4 threads)   6%|█▊                            |  ETA: 0:15:23
Sampling (4 threads)   6%|██                            |  ETA: 0:30:13
Sampling (4 threads)   7%|██▏                           |  ETA: 0:27:54
Sampling (4 threads)   8%|██▎                           |  ETA: 0:25:54
Sampling (4 threads)   8%|██▍                           |  ETA: 0:30:46
Sampling (4 threads)   8%|██▌                           |  ETA: 0:28:48
Sampling (4 threads)   9%|██▊                           |  ETA: 0:27:03
Sampling (4 threads)  10%|██▉                           |  ETA: 0:25:29
Sampling (4 threads)  10%|███                           |  ETA: 0:25:45
Sampling (4 threads)  10%|███▏                          |  ETA: 0:24:23
Sampling (4 threads)  11%|███▎                          |  ETA: 0:23:09
Sampling (4 threads)  12%|███▌                          |  ETA: 0:26:32
Sampling (4 threads)  12%|███▋                          |  ETA: 0:25:17
Sampling (4 threads)  12%|███▊                          |  ETA: 0:30:24
Sampling (4 threads)  13%|███▉                          |  ETA: 0:29:04
Sampling (4 threads)  14%|████                          |  ETA: 0:27:49
Sampling (4 threads)  14%|████▎                         |  ETA: 0:32:46
Sampling (4 threads)  14%|████▍                         |  ETA: 0:31:27
Sampling (4 threads)  15%|████▌                         |  ETA: 0:30:14
Sampling (4 threads)  16%|████▋                         |  ETA: 0:35:42
Sampling (4 threads)  16%|████▊                         |  ETA: 0:34:22
Sampling (4 threads)  16%|█████                         |  ETA: 0:33:08
Sampling (4 threads)  17%|█████▏                        |  ETA: 0:31:58
Sampling (4 threads)  18%|█████▎                        |  ETA: 0:32:34
Sampling (4 threads)  18%|█████▍                        |  ETA: 0:31:28
Sampling (4 threads)  18%|█████▌                        |  ETA: 0:33:10
Sampling (4 threads)  19%|█████▊                        |  ETA: 0:32:06
Sampling (4 threads)  20%|█████▉                        |  ETA: 0:33:36
Sampling (4 threads)  20%|██████                        |  ETA: 0:32:33
Sampling (4 threads)  20%|██████▏                       |  ETA: 0:31:33
Sampling (4 threads)  21%|██████▎                       |  ETA: 0:33:08
Sampling (4 threads)  22%|██████▌                       |  ETA: 0:32:10
Sampling (4 threads)  22%|██████▋                       |  ETA: 0:32:49
Sampling (4 threads)  22%|██████▊                       |  ETA: 0:31:53
Sampling (4 threads)  23%|██████▉                       |  ETA: 0:32:31
Sampling (4 threads)  24%|███████                       |  ETA: 0:31:37
Sampling (4 threads)  24%|███████▎                      |  ETA: 0:30:45
Sampling (4 threads)  24%|███████▍                      |  ETA: 0:31:45
Sampling (4 threads)  25%|███████▌                      |  ETA: 0:30:55
Sampling (4 threads)  26%|███████▋                      |  ETA: 0:30:06
Sampling (4 threads)  26%|███████▊                      |  ETA: 0:30:13
Sampling (4 threads)  26%|████████                      |  ETA: 0:29:26
Sampling (4 threads)  27%|████████▏                     |  ETA: 0:31:03
Sampling (4 threads)  28%|████████▎                     |  ETA: 0:30:17
Sampling (4 threads)  28%|████████▍                     |  ETA: 0:29:32
Sampling (4 threads)  28%|████████▌                     |  ETA: 0:30:46
Sampling (4 threads)  29%|████████▊                     |  ETA: 0:30:02
Sampling (4 threads)  30%|████████▉                     |  ETA: 0:31:07
Sampling (4 threads)  30%|█████████                     |  ETA: 0:30:23
Sampling (4 threads)  30%|█████████▏                    |  ETA: 0:30:59
Sampling (4 threads)  31%|█████████▎                    |  ETA: 0:30:16
Sampling (4 threads)  32%|█████████▌                    |  ETA: 0:29:34
Sampling (4 threads)  32%|█████████▋                    |  ETA: 0:31:02
Sampling (4 threads)  32%|█████████▊                    |  ETA: 0:30:20
Sampling (4 threads)  33%|█████████▉                    |  ETA: 0:29:39
Sampling (4 threads)  34%|██████████                    |  ETA: 0:28:59
Sampling (4 threads)  34%|██████████▎                   |  ETA: 0:30:18
Sampling (4 threads)  34%|██████████▍                   |  ETA: 0:29:38
Sampling (4 threads)  35%|██████████▌                   |  ETA: 0:30:19
Sampling (4 threads)  36%|██████████▋                   |  ETA: 0:29:39
Sampling (4 threads)  36%|██████████▊                   |  ETA: 0:30:15
Sampling (4 threads)  36%|███████████                   |  ETA: 0:29:36
Sampling (4 threads)  37%|███████████▏                  |  ETA: 0:28:58
Sampling (4 threads)  38%|███████████▎                  |  ETA: 0:28:21
Sampling (4 threads)  38%|███████████▍                  |  ETA: 0:29:14
Sampling (4 threads)  38%|███████████▌                  |  ETA: 0:28:37
Sampling (4 threads)  39%|███████████▊                  |  ETA: 0:29:15
Sampling (4 threads)  40%|███████████▉                  |  ETA: 0:28:39
Sampling (4 threads)  40%|████████████                  |  ETA: 0:28:03
Sampling (4 threads)  40%|████████████▏                 |  ETA: 0:29:03
Sampling (4 threads)  41%|████████████▎                 |  ETA: 0:28:28
Sampling (4 threads)  42%|████████████▌                 |  ETA: 0:27:53
Sampling (4 threads)  42%|████████████▋                 |  ETA: 0:28:39
Sampling (4 threads)  42%|████████████▊                 |  ETA: 0:28:04
Sampling (4 threads)  43%|████████████▉                 |  ETA: 0:27:30
Sampling (4 threads)  44%|█████████████                 |  ETA: 0:28:26
Sampling (4 threads)  44%|█████████████▎                |  ETA: 0:27:52
Sampling (4 threads)  44%|█████████████▍                |  ETA: 0:27:19
Sampling (4 threads)  45%|█████████████▌                |  ETA: 0:27:36
Sampling (4 threads)  46%|█████████████▋                |  ETA: 0:27:03
Sampling (4 threads)  46%|█████████████▊                |  ETA: 0:28:28
Sampling (4 threads)  46%|██████████████                |  ETA: 0:27:54
Sampling (4 threads)  47%|██████████████▏               |  ETA: 0:27:21
Sampling (4 threads)  48%|██████████████▎               |  ETA: 0:27:53
Sampling (4 threads)  48%|██████████████▍               |  ETA: 0:27:20
Sampling (4 threads)  48%|██████████████▌               |  ETA: 0:27:38
Sampling (4 threads)  49%|██████████████▊               |  ETA: 0:27:05
Sampling (4 threads)  50%|██████████████▉               |  ETA: 0:26:33
Sampling (4 threads)  50%|███████████████               |  ETA: 0:27:21
Sampling (4 threads)  50%|███████████████▏              |  ETA: 0:26:49
Sampling (4 threads)  51%|███████████████▎              |  ETA: 0:26:17
Sampling (4 threads)  52%|███████████████▌              |  ETA: 0:26:42
Sampling (4 threads)  52%|███████████████▋              |  ETA: 0:26:10
Sampling (4 threads)  52%|███████████████▊              |  ETA: 0:26:23
Sampling (4 threads)  53%|███████████████▉              |  ETA: 0:25:51
Sampling (4 threads)  54%|████████████████              |  ETA: 0:25:21
Sampling (4 threads)  54%|████████████████▎             |  ETA: 0:25:33
Sampling (4 threads)  55%|████████████████▍             |  ETA: 0:25:02
Sampling (4 threads)  55%|████████████████▌             |  ETA: 0:25:09
Sampling (4 threads)  56%|████████████████▋             |  ETA: 0:24:39
Sampling (4 threads)  56%|████████████████▊             |  ETA: 0:25:10
Sampling (4 threads)  56%|█████████████████             |  ETA: 0:24:39
Sampling (4 threads)  57%|█████████████████▏            |  ETA: 0:24:10
Sampling (4 threads)  57%|█████████████████▎            |  ETA: 0:23:40
Sampling (4 threads)  58%|█████████████████▍            |  ETA: 0:24:20
Sampling (4 threads)  58%|█████████████████▌            |  ETA: 0:23:50
Sampling (4 threads)  59%|█████████████████▊            |  ETA: 0:23:21
Sampling (4 threads)  60%|█████████████████▉            |  ETA: 0:23:16
Sampling (4 threads)  60%|██████████████████            |  ETA: 0:22:48
Sampling (4 threads)  60%|██████████████████▏           |  ETA: 0:23:04
Sampling (4 threads)  61%|██████████████████▎           |  ETA: 0:22:36
Sampling (4 threads)  62%|██████████████████▌           |  ETA: 0:22:07
Sampling (4 threads)  62%|██████████████████▋           |  ETA: 0:22:22
Sampling (4 threads)  62%|██████████████████▊           |  ETA: 0:21:54
Sampling (4 threads)  63%|██████████████████▉           |  ETA: 0:21:26
Sampling (4 threads)  64%|███████████████████           |  ETA: 0:21:39
Sampling (4 threads)  64%|███████████████████▎          |  ETA: 0:21:11
Sampling (4 threads)  64%|███████████████████▍          |  ETA: 0:20:44
Sampling (4 threads)  65%|███████████████████▌          |  ETA: 0:20:57
Sampling (4 threads)  66%|███████████████████▋          |  ETA: 0:20:29
Sampling (4 threads)  66%|███████████████████▊          |  ETA: 0:20:21
Sampling (4 threads)  66%|████████████████████          |  ETA: 0:19:54
Sampling (4 threads)  67%|████████████████████▏         |  ETA: 0:20:20
Sampling (4 threads)  68%|████████████████████▎         |  ETA: 0:19:52
Sampling (4 threads)  68%|████████████████████▍         |  ETA: 0:19:25
Sampling (4 threads)  68%|████████████████████▌         |  ETA: 0:18:59
Sampling (4 threads)  69%|████████████████████▊         |  ETA: 0:18:58
Sampling (4 threads)  70%|████████████████████▉         |  ETA: 0:18:32
Sampling (4 threads)  70%|█████████████████████         |  ETA: 0:18:31
Sampling (4 threads)  70%|█████████████████████▏        |  ETA: 0:18:05
Sampling (4 threads)  71%|█████████████████████▎        |  ETA: 0:17:39
Sampling (4 threads)  72%|█████████████████████▌        |  ETA: 0:17:36
Sampling (4 threads)  72%|█████████████████████▋        |  ETA: 0:17:11
Sampling (4 threads)  72%|█████████████████████▊        |  ETA: 0:16:45
Sampling (4 threads)  73%|█████████████████████▉        |  ETA: 0:16:40
Sampling (4 threads)  74%|██████████████████████        |  ETA: 0:16:15
Sampling (4 threads)  74%|██████████████████████▎       |  ETA: 0:15:50
Sampling (4 threads)  74%|██████████████████████▍       |  ETA: 0:15:35
Sampling (4 threads)  75%|██████████████████████▌       |  ETA: 0:15:11
Sampling (4 threads)  76%|██████████████████████▋       |  ETA: 0:15:03
Sampling (4 threads)  76%|██████████████████████▊       |  ETA: 0:14:39
Sampling (4 threads)  76%|███████████████████████       |  ETA: 0:14:27
Sampling (4 threads)  77%|███████████████████████▏      |  ETA: 0:14:03
Sampling (4 threads)  78%|███████████████████████▎      |  ETA: 0:13:40
Sampling (4 threads)  78%|███████████████████████▍      |  ETA: 0:13:26
Sampling (4 threads)  78%|███████████████████████▌      |  ETA: 0:13:02
Sampling (4 threads)  79%|███████████████████████▊      |  ETA: 0:12:53
Sampling (4 threads)  80%|███████████████████████▉      |  ETA: 0:12:30
Sampling (4 threads)  80%|████████████████████████      |  ETA: 0:12:26
Sampling (4 threads)  80%|████████████████████████▏     |  ETA: 0:12:03
Sampling (4 threads)  81%|████████████████████████▎     |  ETA: 0:11:40
Sampling (4 threads)  82%|████████████████████████▌     |  ETA: 0:11:18
Sampling (4 threads)  82%|████████████████████████▋     |  ETA: 0:11:03
Sampling (4 threads)  82%|████████████████████████▊     |  ETA: 0:10:40
Sampling (4 threads)  83%|████████████████████████▉     |  ETA: 0:10:26
Sampling (4 threads)  84%|█████████████████████████     |  ETA: 0:10:04
Sampling (4 threads)  84%|█████████████████████████▎    |  ETA: 0:09:52
Sampling (4 threads)  84%|█████████████████████████▍    |  ETA: 0:09:30
Sampling (4 threads)  85%|█████████████████████████▌    |  ETA: 0:09:08
Sampling (4 threads)  86%|█████████████████████████▋    |  ETA: 0:08:56
Sampling (4 threads)  86%|█████████████████████████▊    |  ETA: 0:08:34
Sampling (4 threads)  86%|██████████████████████████    |  ETA: 0:08:23
Sampling (4 threads)  87%|██████████████████████████▏   |  ETA: 0:08:01
Sampling (4 threads)  88%|██████████████████████████▎   |  ETA: 0:07:40
Sampling (4 threads)  88%|██████████████████████████▍   |  ETA: 0:07:19
Sampling (4 threads)  88%|██████████████████████████▌   |  ETA: 0:07:05
Sampling (4 threads)  89%|██████████████████████████▊   |  ETA: 0:06:44
Sampling (4 threads)  90%|██████████████████████████▉   |  ETA: 0:06:23
Sampling (4 threads)  90%|███████████████████████████   |  ETA: 0:06:10
Sampling (4 threads)  90%|███████████████████████████▏  |  ETA: 0:05:50
Sampling (4 threads)  91%|███████████████████████████▎  |  ETA: 0:05:29
Sampling (4 threads)  92%|███████████████████████████▌  |  ETA: 0:05:15
Sampling (4 threads)  92%|███████████████████████████▋  |  ETA: 0:04:55
Sampling (4 threads)  92%|███████████████████████████▊  |  ETA: 0:04:35
Sampling (4 threads)  93%|███████████████████████████▉  |  ETA: 0:04:17
Sampling (4 threads)  94%|████████████████████████████  |  ETA: 0:04:00
Sampling (4 threads)  94%|████████████████████████████▎ |  ETA: 0:03:42
Sampling (4 threads)  94%|████████████████████████████▍ |  ETA: 0:03:25
Sampling (4 threads)  95%|████████████████████████████▌ |  ETA: 0:03:07
Sampling (4 threads)  96%|████████████████████████████▋ |  ETA: 0:02:53
Sampling (4 threads)  96%|████████████████████████████▊ |  ETA: 0:02:37
Sampling (4 threads)  96%|█████████████████████████████ |  ETA: 0:02:20
Sampling (4 threads)  97%|█████████████████████████████▏|  ETA: 0:02:01
Sampling (4 threads)  98%|█████████████████████████████▎|  ETA: 0:01:42
Sampling (4 threads)  98%|█████████████████████████████▍|  ETA: 0:01:22
Sampling (4 threads)  98%|█████████████████████████████▌|  ETA: 0:01:03
Sampling (4 threads)  99%|█████████████████████████████▊|  ETA: 0:00:42
Sampling (4 threads) 100%|█████████████████████████████▉|  ETA: 0:00:21
Sampling (4 threads) 100%|██████████████████████████████| Time: 1:11:31
Sampling (4 threads) 100%|██████████████████████████████| Time: 1:11:32
GKS: cannot open display - headless operation mode active
┌ Warning: Runtime invalidation was disabled, but the CPU info is out-of-date.
│ Will continue with incorrect CPU name (from build time).
└ @ HostCPUFeatures ~/.julia/packages/HostCPUFeatures/ZTXz4/src/cpu_info.jl:71
┌ Warning: Runtime invalidation was disabled, but the CPU info is out-of-date.
│ Will continue with incorrect CPU feature flag: +avx512vnni.
└ @ HostCPUFeatures ~/.julia/packages/HostCPUFeatures/ZTXz4/src/cpu_info.jl:56
┌ Warning: Runtime invalidation was disabled, but the CPU info is out-of-date.
│ Will continue with incorrect CPU feature flag: -rtm.
└ @ HostCPUFeatures ~/.julia/packages/HostCPUFeatures/ZTXz4/src/cpu_info.jl:56
Sampling (4 threads)   0%|                              |  ETA: N/A
┌ Info: Found initial step size
└   ϵ = 0.00078125
┌ Info: Found initial step size
└   ϵ = 0.003125
┌ Info: Found initial step size
└   ϵ = 0.00078125
┌ Info: Found initial step size
└   ϵ = 0.00078125
Sampling (4 threads)   0%|▏                             |  ETA: 2:26:46
Sampling (4 threads)   1%|▎                             |  ETA: 1:13:06
Sampling (4 threads)   2%|▌                             |  ETA: 0:48:29
Sampling (4 threads)   2%|▋                             |  ETA: 0:37:53
Sampling (4 threads)   2%|▊                             |  ETA: 0:30:09
Sampling (4 threads)   3%|▉                             |  ETA: 0:25:00
Sampling (4 threads)   4%|█                             |  ETA: 0:22:24
Sampling (4 threads)   4%|█▎                            |  ETA: 0:19:30
Sampling (4 threads)   4%|█▍                            |  ETA: 0:17:51
Sampling (4 threads)   5%|█▌                            |  ETA: 0:15:59
Sampling (4 threads)   6%|█▋                            |  ETA: 0:15:07
Sampling (4 threads)   6%|█▊                            |  ETA: 0:13:47
Sampling (4 threads)   6%|██                            |  ETA: 0:13:14
Sampling (4 threads)   7%|██▏                           |  ETA: 0:12:13
Sampling (4 threads)   8%|██▎                           |  ETA: 0:15:06
Sampling (4 threads)   8%|██▍                           |  ETA: 0:14:05
Sampling (4 threads)   8%|██▌                           |  ETA: 0:13:11
Sampling (4 threads)   9%|██▊                           |  ETA: 0:12:23
Sampling (4 threads)  10%|██▉                           |  ETA: 0:19:58
Sampling (4 threads)  10%|███                           |  ETA: 0:18:52
Sampling (4 threads)  10%|███▏                          |  ETA: 0:23:42
Sampling (4 threads)  11%|███▎                          |  ETA: 0:22:30
Sampling (4 threads)  12%|███▌                          |  ETA: 0:25:36
Sampling (4 threads)  12%|███▋                          |  ETA: 0:24:23
Sampling (4 threads)  12%|███▊                          |  ETA: 0:23:17
Sampling (4 threads)  13%|███▉                          |  ETA: 0:24:52
Sampling (4 threads)  14%|████                          |  ETA: 0:23:48
Sampling (4 threads)  14%|████▎                         |  ETA: 0:26:58
Sampling (4 threads)  14%|████▍                         |  ETA: 0:25:53
Sampling (4 threads)  15%|████▌                         |  ETA: 0:24:53
Sampling (4 threads)  16%|████▋                         |  ETA: 0:29:39
Sampling (4 threads)  16%|████▊                         |  ETA: 0:28:33
Sampling (4 threads)  16%|█████                         |  ETA: 0:27:31
Sampling (4 threads)  17%|█████▏                        |  ETA: 0:28:51
Sampling (4 threads)  18%|█████▎                        |  ETA: 0:27:51
Sampling (4 threads)  18%|█████▍                        |  ETA: 0:26:55
Sampling (4 threads)  18%|█████▌                        |  ETA: 0:28:52
Sampling (4 threads)  19%|█████▊                        |  ETA: 0:27:56
Sampling (4 threads)  20%|█████▉                        |  ETA: 0:29:21
Sampling (4 threads)  20%|██████                        |  ETA: 0:28:26
Sampling (4 threads)  20%|██████▏                       |  ETA: 0:27:34
Sampling (4 threads)  21%|██████▎                       |  ETA: 0:28:11
Sampling (4 threads)  22%|██████▌                       |  ETA: 0:27:21
Sampling (4 threads)  22%|██████▋                       |  ETA: 0:28:47
Sampling (4 threads)  22%|██████▊                       |  ETA: 0:27:57
Sampling (4 threads)  23%|██████▉                       |  ETA: 0:27:10
Sampling (4 threads)  24%|███████                       |  ETA: 0:29:09
Sampling (4 threads)  24%|███████▎                      |  ETA: 0:28:21
Sampling (4 threads)  24%|███████▍                      |  ETA: 0:29:05
Sampling (4 threads)  25%|███████▌                      |  ETA: 0:28:18
Sampling (4 threads)  26%|███████▋                      |  ETA: 0:27:34
Sampling (4 threads)  26%|███████▊                      |  ETA: 0:28:01
Sampling (4 threads)  26%|████████                      |  ETA: 0:27:18
Sampling (4 threads)  27%|████████▏                     |  ETA: 0:26:37
Sampling (4 threads)  28%|████████▎                     |  ETA: 0:27:17
Sampling (4 threads)  28%|████████▍                     |  ETA: 0:26:37
Sampling (4 threads)  28%|████████▌                     |  ETA: 0:25:58
Sampling (4 threads)  29%|████████▊                     |  ETA: 0:26:32
Sampling (4 threads)  30%|████████▉                     |  ETA: 0:25:54
Sampling (4 threads)  30%|█████████                     |  ETA: 0:25:17
Sampling (4 threads)  30%|█████████▏                    |  ETA: 0:25:41
Sampling (4 threads)  31%|█████████▎                    |  ETA: 0:25:05
Sampling (4 threads)  32%|█████████▌                    |  ETA: 0:25:02
Sampling (4 threads)  32%|█████████▋                    |  ETA: 0:24:28
Sampling (4 threads)  32%|█████████▊                    |  ETA: 0:23:55
Sampling (4 threads)  33%|█████████▉                    |  ETA: 0:24:05
Sampling (4 threads)  34%|██████████                    |  ETA: 0:23:33
Sampling (4 threads)  34%|██████████▎                   |  ETA: 0:24:20
Sampling (4 threads)  34%|██████████▍                   |  ETA: 0:23:48
Sampling (4 threads)  35%|██████████▌                   |  ETA: 0:23:17
Sampling (4 threads)  36%|██████████▋                   |  ETA: 0:23:46
Sampling (4 threads)  36%|██████████▊                   |  ETA: 0:23:16
Sampling (4 threads)  36%|███████████                   |  ETA: 0:22:46
Sampling (4 threads)  37%|███████████▏                  |  ETA: 0:22:55
Sampling (4 threads)  38%|███████████▎                  |  ETA: 0:22:26
Sampling (4 threads)  38%|███████████▍                  |  ETA: 0:22:44
Sampling (4 threads)  38%|███████████▌                  |  ETA: 0:22:15
Sampling (4 threads)  39%|███████████▊                  |  ETA: 0:21:47
Sampling (4 threads)  40%|███████████▉                  |  ETA: 0:21:50
Sampling (4 threads)  40%|████████████                  |  ETA: 0:21:23
Sampling (4 threads)  40%|████████████▏                 |  ETA: 0:21:32
Sampling (4 threads)  41%|████████████▎                 |  ETA: 0:21:05
Sampling (4 threads)  42%|████████████▌                 |  ETA: 0:21:44
Sampling (4 threads)  42%|████████████▋                 |  ETA: 0:21:18
Sampling (4 threads)  42%|████████████▊                 |  ETA: 0:20:52
Sampling (4 threads)  43%|████████████▉                 |  ETA: 0:20:26
Sampling (4 threads)  44%|█████████████                 |  ETA: 0:20:55
Sampling (4 threads)  44%|█████████████▎                |  ETA: 0:20:30
Sampling (4 threads)  44%|█████████████▍                |  ETA: 0:20:05
Sampling (4 threads)  45%|█████████████▌                |  ETA: 0:20:52
Sampling (4 threads)  46%|█████████████▋                |  ETA: 0:20:27
Sampling (4 threads)  46%|█████████████▊                |  ETA: 0:20:03
Sampling (4 threads)  46%|██████████████                |  ETA: 0:20:59
Sampling (4 threads)  47%|██████████████▏               |  ETA: 0:20:34
Sampling (4 threads)  48%|██████████████▎               |  ETA: 0:20:10
Sampling (4 threads)  48%|██████████████▍               |  ETA: 0:19:46
Sampling (4 threads)  48%|██████████████▌               |  ETA: 0:20:07
Sampling (4 threads)  49%|██████████████▊               |  ETA: 0:19:43
Sampling (4 threads)  50%|██████████████▉               |  ETA: 0:19:20
Sampling (4 threads)  50%|███████████████               |  ETA: 0:19:36
Sampling (4 threads)  50%|███████████████▏              |  ETA: 0:19:13
Sampling (4 threads)  51%|███████████████▎              |  ETA: 0:18:50
Sampling (4 threads)  52%|███████████████▌              |  ETA: 0:18:27
Sampling (4 threads)  52%|███████████████▋              |  ETA: 0:18:43
Sampling (4 threads)  52%|███████████████▊              |  ETA: 0:18:21
Sampling (4 threads)  53%|███████████████▉              |  ETA: 0:17:59
Sampling (4 threads)  54%|████████████████              |  ETA: 0:18:05
Sampling (4 threads)  54%|████████████████▎             |  ETA: 0:17:44
Sampling (4 threads)  55%|████████████████▍             |  ETA: 0:17:23
Sampling (4 threads)  55%|████████████████▌             |  ETA: 0:17:29
Sampling (4 threads)  56%|████████████████▋             |  ETA: 0:17:08
Sampling (4 threads)  56%|████████████████▊             |  ETA: 0:16:48
Sampling (4 threads)  56%|█████████████████             |  ETA: 0:16:27
Sampling (4 threads)  57%|█████████████████▏            |  ETA: 0:16:26
Sampling (4 threads)  57%|█████████████████▎            |  ETA: 0:16:06
Sampling (4 threads)  58%|█████████████████▍            |  ETA: 0:16:09
Sampling (4 threads)  58%|█████████████████▌            |  ETA: 0:15:49
Sampling (4 threads)  59%|█████████████████▊            |  ETA: 0:15:30
Sampling (4 threads)  60%|█████████████████▉            |  ETA: 0:15:21
Sampling (4 threads)  60%|██████████████████            |  ETA: 0:15:02
Sampling (4 threads)  60%|██████████████████▏           |  ETA: 0:14:57
Sampling (4 threads)  61%|██████████████████▎           |  ETA: 0:14:39
Sampling (4 threads)  62%|██████████████████▌           |  ETA: 0:14:20
Sampling (4 threads)  62%|██████████████████▋           |  ETA: 0:14:22
Sampling (4 threads)  62%|██████████████████▊           |  ETA: 0:14:03
Sampling (4 threads)  63%|██████████████████▉           |  ETA: 0:13:46
Sampling (4 threads)  64%|███████████████████           |  ETA: 0:13:42
Sampling (4 threads)  64%|███████████████████▎          |  ETA: 0:13:24
Sampling (4 threads)  64%|███████████████████▍          |  ETA: 0:13:07
Sampling (4 threads)  65%|███████████████████▌          |  ETA: 0:13:10
Sampling (4 threads)  66%|███████████████████▋          |  ETA: 0:12:53
Sampling (4 threads)  66%|███████████████████▊          |  ETA: 0:12:36
Sampling (4 threads)  66%|████████████████████          |  ETA: 0:12:28
Sampling (4 threads)  67%|████████████████████▏         |  ETA: 0:12:12
Sampling (4 threads)  68%|████████████████████▎         |  ETA: 0:12:14
Sampling (4 threads)  68%|████████████████████▍         |  ETA: 0:11:57
Sampling (4 threads)  68%|████████████████████▌         |  ETA: 0:11:41
Sampling (4 threads)  69%|████████████████████▊         |  ETA: 0:11:25
Sampling (4 threads)  70%|████████████████████▉         |  ETA: 0:11:21
Sampling (4 threads)  70%|█████████████████████         |  ETA: 0:11:05
Sampling (4 threads)  70%|█████████████████████▏        |  ETA: 0:11:06
Sampling (4 threads)  71%|█████████████████████▎        |  ETA: 0:10:50
Sampling (4 threads)  72%|█████████████████████▌        |  ETA: 0:10:35
Sampling (4 threads)  72%|█████████████████████▋        |  ETA: 0:10:32
Sampling (4 threads)  72%|█████████████████████▊        |  ETA: 0:10:16
Sampling (4 threads)  73%|█████████████████████▉        |  ETA: 0:10:01
Sampling (4 threads)  74%|██████████████████████        |  ETA: 0:09:59
Sampling (4 threads)  74%|██████████████████████▎       |  ETA: 0:09:43
Sampling (4 threads)  74%|██████████████████████▍       |  ETA: 0:09:28
Sampling (4 threads)  75%|██████████████████████▌       |  ETA: 0:09:20
Sampling (4 threads)  76%|██████████████████████▋       |  ETA: 0:09:05
Sampling (4 threads)  76%|██████████████████████▊       |  ETA: 0:09:03
Sampling (4 threads)  76%|███████████████████████       |  ETA: 0:08:48
Sampling (4 threads)  77%|███████████████████████▏      |  ETA: 0:08:34
Sampling (4 threads)  78%|███████████████████████▎      |  ETA: 0:08:27
Sampling (4 threads)  78%|███████████████████████▍      |  ETA: 0:08:12
Sampling (4 threads)  78%|███████████████████████▌      |  ETA: 0:07:58
Sampling (4 threads)  79%|███████████████████████▊      |  ETA: 0:07:54
Sampling (4 threads)  80%|███████████████████████▉      |  ETA: 0:07:40
Sampling (4 threads)  80%|████████████████████████      |  ETA: 0:07:26
Sampling (4 threads)  80%|████████████████████████▏     |  ETA: 0:07:21
Sampling (4 threads)  81%|████████████████████████▎     |  ETA: 0:07:07
Sampling (4 threads)  82%|████████████████████████▌     |  ETA: 0:07:02
Sampling (4 threads)  82%|████████████████████████▋     |  ETA: 0:06:49
Sampling (4 threads)  82%|████████████████████████▊     |  ETA: 0:06:35
Sampling (4 threads)  83%|████████████████████████▉     |  ETA: 0:06:24
Sampling (4 threads)  84%|█████████████████████████     |  ETA: 0:06:10
Sampling (4 threads)  84%|█████████████████████████▎    |  ETA: 0:05:59
Sampling (4 threads)  84%|█████████████████████████▍    |  ETA: 0:05:46
Sampling (4 threads)  85%|█████████████████████████▌    |  ETA: 0:05:36
Sampling (4 threads)  86%|█████████████████████████▋    |  ETA: 0:05:23
Sampling (4 threads)  86%|█████████████████████████▊    |  ETA: 0:05:14
Sampling (4 threads)  86%|██████████████████████████    |  ETA: 0:05:01
Sampling (4 threads)  87%|██████████████████████████▏   |  ETA: 0:04:51
Sampling (4 threads)  88%|██████████████████████████▎   |  ETA: 0:04:38
Sampling (4 threads)  88%|██████████████████████████▍   |  ETA: 0:04:26
Sampling (4 threads)  88%|██████████████████████████▌   |  ETA: 0:04:15
Sampling (4 threads)  89%|██████████████████████████▊   |  ETA: 0:04:03
Sampling (4 threads)  90%|██████████████████████████▉   |  ETA: 0:03:53
Sampling (4 threads)  90%|███████████████████████████   |  ETA: 0:03:41
Sampling (4 threads)  90%|███████████████████████████▏  |  ETA: 0:03:29
Sampling (4 threads)  91%|███████████████████████████▎  |  ETA: 0:03:20
Sampling (4 threads)  92%|███████████████████████████▌  |  ETA: 0:03:08
Sampling (4 threads)  92%|███████████████████████████▋  |  ETA: 0:02:56
Sampling (4 threads)  92%|███████████████████████████▊  |  ETA: 0:02:47
Sampling (4 threads)  93%|███████████████████████████▉  |  ETA: 0:02:35
Sampling (4 threads)  94%|████████████████████████████  |  ETA: 0:02:23
Sampling (4 threads)  94%|████████████████████████████▎ |  ETA: 0:02:12
Sampling (4 threads)  94%|████████████████████████████▍ |  ETA: 0:02:01
Sampling (4 threads)  95%|████████████████████████████▌ |  ETA: 0:01:51
Sampling (4 threads)  96%|████████████████████████████▋ |  ETA: 0:01:40
Sampling (4 threads)  96%|████████████████████████████▊ |  ETA: 0:01:29
Sampling (4 threads)  96%|█████████████████████████████ |  ETA: 0:01:18
Sampling (4 threads)  97%|█████████████████████████████▏|  ETA: 0:01:07
Sampling (4 threads)  98%|█████████████████████████████▎|  ETA: 0:00:56
Sampling (4 threads)  98%|█████████████████████████████▍|  ETA: 0:00:45
Sampling (4 threads)  98%|█████████████████████████████▌|  ETA: 0:00:34
Sampling (4 threads)  99%|█████████████████████████████▊|  ETA: 0:00:23
Sampling (4 threads) 100%|█████████████████████████████▉|  ETA: 0:00:11
Sampling (4 threads) 100%|██████████████████████████████| Time: 0:38:41
Sampling (4 threads) 100%|██████████████████████████████| Time: 0:38:42
