Running on host compute351.bc4.acrc.priv
Time is Fri Sep 1 17:35:40 BST 2023
Directory is /user/home/em18564/BC4/Bayes/experiments/hier_e
Slurm job ID is 11850323
This job runs on the following machines:
compute351
    Updating registry at `~/.julia/registries/General.toml`
   Resolving package versions...
  No Changes to `~/.julia/environments/v1.8/Project.toml`
  No Changes to `~/.julia/environments/v1.8/Manifest.toml`
   Resolving package versions...
  No Changes to `~/.julia/environments/v1.8/Project.toml`
  No Changes to `~/.julia/environments/v1.8/Manifest.toml`
   Resolving package versions...
  No Changes to `~/.julia/environments/v1.8/Project.toml`
  No Changes to `~/.julia/environments/v1.8/Manifest.toml`
   Resolving package versions...
  No Changes to `~/.julia/environments/v1.8/Project.toml`
  No Changes to `~/.julia/environments/v1.8/Manifest.toml`
   Resolving package versions...
  No Changes to `~/.julia/environments/v1.8/Project.toml`
  No Changes to `~/.julia/environments/v1.8/Manifest.toml`
   Resolving package versions...
  No Changes to `~/.julia/environments/v1.8/Project.toml`
  No Changes to `~/.julia/environments/v1.8/Manifest.toml`
   Resolving package versions...
  No Changes to `~/.julia/environments/v1.8/Project.toml`
  No Changes to `~/.julia/environments/v1.8/Manifest.toml`
   Resolving package versions...
  No Changes to `~/.julia/environments/v1.8/Project.toml`
  No Changes to `~/.julia/environments/v1.8/Manifest.toml`
   Resolving package versions...
  No Changes to `~/.julia/environments/v1.8/Project.toml`
  No Changes to `~/.julia/environments/v1.8/Manifest.toml`
   Resolving package versions...
  No Changes to `~/.julia/environments/v1.8/Project.toml`
  No Changes to `~/.julia/environments/v1.8/Manifest.toml`
   Resolving package versions...
  No Changes to `~/.julia/environments/v1.8/Project.toml`
  No Changes to `~/.julia/environments/v1.8/Manifest.toml`
   Resolving package versions...
  No Changes to `~/.julia/environments/v1.8/Project.toml`
  No Changes to `~/.julia/environments/v1.8/Manifest.toml`
   Resolving package versions...
  No Changes to `~/.julia/environments/v1.8/Project.toml`
  No Changes to `~/.julia/environments/v1.8/Manifest.toml`
Sampling (4 threads)   0%|                              |  ETA: N/A
┌ Info: Found initial step size
└   ϵ = 0.00078125
┌ Info: Found initial step size
└   ϵ = 0.00078125
┌ Info: Found initial step size
└   ϵ = 0.0125
┌ Info: Found initial step size
└   ϵ = 0.00078125
Sampling (4 threads)  25%|███████▌                      |  ETA: 1:10:41
Sampling (4 threads)  50%|███████████████               |  ETA: 0:28:54
Sampling (4 threads)  75%|██████████████████████▌       |  ETA: 0:47:42
Sampling (4 threads) 100%|██████████████████████████████| Time: 2:46:50
Sampling (4 threads) 100%|██████████████████████████████| Time: 2:46:51
Chains MCMC chain (250×67×4 Array{Float64, 3}):

Iterations        = 126:1:375
Number of chains  = 4
Samples per chain = 250
Wall duration     = 9988.43 seconds
Compute duration  = 21638.81 seconds
parameters        = a, b, a_w, b_w, σ_w[1], σ_w[2], ρ_w[1,1], ρ_w[2,1], ρ_w[1,2], ρ_w[2,2], ab_w[1,1], ab_w[2,1], ab_w[1,2], ab_w[2,2], a_p, b_p, σ_p[1], σ_p[2], ρ_p[1,1], ρ_p[2,1], ρ_p[1,2], ρ_p[2,2], ab_p[1,1], ab_p[2,1], ab_p[1,2], ab_p[2,2], ab_p[1,3], ab_p[2,3], ab_p[1,4], ab_p[2,4], ab_p[1,5], ab_p[2,5], ab_p[1,6], ab_p[2,6], a_e, b_e, σ_e[1], σ_e[2], ρ_e[1,1], ρ_e[2,1], ρ_e[1,2], ρ_e[2,2], ab_e[1,1], ab_e[2,1], ab_e[1,2], ab_e[2,2], ab_e[1,3], ab_e[2,3], ab_e[1,4], ab_e[2,4], ab_e[1,5], ab_e[2,5], ab_e[1,6], ab_e[2,6], σ
internals         = lp, n_steps, is_accept, acceptance_rate, log_density, hamiltonian_energy, hamiltonian_energy_error, max_hamiltonian_energy_error, tree_depth, numerical_error, step_size, nom_step_size

Summary Statistics
  parameters      mean       std   naive_se      mcse        ess      rhat   ess_per_sec
      Symbol   Float64   Float64    Float64   Float64    Float64   Float64       Float64

           a   -0.2935    0.6385     0.0202    0.0712    31.3247    1.1213        0.0014
           b    0.1086    0.2330     0.0074    0.0161   112.4856    1.0615        0.0052
         a_w    0.5729    1.6385     0.0518    0.2736     4.8332    2.7735        0.0002
         b_w   -0.1408    0.3521     0.0111    0.0452     8.2991    1.4644        0.0004
      σ_w[1]    2.1275    1.4931     0.0472    0.2439     5.5145    2.0713        0.0003
      σ_w[2]    0.1960    0.2484     0.0079    0.0302    10.5677    1.3079        0.0005
    ρ_w[1,1]    1.0000    0.0000     0.0000    0.0000        NaN       NaN           NaN
    ρ_w[2,1]   -0.1242    0.3693     0.0117    0.0261    36.1269    1.0827        0.0017
    ρ_w[1,2]   -0.1242    0.3693     0.0117    0.0261    36.1269    1.0827        0.0017
    ρ_w[2,2]    1.0000    0.0000     0.0000    0.0000   477.6058    0.9960        0.0221
   ab_w[1,1]    3.2913    0.9474     0.0300    0.1508     7.6448    1.5384        0.0004
   ab_w[2,1]   -0.1229    0.3585     0.0113    0.0475     7.9721    1.4945        0.0004
   ab_w[1,2]    1.1420    3.1450     0.0995    0.5567     4.3356    5.2562        0.0002
   ab_w[2,2]   -0.1055    0.3543     0.0112    0.0466     8.1308    1.4789        0.0004
         a_p    1.3934    0.9996     0.0316    0.1614     7.0038    1.6308        0.0003
         b_p    0.1280    0.3672     0.0116    0.0495     7.6380    1.5319        0.0004
      σ_p[1]    0.0092    0.0106     0.0003    0.0013     9.2731    1.4091        0.0004
      σ_p[2]    0.0127    0.0097     0.0003    0.0009    24.3102    1.1424        0.0011
    ρ_p[1,1]    1.0000    0.0000     0.0000    0.0000        NaN       NaN           NaN
    ρ_p[2,1]    0.0724    0.3202     0.0101    0.0214    54.5520    1.0681        0.0025
    ρ_p[1,2]    0.0724    0.3202     0.0101    0.0214    54.5520    1.0681        0.0025
    ρ_p[2,2]    1.0000    0.0000     0.0000    0.0000   366.3957    0.9960        0.0169
   ab_p[1,1]    1.3939    0.9996     0.0316    0.1614     7.0063    1.6303        0.0003
   ab_p[2,1]    0.1240    0.3603     0.0114    0.0479     7.9306    1.4995        0.0004
   ab_p[1,2]    1.3933    1.0000     0.0316    0.1614     7.0139    1.6292        0.0003
   ab_p[2,2]    0.1254    0.3642     0.0115    0.0489     7.6987    1.5241        0.0004
   ab_p[1,3]    1.3928    0.9997     0.0316    0.1614     7.0036    1.6306        0.0003
   ab_p[2,3]    0.1299    0.3696     0.0117    0.0501     7.5572    1.5414        0.0003
   ab_p[1,4]    1.3940    0.9998     0.0316    0.1614     7.0064    1.6304        0.0003
   ab_p[2,4]    0.1258    0.3675     0.0116    0.0495     7.6330    1.5314        0.0004
   ab_p[1,5]    1.3940    0.9997     0.0316    0.1614     6.9999    1.6311        0.0003
   ab_p[2,5]    0.1267    0.3655     0.0116    0.0491     7.7112    1.5241        0.0004
   ab_p[1,6]    1.3937    0.9998     0.0316    0.1615     7.0001    1.6314        0.0003
   ab_p[2,6]    0.1315    0.3700     0.0117    0.0502     7.5127    1.5468        0.0003
         a_e    0.4603    0.6763     0.0214    0.0818    15.9243    1.2166        0.0007
         b_e    0.0223    0.2320     0.0073    0.0158    71.8093    1.0645        0.0033
      σ_e[1]    0.4644    0.1661     0.0053    0.0143    22.9355    1.1533        0.0011
      σ_e[2]    0.3038    0.0971     0.0031    0.0068    48.0557    1.0649        0.0022
    ρ_e[1,1]    1.0000    0.0000     0.0000    0.0000        NaN       NaN           NaN
    ρ_e[2,1]   -0.1393    0.3412     0.0108    0.0437     7.9523    1.4776        0.0004
    ρ_e[1,2]   -0.1393    0.3412     0.0108    0.0437     7.9523    1.4776        0.0004
    ρ_e[2,2]    1.0000    0.0000     0.0000    0.0000   185.9465    0.9960        0.0086
   ab_e[1,1]   -0.1452    0.6399     0.0202    0.0705    33.5830    1.1150        0.0016
   ab_e[2,1]   -0.0508    0.2501     0.0079    0.0224    22.3310    1.1414        0.0010
   ab_e[1,2]    0.8469    0.6756     0.0214    0.0808    18.1808    1.1869        0.0008
   ab_e[2,2]   -0.1169    0.2397     0.0076    0.0166    98.4617    1.0639        0.0046
   ab_e[1,3]    0.2779    0.6456     0.0204    0.0724    30.2331    1.1254        0.0014
   ab_e[2,3]   -0.2269    0.2393     0.0076    0.0154   290.4734    1.0492        0.0134
   ab_e[1,4]    0.3532    0.6396     0.0202    0.0720    30.1666    1.1244        0.0014
   ab_e[2,4]    0.1662    0.2251     0.0071    0.0121   372.4555    1.0194        0.0172
   ab_e[1,5]    0.3297    0.6436     0.0204    0.0725    27.5781    1.1315        0.0013
   ab_e[2,5]   -0.0017    0.2441     0.0077    0.0180    56.4218    1.0854        0.0026
   ab_e[1,6]    0.5478    0.6364     0.0201    0.0702    35.4687    1.1112        0.0016
   ab_e[2,6]    0.3126    0.2370     0.0075    0.0171    76.0857    1.0671        0.0035
           σ    4.6929    0.0761     0.0024    0.0133     4.3875    4.5275        0.0002

Quantiles
  parameters      2.5%     25.0%     50.0%     75.0%     97.5%
      Symbol   Float64   Float64   Float64   Float64   Float64

           a   -1.4295   -0.5940   -0.4673   -0.0737    1.3072
           b   -0.3990    0.0295    0.0822    0.2297    0.5852
         a_w   -1.5866   -1.2705   -0.1275    2.0814    3.1793
         b_w   -0.5637   -0.5637   -0.0860    0.0437    0.6303
      σ_w[1]    0.0120    0.3417    3.0848    3.6518    3.6518
      σ_w[2]    0.0077    0.0150    0.0665    0.4131    0.6938
    ρ_w[1,1]    1.0000    1.0000    1.0000    1.0000    1.0000
    ρ_w[2,1]   -0.7669   -0.3369   -0.1482   -0.0360    0.7583
    ρ_w[1,2]   -0.7669   -0.3369   -0.1482   -0.0360    0.7583
    ρ_w[2,2]    1.0000    1.0000    1.0000    1.0000    1.0000
   ab_w[1,1]    1.5109    2.7509    3.0176    4.4302    4.6643
   ab_w[2,1]   -0.5703   -0.5703   -0.0045    0.0434    0.6203
   ab_w[1,2]   -4.1826   -0.5643    2.7414    3.0445    4.6390
   ab_w[2,2]   -0.5445   -0.5445    0.0262    0.0581    0.6132
         a_p    0.0537    0.1149    1.6960    1.9707    3.2091
         b_p   -0.6209   -0.0406    0.0022    0.5958    0.5958
      σ_p[1]    0.0017    0.0024    0.0030    0.0132    0.0394
      σ_p[2]    0.0049    0.0073    0.0096    0.0135    0.0390
    ρ_p[1,1]    1.0000    1.0000    1.0000    1.0000    1.0000
    ρ_p[2,1]   -0.6952   -0.0099    0.1369    0.2258    0.7028
    ρ_p[1,2]   -0.6952   -0.0099    0.1369    0.2258    0.7028
    ρ_p[2,2]    1.0000    1.0000    1.0000    1.0000    1.0000
   ab_p[1,1]    0.0649    0.1146    1.6980    1.9663    3.2101
   ab_p[2,1]   -0.6204   -0.0414    0.0117    0.5747    0.5747
   ab_p[1,2]    0.0532    0.1133    1.6954    1.9657    3.2157
   ab_p[2,2]   -0.6287   -0.0421    0.0012    0.5874    0.5874
   ab_p[1,3]    0.0599    0.1150    1.6953    1.9764    3.2031
   ab_p[2,3]   -0.6190   -0.0387    0.0054    0.6032    0.6032
   ab_p[1,4]    0.0460    0.1167    1.6969    1.9777    3.2163
   ab_p[2,4]   -0.6210   -0.0373   -0.0032    0.5942    0.5942
   ab_p[1,5]    0.0422    0.1146    1.6976    1.9684    3.1942
   ab_p[2,5]   -0.6251   -0.0409    0.0034    0.5904    0.5904
   ab_p[1,6]    0.0461    0.1154    1.6987    1.9728    3.1971
   ab_p[2,6]   -0.6177   -0.0377    0.0057    0.6064    0.6064
         a_e   -1.2643    0.1550    0.7063    0.8857    1.4438
         b_e   -0.4546   -0.1001    0.0486    0.1120    0.5531
      σ_e[1]    0.2232    0.3795    0.4049    0.5986    0.8201
      σ_e[2]    0.1401    0.2410    0.3270    0.3393    0.5272
    ρ_e[1,1]    1.0000    1.0000    1.0000    1.0000    1.0000
    ρ_e[2,1]   -0.5177   -0.4019   -0.3514    0.1208    0.6297
    ρ_e[1,2]   -0.5177   -0.4019   -0.3514    0.1208    0.6297
    ρ_e[2,2]    1.0000    1.0000    1.0000    1.0000    1.0000
   ab_e[1,1]   -1.7328   -0.3637   -0.0107    0.1779    1.0139
   ab_e[2,1]   -0.5382   -0.2362   -0.0072    0.0827    0.4836
   ab_e[1,2]   -0.8582    0.5416    1.0103    1.2909    1.9203
   ab_e[2,2]   -0.5862   -0.2420   -0.1181   -0.0434    0.4553
   ab_e[1,3]   -1.2665    0.0473    0.5255    0.5287    1.4244
   ab_e[2,3]   -0.7402   -0.3310   -0.2221   -0.1400    0.3088
   ab_e[1,4]   -1.2561    0.0930    0.5832    0.6098    1.4317
   ab_e[2,4]   -0.2880    0.1052    0.1523    0.1916    0.6900
   ab_e[1,5]   -1.2468    0.0863    0.5340    0.6285    1.4390
   ab_e[2,5]   -0.4486   -0.1426   -0.0189    0.0816    0.5854
   ab_e[1,6]   -1.0285    0.3279    0.7567    0.7956    1.7046
   ab_e[2,6]   -0.1808    0.2049    0.3061    0.4290    0.8089
           σ    4.5507    4.6553    4.7234    4.7412    4.7791

