cpu-bind=MASK - bp1-compute084, task  0  0 [2304063]: mask 0xc00000c00000 set
cpu-bind=MASK - bp1-compute084, task  0  0 [2304062]: mask 0x300000300000 set
Running on host bp1-compute084
Time is Thu May 14 18:15:23 BST 2026
Directory is /user/home/em18564/bayesian/BC4/Bayes/wordType_experiments/models/2_baseModel_lowerCauchy
Slurm job ID is 17317333
This job runs on the following machines:
Running on host bp1-compute084
Time is Thu May 14 18:15:23 BST 2026
Directory is /user/home/em18564/bayesian/BC4/Bayes/wordType_experiments/models/2_baseModel_lowerCauchy
Slurm job ID is 17317332
This job runs on the following machines:
bp1-compute084
bp1-compute084
┌ Warning: Runtime invalidation was disabled, but the CPU info is out-of-date.
│ Will continue with incorrect CPU name (from build time).
└ @ HostCPUFeatures ~/.julia/packages/HostCPUFeatures/ZTXz4/src/cpu_info.jl:71
┌ Warning: Runtime invalidation was disabled, but the CPU info is out-of-date.
│ Will continue with incorrect CPU feature flag: +avx512vnni.
└ @ HostCPUFeatures ~/.julia/packages/HostCPUFeatures/ZTXz4/src/cpu_info.jl:56
┌ Warning: Runtime invalidation was disabled, but the CPU info is out-of-date.
│ Will continue with incorrect CPU feature flag: -rtm.
└ @ HostCPUFeatures ~/.julia/packages/HostCPUFeatures/ZTXz4/src/cpu_info.jl:56
Sampling (4 threads)   0%|                              |  ETA: N/A
┌ Info: Found initial step size
└   ϵ = 0.00625
┌ Info: Found initial step size
└   ϵ = 0.0001953125
┌ Info: Found initial step size
└   ϵ = 0.00625
┌ Info: Found initial step size
└   ϵ = 0.00625
Sampling (4 threads)   0%|▏                             |  ETA: 2:43:34
Sampling (4 threads)   1%|▎                             |  ETA: 1:21:28
Sampling (4 threads)   2%|▌                             |  ETA: 0:54:02
Sampling (4 threads)   2%|▋                             |  ETA: 0:43:32
Sampling (4 threads)   2%|▊                             |  ETA: 0:34:39
Sampling (4 threads)   3%|▉                             |  ETA: 0:28:44
Sampling (4 threads)   4%|█                             |  ETA: 0:29:46
Sampling (4 threads)   4%|█▎                            |  ETA: 0:25:55
Sampling (4 threads)   4%|█▍                            |  ETA: 0:22:55
Sampling (4 threads)   5%|█▌                            |  ETA: 0:20:31
Sampling (4 threads)   6%|█▋                            |  ETA: 0:20:14
Sampling (4 threads)   6%|█▊                            |  ETA: 0:18:27
Sampling (4 threads)   6%|██                            |  ETA: 0:17:49
Sampling (4 threads)   7%|██▏                           |  ETA: 0:16:27
Sampling (4 threads)   8%|██▎                           |  ETA: 0:16:41
Sampling (4 threads)   8%|██▍                           |  ETA: 0:15:34
Sampling (4 threads)   8%|██▌                           |  ETA: 0:15:21
Sampling (4 threads)   9%|██▊                           |  ETA: 0:14:26
Sampling (4 threads)  10%|██▉                           |  ETA: 0:13:35
Sampling (4 threads)  10%|███                           |  ETA: 0:17:41
Sampling (4 threads)  10%|███▏                          |  ETA: 0:16:45
Sampling (4 threads)  11%|███▎                          |  ETA: 0:15:54
Sampling (4 threads)  12%|███▌                          |  ETA: 0:29:15
Sampling (4 threads)  12%|███▋                          |  ETA: 0:27:52
Sampling (4 threads)  12%|███▊                          |  ETA: 0:26:36
Sampling (4 threads)  13%|███▉                          |  ETA: 0:25:26
Sampling (4 threads)  14%|████                          |  ETA: 0:41:02
Sampling (4 threads)  14%|████▎                         |  ETA: 0:39:20
Sampling (4 threads)  14%|████▍                         |  ETA: 0:37:45
Sampling (4 threads)  15%|████▌                         |  ETA: 0:45:38
Sampling (4 threads)  16%|████▋                         |  ETA: 0:43:54
Sampling (4 threads)  16%|████▊                         |  ETA: 0:48:26
Sampling (4 threads)  16%|█████                         |  ETA: 0:46:41
Sampling (4 threads)  17%|█████▏                        |  ETA: 0:45:02
Sampling (4 threads)  18%|█████▎                        |  ETA: 0:52:15
Sampling (4 threads)  18%|█████▍                        |  ETA: 0:50:29
Sampling (4 threads)  18%|█████▌                        |  ETA: 0:48:49
Sampling (4 threads)  19%|█████▊                        |  ETA: 0:55:24
Sampling (4 threads)  20%|█████▉                        |  ETA: 0:53:38
Sampling (4 threads)  20%|██████                        |  ETA: 0:55:35
Sampling (4 threads)  20%|██████▏                       |  ETA: 0:53:53
Sampling (4 threads)  21%|██████▎                       |  ETA: 0:59:15
Sampling (4 threads)  22%|██████▌                       |  ETA: 0:57:30
Sampling (4 threads)  22%|██████▋                       |  ETA: 0:55:50
Sampling (4 threads)  22%|██████▊                       |  ETA: 0:54:15
Sampling (4 threads)  23%|██████▉                       |  ETA: 0:57:41
Sampling (4 threads)  24%|███████                       |  ETA: 0:56:05
Sampling (4 threads)  24%|███████▎                      |  ETA: 0:54:33
Sampling (4 threads)  24%|███████▍                      |  ETA: 0:57:40
Sampling (4 threads)  25%|███████▌                      |  ETA: 0:56:08
Sampling (4 threads)  26%|███████▋                      |  ETA: 0:54:40
Sampling (4 threads)  26%|███████▊                      |  ETA: 0:56:14
Sampling (4 threads)  26%|████████                      |  ETA: 0:54:48
Sampling (4 threads)  27%|████████▏                     |  ETA: 0:58:07
Sampling (4 threads)  28%|████████▎                     |  ETA: 0:56:40
Sampling (4 threads)  28%|████████▍                     |  ETA: 0:55:16
Sampling (4 threads)  28%|████████▌                     |  ETA: 0:59:30
Sampling (4 threads)  29%|████████▊                     |  ETA: 0:58:04
Sampling (4 threads)  30%|████████▉                     |  ETA: 0:56:41
Sampling (4 threads)  30%|█████████                     |  ETA: 1:01:41
Sampling (4 threads)  30%|█████████▏                    |  ETA: 1:00:15
Sampling (4 threads)  31%|█████████▎                    |  ETA: 0:58:51
Sampling (4 threads)  32%|█████████▌                    |  ETA: 0:57:29
Sampling (4 threads)  32%|█████████▋                    |  ETA: 1:01:16
Sampling (4 threads)  32%|█████████▊                    |  ETA: 0:59:52
Sampling (4 threads)  33%|█████████▉                    |  ETA: 0:58:32
Sampling (4 threads)  34%|██████████                    |  ETA: 1:00:48
Sampling (4 threads)  34%|██████████▎                   |  ETA: 0:59:27
Sampling (4 threads)  34%|██████████▍                   |  ETA: 1:01:53
Sampling (4 threads)  35%|██████████▌                   |  ETA: 1:00:32
Sampling (4 threads)  36%|██████████▋                   |  ETA: 0:59:13
Sampling (4 threads)  36%|██████████▊                   |  ETA: 1:00:15
Sampling (4 threads)  36%|███████████                   |  ETA: 0:58:58
Sampling (4 threads)  37%|███████████▏                  |  ETA: 0:59:33
Sampling (4 threads)  38%|███████████▎                  |  ETA: 0:58:18
Sampling (4 threads)  38%|███████████▍                  |  ETA: 0:57:04
Sampling (4 threads)  38%|███████████▌                  |  ETA: 0:57:43
Sampling (4 threads)  39%|███████████▊                  |  ETA: 0:56:31
Sampling (4 threads)  40%|███████████▉                  |  ETA: 0:55:20
Sampling (4 threads)  40%|████████████                  |  ETA: 0:56:55
Sampling (4 threads)  40%|████████████▏                 |  ETA: 0:55:45
Sampling (4 threads)  41%|████████████▎                 |  ETA: 0:59:23
Sampling (4 threads)  42%|████████████▌                 |  ETA: 0:58:10
Sampling (4 threads)  42%|████████████▋                 |  ETA: 0:56:59
Sampling (4 threads)  42%|████████████▊                 |  ETA: 0:55:50
Sampling (4 threads)  43%|████████████▉                 |  ETA: 0:57:41
Sampling (4 threads)  44%|█████████████                 |  ETA: 0:56:31
Sampling (4 threads)  44%|█████████████▎                |  ETA: 0:57:59
Sampling (4 threads)  44%|█████████████▍                |  ETA: 0:56:49
Sampling (4 threads)  45%|█████████████▌                |  ETA: 0:55:41
Sampling (4 threads)  46%|█████████████▋                |  ETA: 0:56:27
Sampling (4 threads)  46%|█████████████▊                |  ETA: 0:55:19
Sampling (4 threads)  46%|██████████████                |  ETA: 0:56:19
Sampling (4 threads)  47%|██████████████▏               |  ETA: 0:55:12
Sampling (4 threads)  48%|██████████████▎               |  ETA: 0:54:06
Sampling (4 threads)  48%|██████████████▍               |  ETA: 0:54:45
Sampling (4 threads)  48%|██████████████▌               |  ETA: 0:53:39
Sampling (4 threads)  49%|██████████████▊               |  ETA: 0:54:24
Sampling (4 threads)  50%|██████████████▉               |  ETA: 0:53:19
Sampling (4 threads)  50%|███████████████               |  ETA: 0:53:38
Sampling (4 threads)  50%|███████████████▏              |  ETA: 0:52:35
Sampling (4 threads)  51%|███████████████▎              |  ETA: 0:53:14
Sampling (4 threads)  52%|███████████████▌              |  ETA: 0:52:10
Sampling (4 threads)  52%|███████████████▋              |  ETA: 0:52:23
Sampling (4 threads)  52%|███████████████▊              |  ETA: 0:51:21
Sampling (4 threads)  53%|███████████████▉              |  ETA: 0:50:19
Sampling (4 threads)  54%|████████████████              |  ETA: 0:49:19
Sampling (4 threads)  54%|████████████████▎             |  ETA: 0:49:46
Sampling (4 threads)  55%|████████████████▍             |  ETA: 0:48:46
Sampling (4 threads)  55%|████████████████▌             |  ETA: 0:49:28
Sampling (4 threads)  56%|████████████████▋             |  ETA: 0:48:29
Sampling (4 threads)  56%|████████████████▊             |  ETA: 0:47:31
Sampling (4 threads)  56%|█████████████████             |  ETA: 0:47:37
Sampling (4 threads)  57%|█████████████████▏            |  ETA: 0:46:40
Sampling (4 threads)  57%|█████████████████▎            |  ETA: 0:45:43
Sampling (4 threads)  58%|█████████████████▍            |  ETA: 0:46:02
Sampling (4 threads)  58%|█████████████████▌            |  ETA: 0:45:06
Sampling (4 threads)  59%|█████████████████▊            |  ETA: 0:44:11
Sampling (4 threads)  60%|█████████████████▉            |  ETA: 0:44:38
Sampling (4 threads)  60%|██████████████████            |  ETA: 0:43:43
Sampling (4 threads)  60%|██████████████████▏           |  ETA: 0:44:11
Sampling (4 threads)  61%|██████████████████▎           |  ETA: 0:43:16
Sampling (4 threads)  62%|██████████████████▌           |  ETA: 0:42:21
Sampling (4 threads)  62%|██████████████████▋           |  ETA: 0:42:51
Sampling (4 threads)  62%|██████████████████▊           |  ETA: 0:41:57
Sampling (4 threads)  63%|██████████████████▉           |  ETA: 0:41:04
Sampling (4 threads)  64%|███████████████████           |  ETA: 0:41:01
Sampling (4 threads)  64%|███████████████████▎          |  ETA: 0:40:08
Sampling (4 threads)  64%|███████████████████▍          |  ETA: 0:40:09
Sampling (4 threads)  65%|███████████████████▌          |  ETA: 0:39:17
Sampling (4 threads)  66%|███████████████████▋          |  ETA: 0:39:54
Sampling (4 threads)  66%|███████████████████▊          |  ETA: 0:39:01
Sampling (4 threads)  66%|████████████████████          |  ETA: 0:38:09
Sampling (4 threads)  67%|████████████████████▏         |  ETA: 0:37:52
Sampling (4 threads)  68%|████████████████████▎         |  ETA: 0:37:01
Sampling (4 threads)  68%|████████████████████▍         |  ETA: 0:36:11
Sampling (4 threads)  68%|████████████████████▌         |  ETA: 0:36:12
Sampling (4 threads)  69%|████████████████████▊         |  ETA: 0:35:22
Sampling (4 threads)  70%|████████████████████▉         |  ETA: 0:34:33
Sampling (4 threads)  70%|█████████████████████         |  ETA: 0:34:45
Sampling (4 threads)  70%|█████████████████████▏        |  ETA: 0:33:56
Sampling (4 threads)  71%|█████████████████████▎        |  ETA: 0:33:07
Sampling (4 threads)  72%|█████████████████████▌        |  ETA: 0:32:57
Sampling (4 threads)  72%|█████████████████████▋        |  ETA: 0:32:09
Sampling (4 threads)  72%|█████████████████████▊        |  ETA: 0:32:05
Sampling (4 threads)  73%|█████████████████████▉        |  ETA: 0:31:17
Sampling (4 threads)  74%|██████████████████████        |  ETA: 0:30:30
Sampling (4 threads)  74%|██████████████████████▎       |  ETA: 0:30:19
Sampling (4 threads)  74%|██████████████████████▍       |  ETA: 0:29:32
Sampling (4 threads)  75%|██████████████████████▌       |  ETA: 0:28:45
Sampling (4 threads)  76%|██████████████████████▋       |  ETA: 0:28:41
Sampling (4 threads)  76%|██████████████████████▊       |  ETA: 0:27:55
Sampling (4 threads)  76%|███████████████████████       |  ETA: 0:27:44
Sampling (4 threads)  77%|███████████████████████▏      |  ETA: 0:26:58
Sampling (4 threads)  78%|███████████████████████▎      |  ETA: 0:26:54
Sampling (4 threads)  78%|███████████████████████▍      |  ETA: 0:26:08
Sampling (4 threads)  78%|███████████████████████▌      |  ETA: 0:25:23
Sampling (4 threads)  79%|███████████████████████▊      |  ETA: 0:24:38
Sampling (4 threads)  80%|███████████████████████▉      |  ETA: 0:24:18
Sampling (4 threads)  80%|████████████████████████      |  ETA: 0:23:33
Sampling (4 threads)  80%|████████████████████████▏     |  ETA: 0:23:22
Sampling (4 threads)  81%|████████████████████████▎     |  ETA: 0:22:38
Sampling (4 threads)  82%|████████████████████████▌     |  ETA: 0:22:26
Sampling (4 threads)  82%|████████████████████████▋     |  ETA: 0:21:42
Sampling (4 threads)  82%|████████████████████████▊     |  ETA: 0:20:58
Sampling (4 threads)  83%|████████████████████████▉     |  ETA: 0:20:15
Sampling (4 threads)  84%|█████████████████████████     |  ETA: 0:19:59
Sampling (4 threads)  84%|█████████████████████████▎    |  ETA: 0:19:16
Sampling (4 threads)  84%|█████████████████████████▍    |  ETA: 0:18:42
Sampling (4 threads)  85%|█████████████████████████▌    |  ETA: 0:17:59
Sampling (4 threads)  86%|█████████████████████████▋    |  ETA: 0:17:33
Sampling (4 threads)  86%|█████████████████████████▊    |  ETA: 0:16:51
Sampling (4 threads)  86%|██████████████████████████    |  ETA: 0:16:21
Sampling (4 threads)  87%|██████████████████████████▏   |  ETA: 0:15:39
Sampling (4 threads)  88%|██████████████████████████▎   |  ETA: 0:15:10
Sampling (4 threads)  88%|██████████████████████████▍   |  ETA: 0:14:29
Sampling (4 threads)  88%|██████████████████████████▌   |  ETA: 0:13:48
Sampling (4 threads)  89%|██████████████████████████▊   |  ETA: 0:13:18
Sampling (4 threads)  90%|██████████████████████████▉   |  ETA: 0:12:37
Sampling (4 threads)  90%|███████████████████████████   |  ETA: 0:12:08
Sampling (4 threads)  90%|███████████████████████████▏  |  ETA: 0:11:28
Sampling (4 threads)  91%|███████████████████████████▎  |  ETA: 0:10:59
Sampling (4 threads)  92%|███████████████████████████▌  |  ETA: 0:10:19
Sampling (4 threads)  92%|███████████████████████████▋  |  ETA: 0:09:40
Sampling (4 threads)  92%|███████████████████████████▊  |  ETA: 0:09:13
Sampling (4 threads)  93%|███████████████████████████▉  |  ETA: 0:08:33
Sampling (4 threads)  94%|████████████████████████████  |  ETA: 0:07:54
Sampling (4 threads)  94%|████████████████████████████▎ |  ETA: 0:07:22
Sampling (4 threads)  94%|████████████████████████████▍ |  ETA: 0:06:43
Sampling (4 threads)  95%|████████████████████████████▌ |  ETA: 0:06:09
Sampling (4 threads)  96%|████████████████████████████▋ |  ETA: 0:05:31
Sampling (4 threads)  96%|████████████████████████████▊ |  ETA: 0:04:52
Sampling (4 threads)  96%|█████████████████████████████ |  ETA: 0:04:15
Sampling (4 threads)  97%|█████████████████████████████▏|  ETA: 0:03:38
Sampling (4 threads)  98%|█████████████████████████████▎|  ETA: 0:03:03
Sampling (4 threads)  98%|█████████████████████████████▍|  ETA: 0:02:26
Sampling (4 threads)  98%|█████████████████████████████▌|  ETA: 0:01:49
Sampling (4 threads)  99%|█████████████████████████████▊|  ETA: 0:01:13
Sampling (4 threads) 100%|█████████████████████████████▉|  ETA: 0:00:37
Sampling (4 threads) 100%|██████████████████████████████| Time: 2:02:27
Sampling (4 threads) 100%|██████████████████████████████| Time: 2:02:27
┌ Warning: Runtime invalidation was disabled, but the CPU info is out-of-date.
│ Will continue with incorrect CPU name (from build time).
└ @ HostCPUFeatures ~/.julia/packages/HostCPUFeatures/ZTXz4/src/cpu_info.jl:71
┌ Warning: Runtime invalidation was disabled, but the CPU info is out-of-date.
│ Will continue with incorrect CPU feature flag: +avx512vnni.
└ @ HostCPUFeatures ~/.julia/packages/HostCPUFeatures/ZTXz4/src/cpu_info.jl:56
┌ Warning: Runtime invalidation was disabled, but the CPU info is out-of-date.
│ Will continue with incorrect CPU feature flag: -rtm.
└ @ HostCPUFeatures ~/.julia/packages/HostCPUFeatures/ZTXz4/src/cpu_info.jl:56
Sampling (4 threads)   0%|                              |  ETA: N/A
┌ Info: Found initial step size
└   ϵ = 0.00625
┌ Info: Found initial step size
└   ϵ = 0.00625
┌ Info: Found initial step size
└   ϵ = 0.00625
┌ Info: Found initial step size
└   ϵ = 0.003125
Sampling (4 threads)   0%|▏                             |  ETA: 2:43:54
Sampling (4 threads)   1%|▎                             |  ETA: 1:21:38
Sampling (4 threads)   2%|▌                             |  ETA: 0:56:58
Sampling (4 threads)   2%|▋                             |  ETA: 0:42:31
Sampling (4 threads)   2%|▊                             |  ETA: 0:33:50
Sampling (4 threads)   3%|▉                             |  ETA: 0:32:24
Sampling (4 threads)   4%|█                             |  ETA: 0:27:38
Sampling (4 threads)   4%|█▎                            |  ETA: 0:24:03
Sampling (4 threads)   4%|█▍                            |  ETA: 0:26:33
Sampling (4 threads)   5%|█▌                            |  ETA: 0:23:47
Sampling (4 threads)   6%|█▋                            |  ETA: 0:21:30
Sampling (4 threads)   6%|█▊                            |  ETA: 0:32:30
Sampling (4 threads)   6%|██                            |  ETA: 0:29:50
Sampling (4 threads)   7%|██▏                           |  ETA: 0:27:34
Sampling (4 threads)   8%|██▎                           |  ETA: 0:42:18
Sampling (4 threads)   8%|██▍                           |  ETA: 0:39:26
Sampling (4 threads)   8%|██▌                           |  ETA: 0:45:39
Sampling (4 threads)   9%|██▊                           |  ETA: 0:42:53
Sampling (4 threads)  10%|██▉                           |  ETA: 1:04:11
Sampling (4 threads)  10%|███                           |  ETA: 1:00:38
Sampling (4 threads)  10%|███▏                          |  ETA: 0:57:26
Sampling (4 threads)  11%|███▎                          |  ETA: 0:54:31
Sampling (4 threads)  12%|███▌                          |  ETA: 1:02:49
Sampling (4 threads)  12%|███▋                          |  ETA: 0:59:52
Sampling (4 threads)  12%|███▊                          |  ETA: 1:11:43
Sampling (4 threads)  13%|███▉                          |  ETA: 1:08:34
Sampling (4 threads)  14%|████                          |  ETA: 1:05:38
Sampling (4 threads)  14%|████▎                         |  ETA: 1:14:29
Sampling (4 threads)  14%|████▍                         |  ETA: 1:11:30
Sampling (4 threads)  15%|████▌                         |  ETA: 1:08:42
Sampling (4 threads)  16%|████▋                         |  ETA: 1:18:06
Sampling (4 threads)  16%|████▊                         |  ETA: 1:15:12
Sampling (4 threads)  16%|█████                         |  ETA: 1:12:30
Sampling (4 threads)  17%|█████▏                        |  ETA: 1:16:29
Sampling (4 threads)  18%|█████▎                        |  ETA: 1:13:51
Sampling (4 threads)  18%|█████▍                        |  ETA: 1:11:21
Sampling (4 threads)  18%|█████▌                        |  ETA: 1:14:15
Sampling (4 threads)  19%|█████▊                        |  ETA: 1:11:51
Sampling (4 threads)  20%|█████▉                        |  ETA: 1:14:02
Sampling (4 threads)  20%|██████                        |  ETA: 1:11:44
Sampling (4 threads)  20%|██████▏                       |  ETA: 1:17:50
Sampling (4 threads)  21%|██████▎                       |  ETA: 1:15:30
Sampling (4 threads)  22%|██████▌                       |  ETA: 1:13:17
Sampling (4 threads)  22%|██████▋                       |  ETA: 1:17:15
Sampling (4 threads)  22%|██████▊                       |  ETA: 1:15:03
Sampling (4 threads)  23%|██████▉                       |  ETA: 1:12:56
Sampling (4 threads)  24%|███████                       |  ETA: 1:17:52
Sampling (4 threads)  24%|███████▎                      |  ETA: 1:15:45
Sampling (4 threads)  24%|███████▍                      |  ETA: 1:13:43
Sampling (4 threads)  25%|███████▌                      |  ETA: 1:14:19
Sampling (4 threads)  26%|███████▋                      |  ETA: 1:12:23
Sampling (4 threads)  26%|███████▊                      |  ETA: 1:15:09
Sampling (4 threads)  26%|████████                      |  ETA: 1:13:14
Sampling (4 threads)  27%|████████▏                     |  ETA: 1:11:24
Sampling (4 threads)  28%|████████▎                     |  ETA: 1:09:37
Sampling (4 threads)  28%|████████▍                     |  ETA: 1:09:59
Sampling (4 threads)  28%|████████▌                     |  ETA: 1:08:17
Sampling (4 threads)  29%|████████▊                     |  ETA: 1:09:24
Sampling (4 threads)  30%|████████▉                     |  ETA: 1:07:44
Sampling (4 threads)  30%|█████████                     |  ETA: 1:06:08
Sampling (4 threads)  30%|█████████▏                    |  ETA: 1:10:34
Sampling (4 threads)  31%|█████████▎                    |  ETA: 1:08:55
Sampling (4 threads)  32%|█████████▌                    |  ETA: 1:07:20
Sampling (4 threads)  32%|█████████▋                    |  ETA: 1:11:29
Sampling (4 threads)  32%|█████████▊                    |  ETA: 1:09:52
Sampling (4 threads)  33%|█████████▉                    |  ETA: 1:08:17
Sampling (4 threads)  34%|██████████                    |  ETA: 1:06:46
Sampling (4 threads)  34%|██████████▎                   |  ETA: 1:09:39
Sampling (4 threads)  34%|██████████▍                   |  ETA: 1:08:08
Sampling (4 threads)  35%|██████████▌                   |  ETA: 1:10:45
Sampling (4 threads)  36%|██████████▋                   |  ETA: 1:09:13
Sampling (4 threads)  36%|██████████▊                   |  ETA: 1:07:43
Sampling (4 threads)  36%|███████████                   |  ETA: 1:09:18
Sampling (4 threads)  37%|███████████▏                  |  ETA: 1:07:50
Sampling (4 threads)  38%|███████████▎                  |  ETA: 1:09:22
Sampling (4 threads)  38%|███████████▍                  |  ETA: 1:07:54
Sampling (4 threads)  38%|███████████▌                  |  ETA: 1:11:10
Sampling (4 threads)  39%|███████████▊                  |  ETA: 1:09:41
Sampling (4 threads)  40%|███████████▉                  |  ETA: 1:08:15
Sampling (4 threads)  40%|████████████                  |  ETA: 1:06:50
Sampling (4 threads)  40%|████████████▏                 |  ETA: 1:09:11
Sampling (4 threads)  41%|████████████▎                 |  ETA: 1:07:46
Sampling (4 threads)  42%|████████████▌                 |  ETA: 1:09:57
Sampling (4 threads)  42%|████████████▋                 |  ETA: 1:08:32
Sampling (4 threads)  42%|████████████▊                 |  ETA: 1:07:08
Sampling (4 threads)  43%|████████████▉                 |  ETA: 1:08:32
Sampling (4 threads)  44%|█████████████                 |  ETA: 1:07:10
Sampling (4 threads)  44%|█████████████▎                |  ETA: 1:05:49
Sampling (4 threads)  44%|█████████████▍                |  ETA: 1:07:29
Sampling (4 threads)  45%|█████████████▌                |  ETA: 1:06:08
Sampling (4 threads)  46%|█████████████▋                |  ETA: 1:04:49
Sampling (4 threads)  46%|█████████████▊                |  ETA: 1:03:31
Sampling (4 threads)  46%|██████████████                |  ETA: 1:06:14
Sampling (4 threads)  47%|██████████████▏               |  ETA: 1:04:55
Sampling (4 threads)  48%|██████████████▎               |  ETA: 1:03:38
Sampling (4 threads)  48%|██████████████▍               |  ETA: 1:06:01
Sampling (4 threads)  48%|██████████████▌               |  ETA: 1:04:43
Sampling (4 threads)  49%|██████████████▊               |  ETA: 1:03:26
Sampling (4 threads)  50%|██████████████▉               |  ETA: 1:02:11
Sampling (4 threads)  50%|███████████████               |  ETA: 1:03:48
Sampling (4 threads)  50%|███████████████▏              |  ETA: 1:02:32
Sampling (4 threads)  51%|███████████████▎              |  ETA: 1:01:18
Sampling (4 threads)  52%|███████████████▌              |  ETA: 1:02:32
Sampling (4 threads)  52%|███████████████▋              |  ETA: 1:01:17
Sampling (4 threads)  52%|███████████████▊              |  ETA: 1:00:04
Sampling (4 threads)  53%|███████████████▉              |  ETA: 1:00:58
Sampling (4 threads)  54%|████████████████              |  ETA: 0:59:45
Sampling (4 threads)  54%|████████████████▎             |  ETA: 0:59:55
Sampling (4 threads)  55%|████████████████▍             |  ETA: 0:58:43
Sampling (4 threads)  55%|████████████████▌             |  ETA: 0:57:33
Sampling (4 threads)  56%|████████████████▋             |  ETA: 0:57:51
Sampling (4 threads)  56%|████████████████▊             |  ETA: 0:56:41
Sampling (4 threads)  56%|█████████████████             |  ETA: 0:56:44
Sampling (4 threads)  57%|█████████████████▏            |  ETA: 0:55:35
Sampling (4 threads)  57%|█████████████████▎            |  ETA: 0:56:16
Sampling (4 threads)  58%|█████████████████▍            |  ETA: 0:55:08
Sampling (4 threads)  58%|█████████████████▌            |  ETA: 0:55:57
Sampling (4 threads)  59%|█████████████████▊            |  ETA: 0:54:49
Sampling (4 threads)  60%|█████████████████▉            |  ETA: 0:53:41
Sampling (4 threads)  60%|██████████████████            |  ETA: 0:52:35
Sampling (4 threads)  60%|██████████████████▏           |  ETA: 0:52:45
Sampling (4 threads)  61%|██████████████████▎           |  ETA: 0:51:39
Sampling (4 threads)  62%|██████████████████▌           |  ETA: 0:52:28
Sampling (4 threads)  62%|██████████████████▋           |  ETA: 0:51:22
Sampling (4 threads)  62%|██████████████████▊           |  ETA: 0:50:17
Sampling (4 threads)  63%|██████████████████▉           |  ETA: 0:49:13
Sampling (4 threads)  64%|███████████████████           |  ETA: 0:49:07
Sampling (4 threads)  64%|███████████████████▎          |  ETA: 0:48:04
Sampling (4 threads)  64%|███████████████████▍          |  ETA: 0:48:23
Sampling (4 threads)  65%|███████████████████▌          |  ETA: 0:47:20
Sampling (4 threads)  66%|███████████████████▋          |  ETA: 0:46:18
Sampling (4 threads)  66%|███████████████████▊          |  ETA: 0:47:04
Sampling (4 threads)  66%|████████████████████          |  ETA: 0:46:02
Sampling (4 threads)  67%|████████████████████▏         |  ETA: 0:45:00
Sampling (4 threads)  68%|████████████████████▎         |  ETA: 0:44:00
Sampling (4 threads)  68%|████████████████████▍         |  ETA: 0:44:26
Sampling (4 threads)  68%|████████████████████▌         |  ETA: 0:43:25
Sampling (4 threads)  69%|████████████████████▊         |  ETA: 0:42:25
Sampling (4 threads)  70%|████████████████████▉         |  ETA: 0:42:46
Sampling (4 threads)  70%|█████████████████████         |  ETA: 0:41:46
Sampling (4 threads)  70%|█████████████████████▏        |  ETA: 0:40:47
Sampling (4 threads)  71%|█████████████████████▎        |  ETA: 0:40:22
Sampling (4 threads)  72%|█████████████████████▌        |  ETA: 0:39:24
Sampling (4 threads)  72%|█████████████████████▋        |  ETA: 0:38:26
Sampling (4 threads)  72%|█████████████████████▊        |  ETA: 0:38:28
Sampling (4 threads)  73%|█████████████████████▉        |  ETA: 0:37:30
Sampling (4 threads)  74%|██████████████████████        |  ETA: 0:36:34
Sampling (4 threads)  74%|██████████████████████▎       |  ETA: 0:35:38
Sampling (4 threads)  74%|██████████████████████▍       |  ETA: 0:35:12
Sampling (4 threads)  75%|██████████████████████▌       |  ETA: 0:34:17
Sampling (4 threads)  76%|██████████████████████▋       |  ETA: 0:34:08
Sampling (4 threads)  76%|██████████████████████▊       |  ETA: 0:33:13
Sampling (4 threads)  76%|███████████████████████       |  ETA: 0:32:19
Sampling (4 threads)  77%|███████████████████████▏      |  ETA: 0:31:47
Sampling (4 threads)  78%|███████████████████████▎      |  ETA: 0:30:53
Sampling (4 threads)  78%|███████████████████████▍      |  ETA: 0:30:44
Sampling (4 threads)  78%|███████████████████████▌      |  ETA: 0:29:51
Sampling (4 threads)  79%|███████████████████████▊      |  ETA: 0:28:58
Sampling (4 threads)  80%|███████████████████████▉      |  ETA: 0:28:39
Sampling (4 threads)  80%|████████████████████████      |  ETA: 0:27:47
Sampling (4 threads)  80%|████████████████████████▏     |  ETA: 0:26:55
Sampling (4 threads)  81%|████████████████████████▎     |  ETA: 0:26:27
Sampling (4 threads)  82%|████████████████████████▌     |  ETA: 0:25:35
Sampling (4 threads)  82%|████████████████████████▋     |  ETA: 0:25:18
Sampling (4 threads)  82%|████████████████████████▊     |  ETA: 0:24:27
Sampling (4 threads)  83%|████████████████████████▉     |  ETA: 0:23:37
Sampling (4 threads)  84%|█████████████████████████     |  ETA: 0:22:47
Sampling (4 threads)  84%|█████████████████████████▎    |  ETA: 0:22:23
Sampling (4 threads)  84%|█████████████████████████▍    |  ETA: 0:21:33
Sampling (4 threads)  85%|█████████████████████████▌    |  ETA: 0:20:56
Sampling (4 threads)  86%|█████████████████████████▋    |  ETA: 0:20:07
Sampling (4 threads)  86%|█████████████████████████▊    |  ETA: 0:19:29
Sampling (4 threads)  86%|██████████████████████████    |  ETA: 0:18:41
Sampling (4 threads)  87%|██████████████████████████▏   |  ETA: 0:18:07
Sampling (4 threads)  88%|██████████████████████████▎   |  ETA: 0:17:20
Sampling (4 threads)  88%|██████████████████████████▍   |  ETA: 0:16:46
Sampling (4 threads)  88%|██████████████████████████▌   |  ETA: 0:15:59
Sampling (4 threads)  89%|██████████████████████████▊   |  ETA: 0:15:25
Sampling (4 threads)  90%|██████████████████████████▉   |  ETA: 0:14:38
Sampling (4 threads)  90%|███████████████████████████   |  ETA: 0:14:02
Sampling (4 threads)  90%|███████████████████████████▏  |  ETA: 0:13:15
Sampling (4 threads)  91%|███████████████████████████▎  |  ETA: 0:12:29
Sampling (4 threads)  92%|███████████████████████████▌  |  ETA: 0:11:49
Sampling (4 threads)  92%|███████████████████████████▋  |  ETA: 0:11:04
Sampling (4 threads)  92%|███████████████████████████▊  |  ETA: 0:10:21
Sampling (4 threads)  93%|███████████████████████████▉  |  ETA: 0:09:41
Sampling (4 threads)  94%|████████████████████████████  |  ETA: 0:09:02
Sampling (4 threads)  94%|████████████████████████████▎ |  ETA: 0:08:20
Sampling (4 threads)  94%|████████████████████████████▍ |  ETA: 0:07:37
Sampling (4 threads)  95%|████████████████████████████▌ |  ETA: 0:06:55
Sampling (4 threads)  96%|████████████████████████████▋ |  ETA: 0:06:15
Sampling (4 threads)  96%|████████████████████████████▊ |  ETA: 0:05:33
Sampling (4 threads)  96%|█████████████████████████████ |  ETA: 0:04:52
Sampling (4 threads)  97%|█████████████████████████████▏|  ETA: 0:04:11
Sampling (4 threads)  98%|█████████████████████████████▎|  ETA: 0:03:30
Sampling (4 threads)  98%|█████████████████████████████▍|  ETA: 0:02:48
Sampling (4 threads)  98%|█████████████████████████████▌|  ETA: 0:02:07
Sampling (4 threads)  99%|█████████████████████████████▊|  ETA: 0:01:26
Sampling (4 threads) 100%|█████████████████████████████▉|  ETA: 0:00:44
Sampling (4 threads) 100%|██████████████████████████████| Time: 2:25:43
Sampling (4 threads) 100%|██████████████████████████████| Time: 2:25:44
┌ Warning: Runtime invalidation was disabled, but the CPU info is out-of-date.
│ Will continue with incorrect CPU name (from build time).
└ @ HostCPUFeatures ~/.julia/packages/HostCPUFeatures/ZTXz4/src/cpu_info.jl:71
┌ Warning: Runtime invalidation was disabled, but the CPU info is out-of-date.
│ Will continue with incorrect CPU feature flag: +avx512vnni.
└ @ HostCPUFeatures ~/.julia/packages/HostCPUFeatures/ZTXz4/src/cpu_info.jl:56
┌ Warning: Runtime invalidation was disabled, but the CPU info is out-of-date.
│ Will continue with incorrect CPU feature flag: -rtm.
└ @ HostCPUFeatures ~/.julia/packages/HostCPUFeatures/ZTXz4/src/cpu_info.jl:56
Sampling (4 threads)   0%|                              |  ETA: N/A
┌ Info: Found initial step size
└   ϵ = 0.0015625
┌ Info: Found initial step size
└   ϵ = 0.00625
┌ Info: Found initial step size
└   ϵ = 0.00078125
┌ Info: Found initial step size
└   ϵ = 0.0015625
Sampling (4 threads)   0%|▏                             |  ETA: 2:38:27
Sampling (4 threads)   1%|▎                             |  ETA: 1:18:55
Sampling (4 threads)   2%|▌                             |  ETA: 0:52:20
Sampling (4 threads)   2%|▋                             |  ETA: 0:42:00
Sampling (4 threads)   2%|▊                             |  ETA: 0:33:26
Sampling (4 threads)   3%|▉                             |  ETA: 0:27:43
Sampling (4 threads)   4%|█                             |  ETA: 0:26:34
Sampling (4 threads)   4%|█▎                            |  ETA: 0:23:07
Sampling (4 threads)   4%|█▍                            |  ETA: 0:22:54
Sampling (4 threads)   5%|█▌                            |  ETA: 0:20:30
Sampling (4 threads)   6%|█▋                            |  ETA: 0:18:32
Sampling (4 threads)   6%|█▊                            |  ETA: 0:18:17
Sampling (4 threads)   6%|██                            |  ETA: 0:16:48
Sampling (4 threads)   7%|██▏                           |  ETA: 0:17:42
Sampling (4 threads)   8%|██▎                           |  ETA: 0:16:26
Sampling (4 threads)   8%|██▍                           |  ETA: 0:33:01
Sampling (4 threads)   8%|██▌                           |  ETA: 0:30:54
Sampling (4 threads)   9%|██▊                           |  ETA: 0:29:01
Sampling (4 threads)  10%|██▉                           |  ETA: 0:27:21
Sampling (4 threads)  10%|███                           |  ETA: 0:39:12
Sampling (4 threads)  10%|███▏                          |  ETA: 0:37:07
Sampling (4 threads)  11%|███▎                          |  ETA: 0:35:14
Sampling (4 threads)  12%|███▌                          |  ETA: 0:50:10
Sampling (4 threads)  12%|███▋                          |  ETA: 0:47:48
Sampling (4 threads)  12%|███▊                          |  ETA: 1:05:04
Sampling (4 threads)  13%|███▉                          |  ETA: 1:02:12
Sampling (4 threads)  14%|████                          |  ETA: 0:59:33
Sampling (4 threads)  14%|████▎                         |  ETA: 1:08:51
Sampling (4 threads)  14%|████▍                         |  ETA: 1:06:05
Sampling (4 threads)  15%|████▌                         |  ETA: 1:03:31
Sampling (4 threads)  16%|████▋                         |  ETA: 1:10:27
Sampling (4 threads)  16%|████▊                         |  ETA: 1:07:51
Sampling (4 threads)  16%|█████                         |  ETA: 1:05:24
Sampling (4 threads)  17%|█████▏                        |  ETA: 1:13:26
Sampling (4 threads)  18%|█████▎                        |  ETA: 1:10:54
Sampling (4 threads)  18%|█████▍                        |  ETA: 1:08:31
Sampling (4 threads)  18%|█████▌                        |  ETA: 1:06:15
Sampling (4 threads)  19%|█████▊                        |  ETA: 1:13:25
Sampling (4 threads)  20%|█████▉                        |  ETA: 1:11:05
Sampling (4 threads)  20%|██████                        |  ETA: 1:08:53
Sampling (4 threads)  20%|██████▏                       |  ETA: 1:15:25
Sampling (4 threads)  21%|██████▎                       |  ETA: 1:13:10
Sampling (4 threads)  22%|██████▌                       |  ETA: 1:16:27
Sampling (4 threads)  22%|██████▋                       |  ETA: 1:14:14
Sampling (4 threads)  22%|██████▊                       |  ETA: 1:12:07
Sampling (4 threads)  23%|██████▉                       |  ETA: 1:13:24
Sampling (4 threads)  24%|███████                       |  ETA: 1:11:22
Sampling (4 threads)  24%|███████▎                      |  ETA: 1:11:13
Sampling (4 threads)  24%|███████▍                      |  ETA: 1:09:18
Sampling (4 threads)  25%|███████▌                      |  ETA: 1:11:49
Sampling (4 threads)  26%|███████▋                      |  ETA: 1:09:56
Sampling (4 threads)  26%|███████▊                      |  ETA: 1:08:08
Sampling (4 threads)  26%|████████                      |  ETA: 1:11:33
Sampling (4 threads)  27%|████████▏                     |  ETA: 1:09:45
Sampling (4 threads)  28%|████████▎                     |  ETA: 1:08:01
Sampling (4 threads)  28%|████████▍                     |  ETA: 1:10:48
Sampling (4 threads)  28%|████████▌                     |  ETA: 1:09:04
Sampling (4 threads)  29%|████████▊                     |  ETA: 1:09:31
Sampling (4 threads)  30%|████████▉                     |  ETA: 1:07:52
Sampling (4 threads)  30%|█████████                     |  ETA: 1:06:15
Sampling (4 threads)  30%|█████████▏                    |  ETA: 1:08:08
Sampling (4 threads)  31%|█████████▎                    |  ETA: 1:06:33
Sampling (4 threads)  32%|█████████▌                    |  ETA: 1:09:10
Sampling (4 threads)  32%|█████████▋                    |  ETA: 1:07:36
Sampling (4 threads)  32%|█████████▊                    |  ETA: 1:06:04
Sampling (4 threads)  33%|█████████▉                    |  ETA: 1:04:35
Sampling (4 threads)  34%|██████████                    |  ETA: 1:04:28
Sampling (4 threads)  34%|██████████▎                   |  ETA: 1:03:02
Sampling (4 threads)  34%|██████████▍                   |  ETA: 1:03:14
Sampling (4 threads)  35%|██████████▌                   |  ETA: 1:01:51
Sampling (4 threads)  36%|██████████▋                   |  ETA: 1:04:54
Sampling (4 threads)  36%|██████████▊                   |  ETA: 1:03:30
Sampling (4 threads)  36%|███████████                   |  ETA: 1:02:08
Sampling (4 threads)  37%|███████████▏                  |  ETA: 1:05:41
Sampling (4 threads)  38%|███████████▎                  |  ETA: 1:04:17
Sampling (4 threads)  38%|███████████▍                  |  ETA: 1:02:56
Sampling (4 threads)  38%|███████████▌                  |  ETA: 1:08:25
Sampling (4 threads)  39%|███████████▊                  |  ETA: 1:07:00
Sampling (4 threads)  40%|███████████▉                  |  ETA: 1:05:36
Sampling (4 threads)  40%|████████████                  |  ETA: 1:08:04
Sampling (4 threads)  40%|████████████▏                 |  ETA: 1:06:40
Sampling (4 threads)  41%|████████████▎                 |  ETA: 1:05:18
Sampling (4 threads)  42%|████████████▌                 |  ETA: 1:03:58
Sampling (4 threads)  42%|████████████▋                 |  ETA: 1:06:37
Sampling (4 threads)  42%|████████████▊                 |  ETA: 1:05:16
Sampling (4 threads)  43%|████████████▉                 |  ETA: 1:06:10
Sampling (4 threads)  44%|█████████████                 |  ETA: 1:04:50
Sampling (4 threads)  44%|█████████████▎                |  ETA: 1:03:32
Sampling (4 threads)  44%|█████████████▍                |  ETA: 1:05:00
Sampling (4 threads)  45%|█████████████▌                |  ETA: 1:03:42
Sampling (4 threads)  46%|█████████████▋                |  ETA: 1:04:34
Sampling (4 threads)  46%|█████████████▊                |  ETA: 1:03:16
Sampling (4 threads)  46%|██████████████                |  ETA: 1:04:10
Sampling (4 threads)  47%|██████████████▏               |  ETA: 1:02:53
Sampling (4 threads)  48%|██████████████▎               |  ETA: 1:02:51
Sampling (4 threads)  48%|██████████████▍               |  ETA: 1:01:36
Sampling (4 threads)  48%|██████████████▌               |  ETA: 1:02:39
Sampling (4 threads)  49%|██████████████▊               |  ETA: 1:01:24
Sampling (4 threads)  50%|██████████████▉               |  ETA: 1:00:11
Sampling (4 threads)  50%|███████████████               |  ETA: 0:59:56
Sampling (4 threads)  50%|███████████████▏              |  ETA: 0:58:45
Sampling (4 threads)  51%|███████████████▎              |  ETA: 0:58:56
Sampling (4 threads)  52%|███████████████▌              |  ETA: 0:57:46
Sampling (4 threads)  52%|███████████████▋              |  ETA: 0:58:23
Sampling (4 threads)  52%|███████████████▊              |  ETA: 0:57:14
Sampling (4 threads)  53%|███████████████▉              |  ETA: 0:58:20
Sampling (4 threads)  54%|████████████████              |  ETA: 0:57:10
Sampling (4 threads)  54%|████████████████▎             |  ETA: 0:56:02
Sampling (4 threads)  55%|████████████████▍             |  ETA: 0:58:18
Sampling (4 threads)  55%|████████████████▌             |  ETA: 0:57:08
Sampling (4 threads)  56%|████████████████▋             |  ETA: 0:56:00
Sampling (4 threads)  56%|████████████████▊             |  ETA: 0:54:52
Sampling (4 threads)  56%|█████████████████             |  ETA: 0:55:23
Sampling (4 threads)  57%|█████████████████▏            |  ETA: 0:54:16
Sampling (4 threads)  57%|█████████████████▎            |  ETA: 0:55:20
Sampling (4 threads)  58%|█████████████████▍            |  ETA: 0:54:13
Sampling (4 threads)  58%|█████████████████▌            |  ETA: 0:54:24
Sampling (4 threads)  59%|█████████████████▊            |  ETA: 0:53:17
Sampling (4 threads)  60%|█████████████████▉            |  ETA: 0:53:52
Sampling (4 threads)  60%|██████████████████            |  ETA: 0:52:45
Sampling (4 threads)  60%|██████████████████▏           |  ETA: 0:51:40
Sampling (4 threads)  61%|██████████████████▎           |  ETA: 0:50:36
Sampling (4 threads)  62%|██████████████████▌           |  ETA: 0:51:00
Sampling (4 threads)  62%|██████████████████▋           |  ETA: 0:49:56
Sampling (4 threads)  62%|██████████████████▊           |  ETA: 0:50:34
Sampling (4 threads)  63%|██████████████████▉           |  ETA: 0:49:30
Sampling (4 threads)  64%|███████████████████           |  ETA: 0:49:21
Sampling (4 threads)  64%|███████████████████▎          |  ETA: 0:48:18
Sampling (4 threads)  64%|███████████████████▍          |  ETA: 0:48:34
Sampling (4 threads)  65%|███████████████████▌          |  ETA: 0:47:31
Sampling (4 threads)  66%|███████████████████▋          |  ETA: 0:46:29
Sampling (4 threads)  66%|███████████████████▊          |  ETA: 0:46:40
Sampling (4 threads)  66%|████████████████████          |  ETA: 0:45:38
Sampling (4 threads)  67%|████████████████████▏         |  ETA: 0:45:27
Sampling (4 threads)  68%|████████████████████▎         |  ETA: 0:44:25
Sampling (4 threads)  68%|████████████████████▍         |  ETA: 0:43:25
Sampling (4 threads)  68%|████████████████████▌         |  ETA: 0:43:27
Sampling (4 threads)  69%|████████████████████▊         |  ETA: 0:42:27
Sampling (4 threads)  70%|████████████████████▉         |  ETA: 0:42:15
Sampling (4 threads)  70%|█████████████████████         |  ETA: 0:41:15
Sampling (4 threads)  70%|█████████████████████▏        |  ETA: 0:40:17
Sampling (4 threads)  71%|█████████████████████▎        |  ETA: 0:40:44
Sampling (4 threads)  72%|█████████████████████▌        |  ETA: 0:39:45
Sampling (4 threads)  72%|█████████████████████▋        |  ETA: 0:38:47
Sampling (4 threads)  72%|█████████████████████▊        |  ETA: 0:37:50
Sampling (4 threads)  73%|█████████████████████▉        |  ETA: 0:38:06
Sampling (4 threads)  74%|██████████████████████        |  ETA: 0:37:08
Sampling (4 threads)  74%|██████████████████████▎       |  ETA: 0:37:02
Sampling (4 threads)  74%|██████████████████████▍       |  ETA: 0:36:04
Sampling (4 threads)  75%|██████████████████████▌       |  ETA: 0:36:09
Sampling (4 threads)  76%|██████████████████████▋       |  ETA: 0:35:12
Sampling (4 threads)  76%|██████████████████████▊       |  ETA: 0:34:15
Sampling (4 threads)  76%|███████████████████████       |  ETA: 0:33:22
Sampling (4 threads)  77%|███████████████████████▏      |  ETA: 0:32:44
Sampling (4 threads)  78%|███████████████████████▎      |  ETA: 0:32:12
Sampling (4 threads)  78%|███████████████████████▍      |  ETA: 0:31:34
Sampling (4 threads)  78%|███████████████████████▌      |  ETA: 0:30:51
Sampling (4 threads)  79%|███████████████████████▊      |  ETA: 0:30:22
Sampling (4 threads)  80%|███████████████████████▉      |  ETA: 0:29:45
Sampling (4 threads)  80%|████████████████████████      |  ETA: 0:29:09
Sampling (4 threads)  80%|████████████████████████▏     |  ETA: 0:28:39
Sampling (4 threads)  81%|████████████████████████▎     |  ETA: 0:28:13
Sampling (4 threads)  82%|████████████████████████▌     |  ETA: 0:27:24
Sampling (4 threads)  82%|████████████████████████▋     |  ETA: 0:26:49
Sampling (4 threads)  82%|████████████████████████▊     |  ETA: 0:26:18
Sampling (4 threads)  83%|████████████████████████▉     |  ETA: 0:25:29
Sampling (4 threads)  84%|█████████████████████████     |  ETA: 0:24:45
Sampling (4 threads)  84%|█████████████████████████▎    |  ETA: 0:24:00
Sampling (4 threads)  84%|█████████████████████████▍    |  ETA: 0:23:31
Sampling (4 threads)  85%|█████████████████████████▌    |  ETA: 0:22:46
Sampling (4 threads)  86%|█████████████████████████▋    |  ETA: 0:22:05
Sampling (4 threads)  86%|█████████████████████████▊    |  ETA: 0:21:32
Sampling (4 threads)  86%|██████████████████████████    |  ETA: 0:20:40
Sampling (4 threads)  87%|██████████████████████████▏   |  ETA: 0:19:59
Sampling (4 threads)  88%|██████████████████████████▎   |  ETA: 0:19:08
Sampling (4 threads)  88%|██████████████████████████▍   |  ETA: 0:18:30
Sampling (4 threads)  88%|██████████████████████████▌   |  ETA: 0:17:39
Sampling (4 threads)  89%|██████████████████████████▊   |  ETA: 0:17:03
Sampling (4 threads)  90%|██████████████████████████▉   |  ETA: 0:16:24
Sampling (4 threads)  90%|███████████████████████████   |  ETA: 0:15:39
Sampling (4 threads)  90%|███████████████████████████▏  |  ETA: 0:14:52
Sampling (4 threads)  91%|███████████████████████████▎  |  ETA: 0:14:09
Sampling (4 threads)  92%|███████████████████████████▌  |  ETA: 0:13:25
Sampling (4 threads)  92%|███████████████████████████▋  |  ETA: 0:12:40
Sampling (4 threads)  92%|███████████████████████████▊  |  ETA: 0:11:56
Sampling (4 threads)  93%|███████████████████████████▉  |  ETA: 0:11:07
Sampling (4 threads)  94%|████████████████████████████  |  ETA: 0:10:21
Sampling (4 threads)  94%|████████████████████████████▎ |  ETA: 0:09:33
Sampling (4 threads)  94%|████████████████████████████▍ |  ETA: 0:08:47
Sampling (4 threads)  95%|████████████████████████████▌ |  ETA: 0:08:01
Sampling (4 threads)  96%|████████████████████████████▋ |  ETA: 0:07:15
Sampling (4 threads)  96%|████████████████████████████▊ |  ETA: 0:06:26
Sampling (4 threads)  96%|█████████████████████████████ |  ETA: 0:05:37
Sampling (4 threads)  97%|█████████████████████████████▏|  ETA: 0:04:50
Sampling (4 threads)  98%|█████████████████████████████▎|  ETA: 0:04:03
Sampling (4 threads)  98%|█████████████████████████████▍|  ETA: 0:03:15
Sampling (4 threads)  98%|█████████████████████████████▌|  ETA: 0:02:27
Sampling (4 threads)  99%|█████████████████████████████▊|  ETA: 0:01:39
Sampling (4 threads) 100%|█████████████████████████████▉|  ETA: 0:00:50
Sampling (4 threads) 100%|██████████████████████████████| Time: 2:47:52
Sampling (4 threads) 100%|██████████████████████████████| Time: 2:47:52
GKS: cannot open display - headless operation mode active
┌ Warning: Runtime invalidation was disabled, but the CPU info is out-of-date.
│ Will continue with incorrect CPU name (from build time).
└ @ HostCPUFeatures ~/.julia/packages/HostCPUFeatures/ZTXz4/src/cpu_info.jl:71
┌ Warning: Runtime invalidation was disabled, but the CPU info is out-of-date.
│ Will continue with incorrect CPU feature flag: +avx512vnni.
└ @ HostCPUFeatures ~/.julia/packages/HostCPUFeatures/ZTXz4/src/cpu_info.jl:56
┌ Warning: Runtime invalidation was disabled, but the CPU info is out-of-date.
│ Will continue with incorrect CPU feature flag: -rtm.
└ @ HostCPUFeatures ~/.julia/packages/HostCPUFeatures/ZTXz4/src/cpu_info.jl:56
Sampling (4 threads)   0%|                              |  ETA: N/A
┌ Info: Found initial step size
└   ϵ = 0.00625
┌ Info: Found initial step size
└   ϵ = 0.00625
┌ Info: Found initial step size
└   ϵ = 0.00625
┌ Info: Found initial step size
└   ϵ = 0.0001953125
Sampling (4 threads)   0%|▏                             |  ETA: 2:38:50
Sampling (4 threads)   1%|▎                             |  ETA: 1:19:06
Sampling (4 threads)   2%|▌                             |  ETA: 0:52:28
Sampling (4 threads)   2%|▋                             |  ETA: 0:44:25
Sampling (4 threads)   2%|▊                             |  ETA: 0:35:21
Sampling (4 threads)   3%|▉                             |  ETA: 0:29:18
Sampling (4 threads)   4%|█                             |  ETA: 0:26:35
Sampling (4 threads)   4%|█▎                            |  ETA: 0:23:08
Sampling (4 threads)   4%|█▍                            |  ETA: 0:26:03
Sampling (4 threads)   5%|█▌                            |  ETA: 0:23:19
Sampling (4 threads)   6%|█▋                            |  ETA: 0:21:05
Sampling (4 threads)   6%|█▊                            |  ETA: 0:22:41
Sampling (4 threads)   6%|██                            |  ETA: 0:20:49
Sampling (4 threads)   7%|██▏                           |  ETA: 0:19:14
Sampling (4 threads)   8%|██▎                           |  ETA: 0:26:23
Sampling (4 threads)   8%|██▍                           |  ETA: 0:24:36
Sampling (4 threads)   8%|██▌                           |  ETA: 0:23:02
Sampling (4 threads)   9%|██▊                           |  ETA: 0:35:37
Sampling (4 threads)  10%|██▉                           |  ETA: 0:33:34
Sampling (4 threads)  10%|███                           |  ETA: 0:43:11
Sampling (4 threads)  10%|███▏                          |  ETA: 0:40:54
Sampling (4 threads)  11%|███▎                          |  ETA: 0:51:50
Sampling (4 threads)  12%|███▌                          |  ETA: 0:49:18
Sampling (4 threads)  12%|███▋                          |  ETA: 0:46:58
Sampling (4 threads)  12%|███▊                          |  ETA: 0:55:51
Sampling (4 threads)  13%|███▉                          |  ETA: 0:53:24
Sampling (4 threads)  14%|████                          |  ETA: 0:58:15
Sampling (4 threads)  14%|████▎                         |  ETA: 0:55:51
Sampling (4 threads)  14%|████▍                         |  ETA: 1:05:15
Sampling (4 threads)  15%|████▌                         |  ETA: 1:02:43
Sampling (4 threads)  16%|████▋                         |  ETA: 1:00:20
Sampling (4 threads)  16%|████▊                         |  ETA: 1:10:30
Sampling (4 threads)  16%|█████                         |  ETA: 1:07:57
Sampling (4 threads)  17%|█████▏                        |  ETA: 1:11:20
Sampling (4 threads)  18%|█████▎                        |  ETA: 1:08:52
Sampling (4 threads)  18%|█████▍                        |  ETA: 1:06:33
Sampling (4 threads)  18%|█████▌                        |  ETA: 1:04:22
Sampling (4 threads)  19%|█████▊                        |  ETA: 1:16:15
Sampling (4 threads)  20%|█████▉                        |  ETA: 1:13:50
Sampling (4 threads)  20%|██████                        |  ETA: 1:11:32
Sampling (4 threads)  20%|██████▏                       |  ETA: 1:14:00
Sampling (4 threads)  21%|██████▎                       |  ETA: 1:11:47
Sampling (4 threads)  22%|██████▌                       |  ETA: 1:12:16
Sampling (4 threads)  22%|██████▋                       |  ETA: 1:10:11
Sampling (4 threads)  22%|██████▊                       |  ETA: 1:08:11
Sampling (4 threads)  23%|██████▉                       |  ETA: 1:10:31
Sampling (4 threads)  24%|███████                       |  ETA: 1:08:34
Sampling (4 threads)  24%|███████▎                      |  ETA: 1:11:27
Sampling (4 threads)  24%|███████▍                      |  ETA: 1:09:32
Sampling (4 threads)  25%|███████▌                      |  ETA: 1:07:42
Sampling (4 threads)  26%|███████▋                      |  ETA: 1:11:48
Sampling (4 threads)  26%|███████▊                      |  ETA: 1:09:57
Sampling (4 threads)  26%|████████                      |  ETA: 1:08:10
Sampling (4 threads)  27%|████████▏                     |  ETA: 1:10:04
Sampling (4 threads)  28%|████████▎                     |  ETA: 1:08:19
Sampling (4 threads)  28%|████████▍                     |  ETA: 1:11:53
Sampling (4 threads)  28%|████████▌                     |  ETA: 1:10:07
Sampling (4 threads)  29%|████████▊                     |  ETA: 1:08:26
Sampling (4 threads)  30%|████████▉                     |  ETA: 1:06:48
Sampling (4 threads)  30%|█████████                     |  ETA: 1:09:20
Sampling (4 threads)  30%|█████████▏                    |  ETA: 1:07:43
Sampling (4 threads)  31%|█████████▎                    |  ETA: 1:08:34
Sampling (4 threads)  32%|█████████▌                    |  ETA: 1:07:00
Sampling (4 threads)  32%|█████████▋                    |  ETA: 1:05:28
Sampling (4 threads)  32%|█████████▊                    |  ETA: 1:07:51
Sampling (4 threads)  33%|█████████▉                    |  ETA: 1:06:20
Sampling (4 threads)  34%|██████████                    |  ETA: 1:04:51
Sampling (4 threads)  34%|██████████▎                   |  ETA: 1:07:04
Sampling (4 threads)  34%|██████████▍                   |  ETA: 1:05:36
Sampling (4 threads)  35%|██████████▌                   |  ETA: 1:04:10
Sampling (4 threads)  36%|██████████▋                   |  ETA: 1:05:50
Sampling (4 threads)  36%|██████████▊                   |  ETA: 1:04:25
Sampling (4 threads)  36%|███████████                   |  ETA: 1:03:03
Sampling (4 threads)  37%|███████████▏                  |  ETA: 1:03:54
Sampling (4 threads)  38%|███████████▎                  |  ETA: 1:02:33
Sampling (4 threads)  38%|███████████▍                  |  ETA: 1:03:59
Sampling (4 threads)  38%|███████████▌                  |  ETA: 1:02:39
Sampling (4 threads)  39%|███████████▊                  |  ETA: 1:01:21
Sampling (4 threads)  40%|███████████▉                  |  ETA: 1:04:39
Sampling (4 threads)  40%|████████████                  |  ETA: 1:03:19
Sampling (4 threads)  40%|████████████▏                 |  ETA: 1:02:00
Sampling (4 threads)  41%|████████████▎                 |  ETA: 1:00:44
Sampling (4 threads)  42%|████████████▌                 |  ETA: 1:04:27
Sampling (4 threads)  42%|████████████▋                 |  ETA: 1:03:08
Sampling (4 threads)  42%|████████████▊                 |  ETA: 1:01:52
Sampling (4 threads)  43%|████████████▉                 |  ETA: 1:03:58
Sampling (4 threads)  44%|█████████████                 |  ETA: 1:02:41
Sampling (4 threads)  44%|█████████████▎                |  ETA: 1:04:36
Sampling (4 threads)  44%|█████████████▍                |  ETA: 1:03:19
Sampling (4 threads)  45%|█████████████▌                |  ETA: 1:02:02
Sampling (4 threads)  46%|█████████████▋                |  ETA: 1:00:48
Sampling (4 threads)  46%|█████████████▊                |  ETA: 1:01:58
Sampling (4 threads)  46%|██████████████                |  ETA: 1:00:43
Sampling (4 threads)  47%|██████████████▏               |  ETA: 1:01:05
Sampling (4 threads)  48%|██████████████▎               |  ETA: 0:59:52
Sampling (4 threads)  48%|██████████████▍               |  ETA: 0:58:41
Sampling (4 threads)  48%|██████████████▌               |  ETA: 0:59:17
Sampling (4 threads)  49%|██████████████▊               |  ETA: 0:58:06
Sampling (4 threads)  50%|██████████████▉               |  ETA: 0:58:28
Sampling (4 threads)  50%|███████████████               |  ETA: 0:57:19
Sampling (4 threads)  50%|███████████████▏              |  ETA: 0:58:11
Sampling (4 threads)  51%|███████████████▎              |  ETA: 0:57:02
Sampling (4 threads)  52%|███████████████▌              |  ETA: 0:57:34
Sampling (4 threads)  52%|███████████████▋              |  ETA: 0:56:26
Sampling (4 threads)  52%|███████████████▊              |  ETA: 0:55:18
Sampling (4 threads)  53%|███████████████▉              |  ETA: 0:55:23
Sampling (4 threads)  54%|████████████████              |  ETA: 0:54:17
Sampling (4 threads)  54%|████████████████▎             |  ETA: 0:54:22
Sampling (4 threads)  55%|████████████████▍             |  ETA: 0:53:17
Sampling (4 threads)  55%|████████████████▌             |  ETA: 0:54:14
Sampling (4 threads)  56%|████████████████▋             |  ETA: 0:53:09
Sampling (4 threads)  56%|████████████████▊             |  ETA: 0:52:05
Sampling (4 threads)  56%|█████████████████             |  ETA: 0:52:31
Sampling (4 threads)  57%|█████████████████▏            |  ETA: 0:51:28
Sampling (4 threads)  57%|█████████████████▎            |  ETA: 0:52:13
Sampling (4 threads)  58%|█████████████████▍            |  ETA: 0:51:09
Sampling (4 threads)  58%|█████████████████▌            |  ETA: 0:50:07
Sampling (4 threads)  59%|█████████████████▊            |  ETA: 0:49:05
Sampling (4 threads)  60%|█████████████████▉            |  ETA: 0:49:24
Sampling (4 threads)  60%|██████████████████            |  ETA: 0:48:23
Sampling (4 threads)  60%|██████████████████▏           |  ETA: 0:47:23
Sampling (4 threads)  61%|██████████████████▎           |  ETA: 0:47:30
Sampling (4 threads)  62%|██████████████████▌           |  ETA: 0:46:31
Sampling (4 threads)  62%|██████████████████▋           |  ETA: 0:47:07
Sampling (4 threads)  62%|██████████████████▊           |  ETA: 0:46:07
Sampling (4 threads)  63%|██████████████████▉           |  ETA: 0:45:09
Sampling (4 threads)  64%|███████████████████           |  ETA: 0:44:11
Sampling (4 threads)  64%|███████████████████▎          |  ETA: 0:44:08
Sampling (4 threads)  64%|███████████████████▍          |  ETA: 0:43:11
Sampling (4 threads)  65%|███████████████████▌          |  ETA: 0:43:13
Sampling (4 threads)  66%|███████████████████▋          |  ETA: 0:42:16
Sampling (4 threads)  66%|███████████████████▊          |  ETA: 0:41:20
Sampling (4 threads)  66%|████████████████████          |  ETA: 0:41:59
Sampling (4 threads)  67%|████████████████████▏         |  ETA: 0:41:03
Sampling (4 threads)  68%|████████████████████▎         |  ETA: 0:40:08
Sampling (4 threads)  68%|████████████████████▍         |  ETA: 0:39:13
Sampling (4 threads)  68%|████████████████████▌         |  ETA: 0:38:53
Sampling (4 threads)  69%|████████████████████▊         |  ETA: 0:37:59
Sampling (4 threads)  70%|████████████████████▉         |  ETA: 0:38:00
Sampling (4 threads)  70%|█████████████████████         |  ETA: 0:37:06
Sampling (4 threads)  70%|█████████████████████▏        |  ETA: 0:36:14
Sampling (4 threads)  71%|█████████████████████▎        |  ETA: 0:36:21
Sampling (4 threads)  72%|█████████████████████▌        |  ETA: 0:35:28
Sampling (4 threads)  72%|█████████████████████▋        |  ETA: 0:34:37
Sampling (4 threads)  72%|█████████████████████▊        |  ETA: 0:34:26
Sampling (4 threads)  73%|█████████████████████▉        |  ETA: 0:33:34
Sampling (4 threads)  74%|██████████████████████        |  ETA: 0:32:43
Sampling (4 threads)  74%|██████████████████████▎       |  ETA: 0:31:53
Sampling (4 threads)  74%|██████████████████████▍       |  ETA: 0:31:30
Sampling (4 threads)  75%|██████████████████████▌       |  ETA: 0:30:40
Sampling (4 threads)  76%|██████████████████████▋       |  ETA: 0:30:09
Sampling (4 threads)  76%|██████████████████████▊       |  ETA: 0:29:20
Sampling (4 threads)  76%|███████████████████████       |  ETA: 0:29:19
Sampling (4 threads)  77%|███████████████████████▏      |  ETA: 0:28:30
Sampling (4 threads)  78%|███████████████████████▎      |  ETA: 0:27:42
Sampling (4 threads)  78%|███████████████████████▍      |  ETA: 0:26:55
Sampling (4 threads)  78%|███████████████████████▌      |  ETA: 0:26:53
Sampling (4 threads)  79%|███████████████████████▊      |  ETA: 0:26:05
Sampling (4 threads)  80%|███████████████████████▉      |  ETA: 0:25:19
Sampling (4 threads)  80%|████████████████████████      |  ETA: 0:25:01
Sampling (4 threads)  80%|████████████████████████▏     |  ETA: 0:24:14
Sampling (4 threads)  81%|████████████████████████▎     |  ETA: 0:23:28
Sampling (4 threads)  82%|████████████████████████▌     |  ETA: 0:23:07
Sampling (4 threads)  82%|████████████████████████▋     |  ETA: 0:22:21
Sampling (4 threads)  82%|████████████████████████▊     |  ETA: 0:22:00
Sampling (4 threads)  83%|████████████████████████▉     |  ETA: 0:21:15
Sampling (4 threads)  84%|█████████████████████████     |  ETA: 0:20:30
Sampling (4 threads)  84%|█████████████████████████▎    |  ETA: 0:20:10
Sampling (4 threads)  84%|█████████████████████████▍    |  ETA: 0:19:25
Sampling (4 threads)  85%|█████████████████████████▌    |  ETA: 0:18:41
Sampling (4 threads)  86%|█████████████████████████▋    |  ETA: 0:17:57
Sampling (4 threads)  86%|█████████████████████████▊    |  ETA: 0:17:33
Sampling (4 threads)  86%|██████████████████████████    |  ETA: 0:16:49
Sampling (4 threads)  87%|██████████████████████████▏   |  ETA: 0:16:31
Sampling (4 threads)  88%|██████████████████████████▎   |  ETA: 0:15:47
Sampling (4 threads)  88%|██████████████████████████▍   |  ETA: 0:15:04
Sampling (4 threads)  88%|██████████████████████████▌   |  ETA: 0:14:21
Sampling (4 threads)  89%|██████████████████████████▊   |  ETA: 0:14:01
Sampling (4 threads)  90%|██████████████████████████▉   |  ETA: 0:13:18
Sampling (4 threads)  90%|███████████████████████████   |  ETA: 0:12:36
Sampling (4 threads)  90%|███████████████████████████▏  |  ETA: 0:12:06
Sampling (4 threads)  91%|███████████████████████████▎  |  ETA: 0:11:24
Sampling (4 threads)  92%|███████████████████████████▌  |  ETA: 0:10:50
Sampling (4 threads)  92%|███████████████████████████▋  |  ETA: 0:10:08
Sampling (4 threads)  92%|███████████████████████████▊  |  ETA: 0:09:27
Sampling (4 threads)  93%|███████████████████████████▉  |  ETA: 0:08:56
Sampling (4 threads)  94%|████████████████████████████  |  ETA: 0:08:15
Sampling (4 threads)  94%|████████████████████████████▎ |  ETA: 0:07:35
Sampling (4 threads)  94%|████████████████████████████▍ |  ETA: 0:07:00
Sampling (4 threads)  95%|████████████████████████████▌ |  ETA: 0:06:21
Sampling (4 threads)  96%|████████████████████████████▋ |  ETA: 0:05:44
Sampling (4 threads)  96%|████████████████████████████▊ |  ETA: 0:05:07
Sampling (4 threads)  96%|█████████████████████████████ |  ETA: 0:04:28
Sampling (4 threads)  97%|█████████████████████████████▏|  ETA: 0:03:49
Sampling (4 threads)  98%|█████████████████████████████▎|  ETA: 0:03:14
Sampling (4 threads)  98%|█████████████████████████████▍|  ETA: 0:02:37
Sampling (4 threads)  98%|█████████████████████████████▌|  ETA: 0:02:00
Sampling (4 threads)  99%|█████████████████████████████▊|  ETA: 0:01:22
Sampling (4 threads) 100%|█████████████████████████████▉|  ETA: 0:00:41
Sampling (4 threads) 100%|██████████████████████████████| Time: 2:17:29
Sampling (4 threads) 100%|██████████████████████████████| Time: 2:17:30
