Chains MCMC chain (250×67×4 Array{Float64, 3}):

Iterations        = 126:1:375
Number of chains  = 4
Samples per chain = 250
Wall duration     = 5791.44 seconds
Compute duration  = 15478.11 seconds
parameters        = a_w_s[1], a_w_s[2], b_w_s[1], b_w_s[2], a_p_s[1], a_p_s[2], a_p_s[3], a_p_s[4], a_p_s[5], a_p_s[6], a_p_s[7], a_p_s[8], a_p_s[9], a_p_s[10], a_p_s[11], a_p_s[12], a_p_s[13], a_p_s[14], a_p_s[15], a_p_s[16], a_p_s[17], a_p_s[18], a_p_s[19], a_p_s[20], a_p_s[21], a_p_s[22], a_p_s[23], a_p_s[24], b_p_s[1], b_p_s[2], b_p_s[3], b_p_s[4], b_p_s[5], b_p_s[6], b_p_s[7], b_p_s[8], b_p_s[9], b_p_s[10], b_p_s[11], b_p_s[12], b_p_s[13], b_p_s[14], b_p_s[15], b_p_s[16], b_p_s[17], b_p_s[18], b_p_s[19], b_p_s[20], b_p_s[21], b_p_s[22], b_p_s[23], b_p_s[24], a_e, b_e, σ
internals         = lp, n_steps, is_accept, acceptance_rate, log_density, hamiltonian_energy, hamiltonian_energy_error, max_hamiltonian_energy_error, tree_depth, numerical_error, step_size, nom_step_size

Summary Statistics
  parameters      mean       std   naive_se      mcse         ess      rhat   ess_per_sec
      Symbol   Float64   Float64    Float64   Float64     Float64   Float64       Float64

    a_w_s[1]   -0.0286    0.6374     0.0202    0.0612     78.6582    1.0565        0.0051
    a_w_s[2]   -0.0136    0.6377     0.0202    0.0611     78.8847    1.0564        0.0051
    b_w_s[1]   -0.0277    0.2798     0.0088    0.0219     75.7001    1.0642        0.0049
    b_w_s[2]   -0.0231    0.2806     0.0089    0.0220     72.6445    1.0658        0.0047
    a_p_s[1]    0.0008    0.2061     0.0065    0.0164    126.0590    1.0230        0.0081
    a_p_s[2]   -0.1996    0.2055     0.0065    0.0165    125.0495    1.0219        0.0081
    a_p_s[3]   -0.0114    0.2062     0.0065    0.0166    125.8947    1.0229        0.0081
    a_p_s[4]   -0.1155    0.2064     0.0065    0.0163    127.0055    1.0226        0.0082
    a_p_s[5]   -0.0733    0.2043     0.0065    0.0163    124.7995    1.0244        0.0081
    a_p_s[6]    0.0097    0.2058     0.0065    0.0165    124.3073    1.0243        0.0080
    a_p_s[7]   -0.0457    0.2062     0.0065    0.0166    122.5477    1.0256        0.0079
    a_p_s[8]   -0.0543    0.2055     0.0065    0.0165    125.5357    1.0241        0.0081
    a_p_s[9]    0.0923    0.2064     0.0065    0.0164    125.9346    1.0222        0.0081
   a_p_s[10]    0.0234    0.2052     0.0065    0.0163    124.8327    1.0237        0.0081
   a_p_s[11]    0.2048    0.2069     0.0065    0.0165    125.7691    1.0240        0.0081
   a_p_s[12]    0.1719    0.2060     0.0065    0.0164    124.1746    1.0245        0.0080
   a_p_s[13]   -0.2131    0.2065     0.0065    0.0165    125.9173    1.0234        0.0081
   a_p_s[14]   -0.0776    0.2060     0.0065    0.0163    127.0673    1.0217        0.0082
   a_p_s[15]   -0.1030    0.2052     0.0065    0.0163    126.1550    1.0231        0.0082
   a_p_s[16]    0.0478    0.2051     0.0065    0.0164    125.5653    1.0235        0.0081
   a_p_s[17]   -0.2746    0.2054     0.0065    0.0164    127.4856    1.0225        0.0082
   a_p_s[18]   -0.0402    0.2053     0.0065    0.0163    125.3929    1.0237        0.0081
   a_p_s[19]    0.2988    0.2061     0.0065    0.0162    126.2735    1.0231        0.0082
   a_p_s[20]    0.0344    0.2058     0.0065    0.0164    124.8271    1.0232        0.0081
   a_p_s[21]   -0.1322    0.2043     0.0065    0.0165    122.0989    1.0244        0.0079
   a_p_s[22]   -0.2122    0.2053     0.0065    0.0163    127.9795    1.0234        0.0083
   a_p_s[23]   -0.0095    0.2049     0.0065    0.0164    126.8500    1.0231        0.0082
   a_p_s[24]    0.0724    0.2060     0.0065    0.0165    125.4927    1.0238        0.0081
    b_p_s[1]    0.0172    0.1033     0.0033    0.0075    160.3464    1.0093        0.0104
    b_p_s[2]    0.0335    0.1043     0.0033    0.0075    166.3648    1.0098        0.0107
    b_p_s[3]   -0.0312    0.1035     0.0033    0.0076    156.0486    1.0101        0.0101
    b_p_s[4]    0.0187    0.1039     0.0033    0.0075    160.1919    1.0118        0.0103
    b_p_s[5]   -0.0227    0.1026     0.0032    0.0074    158.8679    1.0110        0.0103
    b_p_s[6]   -0.1562    0.1032     0.0033    0.0075    162.0997    1.0100        0.0105
    b_p_s[7]    0.0266    0.1033     0.0033    0.0075    161.5158    1.0101        0.0104
    b_p_s[8]   -0.0351    0.1041     0.0033    0.0076    164.8109    1.0111        0.0106
    b_p_s[9]   -0.0315    0.1021     0.0032    0.0075    161.5338    1.0113        0.0104
   b_p_s[10]    0.0426    0.1045     0.0033    0.0075    165.7065    1.0088        0.0107
   b_p_s[11]    0.0692    0.1024     0.0032    0.0076    155.1740    1.0108        0.0100
   b_p_s[12]    0.0104    0.1038     0.0033    0.0077    154.9348    1.0116        0.0100
   b_p_s[13]    0.0169    0.1037     0.0033    0.0076    160.1433    1.0103        0.0103
   b_p_s[14]   -0.0234    0.1038     0.0033    0.0075    162.5440    1.0112        0.0105
   b_p_s[15]   -0.0163    0.1033     0.0033    0.0075    161.0181    1.0111        0.0104
   b_p_s[16]   -0.0062    0.1034     0.0033    0.0076    162.0984    1.0130        0.0105
   b_p_s[17]    0.0022    0.1034     0.0033    0.0075    160.0788    1.0107        0.0103
   b_p_s[18]    0.0247    0.1027     0.0032    0.0076    159.1891    1.0103        0.0103
   b_p_s[19]    0.0282    0.1048     0.0033    0.0075    168.2083    1.0096        0.0109
   b_p_s[20]    0.0335    0.1040     0.0033    0.0074    161.0899    1.0115        0.0104
   b_p_s[21]    0.0375    0.1031     0.0033    0.0076    158.3279    1.0103        0.0102
   b_p_s[22]    0.0283    0.1040     0.0033    0.0077    159.5023    1.0106        0.0103
   b_p_s[23]   -0.0494    0.1026     0.0032    0.0075    164.8242    1.0091        0.0106
   b_p_s[24]    0.0247    0.1050     0.0033    0.0077    158.4508    1.0102        0.0102
         a_e    0.0490    0.6104     0.0193    0.0527     83.6126    1.0587        0.0054
         b_e    0.0333    0.2886     0.0091    0.0220     62.6265    1.0721        0.0040
           σ    0.9906    0.0034     0.0001    0.0001   1077.7675    1.0023        0.0696

Quantiles
  parameters      2.5%     25.0%     50.0%     75.0%     97.5%
      Symbol   Float64   Float64   Float64   Float64   Float64

    a_w_s[1]   -1.1256   -0.5011   -0.1110    0.4371    1.2066
    a_w_s[2]   -1.1005   -0.4855   -0.0984    0.4464    1.2353
    b_w_s[1]   -0.5706   -0.2199   -0.0129    0.1686    0.5339
    b_w_s[2]   -0.5732   -0.2136   -0.0086    0.1756    0.5388
    a_p_s[1]   -0.4199   -0.1324    0.0240    0.1327    0.3841
    a_p_s[2]   -0.6125   -0.3278   -0.1783   -0.0695    0.1871
    a_p_s[3]   -0.4391   -0.1442    0.0134    0.1228    0.3727
    a_p_s[4]   -0.5347   -0.2469   -0.0924    0.0145    0.2705
    a_p_s[5]   -0.4845   -0.2100   -0.0477    0.0557    0.3112
    a_p_s[6]   -0.4124   -0.1253    0.0333    0.1466    0.3929
    a_p_s[7]   -0.4627   -0.1813   -0.0242    0.0889    0.3471
    a_p_s[8]   -0.4801   -0.1882   -0.0311    0.0784    0.3300
    a_p_s[9]   -0.3301   -0.0331    0.1121    0.2196    0.4855
   a_p_s[10]   -0.4017   -0.1029    0.0454    0.1569    0.4177
   a_p_s[11]   -0.2239    0.0754    0.2306    0.3344    0.5941
   a_p_s[12]   -0.2556    0.0381    0.1963    0.3046    0.5569
   a_p_s[13]   -0.6387   -0.3438   -0.1864   -0.0849    0.1682
   a_p_s[14]   -0.4961   -0.2064   -0.0540    0.0538    0.3089
   a_p_s[15]   -0.5257   -0.2324   -0.0832    0.0304    0.2774
   a_p_s[16]   -0.3678   -0.0837    0.0729    0.1773    0.4315
   a_p_s[17]   -0.6952   -0.4089   -0.2477   -0.1453    0.1098
   a_p_s[18]   -0.4688   -0.1728   -0.0146    0.0910    0.3416
   a_p_s[19]   -0.1300    0.1662    0.3299    0.4249    0.6764
   a_p_s[20]   -0.3857   -0.1002    0.0552    0.1651    0.4151
   a_p_s[21]   -0.5495   -0.2596   -0.1079   -0.0051    0.2541
   a_p_s[22]   -0.6205   -0.3446   -0.1872   -0.0844    0.1733
   a_p_s[23]   -0.4280   -0.1422    0.0174    0.1177    0.3725
   a_p_s[24]   -0.3531   -0.0620    0.0958    0.2043    0.4490
    b_p_s[1]   -0.1757   -0.0571    0.0160    0.0890    0.2212
    b_p_s[2]   -0.1559   -0.0438    0.0326    0.1053    0.2299
    b_p_s[3]   -0.2157   -0.1053   -0.0359    0.0405    0.1806
    b_p_s[4]   -0.1715   -0.0592    0.0148    0.0952    0.2233
    b_p_s[5]   -0.2064   -0.0972   -0.0232    0.0475    0.1850
    b_p_s[6]   -0.3371   -0.2297   -0.1599   -0.0834    0.0521
    b_p_s[7]   -0.1601   -0.0478    0.0233    0.1013    0.2252
    b_p_s[8]   -0.2212   -0.1133   -0.0373    0.0372    0.1732
    b_p_s[9]   -0.2204   -0.1036   -0.0372    0.0439    0.1693
   b_p_s[10]   -0.1389   -0.0350    0.0375    0.1183    0.2502
   b_p_s[11]   -0.1136   -0.0061    0.0677    0.1407    0.2714
   b_p_s[12]   -0.1705   -0.0663    0.0093    0.0823    0.2238
   b_p_s[13]   -0.1704   -0.0566    0.0164    0.0904    0.2237
   b_p_s[14]   -0.2167   -0.1014   -0.0292    0.0489    0.1828
   b_p_s[15]   -0.2020   -0.0899   -0.0190    0.0580    0.1887
   b_p_s[16]   -0.1951   -0.0814   -0.0064    0.0663    0.1933
   b_p_s[17]   -0.1854   -0.0727    0.0002    0.0768    0.2016
   b_p_s[18]   -0.1585   -0.0494    0.0209    0.0996    0.2276
   b_p_s[19]   -0.1594   -0.0502    0.0252    0.1044    0.2264
   b_p_s[20]   -0.1537   -0.0408    0.0300    0.1085    0.2361
   b_p_s[21]   -0.1474   -0.0380    0.0385    0.1081    0.2323
   b_p_s[22]   -0.1549   -0.0486    0.0254    0.1012    0.2362
   b_p_s[23]   -0.2292   -0.1232   -0.0525    0.0209    0.1528
   b_p_s[24]   -0.1609   -0.0531    0.0217    0.0984    0.2334
         a_e   -1.1261   -0.3920    0.1215    0.4534    1.0834
         b_e   -0.5251   -0.1740    0.0324    0.2119    0.6434
           σ    0.9838    0.9883    0.9907    0.9928    0.9969

