Chains MCMC chain (250×67×4 Array{Float64, 3}):

Iterations        = 126:1:375
Number of chains  = 4
Samples per chain = 250
Wall duration     = 4072.26 seconds
Compute duration  = 14916.6 seconds
parameters        = a_w_s[1], a_w_s[2], b_w_s[1], b_w_s[2], a_p_s[1], a_p_s[2], a_p_s[3], a_p_s[4], a_p_s[5], a_p_s[6], a_p_s[7], a_p_s[8], a_p_s[9], a_p_s[10], a_p_s[11], a_p_s[12], a_p_s[13], a_p_s[14], a_p_s[15], a_p_s[16], a_p_s[17], a_p_s[18], a_p_s[19], a_p_s[20], a_p_s[21], a_p_s[22], a_p_s[23], a_p_s[24], b_p_s[1], b_p_s[2], b_p_s[3], b_p_s[4], b_p_s[5], b_p_s[6], b_p_s[7], b_p_s[8], b_p_s[9], b_p_s[10], b_p_s[11], b_p_s[12], b_p_s[13], b_p_s[14], b_p_s[15], b_p_s[16], b_p_s[17], b_p_s[18], b_p_s[19], b_p_s[20], b_p_s[21], b_p_s[22], b_p_s[23], b_p_s[24], a_e, b_e, σ
internals         = lp, n_steps, is_accept, acceptance_rate, log_density, hamiltonian_energy, hamiltonian_energy_error, max_hamiltonian_energy_error, tree_depth, numerical_error, step_size, nom_step_size

Summary Statistics
  parameters      mean       std   naive_se      mcse        ess      rhat   ess_per_sec
      Symbol   Float64   Float64    Float64   Float64    Float64   Float64       Float64

    a_w_s[1]   -0.0156    0.5598     0.0177    0.0315   201.2728    1.0051        0.0135
    a_w_s[2]    0.0135    0.5600     0.0177    0.0315   201.2757    1.0051        0.0135
    b_w_s[1]   -0.0023    0.2794     0.0088    0.0155   319.5521    1.0106        0.0214
    b_w_s[2]    0.0004    0.2789     0.0088    0.0156   317.6291    1.0109        0.0213
    a_p_s[1]    0.0311    0.2090     0.0066    0.0101   236.6063    1.0020        0.0159
    a_p_s[2]    0.1013    0.2088     0.0066    0.0103   235.4697    1.0019        0.0158
    a_p_s[3]    0.5223    0.2090     0.0066    0.0100   239.3842    1.0022        0.0160
    a_p_s[4]   -0.1658    0.2080     0.0066    0.0102   237.4086    1.0016        0.0159
    a_p_s[5]    0.0029    0.2089     0.0066    0.0100   237.5330    1.0018        0.0159
    a_p_s[6]    0.3720    0.2081     0.0066    0.0100   241.9607    1.0015        0.0162
    a_p_s[7]   -0.0256    0.2081     0.0066    0.0101   237.7360    1.0021        0.0159
    a_p_s[8]   -0.2658    0.2077     0.0066    0.0101   236.9333    1.0019        0.0159
    a_p_s[9]   -0.0901    0.2080     0.0066    0.0102   233.5898    1.0012        0.0157
   a_p_s[10]   -0.3425    0.2092     0.0066    0.0104   235.2341    1.0021        0.0158
   a_p_s[11]   -0.7372    0.2094     0.0066    0.0100   240.5903    1.0016        0.0161
   a_p_s[12]   -0.4738    0.2086     0.0066    0.0101   239.6182    1.0020        0.0161
   a_p_s[13]    0.0231    0.2089     0.0066    0.0101   241.5222    1.0018        0.0162
   a_p_s[14]   -0.1226    0.2082     0.0066    0.0103   236.5916    1.0018        0.0159
   a_p_s[15]    0.3993    0.2089     0.0066    0.0103   235.1752    1.0025        0.0158
   a_p_s[16]   -0.1219    0.2077     0.0066    0.0100   237.0607    1.0017        0.0159
   a_p_s[17]   -0.0460    0.2095     0.0066    0.0103   237.3610    1.0023        0.0159
   a_p_s[18]   -0.0876    0.2072     0.0066    0.0099   239.1672    1.0019        0.0160
   a_p_s[19]   -0.3719    0.2094     0.0066    0.0101   238.2646    1.0016        0.0160
   a_p_s[20]   -0.0572    0.2082     0.0066    0.0101   235.6919    1.0016        0.0158
   a_p_s[21]    0.1355    0.2081     0.0066    0.0102   237.6108    1.0020        0.0159
   a_p_s[22]    0.2364    0.2080     0.0066    0.0101   238.5266    1.0014        0.0160
   a_p_s[23]    0.2959    0.2093     0.0066    0.0100   237.7142    1.0022        0.0159
   a_p_s[24]    0.0719    0.2089     0.0066    0.0102   237.9688    1.0021        0.0160
    b_p_s[1]    0.0416    0.0992     0.0031    0.0050   324.8812    1.0182        0.0218
    b_p_s[2]   -0.0258    0.0994     0.0031    0.0050   327.3616    1.0179        0.0219
    b_p_s[3]    0.0412    0.0991     0.0031    0.0051   315.0611    1.0185        0.0211
    b_p_s[4]   -0.0283    0.0995     0.0031    0.0051   322.9849    1.0193        0.0217
    b_p_s[5]    0.0082    0.0992     0.0031    0.0050   333.9317    1.0176        0.0224
    b_p_s[6]   -0.0104    0.1013     0.0032    0.0052   334.1715    1.0173        0.0224
    b_p_s[7]    0.0310    0.0983     0.0031    0.0048   340.0135    1.0151        0.0228
    b_p_s[8]   -0.0445    0.0991     0.0031    0.0051   303.9058    1.0174        0.0204
    b_p_s[9]   -0.0351    0.0998     0.0032    0.0051   314.1914    1.0179        0.0211
   b_p_s[10]    0.0099    0.0994     0.0031    0.0049   325.2159    1.0194        0.0218
   b_p_s[11]   -0.0339    0.0986     0.0031    0.0049   342.4115    1.0166        0.0230
   b_p_s[12]   -0.0001    0.0990     0.0031    0.0048   342.8844    1.0148        0.0230
   b_p_s[13]    0.0230    0.0991     0.0031    0.0049   324.5800    1.0171        0.0218
   b_p_s[14]   -0.0862    0.0990     0.0031    0.0051   338.7558    1.0191        0.0227
   b_p_s[15]   -0.0129    0.0990     0.0031    0.0050   359.3890    1.0172        0.0241
   b_p_s[16]    0.0497    0.0986     0.0031    0.0049   339.0243    1.0166        0.0227
   b_p_s[17]   -0.0307    0.0993     0.0031    0.0050   340.7437    1.0179        0.0228
   b_p_s[18]    0.0141    0.0997     0.0032    0.0052   297.3885    1.0206        0.0199
   b_p_s[19]   -0.0408    0.0990     0.0031    0.0048   340.3338    1.0159        0.0228
   b_p_s[20]   -0.0040    0.1001     0.0032    0.0051   318.4998    1.0166        0.0214
   b_p_s[21]   -0.0444    0.0990     0.0031    0.0051   318.0804    1.0187        0.0213
   b_p_s[22]    0.0538    0.0996     0.0031    0.0051   322.2233    1.0186        0.0216
   b_p_s[23]    0.0299    0.0990     0.0031    0.0048   332.9933    1.0172        0.0223
   b_p_s[24]   -0.0054    0.0985     0.0031    0.0047   337.8193    1.0154        0.0226
         a_e    0.0344    0.5581     0.0176    0.0327   207.9687    1.0103        0.0139
         b_e   -0.0204    0.2949     0.0093    0.0165   300.8184    1.0140        0.0202
           σ    0.9588    0.0034     0.0001    0.0001   978.2477    0.9987        0.0656

Quantiles
  parameters      2.5%     25.0%     50.0%     75.0%     97.5%
      Symbol   Float64   Float64   Float64   Float64   Float64

    a_w_s[1]   -1.1102   -0.4209   -0.0213    0.3655    1.0456
    a_w_s[2]   -1.0699   -0.3828    0.0080    0.3984    1.0866
    b_w_s[1]   -0.5920   -0.1816   -0.0035    0.1886    0.5091
    b_w_s[2]   -0.5950   -0.1808    0.0026    0.1935    0.5076
    a_p_s[1]   -0.3629   -0.1150    0.0181    0.1779    0.4467
    a_p_s[2]   -0.2984   -0.0411    0.0849    0.2406    0.5216
    a_p_s[3]    0.1204    0.3752    0.5043    0.6659    0.9394
    a_p_s[4]   -0.5593   -0.3108   -0.1833   -0.0206    0.2505
    a_p_s[5]   -0.4026   -0.1434   -0.0060    0.1416    0.4151
    a_p_s[6]   -0.0291    0.2291    0.3560    0.5114    0.7952
    a_p_s[7]   -0.4168   -0.1706   -0.0413    0.1147    0.3925
    a_p_s[8]   -0.6557   -0.4089   -0.2891   -0.1257    0.1469
    a_p_s[9]   -0.4846   -0.2288   -0.1030    0.0514    0.3231
   a_p_s[10]   -0.7510   -0.4866   -0.3605   -0.2047    0.0747
   a_p_s[11]   -1.1259   -0.8828   -0.7532   -0.5915   -0.3105
   a_p_s[12]   -0.8674   -0.6223   -0.4910   -0.3301   -0.0491
   a_p_s[13]   -0.3653   -0.1224    0.0116    0.1634    0.4455
   a_p_s[14]   -0.5036   -0.2674   -0.1343    0.0160    0.2917
   a_p_s[15]    0.0108    0.2524    0.3795    0.5393    0.8143
   a_p_s[16]   -0.5191   -0.2636   -0.1407    0.0166    0.2973
   a_p_s[17]   -0.4499   -0.1949   -0.0653    0.0925    0.3782
   a_p_s[18]   -0.4850   -0.2317   -0.1061    0.0541    0.3298
   a_p_s[19]   -0.7607   -0.5131   -0.3890   -0.2309    0.0382
   a_p_s[20]   -0.4548   -0.2050   -0.0751    0.0855    0.3651
   a_p_s[21]   -0.2571   -0.0144    0.1179    0.2712    0.5558
   a_p_s[22]   -0.1470    0.0945    0.2185    0.3786    0.6549
   a_p_s[23]   -0.0929    0.1487    0.2814    0.4387    0.7250
   a_p_s[24]   -0.3192   -0.0726    0.0584    0.2109    0.4920
    b_p_s[1]   -0.1424   -0.0250    0.0380    0.1078    0.2626
    b_p_s[2]   -0.2080   -0.0920   -0.0269    0.0336    0.1870
    b_p_s[3]   -0.1414   -0.0266    0.0406    0.1017    0.2574
    b_p_s[4]   -0.2070   -0.0954   -0.0289    0.0326    0.1823
    b_p_s[5]   -0.1791   -0.0581    0.0073    0.0707    0.2301
    b_p_s[6]   -0.1996   -0.0814   -0.0102    0.0519    0.2081
    b_p_s[7]   -0.1484   -0.0346    0.0297    0.0906    0.2401
    b_p_s[8]   -0.2273   -0.1113   -0.0474    0.0182    0.1711
    b_p_s[9]   -0.2219   -0.1008   -0.0386    0.0264    0.1760
   b_p_s[10]   -0.1695   -0.0575    0.0086    0.0705    0.2237
   b_p_s[11]   -0.2179   -0.1042   -0.0351    0.0266    0.1874
   b_p_s[12]   -0.1768   -0.0684   -0.0026    0.0625    0.2022
   b_p_s[13]   -0.1609   -0.0406    0.0169    0.0842    0.2396
   b_p_s[14]   -0.2654   -0.1544   -0.0866   -0.0278    0.1274
   b_p_s[15]   -0.2004   -0.0825   -0.0120    0.0481    0.1966
   b_p_s[16]   -0.1287   -0.0179    0.0504    0.1124    0.2606
   b_p_s[17]   -0.2144   -0.1035   -0.0279    0.0289    0.1830
   b_p_s[18]   -0.1694   -0.0521    0.0122    0.0757    0.2421
   b_p_s[19]   -0.2303   -0.1112   -0.0415    0.0197    0.1870
   b_p_s[20]   -0.1859   -0.0732   -0.0051    0.0591    0.2165
   b_p_s[21]   -0.2274   -0.1123   -0.0447    0.0173    0.1627
   b_p_s[22]   -0.1290   -0.0140    0.0493    0.1178    0.2724
   b_p_s[23]   -0.1579   -0.0346    0.0309    0.0920    0.2456
   b_p_s[24]   -0.1945   -0.0730   -0.0059    0.0598    0.2010
         a_e   -1.0020   -0.3498   -0.0008    0.4215    1.1350
         b_e   -0.5899   -0.2290   -0.0134    0.1753    0.5894
           σ    0.9521    0.9567    0.9588    0.9610    0.9656

