Chains MCMC chain (250×67×4 Array{Float64, 3}):

Iterations        = 126:1:375
Number of chains  = 4
Samples per chain = 250
Wall duration     = 3506.99 seconds
Compute duration  = 12824.86 seconds
parameters        = a_w_s[1], a_w_s[2], b_w_s[1], b_w_s[2], a_p_s[1], a_p_s[2], a_p_s[3], a_p_s[4], a_p_s[5], a_p_s[6], a_p_s[7], a_p_s[8], a_p_s[9], a_p_s[10], a_p_s[11], a_p_s[12], a_p_s[13], a_p_s[14], a_p_s[15], a_p_s[16], a_p_s[17], a_p_s[18], a_p_s[19], a_p_s[20], a_p_s[21], a_p_s[22], a_p_s[23], a_p_s[24], b_p_s[1], b_p_s[2], b_p_s[3], b_p_s[4], b_p_s[5], b_p_s[6], b_p_s[7], b_p_s[8], b_p_s[9], b_p_s[10], b_p_s[11], b_p_s[12], b_p_s[13], b_p_s[14], b_p_s[15], b_p_s[16], b_p_s[17], b_p_s[18], b_p_s[19], b_p_s[20], b_p_s[21], b_p_s[22], b_p_s[23], b_p_s[24], a_e, b_e, σ
internals         = lp, n_steps, is_accept, acceptance_rate, log_density, hamiltonian_energy, hamiltonian_energy_error, max_hamiltonian_energy_error, tree_depth, numerical_error, step_size, nom_step_size

Summary Statistics
  parameters      mean       std   naive_se      mcse         ess      rhat   ess_per_sec
      Symbol   Float64   Float64    Float64   Float64     Float64   Float64       Float64

    a_w_s[1]   -0.0969    0.5930     0.0188    0.0467    177.1895    1.0254        0.0138
    a_w_s[2]   -0.0326    0.5931     0.0188    0.0468    175.8963    1.0257        0.0137
    b_w_s[1]    0.0061    0.2795     0.0088    0.0162    314.8717    1.0098        0.0246
    b_w_s[2]   -0.0290    0.2793     0.0088    0.0162    313.9911    1.0099        0.0245
    a_p_s[1]   -0.1169    0.2004     0.0063    0.0140    182.5378    1.0270        0.0142
    a_p_s[2]    0.2033    0.1986     0.0063    0.0139    183.3437    1.0261        0.0143
    a_p_s[3]    0.0742    0.1993     0.0063    0.0140    180.9526    1.0267        0.0141
    a_p_s[4]    0.0765    0.1995     0.0063    0.0140    180.9000    1.0275        0.0141
    a_p_s[5]    0.1850    0.1998     0.0063    0.0140    183.6084    1.0274        0.0143
    a_p_s[6]   -0.3868    0.2005     0.0063    0.0142    179.4972    1.0274        0.0140
    a_p_s[7]   -0.0470    0.2011     0.0064    0.0140    183.8128    1.0257        0.0143
    a_p_s[8]   -0.0283    0.1999     0.0063    0.0141    179.4010    1.0275        0.0140
    a_p_s[9]    0.0448    0.1998     0.0063    0.0139    182.4567    1.0269        0.0142
   a_p_s[10]   -0.1229    0.2007     0.0063    0.0142    179.7155    1.0280        0.0140
   a_p_s[11]   -0.1220    0.2003     0.0063    0.0141    179.0371    1.0272        0.0140
   a_p_s[12]   -0.0596    0.1995     0.0063    0.0140    178.6689    1.0282        0.0139
   a_p_s[13]    0.0460    0.2008     0.0063    0.0140    179.1115    1.0281        0.0140
   a_p_s[14]   -0.0077    0.1989     0.0063    0.0138    184.9267    1.0271        0.0144
   a_p_s[15]   -0.0768    0.1991     0.0063    0.0140    182.4660    1.0250        0.0142
   a_p_s[16]   -0.1755    0.2018     0.0064    0.0142    179.5330    1.0277        0.0140
   a_p_s[17]   -0.0533    0.1999     0.0063    0.0138    183.1175    1.0258        0.0143
   a_p_s[18]    0.0374    0.2002     0.0063    0.0139    181.2170    1.0268        0.0141
   a_p_s[19]   -0.1536    0.1988     0.0063    0.0141    180.0542    1.0275        0.0140
   a_p_s[20]    0.1830    0.1995     0.0063    0.0140    182.4850    1.0275        0.0142
   a_p_s[21]    0.3028    0.2001     0.0063    0.0141    178.2523    1.0280        0.0139
   a_p_s[22]    0.1356    0.1994     0.0063    0.0140    181.3448    1.0264        0.0141
   a_p_s[23]    0.0484    0.2009     0.0064    0.0140    180.9160    1.0294        0.0141
   a_p_s[24]    0.1098    0.1984     0.0063    0.0140    182.4310    1.0271        0.0142
    b_p_s[1]   -0.0308    0.1009     0.0032    0.0057    300.9898    1.0097        0.0235
    b_p_s[2]   -0.0425    0.1014     0.0032    0.0058    312.6972    1.0099        0.0244
    b_p_s[3]   -0.0249    0.1007     0.0032    0.0058    306.6676    1.0098        0.0239
    b_p_s[4]    0.0083    0.1012     0.0032    0.0058    294.2407    1.0093        0.0229
    b_p_s[5]    0.0409    0.1007     0.0032    0.0057    317.0431    1.0109        0.0247
    b_p_s[6]   -0.0883    0.1014     0.0032    0.0055    326.7478    1.0098        0.0255
    b_p_s[7]   -0.0165    0.1031     0.0033    0.0058    324.6225    1.0105        0.0253
    b_p_s[8]   -0.0190    0.1021     0.0032    0.0055    318.5195    1.0089        0.0248
    b_p_s[9]   -0.0533    0.1020     0.0032    0.0058    295.2594    1.0105        0.0230
   b_p_s[10]    0.0215    0.1022     0.0032    0.0056    311.1369    1.0105        0.0243
   b_p_s[11]    0.0695    0.1013     0.0032    0.0057    314.2441    1.0099        0.0245
   b_p_s[12]    0.0592    0.1019     0.0032    0.0057    306.5055    1.0093        0.0239
   b_p_s[13]    0.0072    0.1025     0.0032    0.0059    284.6027    1.0088        0.0222
   b_p_s[14]   -0.0071    0.1027     0.0032    0.0058    322.8117    1.0107        0.0252
   b_p_s[15]   -0.0664    0.1010     0.0032    0.0058    285.8536    1.0113        0.0223
   b_p_s[16]   -0.0676    0.1026     0.0032    0.0057    304.3973    1.0090        0.0237
   b_p_s[17]   -0.0079    0.1020     0.0032    0.0057    314.9620    1.0092        0.0246
   b_p_s[18]    0.0288    0.1014     0.0032    0.0058    310.4957    1.0094        0.0242
   b_p_s[19]   -0.0297    0.1015     0.0032    0.0058    304.1491    1.0093        0.0237
   b_p_s[20]    0.0523    0.1015     0.0032    0.0059    273.3729    1.0116        0.0213
   b_p_s[21]    0.0565    0.1019     0.0032    0.0055    324.1412    1.0085        0.0253
   b_p_s[22]   -0.0344    0.1017     0.0032    0.0057    310.2617    1.0099        0.0242
   b_p_s[23]   -0.0282    0.1013     0.0032    0.0059    295.9038    1.0099        0.0231
   b_p_s[24]   -0.0413    0.1013     0.0032    0.0057    293.1342    1.0103        0.0229
         a_e    0.0565    0.6016     0.0190    0.0494    151.0940    1.0303        0.0118
         b_e    0.0067    0.2852     0.0090    0.0174    284.7851    1.0087        0.0222
           σ    0.9882    0.0034     0.0001    0.0001   1057.0574    0.9995        0.0824

Quantiles
  parameters      2.5%     25.0%     50.0%     75.0%     97.5%
      Symbol   Float64   Float64   Float64   Float64   Float64

    a_w_s[1]   -1.2623   -0.4469   -0.1245    0.2750    1.2369
    a_w_s[2]   -1.2042   -0.3849   -0.0574    0.3379    1.2885
    b_w_s[1]   -0.5405   -0.1809    0.0056    0.1909    0.5749
    b_w_s[2]   -0.5768   -0.2104   -0.0319    0.1551    0.5268
    a_p_s[1]   -0.4901   -0.2576   -0.1086    0.0231    0.2603
    a_p_s[2]   -0.1713    0.0638    0.2088    0.3473    0.5867
    a_p_s[3]   -0.3092   -0.0652    0.0759    0.2140    0.4538
    a_p_s[4]   -0.3042   -0.0686    0.0791    0.2180    0.4552
    a_p_s[5]   -0.1891    0.0488    0.1865    0.3263    0.5764
    a_p_s[6]   -0.7682   -0.5212   -0.3835   -0.2474   -0.0017
    a_p_s[7]   -0.4259   -0.1854   -0.0468    0.0950    0.3475
    a_p_s[8]   -0.4101   -0.1636   -0.0246    0.1140    0.3544
    a_p_s[9]   -0.3273   -0.0917    0.0459    0.1856    0.4262
   a_p_s[10]   -0.5069   -0.2598   -0.1222    0.0198    0.2632
   a_p_s[11]   -0.5023   -0.2594   -0.1207    0.0189    0.2507
   a_p_s[12]   -0.4406   -0.1990   -0.0524    0.0815    0.3208
   a_p_s[13]   -0.3489   -0.0898    0.0465    0.1926    0.4322
   a_p_s[14]   -0.3816   -0.1437   -0.0055    0.1343    0.3803
   a_p_s[15]   -0.4616   -0.2192   -0.0714    0.0678    0.2957
   a_p_s[16]   -0.5574   -0.3173   -0.1706   -0.0345    0.2101
   a_p_s[17]   -0.4340   -0.1891   -0.0507    0.0856    0.3254
   a_p_s[18]   -0.3584   -0.1032    0.0445    0.1813    0.4198
   a_p_s[19]   -0.5376   -0.2874   -0.1468   -0.0176    0.2214
   a_p_s[20]   -0.2030    0.0486    0.1925    0.3214    0.5630
   a_p_s[21]   -0.0753    0.1663    0.3065    0.4464    0.6883
   a_p_s[22]   -0.2367   -0.0027    0.1385    0.2788    0.5228
   a_p_s[23]   -0.3353   -0.0919    0.0547    0.1900    0.4364
   a_p_s[24]   -0.2632   -0.0266    0.1128    0.2534    0.4869
    b_p_s[1]   -0.2374   -0.0968   -0.0309    0.0428    0.1480
    b_p_s[2]   -0.2414   -0.1103   -0.0452    0.0334    0.1465
    b_p_s[3]   -0.2264   -0.0910   -0.0254    0.0452    0.1657
    b_p_s[4]   -0.1954   -0.0606    0.0068    0.0809    0.1991
    b_p_s[5]   -0.1599   -0.0268    0.0403    0.1115    0.2228
    b_p_s[6]   -0.2877   -0.1549   -0.0922   -0.0158    0.1045
    b_p_s[7]   -0.2142   -0.0878   -0.0211    0.0577    0.1695
    b_p_s[8]   -0.2178   -0.0921   -0.0223    0.0527    0.1653
    b_p_s[9]   -0.2553   -0.1229   -0.0553    0.0208    0.1481
   b_p_s[10]   -0.1811   -0.0478    0.0209    0.0952    0.2257
   b_p_s[11]   -0.1313    0.0040    0.0681    0.1407    0.2586
   b_p_s[12]   -0.1387   -0.0080    0.0572    0.1333    0.2500
   b_p_s[13]   -0.1975   -0.0618    0.0069    0.0814    0.2068
   b_p_s[14]   -0.2083   -0.0766   -0.0092    0.0674    0.1823
   b_p_s[15]   -0.2670   -0.1342   -0.0658    0.0062    0.1281
   b_p_s[16]   -0.2721   -0.1375   -0.0692    0.0049    0.1280
   b_p_s[17]   -0.2128   -0.0775   -0.0099    0.0660    0.1816
   b_p_s[18]   -0.1724   -0.0433    0.0304    0.0998    0.2255
   b_p_s[19]   -0.2207   -0.0973   -0.0324    0.0450    0.1571
   b_p_s[20]   -0.1400   -0.0171    0.0517    0.1259    0.2421
   b_p_s[21]   -0.1452   -0.0136    0.0530    0.1293    0.2481
   b_p_s[22]   -0.2371   -0.1007   -0.0344    0.0397    0.1541
   b_p_s[23]   -0.2251   -0.0960   -0.0308    0.0431    0.1623
   b_p_s[24]   -0.2416   -0.1101   -0.0410    0.0319    0.1491
         a_e   -1.4002   -0.3022    0.0892    0.4143    1.2543
         b_e   -0.5392   -0.1806   -0.0074    0.2325    0.5350
           σ    0.9818    0.9858    0.9881    0.9905    0.9949

