Chains MCMC chain (250×67×4 Array{Float64, 3}):

Iterations        = 126:1:375
Number of chains  = 4
Samples per chain = 250
Wall duration     = 3045.6 seconds
Compute duration  = 11470.01 seconds
parameters        = a_w_s[1], a_w_s[2], b_w_s[1], b_w_s[2], a_p_s[1], a_p_s[2], a_p_s[3], a_p_s[4], a_p_s[5], a_p_s[6], a_p_s[7], a_p_s[8], a_p_s[9], a_p_s[10], a_p_s[11], a_p_s[12], a_p_s[13], a_p_s[14], a_p_s[15], a_p_s[16], a_p_s[17], a_p_s[18], a_p_s[19], a_p_s[20], a_p_s[21], a_p_s[22], a_p_s[23], a_p_s[24], b_p_s[1], b_p_s[2], b_p_s[3], b_p_s[4], b_p_s[5], b_p_s[6], b_p_s[7], b_p_s[8], b_p_s[9], b_p_s[10], b_p_s[11], b_p_s[12], b_p_s[13], b_p_s[14], b_p_s[15], b_p_s[16], b_p_s[17], b_p_s[18], b_p_s[19], b_p_s[20], b_p_s[21], b_p_s[22], b_p_s[23], b_p_s[24], a_e, b_e, σ
internals         = lp, n_steps, is_accept, acceptance_rate, log_density, hamiltonian_energy, hamiltonian_energy_error, max_hamiltonian_energy_error, tree_depth, numerical_error, step_size, nom_step_size

Summary Statistics
  parameters      mean       std   naive_se      mcse         ess      rhat   ess_per_sec
      Symbol   Float64   Float64    Float64   Float64     Float64   Float64       Float64

    a_w_s[1]    0.0182    0.5742     0.0182    0.0403    188.6653    1.0033        0.0164
    a_w_s[2]   -0.0118    0.5743     0.0182    0.0402    189.2488    1.0033        0.0165
    b_w_s[1]   -0.0131    0.3040     0.0096    0.0192    285.6937    1.0244        0.0249
    b_w_s[2]    0.0308    0.3042     0.0096    0.0193    284.6146    1.0251        0.0248
    a_p_s[1]   -0.2304    0.2052     0.0065    0.0176     45.6682    1.0717        0.0040
    a_p_s[2]    0.0657    0.2024     0.0064    0.0172     50.3358    1.0692        0.0044
    a_p_s[3]   -0.1471    0.2039     0.0064    0.0172     47.3152    1.0698        0.0041
    a_p_s[4]    0.0881    0.2040     0.0065    0.0175     47.4778    1.0718        0.0041
    a_p_s[5]   -0.0060    0.2039     0.0064    0.0173     48.1684    1.0675        0.0042
    a_p_s[6]   -0.4679    0.2041     0.0065    0.0173     49.4944    1.0678        0.0043
    a_p_s[7]    0.0023    0.2038     0.0064    0.0173     48.1974    1.0700        0.0042
    a_p_s[8]    0.2047    0.2037     0.0064    0.0173     49.6083    1.0696        0.0043
    a_p_s[9]   -0.1339    0.2035     0.0064    0.0172     51.3892    1.0693        0.0045
   a_p_s[10]   -0.1533    0.2041     0.0065    0.0171     49.1323    1.0696        0.0043
   a_p_s[11]   -0.0148    0.2036     0.0064    0.0173     50.3262    1.0682        0.0044
   a_p_s[12]    0.0030    0.2045     0.0065    0.0171     52.9015    1.0673        0.0046
   a_p_s[13]    0.0377    0.2044     0.0065    0.0173     53.3468    1.0679        0.0047
   a_p_s[14]    0.0670    0.2049     0.0065    0.0174     50.5017    1.0695        0.0044
   a_p_s[15]   -0.1207    0.2040     0.0065    0.0174     50.3756    1.0692        0.0044
   a_p_s[16]   -0.0961    0.2042     0.0065    0.0174     49.9199    1.0690        0.0044
   a_p_s[17]   -0.1394    0.2031     0.0064    0.0172     49.2817    1.0681        0.0043
   a_p_s[18]   -0.1017    0.2035     0.0064    0.0173     47.4126    1.0703        0.0041
   a_p_s[19]    0.1899    0.2043     0.0065    0.0173     48.7839    1.0689        0.0043
   a_p_s[20]    0.1073    0.2041     0.0065    0.0172     47.2421    1.0688        0.0041
   a_p_s[21]    0.3226    0.2040     0.0064    0.0172     52.1023    1.0667        0.0045
   a_p_s[22]   -0.0261    0.2038     0.0064    0.0172     50.6589    1.0684        0.0044
   a_p_s[23]   -0.0170    0.2040     0.0064    0.0172     59.3531    1.0664        0.0052
   a_p_s[24]    0.0976    0.2031     0.0064    0.0172     50.3390    1.0692        0.0044
    b_p_s[1]    0.0323    0.0973     0.0031    0.0046    294.5733    1.0121        0.0257
    b_p_s[2]    0.1279    0.0969     0.0031    0.0047    310.0434    1.0126        0.0270
    b_p_s[3]    0.0334    0.0964     0.0030    0.0045    301.3173    1.0106        0.0263
    b_p_s[4]   -0.0386    0.0966     0.0031    0.0047    298.7583    1.0126        0.0260
    b_p_s[5]    0.0195    0.0947     0.0030    0.0047    286.3622    1.0121        0.0250
    b_p_s[6]    0.0733    0.0978     0.0031    0.0048    304.8446    1.0121        0.0266
    b_p_s[7]    0.0148    0.0966     0.0031    0.0046    305.9635    1.0095        0.0267
    b_p_s[8]    0.0002    0.0974     0.0031    0.0046    297.1193    1.0109        0.0259
    b_p_s[9]   -0.0823    0.0961     0.0030    0.0046    301.7376    1.0110        0.0263
   b_p_s[10]   -0.0995    0.0961     0.0030    0.0045    293.4144    1.0113        0.0256
   b_p_s[11]   -0.1575    0.0961     0.0030    0.0046    289.2350    1.0118        0.0252
   b_p_s[12]   -0.0984    0.0976     0.0031    0.0046    296.6099    1.0130        0.0259
   b_p_s[13]    0.0135    0.0972     0.0031    0.0044    352.0399    1.0082        0.0307
   b_p_s[14]    0.0021    0.0971     0.0031    0.0046    313.5472    1.0121        0.0273
   b_p_s[15]    0.0810    0.0963     0.0030    0.0047    283.9285    1.0138        0.0248
   b_p_s[16]    0.0293    0.0957     0.0030    0.0048    285.6137    1.0123        0.0249
   b_p_s[17]    0.0956    0.0965     0.0031    0.0046    317.2274    1.0101        0.0277
   b_p_s[18]   -0.0231    0.0964     0.0030    0.0045    289.5679    1.0112        0.0252
   b_p_s[19]   -0.0840    0.0956     0.0030    0.0045    313.8617    1.0120        0.0274
   b_p_s[20]   -0.0206    0.0970     0.0031    0.0047    294.9132    1.0128        0.0257
   b_p_s[21]    0.0840    0.0959     0.0030    0.0048    282.4993    1.0126        0.0246
   b_p_s[22]    0.0631    0.0972     0.0031    0.0048    286.5323    1.0134        0.0250
   b_p_s[23]    0.0635    0.0966     0.0031    0.0046    307.5604    1.0097        0.0268
   b_p_s[24]    0.0144    0.0970     0.0031    0.0048    300.9491    1.0122        0.0262
         a_e    0.0248    0.5939     0.0188    0.0436    168.6766    1.0137        0.0147
         b_e    0.0094    0.3148     0.0100    0.0199    282.5481    1.0249        0.0246
           σ    0.9850    0.0035     0.0001    0.0001   1038.2961    1.0013        0.0905

Quantiles
  parameters      2.5%     25.0%     50.0%     75.0%     97.5%
      Symbol   Float64   Float64   Float64   Float64   Float64

    a_w_s[1]   -1.1506   -0.3950    0.0514    0.4216    0.9868
    a_w_s[2]   -1.1809   -0.4209    0.0219    0.3890    0.9566
    b_w_s[1]   -0.5363   -0.2125   -0.0307    0.1855    0.6150
    b_w_s[2]   -0.5134   -0.1681    0.0130    0.2333    0.6621
    a_p_s[1]   -0.5896   -0.3779   -0.2377   -0.0947    0.2164
    a_p_s[2]   -0.2925   -0.0803    0.0552    0.2016    0.5003
    a_p_s[3]   -0.5118   -0.2914   -0.1569   -0.0096    0.2865
    a_p_s[4]   -0.2651   -0.0591    0.0803    0.2229    0.5267
    a_p_s[5]   -0.3624   -0.1579   -0.0116    0.1290    0.4380
    a_p_s[6]   -0.8214   -0.6122   -0.4712   -0.3298   -0.0228
    a_p_s[7]   -0.3636   -0.1454   -0.0050    0.1412    0.4438
    a_p_s[8]   -0.1518    0.0588    0.1939    0.3439    0.6441
    a_p_s[9]   -0.4870   -0.2811   -0.1417   -0.0012    0.3011
   a_p_s[10]   -0.5109   -0.3024   -0.1632   -0.0196    0.2887
   a_p_s[11]   -0.3739   -0.1638   -0.0253    0.1229    0.4322
   a_p_s[12]   -0.3572   -0.1484   -0.0061    0.1397    0.4417
   a_p_s[13]   -0.3217   -0.1096    0.0319    0.1697    0.4804
   a_p_s[14]   -0.2915   -0.0843    0.0595    0.2024    0.5173
   a_p_s[15]   -0.4777   -0.2660   -0.1282    0.0142    0.3174
   a_p_s[16]   -0.4583   -0.2462   -0.0997    0.0436    0.3465
   a_p_s[17]   -0.4999   -0.2850   -0.1431   -0.0088    0.3031
   a_p_s[18]   -0.4603   -0.2482   -0.1077    0.0289    0.3395
   a_p_s[19]   -0.1763    0.0360    0.1838    0.3251    0.6280
   a_p_s[20]   -0.2479   -0.0373    0.1007    0.2435    0.5545
   a_p_s[21]   -0.0333    0.1757    0.3207    0.4551    0.7578
   a_p_s[22]   -0.3805   -0.1751   -0.0349    0.1023    0.4183
   a_p_s[23]   -0.3670   -0.1648   -0.0214    0.1140    0.4222
   a_p_s[24]   -0.2566   -0.0490    0.0945    0.2328    0.5396
    b_p_s[1]   -0.1776   -0.0249    0.0336    0.0945    0.2141
    b_p_s[2]   -0.0803    0.0663    0.1308    0.1907    0.3060
    b_p_s[3]   -0.1698   -0.0253    0.0374    0.0970    0.2111
    b_p_s[4]   -0.2489   -0.1000   -0.0355    0.0226    0.1536
    b_p_s[5]   -0.1817   -0.0381    0.0217    0.0824    0.1961
    b_p_s[6]   -0.1293    0.0128    0.0764    0.1344    0.2600
    b_p_s[7]   -0.2009   -0.0460    0.0199    0.0760    0.1969
    b_p_s[8]   -0.2144   -0.0603    0.0027    0.0664    0.1850
    b_p_s[9]   -0.3025   -0.1391   -0.0800   -0.0186    0.1004
   b_p_s[10]   -0.3008   -0.1565   -0.0965   -0.0355    0.0809
   b_p_s[11]   -0.3587   -0.2167   -0.1540   -0.0944    0.0204
   b_p_s[12]   -0.3007   -0.1565   -0.0955   -0.0338    0.0904
   b_p_s[13]   -0.1962   -0.0435    0.0169    0.0812    0.2069
   b_p_s[14]   -0.2012   -0.0578    0.0053    0.0632    0.1844
   b_p_s[15]   -0.1342    0.0227    0.0829    0.1445    0.2599
   b_p_s[16]   -0.1740   -0.0269    0.0305    0.0901    0.2097
   b_p_s[17]   -0.1124    0.0380    0.0983    0.1597    0.2771
   b_p_s[18]   -0.2340   -0.0820   -0.0192    0.0368    0.1616
   b_p_s[19]   -0.2886   -0.1389   -0.0831   -0.0209    0.0968
   b_p_s[20]   -0.2259   -0.0783   -0.0174    0.0437    0.1572
   b_p_s[21]   -0.1164    0.0268    0.0864    0.1486    0.2683
   b_p_s[22]   -0.1477    0.0036    0.0650    0.1253    0.2498
   b_p_s[23]   -0.1492    0.0051    0.0644    0.1255    0.2437
   b_p_s[24]   -0.1951   -0.0444    0.0159    0.0787    0.2084
         a_e   -0.9440   -0.4361    0.0008    0.4477    1.2589
         b_e   -0.6330   -0.1917    0.0179    0.2223    0.5972
           σ    0.9779    0.9825    0.9851    0.9875    0.9915

