cpu-bind=MASK - bp1-compute136, task  0  0 [2814050]: mask 0xc0000000c0000000 set
Running on host bp1-compute136
Time is Mon May 18 21:59:06 BST 2026
Directory is /user/home/em18564/bayesian/BC4/Bayes/wordType_experiments/models/8_tightCauchy_e_0.5
Slurm job ID is 17380688
This job runs on the following machines:
bp1-compute136
Precompiling project...
  ✓ Contour
  ✓ Grisu
  ✓ LLVMOpenMP_jll
  ✓ Imath_jll
  ✓ IntelOpenMP_jll
  ✓ EpollShim_jll
  ✓ Ghostscript_jll
  ✓ Giflib_jll
  ✓ libsixel_jll
  ✓ oneTBB_jll
  ✓ libzip_jll
  ✓ SIMD
  ✓ LittleCMS_jll
  ✓ CodecZstd
  ✓ WebSockets
  ✓ HypergeometricFunctions
  ✓ QOI
  ✓ Graphics
  ✓ IntegralArrays
  ✓ OpenEXR_jll
  ✓ MKL_jll
  ✓ Sixel
  ✓ JpegTurbo
  ✓ OpenJpeg_jll
  ✓ Netpbm
  ✓ PNGFiles
  ✓ Latexify
  ✓ libwebp_jll
  ✓ StatsFuns
  ✓ Pango_jll
  ✓ Qt6ShaderTools_jll
  ✓ Qt6Svg_jll
  ✓ OpenEXR
  ✓ RecursiveArrayTools → RecursiveArrayToolsForwardDiffExt
  ✓ WebP
  ✓ ImageMagick_jll
  ✓ StatsFuns → StatsFunsInverseFunctionsExt
  ✓ Latexify → DataFramesExt
  ✓ libdecor_jll
  ✓ Qt6Declarative_jll
  ✓ StatsFuns → StatsFunsChainRulesCoreExt
  ✓ GLFW_jll
  ✓ TiffImages
  ✓ ImageIO
  ✓ Qt6Wayland_jll
  ✓ ImageMagick
  ✓ AdvancedHMC
  ✓ GR_jll
  ✓ Distributions
  ✓ Distributions → DistributionsTestExt
  ✓ PlotlyBase → DistributionsExt
  ✓ Distributions → DistributionsDensityInterfaceExt
  ✓ SciMLBase → SciMLBaseDistributionsExt
  ✓ Images
  ✓ GR
  ✓ Distributions → DistributionsChainRulesCoreExt
  ✓ SciMLBase → SciMLBaseChainRulesCoreExt
  ✓ SSMProblems
  ✓ PlotlyJS
  ✓ MultivariateStats
  ✓ EllipticalSliceSampling
  ✓ KernelDensity
  ✓ AdvancedVI
  ✓ AdvancedMH
  ✓ MCMCDiagnosticTools
  ✓ SciMLBase → SciMLBaseForwardDiffExt
  ✓ DistributionsAD
  ✓ AdvancedPS
  ✓ PlotlyJS → CSVExt
  ✓ Bijectors
  ✓ AdvancedPS → AdvancedPSLibtaskExt
  ✓ DistributionsAD → DistributionsADForwardDiffExt
  ✓ Bijectors → BijectorsForwardDiffExt
  ✓ AdvancedVI → AdvancedVIBijectorsExt
  ✓ MCMCChains
  ✓ Bijectors → BijectorsDistributionsADExt
  ✓ PlotlyJS → DataFramesExt
  ✓ AdvancedHMC → AdvancedHMCMCMCChainsExt
  ✓ AdvancedMH → AdvancedMHMCMCChainsExt
  ✓ AdvancedHMC → AdvancedHMCADTypesExt
  ✓ AdvancedMH → AdvancedMHForwardDiffExt
  ✓ AdvancedMH → AdvancedMHStructArraysExt
  ✓ OptimizationOptimJL
  ✓ DynamicPPL
  ✓ DynamicPPL → DynamicPPLMCMCChainsExt
  ✓ DynamicPPL → DynamicPPLForwardDiffExt
  ✓ Turing
  ✓ Turing → TuringOptimExt
  ✓ Plots
  ✓ Plots → FileIOExt
  ✓ StatsPlots
  91 dependencies successfully precompiled in 195 seconds. 455 already precompiled. 1 skipped during auto due to previous errors.
Sampling (4 threads)   0%|                              |  ETA: N/A
┌ Info: Found initial step size
└   ϵ = 0.0001953125
┌ Info: Found initial step size
└   ϵ = 0.000390625
┌ Info: Found initial step size
└   ϵ = 0.003125
┌ Info: Found initial step size
└   ϵ = 0.00625
Sampling (4 threads)   0%|▏                             |  ETA: 2:30:29
Sampling (4 threads)   1%|▎                             |  ETA: 1:14:57
Sampling (4 threads)   2%|▌                             |  ETA: 0:50:52
Sampling (4 threads)   2%|▋                             |  ETA: 0:37:57
Sampling (4 threads)   2%|▊                             |  ETA: 0:34:18
Sampling (4 threads)   3%|▉                             |  ETA: 0:28:26
Sampling (4 threads)   4%|█                             |  ETA: 0:24:15
Sampling (4 threads)   4%|█▎                            |  ETA: 0:21:06
Sampling (4 threads)   4%|█▍                            |  ETA: 0:24:39
Sampling (4 threads)   5%|█▌                            |  ETA: 0:22:04
Sampling (4 threads)   6%|█▋                            |  ETA: 0:31:31
Sampling (4 threads)   6%|█▊                            |  ETA: 0:28:44
Sampling (4 threads)   6%|██                            |  ETA: 1:07:58
Sampling (4 threads)   7%|██▏                           |  ETA: 1:02:46
Sampling (4 threads)   8%|██▎                           |  ETA: 0:58:16
Sampling (4 threads)   8%|██▍                           |  ETA: 0:54:20
Sampling (4 threads)   8%|██▌                           |  ETA: 1:25:37
Sampling (4 threads)   9%|██▊                           |  ETA: 1:20:25
Sampling (4 threads)  10%|██▉                           |  ETA: 1:49:20
Sampling (4 threads)  10%|███                           |  ETA: 1:43:17
Sampling (4 threads)  10%|███▏                          |  ETA: 1:37:49
Sampling (4 threads)  11%|███▎                          |  ETA: 1:32:51
Sampling (4 threads)  12%|███▌                          |  ETA: 1:50:40
Sampling (4 threads)  12%|███▋                          |  ETA: 1:45:27
Sampling (4 threads)  12%|███▊                          |  ETA: 2:04:27
Sampling (4 threads)  13%|███▉                          |  ETA: 1:58:58
Sampling (4 threads)  14%|████                          |  ETA: 1:53:54
Sampling (4 threads)  14%|████▎                         |  ETA: 1:49:12
Sampling (4 threads)  14%|████▍                         |  ETA: 2:04:34
Sampling (4 threads)  15%|████▌                         |  ETA: 1:59:42
Sampling (4 threads)  16%|████▋                         |  ETA: 1:55:10
Sampling (4 threads)  16%|████▊                         |  ETA: 2:06:43
Sampling (4 threads)  16%|█████                         |  ETA: 2:02:09
Sampling (4 threads)  17%|█████▏                        |  ETA: 1:57:51
Sampling (4 threads)  18%|█████▎                        |  ETA: 2:03:27
Sampling (4 threads)  18%|█████▍                        |  ETA: 1:59:17
Sampling (4 threads)  18%|█████▌                        |  ETA: 2:01:33
Sampling (4 threads)  19%|█████▊                        |  ETA: 1:57:37
Sampling (4 threads)  20%|█████▉                        |  ETA: 2:02:43
Sampling (4 threads)  20%|██████                        |  ETA: 1:58:54
Sampling (4 threads)  20%|██████▏                       |  ETA: 2:02:40
Sampling (4 threads)  21%|██████▎                       |  ETA: 1:58:59
Sampling (4 threads)  22%|██████▌                       |  ETA: 2:01:33
Sampling (4 threads)  22%|██████▋                       |  ETA: 1:58:02
Sampling (4 threads)  22%|██████▊                       |  ETA: 2:01:46
Sampling (4 threads)  23%|██████▉                       |  ETA: 1:58:21
Sampling (4 threads)  24%|███████                       |  ETA: 1:55:04
Sampling (4 threads)  24%|███████▎                      |  ETA: 1:56:27
Sampling (4 threads)  24%|███████▍                      |  ETA: 1:53:19
Sampling (4 threads)  25%|███████▌                      |  ETA: 1:59:06
Sampling (4 threads)  26%|███████▋                      |  ETA: 1:56:00
Sampling (4 threads)  26%|███████▊                      |  ETA: 1:53:00
Sampling (4 threads)  26%|████████                      |  ETA: 1:58:28
Sampling (4 threads)  27%|████████▏                     |  ETA: 1:55:29
Sampling (4 threads)  28%|████████▎                     |  ETA: 1:52:36
Sampling (4 threads)  28%|████████▍                     |  ETA: 1:59:28
Sampling (4 threads)  28%|████████▌                     |  ETA: 1:56:33
Sampling (4 threads)  29%|████████▊                     |  ETA: 1:53:44
Sampling (4 threads)  30%|████████▉                     |  ETA: 1:51:01
Sampling (4 threads)  30%|█████████                     |  ETA: 1:57:31
Sampling (4 threads)  30%|█████████▏                    |  ETA: 1:54:45
Sampling (4 threads)  31%|█████████▎                    |  ETA: 1:52:06
Sampling (4 threads)  32%|█████████▌                    |  ETA: 1:53:59
Sampling (4 threads)  32%|█████████▋                    |  ETA: 1:51:23
Sampling (4 threads)  32%|█████████▊                    |  ETA: 1:56:41
Sampling (4 threads)  33%|█████████▉                    |  ETA: 1:54:04
Sampling (4 threads)  34%|██████████                    |  ETA: 1:51:31
Sampling (4 threads)  34%|██████████▎                   |  ETA: 1:49:03
Sampling (4 threads)  34%|██████████▍                   |  ETA: 1:51:58
Sampling (4 threads)  35%|██████████▌                   |  ETA: 1:49:31
Sampling (4 threads)  36%|██████████▋                   |  ETA: 1:51:27
Sampling (4 threads)  36%|██████████▊                   |  ETA: 1:49:03
Sampling (4 threads)  36%|███████████                   |  ETA: 1:52:06
Sampling (4 threads)  37%|███████████▏                  |  ETA: 1:49:42
Sampling (4 threads)  38%|███████████▎                  |  ETA: 1:47:23
Sampling (4 threads)  38%|███████████▍                  |  ETA: 1:48:36
Sampling (4 threads)  38%|███████████▌                  |  ETA: 1:46:19
Sampling (4 threads)  39%|███████████▊                  |  ETA: 1:44:06
Sampling (4 threads)  40%|███████████▉                  |  ETA: 1:47:14
Sampling (4 threads)  40%|████████████                  |  ETA: 1:45:01
Sampling (4 threads)  40%|████████████▏                 |  ETA: 1:45:56
Sampling (4 threads)  41%|████████████▎                 |  ETA: 1:43:46
Sampling (4 threads)  42%|████████████▌                 |  ETA: 1:43:57
Sampling (4 threads)  42%|████████████▋                 |  ETA: 1:41:50
Sampling (4 threads)  42%|████████████▊                 |  ETA: 1:43:58
Sampling (4 threads)  43%|████████████▉                 |  ETA: 1:41:52
Sampling (4 threads)  44%|█████████████                 |  ETA: 1:39:49
Sampling (4 threads)  44%|█████████████▎                |  ETA: 1:40:28
Sampling (4 threads)  44%|█████████████▍                |  ETA: 1:38:27
Sampling (4 threads)  45%|█████████████▌                |  ETA: 1:39:02
Sampling (4 threads)  46%|█████████████▋                |  ETA: 1:37:03
Sampling (4 threads)  46%|█████████████▊                |  ETA: 1:39:16
Sampling (4 threads)  46%|██████████████                |  ETA: 1:37:17
Sampling (4 threads)  47%|██████████████▏               |  ETA: 1:35:21
Sampling (4 threads)  48%|██████████████▎               |  ETA: 1:33:27
Sampling (4 threads)  48%|██████████████▍               |  ETA: 1:34:05
Sampling (4 threads)  48%|██████████████▌               |  ETA: 1:32:14
Sampling (4 threads)  49%|██████████████▊               |  ETA: 1:33:24
Sampling (4 threads)  50%|██████████████▉               |  ETA: 1:31:33
Sampling (4 threads)  50%|███████████████               |  ETA: 1:29:45
Sampling (4 threads)  50%|███████████████▏              |  ETA: 1:31:17
Sampling (4 threads)  51%|███████████████▎              |  ETA: 1:29:29
Sampling (4 threads)  52%|███████████████▌              |  ETA: 1:27:43
Sampling (4 threads)  52%|███████████████▋              |  ETA: 1:28:30
Sampling (4 threads)  52%|███████████████▊              |  ETA: 1:26:45
Sampling (4 threads)  53%|███████████████▉              |  ETA: 1:25:02
Sampling (4 threads)  54%|████████████████              |  ETA: 1:25:18
Sampling (4 threads)  54%|████████████████▎             |  ETA: 1:23:36
Sampling (4 threads)  55%|████████████████▍             |  ETA: 1:23:41
Sampling (4 threads)  55%|████████████████▌             |  ETA: 1:22:01
Sampling (4 threads)  56%|████████████████▋             |  ETA: 1:22:03
Sampling (4 threads)  56%|████████████████▊             |  ETA: 1:20:24
Sampling (4 threads)  56%|█████████████████             |  ETA: 1:20:13
Sampling (4 threads)  57%|█████████████████▏            |  ETA: 1:18:36
Sampling (4 threads)  57%|█████████████████▎            |  ETA: 1:18:44
Sampling (4 threads)  58%|█████████████████▍            |  ETA: 1:17:08
Sampling (4 threads)  58%|█████████████████▌            |  ETA: 1:17:09
Sampling (4 threads)  59%|█████████████████▊            |  ETA: 1:15:34
Sampling (4 threads)  60%|█████████████████▉            |  ETA: 1:14:01
Sampling (4 threads)  60%|██████████████████            |  ETA: 1:14:18
Sampling (4 threads)  60%|██████████████████▏           |  ETA: 1:12:46
Sampling (4 threads)  61%|██████████████████▎           |  ETA: 1:13:09
Sampling (4 threads)  62%|██████████████████▌           |  ETA: 1:11:37
Sampling (4 threads)  62%|██████████████████▋           |  ETA: 1:10:07
Sampling (4 threads)  62%|██████████████████▊           |  ETA: 1:08:39
Sampling (4 threads)  63%|██████████████████▉           |  ETA: 1:09:05
Sampling (4 threads)  64%|███████████████████           |  ETA: 1:07:37
Sampling (4 threads)  64%|███████████████████▎          |  ETA: 1:07:41
Sampling (4 threads)  64%|███████████████████▍          |  ETA: 1:06:14
Sampling (4 threads)  65%|███████████████████▌          |  ETA: 1:04:48
Sampling (4 threads)  66%|███████████████████▋          |  ETA: 1:04:46
Sampling (4 threads)  66%|███████████████████▊          |  ETA: 1:03:21
Sampling (4 threads)  66%|████████████████████          |  ETA: 1:01:57
Sampling (4 threads)  67%|████████████████████▏         |  ETA: 1:01:52
Sampling (4 threads)  68%|████████████████████▎         |  ETA: 1:00:29
Sampling (4 threads)  68%|████████████████████▍         |  ETA: 1:00:33
Sampling (4 threads)  68%|████████████████████▌         |  ETA: 0:59:11
Sampling (4 threads)  69%|████████████████████▊         |  ETA: 0:57:49
Sampling (4 threads)  70%|████████████████████▉         |  ETA: 0:56:28
Sampling (4 threads)  70%|█████████████████████         |  ETA: 0:56:38
Sampling (4 threads)  70%|█████████████████████▏        |  ETA: 0:55:18
Sampling (4 threads)  71%|█████████████████████▎        |  ETA: 0:53:59
Sampling (4 threads)  72%|█████████████████████▌        |  ETA: 0:53:55
Sampling (4 threads)  72%|█████████████████████▋        |  ETA: 0:52:37
Sampling (4 threads)  72%|█████████████████████▊        |  ETA: 0:51:19
Sampling (4 threads)  73%|█████████████████████▉        |  ETA: 0:51:13
Sampling (4 threads)  74%|██████████████████████        |  ETA: 0:49:55
Sampling (4 threads)  74%|██████████████████████▎       |  ETA: 0:49:45
Sampling (4 threads)  74%|██████████████████████▍       |  ETA: 0:48:28
Sampling (4 threads)  75%|██████████████████████▌       |  ETA: 0:47:12
Sampling (4 threads)  76%|██████████████████████▋       |  ETA: 0:45:57
Sampling (4 threads)  76%|██████████████████████▊       |  ETA: 0:45:53
Sampling (4 threads)  76%|███████████████████████       |  ETA: 0:44:38
Sampling (4 threads)  77%|███████████████████████▏      |  ETA: 0:43:24
Sampling (4 threads)  78%|███████████████████████▎      |  ETA: 0:43:16
Sampling (4 threads)  78%|███████████████████████▍      |  ETA: 0:42:02
Sampling (4 threads)  78%|███████████████████████▌      |  ETA: 0:40:49
Sampling (4 threads)  79%|███████████████████████▊      |  ETA: 0:39:37
Sampling (4 threads)  80%|███████████████████████▉      |  ETA: 0:39:14
Sampling (4 threads)  80%|████████████████████████      |  ETA: 0:38:03
Sampling (4 threads)  80%|████████████████████████▏     |  ETA: 0:36:52
Sampling (4 threads)  81%|████████████████████████▎     |  ETA: 0:36:15
Sampling (4 threads)  82%|████████████████████████▌     |  ETA: 0:35:05
Sampling (4 threads)  82%|████████████████████████▋     |  ETA: 0:34:35
Sampling (4 threads)  82%|████████████████████████▊     |  ETA: 0:33:25
Sampling (4 threads)  83%|████████████████████████▉     |  ETA: 0:32:50
Sampling (4 threads)  84%|█████████████████████████     |  ETA: 0:31:41
Sampling (4 threads)  84%|█████████████████████████▎    |  ETA: 0:30:32
Sampling (4 threads)  84%|█████████████████████████▍    |  ETA: 0:29:55
Sampling (4 threads)  85%|█████████████████████████▌    |  ETA: 0:28:47
Sampling (4 threads)  86%|█████████████████████████▋    |  ETA: 0:28:08
Sampling (4 threads)  86%|█████████████████████████▊    |  ETA: 0:27:00
Sampling (4 threads)  86%|██████████████████████████    |  ETA: 0:26:04
Sampling (4 threads)  87%|██████████████████████████▏   |  ETA: 0:24:57
Sampling (4 threads)  88%|██████████████████████████▎   |  ETA: 0:24:14
Sampling (4 threads)  88%|██████████████████████████▍   |  ETA: 0:23:08
Sampling (4 threads)  88%|██████████████████████████▌   |  ETA: 0:22:03
Sampling (4 threads)  89%|██████████████████████████▊   |  ETA: 0:21:14
Sampling (4 threads)  90%|██████████████████████████▉   |  ETA: 0:20:09
Sampling (4 threads)  90%|███████████████████████████   |  ETA: 0:19:16
Sampling (4 threads)  90%|███████████████████████████▏  |  ETA: 0:18:12
Sampling (4 threads)  91%|███████████████████████████▎  |  ETA: 0:17:09
Sampling (4 threads)  92%|███████████████████████████▌  |  ETA: 0:16:13
Sampling (4 threads)  92%|███████████████████████████▋  |  ETA: 0:15:17
Sampling (4 threads)  92%|███████████████████████████▊  |  ETA: 0:14:18
Sampling (4 threads)  93%|███████████████████████████▉  |  ETA: 0:13:22
Sampling (4 threads)  94%|████████████████████████████  |  ETA: 0:12:31
Sampling (4 threads)  94%|████████████████████████████▎ |  ETA: 0:11:33
Sampling (4 threads)  94%|████████████████████████████▍ |  ETA: 0:10:36
Sampling (4 threads)  95%|████████████████████████████▌ |  ETA: 0:09:37
Sampling (4 threads)  96%|████████████████████████████▋ |  ETA: 0:08:41
Sampling (4 threads)  96%|████████████████████████████▊ |  ETA: 0:07:43
Sampling (4 threads)  96%|█████████████████████████████ |  ETA: 0:06:46
Sampling (4 threads)  97%|█████████████████████████████▏|  ETA: 0:05:48
Sampling (4 threads)  98%|█████████████████████████████▎|  ETA: 0:04:50
Sampling (4 threads)  98%|█████████████████████████████▍|  ETA: 0:03:52
Sampling (4 threads)  98%|█████████████████████████████▌|  ETA: 0:02:54
Sampling (4 threads)  99%|█████████████████████████████▊|  ETA: 0:01:57
Sampling (4 threads) 100%|█████████████████████████████▉|  ETA: 0:00:59
Sampling (4 threads) 100%|██████████████████████████████| Time: 3:18:48
Sampling (4 threads) 100%|██████████████████████████████| Time: 3:18:49
GKS: cannot open display - headless operation mode active
┌ Warning: Module FileIO with build ID fafbfcfd-19cf-a58d-0003-c515eef629a0 is missing from the cache.
│ This may mean FileIO [5789e2e9-d7fb-5bc7-8068-2c6fae9b9549] does not support precompilation but is imported by a module that does.
└ @ Base loading.jl:1948
┌ Warning: Module ImageCore with build ID ffffffff-ffff-ffff-0003-9244db9a7288 is missing from the cache.
│ This may mean ImageCore [a09fc81d-aa75-5fe9-8630-4744c3626534] does not support precompilation but is imported by a module that does.
└ @ Base loading.jl:1948

Sampling (4 threads)   0%|                              |  ETA: N/A
┌ Info: Found initial step size
└   ϵ = 0.003125
┌ Info: Found initial step size
└   ϵ = 0.0001953125
┌ Info: Found initial step size
└   ϵ = 0.003125
┌ Info: Found initial step size
└   ϵ = 0.00078125
Sampling (4 threads)   0%|▏                             |  ETA: 3:35:31
Sampling (4 threads)   1%|▎                             |  ETA: 1:47:19
Sampling (4 threads)   2%|▌                             |  ETA: 1:13:59
Sampling (4 threads)   2%|▋                             |  ETA: 0:55:12
Sampling (4 threads)   2%|▊                             |  ETA: 0:44:52
Sampling (4 threads)   3%|▉                             |  ETA: 0:37:12
Sampling (4 threads)   4%|█                             |  ETA: 0:52:11
Sampling (4 threads)   4%|█▎                            |  ETA: 0:45:25
Sampling (4 threads)   4%|█▍                            |  ETA: 1:27:37
Sampling (4 threads)   5%|█▌                            |  ETA: 1:18:27
Sampling (4 threads)   6%|█▋                            |  ETA: 1:10:56
Sampling (4 threads)   6%|█▊                            |  ETA: 2:24:44
Sampling (4 threads)   6%|██                            |  ETA: 2:12:53
Sampling (4 threads)   7%|██▏                           |  ETA: 2:02:44
Sampling (4 threads)   8%|██▎                           |  ETA: 2:37:08
Sampling (4 threads)   8%|██▍                           |  ETA: 2:26:31
Sampling (4 threads)   8%|██▌                           |  ETA: 2:47:23
Sampling (4 threads)   9%|██▊                           |  ETA: 2:37:13
Sampling (4 threads)  10%|██▉                           |  ETA: 3:07:30
Sampling (4 threads)  10%|███                           |  ETA: 2:57:08
Sampling (4 threads)  10%|███▏                          |  ETA: 2:56:15
Sampling (4 threads)  11%|███▎                          |  ETA: 2:47:18
Sampling (4 threads)  12%|███▌                          |  ETA: 3:00:23
Sampling (4 threads)  12%|███▋                          |  ETA: 2:51:53
Sampling (4 threads)  12%|███▊                          |  ETA: 3:03:15
Sampling (4 threads)  13%|███▉                          |  ETA: 2:55:12
Sampling (4 threads)  14%|████                          |  ETA: 2:47:44
Sampling (4 threads)  14%|████▎                         |  ETA: 3:07:31
Sampling (4 threads)  14%|████▍                         |  ETA: 3:00:00
Sampling (4 threads)  15%|████▌                         |  ETA: 2:52:58
Sampling (4 threads)  16%|████▋                         |  ETA: 3:07:39
Sampling (4 threads)  16%|████▊                         |  ETA: 3:00:42
Sampling (4 threads)  16%|█████                         |  ETA: 2:54:11
Sampling (4 threads)  17%|█████▏                        |  ETA: 3:12:08
Sampling (4 threads)  18%|█████▎                        |  ETA: 3:05:31
Sampling (4 threads)  18%|█████▍                        |  ETA: 2:59:16
Sampling (4 threads)  18%|█████▌                        |  ETA: 3:06:40
Sampling (4 threads)  19%|█████▊                        |  ETA: 3:00:39
Sampling (4 threads)  20%|█████▉                        |  ETA: 3:11:02
Sampling (4 threads)  20%|██████                        |  ETA: 3:05:06
Sampling (4 threads)  20%|██████▏                       |  ETA: 2:59:28
Sampling (4 threads)  21%|██████▎                       |  ETA: 3:08:55
Sampling (4 threads)  22%|██████▌                       |  ETA: 3:03:21
Sampling (4 threads)  22%|██████▋                       |  ETA: 2:58:03
Sampling (4 threads)  22%|██████▊                       |  ETA: 3:04:01
Sampling (4 threads)  23%|██████▉                       |  ETA: 2:58:51
Sampling (4 threads)  24%|███████                       |  ETA: 2:53:55
Sampling (4 threads)  24%|███████▎                      |  ETA: 2:56:32
Sampling (4 threads)  24%|███████▍                      |  ETA: 2:51:48
Sampling (4 threads)  25%|███████▌                      |  ETA: 2:59:13
Sampling (4 threads)  26%|███████▋                      |  ETA: 2:54:32
Sampling (4 threads)  26%|███████▊                      |  ETA: 2:50:02
Sampling (4 threads)  26%|████████                      |  ETA: 2:56:01
Sampling (4 threads)  27%|████████▏                     |  ETA: 2:51:35
Sampling (4 threads)  28%|████████▎                     |  ETA: 2:47:19
Sampling (4 threads)  28%|████████▍                     |  ETA: 2:53:04
Sampling (4 threads)  28%|████████▌                     |  ETA: 2:48:51
Sampling (4 threads)  29%|████████▊                     |  ETA: 2:44:47
Sampling (4 threads)  30%|████████▉                     |  ETA: 2:47:08
Sampling (4 threads)  30%|█████████                     |  ETA: 2:43:11
Sampling (4 threads)  30%|█████████▏                    |  ETA: 2:39:21
Sampling (4 threads)  31%|█████████▎                    |  ETA: 2:43:50
Sampling (4 threads)  32%|█████████▌                    |  ETA: 2:40:03
Sampling (4 threads)  32%|█████████▋                    |  ETA: 2:36:24
Sampling (4 threads)  32%|█████████▊                    |  ETA: 2:42:31
Sampling (4 threads)  33%|█████████▉                    |  ETA: 2:38:52
Sampling (4 threads)  34%|██████████                    |  ETA: 2:35:19
Sampling (4 threads)  34%|██████████▎                   |  ETA: 2:38:59
Sampling (4 threads)  34%|██████████▍                   |  ETA: 2:35:29
Sampling (4 threads)  35%|██████████▌                   |  ETA: 2:39:34
Sampling (4 threads)  36%|██████████▋                   |  ETA: 2:36:07
Sampling (4 threads)  36%|██████████▊                   |  ETA: 2:32:45
Sampling (4 threads)  36%|███████████                   |  ETA: 2:39:35
Sampling (4 threads)  37%|███████████▏                  |  ETA: 2:36:12
Sampling (4 threads)  38%|███████████▎                  |  ETA: 2:32:53
Sampling (4 threads)  38%|███████████▍                  |  ETA: 2:29:40
Sampling (4 threads)  38%|███████████▌                  |  ETA: 2:35:06
Sampling (4 threads)  39%|███████████▊                  |  ETA: 2:31:52
Sampling (4 threads)  40%|███████████▉                  |  ETA: 2:28:43
Sampling (4 threads)  40%|████████████                  |  ETA: 2:31:44
Sampling (4 threads)  40%|████████████▏                 |  ETA: 2:28:36
Sampling (4 threads)  41%|████████████▎                 |  ETA: 2:30:08
Sampling (4 threads)  42%|████████████▌                 |  ETA: 2:27:04
Sampling (4 threads)  42%|████████████▋                 |  ETA: 2:24:05
Sampling (4 threads)  42%|████████████▊                 |  ETA: 2:26:23
Sampling (4 threads)  43%|████████████▉                 |  ETA: 2:23:25
Sampling (4 threads)  44%|█████████████                 |  ETA: 2:26:26
Sampling (4 threads)  44%|█████████████▎                |  ETA: 2:23:29
Sampling (4 threads)  44%|█████████████▍                |  ETA: 2:20:36
Sampling (4 threads)  45%|█████████████▌                |  ETA: 2:21:54
Sampling (4 threads)  46%|█████████████▋                |  ETA: 2:19:04
Sampling (4 threads)  46%|█████████████▊                |  ETA: 2:20:50
Sampling (4 threads)  46%|██████████████                |  ETA: 2:18:02
Sampling (4 threads)  47%|██████████████▏               |  ETA: 2:15:17
Sampling (4 threads)  48%|██████████████▎               |  ETA: 2:17:45
Sampling (4 threads)  48%|██████████████▍               |  ETA: 2:15:01
Sampling (4 threads)  48%|██████████████▌               |  ETA: 2:15:09
Sampling (4 threads)  49%|██████████████▊               |  ETA: 2:12:28
Sampling (4 threads)  50%|██████████████▉               |  ETA: 2:14:50
Sampling (4 threads)  50%|███████████████               |  ETA: 2:12:10
Sampling (4 threads)  50%|███████████████▏              |  ETA: 2:09:33
Sampling (4 threads)  51%|███████████████▎              |  ETA: 2:06:59
Sampling (4 threads)  52%|███████████████▌              |  ETA: 2:08:33
Sampling (4 threads)  52%|███████████████▋              |  ETA: 2:06:00
Sampling (4 threads)  52%|███████████████▊              |  ETA: 2:05:50
Sampling (4 threads)  53%|███████████████▉              |  ETA: 2:03:20
Sampling (4 threads)  54%|████████████████              |  ETA: 2:04:59
Sampling (4 threads)  54%|████████████████▎             |  ETA: 2:02:30
Sampling (4 threads)  55%|████████████████▍             |  ETA: 2:00:03
Sampling (4 threads)  55%|████████████████▌             |  ETA: 1:59:33
Sampling (4 threads)  56%|████████████████▋             |  ETA: 1:57:09
Sampling (4 threads)  56%|████████████████▊             |  ETA: 1:56:53
Sampling (4 threads)  56%|█████████████████             |  ETA: 1:54:32
Sampling (4 threads)  57%|█████████████████▏            |  ETA: 1:56:10
Sampling (4 threads)  57%|█████████████████▎            |  ETA: 1:53:49
Sampling (4 threads)  58%|█████████████████▍            |  ETA: 1:53:55
Sampling (4 threads)  58%|█████████████████▌            |  ETA: 1:51:36
Sampling (4 threads)  59%|█████████████████▊            |  ETA: 1:51:27
Sampling (4 threads)  60%|█████████████████▉            |  ETA: 1:49:10
Sampling (4 threads)  60%|██████████████████            |  ETA: 1:49:04
Sampling (4 threads)  60%|██████████████████▏           |  ETA: 1:46:49
Sampling (4 threads)  61%|██████████████████▎           |  ETA: 1:46:23
Sampling (4 threads)  62%|██████████████████▌           |  ETA: 1:44:09
Sampling (4 threads)  62%|██████████████████▋           |  ETA: 1:41:59
Sampling (4 threads)  62%|██████████████████▊           |  ETA: 1:43:28
Sampling (4 threads)  63%|██████████████████▉           |  ETA: 1:41:17
Sampling (4 threads)  64%|███████████████████           |  ETA: 1:39:08
Sampling (4 threads)  64%|███████████████████▎          |  ETA: 1:40:40
Sampling (4 threads)  64%|███████████████████▍          |  ETA: 1:38:30
Sampling (4 threads)  65%|███████████████████▌          |  ETA: 1:36:22
Sampling (4 threads)  66%|███████████████████▋          |  ETA: 1:35:51
Sampling (4 threads)  66%|███████████████████▊          |  ETA: 1:33:45
Sampling (4 threads)  66%|████████████████████          |  ETA: 1:34:16
Sampling (4 threads)  67%|████████████████████▏         |  ETA: 1:32:10
Sampling (4 threads)  68%|████████████████████▎         |  ETA: 1:30:06
Sampling (4 threads)  68%|████████████████████▍         |  ETA: 1:30:10
Sampling (4 threads)  68%|████████████████████▌         |  ETA: 1:28:07
Sampling (4 threads)  69%|████████████████████▊         |  ETA: 1:28:02
Sampling (4 threads)  70%|████████████████████▉         |  ETA: 1:26:00
Sampling (4 threads)  70%|█████████████████████         |  ETA: 1:25:44
Sampling (4 threads)  70%|█████████████████████▏        |  ETA: 1:23:43
Sampling (4 threads)  71%|█████████████████████▎        |  ETA: 1:21:43
Sampling (4 threads)  72%|█████████████████████▌        |  ETA: 1:21:06
Sampling (4 threads)  72%|█████████████████████▋        |  ETA: 1:19:07
Sampling (4 threads)  72%|█████████████████████▊        |  ETA: 1:18:46
Sampling (4 threads)  73%|█████████████████████▉        |  ETA: 1:16:49
Sampling (4 threads)  74%|██████████████████████        |  ETA: 1:15:36
Sampling (4 threads)  74%|██████████████████████▎       |  ETA: 1:13:40
Sampling (4 threads)  74%|██████████████████████▍       |  ETA: 1:12:33
Sampling (4 threads)  75%|██████████████████████▌       |  ETA: 1:10:40
Sampling (4 threads)  76%|██████████████████████▋       |  ETA: 1:09:35
Sampling (4 threads)  76%|██████████████████████▊       |  ETA: 1:07:42
Sampling (4 threads)  76%|███████████████████████       |  ETA: 1:06:49
Sampling (4 threads)  77%|███████████████████████▏      |  ETA: 1:04:58
Sampling (4 threads)  78%|███████████████████████▎      |  ETA: 1:04:22
Sampling (4 threads)  78%|███████████████████████▍      |  ETA: 1:02:32
Sampling (4 threads)  78%|███████████████████████▌      |  ETA: 1:00:43
Sampling (4 threads)  79%|███████████████████████▊      |  ETA: 0:59:48
Sampling (4 threads)  80%|███████████████████████▉      |  ETA: 0:58:01
Sampling (4 threads)  80%|████████████████████████      |  ETA: 0:56:53
Sampling (4 threads)  80%|████████████████████████▏     |  ETA: 0:55:07
Sampling (4 threads)  81%|████████████████████████▎     |  ETA: 0:54:08
Sampling (4 threads)  82%|████████████████████████▌     |  ETA: 0:52:23
Sampling (4 threads)  82%|████████████████████████▋     |  ETA: 0:51:30
Sampling (4 threads)  82%|████████████████████████▊     |  ETA: 0:49:46
Sampling (4 threads)  83%|████████████████████████▉     |  ETA: 0:48:39
Sampling (4 threads)  84%|█████████████████████████     |  ETA: 0:46:56
Sampling (4 threads)  84%|█████████████████████████▎    |  ETA: 0:46:01
Sampling (4 threads)  84%|█████████████████████████▍    |  ETA: 0:44:19
Sampling (4 threads)  85%|█████████████████████████▌    |  ETA: 0:42:38
Sampling (4 threads)  86%|█████████████████████████▋    |  ETA: 0:40:58
Sampling (4 threads)  86%|█████████████████████████▊    |  ETA: 0:40:11
Sampling (4 threads)  86%|██████████████████████████    |  ETA: 0:38:31
Sampling (4 threads)  87%|██████████████████████████▏   |  ETA: 0:36:53
Sampling (4 threads)  88%|██████████████████████████▎   |  ETA: 0:35:43
Sampling (4 threads)  88%|██████████████████████████▍   |  ETA: 0:34:06
Sampling (4 threads)  88%|██████████████████████████▌   |  ETA: 0:32:57
Sampling (4 threads)  89%|██████████████████████████▊   |  ETA: 0:31:20
Sampling (4 threads)  90%|██████████████████████████▉   |  ETA: 0:29:45
Sampling (4 threads)  90%|███████████████████████████   |  ETA: 0:28:32
Sampling (4 threads)  90%|███████████████████████████▏  |  ETA: 0:26:57
Sampling (4 threads)  91%|███████████████████████████▎  |  ETA: 0:25:38
Sampling (4 threads)  92%|███████████████████████████▌  |  ETA: 0:24:04
Sampling (4 threads)  92%|███████████████████████████▋  |  ETA: 0:22:43
Sampling (4 threads)  92%|███████████████████████████▊  |  ETA: 0:21:11
Sampling (4 threads)  93%|███████████████████████████▉  |  ETA: 0:19:40
Sampling (4 threads)  94%|████████████████████████████  |  ETA: 0:18:16
Sampling (4 threads)  94%|████████████████████████████▎ |  ETA: 0:16:50
Sampling (4 threads)  94%|████████████████████████████▍ |  ETA: 0:15:27
Sampling (4 threads)  95%|████████████████████████████▌ |  ETA: 0:14:09
Sampling (4 threads)  96%|████████████████████████████▋ |  ETA: 0:12:47
Sampling (4 threads)  96%|████████████████████████████▊ |  ETA: 0:11:22
Sampling (4 threads)  96%|█████████████████████████████ |  ETA: 0:09:59
Sampling (4 threads)  97%|█████████████████████████████▏|  ETA: 0:08:34
Sampling (4 threads)  98%|█████████████████████████████▎|  ETA: 0:07:10
Sampling (4 threads)  98%|█████████████████████████████▍|  ETA: 0:05:45
Sampling (4 threads)  98%|█████████████████████████████▌|  ETA: 0:04:20
Sampling (4 threads)  99%|█████████████████████████████▊|  ETA: 0:02:54
Sampling (4 threads) 100%|█████████████████████████████▉|  ETA: 0:01:27
Sampling (4 threads) 100%|██████████████████████████████| Time: 4:50:17
Sampling (4 threads) 100%|██████████████████████████████| Time: 4:50:17
