Chains MCMC chain (250×89×4 Array{Float64, 3}):

Iterations        = 126:1:375
Number of chains  = 4
Samples per chain = 250
Wall duration     = 4136.09 seconds
Compute duration  = 15892.22 seconds
parameters        = σ_w[1], σ_w[2], ρ_w[1,1], ρ_w[2,1], ρ_w[1,2], ρ_w[2,2], ab_w[1,1], ab_w[2,1], ab_w[1,2], ab_w[2,2], ab_w[1,3], ab_w[2,3], ab_w[1,4], ab_w[2,4], σ_p[1], σ_p[2], ρ_p[1,1], ρ_p[2,1], ρ_p[1,2], ρ_p[2,2], ab_p[1,1], ab_p[2,1], ab_p[1,2], ab_p[2,2], ab_p[1,3], ab_p[2,3], ab_p[1,4], ab_p[2,4], ab_p[1,5], ab_p[2,5], ab_p[1,6], ab_p[2,6], ab_p[1,7], ab_p[2,7], ab_p[1,8], ab_p[2,8], ab_p[1,9], ab_p[2,9], ab_p[1,10], ab_p[2,10], ab_p[1,11], ab_p[2,11], ab_p[1,12], ab_p[2,12], ab_p[1,13], ab_p[2,13], ab_p[1,14], ab_p[2,14], ab_p[1,15], ab_p[2,15], ab_p[1,16], ab_p[2,16], ab_p[1,17], ab_p[2,17], ab_p[1,18], ab_p[2,18], ab_p[1,19], ab_p[2,19], ab_p[1,20], ab_p[2,20], ab_p[1,21], ab_p[2,21], ab_p[1,22], ab_p[2,22], ab_p[1,23], ab_p[2,23], ab_p[1,24], ab_p[2,24], σ_e[1], σ_e[2], ρ_e[1,1], ρ_e[2,1], ρ_e[1,2], ρ_e[2,2], ab_e[1,1], ab_e[2,1], σ
internals         = lp, n_steps, is_accept, acceptance_rate, log_density, hamiltonian_energy, hamiltonian_energy_error, max_hamiltonian_energy_error, tree_depth, numerical_error, step_size, nom_step_size

Summary Statistics
  parameters      mean       std      mcse    ess_bulk   ess_tail      rhat   ess_per_sec
      Symbol   Float64   Float64   Float64     Float64    Float64   Float64       Float64

      σ_w[1]    0.1065    0.0795    0.0042    412.6710   523.8428    1.0052        0.0260
      σ_w[2]    0.0793    0.0702    0.0050    343.6106   326.9075    1.0153        0.0216
    ρ_w[1,1]    1.0000    0.0000       NaN         NaN        NaN       NaN           NaN
    ρ_w[2,1]   -0.2154    0.4175    0.0157    690.5094   612.0088    1.0003        0.0434
    ρ_w[1,2]   -0.2154    0.4175    0.0157    690.5094   612.0088    1.0003        0.0434
    ρ_w[2,2]    1.0000    0.0000    0.0000    967.4532   941.7179    0.9994        0.0609
   ab_w[1,1]    0.0195    0.0541    0.0016   1199.9710   822.9489    1.0073        0.0755
   ab_w[2,1]    0.0047    0.0484    0.0018    964.8918   443.9531    1.0017        0.0607
   ab_w[1,2]    0.0800    0.0506    0.0014   1172.7146   710.4340    1.0021        0.0738
   ab_w[2,2]   -0.0559    0.0457    0.0017    993.6872   440.5662    1.0023        0.0625
   ab_w[1,3]   -0.0574    0.0503    0.0014   1191.6874   821.1295    1.0019        0.0750
   ab_w[2,3]    0.0076    0.0452    0.0018    977.3792   448.1620    1.0050        0.0615
   ab_w[1,4]   -0.0068    0.0520    0.0015   1109.2368   646.4015    1.0039        0.0698
   ab_w[2,4]    0.0422    0.0477    0.0017    970.4850   460.4628    1.0034        0.0611
      σ_p[1]    0.1180    0.0205    0.0007    985.5426   675.4247    1.0017        0.0620
      σ_p[2]    0.0584    0.0129    0.0005    776.7977   607.7415    1.0086        0.0489
    ρ_p[1,1]    1.0000    0.0000       NaN         NaN        NaN       NaN           NaN
    ρ_p[2,1]    0.0391    0.2239    0.0072    959.2663   649.7111    1.0042        0.0604
    ρ_p[1,2]    0.0391    0.2239    0.0072    959.2663   649.7111    1.0042        0.0604
    ρ_p[2,2]    1.0000    0.0000    0.0000    987.9153        NaN    1.0007        0.0622
   ab_p[1,1]   -0.1129    0.0419    0.0013    987.1445   793.2779    1.0051        0.0621
   ab_p[2,1]   -0.0016    0.0295    0.0009   1068.5336   883.6077    1.0011        0.0672
   ab_p[1,2]    0.1402    0.0398    0.0012   1110.9856   738.8744    1.0031        0.0699
   ab_p[2,2]    0.0616    0.0304    0.0010   1014.6893   831.7430    0.9989        0.0638
   ab_p[1,3]   -0.1322    0.0396    0.0013    928.8590   806.6061    1.0027        0.0584
   ab_p[2,3]    0.0318    0.0297    0.0009   1074.2749   932.2314    1.0013        0.0676
   ab_p[1,4]    0.1330    0.0408    0.0012   1115.7826   883.2570    1.0044        0.0702
   ab_p[2,4]   -0.0289    0.0298    0.0008   1283.1098   728.0464    1.0004        0.0807
   ab_p[1,5]   -0.0132    0.0395    0.0012   1149.4692   654.2068    1.0058        0.0723
   ab_p[2,5]   -0.0045    0.0295    0.0009   1035.1382   874.4264    0.9995        0.0651
   ab_p[1,6]   -0.1953    0.0419    0.0014    894.5577   843.4593    1.0046        0.0563
   ab_p[2,6]    0.0710    0.0319    0.0010   1012.6271   667.8665    1.0021        0.0637
   ab_p[1,7]    0.0175    0.0395    0.0012   1025.9506   661.9646    1.0015        0.0646
   ab_p[2,7]    0.0137    0.0290    0.0009   1063.9703   848.5241    1.0035        0.0669
   ab_p[1,8]    0.1372    0.0408    0.0013   1063.2629   813.1747    1.0014        0.0669
   ab_p[2,8]    0.0244    0.0288    0.0008   1211.4863   905.7019    1.0029        0.0762
   ab_p[1,9]   -0.0859    0.0407    0.0012   1148.4592   782.6454    1.0017        0.0723
   ab_p[2,9]   -0.0507    0.0309    0.0010   1005.7201   675.0913    1.0014        0.0633
  ab_p[1,10]   -0.1149    0.0407    0.0014    875.2405   862.8422    1.0043        0.0551
  ab_p[2,10]   -0.0788    0.0327    0.0011    822.9341   700.1982    1.0039        0.0518
  ab_p[1,11]   -0.0470    0.0403    0.0013    974.0237   778.9210    1.0078        0.0613
  ab_p[2,11]   -0.1180    0.0317    0.0010    975.3388   901.7619    1.0018        0.0614
  ab_p[1,12]   -0.0616    0.0411    0.0013    936.0067   779.7931    1.0032        0.0589
  ab_p[2,12]   -0.0358    0.0295    0.0009   1106.5564   764.0741    1.0007        0.0696
  ab_p[1,13]    0.0612    0.0397    0.0013    988.6065   803.7480    1.0047        0.0622
  ab_p[2,13]    0.0139    0.0294    0.0009   1121.2472   829.3584    1.0061        0.0706
  ab_p[1,14]    0.0446    0.0402    0.0012   1157.5738   704.0263    1.0019        0.0728
  ab_p[2,14]    0.0170    0.0297    0.0010    968.3825   812.5268    1.0015        0.0609
  ab_p[1,15]    0.0201    0.0405    0.0014    885.4978   828.9709    1.0041        0.0557
  ab_p[2,15]    0.0348    0.0297    0.0010    956.6394   863.7024    0.9986        0.0602
  ab_p[1,16]    0.0098    0.0409    0.0012   1207.0379   796.3564    1.0047        0.0760
  ab_p[2,16]    0.0174    0.0295    0.0008   1253.9621   930.4962    0.9985        0.0789
  ab_p[1,17]    0.0090    0.0394    0.0013    981.0424   728.7843    1.0040        0.0617
  ab_p[2,17]    0.0318    0.0304    0.0009   1050.4711   866.2582    1.0037        0.0661
  ab_p[1,18]   -0.1022    0.0412    0.0012   1097.4397   674.1141    1.0028        0.0691
  ab_p[2,18]   -0.0229    0.0284    0.0008   1303.1110   725.7815    1.0042        0.0820
  ab_p[1,19]    0.0533    0.0406    0.0013   1028.7848   637.1480    1.0006        0.0647
  ab_p[2,19]   -0.0505    0.0294    0.0009   1171.6339   992.5453    1.0067        0.0737
  ab_p[1,20]    0.0112    0.0424    0.0013   1133.6247   743.9077    1.0008        0.0713
  ab_p[2,20]   -0.0317    0.0312    0.0010   1002.9602   940.2712    1.0040        0.0631
  ab_p[1,21]    0.2671    0.0421    0.0013    990.9769   875.7449    1.0009        0.0624
  ab_p[2,21]    0.0130    0.0310    0.0010    987.9138   423.3375    1.0009        0.0622
  ab_p[1,22]    0.0014    0.0390    0.0012   1050.8759   804.7999    1.0050        0.0661
  ab_p[2,22]    0.0527    0.0301    0.0009   1061.9306   751.1945    1.0067        0.0668
  ab_p[1,23]   -0.0651    0.0422    0.0015    789.5990   618.7251    1.0056        0.0497
  ab_p[2,23]    0.0678    0.0312    0.0009   1092.7588   752.8003    1.0061        0.0688
  ab_p[1,24]    0.0618    0.0409    0.0013   1003.4321   847.1165    1.0022        0.0631
  ab_p[2,24]   -0.0139    0.0307    0.0009   1182.9208   916.1061    0.9997        0.0744
      σ_e[1]    0.3891    0.5788    0.0335    157.8749   318.9760    1.0356        0.0099
      σ_e[2]    0.3137    0.4936    0.0282    198.5054   305.2939    1.0168        0.0125
    ρ_e[1,1]    1.0000    0.0000       NaN         NaN        NaN       NaN           NaN
    ρ_e[2,1]   -0.0082    0.4751    0.0199    532.8820   498.0658    1.0089        0.0335
    ρ_e[1,2]   -0.0082    0.4751    0.0199    532.8820   498.0658    1.0089        0.0335
    ρ_e[2,2]    1.0000    0.0000    0.0000    952.3447   944.0372    1.0041        0.0599
   ab_e[1,1]    0.0391    0.0547    0.0016   1118.5007   911.0200    1.0072        0.0704
   ab_e[2,1]    0.0128    0.0460    0.0018    974.8647   401.7522    1.0085        0.0613
           σ    1.0251    0.0047    0.0001   1054.6681   701.4495    1.0019        0.0664

Quantiles
  parameters      2.5%     25.0%     50.0%     75.0%     97.5%
      Symbol   Float64   Float64   Float64   Float64   Float64

      σ_w[1]    0.0368    0.0592    0.0835    0.1209    0.3298
      σ_w[2]    0.0234    0.0413    0.0605    0.0933    0.2709
    ρ_w[1,1]    1.0000    1.0000    1.0000    1.0000    1.0000
    ρ_w[2,1]   -0.8640   -0.5498   -0.2583    0.0801    0.6512
    ρ_w[1,2]   -0.8640   -0.5498   -0.2583    0.0801    0.6512
    ρ_w[2,2]    1.0000    1.0000    1.0000    1.0000    1.0000
   ab_w[1,1]   -0.0897   -0.0110    0.0190    0.0502    0.1212
   ab_w[2,1]   -0.0864   -0.0167    0.0064    0.0290    0.0864
   ab_w[1,2]   -0.0169    0.0527    0.0786    0.1078    0.1781
   ab_w[2,2]   -0.1460   -0.0727   -0.0535   -0.0351    0.0168
   ab_w[1,3]   -0.1583   -0.0853   -0.0579   -0.0283    0.0328
   ab_w[2,3]   -0.0780   -0.0087    0.0102    0.0281    0.0809
   ab_w[1,4]   -0.1058   -0.0364   -0.0079    0.0218    0.0929
   ab_w[2,4]   -0.0422    0.0184    0.0415    0.0664    0.1221
      σ_p[1]    0.0839    0.1034    0.1161    0.1305    0.1642
      σ_p[2]    0.0360    0.0495    0.0568    0.0651    0.0887
    ρ_p[1,1]    1.0000    1.0000    1.0000    1.0000    1.0000
    ρ_p[2,1]   -0.3550   -0.1219    0.0344    0.1998    0.4789
    ρ_p[1,2]   -0.3550   -0.1219    0.0344    0.1998    0.4789
    ρ_p[2,2]    1.0000    1.0000    1.0000    1.0000    1.0000
   ab_p[1,1]   -0.1922   -0.1424   -0.1115   -0.0836   -0.0329
   ab_p[2,1]   -0.0596   -0.0213   -0.0019    0.0179    0.0609
   ab_p[1,2]    0.0613    0.1141    0.1420    0.1665    0.2177
   ab_p[2,2]    0.0025    0.0399    0.0619    0.0823    0.1204
   ab_p[1,3]   -0.2104   -0.1579   -0.1327   -0.1072   -0.0505
   ab_p[2,3]   -0.0238    0.0121    0.0311    0.0516    0.0933
   ab_p[1,4]    0.0548    0.1055    0.1323    0.1606    0.2130
   ab_p[2,4]   -0.0862   -0.0490   -0.0277   -0.0089    0.0275
   ab_p[1,5]   -0.0914   -0.0391   -0.0120    0.0135    0.0602
   ab_p[2,5]   -0.0625   -0.0241   -0.0051    0.0159    0.0535
   ab_p[1,6]   -0.2783   -0.2232   -0.1945   -0.1668   -0.1135
   ab_p[2,6]    0.0110    0.0506    0.0704    0.0917    0.1347
   ab_p[1,7]   -0.0640   -0.0077    0.0186    0.0430    0.0955
   ab_p[2,7]   -0.0440   -0.0060    0.0150    0.0323    0.0703
   ab_p[1,8]    0.0595    0.1103    0.1379    0.1630    0.2218
   ab_p[2,8]   -0.0342    0.0054    0.0240    0.0434    0.0802
   ab_p[1,9]   -0.1643   -0.1114   -0.0861   -0.0592   -0.0023
   ab_p[2,9]   -0.1160   -0.0714   -0.0508   -0.0298    0.0101
  ab_p[1,10]   -0.1935   -0.1419   -0.1159   -0.0872   -0.0354
  ab_p[2,10]   -0.1445   -0.1007   -0.0781   -0.0562   -0.0191
  ab_p[1,11]   -0.1274   -0.0736   -0.0490   -0.0204    0.0349
  ab_p[2,11]   -0.1818   -0.1394   -0.1182   -0.0965   -0.0552
  ab_p[1,12]   -0.1469   -0.0876   -0.0603   -0.0355    0.0207
  ab_p[2,12]   -0.0934   -0.0554   -0.0368   -0.0165    0.0226
  ab_p[1,13]   -0.0189    0.0338    0.0609    0.0878    0.1384
  ab_p[2,13]   -0.0443   -0.0060    0.0140    0.0343    0.0688
  ab_p[1,14]   -0.0409    0.0186    0.0441    0.0718    0.1250
  ab_p[2,14]   -0.0423   -0.0037    0.0169    0.0362    0.0785
  ab_p[1,15]   -0.0612   -0.0091    0.0222    0.0488    0.0969
  ab_p[2,15]   -0.0218    0.0146    0.0344    0.0564    0.0901
  ab_p[1,16]   -0.0679   -0.0190    0.0091    0.0380    0.0896
  ab_p[2,16]   -0.0382   -0.0023    0.0168    0.0380    0.0754
  ab_p[1,17]   -0.0680   -0.0176    0.0094    0.0334    0.0872
  ab_p[2,17]   -0.0253    0.0118    0.0315    0.0527    0.0946
  ab_p[1,18]   -0.1855   -0.1305   -0.1001   -0.0755   -0.0265
  ab_p[2,18]   -0.0779   -0.0416   -0.0229   -0.0043    0.0330
  ab_p[1,19]   -0.0358    0.0267    0.0549    0.0817    0.1312
  ab_p[2,19]   -0.1104   -0.0704   -0.0506   -0.0313    0.0050
  ab_p[1,20]   -0.0738   -0.0187    0.0122    0.0390    0.0888
  ab_p[2,20]   -0.0957   -0.0523   -0.0317   -0.0103    0.0291
  ab_p[1,21]    0.1890    0.2374    0.2664    0.2974    0.3491
  ab_p[2,21]   -0.0469   -0.0072    0.0121    0.0337    0.0759
  ab_p[1,22]   -0.0797   -0.0228    0.0025    0.0276    0.0796
  ab_p[2,22]   -0.0040    0.0328    0.0505    0.0722    0.1136
  ab_p[1,23]   -0.1489   -0.0944   -0.0651   -0.0380    0.0168
  ab_p[2,23]    0.0083    0.0464    0.0671    0.0891    0.1313
  ab_p[1,24]   -0.0199    0.0346    0.0621    0.0902    0.1395
  ab_p[2,24]   -0.0748   -0.0343   -0.0128    0.0070    0.0465
      σ_e[1]    0.0134    0.0772    0.1870    0.4725    2.0238
      σ_e[2]    0.0083    0.0465    0.1410    0.3738    1.7576
    ρ_e[1,1]    1.0000    1.0000    1.0000    1.0000    1.0000
    ρ_e[2,1]   -0.8438   -0.4083   -0.0049    0.3789    0.8405
    ρ_e[1,2]   -0.8438   -0.4083   -0.0049    0.3789    0.8405
    ρ_e[2,2]    1.0000    1.0000    1.0000    1.0000    1.0000
   ab_e[1,1]   -0.0651    0.0059    0.0374    0.0706    0.1539
   ab_e[2,1]   -0.0651   -0.0079    0.0089    0.0323    0.0999
           σ    1.0162    1.0221    1.0250    1.0281    1.0349

