Chains MCMC chain (250×89×4 Array{Float64, 3}):

Iterations        = 126:1:375
Number of chains  = 4
Samples per chain = 250
Wall duration     = 4378.34 seconds
Compute duration  = 15665.94 seconds
parameters        = σ_w[1], σ_w[2], ρ_w[1,1], ρ_w[2,1], ρ_w[1,2], ρ_w[2,2], ab_w[1,1], ab_w[2,1], ab_w[1,2], ab_w[2,2], ab_w[1,3], ab_w[2,3], ab_w[1,4], ab_w[2,4], σ_p[1], σ_p[2], ρ_p[1,1], ρ_p[2,1], ρ_p[1,2], ρ_p[2,2], ab_p[1,1], ab_p[2,1], ab_p[1,2], ab_p[2,2], ab_p[1,3], ab_p[2,3], ab_p[1,4], ab_p[2,4], ab_p[1,5], ab_p[2,5], ab_p[1,6], ab_p[2,6], ab_p[1,7], ab_p[2,7], ab_p[1,8], ab_p[2,8], ab_p[1,9], ab_p[2,9], ab_p[1,10], ab_p[2,10], ab_p[1,11], ab_p[2,11], ab_p[1,12], ab_p[2,12], ab_p[1,13], ab_p[2,13], ab_p[1,14], ab_p[2,14], ab_p[1,15], ab_p[2,15], ab_p[1,16], ab_p[2,16], ab_p[1,17], ab_p[2,17], ab_p[1,18], ab_p[2,18], ab_p[1,19], ab_p[2,19], ab_p[1,20], ab_p[2,20], ab_p[1,21], ab_p[2,21], ab_p[1,22], ab_p[2,22], ab_p[1,23], ab_p[2,23], ab_p[1,24], ab_p[2,24], σ_e[1], σ_e[2], ρ_e[1,1], ρ_e[2,1], ρ_e[1,2], ρ_e[2,2], ab_e[1,1], ab_e[2,1], σ
internals         = lp, n_steps, is_accept, acceptance_rate, log_density, hamiltonian_energy, hamiltonian_energy_error, max_hamiltonian_energy_error, tree_depth, numerical_error, step_size, nom_step_size

Summary Statistics
  parameters      mean       std      mcse    ess_bulk   ess_tail      rhat   ess_per_sec
      Symbol   Float64   Float64   Float64     Float64    Float64   Float64       Float64

      σ_w[1]    0.0732    0.0456    0.0025    312.4810   361.8641    1.0065        0.0199
      σ_w[2]    0.0254    0.0210    0.0017    206.8149   158.1647    1.0237        0.0132
    ρ_w[1,1]    1.0000    0.0000       NaN         NaN        NaN       NaN           NaN
    ρ_w[2,1]    0.1947    0.4152    0.0211    390.8136   419.8665    1.0200        0.0249
    ρ_w[1,2]    0.1947    0.4152    0.0211    390.8136   419.8665    1.0200        0.0249
    ρ_w[2,2]    1.0000    0.0000    0.0000    865.8548   836.9408    0.9986        0.0553
   ab_w[1,1]    0.0128    0.0376    0.0013    924.6171   472.4286    1.0057        0.0590
   ab_w[2,1]    0.0025    0.0178    0.0006    877.3521   611.9025    1.0025        0.0560
   ab_w[1,2]   -0.0631    0.0363    0.0013    834.1979   491.9978    1.0004        0.0532
   ab_w[2,2]   -0.0149    0.0160    0.0008    499.2953   395.1269    1.0091        0.0319
   ab_w[1,3]    0.0243    0.0355    0.0012    874.0756   493.0750    1.0032        0.0558
   ab_w[2,3]    0.0027    0.0154    0.0005    856.8150   508.7596    1.0063        0.0547
   ab_w[1,4]    0.0235    0.0377    0.0014    811.8881   454.8010    1.0035        0.0518
   ab_w[2,4]    0.0106    0.0201    0.0008    703.5030   529.5134    1.0124        0.0449
      σ_p[1]    0.1600    0.0270    0.0010    723.5055   625.1959    1.0097        0.0462
      σ_p[2]    0.0209    0.0093    0.0010     79.0125   101.2204    1.0448        0.0050
    ρ_p[1,1]    1.0000    0.0000       NaN         NaN        NaN       NaN           NaN
    ρ_p[2,1]   -0.3220    0.3133    0.0133    544.6963   369.7635    1.0044        0.0348
    ρ_p[1,2]   -0.3220    0.3133    0.0133    544.6963   369.7635    1.0044        0.0348
    ρ_p[2,2]    1.0000    0.0000    0.0000    976.0042   941.6801    0.9979        0.0623
   ab_p[1,1]    0.0042    0.0437    0.0014   1010.7498   761.2413    1.0001        0.0645
   ab_p[2,1]    0.0039    0.0171    0.0005   1091.5239   789.6134    1.0048        0.0697
   ab_p[1,2]   -0.1985    0.0444    0.0014    954.1412   776.1151    1.0066        0.0609
   ab_p[2,2]    0.0161    0.0191    0.0010    365.0291   485.2074    1.0130        0.0233
   ab_p[1,3]    0.0618    0.0440    0.0014    985.5868   823.6326    1.0004        0.0629
   ab_p[2,3]    0.0098    0.0172    0.0008    540.7676   572.9365    1.0060        0.0345
   ab_p[1,4]   -0.1602    0.0460    0.0015    987.9768   751.6355    0.9999        0.0631
   ab_p[2,4]    0.0043    0.0171    0.0005   1083.7626   557.6288    1.0038        0.0692
   ab_p[1,5]   -0.0908    0.0442    0.0013   1116.2466   662.4110    0.9987        0.0713
   ab_p[2,5]   -0.0063    0.0177    0.0006    777.9140   593.2293    1.0118        0.0497
   ab_p[1,6]   -0.0434    0.0458    0.0015    953.8259   738.2668    1.0018        0.0609
   ab_p[2,6]   -0.0178    0.0195    0.0011    302.7687   750.3380    1.0055        0.0193
   ab_p[1,7]   -0.0121    0.0445    0.0013   1176.8924   828.5134    0.9994        0.0751
   ab_p[2,7]    0.0058    0.0174    0.0006    822.5920   636.3540    1.0112        0.0525
   ab_p[1,8]    0.0621    0.0436    0.0014    976.9105   810.3862    1.0029        0.0624
   ab_p[2,8]   -0.0193    0.0195    0.0013    222.4546   455.4831    1.0137        0.0142
   ab_p[1,9]    0.0412    0.0425    0.0015    809.0151   823.3816    1.0025        0.0516
   ab_p[2,9]   -0.0155    0.0187    0.0010    342.9034   567.8221    1.0072        0.0219
  ab_p[1,10]   -0.0258    0.0448    0.0014   1007.4168   664.4918    1.0027        0.0643
  ab_p[2,10]    0.0037    0.0166    0.0005   1234.1057   722.5593    1.0095        0.0788
  ab_p[1,11]    0.0940    0.0446    0.0014    952.1737   698.9801    1.0071        0.0608
  ab_p[2,11]    0.0034    0.0178    0.0007    696.3406   478.0276    1.0293        0.0444
  ab_p[1,12]    0.1899    0.0446    0.0014    981.3565   817.5277    1.0004        0.0626
  ab_p[2,12]   -0.0146    0.0185    0.0010    380.4315   690.8748    1.0136        0.0243
  ab_p[1,13]   -0.1151    0.0445    0.0014   1081.9738   803.6095    1.0034        0.0691
  ab_p[2,13]    0.0065    0.0166    0.0005    987.9069   712.4945    1.0097        0.0631
  ab_p[1,14]   -0.0110    0.0431    0.0013   1061.2653   835.2455    1.0001        0.0677
  ab_p[2,14]   -0.0090    0.0195    0.0007    804.0747   551.5562    1.0095        0.0513
  ab_p[1,15]    0.0202    0.0433    0.0015    894.1217   752.9106    1.0144        0.0571
  ab_p[2,15]   -0.0054    0.0166    0.0006    866.7558   612.5302    1.0098        0.0553
  ab_p[1,16]    0.0310    0.0438    0.0014   1010.3726   754.5257    1.0067        0.0645
  ab_p[2,16]    0.0036    0.0176    0.0006   1008.3296   552.6289    1.0108        0.0644
  ab_p[1,17]   -0.2974    0.0445    0.0014   1015.5440   817.4446    0.9987        0.0648
  ab_p[2,17]    0.0214    0.0204    0.0011    341.7627   883.3972    1.0079        0.0218
  ab_p[1,18]   -0.0231    0.0438    0.0013   1103.2443   669.9825    1.0030        0.0704
  ab_p[2,18]    0.0020    0.0159    0.0005   1213.4431   699.6320    1.0111        0.0775
  ab_p[1,19]    0.4545    0.0460    0.0015   1002.3288   910.3743    1.0059        0.0640
  ab_p[2,19]   -0.0164    0.0217    0.0009    675.4633   673.8600    1.0079        0.0431
  ab_p[1,20]    0.0580    0.0458    0.0015    907.3641   723.3711    1.0002        0.0579
  ab_p[2,20]    0.0110    0.0176    0.0008    549.1295   625.4953    1.0008        0.0351
  ab_p[1,21]   -0.1067    0.0447    0.0014   1049.4123   784.8974    1.0018        0.0670
  ab_p[2,21]    0.0130    0.0172    0.0008    452.8605   753.8016    1.0063        0.0289
  ab_p[1,22]   -0.1564    0.0422    0.0014    957.4856   771.6007    1.0036        0.0611
  ab_p[2,22]    0.0121    0.0185    0.0007    635.7478   555.5076    1.0074        0.0406
  ab_p[1,23]    0.0812    0.0446    0.0016    807.0645   641.7875    1.0002        0.0515
  ab_p[2,23]   -0.0081    0.0175    0.0006    864.9198   569.5933    1.0146        0.0552
  ab_p[1,24]    0.1363    0.0454    0.0015    966.4487   839.1654    0.9992        0.0617
  ab_p[2,24]    0.0040    0.0186    0.0007    724.4349   422.6918    1.0218        0.0462
      σ_e[1]    0.2849    0.4036    0.0286    138.6673   172.9582    1.0268        0.0089
      σ_e[2]    0.1827    0.3424    0.0287    115.2065   247.9922    1.0120        0.0074
    ρ_e[1,1]    1.0000    0.0000       NaN         NaN        NaN       NaN           NaN
    ρ_e[2,1]   -0.0536    0.4432    0.0236    356.1692   431.3548    1.0229        0.0227
    ρ_e[1,2]   -0.0536    0.4432    0.0236    356.1692   431.3548    1.0229        0.0227
    ρ_e[2,2]    1.0000    0.0000    0.0000    808.9524   819.7903    0.9994        0.0516
   ab_e[1,1]   -0.0004    0.0416    0.0014    870.8435   543.1875    1.0091        0.0556
   ab_e[2,1]    0.0024    0.0150    0.0006    756.7467   376.5374    1.0107        0.0483
           σ    1.0170    0.0047    0.0001   1154.1683   802.3169    1.0038        0.0737

Quantiles
  parameters      2.5%     25.0%     50.0%     75.0%     97.5%
      Symbol   Float64   Float64   Float64   Float64   Float64

      σ_w[1]    0.0248    0.0451    0.0618    0.0857    0.1945
      σ_w[2]    0.0039    0.0120    0.0191    0.0337    0.0768
    ρ_w[1,1]    1.0000    1.0000    1.0000    1.0000    1.0000
    ρ_w[2,1]   -0.6129   -0.1084    0.2245    0.5123    0.8819
    ρ_w[1,2]   -0.6129   -0.1084    0.2245    0.5123    0.8819
    ρ_w[2,2]    1.0000    1.0000    1.0000    1.0000    1.0000
   ab_w[1,1]   -0.0729   -0.0083    0.0141    0.0346    0.0835
   ab_w[2,1]   -0.0339   -0.0069    0.0022    0.0118    0.0395
   ab_w[1,2]   -0.1538   -0.0818   -0.0600   -0.0405   -0.0015
   ab_w[2,2]   -0.0538   -0.0230   -0.0127   -0.0050    0.0111
   ab_w[1,3]   -0.0560    0.0064    0.0259    0.0447    0.0925
   ab_w[2,3]   -0.0320   -0.0050    0.0028    0.0109    0.0332
   ab_w[1,4]   -0.0625    0.0028    0.0248    0.0466    0.0974
   ab_w[2,4]   -0.0248   -0.0012    0.0074    0.0205    0.0571
      σ_p[1]    0.1188    0.1400    0.1576    0.1766    0.2205
      σ_p[2]    0.0057    0.0140    0.0203    0.0272    0.0401
    ρ_p[1,1]    1.0000    1.0000    1.0000    1.0000    1.0000
    ρ_p[2,1]   -0.7986   -0.5615   -0.3587   -0.1444    0.3979
    ρ_p[1,2]   -0.7986   -0.5615   -0.3587   -0.1444    0.3979
    ρ_p[2,2]    1.0000    1.0000    1.0000    1.0000    1.0000
   ab_p[1,1]   -0.0850   -0.0260    0.0036    0.0327    0.0942
   ab_p[2,1]   -0.0298   -0.0058    0.0033    0.0132    0.0414
   ab_p[1,2]   -0.2873   -0.2289   -0.1979   -0.1663   -0.1163
   ab_p[2,2]   -0.0166    0.0026    0.0142    0.0270    0.0586
   ab_p[1,3]   -0.0283    0.0338    0.0615    0.0888    0.1496
   ab_p[2,3]   -0.0202   -0.0017    0.0073    0.0199    0.0502
   ab_p[1,4]   -0.2515   -0.1904   -0.1613   -0.1279   -0.0709
   ab_p[2,4]   -0.0323   -0.0048    0.0036    0.0141    0.0411
   ab_p[1,5]   -0.1751   -0.1212   -0.0909   -0.0609   -0.0036
   ab_p[2,5]   -0.0474   -0.0162   -0.0051    0.0047    0.0263
   ab_p[1,6]   -0.1332   -0.0720   -0.0441   -0.0134    0.0518
   ab_p[2,6]   -0.0618   -0.0310   -0.0147   -0.0034    0.0132
   ab_p[1,7]   -0.1008   -0.0429   -0.0114    0.0181    0.0753
   ab_p[2,7]   -0.0267   -0.0049    0.0044    0.0157    0.0440
   ab_p[1,8]   -0.0222    0.0325    0.0635    0.0897    0.1510
   ab_p[2,8]   -0.0627   -0.0301   -0.0155   -0.0046    0.0101
   ab_p[1,9]   -0.0417    0.0120    0.0415    0.0690    0.1267
   ab_p[2,9]   -0.0594   -0.0261   -0.0124   -0.0024    0.0146
  ab_p[1,10]   -0.1125   -0.0576   -0.0243    0.0030    0.0630
  ab_p[2,10]   -0.0280   -0.0063    0.0029    0.0129    0.0376
  ab_p[1,11]    0.0068    0.0648    0.0943    0.1225    0.1805
  ab_p[2,11]   -0.0296   -0.0075    0.0016    0.0134    0.0441
  ab_p[1,12]    0.1056    0.1590    0.1896    0.2187    0.2772
  ab_p[2,12]   -0.0555   -0.0259   -0.0125   -0.0019    0.0180
  ab_p[1,13]   -0.2037   -0.1432   -0.1137   -0.0874   -0.0294
  ab_p[2,13]   -0.0235   -0.0035    0.0049    0.0147    0.0452
  ab_p[1,14]   -0.0905   -0.0398   -0.0106    0.0185    0.0742
  ab_p[2,14]   -0.0571   -0.0185   -0.0066    0.0029    0.0242
  ab_p[1,15]   -0.0648   -0.0069    0.0188    0.0485    0.1061
  ab_p[2,15]   -0.0436   -0.0153   -0.0047    0.0056    0.0259
  ab_p[1,16]   -0.0561    0.0014    0.0307    0.0602    0.1189
  ab_p[2,16]   -0.0286   -0.0070    0.0020    0.0130    0.0454
  ab_p[1,17]   -0.3836   -0.3250   -0.2983   -0.2663   -0.2069
  ab_p[2,17]   -0.0130    0.0057    0.0192    0.0349    0.0649
  ab_p[1,18]   -0.1047   -0.0524   -0.0230    0.0040    0.0644
  ab_p[2,18]   -0.0308   -0.0076    0.0011    0.0114    0.0342
  ab_p[1,19]    0.3700    0.4242    0.4541    0.4838    0.5477
  ab_p[2,19]   -0.0630   -0.0305   -0.0149   -0.0012    0.0240
  ab_p[1,20]   -0.0354    0.0282    0.0569    0.0912    0.1421
  ab_p[2,20]   -0.0178   -0.0010    0.0082    0.0210    0.0523
  ab_p[1,21]   -0.1947   -0.1346   -0.1060   -0.0789   -0.0187
  ab_p[2,21]   -0.0166    0.0014    0.0107    0.0227    0.0510
  ab_p[1,22]   -0.2375   -0.1868   -0.1559   -0.1292   -0.0749
  ab_p[2,22]   -0.0223    0.0009    0.0100    0.0225    0.0538
  ab_p[1,23]   -0.0074    0.0522    0.0811    0.1103    0.1669
  ab_p[2,23]   -0.0472   -0.0176   -0.0067    0.0030    0.0238
  ab_p[1,24]    0.0485    0.1058    0.1352    0.1674    0.2277
  ab_p[2,24]   -0.0307   -0.0076    0.0015    0.0145    0.0467
      σ_e[1]    0.0074    0.0493    0.1273    0.3528    1.4265
      σ_e[2]    0.0051    0.0217    0.0628    0.1712    1.2953
    ρ_e[1,1]    1.0000    1.0000    1.0000    1.0000    1.0000
    ρ_e[2,1]   -0.8473   -0.3896   -0.0660    0.2904    0.7842
    ρ_e[1,2]   -0.8473   -0.3896   -0.0660    0.2904    0.7842
    ρ_e[2,2]    1.0000    1.0000    1.0000    1.0000    1.0000
   ab_e[1,1]   -0.0893   -0.0208   -0.0006    0.0216    0.0902
   ab_e[2,1]   -0.0263   -0.0058    0.0013    0.0091    0.0364
           σ    1.0073    1.0140    1.0170    1.0200    1.0262

