Chains MCMC chain (250×89×4 Array{Float64, 3}):

Iterations        = 126:1:375
Number of chains  = 4
Samples per chain = 250
Wall duration     = 4681.82 seconds
Compute duration  = 17395.48 seconds
parameters        = σ_w[1], σ_w[2], ρ_w[1,1], ρ_w[2,1], ρ_w[1,2], ρ_w[2,2], ab_w[1,1], ab_w[2,1], ab_w[1,2], ab_w[2,2], ab_w[1,3], ab_w[2,3], ab_w[1,4], ab_w[2,4], σ_p[1], σ_p[2], ρ_p[1,1], ρ_p[2,1], ρ_p[1,2], ρ_p[2,2], ab_p[1,1], ab_p[2,1], ab_p[1,2], ab_p[2,2], ab_p[1,3], ab_p[2,3], ab_p[1,4], ab_p[2,4], ab_p[1,5], ab_p[2,5], ab_p[1,6], ab_p[2,6], ab_p[1,7], ab_p[2,7], ab_p[1,8], ab_p[2,8], ab_p[1,9], ab_p[2,9], ab_p[1,10], ab_p[2,10], ab_p[1,11], ab_p[2,11], ab_p[1,12], ab_p[2,12], ab_p[1,13], ab_p[2,13], ab_p[1,14], ab_p[2,14], ab_p[1,15], ab_p[2,15], ab_p[1,16], ab_p[2,16], ab_p[1,17], ab_p[2,17], ab_p[1,18], ab_p[2,18], ab_p[1,19], ab_p[2,19], ab_p[1,20], ab_p[2,20], ab_p[1,21], ab_p[2,21], ab_p[1,22], ab_p[2,22], ab_p[1,23], ab_p[2,23], ab_p[1,24], ab_p[2,24], σ_e[1], σ_e[2], ρ_e[1,1], ρ_e[2,1], ρ_e[1,2], ρ_e[2,2], ab_e[1,1], ab_e[2,1], σ
internals         = lp, n_steps, is_accept, acceptance_rate, log_density, hamiltonian_energy, hamiltonian_energy_error, max_hamiltonian_energy_error, tree_depth, numerical_error, step_size, nom_step_size

Summary Statistics
  parameters      mean       std      mcse    ess_bulk   ess_tail      rhat   ess_per_sec
      Symbol   Float64   Float64   Float64     Float64    Float64   Float64       Float64

      σ_w[1]    0.0798    0.0679    0.0035    329.9644   502.0005    1.0158        0.0190
      σ_w[2]    0.0316    0.0360    0.0023    240.2048   297.0414    1.0198        0.0138
    ρ_w[1,1]    1.0000    0.0000       NaN         NaN        NaN       NaN           NaN
    ρ_w[2,1]    0.1786    0.4511    0.0280    279.9487   473.3581    1.0275        0.0161
    ρ_w[1,2]    0.1786    0.4511    0.0280    279.9487   473.3581    1.0275        0.0161
    ρ_w[2,2]    1.0000    0.0000    0.0000    907.4930   763.6589    1.0008        0.0522
   ab_w[1,1]   -0.0042    0.0473    0.0014   1123.3224   414.7123    1.0107        0.0646
   ab_w[2,1]   -0.0031    0.0284    0.0007    973.6683   757.9761    1.0078        0.0560
   ab_w[1,2]   -0.0510    0.0450    0.0013   1145.1359   453.9257    1.0076        0.0658
   ab_w[2,2]   -0.0181    0.0279    0.0007    892.7965   557.9008    1.0107        0.0513
   ab_w[1,3]    0.0135    0.0444    0.0013   1178.8266   423.5209    1.0159        0.0678
   ab_w[2,3]    0.0100    0.0278    0.0007    991.4743   625.1235    1.0071        0.0570
   ab_w[1,4]    0.0417    0.0465    0.0013   1227.4489   594.9836    1.0126        0.0706
   ab_w[2,4]   -0.0012    0.0300    0.0008   1102.7759   634.1660    1.0049        0.0634
      σ_p[1]    0.3510    0.0577    0.0019    969.5201   657.0944    1.0017        0.0557
      σ_p[2]    0.0495    0.0114    0.0004    610.9825   437.2068    1.0049        0.0351
    ρ_p[1,1]    1.0000    0.0000       NaN         NaN        NaN       NaN           NaN
    ρ_p[2,1]   -0.1782    0.2065    0.0063   1121.5684   726.4465    1.0022        0.0645
    ρ_p[1,2]   -0.1782    0.2065    0.0063   1121.5684   726.4465    1.0022        0.0645
    ρ_p[2,2]    1.0000    0.0000    0.0000    908.1510   902.9729    0.9992        0.0522
   ab_p[1,1]   -0.1318    0.0692    0.0024    826.5289   590.3270    1.0053        0.0475
   ab_p[2,1]   -0.0678    0.0294    0.0009    992.9283   765.5192    1.0019        0.0571
   ab_p[1,2]   -0.2406    0.0701    0.0026    771.7281   675.3110    1.0071        0.0444
   ab_p[2,2]   -0.0283    0.0286    0.0009    981.6977   866.9220    1.0135        0.0564
   ab_p[1,3]   -0.3168    0.0684    0.0024    798.7957   634.0175    1.0026        0.0459
   ab_p[2,3]    0.0814    0.0297    0.0009    988.3320   806.8134    1.0001        0.0568
   ab_p[1,4]   -0.1400    0.0677    0.0024    823.6136   586.4912    0.9988        0.0473
   ab_p[2,4]   -0.0341    0.0259    0.0008   1163.5446   952.5398    1.0003        0.0669
   ab_p[1,5]   -0.1225    0.0683    0.0025    795.2149   514.8461    1.0089        0.0457
   ab_p[2,5]   -0.0504    0.0286    0.0009   1069.9565   719.3956    1.0037        0.0615
   ab_p[1,6]   -0.1470    0.0676    0.0024    846.3301   673.5084    1.0083        0.0487
   ab_p[2,6]    0.0336    0.0265    0.0008   1043.3689   721.8186    1.0005        0.0600
   ab_p[1,7]   -0.2889    0.0693    0.0024    806.6551   767.6393    1.0039        0.0464
   ab_p[2,7]    0.0110    0.0286    0.0009   1095.7580   901.0959    1.0002        0.0630
   ab_p[1,8]    0.6260    0.0689    0.0025    772.3347   538.5036    1.0093        0.0444
   ab_p[2,8]   -0.0631    0.0298    0.0010    865.1161   623.8791    1.0009        0.0497
   ab_p[1,9]    0.0983    0.0675    0.0023    909.1618   665.6746    1.0060        0.0523
   ab_p[2,9]   -0.0578    0.0281    0.0008   1135.6436   848.9698    0.9970        0.0653
  ab_p[1,10]    0.0454    0.0684    0.0023    911.4736   628.3003    1.0038        0.0524
  ab_p[2,10]   -0.0013    0.0265    0.0008   1050.2607   784.0968    1.0070        0.0604
  ab_p[1,11]    0.4180    0.0676    0.0024    821.0547   798.5893    1.0064        0.0472
  ab_p[2,11]    0.0189    0.0262    0.0008   1135.1077   871.6186    1.0031        0.0653
  ab_p[1,12]    0.6418    0.0703    0.0025    808.4783   450.2817    1.0053        0.0465
  ab_p[2,12]   -0.0474    0.0287    0.0009   1126.9466   992.9166    1.0019        0.0648
  ab_p[1,13]    0.0868    0.0668    0.0023    871.1768   575.1578    1.0068        0.0501
  ab_p[2,13]    0.0062    0.0258    0.0007   1186.1261   864.1910    1.0026        0.0682
  ab_p[1,14]    0.5784    0.0676    0.0024    791.6469   674.9136    1.0037        0.0455
  ab_p[2,14]    0.0175    0.0275    0.0009   1042.8874   790.0200    1.0012        0.0600
  ab_p[1,15]   -0.1852    0.0688    0.0023    904.1997   522.6570    1.0108        0.0520
  ab_p[2,15]    0.0275    0.0270    0.0009    952.2529   575.7961    1.0031        0.0547
  ab_p[1,16]   -0.2099    0.0695    0.0023    916.9539   586.5054    1.0114        0.0527
  ab_p[2,16]    0.0045    0.0265    0.0008   1220.7603   727.3846    0.9975        0.0702
  ab_p[1,17]   -0.2992    0.0684    0.0023    887.0421   543.6376    1.0067        0.0510
  ab_p[2,17]    0.0686    0.0273    0.0009    929.9158   806.5699    0.9992        0.0535
  ab_p[1,18]   -0.0435    0.0691    0.0025    800.4113   637.0989    1.0016        0.0460
  ab_p[2,18]    0.0179    0.0270    0.0008   1132.0241   843.3589    1.0050        0.0651
  ab_p[1,19]    0.5773    0.0671    0.0024    810.3928   714.6696    1.0059        0.0466
  ab_p[2,19]    0.0266    0.0285    0.0008   1143.9792   723.1955    0.9996        0.0658
  ab_p[1,20]    0.0210    0.0686    0.0024    838.1290   781.1966    1.0113        0.0482
  ab_p[2,20]    0.0134    0.0264    0.0008   1134.2879   868.2840    0.9992        0.0652
  ab_p[1,21]   -0.4135    0.0702    0.0024    847.7880   583.4507    1.0004        0.0487
  ab_p[2,21]   -0.0026    0.0273    0.0008   1094.8209   762.7471    1.0014        0.0629
  ab_p[1,22]   -0.3652    0.0683    0.0024    785.2698   703.7444    1.0026        0.0451
  ab_p[2,22]   -0.0261    0.0277    0.0009   1006.1133   833.6292    1.0000        0.0578
  ab_p[1,23]   -0.0986    0.0679    0.0024    806.7388   712.2738    1.0092        0.0464
  ab_p[2,23]    0.0091    0.0257    0.0007   1227.3960   921.8221    1.0013        0.0706
  ab_p[1,24]    0.0359    0.0660    0.0023    880.6221   718.3858    1.0000        0.0506
  ab_p[2,24]    0.0111    0.0266    0.0008   1035.9300   892.3121    0.9988        0.0596
      σ_e[1]    0.3449    0.4937    0.0262    208.5695   253.6371    1.0421        0.0120
      σ_e[2]    0.2871    0.4271    0.0247    180.5143   239.2256    1.0216        0.0104
    ρ_e[1,1]    1.0000    0.0000       NaN         NaN        NaN       NaN           NaN
    ρ_e[2,1]   -0.0027    0.4735    0.0189    589.1969   285.4061    1.0198        0.0339
    ρ_e[1,2]   -0.0027    0.4735    0.0189    589.1969   285.4061    1.0198        0.0339
    ρ_e[2,2]    1.0000    0.0000    0.0000    988.3370   823.5937    1.0031        0.0568
   ab_e[1,1]   -0.0012    0.0709    0.0024    900.4160   620.3166    1.0258        0.0518
   ab_e[2,1]   -0.0275    0.0285    0.0008    856.0997   634.7636    1.0105        0.0492
           σ    0.9631    0.0044    0.0001   1221.2168   833.4309    1.0041        0.0702

Quantiles
  parameters      2.5%     25.0%     50.0%     75.0%     97.5%
      Symbol   Float64   Float64   Float64   Float64   Float64

      σ_w[1]    0.0207    0.0420    0.0608    0.0944    0.2509
      σ_w[2]    0.0059    0.0147    0.0231    0.0375    0.1033
    ρ_w[1,1]    1.0000    1.0000    1.0000    1.0000    1.0000
    ρ_w[2,1]   -0.7126   -0.1719    0.2347    0.5362    0.8723
    ρ_w[1,2]   -0.7126   -0.1719    0.2347    0.5362    0.8723
    ρ_w[2,2]    1.0000    1.0000    1.0000    1.0000    1.0000
   ab_w[1,1]   -0.1101   -0.0271   -0.0045    0.0218    0.0827
   ab_w[2,1]   -0.0516   -0.0126   -0.0017    0.0076    0.0374
   ab_w[1,2]   -0.1506   -0.0700   -0.0490   -0.0298    0.0322
   ab_w[2,2]   -0.0656   -0.0280   -0.0162   -0.0069    0.0194
   ab_w[1,3]   -0.0752   -0.0077    0.0148    0.0345    0.0992
   ab_w[2,3]   -0.0289    0.0006    0.0094    0.0192    0.0491
   ab_w[1,4]   -0.0498    0.0167    0.0389    0.0680    0.1400
   ab_w[2,4]   -0.0507   -0.0116   -0.0001    0.0108    0.0418
      σ_p[1]    0.2602    0.3095    0.3447    0.3849    0.4829
      σ_p[2]    0.0298    0.0414    0.0488    0.0562    0.0756
    ρ_p[1,1]    1.0000    1.0000    1.0000    1.0000    1.0000
    ρ_p[2,1]   -0.5642   -0.3176   -0.1867   -0.0444    0.2584
    ρ_p[1,2]   -0.5642   -0.3176   -0.1867   -0.0444    0.2584
    ρ_p[2,2]    1.0000    1.0000    1.0000    1.0000    1.0000
   ab_p[1,1]   -0.2607   -0.1755   -0.1317   -0.0895    0.0049
   ab_p[2,1]   -0.1301   -0.0862   -0.0677   -0.0476   -0.0114
   ab_p[1,2]   -0.3716   -0.2837   -0.2414   -0.1978   -0.0996
   ab_p[2,2]   -0.0871   -0.0475   -0.0265   -0.0086    0.0245
   ab_p[1,3]   -0.4458   -0.3584   -0.3163   -0.2752   -0.1785
   ab_p[2,3]    0.0278    0.0606    0.0807    0.1007    0.1436
   ab_p[1,4]   -0.2721   -0.1830   -0.1409   -0.1012   -0.0006
   ab_p[2,4]   -0.0882   -0.0507   -0.0330   -0.0172    0.0161
   ab_p[1,5]   -0.2552   -0.1632   -0.1235   -0.0826    0.0207
   ab_p[2,5]   -0.1107   -0.0691   -0.0487   -0.0304    0.0022
   ab_p[1,6]   -0.2793   -0.1883   -0.1468   -0.1078   -0.0105
   ab_p[2,6]   -0.0178    0.0154    0.0328    0.0519    0.0847
   ab_p[1,7]   -0.4210   -0.3328   -0.2910   -0.2468   -0.1513
   ab_p[2,7]   -0.0436   -0.0080    0.0117    0.0301    0.0642
   ab_p[1,8]    0.4875    0.5819    0.6250    0.6674    0.7665
   ab_p[2,8]   -0.1227   -0.0830   -0.0624   -0.0435   -0.0051
   ab_p[1,9]   -0.0307    0.0562    0.0971    0.1393    0.2399
   ab_p[2,9]   -0.1147   -0.0755   -0.0576   -0.0381   -0.0070
  ab_p[1,10]   -0.0853    0.0020    0.0431    0.0902    0.1732
  ab_p[2,10]   -0.0532   -0.0189   -0.0007    0.0169    0.0509
  ab_p[1,11]    0.2820    0.3761    0.4192    0.4594    0.5468
  ab_p[2,11]   -0.0309    0.0011    0.0183    0.0365    0.0708
  ab_p[1,12]    0.4989    0.5955    0.6396    0.6880    0.7840
  ab_p[2,12]   -0.1040   -0.0668   -0.0471   -0.0275    0.0090
  ab_p[1,13]   -0.0405    0.0450    0.0843    0.1250    0.2210
  ab_p[2,13]   -0.0430   -0.0110    0.0067    0.0233    0.0575
  ab_p[1,14]    0.4487    0.5365    0.5795    0.6172    0.7131
  ab_p[2,14]   -0.0373   -0.0015    0.0178    0.0365    0.0711
  ab_p[1,15]   -0.3183   -0.2273   -0.1879   -0.1418   -0.0392
  ab_p[2,15]   -0.0251    0.0091    0.0282    0.0459    0.0812
  ab_p[1,16]   -0.3407   -0.2558   -0.2112   -0.1664   -0.0736
  ab_p[2,16]   -0.0486   -0.0137    0.0048    0.0216    0.0587
  ab_p[1,17]   -0.4323   -0.3422   -0.3009   -0.2578   -0.1616
  ab_p[2,17]    0.0196    0.0489    0.0677    0.0884    0.1232
  ab_p[1,18]   -0.1728   -0.0857   -0.0458   -0.0029    0.0921
  ab_p[2,18]   -0.0336    0.0007    0.0176    0.0363    0.0711
  ab_p[1,19]    0.4474    0.5347    0.5764    0.6177    0.7098
  ab_p[2,19]   -0.0265    0.0081    0.0256    0.0441    0.0837
  ab_p[1,20]   -0.1087   -0.0214    0.0206    0.0641    0.1615
  ab_p[2,20]   -0.0341   -0.0045    0.0131    0.0317    0.0679
  ab_p[1,21]   -0.5474   -0.4577   -0.4132   -0.3708   -0.2715
  ab_p[2,21]   -0.0569   -0.0196   -0.0031    0.0143    0.0525
  ab_p[1,22]   -0.4985   -0.4080   -0.3659   -0.3210   -0.2267
  ab_p[2,22]   -0.0832   -0.0436   -0.0256   -0.0082    0.0282
  ab_p[1,23]   -0.2296   -0.1402   -0.0993   -0.0548    0.0319
  ab_p[2,23]   -0.0410   -0.0078    0.0095    0.0272    0.0584
  ab_p[1,24]   -0.0909   -0.0064    0.0334    0.0787    0.1646
  ab_p[2,24]   -0.0422   -0.0061    0.0105    0.0288    0.0627
      σ_e[1]    0.0088    0.0587    0.1677    0.4215    1.7664
      σ_e[2]    0.0093    0.0497    0.1319    0.3307    1.4598
    ρ_e[1,1]    1.0000    1.0000    1.0000    1.0000    1.0000
    ρ_e[2,1]   -0.8759   -0.3650   -0.0024    0.3859    0.8016
    ρ_e[1,2]   -0.8759   -0.3650   -0.0024    0.3859    0.8016
    ρ_e[2,2]    1.0000    1.0000    1.0000    1.0000    1.0000
   ab_e[1,1]   -0.1426   -0.0379    0.0002    0.0348    0.1419
   ab_e[2,1]   -0.0698   -0.0396   -0.0279   -0.0158    0.0137
           σ    0.9545    0.9599    0.9630    0.9661    0.9720

