Chains MCMC chain (250×85×4 Array{Float64, 3}):

Iterations        = 126:1:375
Number of chains  = 4
Samples per chain = 250
Wall duration     = 2354.64 seconds
Compute duration  = 8499.72 seconds
parameters        = σ_w[1], σ_w[2], ρ_w[1,1], ρ_w[2,1], ρ_w[1,2], ρ_w[2,2], ab_w[1,1], ab_w[2,1], ab_w[1,2], ab_w[2,2], σ_p[1], σ_p[2], ρ_p[1,1], ρ_p[2,1], ρ_p[1,2], ρ_p[2,2], ab_p[1,1], ab_p[2,1], ab_p[1,2], ab_p[2,2], ab_p[1,3], ab_p[2,3], ab_p[1,4], ab_p[2,4], ab_p[1,5], ab_p[2,5], ab_p[1,6], ab_p[2,6], ab_p[1,7], ab_p[2,7], ab_p[1,8], ab_p[2,8], ab_p[1,9], ab_p[2,9], ab_p[1,10], ab_p[2,10], ab_p[1,11], ab_p[2,11], ab_p[1,12], ab_p[2,12], ab_p[1,13], ab_p[2,13], ab_p[1,14], ab_p[2,14], ab_p[1,15], ab_p[2,15], ab_p[1,16], ab_p[2,16], ab_p[1,17], ab_p[2,17], ab_p[1,18], ab_p[2,18], ab_p[1,19], ab_p[2,19], ab_p[1,20], ab_p[2,20], ab_p[1,21], ab_p[2,21], ab_p[1,22], ab_p[2,22], ab_p[1,23], ab_p[2,23], ab_p[1,24], ab_p[2,24], σ_e[1], σ_e[2], ρ_e[1,1], ρ_e[2,1], ρ_e[1,2], ρ_e[2,2], ab_e[1,1], ab_e[2,1], σ
internals         = lp, n_steps, is_accept, acceptance_rate, log_density, hamiltonian_energy, hamiltonian_energy_error, max_hamiltonian_energy_error, tree_depth, numerical_error, step_size, nom_step_size

Summary Statistics
  parameters      mean       std      mcse    ess_bulk   ess_tail      rhat   ess_per_sec
      Symbol   Float64   Float64   Float64     Float64    Float64   Float64       Float64

      σ_w[1]    0.1615    0.2540    0.0224     86.5305   216.6102    1.0339        0.0102
      σ_w[2]    0.1392    0.2571    0.0210     75.7131   189.9355    1.0709        0.0089
    ρ_w[1,1]    1.0000    0.0000       NaN         NaN        NaN       NaN           NaN
    ρ_w[2,1]   -0.0166    0.4436    0.0176    659.8794   589.3513    1.0055        0.0776
    ρ_w[1,2]   -0.0166    0.4436    0.0176    659.8794   589.3513    1.0055        0.0776
    ρ_w[2,2]    1.0000    0.0000    0.0000   1027.6889   947.9730    1.0044        0.1209
   ab_w[1,1]   -0.0054    0.1050    0.0040    736.2328   297.4191    1.0259        0.0866
   ab_w[2,1]   -0.0004    0.1175    0.0042    861.7383   269.7759    1.0329        0.1014
   ab_w[1,2]    0.0127    0.1047    0.0039    721.7666   300.0846    1.0214        0.0849
   ab_w[2,2]    0.0059    0.1174    0.0043    869.0822   284.0453    1.0320        0.1022
      σ_p[1]    0.1821    0.0252    0.0009    794.2827   709.8464    1.0008        0.0934
      σ_p[2]    0.0196    0.0101    0.0013     42.9874   128.8024    1.0879        0.0051
    ρ_p[1,1]    1.0000    0.0000       NaN         NaN        NaN       NaN           NaN
    ρ_p[2,1]   -0.3109    0.3410    0.0147    547.5246   471.8225    1.0261        0.0644
    ρ_p[1,2]   -0.3109    0.3410    0.0147    547.5246   471.8225    1.0261        0.0644
    ρ_p[2,2]    1.0000    0.0000    0.0000   1005.4733   984.6505    0.9989        0.1183
   ab_p[1,1]   -0.0173    0.0516    0.0018    894.9868   668.1547    1.0002        0.1053
   ab_p[2,1]   -0.0007    0.0158    0.0005    946.0357   536.3347    1.0200        0.1113
   ab_p[1,2]   -0.1987    0.0520    0.0019    731.5609   466.3934    1.0028        0.0861
   ab_p[2,2]    0.0018    0.0184    0.0006    952.8147   522.2492    1.0258        0.1121
   ab_p[1,3]    0.0679    0.0499    0.0018    754.7665   497.0670    1.0041        0.0888
   ab_p[2,3]    0.0020    0.0182    0.0006    904.7321   649.4955    1.0318        0.1064
   ab_p[1,4]   -0.1417    0.0546    0.0021    693.8742   508.4332    1.0082        0.0816
   ab_p[2,4]    0.0078    0.0180    0.0007    698.5554   422.5379    1.0249        0.0822
   ab_p[1,5]   -0.1937    0.0530    0.0018    888.3381   678.3112    1.0080        0.1045
   ab_p[2,5]    0.0034    0.0178    0.0007    626.9569   455.9590    1.0182        0.0738
   ab_p[1,6]    0.0415    0.0514    0.0018    798.3978   650.8686    0.9989        0.0939
   ab_p[2,6]   -0.0042    0.0172    0.0006    918.8363   399.0918    1.0192        0.1081
   ab_p[1,7]   -0.0577    0.0560    0.0021    718.3321   558.8740    1.0013        0.0845
   ab_p[2,7]    0.0049    0.0175    0.0006    834.3271   322.1632    1.0282        0.0982
   ab_p[1,8]    0.0707    0.0522    0.0018    801.9498   559.6516    1.0076        0.0944
   ab_p[2,8]   -0.0062    0.0167    0.0006    901.5865   487.9676    1.0174        0.1061
   ab_p[1,9]    0.1244    0.0541    0.0020    720.9192   618.6871    1.0057        0.0848
   ab_p[2,9]   -0.0155    0.0207    0.0013    312.0505   455.8804    1.0121        0.0367
  ab_p[1,10]   -0.0492    0.0535    0.0019    846.3590   654.1654    1.0042        0.0996
  ab_p[2,10]    0.0010    0.0158    0.0005   1094.0285   574.0313    1.0108        0.1287
  ab_p[1,11]    0.1025    0.0531    0.0018    887.1467   626.9763    1.0043        0.1044
  ab_p[2,11]    0.0070    0.0185    0.0009    527.4621   507.7260    1.0349        0.0621
  ab_p[1,12]    0.2497    0.0513    0.0018    838.4354   627.0130    1.0037        0.0986
  ab_p[2,12]   -0.0131    0.0191    0.0009    532.1004   511.6533    1.0053        0.0626
  ab_p[1,13]   -0.1545    0.0526    0.0019    810.2266   777.1626    1.0043        0.0953
  ab_p[2,13]    0.0055    0.0175    0.0006    900.0526   494.4767    1.0201        0.1059
  ab_p[1,14]    0.0490    0.0502    0.0017    843.6266   681.0745    1.0046        0.0993
  ab_p[2,14]   -0.0065    0.0186    0.0007    793.4753   399.0070    1.0385        0.0934
  ab_p[1,15]    0.0153    0.0524    0.0017    915.2119   543.2266    1.0178        0.1077
  ab_p[2,15]   -0.0032    0.0180    0.0006    814.3268   336.3447    1.0263        0.0958
  ab_p[1,16]   -0.0057    0.0526    0.0018    883.3586   591.2805    1.0090        0.1039
  ab_p[2,16]    0.0038    0.0177    0.0006    879.7053   505.8285    1.0328        0.1035
  ab_p[1,17]   -0.3920    0.0524    0.0017    884.1873   603.1957    1.0016        0.1040
  ab_p[2,17]    0.0178    0.0240    0.0010    576.9439   626.5083    1.0055        0.0679
  ab_p[1,18]   -0.0390    0.0519    0.0018    891.5173   702.1719    1.0008        0.1049
  ab_p[2,18]    0.0105    0.0174    0.0010    448.1208   383.0420    1.0200        0.0527
  ab_p[1,19]    0.4611    0.0545    0.0019    776.4633   565.7140    0.9995        0.0914
  ab_p[2,19]   -0.0250    0.0255    0.0015    279.3155   425.6880    1.0190        0.0329
  ab_p[1,20]    0.0534    0.0541    0.0020    736.1787   636.9948    1.0091        0.0866
  ab_p[2,20]    0.0061    0.0173    0.0009    436.7690   538.8423    1.0355        0.0514
  ab_p[1,21]   -0.0779    0.0529    0.0020    734.2953   583.5533    1.0059        0.0864
  ab_p[2,21]    0.0085    0.0179    0.0008    622.4122   528.4736    1.0102        0.0732
  ab_p[1,22]   -0.1736    0.0530    0.0019    753.9610   488.6585    1.0042        0.0887
  ab_p[2,22]    0.0052    0.0169    0.0005    965.9080   436.6002    1.0282        0.1136
  ab_p[1,23]    0.0804    0.0534    0.0018    860.3531   672.4143    1.0019        0.1012
  ab_p[2,23]   -0.0085    0.0183    0.0008    511.4484   450.4321    1.0116        0.0602
  ab_p[1,24]    0.1552    0.0508    0.0019    725.1681   630.0257    0.9999        0.0853
  ab_p[2,24]   -0.0013    0.0192    0.0006    974.9131   447.9184    1.0560        0.1147
      σ_e[1]    0.3535    0.5178    0.0307    134.8556   149.1468    1.0272        0.0159
      σ_e[2]    0.3143    0.4255    0.0331    107.9029   171.3087    1.0258        0.0127
    ρ_e[1,1]    1.0000    0.0000       NaN         NaN        NaN       NaN           NaN
    ρ_e[2,1]    0.0079    0.4522    0.0228    383.6990   438.0538    1.0169        0.0451
    ρ_e[1,2]    0.0079    0.4522    0.0228    383.6990   438.0538    1.0169        0.0451
    ρ_e[2,2]    1.0000    0.0000    0.0000    977.3779   894.1818    0.9999        0.1150
   ab_e[1,1]    0.0110    0.1067    0.0042    695.0219   342.7348    1.0077        0.0818
   ab_e[2,1]    0.0065    0.1173    0.0043    847.3527   286.6545    1.0295        0.0997
           σ    1.0016    0.0057    0.0002    948.5080   782.7483    1.0012        0.1116

Quantiles
  parameters      2.5%     25.0%     50.0%     75.0%     97.5%
      Symbol   Float64   Float64   Float64   Float64   Float64

      σ_w[1]    0.0057    0.0255    0.0657    0.1718    0.9085
      σ_w[2]    0.0059    0.0205    0.0486    0.1428    0.9532
    ρ_w[1,1]    1.0000    1.0000    1.0000    1.0000    1.0000
    ρ_w[2,1]   -0.7886   -0.3604   -0.0120    0.3247    0.8372
    ρ_w[1,2]   -0.7886   -0.3604   -0.0120    0.3247    0.8372
    ρ_w[2,2]    1.0000    1.0000    1.0000    1.0000    1.0000
   ab_w[1,1]   -0.2227   -0.0333   -0.0037    0.0162    0.2336
   ab_w[2,1]   -0.2160   -0.0204   -0.0008    0.0170    0.2079
   ab_w[1,2]   -0.1994   -0.0128    0.0090    0.0366    0.2559
   ab_w[2,2]   -0.1948   -0.0119    0.0040    0.0230    0.2205
      σ_p[1]    0.1383    0.1645    0.1803    0.1979    0.2354
      σ_p[2]    0.0056    0.0119    0.0180    0.0258    0.0414
    ρ_p[1,1]    1.0000    1.0000    1.0000    1.0000    1.0000
    ρ_p[2,1]   -0.8760   -0.5625   -0.3390   -0.0959    0.4126
    ρ_p[1,2]   -0.8760   -0.5625   -0.3390   -0.0959    0.4126
    ρ_p[2,2]    1.0000    1.0000    1.0000    1.0000    1.0000
   ab_p[1,1]   -0.1219   -0.0487   -0.0158    0.0172    0.0825
   ab_p[2,1]   -0.0309   -0.0094   -0.0003    0.0079    0.0324
   ab_p[1,2]   -0.3001   -0.2314   -0.2001   -0.1649   -0.0951
   ab_p[2,2]   -0.0406   -0.0076    0.0017    0.0123    0.0388
   ab_p[1,3]   -0.0306    0.0338    0.0687    0.1025    0.1614
   ab_p[2,3]   -0.0326   -0.0086    0.0009    0.0116    0.0422
   ab_p[1,4]   -0.2540   -0.1753   -0.1417   -0.1061   -0.0349
   ab_p[2,4]   -0.0266   -0.0035    0.0060    0.0175    0.0463
   ab_p[1,5]   -0.2950   -0.2303   -0.1936   -0.1576   -0.0950
   ab_p[2,5]   -0.0320   -0.0059    0.0034    0.0127    0.0394
   ab_p[1,6]   -0.0557    0.0047    0.0430    0.0753    0.1436
   ab_p[2,6]   -0.0446   -0.0129   -0.0026    0.0059    0.0299
   ab_p[1,7]   -0.1655   -0.0948   -0.0591   -0.0186    0.0445
   ab_p[2,7]   -0.0321   -0.0045    0.0043    0.0132    0.0434
   ab_p[1,8]   -0.0324    0.0354    0.0704    0.1075    0.1702
   ab_p[2,8]   -0.0418   -0.0144   -0.0050    0.0030    0.0279
   ab_p[1,9]    0.0133    0.0877    0.1238    0.1617    0.2234
   ab_p[2,9]   -0.0675   -0.0254   -0.0110   -0.0016    0.0157
  ab_p[1,10]   -0.1549   -0.0838   -0.0494   -0.0124    0.0567
  ab_p[2,10]   -0.0322   -0.0082    0.0016    0.0101    0.0352
  ab_p[1,11]   -0.0017    0.0667    0.1019    0.1400    0.2107
  ab_p[2,11]   -0.0253   -0.0043    0.0041    0.0160    0.0507
  ab_p[1,12]    0.1503    0.2167    0.2483    0.2831    0.3538
  ab_p[2,12]   -0.0561   -0.0232   -0.0105   -0.0010    0.0200
  ab_p[1,13]   -0.2573   -0.1902   -0.1543   -0.1166   -0.0603
  ab_p[2,13]   -0.0249   -0.0047    0.0041    0.0150    0.0428
  ab_p[1,14]   -0.0498    0.0165    0.0486    0.0826    0.1461
  ab_p[2,14]   -0.0517   -0.0155   -0.0045    0.0046    0.0263
  ab_p[1,15]   -0.0933   -0.0201    0.0143    0.0495    0.1182
  ab_p[2,15]   -0.0391   -0.0128   -0.0028    0.0067    0.0344
  ab_p[1,16]   -0.1079   -0.0408   -0.0069    0.0318    0.0977
  ab_p[2,16]   -0.0295   -0.0064    0.0024    0.0119    0.0405
  ab_p[1,17]   -0.5027   -0.4262   -0.3920   -0.3570   -0.2912
  ab_p[2,17]   -0.0240    0.0010    0.0148    0.0321    0.0697
  ab_p[1,18]   -0.1392   -0.0710   -0.0399   -0.0022    0.0631
  ab_p[2,18]   -0.0170   -0.0009    0.0080    0.0191    0.0545
  ab_p[1,19]    0.3588    0.4221    0.4602    0.4970    0.5703
  ab_p[2,19]   -0.0849   -0.0380   -0.0199   -0.0076    0.0133
  ab_p[1,20]   -0.0545    0.0166    0.0572    0.0917    0.1502
  ab_p[2,20]   -0.0244   -0.0042    0.0035    0.0141    0.0482
  ab_p[1,21]   -0.1802   -0.1145   -0.0781   -0.0436    0.0261
  ab_p[2,21]   -0.0241   -0.0025    0.0066    0.0178    0.0474
  ab_p[1,22]   -0.2831   -0.2092   -0.1729   -0.1379   -0.0696
  ab_p[2,22]   -0.0290   -0.0049    0.0052    0.0144    0.0398
  ab_p[1,23]   -0.0275    0.0440    0.0802    0.1169    0.1816
  ab_p[2,23]   -0.0540   -0.0177   -0.0071    0.0023    0.0245
  ab_p[1,24]    0.0559    0.1222    0.1549    0.1884    0.2560
  ab_p[2,24]   -0.0400   -0.0113   -0.0019    0.0075    0.0422
      σ_e[1]    0.0100    0.0821    0.1855    0.3797    1.5993
      σ_e[2]    0.0082    0.0464    0.1471    0.4349    1.5080
    ρ_e[1,1]    1.0000    1.0000    1.0000    1.0000    1.0000
    ρ_e[2,1]   -0.7902   -0.3638    0.0044    0.3681    0.8221
    ρ_e[1,2]   -0.7902   -0.3638    0.0044    0.3681    0.8221
    ρ_e[2,2]    1.0000    1.0000    1.0000    1.0000    1.0000
   ab_e[1,1]   -0.1990   -0.0203    0.0081    0.0452    0.2177
   ab_e[2,1]   -0.2038   -0.0118    0.0063    0.0263    0.2119
           σ    0.9910    0.9975    1.0016    1.0055    1.0127

