Chains MCMC chain (250×85×4 Array{Float64, 3}):

Iterations        = 126:1:375
Number of chains  = 4
Samples per chain = 250
Wall duration     = 3865.84 seconds
Compute duration  = 11469.34 seconds
parameters        = σ_w[1], σ_w[2], ρ_w[1,1], ρ_w[2,1], ρ_w[1,2], ρ_w[2,2], ab_w[1,1], ab_w[2,1], ab_w[1,2], ab_w[2,2], σ_p[1], σ_p[2], ρ_p[1,1], ρ_p[2,1], ρ_p[1,2], ρ_p[2,2], ab_p[1,1], ab_p[2,1], ab_p[1,2], ab_p[2,2], ab_p[1,3], ab_p[2,3], ab_p[1,4], ab_p[2,4], ab_p[1,5], ab_p[2,5], ab_p[1,6], ab_p[2,6], ab_p[1,7], ab_p[2,7], ab_p[1,8], ab_p[2,8], ab_p[1,9], ab_p[2,9], ab_p[1,10], ab_p[2,10], ab_p[1,11], ab_p[2,11], ab_p[1,12], ab_p[2,12], ab_p[1,13], ab_p[2,13], ab_p[1,14], ab_p[2,14], ab_p[1,15], ab_p[2,15], ab_p[1,16], ab_p[2,16], ab_p[1,17], ab_p[2,17], ab_p[1,18], ab_p[2,18], ab_p[1,19], ab_p[2,19], ab_p[1,20], ab_p[2,20], ab_p[1,21], ab_p[2,21], ab_p[1,22], ab_p[2,22], ab_p[1,23], ab_p[2,23], ab_p[1,24], ab_p[2,24], σ_e[1], σ_e[2], ρ_e[1,1], ρ_e[2,1], ρ_e[1,2], ρ_e[2,2], ab_e[1,1], ab_e[2,1], σ
internals         = lp, n_steps, is_accept, acceptance_rate, log_density, hamiltonian_energy, hamiltonian_energy_error, max_hamiltonian_energy_error, tree_depth, numerical_error, step_size, nom_step_size

Summary Statistics
  parameters      mean       std      mcse   ess_bulk   ess_tail      rhat   ess_per_sec
      Symbol   Float64   Float64   Float64    Float64    Float64   Float64       Float64

      σ_w[1]    0.1140    0.2190    0.0298   111.5021   121.8482    1.2636        0.0097
      σ_w[2]    0.0739    0.1628    0.0124    10.3485   104.3081    1.3474        0.0009
    ρ_w[1,1]    1.0000    0.0000       NaN        NaN        NaN       NaN           NaN
    ρ_w[2,1]   -0.0115    0.3791    0.0198   312.0859   311.6250    1.4240        0.0272
    ρ_w[1,2]   -0.0115    0.3791    0.0198   312.0859   311.6250    1.4240        0.0272
    ρ_w[2,2]    1.0000    0.0000    0.0000   272.2272   229.1750    1.0114        0.0237
   ab_w[1,1]    0.0007    0.0954    0.0057    45.3033   166.7943    1.1067        0.0039
   ab_w[2,1]    0.0022    0.0477    0.0016   949.9938   313.7573    1.1473        0.0828
   ab_w[1,2]    0.0217    0.0961    0.0060    39.3607   163.1208    1.0796        0.0034
   ab_w[2,2]    0.0005    0.0467    0.0015   868.3034   381.0747    1.1717        0.0757
      σ_p[1]    0.1992    0.0292    0.0055    26.7097   532.4949    1.1046        0.0023
      σ_p[2]    0.0408    0.0114    0.0011    97.1407   138.5368    1.3552        0.0085
    ρ_p[1,1]    1.0000    0.0000       NaN        NaN        NaN       NaN           NaN
    ρ_p[2,1]    0.4233    0.2156    0.0148   173.5883   183.5718    1.4053        0.0151
    ρ_p[1,2]    0.4233    0.2156    0.0148   173.5883   183.5718    1.4053        0.0151
    ρ_p[2,2]    1.0000    0.0000    0.0000   386.1747   381.9697    1.0012        0.0337
   ab_p[1,1]    0.0037    0.0485    0.0116    17.6239   813.1270    1.1754        0.0015
   ab_p[2,1]   -0.0472    0.0333    0.0073    21.8220   123.7497    1.1235        0.0019
   ab_p[1,2]   -0.0846    0.0566    0.0167    11.2503    99.6378    1.2836        0.0010
   ab_p[2,2]    0.0058    0.0269    0.0057    21.6723    48.0807    1.1309        0.0019
   ab_p[1,3]   -0.1764    0.0638    0.0232     7.7864    17.1372    1.4928        0.0007
   ab_p[2,3]   -0.0187    0.0245    0.0008   680.0315   567.5446    1.0565        0.0593
   ab_p[1,4]    0.0002    0.0523    0.0144    14.4125   475.9670    1.2023        0.0013
   ab_p[2,4]   -0.0009    0.0268    0.0062    18.8906   373.0209    1.1488        0.0016
   ab_p[1,5]    0.0367    0.0565    0.0180     9.2487    45.3651    1.3769        0.0008
   ab_p[2,5]   -0.0316    0.0289    0.0047    37.6258   127.9789    1.0767        0.0033
   ab_p[1,6]    0.1540    0.0598    0.0190    11.3048   255.8290    1.2818        0.0010
   ab_p[2,6]   -0.0135    0.0278    0.0043    40.9080   507.0957    1.0665        0.0036
   ab_p[1,7]   -0.0724    0.0497    0.0111    22.2162   834.5534    1.1375        0.0019
   ab_p[2,7]   -0.0071    0.0250    0.0030    56.1816   362.5737    1.0522        0.0049
   ab_p[1,8]   -0.0033    0.0529    0.0137    16.3520   501.1458    1.1790        0.0014
   ab_p[2,8]    0.0284    0.0268    0.0028    74.4665   413.1375    1.0472        0.0065
   ab_p[1,9]    0.2099    0.0499    0.0126    15.8728   224.3016    1.1897        0.0014
   ab_p[2,9]    0.0283    0.0252    0.0040    39.8308   315.3736    1.0683        0.0035
  ab_p[1,10]    0.2195    0.0542    0.0139    15.4289   276.5848    1.2001        0.0013
  ab_p[2,10]    0.0395    0.0294    0.0068    21.0133   372.1124    1.1387        0.0018
  ab_p[1,11]    0.5384    0.0696    0.0270     7.7311    21.2166    1.4928        0.0007
  ab_p[2,11]    0.0675    0.0366    0.0094    15.0434   152.4522    1.1858        0.0013
  ab_p[1,12]    0.3116    0.0451    0.0016   757.1076   592.9182    1.1343        0.0660
  ab_p[2,12]    0.0322    0.0271    0.0040    46.1295   678.1661    1.0953        0.0040
  ab_p[1,13]   -0.0470    0.0449    0.0035   106.7215   563.7602    1.0474        0.0093
  ab_p[2,13]   -0.0143    0.0285    0.0071    16.4045   227.7353    1.1656        0.0014
  ab_p[1,14]    0.0290    0.0478    0.0072    38.4024   747.2155    1.0874        0.0033
  ab_p[2,14]    0.0279    0.0271    0.0038    50.0279   552.4913    1.0600        0.0044
  ab_p[1,15]   -0.1772    0.0637    0.0225     8.4708    18.0514    1.4223        0.0007
  ab_p[2,15]   -0.0275    0.0281    0.0062    19.2506    88.4759    1.1447        0.0017
  ab_p[1,16]    0.1535    0.0633    0.0231     7.6191    12.3621    1.5094        0.0007
  ab_p[2,16]   -0.0019    0.0239    0.0018   116.2497   567.6655    1.0360        0.0101
  ab_p[1,17]   -0.0120    0.0536    0.0160    10.9192    54.3286    1.2994        0.0010
  ab_p[2,17]   -0.0099    0.0288    0.0077    14.0633    44.7178    1.2130        0.0012
  ab_p[1,18]    0.0506    0.0455    0.0065    48.6496   618.5847    1.0669        0.0042
  ab_p[2,18]   -0.0131    0.0254    0.0017   187.5399   647.3948    1.1025        0.0164
  ab_p[1,19]    0.0207    0.0516    0.0111    22.6486   563.2321    1.1322        0.0020
  ab_p[2,19]    0.0344    0.0326    0.0055    36.1872    32.6095    1.0759        0.0032
  ab_p[1,20]   -0.0577    0.0563    0.0152    12.7296   181.3615    1.2359        0.0011
  ab_p[2,20]    0.0032    0.0273    0.0054    26.1968   499.0650    1.1016        0.0023
  ab_p[1,21]   -0.1732    0.0518    0.0139    14.9966   251.6202    1.2098        0.0013
  ab_p[2,21]   -0.0116    0.0268    0.0046    35.6380   180.8701    1.0809        0.0031
  ab_p[1,22]   -0.2329    0.0478    0.0099    22.7113   572.2841    1.1219        0.0020
  ab_p[2,22]    0.0124    0.0283    0.0052    28.7087   739.9685    1.0989        0.0025
  ab_p[1,23]   -0.2364    0.0558    0.0158    12.3733   207.1209    1.2537        0.0011
  ab_p[2,23]   -0.0437    0.0282    0.0019   199.9142   570.8163    1.0384        0.0174
  ab_p[1,24]   -0.0983    0.0519    0.0132    15.8101    73.9975    1.1791        0.0014
  ab_p[2,24]   -0.0124    0.0299    0.0078    14.4206    30.8268    1.2009        0.0013
      σ_e[1]    0.3196    0.4893    0.0485    49.7069   201.2790    1.1615        0.0043
      σ_e[2]    0.2210    0.4226    0.0575     7.3029    11.8390    1.5909        0.0006
    ρ_e[1,1]    1.0000    0.0000       NaN        NaN        NaN       NaN           NaN
    ρ_e[2,1]   -0.1097    0.4591    0.0993    27.2215   370.9706    1.1186        0.0024
    ρ_e[1,2]   -0.1097    0.4591    0.0993    27.2215   370.9706    1.1186        0.0024
    ρ_e[2,2]    1.0000    0.0000    0.0000   836.2714   653.2364    1.0150        0.0729
   ab_e[1,1]   -0.0508    0.1055    0.0163    16.8253   153.1782    1.1825        0.0015
   ab_e[2,1]    0.0040    0.0472    0.0016   938.5968   378.2258    1.2448        0.0818
           σ    0.9669    0.0054    0.0002   625.3985   697.8946    1.0375        0.0545

Quantiles
  parameters      2.5%     25.0%     50.0%     75.0%     97.5%
      Symbol   Float64   Float64   Float64   Float64   Float64

      σ_w[1]    0.0081    0.0270    0.0309    0.1136    0.5962
      σ_w[2]    0.0054    0.0060    0.0209    0.0693    0.5076
    ρ_w[1,1]    1.0000    1.0000    1.0000    1.0000    1.0000
    ρ_w[2,1]   -0.8006   -0.2103   -0.0489    0.2280    0.7456
    ρ_w[1,2]   -0.8006   -0.2103   -0.0489    0.2280    0.7456
    ρ_w[2,2]    1.0000    1.0000    1.0000    1.0000    1.0000
   ab_w[1,1]   -0.1762   -0.0226   -0.0025    0.0187    0.2441
   ab_w[2,1]   -0.0901   -0.0069    0.0003    0.0106    0.1033
   ab_w[1,2]   -0.1491   -0.0049    0.0180    0.0358    0.2780
   ab_w[2,2]   -0.0928   -0.0074   -0.0001    0.0087    0.0919
      σ_p[1]    0.1459    0.1768    0.2035    0.2197    0.2551
      σ_p[2]    0.0192    0.0337    0.0423    0.0451    0.0669
    ρ_p[1,1]    1.0000    1.0000    1.0000    1.0000    1.0000
    ρ_p[2,1]   -0.0446    0.3402    0.3806    0.5705    0.8405
    ρ_p[1,2]   -0.0446    0.3402    0.3806    0.5705    0.8405
    ρ_p[2,2]    1.0000    1.0000    1.0000    1.0000    1.0000
   ab_p[1,1]   -0.0930   -0.0316    0.0108    0.0396    0.0782
   ab_p[2,1]   -0.1097   -0.0707   -0.0444   -0.0226    0.0138
   ab_p[1,2]   -0.1973   -0.1301   -0.0791   -0.0367    0.0135
   ab_p[2,2]   -0.0395   -0.0129    0.0054    0.0221    0.0636
   ab_p[1,3]   -0.2935   -0.2254   -0.1788   -0.1249   -0.0735
   ab_p[2,3]   -0.0697   -0.0317   -0.0200   -0.0038    0.0309
   ab_p[1,4]   -0.1069   -0.0380    0.0046    0.0445    0.0732
   ab_p[2,4]   -0.0562   -0.0174   -0.0006    0.0217    0.0423
   ab_p[1,5]   -0.0788   -0.0036    0.0364    0.0860    0.1258
   ab_p[2,5]   -0.0834   -0.0500   -0.0320   -0.0130    0.0249
   ab_p[1,6]    0.0396    0.1078    0.1539    0.2150    0.2364
   ab_p[2,6]   -0.0728   -0.0317   -0.0107    0.0064    0.0373
   ab_p[1,7]   -0.1749   -0.1082   -0.0660   -0.0337    0.0056
   ab_p[2,7]   -0.0602   -0.0216   -0.0053    0.0102    0.0401
   ab_p[1,8]   -0.1133   -0.0405   -0.0007    0.0429    0.0790
   ab_p[2,8]   -0.0203    0.0097    0.0259    0.0452    0.0861
   ab_p[1,9]    0.1114    0.1725    0.2136    0.2489    0.2911
   ab_p[2,9]   -0.0229    0.0128    0.0296    0.0438    0.0745
  ab_p[1,10]    0.1095    0.1817    0.2260    0.2629    0.3041
  ab_p[2,10]   -0.0163    0.0183    0.0398    0.0625    0.0886
  ab_p[1,11]    0.4172    0.4849    0.5298    0.6183    0.6461
  ab_p[2,11]    0.0073    0.0409    0.0669    0.0945    0.1399
  ab_p[1,12]    0.2126    0.2870    0.3151    0.3361    0.4028
  ab_p[2,12]   -0.0247    0.0155    0.0380    0.0481    0.0794
  ab_p[1,13]   -0.1441   -0.0727   -0.0452   -0.0190    0.0476
  ab_p[2,13]   -0.0610   -0.0379   -0.0119    0.0063    0.0393
  ab_p[1,14]   -0.0757   -0.0008    0.0378    0.0615    0.1107
  ab_p[2,14]   -0.0225    0.0096    0.0251    0.0460    0.0869
  ab_p[1,15]   -0.2953   -0.2268   -0.1810   -0.1231   -0.0669
  ab_p[2,15]   -0.0848   -0.0478   -0.0263   -0.0048    0.0202
  ab_p[1,16]    0.0394    0.1053    0.1475    0.2136    0.2542
  ab_p[2,16]   -0.0508   -0.0165   -0.0021    0.0130    0.0449
  ab_p[1,17]   -0.1196   -0.0525   -0.0087    0.0285    0.0722
  ab_p[2,17]   -0.0702   -0.0263   -0.0100    0.0072    0.0470
  ab_p[1,18]   -0.0426    0.0179    0.0589    0.0808    0.1357
  ab_p[2,18]   -0.0697   -0.0257   -0.0127    0.0038    0.0322
  ab_p[1,19]   -0.0884   -0.0136    0.0290    0.0584    0.1084
  ab_p[2,19]   -0.0298    0.0103    0.0364    0.0591    0.0977
  ab_p[1,20]   -0.1793   -0.0969   -0.0538   -0.0095    0.0387
  ab_p[2,20]   -0.0472   -0.0164    0.0033    0.0211    0.0589
  ab_p[1,21]   -0.2779   -0.2129   -0.1683   -0.1306   -0.0949
  ab_p[2,21]   -0.0548   -0.0311   -0.0133    0.0059    0.0442
  ab_p[1,22]   -0.3371   -0.2645   -0.2300   -0.1924   -0.1559
  ab_p[2,22]   -0.0439   -0.0079    0.0160    0.0324    0.0638
  ab_p[1,23]   -0.3503   -0.2770   -0.2331   -0.1956   -0.1547
  ab_p[2,23]   -0.1121   -0.0589   -0.0413   -0.0231    0.0056
  ab_p[1,24]   -0.2050   -0.1353   -0.0943   -0.0569   -0.0136
  ab_p[2,24]   -0.0722   -0.0335   -0.0130    0.0105    0.0440
      σ_e[1]    0.0118    0.0760    0.1072    0.3612    1.8304
      σ_e[2]    0.0028    0.0037    0.0706    0.2588    1.3746
    ρ_e[1,1]    1.0000    1.0000    1.0000    1.0000    1.0000
    ρ_e[2,1]   -0.8066   -0.4826   -0.2522    0.2781    0.8288
    ρ_e[1,2]   -0.8066   -0.4826   -0.2522    0.2781    0.8288
    ρ_e[2,2]    1.0000    1.0000    1.0000    1.0000    1.0000
   ab_e[1,1]   -0.2764   -0.1101   -0.0399    0.0012    0.1444
   ab_e[2,1]   -0.0854   -0.0054    0.0027    0.0153    0.0989
           σ    0.9569    0.9632    0.9669    0.9705    0.9776

