Chains MCMC chain (250×85×4 Array{Float64, 3}):

Iterations        = 126:1:375
Number of chains  = 4
Samples per chain = 250
Wall duration     = 1844.86 seconds
Compute duration  = 6812.95 seconds
parameters        = σ_w[1], σ_w[2], ρ_w[1,1], ρ_w[2,1], ρ_w[1,2], ρ_w[2,2], ab_w[1,1], ab_w[2,1], ab_w[1,2], ab_w[2,2], σ_p[1], σ_p[2], ρ_p[1,1], ρ_p[2,1], ρ_p[1,2], ρ_p[2,2], ab_p[1,1], ab_p[2,1], ab_p[1,2], ab_p[2,2], ab_p[1,3], ab_p[2,3], ab_p[1,4], ab_p[2,4], ab_p[1,5], ab_p[2,5], ab_p[1,6], ab_p[2,6], ab_p[1,7], ab_p[2,7], ab_p[1,8], ab_p[2,8], ab_p[1,9], ab_p[2,9], ab_p[1,10], ab_p[2,10], ab_p[1,11], ab_p[2,11], ab_p[1,12], ab_p[2,12], ab_p[1,13], ab_p[2,13], ab_p[1,14], ab_p[2,14], ab_p[1,15], ab_p[2,15], ab_p[1,16], ab_p[2,16], ab_p[1,17], ab_p[2,17], ab_p[1,18], ab_p[2,18], ab_p[1,19], ab_p[2,19], ab_p[1,20], ab_p[2,20], ab_p[1,21], ab_p[2,21], ab_p[1,22], ab_p[2,22], ab_p[1,23], ab_p[2,23], ab_p[1,24], ab_p[2,24], σ_e[1], σ_e[2], ρ_e[1,1], ρ_e[2,1], ρ_e[1,2], ρ_e[2,2], ab_e[1,1], ab_e[2,1], σ
internals         = lp, n_steps, is_accept, acceptance_rate, log_density, hamiltonian_energy, hamiltonian_energy_error, max_hamiltonian_energy_error, tree_depth, numerical_error, step_size, nom_step_size

Summary Statistics
  parameters      mean       std      mcse    ess_bulk   ess_tail      rhat   ess_per_sec
      Symbol   Float64   Float64   Float64     Float64    Float64   Float64       Float64

      σ_w[1]    0.1380    0.2329    0.0200     92.7369   216.8326    1.0281        0.0136
      σ_w[2]    0.1165    0.2199    0.0168    134.8584   236.3759    1.0420        0.0198
    ρ_w[1,1]    1.0000    0.0000       NaN         NaN        NaN       NaN           NaN
    ρ_w[2,1]    0.0089    0.4839    0.0268    361.5607   448.1639    1.0104        0.0531
    ρ_w[1,2]    0.0089    0.4839    0.0268    361.5607   448.1639    1.0104        0.0531
    ρ_w[2,2]    1.0000    0.0000    0.0000    929.8731   859.5318    1.0030        0.1365
   ab_w[1,1]    0.0001    0.1471    0.0063    709.1697   270.7491    1.0174        0.1041
   ab_w[2,1]   -0.0030    0.0832    0.0040    711.1930   213.0583    1.0110        0.1044
   ab_w[1,2]   -0.0072    0.1469    0.0063    708.0000   255.5581    1.0194        0.1039
   ab_w[2,2]    0.0079    0.0839    0.0040    821.1845   205.8421    1.0261        0.1205
      σ_p[1]    0.1186    0.0230    0.0009    687.5760   467.2935    1.0068        0.1009
      σ_p[2]    0.0595    0.0146    0.0006    484.3016   417.7658    1.0087        0.0711
    ρ_p[1,1]    1.0000    0.0000       NaN         NaN        NaN       NaN           NaN
    ρ_p[2,1]   -0.2744    0.2402    0.0085    791.9721   318.3973    1.0027        0.1162
    ρ_p[1,2]   -0.2744    0.2402    0.0085    791.9721   318.3973    1.0027        0.1162
    ρ_p[2,2]    1.0000    0.0000    0.0000   1015.0123   858.7483    1.0031        0.1490
   ab_p[1,1]   -0.1163    0.0447    0.0014    958.0768   660.8133    1.0002        0.1406
   ab_p[2,1]    0.0151    0.0360    0.0011   1072.8479   831.7033    1.0056        0.1575
   ab_p[1,2]    0.0096    0.0428    0.0013   1011.2149   826.4359    1.0010        0.1484
   ab_p[2,2]    0.0906    0.0380    0.0013    858.9648   814.5781    1.0055        0.1261
   ab_p[1,3]   -0.0955    0.0445    0.0013   1093.8716   805.2023    1.0005        0.1606
   ab_p[2,3]    0.0128    0.0375    0.0012    995.4215   688.9445    1.0094        0.1461
   ab_p[1,4]    0.1121    0.0432    0.0014    906.1174   917.1085    1.0033        0.1330
   ab_p[2,4]   -0.0193    0.0336    0.0011    986.8816   829.4562    1.0010        0.1449
   ab_p[1,5]    0.0151    0.0438    0.0014   1011.8589   567.7318    1.0064        0.1485
   ab_p[2,5]   -0.0031    0.0344    0.0010   1090.0163   779.9289    1.0044        0.1600
   ab_p[1,6]   -0.2286    0.0458    0.0014   1011.8368   904.2260    1.0012        0.1485
   ab_p[2,6]    0.1090    0.0414    0.0014    938.9336   778.2560    1.0045        0.1378
   ab_p[1,7]    0.0281    0.0449    0.0014   1006.8387   811.3034    0.9998        0.1478
   ab_p[2,7]   -0.0162    0.0372    0.0012    956.1075   718.5804    1.0052        0.1403
   ab_p[1,8]    0.1538    0.0423    0.0013    984.5896   788.8550    1.0021        0.1445
   ab_p[2,8]   -0.0171    0.0351    0.0011    953.4707   871.7667    1.0013        0.1399
   ab_p[1,9]   -0.1152    0.0467    0.0015   1003.8988   883.5375    0.9993        0.1474
   ab_p[2,9]   -0.0447    0.0376    0.0011   1073.0030   724.5452    1.0031        0.1575
  ab_p[1,10]   -0.1032    0.0427    0.0015    843.0187   878.4554    1.0004        0.1237
  ab_p[2,10]   -0.0577    0.0372    0.0012    910.0522   815.1622    1.0000        0.1336
  ab_p[1,11]    0.0847    0.0439    0.0014   1021.7749   676.0966    0.9997        0.1500
  ab_p[2,11]   -0.0897    0.0390    0.0014    787.9038   866.9639    1.0016        0.1156
  ab_p[1,12]    0.0045    0.0437    0.0013   1216.0333   801.3690    1.0039        0.1785
  ab_p[2,12]   -0.0119    0.0356    0.0011   1128.0107   824.1926    1.0103        0.1656
  ab_p[1,13]   -0.0096    0.0434    0.0014    937.5924   790.4368    1.0006        0.1376
  ab_p[2,13]   -0.0320    0.0354    0.0011    972.1516   838.8254    1.0050        0.1427
  ab_p[1,14]    0.0338    0.0420    0.0014    963.8716   655.4563    0.9984        0.1415
  ab_p[2,14]   -0.0027    0.0356    0.0011    981.6906   665.4402    1.0028        0.1441
  ab_p[1,15]   -0.1000    0.0462    0.0015    977.7598   797.7602    1.0000        0.1435
  ab_p[2,15]    0.0530    0.0384    0.0012   1073.9614   876.0826    1.0040        0.1576
  ab_p[1,16]   -0.0322    0.0453    0.0014   1002.0427   796.9072    1.0035        0.1471
  ab_p[2,16]    0.0233    0.0347    0.0011    965.1678   786.1484    0.9999        0.1417
  ab_p[1,17]   -0.0153    0.0451    0.0013   1146.1221   907.5134    0.9997        0.1682
  ab_p[2,17]    0.0337    0.0362    0.0013    826.7759   698.2084    1.0088        0.1214
  ab_p[1,18]   -0.0543    0.0441    0.0015    849.3698   845.6234    1.0023        0.1247
  ab_p[2,18]   -0.0187    0.0369    0.0012    989.1825   608.0684    1.0018        0.1452
  ab_p[1,19]    0.1404    0.0442    0.0014   1009.4437   839.0985    1.0023        0.1482
  ab_p[2,19]   -0.0606    0.0369    0.0012    998.8135   766.0108    0.9995        0.1466
  ab_p[1,20]    0.0332    0.0435    0.0014    943.2297   791.6408    1.0028        0.1384
  ab_p[2,20]   -0.0291    0.0369    0.0012    977.6052   628.0364    1.0067        0.1435
  ab_p[1,21]    0.2566    0.0429    0.0014    889.3246   790.4045    0.9995        0.1305
  ab_p[2,21]    0.0072    0.0374    0.0012   1020.4875   778.4117    1.0015        0.1498
  ab_p[1,22]   -0.0648    0.0433    0.0014    991.9339   636.6158    1.0009        0.1456
  ab_p[2,22]    0.0178    0.0335    0.0011    929.4074   796.7695    1.0038        0.1364
  ab_p[1,23]   -0.0495    0.0440    0.0014   1028.2129   603.5965    1.0013        0.1509
  ab_p[2,23]    0.0365    0.0346    0.0011   1062.0321   832.6951    1.0038        0.1559
  ab_p[1,24]    0.0481    0.0434    0.0014    991.3825   902.2742    1.0005        0.1455
  ab_p[2,24]    0.0132    0.0347    0.0010   1133.8331   839.9381    1.0021        0.1664
      σ_e[1]    0.3633    0.5340    0.0371    116.6064   200.3903    1.0270        0.0171
      σ_e[2]    0.3416    0.4708    0.0317    173.3466   326.5829    1.0171        0.0254
    ρ_e[1,1]    1.0000    0.0000       NaN         NaN        NaN       NaN           NaN
    ρ_e[2,1]    0.0008    0.4714    0.0191    579.0142   440.2804    1.0109        0.0850
    ρ_e[1,2]    0.0008    0.4714    0.0191    579.0142   440.2804    1.0109        0.0850
    ρ_e[2,2]    1.0000    0.0000    0.0000   1035.9606   873.2480    0.9991        0.1521
   ab_e[1,1]   -0.0170    0.1488    0.0065    711.7753   258.3621    1.0103        0.1045
   ab_e[2,1]    0.0213    0.0837    0.0040    755.9409   241.9900    1.0123        0.1110
           σ    0.9945    0.0059    0.0002   1011.6202   779.9033    1.0131        0.1485

Quantiles
  parameters      2.5%     25.0%     50.0%     75.0%     97.5%
      Symbol   Float64   Float64   Float64   Float64   Float64

      σ_w[1]    0.0062    0.0181    0.0521    0.1429    0.9272
      σ_w[2]    0.0059    0.0198    0.0460    0.1111    0.6785
    ρ_w[1,1]    1.0000    1.0000    1.0000    1.0000    1.0000
    ρ_w[2,1]   -0.8556   -0.3792    0.0046    0.3873    0.8475
    ρ_w[1,2]   -0.8556   -0.3792    0.0046    0.3873    0.8475
    ρ_w[2,2]    1.0000    1.0000    1.0000    1.0000    1.0000
   ab_w[1,1]   -0.3049   -0.0210   -0.0014    0.0166    0.2991
   ab_w[2,1]   -0.1724   -0.0188   -0.0013    0.0159    0.1659
   ab_w[1,2]   -0.3186   -0.0297   -0.0063    0.0111    0.2747
   ab_w[2,2]   -0.1570   -0.0089    0.0067    0.0268    0.1873
      σ_p[1]    0.0860    0.1022    0.1144    0.1303    0.1735
      σ_p[2]    0.0361    0.0496    0.0577    0.0672    0.0909
    ρ_p[1,1]    1.0000    1.0000    1.0000    1.0000    1.0000
    ρ_p[2,1]   -0.6932   -0.4624   -0.2877   -0.1034    0.2048
    ρ_p[1,2]   -0.6932   -0.4624   -0.2877   -0.1034    0.2048
    ρ_p[2,2]    1.0000    1.0000    1.0000    1.0000    1.0000
   ab_p[1,1]   -0.2054   -0.1455   -0.1181   -0.0858   -0.0309
   ab_p[2,1]   -0.0550   -0.0104    0.0174    0.0399    0.0836
   ab_p[1,2]   -0.0680   -0.0212    0.0071    0.0395    0.0996
   ab_p[2,2]    0.0234    0.0633    0.0895    0.1146    0.1676
   ab_p[1,3]   -0.1813   -0.1265   -0.0944   -0.0660   -0.0051
   ab_p[2,3]   -0.0603   -0.0122    0.0123    0.0352    0.0900
   ab_p[1,4]    0.0298    0.0833    0.1112    0.1413    0.1962
   ab_p[2,4]   -0.0861   -0.0409   -0.0189    0.0033    0.0448
   ab_p[1,5]   -0.0666   -0.0156    0.0154    0.0443    0.1007
   ab_p[2,5]   -0.0685   -0.0259   -0.0041    0.0200    0.0682
   ab_p[1,6]   -0.3224   -0.2577   -0.2279   -0.1978   -0.1423
   ab_p[2,6]    0.0308    0.0813    0.1080    0.1366    0.1959
   ab_p[1,7]   -0.0575   -0.0020    0.0289    0.0565    0.1159
   ab_p[2,7]   -0.0911   -0.0405   -0.0151    0.0091    0.0569
   ab_p[1,8]    0.0760    0.1239    0.1536    0.1834    0.2362
   ab_p[2,8]   -0.0859   -0.0407   -0.0173    0.0075    0.0511
   ab_p[1,9]   -0.2085   -0.1458   -0.1152   -0.0875   -0.0188
   ab_p[2,9]   -0.1194   -0.0690   -0.0432   -0.0188    0.0226
  ab_p[1,10]   -0.1905   -0.1319   -0.1016   -0.0751   -0.0211
  ab_p[2,10]   -0.1264   -0.0835   -0.0571   -0.0306    0.0139
  ab_p[1,11]   -0.0061    0.0573    0.0852    0.1140    0.1656
  ab_p[2,11]   -0.1747   -0.1142   -0.0889   -0.0629   -0.0153
  ab_p[1,12]   -0.0824   -0.0259    0.0053    0.0335    0.0844
  ab_p[2,12]   -0.0808   -0.0362   -0.0107    0.0109    0.0547
  ab_p[1,13]   -0.0966   -0.0381   -0.0093    0.0184    0.0770
  ab_p[2,13]   -0.1008   -0.0549   -0.0334   -0.0080    0.0381
  ab_p[1,14]   -0.0490    0.0044    0.0335    0.0630    0.1119
  ab_p[2,14]   -0.0723   -0.0258   -0.0022    0.0205    0.0675
  ab_p[1,15]   -0.1925   -0.1321   -0.0995   -0.0669   -0.0111
  ab_p[2,15]   -0.0186    0.0277    0.0528    0.0775    0.1322
  ab_p[1,16]   -0.1290   -0.0615   -0.0316   -0.0023    0.0520
  ab_p[2,16]   -0.0417    0.0004    0.0239    0.0447    0.0957
  ab_p[1,17]   -0.1072   -0.0460   -0.0143    0.0142    0.0696
  ab_p[2,17]   -0.0370    0.0088    0.0332    0.0581    0.1054
  ab_p[1,18]   -0.1387   -0.0841   -0.0548   -0.0252    0.0323
  ab_p[2,18]   -0.0917   -0.0432   -0.0181    0.0065    0.0461
  ab_p[1,19]    0.0561    0.1082    0.1394    0.1702    0.2286
  ab_p[2,19]   -0.1373   -0.0855   -0.0581   -0.0346    0.0065
  ab_p[1,20]   -0.0534    0.0054    0.0311    0.0616    0.1231
  ab_p[2,20]   -0.1025   -0.0538   -0.0296   -0.0023    0.0394
  ab_p[1,21]    0.1691    0.2274    0.2560    0.2852    0.3429
  ab_p[2,21]   -0.0669   -0.0172    0.0070    0.0327    0.0789
  ab_p[1,22]   -0.1498   -0.0942   -0.0652   -0.0341    0.0190
  ab_p[2,22]   -0.0464   -0.0052    0.0174    0.0404    0.0849
  ab_p[1,23]   -0.1375   -0.0785   -0.0498   -0.0206    0.0321
  ab_p[2,23]   -0.0299    0.0148    0.0361    0.0601    0.1034
  ab_p[1,24]   -0.0353    0.0173    0.0481    0.0770    0.1324
  ab_p[2,24]   -0.0538   -0.0090    0.0134    0.0352    0.0833
      σ_e[1]    0.0080    0.0497    0.1646    0.4764    1.8927
      σ_e[2]    0.0119    0.0605    0.1573    0.3907    1.6772
    ρ_e[1,1]    1.0000    1.0000    1.0000    1.0000    1.0000
    ρ_e[2,1]   -0.8426   -0.3726    0.0018    0.3700    0.8139
    ρ_e[1,2]   -0.8426   -0.3726    0.0018    0.3700    0.8139
    ρ_e[2,2]    1.0000    1.0000    1.0000    1.0000    1.0000
   ab_e[1,1]   -0.3080   -0.0440   -0.0125    0.0099    0.2876
   ab_e[2,1]   -0.1432   -0.0009    0.0188    0.0419    0.1806
           σ    0.9831    0.9904    0.9944    0.9987    1.0062

