Chains MCMC chain (250×85×4 Array{Float64, 3}):

Iterations        = 126:1:375
Number of chains  = 4
Samples per chain = 250
Wall duration     = 15771.0 seconds
Compute duration  = 37409.5 seconds
parameters        = σ_w[1], σ_w[2], ρ_w[1,1], ρ_w[2,1], ρ_w[1,2], ρ_w[2,2], ab_w[1,1], ab_w[2,1], ab_w[1,2], ab_w[2,2], σ_p[1], σ_p[2], ρ_p[1,1], ρ_p[2,1], ρ_p[1,2], ρ_p[2,2], ab_p[1,1], ab_p[2,1], ab_p[1,2], ab_p[2,2], ab_p[1,3], ab_p[2,3], ab_p[1,4], ab_p[2,4], ab_p[1,5], ab_p[2,5], ab_p[1,6], ab_p[2,6], ab_p[1,7], ab_p[2,7], ab_p[1,8], ab_p[2,8], ab_p[1,9], ab_p[2,9], ab_p[1,10], ab_p[2,10], ab_p[1,11], ab_p[2,11], ab_p[1,12], ab_p[2,12], ab_p[1,13], ab_p[2,13], ab_p[1,14], ab_p[2,14], ab_p[1,15], ab_p[2,15], ab_p[1,16], ab_p[2,16], ab_p[1,17], ab_p[2,17], ab_p[1,18], ab_p[2,18], ab_p[1,19], ab_p[2,19], ab_p[1,20], ab_p[2,20], ab_p[1,21], ab_p[2,21], ab_p[1,22], ab_p[2,22], ab_p[1,23], ab_p[2,23], ab_p[1,24], ab_p[2,24], σ_e[1], σ_e[2], ρ_e[1,1], ρ_e[2,1], ρ_e[1,2], ρ_e[2,2], ab_e[1,1], ab_e[2,1], σ
internals         = lp, n_steps, is_accept, acceptance_rate, log_density, hamiltonian_energy, hamiltonian_energy_error, max_hamiltonian_energy_error, tree_depth, numerical_error, step_size, nom_step_size

Summary Statistics
  parameters      mean       std      mcse   ess_bulk   ess_tail      rhat   ess_per_sec
      Symbol   Float64   Float64   Float64    Float64    Float64   Float64       Float64

      σ_w[1]    0.0562    0.1694    0.0314     5.2835    25.9102    2.2091        0.0001
      σ_w[2]    0.0551    0.1587    0.0176     7.1954    41.5263    1.5875        0.0002
    ρ_w[1,1]    1.0000    0.0000       NaN        NaN        NaN       NaN           NaN
    ρ_w[2,1]   -0.0254    0.5057    0.1718    14.4698   338.8265    1.2229        0.0004
    ρ_w[1,2]   -0.0254    0.5057    0.1718    14.4698   338.8265    1.2229        0.0004
    ρ_w[2,2]    1.0000    0.0000    0.0000   456.7392   410.0484    1.0085        0.0122
   ab_w[1,1]    0.0058    0.0756    0.0038   610.0289    80.0962    1.4207        0.0163
   ab_w[2,1]    0.0022    0.0579    0.0023   104.8278   272.1739    1.2259        0.0028
   ab_w[1,2]    0.0043    0.0746    0.0037   638.8653    83.2409    1.4836        0.0171
   ab_w[2,2]   -0.0010    0.0579    0.0023   176.9657   222.0817    1.3041        0.0047
      σ_p[1]    0.1853    0.0232    0.0045    19.2998   214.0514    1.2548        0.0005
      σ_p[2]    0.0511    0.0086    0.0025    12.0122   191.7179    1.4546        0.0003
    ρ_p[1,1]    1.0000    0.0000       NaN        NaN        NaN       NaN           NaN
    ρ_p[2,1]    0.3127    0.2104    0.0821     7.4969    59.0127    1.5337        0.0002
    ρ_p[1,2]    0.3127    0.2104    0.0821     7.4969    59.0127    1.5337        0.0002
    ρ_p[2,2]    1.0000    0.0000    0.0000   211.6848   108.9520    1.0314        0.0057
   ab_p[1,1]    0.0184    0.0351    0.0086    16.6379   478.6176    1.2637        0.0004
   ab_p[2,1]   -0.0578    0.0234    0.0068    13.4865   193.2124    1.2222        0.0004
   ab_p[1,2]   -0.1094    0.0418    0.0139    11.1017   368.0593    1.2842        0.0003
   ab_p[2,2]   -0.0128    0.0234    0.0077     9.7425   118.7177    1.3467        0.0003
   ab_p[1,3]   -0.1660    0.0353    0.0079    18.8116   224.2816    1.2350        0.0005
   ab_p[2,3]   -0.0440    0.0213    0.0053    15.5630    28.5769    1.1801        0.0004
   ab_p[1,4]    0.0720    0.0422    0.0147     9.8559    97.3202    1.3405        0.0003
   ab_p[2,4]    0.0238    0.0237    0.0071    12.0579   158.6233    1.2671        0.0003
   ab_p[1,5]   -0.0281    0.0361    0.0073    20.3627   328.4477    1.2357        0.0005
   ab_p[2,5]   -0.0165    0.0219    0.0050    19.7932    85.7038    1.1338        0.0005
   ab_p[1,6]    0.1537    0.0342    0.0058    32.2058   291.1207    1.1789        0.0009
   ab_p[2,6]   -0.0583    0.0203    0.0040    23.6211    65.8068    1.2006        0.0006
   ab_p[1,7]   -0.1301    0.0393    0.0118    12.3521   365.7092    1.2568        0.0003
   ab_p[2,7]   -0.0412    0.0223    0.0068    10.8185    49.0180    1.2969        0.0003
   ab_p[1,8]    0.0154    0.0325    0.0075    17.9664   165.2723    1.1980        0.0005
   ab_p[2,8]    0.0617    0.0202    0.0043    21.3347   181.7185    1.1364        0.0006
   ab_p[1,9]    0.1888    0.0338    0.0053    30.8725   236.9013    1.1632        0.0008
   ab_p[2,9]    0.0212    0.0185    0.0012   101.9852   244.7488    1.2063        0.0027
  ab_p[1,10]    0.1876    0.0369    0.0068    27.7237   190.9352    1.2044        0.0007
  ab_p[2,10]    0.0253    0.0261    0.0085    10.3734    28.8866    1.3109        0.0003
  ab_p[1,11]    0.5192    0.0324    0.0040    46.4744   156.0225    1.1892        0.0012
  ab_p[2,11]    0.0656    0.0255    0.0090     9.1412    34.8718    1.3915        0.0002
  ab_p[1,12]    0.3392    0.0328    0.0018   115.1930   188.8281    1.2780        0.0031
  ab_p[2,12]    0.0844    0.0186    0.0020    97.7179   337.8742    1.1407        0.0026
  ab_p[1,13]   -0.0234    0.0353    0.0084    17.9530   229.8611    1.1574        0.0005
  ab_p[2,13]    0.0274    0.0285    0.0111     7.5666    14.8242    1.5257        0.0002
  ab_p[1,14]    0.0877    0.0376    0.0098    17.2442   339.2156    1.1734        0.0005
  ab_p[2,14]    0.0972    0.0241    0.0077    11.6494   230.6404    1.2625        0.0003
  ab_p[1,15]   -0.1753    0.0455    0.0161    10.2956   152.8146    1.3212        0.0003
  ab_p[2,15]    0.0117    0.0205    0.0055    12.8494    60.7576    1.2325        0.0003
  ab_p[1,16]    0.0571    0.0365    0.0088    18.1429   359.3270    1.1582        0.0005
  ab_p[2,16]   -0.0619    0.0218    0.0053    16.6490    65.4663    1.1728        0.0004
  ab_p[1,17]   -0.0321    0.0345    0.0080    18.7426   325.2253    1.1618        0.0005
  ab_p[2,17]   -0.0516    0.0215    0.0053    16.1842   152.0202    1.1765        0.0004
  ab_p[1,18]    0.0403    0.0351    0.0076    22.8614   146.8112    1.1286        0.0006
  ab_p[2,18]   -0.0278    0.0209    0.0059    14.8345    34.4945    1.2087        0.0004
  ab_p[1,19]    0.0011    0.0425    0.0150     9.6312   175.7096    1.3515        0.0003
  ab_p[2,19]    0.0590    0.0201    0.0044    20.7179   126.8465    1.2218        0.0006
  ab_p[1,20]   -0.0736    0.0345    0.0057    30.6681   239.8760    1.2570        0.0008
  ab_p[2,20]   -0.0203    0.0184    0.0028    40.2262   169.4496    1.1532        0.0011
  ab_p[1,21]   -0.2284    0.0360    0.0075    21.0097   200.6615    1.1398        0.0006
  ab_p[2,21]   -0.0314    0.0172    0.0022    53.1134   364.2382    1.1333        0.0014
  ab_p[1,22]   -0.2225    0.0366    0.0085    17.8482   421.6119    1.2001        0.0005
  ab_p[2,22]   -0.0305    0.0209    0.0051    17.4108   387.4788    1.1622        0.0005
  ab_p[1,23]   -0.2150    0.0393    0.0117    12.0948   238.5352    1.2633        0.0003
  ab_p[2,23]   -0.0232    0.0187    0.0025    57.5060   181.2914    1.2217        0.0015
  ab_p[1,24]   -0.1081    0.0326    0.0014   120.3686   338.1142    1.2752        0.0032
  ab_p[2,24]    0.0116    0.0166    0.0014    80.9989   271.9063    1.1771        0.0022
      σ_e[1]    0.2280    0.4108    0.0916     6.6435    26.7200    1.6819        0.0002
      σ_e[2]    0.1943    0.3250    0.0632    13.5541   178.1965    1.5782        0.0004
    ρ_e[1,1]    1.0000    0.0000       NaN        NaN        NaN       NaN           NaN
    ρ_e[2,1]   -0.0281    0.4465    0.1525    13.7706   168.5336    1.2309        0.0004
    ρ_e[1,2]   -0.0281    0.4465    0.1525    13.7706   168.5336    1.2309        0.0004
    ρ_e[2,2]    1.0000    0.0000    0.0000   609.1205   563.2959    1.0121        0.0163
   ab_e[1,1]   -0.0119    0.0784    0.0045    25.6014    66.3173    1.2771        0.0007
   ab_e[2,1]    0.0100    0.0582    0.0023   162.8111   241.9518    1.2170        0.0044
           σ    0.9828    0.0034    0.0002   244.2142   215.2370    1.0250        0.0065

Quantiles
  parameters      2.5%     25.0%     50.0%     75.0%     97.5%
      Symbol   Float64   Float64   Float64   Float64   Float64

      σ_w[1]    0.0015    0.0021    0.0025    0.0306    0.4960
      σ_w[2]    0.0024    0.0025    0.0204    0.0290    0.3757
    ρ_w[1,1]    1.0000    1.0000    1.0000    1.0000    1.0000
    ρ_w[2,1]   -0.8241   -0.5157   -0.0099    0.4698    0.7737
    ρ_w[1,2]   -0.8241   -0.5157   -0.0099    0.4698    0.7737
    ρ_w[2,2]    1.0000    1.0000    1.0000    1.0000    1.0000
   ab_w[1,1]   -0.0576   -0.0022    0.0005    0.0030    0.1226
   ab_w[2,1]   -0.0903   -0.0036    0.0011    0.0087    0.0996
   ab_w[1,2]   -0.0670   -0.0025    0.0001    0.0023    0.1143
   ab_w[2,2]   -0.0870   -0.0069   -0.0009    0.0044    0.0945
      σ_p[1]    0.1455    0.1689    0.1867    0.1923    0.2427
      σ_p[2]    0.0398    0.0432    0.0524    0.0544    0.0732
    ρ_p[1,1]    1.0000    1.0000    1.0000    1.0000    1.0000
    ρ_p[2,1]    0.0292    0.0568    0.3227    0.4673    0.6925
    ρ_p[1,2]    0.0292    0.0568    0.3227    0.4673    0.6925
    ρ_p[2,2]    1.0000    1.0000    1.0000    1.0000    1.0000
   ab_p[1,1]   -0.0606    0.0025    0.0161    0.0467    0.0763
   ab_p[2,1]   -0.0953   -0.0780   -0.0607   -0.0406   -0.0124
   ab_p[1,2]   -0.1743   -0.1492   -0.1076   -0.0728   -0.0318
   ab_p[2,2]   -0.0522   -0.0321   -0.0134    0.0036    0.0311
   ab_p[1,3]   -0.2457   -0.1815   -0.1639   -0.1426   -0.1045
   ab_p[2,3]   -0.0860   -0.0595   -0.0441   -0.0311   -0.0019
   ab_p[1,4]    0.0064    0.0362    0.0643    0.1141    0.1438
   ab_p[2,4]   -0.0182    0.0065    0.0246    0.0416    0.0619
   ab_p[1,5]   -0.1083   -0.0518   -0.0220   -0.0040    0.0340
   ab_p[2,5]   -0.0640   -0.0288   -0.0147   -0.0018    0.0169
   ab_p[1,6]    0.0704    0.1424    0.1596    0.1737    0.2148
   ab_p[2,6]   -0.1001   -0.0677   -0.0611   -0.0498   -0.0107
   ab_p[1,7]   -0.2095   -0.1582   -0.1349   -0.0964   -0.0668
   ab_p[2,7]   -0.0833   -0.0568   -0.0428   -0.0281    0.0040
   ab_p[1,8]   -0.0585   -0.0048    0.0234    0.0358    0.0702
   ab_p[2,8]    0.0235    0.0466    0.0624    0.0759    0.0986
   ab_p[1,9]    0.1053    0.1754    0.1934    0.2095    0.2513
   ab_p[2,9]   -0.0166    0.0104    0.0216    0.0314    0.0623
  ab_p[1,10]    0.1250    0.1676    0.1843    0.2059    0.2710
  ab_p[2,10]   -0.0215    0.0044    0.0307    0.0426    0.0743
  ab_p[1,11]    0.4490    0.5039    0.5216    0.5373    0.5861
  ab_p[2,11]    0.0120    0.0501    0.0694    0.0834    0.1048
  ab_p[1,12]    0.2676    0.3240    0.3349    0.3557    0.4151
  ab_p[2,12]    0.0516    0.0728    0.0813    0.0953    0.1262
  ab_p[1,13]   -0.0961   -0.0474   -0.0203    0.0023    0.0380
  ab_p[2,13]   -0.0181    0.0041    0.0232    0.0469    0.0825
  ab_p[1,14]    0.0129    0.0601    0.0854    0.1160    0.1543
  ab_p[2,14]    0.0562    0.0762    0.0979    0.1183    0.1362
  ab_p[1,15]   -0.2481   -0.2131   -0.1823   -0.1290   -0.1043
  ab_p[2,15]   -0.0365   -0.0012    0.0141    0.0263    0.0444
  ab_p[1,16]   -0.0166    0.0301    0.0553    0.0846    0.1263
  ab_p[2,16]   -0.1011   -0.0763   -0.0656   -0.0480   -0.0145
  ab_p[1,17]   -0.1079   -0.0562   -0.0291   -0.0084    0.0288
  ab_p[2,17]   -0.0959   -0.0664   -0.0505   -0.0348   -0.0163
  ab_p[1,18]   -0.0354    0.0164    0.0424    0.0683    0.1004
  ab_p[2,18]   -0.0714   -0.0419   -0.0253   -0.0136    0.0091
  ab_p[1,19]   -0.0728   -0.0348   -0.0047    0.0389    0.0690
  ab_p[2,19]    0.0212    0.0442    0.0608    0.0694    0.1038
  ab_p[1,20]   -0.1380   -0.0966   -0.0784   -0.0568    0.0095
  ab_p[2,20]   -0.0538   -0.0304   -0.0221   -0.0102    0.0191
  ab_p[1,21]   -0.3049   -0.2496   -0.2274   -0.2011   -0.1618
  ab_p[2,21]   -0.0687   -0.0397   -0.0314   -0.0214    0.0030
  ab_p[1,22]   -0.3049   -0.2415   -0.2244   -0.1982   -0.1612
  ab_p[2,22]   -0.0804   -0.0414   -0.0297   -0.0154    0.0013
  ab_p[1,23]   -0.3074   -0.2338   -0.2111   -0.1901   -0.1566
  ab_p[2,23]   -0.0663   -0.0321   -0.0219   -0.0110    0.0094
  ab_p[1,24]   -0.1762   -0.1250   -0.1074   -0.0952   -0.0355
  ab_p[2,24]   -0.0224    0.0034    0.0121    0.0196    0.0504
      σ_e[1]    0.0048    0.0050    0.0863    0.1844    1.5041
      σ_e[2]    0.0098    0.0209    0.1026    0.1759    1.1886
    ρ_e[1,1]    1.0000    1.0000    1.0000    1.0000    1.0000
    ρ_e[2,1]   -0.7438   -0.4794   -0.0348    0.3939    0.7310
    ρ_e[1,2]   -0.7438   -0.4794   -0.0348    0.3939    0.7310
    ρ_e[2,2]    1.0000    1.0000    1.0000    1.0000    1.0000
   ab_e[1,1]   -0.1385   -0.0295   -0.0029    0.0059    0.0845
   ab_e[2,1]   -0.0947    0.0026    0.0093    0.0178    0.1029
           σ    0.9757    0.9806    0.9831    0.9849    0.9889

