Chains MCMC chain (250×85×4 Array{Float64, 3}):

Iterations        = 126:1:375
Number of chains  = 4
Samples per chain = 250
Wall duration     = 8657.71 seconds
Compute duration  = 30463.55 seconds
parameters        = σ_w[1], σ_w[2], ρ_w[1,1], ρ_w[2,1], ρ_w[1,2], ρ_w[2,2], ab_w[1,1], ab_w[2,1], ab_w[1,2], ab_w[2,2], σ_p[1], σ_p[2], ρ_p[1,1], ρ_p[2,1], ρ_p[1,2], ρ_p[2,2], ab_p[1,1], ab_p[2,1], ab_p[1,2], ab_p[2,2], ab_p[1,3], ab_p[2,3], ab_p[1,4], ab_p[2,4], ab_p[1,5], ab_p[2,5], ab_p[1,6], ab_p[2,6], ab_p[1,7], ab_p[2,7], ab_p[1,8], ab_p[2,8], ab_p[1,9], ab_p[2,9], ab_p[1,10], ab_p[2,10], ab_p[1,11], ab_p[2,11], ab_p[1,12], ab_p[2,12], ab_p[1,13], ab_p[2,13], ab_p[1,14], ab_p[2,14], ab_p[1,15], ab_p[2,15], ab_p[1,16], ab_p[2,16], ab_p[1,17], ab_p[2,17], ab_p[1,18], ab_p[2,18], ab_p[1,19], ab_p[2,19], ab_p[1,20], ab_p[2,20], ab_p[1,21], ab_p[2,21], ab_p[1,22], ab_p[2,22], ab_p[1,23], ab_p[2,23], ab_p[1,24], ab_p[2,24], σ_e[1], σ_e[2], ρ_e[1,1], ρ_e[2,1], ρ_e[1,2], ρ_e[2,2], ab_e[1,1], ab_e[2,1], σ
internals         = lp, n_steps, is_accept, acceptance_rate, log_density, hamiltonian_energy, hamiltonian_energy_error, max_hamiltonian_energy_error, tree_depth, numerical_error, step_size, nom_step_size

Summary Statistics
  parameters      mean       std      mcse    ess_bulk   ess_tail      rhat   ess_per_sec
      Symbol   Float64   Float64   Float64     Float64    Float64   Float64       Float64

      σ_w[1]    0.1331    0.2255    0.0197     71.8761   172.5829    1.0550        0.0024
      σ_w[2]    0.1027    0.2042    0.0159     95.8614   261.7877    1.0556        0.0031
    ρ_w[1,1]    1.0000    0.0000       NaN         NaN        NaN       NaN           NaN
    ρ_w[2,1]   -0.0057    0.4792    0.0215    487.8255   349.9347    1.0136        0.0160
    ρ_w[1,2]   -0.0057    0.4792    0.0215    487.8255   349.9347    1.0136        0.0160
    ρ_w[2,2]    1.0000    0.0000    0.0000   1031.0124   924.9434    1.0009        0.0338
   ab_w[1,1]   -0.0086    0.1130    0.0054    586.1756   211.4590    1.0414        0.0192
   ab_w[2,1]   -0.0002    0.0895    0.0056    820.3608   321.5821    1.0329        0.0269
   ab_w[1,2]   -0.0073    0.1128    0.0054    592.2552   208.3836    1.0488        0.0194
   ab_w[2,2]   -0.0020    0.0897    0.0056    819.7912   318.2313    1.0382        0.0269
      σ_p[1]    0.1625    0.0267    0.0011    756.0973   499.8642    1.0095        0.0248
      σ_p[2]    0.0387    0.0092    0.0005    334.5191   232.2149    1.0088        0.0110
    ρ_p[1,1]    1.0000    0.0000       NaN         NaN        NaN       NaN           NaN
    ρ_p[2,1]   -0.3115    0.2032    0.0076    693.3220   475.3338    1.0054        0.0228
    ρ_p[1,2]   -0.3115    0.2032    0.0076    693.3220   475.3338    1.0054        0.0228
    ρ_p[2,2]    1.0000    0.0000    0.0000   1153.0440   860.7733    1.0009        0.0378
   ab_p[1,1]   -0.0148    0.0394    0.0014    829.9754   769.4093    1.0070        0.0272
   ab_p[2,1]    0.0178    0.0202    0.0006    980.7390   854.3557    1.0082        0.0322
   ab_p[1,2]   -0.1839    0.0381    0.0013    871.4963   792.2029    1.0016        0.0286
   ab_p[2,2]    0.0264    0.0199    0.0006   1252.1862   713.4332    0.9976        0.0411
   ab_p[1,3]    0.0625    0.0378    0.0013    850.6970   757.4649    0.9993        0.0279
   ab_p[2,3]    0.0138    0.0201    0.0006   1036.1301   662.0483    1.0060        0.0340
   ab_p[1,4]   -0.1586    0.0391    0.0014    834.1803   782.8578    1.0027        0.0274
   ab_p[2,4]   -0.0044    0.0200    0.0006   1129.1737   807.4249    0.9991        0.0371
   ab_p[1,5]   -0.0857    0.0388    0.0013    928.9358   787.6983    1.0012        0.0305
   ab_p[2,5]   -0.0171    0.0214    0.0007    874.2106   583.6869    1.0009        0.0287
   ab_p[1,6]    0.0449    0.0386    0.0012    980.6283   824.6137    1.0008        0.0322
   ab_p[2,6]   -0.0842    0.0250    0.0010    653.3975   635.3469    1.0035        0.0214
   ab_p[1,7]   -0.0478    0.0383    0.0013    912.1084   732.4935    1.0005        0.0299
   ab_p[2,7]    0.0284    0.0220    0.0006   1166.4227   766.9136    1.0059        0.0383
   ab_p[1,8]    0.0762    0.0382    0.0013    815.8904   779.7215    0.9985        0.0268
   ab_p[2,8]   -0.0407    0.0225    0.0007   1168.8060   758.4791    1.0055        0.0384
   ab_p[1,9]    0.0711    0.0391    0.0013    882.8739   791.3399    1.0009        0.0290
   ab_p[2,9]   -0.0430    0.0215    0.0006   1103.0874   617.2930    0.9991        0.0362
  ab_p[1,10]   -0.0545    0.0394    0.0013    907.0266   857.3545    1.0003        0.0298
  ab_p[2,10]    0.0193    0.0204    0.0006   1104.6746   709.2191    0.9995        0.0363
  ab_p[1,11]    0.0743    0.0383    0.0012    945.1417   777.3399    0.9992        0.0310
  ab_p[2,11]    0.0234    0.0215    0.0007    956.5389   759.8325    1.0032        0.0314
  ab_p[1,12]    0.2057    0.0387    0.0013    881.0041   765.2797    0.9994        0.0289
  ab_p[2,12]   -0.0343    0.0218    0.0007   1068.2038   585.2486    1.0046        0.0351
  ab_p[1,13]   -0.1412    0.0368    0.0013    833.7083   619.2622    1.0044        0.0274
  ab_p[2,13]    0.0149    0.0208    0.0006   1056.7620   833.0197    1.0075        0.0347
  ab_p[1,14]    0.0625    0.0380    0.0013    921.6697   828.7373    1.0016        0.0303
  ab_p[2,14]   -0.0444    0.0219    0.0007   1012.4160   760.7141    1.0028        0.0332
  ab_p[1,15]   -0.0051    0.0380    0.0012    967.4161   850.9052    1.0014        0.0318
  ab_p[2,15]    0.0030    0.0210    0.0006   1121.3364   654.2483    1.0161        0.0368
  ab_p[1,16]    0.0106    0.0384    0.0013    860.4260   518.4079    1.0017        0.0282
  ab_p[2,16]    0.0096    0.0189    0.0006    958.8864   737.4515    0.9991        0.0315
  ab_p[1,17]   -0.3138    0.0372    0.0012    889.5149   736.1794    0.9994        0.0292
  ab_p[2,17]    0.0303    0.0202    0.0007    937.8407   733.3233    1.0008        0.0308
  ab_p[1,18]   -0.0545    0.0380    0.0013    833.7530   721.3951    0.9977        0.0274
  ab_p[2,18]    0.0241    0.0204    0.0006   1191.6934   214.6726    1.0335        0.0391
  ab_p[1,19]    0.4259    0.0384    0.0013    906.0686   736.2357    1.0015        0.0297
  ab_p[2,19]   -0.0128    0.0220    0.0007   1124.6551   573.9655    1.0017        0.0369
  ab_p[1,20]    0.0603    0.0380    0.0013    910.1665   713.8966    1.0003        0.0299
  ab_p[2,20]    0.0226    0.0208    0.0006   1035.1020   666.6292    1.0017        0.0340
  ab_p[1,21]   -0.0981    0.0372    0.0012    886.8800   801.3107    1.0024        0.0291
  ab_p[2,21]    0.0219    0.0210    0.0006   1069.3594   799.9347    1.0008        0.0351
  ab_p[1,22]   -0.1700    0.0385    0.0012    970.9970   734.0281    1.0007        0.0319
  ab_p[2,22]    0.0278    0.0209    0.0006   1199.0240   802.1103    1.0076        0.0394
  ab_p[1,23]    0.1071    0.0375    0.0013    887.7120   609.7621    1.0007        0.0291
  ab_p[2,23]   -0.0231    0.0209    0.0007   1028.5113   656.3141    1.0063        0.0338
  ab_p[1,24]    0.1485    0.0371    0.0012    904.0651   648.1958    1.0006        0.0297
  ab_p[2,24]    0.0139    0.0209    0.0006   1171.8652   693.0972    1.0015        0.0385
      σ_e[1]    0.3895    0.5541    0.0377    131.3217   255.8018    1.0408        0.0043
      σ_e[2]    0.2659    0.4362    0.0343    100.0827   165.1409    1.0153        0.0033
    ρ_e[1,1]    1.0000    0.0000       NaN         NaN        NaN       NaN           NaN
    ρ_e[2,1]    0.0089    0.4634    0.0251    346.8451   433.3502    1.0083        0.0114
    ρ_e[1,2]    0.0089    0.4634    0.0251    346.8451   433.3502    1.0083        0.0114
    ρ_e[2,2]    1.0000    0.0000    0.0000   1057.7077   983.3324    1.0001        0.0347
   ab_e[1,1]    0.0073    0.1142    0.0054    559.5541   227.1330    1.0249        0.0184
   ab_e[2,1]   -0.0074    0.0892    0.0056    814.3489   323.9053    1.0326        0.0267
           σ    0.9881    0.0035    0.0001    988.1371   791.0307    1.0074        0.0324

Quantiles
  parameters      2.5%     25.0%     50.0%     75.0%     97.5%
      Symbol   Float64   Float64   Float64   Float64   Float64

      σ_w[1]    0.0034    0.0128    0.0365    0.1304    0.7319
      σ_w[2]    0.0041    0.0113    0.0328    0.1054    0.6694
    ρ_w[1,1]    1.0000    1.0000    1.0000    1.0000    1.0000
    ρ_w[2,1]   -0.8769   -0.3600   -0.0410    0.3790    0.8456
    ρ_w[1,2]   -0.8769   -0.3600   -0.0410    0.3790    0.8456
    ρ_w[2,2]    1.0000    1.0000    1.0000    1.0000    1.0000
   ab_w[1,1]   -0.2352   -0.0206   -0.0020    0.0118    0.1908
   ab_w[2,1]   -0.1391   -0.0139   -0.0009    0.0099    0.1239
   ab_w[1,2]   -0.2387   -0.0194   -0.0009    0.0126    0.1936
   ab_w[2,2]   -0.1435   -0.0166   -0.0021    0.0090    0.1274
      σ_p[1]    0.1209    0.1434    0.1584    0.1777    0.2229
      σ_p[2]    0.0231    0.0327    0.0377    0.0434    0.0616
    ρ_p[1,1]    1.0000    1.0000    1.0000    1.0000    1.0000
    ρ_p[2,1]   -0.6756   -0.4647   -0.3154   -0.1728    0.0708
    ρ_p[1,2]   -0.6756   -0.4647   -0.3154   -0.1728    0.0708
    ρ_p[2,2]    1.0000    1.0000    1.0000    1.0000    1.0000
   ab_p[1,1]   -0.0916   -0.0406   -0.0165    0.0101    0.0665
   ab_p[2,1]   -0.0193    0.0037    0.0176    0.0311    0.0585
   ab_p[1,2]   -0.2582   -0.2082   -0.1835   -0.1592   -0.1074
   ab_p[2,2]   -0.0103    0.0134    0.0261    0.0390    0.0669
   ab_p[1,3]   -0.0117    0.0366    0.0617    0.0858    0.1391
   ab_p[2,3]   -0.0225   -0.0006    0.0129    0.0268    0.0538
   ab_p[1,4]   -0.2367   -0.1843   -0.1596   -0.1308   -0.0843
   ab_p[2,4]   -0.0441   -0.0168   -0.0049    0.0091    0.0356
   ab_p[1,5]   -0.1628   -0.1127   -0.0852   -0.0599   -0.0064
   ab_p[2,5]   -0.0608   -0.0302   -0.0168   -0.0038    0.0234
   ab_p[1,6]   -0.0335    0.0180    0.0447    0.0696    0.1181
   ab_p[2,6]   -0.1306   -0.1016   -0.0844   -0.0667   -0.0386
   ab_p[1,7]   -0.1203   -0.0727   -0.0475   -0.0235    0.0289
   ab_p[2,7]   -0.0122    0.0130    0.0280    0.0426    0.0733
   ab_p[1,8]    0.0048    0.0516    0.0753    0.1010    0.1553
   ab_p[2,8]   -0.0858   -0.0554   -0.0412   -0.0247    0.0002
   ab_p[1,9]   -0.0086    0.0452    0.0697    0.0966    0.1520
   ab_p[2,9]   -0.0831   -0.0577   -0.0426   -0.0287   -0.0008
  ab_p[1,10]   -0.1314   -0.0808   -0.0554   -0.0301    0.0259
  ab_p[2,10]   -0.0238    0.0069    0.0199    0.0321    0.0577
  ab_p[1,11]   -0.0016    0.0501    0.0749    0.0993    0.1512
  ab_p[2,11]   -0.0163    0.0086    0.0221    0.0377    0.0660
  ab_p[1,12]    0.1276    0.1809    0.2067    0.2285    0.2895
  ab_p[2,12]   -0.0779   -0.0486   -0.0339   -0.0203    0.0071
  ab_p[1,13]   -0.2175   -0.1638   -0.1408   -0.1165   -0.0691
  ab_p[2,13]   -0.0268    0.0016    0.0145    0.0285    0.0587
  ab_p[1,14]   -0.0122    0.0387    0.0634    0.0863    0.1426
  ab_p[2,14]   -0.0870   -0.0595   -0.0437   -0.0294   -0.0042
  ab_p[1,15]   -0.0760   -0.0319   -0.0063    0.0197    0.0721
  ab_p[2,15]   -0.0377   -0.0108    0.0033    0.0174    0.0443
  ab_p[1,16]   -0.0627   -0.0146    0.0105    0.0337    0.0865
  ab_p[2,16]   -0.0258   -0.0038    0.0097    0.0223    0.0490
  ab_p[1,17]   -0.3850   -0.3381   -0.3145   -0.2903   -0.2356
  ab_p[2,17]   -0.0082    0.0169    0.0297    0.0431    0.0719
  ab_p[1,18]   -0.1251   -0.0789   -0.0549   -0.0307    0.0266
  ab_p[2,18]   -0.0158    0.0102    0.0243    0.0377    0.0634
  ab_p[1,19]    0.3513    0.4012    0.4252    0.4503    0.5018
  ab_p[2,19]   -0.0556   -0.0280   -0.0131    0.0020    0.0292
  ab_p[1,20]   -0.0146    0.0342    0.0602    0.0859    0.1331
  ab_p[2,20]   -0.0167    0.0085    0.0226    0.0372    0.0616
  ab_p[1,21]   -0.1705   -0.1222   -0.0984   -0.0739   -0.0240
  ab_p[2,21]   -0.0192    0.0075    0.0209    0.0363    0.0635
  ab_p[1,22]   -0.2478   -0.1960   -0.1695   -0.1421   -0.0968
  ab_p[2,22]   -0.0111    0.0130    0.0279    0.0424    0.0686
  ab_p[1,23]    0.0314    0.0826    0.1072    0.1316    0.1839
  ab_p[2,23]   -0.0623   -0.0360   -0.0236   -0.0099    0.0207
  ab_p[1,24]    0.0732    0.1238    0.1479    0.1728    0.2208
  ab_p[2,24]   -0.0279   -0.0005    0.0139    0.0283    0.0552
      σ_e[1]    0.0116    0.0608    0.1728    0.5108    2.0428
      σ_e[2]    0.0053    0.0346    0.1022    0.2832    1.6677
    ρ_e[1,1]    1.0000    1.0000    1.0000    1.0000    1.0000
    ρ_e[2,1]   -0.8327   -0.3567    0.0154    0.3750    0.8062
    ρ_e[1,2]   -0.8327   -0.3567    0.0154    0.3750    0.8062
    ρ_e[2,2]    1.0000    1.0000    1.0000    1.0000    1.0000
   ab_e[1,1]   -0.1891   -0.0240    0.0019    0.0343    0.2143
   ab_e[2,1]   -0.1359   -0.0186   -0.0055    0.0069    0.1256
           σ    0.9815    0.9856    0.9880    0.9905    0.9948

