Chains MCMC chain (250×85×4 Array{Float64, 3}):

Iterations        = 126:1:375
Number of chains  = 4
Samples per chain = 250
Wall duration     = 9288.74 seconds
Compute duration  = 29852.39 seconds
parameters        = σ_w[1], σ_w[2], ρ_w[1,1], ρ_w[2,1], ρ_w[1,2], ρ_w[2,2], ab_w[1,1], ab_w[2,1], ab_w[1,2], ab_w[2,2], σ_p[1], σ_p[2], ρ_p[1,1], ρ_p[2,1], ρ_p[1,2], ρ_p[2,2], ab_p[1,1], ab_p[2,1], ab_p[1,2], ab_p[2,2], ab_p[1,3], ab_p[2,3], ab_p[1,4], ab_p[2,4], ab_p[1,5], ab_p[2,5], ab_p[1,6], ab_p[2,6], ab_p[1,7], ab_p[2,7], ab_p[1,8], ab_p[2,8], ab_p[1,9], ab_p[2,9], ab_p[1,10], ab_p[2,10], ab_p[1,11], ab_p[2,11], ab_p[1,12], ab_p[2,12], ab_p[1,13], ab_p[2,13], ab_p[1,14], ab_p[2,14], ab_p[1,15], ab_p[2,15], ab_p[1,16], ab_p[2,16], ab_p[1,17], ab_p[2,17], ab_p[1,18], ab_p[2,18], ab_p[1,19], ab_p[2,19], ab_p[1,20], ab_p[2,20], ab_p[1,21], ab_p[2,21], ab_p[1,22], ab_p[2,22], ab_p[1,23], ab_p[2,23], ab_p[1,24], ab_p[2,24], σ_e[1], σ_e[2], ρ_e[1,1], ρ_e[2,1], ρ_e[1,2], ρ_e[2,2], ab_e[1,1], ab_e[2,1], σ
internals         = lp, n_steps, is_accept, acceptance_rate, log_density, hamiltonian_energy, hamiltonian_energy_error, max_hamiltonian_energy_error, tree_depth, numerical_error, step_size, nom_step_size

Summary Statistics
  parameters      mean       std      mcse    ess_bulk   ess_tail      rhat   ess_per_sec
      Symbol   Float64   Float64   Float64     Float64    Float64   Float64       Float64

      σ_w[1]    0.0803    0.1653    0.0135     56.0019    35.8154    1.0555        0.0019
      σ_w[2]    0.1419    0.2914    0.0215    104.7792    52.7630    1.0354        0.0035
    ρ_w[1,1]    1.0000    0.0000       NaN         NaN        NaN       NaN           NaN
    ρ_w[2,1]    0.0367    0.4665    0.0223    460.8201   602.0104    1.0128        0.0154
    ρ_w[1,2]    0.0367    0.4665    0.0223    460.8201   602.0104    1.0128        0.0154
    ρ_w[2,2]    1.0000    0.0000    0.0000   1066.8223   877.4898    1.0004        0.0357
   ab_w[1,1]    0.0010    0.0595    0.0028    707.4529   295.2234    1.0389        0.0237
   ab_w[2,1]    0.0059    0.1131    0.0056    461.5954   226.1998    1.0241        0.0155
   ab_w[1,2]    0.0016    0.0596    0.0029    723.1400   326.5683    1.0470        0.0242
   ab_w[2,2]    0.0100    0.1133    0.0056    479.6421   263.9822    1.0243        0.0161
      σ_p[1]    0.1070    0.0171    0.0007    678.1735   475.3133    1.0059        0.0227
      σ_p[2]    0.0727    0.0133    0.0007    252.7394   460.0686    1.0249        0.0085
    ρ_p[1,1]    1.0000    0.0000       NaN         NaN        NaN       NaN           NaN
    ρ_p[2,1]   -0.0508    0.2139    0.0133    298.6736   164.6895    1.0263        0.0100
    ρ_p[1,2]   -0.0508    0.2139    0.0133    298.6736   164.6895    1.0263        0.0100
    ρ_p[2,2]    1.0000    0.0000    0.0000    986.2117        NaN    1.0005        0.0330
   ab_p[1,1]   -0.1417    0.0296    0.0011    686.8379   752.9741    1.0041        0.0230
   ab_p[2,1]    0.0210    0.0253    0.0009    709.3774   814.4566    1.0120        0.0238
   ab_p[1,2]    0.0692    0.0306    0.0010    901.1343   775.3499    1.0018        0.0302
   ab_p[2,2]    0.1137    0.0266    0.0009    866.9778   849.6574    1.0035        0.0290
   ab_p[1,3]   -0.1010    0.0283    0.0010    861.6018   929.6789    1.0029        0.0289
   ab_p[2,3]    0.0108    0.0259    0.0011    525.3082   811.5630    1.0091        0.0176
   ab_p[1,4]    0.1259    0.0297    0.0014    417.3188   172.6210    1.0161        0.0140
   ab_p[2,4]   -0.0359    0.0269    0.0008   1088.5170   793.8147    1.0054        0.0365
   ab_p[1,5]   -0.0124    0.0289    0.0009    960.0463   645.8462    1.0048        0.0322
   ab_p[2,5]    0.0034    0.0259    0.0008   1055.0971   734.5279    1.0019        0.0353
   ab_p[1,6]   -0.2192    0.0287    0.0009    950.6782   994.3425    1.0064        0.0318
   ab_p[2,6]    0.0882    0.0270    0.0011    576.7382   421.2159    1.0114        0.0193
   ab_p[1,7]    0.0247    0.0295    0.0010    795.3869   677.1354    1.0035        0.0266
   ab_p[2,7]   -0.0011    0.0264    0.0008    984.0432   627.5675    1.0255        0.0330
   ab_p[1,8]    0.1367    0.0298    0.0010    913.3325   744.4547    1.0135        0.0306
   ab_p[2,8]    0.0247    0.0257    0.0008   1005.2243   929.1980    1.0029        0.0337
   ab_p[1,9]   -0.0973    0.0304    0.0010    917.3298   775.6195    1.0039        0.0307
   ab_p[2,9]   -0.0489    0.0264    0.0010    735.8407   640.6658    1.0037        0.0246
  ab_p[1,10]   -0.0709    0.0294    0.0010    827.3322   732.4078    1.0018        0.0277
  ab_p[2,10]   -0.0955    0.0271    0.0009    851.1281   711.0640    1.0048        0.0285
  ab_p[1,11]    0.0400    0.0293    0.0010    931.2308   812.5275    1.0067        0.0312
  ab_p[2,11]   -0.1648    0.0254    0.0009    740.4065   645.1201    1.0061        0.0248
  ab_p[1,12]   -0.0208    0.0283    0.0010    800.6101   746.9009    1.0060        0.0268
  ab_p[2,12]   -0.0731    0.0261    0.0009    766.6184   662.6373    1.0013        0.0257
  ab_p[1,13]    0.0656    0.0330    0.0020    308.8253   172.4322    1.0146        0.0103
  ab_p[2,13]    0.0096    0.0250    0.0008    913.6043   647.0852    1.0010        0.0306
  ab_p[1,14]    0.0423    0.0302    0.0010    897.6859   820.8053    1.0030        0.0301
  ab_p[2,14]    0.0270    0.0254    0.0008    963.1312   680.7178    1.0096        0.0323
  ab_p[1,15]   -0.0489    0.0306    0.0012    630.8971   407.5011    1.0052        0.0211
  ab_p[2,15]    0.0806    0.0261    0.0009    892.4802   821.6604    1.0029        0.0299
  ab_p[1,16]   -0.0125    0.0304    0.0012    695.0450   674.0047    1.0044        0.0233
  ab_p[2,16]    0.0258    0.0256    0.0008    956.7578   763.1730    1.0006        0.0320
  ab_p[1,17]   -0.0283    0.0298    0.0015    407.0359   589.2500    1.0097        0.0136
  ab_p[2,17]    0.0503    0.0264    0.0008    997.7135   512.3240    1.0110        0.0334
  ab_p[1,18]   -0.0712    0.0305    0.0018    268.0314   520.5831    1.0193        0.0090
  ab_p[2,18]   -0.0474    0.0255    0.0008    968.4921   684.0291    1.0018        0.0324
  ab_p[1,19]    0.0594    0.0292    0.0010    899.3810   678.3580    1.0059        0.0301
  ab_p[2,19]   -0.0604    0.0271    0.0008   1033.6072   661.7983    1.0039        0.0346
  ab_p[1,20]    0.0364    0.0294    0.0009   1141.9926   731.7275    1.0042        0.0383
  ab_p[2,20]   -0.0525    0.0258    0.0009    751.0407   907.3129    1.0009        0.0252
  ab_p[1,21]    0.2466    0.0299    0.0010    804.8340   791.6842    1.0075        0.0270
  ab_p[2,21]    0.0356    0.0291    0.0011    676.8473   713.5027    1.0100        0.0227
  ab_p[1,22]   -0.0111    0.0294    0.0011    788.0420   780.7069    1.0047        0.0264
  ab_p[2,22]    0.0529    0.0284    0.0015    393.8279    76.6117    1.0031        0.0132
  ab_p[1,23]   -0.0456    0.0272    0.0009    853.8010   756.9530    1.0029        0.0286
  ab_p[2,23]    0.0628    0.0270    0.0009    922.3592   781.1966    1.0094        0.0309
  ab_p[1,24]    0.0335    0.0279    0.0009    909.1329   739.1755    1.0039        0.0305
  ab_p[2,24]    0.0165    0.0245    0.0008    910.0668   771.4661    1.0070        0.0305
      σ_e[1]    0.3179    0.5047    0.0460     35.8456   123.2313    1.1093        0.0012
      σ_e[2]    0.3969    0.5611    0.0332    134.6364    66.2281    1.0068        0.0045
    ρ_e[1,1]    1.0000    0.0000       NaN         NaN        NaN       NaN           NaN
    ρ_e[2,1]    0.0554    0.4350    0.0284    215.9861    36.7345    1.0185        0.0072
    ρ_e[1,2]    0.0554    0.4350    0.0284    215.9861    36.7345    1.0185        0.0072
    ρ_e[2,2]    1.0000    0.0000    0.0000   1016.7110   933.5434    1.0033        0.0341
   ab_e[1,1]   -0.0010    0.0610    0.0029    732.0869   340.7627    1.0345        0.0245
   ab_e[2,1]    0.0247    0.1130    0.0055    509.6558   216.9304    1.0227        0.0171
           σ    0.9924    0.0036    0.0001    834.9169   295.8637    1.0029        0.0280

Quantiles
  parameters      2.5%     25.0%     50.0%     75.0%     97.5%
      Symbol   Float64   Float64   Float64   Float64   Float64

      σ_w[1]    0.0028    0.0094    0.0256    0.0702    0.5499
      σ_w[2]    0.0032    0.0155    0.0534    0.1537    0.7815
    ρ_w[1,1]    1.0000    1.0000    1.0000    1.0000    1.0000
    ρ_w[2,1]   -0.8126   -0.3139    0.0330    0.4394    0.8440
    ρ_w[1,2]   -0.8126   -0.3139    0.0330    0.4394    0.8440
    ρ_w[2,2]    1.0000    1.0000    1.0000    1.0000    1.0000
   ab_w[1,1]   -0.0978   -0.0090    0.0005    0.0093    0.1347
   ab_w[2,1]   -0.2165   -0.0118    0.0031    0.0275    0.2321
   ab_w[1,2]   -0.0941   -0.0090    0.0006    0.0091    0.1236
   ab_w[2,2]   -0.2137   -0.0082    0.0064    0.0335    0.2313
      σ_p[1]    0.0792    0.0946    0.1052    0.1175    0.1452
      σ_p[2]    0.0518    0.0629    0.0711    0.0804    0.1030
    ρ_p[1,1]    1.0000    1.0000    1.0000    1.0000    1.0000
    ρ_p[2,1]   -0.5003   -0.1830   -0.0385    0.0896    0.3403
    ρ_p[1,2]   -0.5003   -0.1830   -0.0385    0.0896    0.3403
    ρ_p[2,2]    1.0000    1.0000    1.0000    1.0000    1.0000
   ab_p[1,1]   -0.1964   -0.1631   -0.1414   -0.1225   -0.0823
   ab_p[2,1]   -0.0298    0.0041    0.0208    0.0387    0.0693
   ab_p[1,2]    0.0133    0.0470    0.0676    0.0891    0.1325
   ab_p[2,2]    0.0611    0.0956    0.1156    0.1321    0.1649
   ab_p[1,3]   -0.1546   -0.1198   -0.1010   -0.0830   -0.0426
   ab_p[2,3]   -0.0426   -0.0067    0.0108    0.0287    0.0573
   ab_p[1,4]    0.0692    0.1052    0.1251    0.1462    0.1866
   ab_p[2,4]   -0.0897   -0.0529   -0.0362   -0.0191    0.0160
   ab_p[1,5]   -0.0663   -0.0312   -0.0140    0.0066    0.0458
   ab_p[2,5]   -0.0472   -0.0134    0.0027    0.0198    0.0569
   ab_p[1,6]   -0.2741   -0.2379   -0.2207   -0.1992   -0.1612
   ab_p[2,6]    0.0382    0.0694    0.0870    0.1073    0.1413
   ab_p[1,7]   -0.0339    0.0047    0.0253    0.0435    0.0822
   ab_p[2,7]   -0.0530   -0.0197   -0.0012    0.0187    0.0478
   ab_p[1,8]    0.0741    0.1165    0.1369    0.1574    0.1906
   ab_p[2,8]   -0.0242    0.0062    0.0250    0.0414    0.0756
   ab_p[1,9]   -0.1549   -0.1175   -0.0963   -0.0762   -0.0405
   ab_p[2,9]   -0.1031   -0.0675   -0.0490   -0.0310    0.0015
  ab_p[1,10]   -0.1311   -0.0901   -0.0695   -0.0518   -0.0153
  ab_p[2,10]   -0.1478   -0.1137   -0.0951   -0.0768   -0.0458
  ab_p[1,11]   -0.0163    0.0214    0.0384    0.0595    0.0999
  ab_p[2,11]   -0.2142   -0.1827   -0.1647   -0.1469   -0.1176
  ab_p[1,12]   -0.0766   -0.0390   -0.0204   -0.0020    0.0344
  ab_p[2,12]   -0.1253   -0.0891   -0.0734   -0.0562   -0.0229
  ab_p[1,13]   -0.0050    0.0435    0.0652    0.0898    0.1277
  ab_p[2,13]   -0.0417   -0.0067    0.0099    0.0256    0.0582
  ab_p[1,14]   -0.0143    0.0215    0.0400    0.0633    0.1011
  ab_p[2,14]   -0.0217    0.0085    0.0272    0.0440    0.0767
  ab_p[1,15]   -0.1109   -0.0694   -0.0491   -0.0296    0.0134
  ab_p[2,15]    0.0319    0.0616    0.0798    0.0988    0.1297
  ab_p[1,16]   -0.0718   -0.0330   -0.0148    0.0081    0.0475
  ab_p[2,16]   -0.0221    0.0072    0.0264    0.0433    0.0753
  ab_p[1,17]   -0.0796   -0.0501   -0.0291   -0.0073    0.0295
  ab_p[2,17]   -0.0031    0.0329    0.0504    0.0678    0.1044
  ab_p[1,18]   -0.1286   -0.0931   -0.0714   -0.0511   -0.0115
  ab_p[2,18]   -0.0967   -0.0640   -0.0477   -0.0306    0.0057
  ab_p[1,19]    0.0013    0.0397    0.0601    0.0782    0.1150
  ab_p[2,19]   -0.1160   -0.0785   -0.0611   -0.0414   -0.0073
  ab_p[1,20]   -0.0225    0.0187    0.0375    0.0548    0.0957
  ab_p[2,20]   -0.1037   -0.0702   -0.0531   -0.0336   -0.0029
  ab_p[1,21]    0.1882    0.2268    0.2476    0.2671    0.3023
  ab_p[2,21]   -0.0219    0.0167    0.0357    0.0563    0.0911
  ab_p[1,22]   -0.0707   -0.0317   -0.0101    0.0086    0.0448
  ab_p[2,22]   -0.0052    0.0343    0.0528    0.0706    0.1081
  ab_p[1,23]   -0.1005   -0.0636   -0.0463   -0.0270    0.0067
  ab_p[2,23]    0.0118    0.0446    0.0614    0.0800    0.1163
  ab_p[1,24]   -0.0210    0.0153    0.0330    0.0512    0.0927
  ab_p[2,24]   -0.0332    0.0005    0.0158    0.0325    0.0632
      σ_e[1]    0.0035    0.0383    0.1323    0.4061    1.6044
      σ_e[2]    0.0051    0.0729    0.1916    0.4488    1.9749
    ρ_e[1,1]    1.0000    1.0000    1.0000    1.0000    1.0000
    ρ_e[2,1]   -0.7352   -0.2580    0.0411    0.3841    0.7788
    ρ_e[1,2]   -0.7352   -0.2580    0.0411    0.3841    0.7788
    ρ_e[2,2]    1.0000    1.0000    1.0000    1.0000    1.0000
   ab_e[1,1]   -0.1146   -0.0152    0.0002    0.0161    0.0914
   ab_e[2,1]   -0.1985   -0.0009    0.0215    0.0487    0.2527
           σ    0.9858    0.9900    0.9924    0.9947    1.0000

