Chains MCMC chain (250×85×4 Array{Float64, 3}):

Iterations        = 126:1:375
Number of chains  = 4
Samples per chain = 250
Wall duration     = 7014.99 seconds
Compute duration  = 24735.74 seconds
parameters        = σ_w[1], σ_w[2], ρ_w[1,1], ρ_w[2,1], ρ_w[1,2], ρ_w[2,2], ab_w[1,1], ab_w[2,1], ab_w[1,2], ab_w[2,2], σ_p[1], σ_p[2], ρ_p[1,1], ρ_p[2,1], ρ_p[1,2], ρ_p[2,2], ab_p[1,1], ab_p[2,1], ab_p[1,2], ab_p[2,2], ab_p[1,3], ab_p[2,3], ab_p[1,4], ab_p[2,4], ab_p[1,5], ab_p[2,5], ab_p[1,6], ab_p[2,6], ab_p[1,7], ab_p[2,7], ab_p[1,8], ab_p[2,8], ab_p[1,9], ab_p[2,9], ab_p[1,10], ab_p[2,10], ab_p[1,11], ab_p[2,11], ab_p[1,12], ab_p[2,12], ab_p[1,13], ab_p[2,13], ab_p[1,14], ab_p[2,14], ab_p[1,15], ab_p[2,15], ab_p[1,16], ab_p[2,16], ab_p[1,17], ab_p[2,17], ab_p[1,18], ab_p[2,18], ab_p[1,19], ab_p[2,19], ab_p[1,20], ab_p[2,20], ab_p[1,21], ab_p[2,21], ab_p[1,22], ab_p[2,22], ab_p[1,23], ab_p[2,23], ab_p[1,24], ab_p[2,24], σ_e[1], σ_e[2], ρ_e[1,1], ρ_e[2,1], ρ_e[1,2], ρ_e[2,2], ab_e[1,1], ab_e[2,1], σ
internals         = lp, n_steps, is_accept, acceptance_rate, log_density, hamiltonian_energy, hamiltonian_energy_error, max_hamiltonian_energy_error, tree_depth, numerical_error, step_size, nom_step_size

Summary Statistics
  parameters      mean       std      mcse    ess_bulk    ess_tail      rhat   ess_per_sec
      Symbol   Float64   Float64   Float64     Float64     Float64   Float64       Float64

      σ_w[1]    0.0944    0.1884    0.0138    111.5975    223.7125    1.0167        0.0045
      σ_w[2]    0.1230    0.2534    0.0185    109.9739    202.6270    1.0231        0.0044
    ρ_w[1,1]    1.0000    0.0000       NaN         NaN         NaN       NaN           NaN
    ρ_w[2,1]    0.0030    0.4484    0.0226    385.3264    278.3298    1.0068        0.0156
    ρ_w[1,2]    0.0030    0.4484    0.0226    385.3264    278.3298    1.0068        0.0156
    ρ_w[2,2]    1.0000    0.0000    0.0000   1037.8293   1007.2655    1.0043        0.0420
   ab_w[1,1]   -0.0079    0.0706    0.0025    869.5035    311.6160    1.0120        0.0352
   ab_w[2,1]   -0.0092    0.1085    0.0045    604.0715    213.3171    1.0333        0.0244
   ab_w[1,2]   -0.0001    0.0706    0.0024    849.3998    284.5214    1.0135        0.0343
   ab_w[2,2]   -0.0056    0.1089    0.0045    627.0578    218.0742    1.0320        0.0254
      σ_p[1]    0.2303    0.0377    0.0015    662.7476    492.8112    1.0072        0.0268
      σ_p[2]    0.0391    0.0079    0.0003    735.7101    694.1240    1.0076        0.0297
    ρ_p[1,1]    1.0000    0.0000       NaN         NaN         NaN       NaN           NaN
    ρ_p[2,1]    0.5476    0.1720    0.0070    571.3301    564.4019    1.0048        0.0231
    ρ_p[1,2]    0.5476    0.1720    0.0070    571.3301    564.4019    1.0048        0.0231
    ρ_p[2,2]    1.0000    0.0000    0.0000    943.7778    948.3743    1.0119        0.0382
   ab_p[1,1]    0.0737    0.0470    0.0017    753.3249    593.2112    1.0048        0.0305
   ab_p[2,1]   -0.0022    0.0199    0.0006   1193.0754    817.6211    1.0031        0.0482
   ab_p[1,2]   -0.1045    0.0475    0.0017    806.3976    834.7256    1.0014        0.0326
   ab_p[2,2]   -0.0439    0.0203    0.0007    836.6710    619.9584    1.0021        0.0338
   ab_p[1,3]    0.3093    0.0478    0.0017    793.8371    697.0406    1.0093        0.0321
   ab_p[2,3]    0.0725    0.0215    0.0007   1073.9541    617.5556    1.0012        0.0434
   ab_p[1,4]   -0.2284    0.0479    0.0017    816.4028    661.1204    1.0017        0.0330
   ab_p[2,4]   -0.0325    0.0216    0.0007    950.6280    760.8446    1.0014        0.0384
   ab_p[1,5]   -0.1469    0.0481    0.0017    799.7160    754.5794    1.0045        0.0323
   ab_p[2,5]   -0.0307    0.0210    0.0007    958.7357    576.7545    1.0066        0.0388
   ab_p[1,6]    0.6471    0.0470    0.0017    784.9623    786.8121    1.0007        0.0317
   ab_p[2,6]    0.0495    0.0214    0.0006   1118.0714    636.4403    1.0005        0.0452
   ab_p[1,7]   -0.1527    0.0474    0.0017    785.7162    590.2608    1.0074        0.0318
   ab_p[2,7]    0.0023    0.0209    0.0006   1058.4957    723.3527    1.0022        0.0428
   ab_p[1,8]   -0.0017    0.0466    0.0017    750.9724    715.2051    1.0065        0.0304
   ab_p[2,8]    0.0019    0.0200    0.0006    956.5968    533.2536    1.0062        0.0387
   ab_p[1,9]    0.0115    0.0477    0.0016    840.5621    547.7496    1.0012        0.0340
   ab_p[2,9]   -0.0014    0.0216    0.0007    995.0222    770.5187    1.0126        0.0402
  ab_p[1,10]   -0.1589    0.0464    0.0019    631.8954    470.6638    1.0051        0.0255
  ab_p[2,10]    0.0124    0.0202    0.0006   1052.5324    821.5067    1.0058        0.0426
  ab_p[1,11]   -0.3420    0.0480    0.0017    762.2396    787.2263    1.0068        0.0308
  ab_p[2,11]   -0.0114    0.0199    0.0006    986.5431    789.9135    1.0073        0.0399
  ab_p[1,12]   -0.0073    0.0478    0.0018    733.1799    629.7762    1.0034        0.0296
  ab_p[2,12]   -0.0034    0.0193    0.0006   1028.3390    652.8124    1.0038        0.0416
  ab_p[1,13]    0.0937    0.0480    0.0017    801.1188    605.8596    1.0117        0.0324
  ab_p[2,13]    0.0212    0.0195    0.0006    952.1851    508.6989    1.0027        0.0385
  ab_p[1,14]    0.2166    0.0473    0.0016    816.7566    691.4017    1.0054        0.0330
  ab_p[2,14]   -0.0132    0.0205    0.0007    935.1977    789.7090    1.0055        0.0378
  ab_p[1,15]    0.3391    0.0473    0.0017    772.8242    692.4096    1.0020        0.0312
  ab_p[2,15]    0.0347    0.0211    0.0007    981.8717    562.1373    1.0006        0.0397
  ab_p[1,16]   -0.0631    0.0478    0.0017    776.6182    536.6447    1.0033        0.0314
  ab_p[2,16]    0.0196    0.0215    0.0007    980.6788    640.5373    1.0103        0.0396
  ab_p[1,17]   -0.0728    0.0453    0.0016    764.1823    673.0443    1.0027        0.0309
  ab_p[2,17]   -0.0270    0.0200    0.0006    977.4670    546.1303    1.0200        0.0395
  ab_p[1,18]   -0.0625    0.0474    0.0016    845.5674    627.2054    1.0055        0.0342
  ab_p[2,18]   -0.0031    0.0204    0.0006    992.8701    688.0906    1.0108        0.0401
  ab_p[1,19]   -0.0826    0.0479    0.0017    776.6369    633.1889    1.0035        0.0314
  ab_p[2,19]    0.0091    0.0189    0.0006   1010.3587    788.4229    1.0023        0.0408
  ab_p[1,20]   -0.1816    0.0465    0.0017    766.7201    778.0638    1.0047        0.0310
  ab_p[2,20]   -0.0172    0.0188    0.0006    995.0775    525.4761    1.0015        0.0402
  ab_p[1,21]   -0.2887    0.0474    0.0017    783.6354    650.3518    1.0069        0.0317
  ab_p[2,21]   -0.0892    0.0208    0.0008    666.4415    783.4768    1.0073        0.0269
  ab_p[1,22]   -0.0016    0.0484    0.0018    747.2838    625.5212    1.0003        0.0302
  ab_p[2,22]   -0.0002    0.0190    0.0006    994.0957    604.8438    0.9999        0.0402
  ab_p[1,23]    0.1767    0.0478    0.0017    804.9040    528.1627    1.0019        0.0325
  ab_p[2,23]    0.0300    0.0205    0.0006   1142.1281    625.9544    1.0143        0.0462
  ab_p[1,24]   -0.0184    0.0489    0.0017    791.7880    481.6519    1.0030        0.0320
  ab_p[2,24]    0.0113    0.0198    0.0006   1151.1618    616.4775    0.9995        0.0465
      σ_e[1]    0.3594    0.5177    0.0348    136.2329    168.8326    1.0159        0.0055
      σ_e[2]    0.4191    0.5318    0.0402    143.2397    210.2479    1.0404        0.0058
    ρ_e[1,1]    1.0000    0.0000       NaN         NaN         NaN       NaN           NaN
    ρ_e[2,1]    0.0078    0.4647    0.0215    466.2498    285.1276    1.0168        0.0188
    ρ_e[1,2]    0.0078    0.4647    0.0215    466.2498    285.1276    1.0168        0.0188
    ρ_e[2,2]    1.0000    0.0000    0.0000   1026.5884    935.9539    1.0032        0.0415
   ab_e[1,1]    0.0071    0.0790    0.0026    790.8218    375.1200    1.0188        0.0320
   ab_e[2,1]   -0.0360    0.1093    0.0045    618.4936    236.9605    1.0270        0.0250
           σ    0.9750    0.0034    0.0001   1020.5989    767.3400    1.0001        0.0413

Quantiles
  parameters      2.5%     25.0%     50.0%     75.0%     97.5%
      Symbol   Float64   Float64   Float64   Float64   Float64

      σ_w[1]    0.0032    0.0132    0.0328    0.0978    0.5880
      σ_w[2]    0.0035    0.0173    0.0454    0.1183    0.6829
    ρ_w[1,1]    1.0000    1.0000    1.0000    1.0000    1.0000
    ρ_w[2,1]   -0.8230   -0.3719    0.0235    0.3395    0.8117
    ρ_w[1,2]   -0.8230   -0.3719    0.0235    0.3395    0.8117
    ρ_w[2,2]    1.0000    1.0000    1.0000    1.0000    1.0000
   ab_w[1,1]   -0.1632   -0.0181   -0.0024    0.0074    0.1139
   ab_w[2,1]   -0.2373   -0.0318   -0.0060    0.0080    0.1839
   ab_w[1,2]   -0.1541   -0.0090    0.0028    0.0162    0.1228
   ab_w[2,2]   -0.2295   -0.0288   -0.0032    0.0115    0.1915
      σ_p[1]    0.1700    0.2030    0.2258    0.2528    0.3180
      σ_p[2]    0.0252    0.0336    0.0385    0.0440    0.0566
    ρ_p[1,1]    1.0000    1.0000    1.0000    1.0000    1.0000
    ρ_p[2,1]    0.1854    0.4363    0.5581    0.6742    0.8295
    ρ_p[1,2]    0.1854    0.4363    0.5581    0.6742    0.8295
    ρ_p[2,2]    1.0000    1.0000    1.0000    1.0000    1.0000
   ab_p[1,1]   -0.0155    0.0420    0.0743    0.1044    0.1695
   ab_p[2,1]   -0.0406   -0.0158   -0.0023    0.0115    0.0369
   ab_p[1,2]   -0.1956   -0.1366   -0.1054   -0.0730   -0.0104
   ab_p[2,2]   -0.0848   -0.0573   -0.0441   -0.0300   -0.0069
   ab_p[1,3]    0.2211    0.2794    0.3088    0.3382    0.4041
   ab_p[2,3]    0.0332    0.0569    0.0719    0.0869    0.1155
   ab_p[1,4]   -0.3204   -0.2606   -0.2296   -0.1957   -0.1344
   ab_p[2,4]   -0.0786   -0.0461   -0.0316   -0.0184    0.0084
   ab_p[1,5]   -0.2404   -0.1772   -0.1456   -0.1148   -0.0579
   ab_p[2,5]   -0.0741   -0.0446   -0.0303   -0.0170    0.0093
   ab_p[1,6]    0.5557    0.6167    0.6473    0.6775    0.7373
   ab_p[2,6]    0.0066    0.0349    0.0486    0.0639    0.0908
   ab_p[1,7]   -0.2426   -0.1859   -0.1515   -0.1212   -0.0557
   ab_p[2,7]   -0.0374   -0.0118    0.0010    0.0154    0.0447
   ab_p[1,8]   -0.0883   -0.0320   -0.0012    0.0293    0.0921
   ab_p[2,8]   -0.0371   -0.0107    0.0017    0.0153    0.0423
   ab_p[1,9]   -0.0802   -0.0196    0.0110    0.0401    0.1096
   ab_p[2,9]   -0.0433   -0.0151   -0.0009    0.0128    0.0382
  ab_p[1,10]   -0.2530   -0.1877   -0.1589   -0.1289   -0.0661
  ab_p[2,10]   -0.0252   -0.0008    0.0114    0.0262    0.0527
  ab_p[1,11]   -0.4342   -0.3729   -0.3409   -0.3114   -0.2475
  ab_p[2,11]   -0.0509   -0.0251   -0.0119    0.0014    0.0284
  ab_p[1,12]   -0.1037   -0.0381   -0.0090    0.0233    0.0882
  ab_p[2,12]   -0.0424   -0.0154   -0.0027    0.0089    0.0343
  ab_p[1,13]   -0.0005    0.0610    0.0931    0.1267    0.1814
  ab_p[2,13]   -0.0151    0.0074    0.0212    0.0338    0.0620
  ab_p[1,14]    0.1259    0.1851    0.2163    0.2460    0.3166
  ab_p[2,14]   -0.0562   -0.0262   -0.0120    0.0005    0.0265
  ab_p[1,15]    0.2469    0.3096    0.3393    0.3684    0.4300
  ab_p[2,15]   -0.0069    0.0207    0.0343    0.0487    0.0786
  ab_p[1,16]   -0.1593   -0.0946   -0.0618   -0.0327    0.0289
  ab_p[2,16]   -0.0220    0.0052    0.0196    0.0338    0.0622
  ab_p[1,17]   -0.1678   -0.1020   -0.0728   -0.0443    0.0199
  ab_p[2,17]   -0.0662   -0.0410   -0.0267   -0.0131    0.0108
  ab_p[1,18]   -0.1560   -0.0945   -0.0619   -0.0333    0.0314
  ab_p[2,18]   -0.0418   -0.0172   -0.0035    0.0104    0.0375
  ab_p[1,19]   -0.1777   -0.1139   -0.0825   -0.0524    0.0102
  ab_p[2,19]   -0.0264   -0.0041    0.0089    0.0205    0.0473
  ab_p[1,20]   -0.2741   -0.2147   -0.1799   -0.1504   -0.0956
  ab_p[2,20]   -0.0521   -0.0303   -0.0168   -0.0047    0.0198
  ab_p[1,21]   -0.3817   -0.3183   -0.2887   -0.2579   -0.1974
  ab_p[2,21]   -0.1311   -0.1028   -0.0899   -0.0748   -0.0494
  ab_p[1,22]   -0.1022   -0.0341   -0.0002    0.0290    0.0946
  ab_p[2,22]   -0.0361   -0.0134   -0.0002    0.0121    0.0394
  ab_p[1,23]    0.0811    0.1437    0.1770    0.2074    0.2740
  ab_p[2,23]   -0.0096    0.0163    0.0299    0.0433    0.0713
  ab_p[1,24]   -0.1156   -0.0484   -0.0169    0.0129    0.0737
  ab_p[2,24]   -0.0279   -0.0015    0.0110    0.0238    0.0511
      σ_e[1]    0.0069    0.0660    0.1636    0.4434    1.8590
      σ_e[2]    0.0125    0.0706    0.2150    0.5523    1.9479
    ρ_e[1,1]    1.0000    1.0000    1.0000    1.0000    1.0000
    ρ_e[2,1]   -0.8747   -0.3342    0.0291    0.3700    0.8239
    ρ_e[1,2]   -0.8747   -0.3342    0.0291    0.3700    0.8239
    ρ_e[2,2]    1.0000    1.0000    1.0000    1.0000    1.0000
   ab_e[1,1]   -0.1195   -0.0255    0.0033    0.0346    0.1765
   ab_e[2,1]   -0.2332   -0.0548   -0.0367   -0.0123    0.1947
           σ    0.9685    0.9725    0.9750    0.9774    0.9813

