Chains MCMC chain (250×85×4 Array{Float64, 3}):

Iterations        = 126:1:375
Number of chains  = 4
Samples per chain = 250
Wall duration     = 8474.54 seconds
Compute duration  = 29440.23 seconds
parameters        = σ_w[1], σ_w[2], ρ_w[1,1], ρ_w[2,1], ρ_w[1,2], ρ_w[2,2], ab_w[1,1], ab_w[2,1], ab_w[1,2], ab_w[2,2], σ_p[1], σ_p[2], ρ_p[1,1], ρ_p[2,1], ρ_p[1,2], ρ_p[2,2], ab_p[1,1], ab_p[2,1], ab_p[1,2], ab_p[2,2], ab_p[1,3], ab_p[2,3], ab_p[1,4], ab_p[2,4], ab_p[1,5], ab_p[2,5], ab_p[1,6], ab_p[2,6], ab_p[1,7], ab_p[2,7], ab_p[1,8], ab_p[2,8], ab_p[1,9], ab_p[2,9], ab_p[1,10], ab_p[2,10], ab_p[1,11], ab_p[2,11], ab_p[1,12], ab_p[2,12], ab_p[1,13], ab_p[2,13], ab_p[1,14], ab_p[2,14], ab_p[1,15], ab_p[2,15], ab_p[1,16], ab_p[2,16], ab_p[1,17], ab_p[2,17], ab_p[1,18], ab_p[2,18], ab_p[1,19], ab_p[2,19], ab_p[1,20], ab_p[2,20], ab_p[1,21], ab_p[2,21], ab_p[1,22], ab_p[2,22], ab_p[1,23], ab_p[2,23], ab_p[1,24], ab_p[2,24], σ_e[1], σ_e[2], ρ_e[1,1], ρ_e[2,1], ρ_e[1,2], ρ_e[2,2], ab_e[1,1], ab_e[2,1], σ
internals         = lp, n_steps, is_accept, acceptance_rate, log_density, hamiltonian_energy, hamiltonian_energy_error, max_hamiltonian_energy_error, tree_depth, numerical_error, step_size, nom_step_size

Summary Statistics
  parameters      mean       std      mcse    ess_bulk   ess_tail      rhat   ess_per_sec
      Symbol   Float64   Float64   Float64     Float64    Float64   Float64       Float64

      σ_w[1]    0.1143    0.1877    0.0122    119.0195   171.2474    1.0182        0.0040
      σ_w[2]    0.1101    0.1966    0.0154    133.9684   184.6710    1.0267        0.0046
    ρ_w[1,1]    1.0000    0.0000       NaN         NaN        NaN       NaN           NaN
    ρ_w[2,1]   -0.0294    0.4861    0.0261    320.3722   306.1506    1.0142        0.0109
    ρ_w[1,2]   -0.0294    0.4861    0.0261    320.3722   306.1506    1.0142        0.0109
    ρ_w[2,2]    1.0000    0.0000    0.0000    912.5331   849.2106    1.0005        0.0310
   ab_w[1,1]    0.0107    0.0781    0.0037    583.8462   293.0932    1.0072        0.0198
   ab_w[2,1]   -0.0090    0.0899    0.0047    674.2953   290.9630    1.0128        0.0229
   ab_w[1,2]   -0.0038    0.0782    0.0037    576.8100   311.7074    1.0037        0.0196
   ab_w[2,2]    0.0005    0.0899    0.0047    664.2417   294.4511    1.0111        0.0226
      σ_p[1]    0.3436    0.0581    0.0023    711.6622   501.5136    1.0038        0.0242
      σ_p[2]    0.0455    0.0094    0.0004    656.5363   528.7040    1.0040        0.0223
    ρ_p[1,1]    1.0000    0.0000       NaN         NaN        NaN       NaN           NaN
    ρ_p[2,1]   -0.0330    0.2172    0.0089    589.7824   438.0031    1.0061        0.0200
    ρ_p[1,2]   -0.0330    0.2172    0.0089    589.7824   438.0031    1.0061        0.0200
    ρ_p[2,2]    1.0000    0.0000    0.0000    975.5570        NaN    1.0031        0.0331
   ab_p[1,1]   -0.1768    0.0646    0.0022    854.8934   587.4805    1.0041        0.0290
   ab_p[2,1]   -0.0502    0.0219    0.0007   1101.5635   635.6316    1.0011        0.0374
   ab_p[1,2]   -0.2293    0.0655    0.0023    848.3899   667.5320    1.0068        0.0288
   ab_p[2,2]   -0.0334    0.0217    0.0007    976.0338   739.5915    1.0077        0.0332
   ab_p[1,3]   -0.3716    0.0663    0.0023    856.6364   585.2600    1.0023        0.0291
   ab_p[2,3]    0.0971    0.0220    0.0008    797.7681   601.9243    1.0019        0.0271
   ab_p[1,4]   -0.1379    0.0651    0.0022    864.7310   750.6503    1.0040        0.0294
   ab_p[2,4]   -0.0358    0.0218    0.0007    960.8172   587.7029    1.0117        0.0326
   ab_p[1,5]   -0.1730    0.0644    0.0021    938.9971   701.9056    1.0077        0.0319
   ab_p[2,5]   -0.0282    0.0222    0.0007    923.6196   536.8086    1.0120        0.0314
   ab_p[1,6]   -0.1745    0.0661    0.0022    894.4206   685.1951    1.0069        0.0304
   ab_p[2,6]    0.0331    0.0233    0.0008    952.4136   612.4083    1.0006        0.0324
   ab_p[1,7]   -0.2578    0.0643    0.0022    875.3004   577.9686    1.0047        0.0297
   ab_p[2,7]   -0.0081    0.0221    0.0007    957.2734   656.7759    1.0033        0.0325
   ab_p[1,8]    0.5407    0.0651    0.0022    860.9537   542.4229    1.0083        0.0292
   ab_p[2,8]    0.0087    0.0224    0.0007   1016.8778   781.3728    1.0016        0.0345
   ab_p[1,9]    0.0594    0.0658    0.0022    893.9866   687.3420    1.0043        0.0304
   ab_p[2,9]   -0.0383    0.0217    0.0008    832.3199   734.7851    1.0030        0.0283
  ab_p[1,10]    0.0267    0.0666    0.0022    937.8968   696.4667    1.0065        0.0319
  ab_p[2,10]    0.0007    0.0222    0.0007   1020.6140   692.5283    1.0040        0.0347
  ab_p[1,11]    0.3714    0.0652    0.0021    912.3123   760.9366    1.0007        0.0310
  ab_p[2,11]    0.0343    0.0218    0.0007   1113.0643   775.4160    0.9990        0.0378
  ab_p[1,12]    0.6784    0.0644    0.0021    918.3019   748.9239    1.0058        0.0312
  ab_p[2,12]   -0.0505    0.0218    0.0007    898.7678   596.7529    1.0024        0.0305
  ab_p[1,13]    0.0970    0.0642    0.0021    922.2392   663.9653    1.0110        0.0313
  ab_p[2,13]    0.0102    0.0218    0.0007   1012.0972   763.4049    1.0040        0.0344
  ab_p[1,14]    0.5766    0.0670    0.0022    906.3367   617.6096    1.0069        0.0308
  ab_p[2,14]    0.0109    0.0222    0.0007    947.9337   604.3373    1.0069        0.0322
  ab_p[1,15]   -0.2179    0.0655    0.0023    807.5841   677.9549    1.0021        0.0274
  ab_p[2,15]    0.0465    0.0226    0.0007   1048.7934   839.0529    1.0061        0.0356
  ab_p[1,16]   -0.1520    0.0661    0.0022    904.6408   687.0139    1.0083        0.0307
  ab_p[2,16]   -0.0294    0.0222    0.0007   1034.9081   818.4062    1.0003        0.0352
  ab_p[1,17]   -0.2765    0.0659    0.0022    938.1915   592.1355    1.0046        0.0319
  ab_p[2,17]    0.0508    0.0227    0.0007   1051.2554   495.4074    1.0062        0.0357
  ab_p[1,18]   -0.0381    0.0667    0.0022    918.4247   645.8477    1.0082        0.0312
  ab_p[2,18]    0.0108    0.0220    0.0008    846.0024   616.6919    1.0017        0.0287
  ab_p[1,19]    0.6044    0.0650    0.0021    953.4722   654.5720    1.0070        0.0324
  ab_p[2,19]    0.0088    0.0222    0.0007   1110.5420   845.4312    1.0070        0.0377
  ab_p[1,20]   -0.0123    0.0652    0.0022    862.4083   695.8513    1.0100        0.0293
  ab_p[2,20]    0.0241    0.0222    0.0007   1084.5889   651.1547    0.9992        0.0368
  ab_p[1,21]   -0.3431    0.0665    0.0022    908.0318   590.9686    1.0065        0.0308
  ab_p[2,21]   -0.0238    0.0215    0.0007   1005.4773   828.7257    1.0002        0.0342
  ab_p[1,22]   -0.3240    0.0666    0.0022    927.5253   668.2693    1.0078        0.0315
  ab_p[2,22]   -0.0575    0.0224    0.0007    908.8189   769.6308    1.0037        0.0309
  ab_p[1,23]   -0.0987    0.0653    0.0022    890.6421   652.3686    1.0029        0.0303
  ab_p[2,23]    0.0088    0.0219    0.0007   1002.5413   692.8632    1.0031        0.0341
  ab_p[1,24]    0.0209    0.0664    0.0022    924.6157   708.4091    1.0104        0.0314
  ab_p[2,24]    0.0102    0.0211    0.0007   1010.1507   656.1351    1.0002        0.0343
      σ_e[1]    0.3610    0.4998    0.0358    105.8411    75.5868    1.0260        0.0036
      σ_e[2]    0.3808    0.5383    0.0340    175.4971   188.4768    1.0091        0.0060
    ρ_e[1,1]    1.0000    0.0000       NaN         NaN        NaN       NaN           NaN
    ρ_e[2,1]    0.0098    0.4541    0.0192    571.0990   435.8117    1.0215        0.0194
    ρ_e[1,2]    0.0098    0.4541    0.0192    571.0990   435.8117    1.0215        0.0194
    ρ_e[2,2]    1.0000    0.0000    0.0000    857.4485   850.1546    1.0011        0.0291
   ab_e[1,1]   -0.0047    0.0929    0.0038    730.6191   453.2396    1.0148        0.0248
   ab_e[2,1]   -0.0305    0.0907    0.0047    656.1166   292.8988    1.0139        0.0223
           σ    0.9479    0.0034    0.0001   1039.5014   788.1365    1.0016        0.0353

Quantiles
  parameters      2.5%     25.0%     50.0%     75.0%     97.5%
      Symbol   Float64   Float64   Float64   Float64   Float64

      σ_w[1]    0.0045    0.0197    0.0469    0.1193    0.6674
      σ_w[2]    0.0045    0.0148    0.0399    0.1121    0.7000
    ρ_w[1,1]    1.0000    1.0000    1.0000    1.0000    1.0000
    ρ_w[2,1]   -0.8635   -0.4118   -0.0401    0.3596    0.8214
    ρ_w[1,2]   -0.8635   -0.4118   -0.0401    0.3596    0.8214
    ρ_w[2,2]    1.0000    1.0000    1.0000    1.0000    1.0000
   ab_w[1,1]   -0.1275   -0.0118    0.0052    0.0253    0.1923
   ab_w[2,1]   -0.1965   -0.0281   -0.0066    0.0044    0.1470
   ab_w[1,2]   -0.1468   -0.0268   -0.0057    0.0105    0.1780
   ab_w[2,2]   -0.1751   -0.0157    0.0011    0.0145    0.1561
      σ_p[1]    0.2525    0.3047    0.3343    0.3755    0.4789
      σ_p[2]    0.0298    0.0389    0.0449    0.0512    0.0680
    ρ_p[1,1]    1.0000    1.0000    1.0000    1.0000    1.0000
    ρ_p[2,1]   -0.4542   -0.1839   -0.0360    0.1153    0.3897
    ρ_p[1,2]   -0.4542   -0.1839   -0.0360    0.1153    0.3897
    ρ_p[2,2]    1.0000    1.0000    1.0000    1.0000    1.0000
   ab_p[1,1]   -0.3057   -0.2132   -0.1746   -0.1401   -0.0502
   ab_p[2,1]   -0.0939   -0.0644   -0.0507   -0.0357   -0.0070
   ab_p[1,2]   -0.3600   -0.2686   -0.2283   -0.1889   -0.0980
   ab_p[2,2]   -0.0751   -0.0483   -0.0328   -0.0182    0.0086
   ab_p[1,3]   -0.5104   -0.4124   -0.3689   -0.3329   -0.2411
   ab_p[2,3]    0.0568    0.0823    0.0963    0.1119    0.1418
   ab_p[1,4]   -0.2652   -0.1759   -0.1380   -0.0965   -0.0135
   ab_p[2,4]   -0.0786   -0.0500   -0.0354   -0.0211    0.0074
   ab_p[1,5]   -0.3092   -0.2078   -0.1725   -0.1350   -0.0474
   ab_p[2,5]   -0.0721   -0.0432   -0.0278   -0.0124    0.0109
   ab_p[1,6]   -0.3072   -0.2143   -0.1752   -0.1321   -0.0461
   ab_p[2,6]   -0.0110    0.0173    0.0326    0.0486    0.0778
   ab_p[1,7]   -0.3922   -0.2964   -0.2579   -0.2193   -0.1313
   ab_p[2,7]   -0.0514   -0.0228   -0.0080    0.0064    0.0353
   ab_p[1,8]    0.4049    0.5014    0.5417    0.5804    0.6690
   ab_p[2,8]   -0.0352   -0.0059    0.0087    0.0234    0.0497
   ab_p[1,9]   -0.0719    0.0206    0.0583    0.1026    0.1874
   ab_p[2,9]   -0.0819   -0.0523   -0.0376   -0.0235    0.0026
  ab_p[1,10]   -0.1115   -0.0118    0.0267    0.0651    0.1611
  ab_p[2,10]   -0.0440   -0.0130    0.0006    0.0154    0.0442
  ab_p[1,11]    0.2323    0.3335    0.3720    0.4106    0.5034
  ab_p[2,11]   -0.0066    0.0192    0.0345    0.0487    0.0799
  ab_p[1,12]    0.5459    0.6419    0.6788    0.7158    0.8038
  ab_p[2,12]   -0.0968   -0.0649   -0.0495   -0.0363   -0.0080
  ab_p[1,13]   -0.0351    0.0593    0.0972    0.1341    0.2259
  ab_p[2,13]   -0.0308   -0.0058    0.0107    0.0255    0.0500
  ab_p[1,14]    0.4340    0.5377    0.5774    0.6167    0.7072
  ab_p[2,14]   -0.0347   -0.0034    0.0108    0.0262    0.0530
  ab_p[1,15]   -0.3552   -0.2549   -0.2168   -0.1777   -0.0901
  ab_p[2,15]    0.0022    0.0307    0.0462    0.0620    0.0912
  ab_p[1,16]   -0.2927   -0.1889   -0.1534   -0.1129   -0.0191
  ab_p[2,16]   -0.0745   -0.0452   -0.0280   -0.0142    0.0138
  ab_p[1,17]   -0.4185   -0.3162   -0.2770   -0.2348   -0.1480
  ab_p[2,17]    0.0072    0.0355    0.0509    0.0670    0.0944
  ab_p[1,18]   -0.1739   -0.0781   -0.0389    0.0039    0.0952
  ab_p[2,18]   -0.0314   -0.0046    0.0110    0.0261    0.0519
  ab_p[1,19]    0.4727    0.5670    0.6049    0.6447    0.7347
  ab_p[2,19]   -0.0330   -0.0081    0.0086    0.0242    0.0518
  ab_p[1,20]   -0.1433   -0.0498   -0.0129    0.0266    0.1174
  ab_p[2,20]   -0.0178    0.0097    0.0240    0.0397    0.0671
  ab_p[1,21]   -0.4786   -0.3786   -0.3438   -0.3020   -0.2115
  ab_p[2,21]   -0.0661   -0.0381   -0.0249   -0.0085    0.0174
  ab_p[1,22]   -0.4623   -0.3643   -0.3224   -0.2821   -0.1956
  ab_p[2,22]   -0.1026   -0.0716   -0.0574   -0.0430   -0.0157
  ab_p[1,23]   -0.2232   -0.1368   -0.1001   -0.0597    0.0347
  ab_p[2,23]   -0.0336   -0.0055    0.0088    0.0230    0.0511
  ab_p[1,24]   -0.1198   -0.0189    0.0227    0.0660    0.1562
  ab_p[2,24]   -0.0302   -0.0026    0.0093    0.0237    0.0549
      σ_e[1]    0.0038    0.0533    0.1842    0.4634    1.6708
      σ_e[2]    0.0074    0.0678    0.1650    0.4726    2.0025
    ρ_e[1,1]    1.0000    1.0000    1.0000    1.0000    1.0000
    ρ_e[2,1]   -0.7984   -0.3487    0.0035    0.3720    0.8103
    ρ_e[1,2]   -0.7984   -0.3487    0.0035    0.3720    0.8103
    ρ_e[2,2]    1.0000    1.0000    1.0000    1.0000    1.0000
   ab_e[1,1]   -0.2108   -0.0413   -0.0001    0.0337    0.1697
   ab_e[2,1]   -0.1944   -0.0469   -0.0314   -0.0102    0.1602
           σ    0.9414    0.9456    0.9480    0.9502    0.9546

