Chains MCMC chain (250×85×4 Array{Float64, 3}):

Iterations        = 126:1:375
Number of chains  = 4
Samples per chain = 250
Wall duration     = 8483.12 seconds
Compute duration  = 30120.84 seconds
parameters        = σ_w[1], σ_w[2], ρ_w[1,1], ρ_w[2,1], ρ_w[1,2], ρ_w[2,2], ab_w[1,1], ab_w[2,1], ab_w[1,2], ab_w[2,2], σ_p[1], σ_p[2], ρ_p[1,1], ρ_p[2,1], ρ_p[1,2], ρ_p[2,2], ab_p[1,1], ab_p[2,1], ab_p[1,2], ab_p[2,2], ab_p[1,3], ab_p[2,3], ab_p[1,4], ab_p[2,4], ab_p[1,5], ab_p[2,5], ab_p[1,6], ab_p[2,6], ab_p[1,7], ab_p[2,7], ab_p[1,8], ab_p[2,8], ab_p[1,9], ab_p[2,9], ab_p[1,10], ab_p[2,10], ab_p[1,11], ab_p[2,11], ab_p[1,12], ab_p[2,12], ab_p[1,13], ab_p[2,13], ab_p[1,14], ab_p[2,14], ab_p[1,15], ab_p[2,15], ab_p[1,16], ab_p[2,16], ab_p[1,17], ab_p[2,17], ab_p[1,18], ab_p[2,18], ab_p[1,19], ab_p[2,19], ab_p[1,20], ab_p[2,20], ab_p[1,21], ab_p[2,21], ab_p[1,22], ab_p[2,22], ab_p[1,23], ab_p[2,23], ab_p[1,24], ab_p[2,24], σ_e[1], σ_e[2], ρ_e[1,1], ρ_e[2,1], ρ_e[1,2], ρ_e[2,2], ab_e[1,1], ab_e[2,1], σ
internals         = lp, n_steps, is_accept, acceptance_rate, log_density, hamiltonian_energy, hamiltonian_energy_error, max_hamiltonian_energy_error, tree_depth, numerical_error, step_size, nom_step_size

Summary Statistics
  parameters      mean       std      mcse    ess_bulk   ess_tail      rhat   ess_per_sec
      Symbol   Float64   Float64   Float64     Float64    Float64   Float64       Float64

      σ_w[1]    0.1394    0.2663    0.0249     73.0824   144.7828    1.0543        0.0024
      σ_w[2]    0.0975    0.1879    0.0156     31.5506    24.0179    1.1272        0.0010
    ρ_w[1,1]    1.0000    0.0000       NaN         NaN        NaN       NaN           NaN
    ρ_w[2,1]    0.0157    0.4748    0.0281    301.7696   288.5883    1.0170        0.0100
    ρ_w[1,2]    0.0157    0.4748    0.0281    301.7696   288.5883    1.0170        0.0100
    ρ_w[2,2]    1.0000    0.0000    0.0000    980.1507   895.6073    0.9988        0.0325
   ab_w[1,1]    0.0039    0.1210    0.0071    561.6907   206.7917    1.0461        0.0186
   ab_w[2,1]   -0.0064    0.0895    0.0047    425.8174   211.3039    1.0504        0.0141
   ab_w[1,2]   -0.0034    0.1213    0.0071    561.1560   202.4504    1.0491        0.0186
   ab_w[2,2]   -0.0020    0.0896    0.0047    460.9346   186.5285    1.0748        0.0153
      σ_p[1]    0.1842    0.0311    0.0012    754.0354   489.6418    1.0107        0.0250
      σ_p[2]    0.0314    0.0082    0.0005    231.2744   330.4673    1.0075        0.0077
    ρ_p[1,1]    1.0000    0.0000       NaN         NaN        NaN       NaN           NaN
    ρ_p[2,1]    0.2400    0.2175    0.0084    671.6855   419.6182    1.0123        0.0223
    ρ_p[1,2]    0.2400    0.2175    0.0084    671.6855   419.6182    1.0123        0.0223
    ρ_p[2,2]    1.0000    0.0000    0.0000   1021.7517   899.9527    0.9994        0.0339
   ab_p[1,1]   -0.1613    0.0414    0.0016    667.4223   632.9593    1.0049        0.0222
   ab_p[2,1]   -0.0246    0.0183    0.0006   1031.8051   734.3494    0.9993        0.0343
   ab_p[1,2]    0.2151    0.0400    0.0015    740.6230   586.2165    1.0076        0.0246
   ab_p[2,2]   -0.0114    0.0196    0.0007    814.5882   716.7340    1.0045        0.0270
   ab_p[1,3]    0.2356    0.0424    0.0015    822.7710   693.7419    1.0005        0.0273
   ab_p[2,3]    0.0169    0.0186    0.0007    778.4909   790.8713    1.0092        0.0258
   ab_p[1,4]    0.0326    0.0405    0.0015    732.5324   762.1643    0.9996        0.0243
   ab_p[2,4]   -0.0068    0.0192    0.0006   1209.9211   540.7133    1.0078        0.0402
   ab_p[1,5]    0.1389    0.0417    0.0018    519.0802   481.1610    1.0017        0.0172
   ab_p[2,5]    0.0228    0.0193    0.0006    896.7277   654.3918    1.0035        0.0298
   ab_p[1,6]   -0.1318    0.0410    0.0016    693.2252   672.4701    1.0022        0.0230
   ab_p[2,6]   -0.0360    0.0210    0.0008    760.0827   682.1695    1.0011        0.0252
   ab_p[1,7]   -0.1728    0.0421    0.0016    706.0468   790.0216    1.0083        0.0234
   ab_p[2,7]   -0.0108    0.0212    0.0006   1183.8875   647.5438    1.0107        0.0393
   ab_p[1,8]   -0.0316    0.0413    0.0017    588.0490   650.7739    1.0028        0.0195
   ab_p[2,8]    0.0112    0.0201    0.0006   1220.6760   519.2927    1.0027        0.0405
   ab_p[1,9]    0.0566    0.0423    0.0017    644.1599   680.2717    1.0036        0.0214
   ab_p[2,9]   -0.0443    0.0208    0.0008    727.3860   794.5736    1.0029        0.0241
  ab_p[1,10]   -0.2602    0.0399    0.0016    599.8939   696.2756    1.0014        0.0199
  ab_p[2,10]    0.0057    0.0192    0.0006   1162.2380   679.8276    1.0036        0.0386
  ab_p[1,11]   -0.2682    0.0419    0.0015    828.4186   665.0265    1.0066        0.0275
  ab_p[2,11]    0.0136    0.0196    0.0007    849.2176   632.9795    1.0020        0.0282
  ab_p[1,12]   -0.0701    0.0415    0.0015    757.8339   716.9215    1.0028        0.0252
  ab_p[2,12]    0.0477    0.0217    0.0009    555.8663   491.0849    1.0078        0.0185
  ab_p[1,13]    0.1286    0.0406    0.0017    565.8706   690.0725    1.0010        0.0188
  ab_p[2,13]    0.0337    0.0198    0.0007    858.2422   528.0880    1.0015        0.0285
  ab_p[1,14]    0.1161    0.0416    0.0016    664.3638   562.8580    1.0044        0.0221
  ab_p[2,14]    0.0172    0.0187    0.0006    915.4610   760.5045    1.0034        0.0304
  ab_p[1,15]    0.0646    0.0412    0.0015    733.2044   651.2793    1.0042        0.0243
  ab_p[2,15]   -0.0084    0.0186    0.0006    998.6672   691.2152    1.0010        0.0332
  ab_p[1,16]   -0.2513    0.0420    0.0017    635.3632   717.1396    1.0011        0.0211
  ab_p[2,16]   -0.0381    0.0196    0.0006    934.1741   638.5096    1.0020        0.0310
  ab_p[1,17]   -0.1275    0.0405    0.0016    667.9478   619.4293    1.0040        0.0222
  ab_p[2,17]   -0.0188    0.0189    0.0006   1122.5355   831.2434    1.0072        0.0373
  ab_p[1,18]   -0.0211    0.0408    0.0016    660.6194   708.7557    1.0028        0.0219
  ab_p[2,18]    0.0057    0.0190    0.0006    923.2758   557.6883    1.0014        0.0307
  ab_p[1,19]   -0.2944    0.0402    0.0017    598.7869   541.6551    1.0095        0.0199
  ab_p[2,19]   -0.0213    0.0198    0.0006    981.2619   729.0226    1.0132        0.0326
  ab_p[1,20]    0.1159    0.0404    0.0015    677.7504   656.7743    1.0034        0.0225
  ab_p[2,20]    0.0196    0.0189    0.0006   1021.3768   461.0206    1.0067        0.0339
  ab_p[1,21]    0.2899    0.0407    0.0014    840.2595   598.9754    1.0117        0.0279
  ab_p[2,21]    0.0129    0.0198    0.0006   1202.4037   583.3168    1.0223        0.0399
  ab_p[1,22]    0.1293    0.0404    0.0015    711.5321   653.4254    1.0014        0.0236
  ab_p[2,22]   -0.0034    0.0200    0.0006   1010.8422   666.8296    0.9990        0.0336
  ab_p[1,23]    0.0958    0.0405    0.0015    730.6920   654.0214    1.0035        0.0243
  ab_p[2,23]    0.0138    0.0204    0.0006   1097.1055   487.9818    1.0013        0.0364
  ab_p[1,24]    0.1118    0.0418    0.0015    742.4256   687.7444    1.0023        0.0246
  ab_p[2,24]   -0.0085    0.0187    0.0006    974.2005   539.4676    1.0115        0.0323
      σ_e[1]    0.3377    0.4668    0.0353    131.8257   176.0401    1.0253        0.0044
      σ_e[2]    0.3338    0.4925    0.0306    143.7114   109.6682    1.0195        0.0048
    ρ_e[1,1]    1.0000    0.0000       NaN         NaN        NaN       NaN           NaN
    ρ_e[2,1]    0.0449    0.4477    0.0247    329.7538   287.7038    1.0108        0.0109
    ρ_e[1,2]    0.0449    0.4477    0.0247    329.7538   287.7038    1.0108        0.0109
    ρ_e[2,2]    1.0000    0.0000    0.0000   1013.1917   969.7749    1.0032        0.0336
   ab_e[1,1]    0.0007    0.1237    0.0072    443.8685   191.1507    1.0208        0.0147
   ab_e[2,1]   -0.0328    0.0892    0.0047    433.1202   192.4919    1.0442        0.0144
           σ    0.9844    0.0036    0.0001   1007.0766   602.2296    1.0045        0.0334

Quantiles
  parameters      2.5%     25.0%     50.0%     75.0%     97.5%
      Symbol   Float64   Float64   Float64   Float64   Float64

      σ_w[1]    0.0036    0.0154    0.0424    0.1394    0.9551
      σ_w[2]    0.0023    0.0098    0.0347    0.0996    0.5850
    ρ_w[1,1]    1.0000    1.0000    1.0000    1.0000    1.0000
    ρ_w[2,1]   -0.8147   -0.3725    0.0037    0.3995    0.8598
    ρ_w[1,2]   -0.8147   -0.3725    0.0037    0.3995    0.8598
    ρ_w[2,2]    1.0000    1.0000    1.0000    1.0000    1.0000
   ab_w[1,1]   -0.2066   -0.0112    0.0030    0.0215    0.1933
   ab_w[2,1]   -0.1535   -0.0230   -0.0029    0.0065    0.1547
   ab_w[1,2]   -0.2107   -0.0185   -0.0020    0.0142    0.1636
   ab_w[2,2]   -0.1444   -0.0159   -0.0002    0.0109    0.1605
      σ_p[1]    0.1361    0.1616    0.1808    0.2020    0.2585
      σ_p[2]    0.0175    0.0259    0.0308    0.0362    0.0483
    ρ_p[1,1]    1.0000    1.0000    1.0000    1.0000    1.0000
    ρ_p[2,1]   -0.2119    0.0968    0.2481    0.3872    0.6603
    ρ_p[1,2]   -0.2119    0.0968    0.2481    0.3872    0.6603
    ρ_p[2,2]    1.0000    1.0000    1.0000    1.0000    1.0000
   ab_p[1,1]   -0.2458   -0.1878   -0.1607   -0.1334   -0.0849
   ab_p[2,1]   -0.0613   -0.0375   -0.0233   -0.0118    0.0104
   ab_p[1,2]    0.1391    0.1889    0.2144    0.2416    0.2957
   ab_p[2,2]   -0.0496   -0.0247   -0.0109    0.0016    0.0261
   ab_p[1,3]    0.1474    0.2101    0.2360    0.2629    0.3213
   ab_p[2,3]   -0.0171    0.0040    0.0164    0.0291    0.0534
   ab_p[1,4]   -0.0469    0.0065    0.0330    0.0593    0.1082
   ab_p[2,4]   -0.0439   -0.0193   -0.0062    0.0062    0.0315
   ab_p[1,5]    0.0530    0.1125    0.1386    0.1666    0.2169
   ab_p[2,5]   -0.0133    0.0095    0.0225    0.0357    0.0623
   ab_p[1,6]   -0.2133   -0.1584   -0.1305   -0.1054   -0.0485
   ab_p[2,6]   -0.0809   -0.0498   -0.0360   -0.0211    0.0007
   ab_p[1,7]   -0.2574   -0.2004   -0.1719   -0.1460   -0.0920
   ab_p[2,7]   -0.0525   -0.0262   -0.0103    0.0037    0.0287
   ab_p[1,8]   -0.1120   -0.0576   -0.0316   -0.0034    0.0497
   ab_p[2,8]   -0.0254   -0.0009    0.0107    0.0226    0.0558
   ab_p[1,9]   -0.0301    0.0306    0.0553    0.0836    0.1384
   ab_p[2,9]   -0.0879   -0.0581   -0.0432   -0.0291   -0.0073
  ab_p[1,10]   -0.3411   -0.2848   -0.2593   -0.2351   -0.1830
  ab_p[2,10]   -0.0336   -0.0068    0.0059    0.0191    0.0427
  ab_p[1,11]   -0.3519   -0.2954   -0.2687   -0.2412   -0.1842
  ab_p[2,11]   -0.0229    0.0002    0.0128    0.0266    0.0528
  ab_p[1,12]   -0.1560   -0.0988   -0.0695   -0.0434    0.0139
  ab_p[2,12]    0.0088    0.0323    0.0468    0.0619    0.0928
  ab_p[1,13]    0.0503    0.1030    0.1282    0.1540    0.2115
  ab_p[2,13]   -0.0029    0.0202    0.0332    0.0466    0.0745
  ab_p[1,14]    0.0353    0.0875    0.1173    0.1432    0.1966
  ab_p[2,14]   -0.0196    0.0048    0.0175    0.0302    0.0510
  ab_p[1,15]   -0.0191    0.0381    0.0656    0.0899    0.1486
  ab_p[2,15]   -0.0441   -0.0208   -0.0085    0.0039    0.0281
  ab_p[1,16]   -0.3389   -0.2801   -0.2503   -0.2226   -0.1700
  ab_p[2,16]   -0.0771   -0.0514   -0.0377   -0.0249   -0.0016
  ab_p[1,17]   -0.2091   -0.1531   -0.1268   -0.1009   -0.0464
  ab_p[2,17]   -0.0556   -0.0311   -0.0189   -0.0055    0.0165
  ab_p[1,18]   -0.0997   -0.0488   -0.0212    0.0072    0.0542
  ab_p[2,18]   -0.0309   -0.0066    0.0052    0.0182    0.0422
  ab_p[1,19]   -0.3745   -0.3188   -0.2943   -0.2679   -0.2182
  ab_p[2,19]   -0.0648   -0.0343   -0.0200   -0.0082    0.0129
  ab_p[1,20]    0.0349    0.0882    0.1159    0.1431    0.1942
  ab_p[2,20]   -0.0162    0.0072    0.0187    0.0315    0.0591
  ab_p[1,21]    0.2066    0.2634    0.2906    0.3157    0.3701
  ab_p[2,21]   -0.0248   -0.0005    0.0132    0.0264    0.0518
  ab_p[1,22]    0.0478    0.1017    0.1308    0.1560    0.2055
  ab_p[2,22]   -0.0438   -0.0166   -0.0027    0.0103    0.0348
  ab_p[1,23]    0.0141    0.0704    0.0955    0.1223    0.1748
  ab_p[2,23]   -0.0255    0.0001    0.0129    0.0267    0.0556
  ab_p[1,24]    0.0284    0.0850    0.1121    0.1396    0.1911
  ab_p[2,24]   -0.0489   -0.0208   -0.0082    0.0039    0.0281
      σ_e[1]    0.0097    0.0532    0.1376    0.4444    1.7322
      σ_e[2]    0.0115    0.0642    0.1544    0.3897    1.6154
    ρ_e[1,1]    1.0000    1.0000    1.0000    1.0000    1.0000
    ρ_e[2,1]   -0.8123   -0.2846    0.0676    0.3747    0.8608
    ρ_e[1,2]   -0.8123   -0.2846    0.0676    0.3747    0.8608
    ρ_e[2,2]    1.0000    1.0000    1.0000    1.0000    1.0000
   ab_e[1,1]   -0.1807   -0.0312   -0.0004    0.0279    0.2342
   ab_e[2,1]   -0.1991   -0.0495   -0.0341   -0.0152    0.1136
           σ    0.9772    0.9819    0.9843    0.9869    0.9913

