cpu-bind=MASK - bp1-compute101, task  0  0 [1629314]: mask 0x2200002200 set
Running on host bp1-compute101
Time is Tue May 19 14:05:28 BST 2026
Directory is /user/home/em18564/bayesian/BC4/Bayes/wordType_experiments/models/7_baseModel_0.25
Slurm job ID is 17401686
This job runs on the following machines:
bp1-compute101
Sampling (4 threads)   0%|                              |  ETA: N/A
┌ Info: Found initial step size
└   ϵ = 0.003125
┌ Info: Found initial step size
└   ϵ = 0.00078125
┌ Info: Found initial step size
└   ϵ = 0.0001953125
┌ Info: Found initial step size
└   ϵ = 0.000390625
Sampling (4 threads)   0%|▏                             |  ETA: 2:58:29
Sampling (4 threads)   1%|▎                             |  ETA: 1:28:54
Sampling (4 threads)   2%|▌                             |  ETA: 1:11:32
Sampling (4 threads)   2%|▋                             |  ETA: 0:53:23
Sampling (4 threads)   2%|▊                             |  ETA: 1:59:58
Sampling (4 threads)   3%|▉                             |  ETA: 1:39:27
Sampling (4 threads)   4%|█                             |  ETA: 1:24:49
Sampling (4 threads)   4%|█▎                            |  ETA: 2:18:23
Sampling (4 threads)   4%|█▍                            |  ETA: 2:02:22
Sampling (4 threads)   5%|█▌                            |  ETA: 2:51:21
Sampling (4 threads)   6%|█▋                            |  ETA: 2:34:57
Sampling (4 threads)   6%|█▊                            |  ETA: 2:21:17
Sampling (4 threads)   6%|██                            |  ETA: 2:09:44
Sampling (4 threads)   7%|██▏                           |  ETA: 2:41:07
Sampling (4 threads)   8%|██▎                           |  ETA: 2:29:34
Sampling (4 threads)   8%|██▍                           |  ETA: 2:56:32
Sampling (4 threads)   8%|██▌                           |  ETA: 2:45:15
Sampling (4 threads)   9%|██▊                           |  ETA: 2:35:13
Sampling (4 threads)  10%|██▉                           |  ETA: 2:59:00
Sampling (4 threads)  10%|███                           |  ETA: 2:49:07
Sampling (4 threads)  10%|███▏                          |  ETA: 2:40:10
Sampling (4 threads)  11%|███▎                          |  ETA: 2:58:37
Sampling (4 threads)  12%|███▌                          |  ETA: 2:49:54
Sampling (4 threads)  12%|███▋                          |  ETA: 2:58:25
Sampling (4 threads)  12%|███▊                          |  ETA: 2:50:19
Sampling (4 threads)  13%|███▉                          |  ETA: 2:42:49
Sampling (4 threads)  14%|████                          |  ETA: 2:54:42
Sampling (4 threads)  14%|████▎                         |  ETA: 2:47:29
Sampling (4 threads)  14%|████▍                         |  ETA: 2:40:46
Sampling (4 threads)  15%|████▌                         |  ETA: 2:49:54
Sampling (4 threads)  16%|████▋                         |  ETA: 2:43:27
Sampling (4 threads)  16%|████▊                         |  ETA: 2:37:25
Sampling (4 threads)  16%|█████                         |  ETA: 2:44:12
Sampling (4 threads)  17%|█████▏                        |  ETA: 2:38:25
Sampling (4 threads)  18%|█████▎                        |  ETA: 2:38:49
Sampling (4 threads)  18%|█████▍                        |  ETA: 2:33:28
Sampling (4 threads)  18%|█████▌                        |  ETA: 2:33:17
Sampling (4 threads)  19%|█████▊                        |  ETA: 2:28:20
Sampling (4 threads)  20%|█████▉                        |  ETA: 2:35:13
Sampling (4 threads)  20%|██████                        |  ETA: 2:30:24
Sampling (4 threads)  20%|██████▏                       |  ETA: 2:38:46
Sampling (4 threads)  21%|██████▎                       |  ETA: 2:34:00
Sampling (4 threads)  22%|██████▌                       |  ETA: 2:29:28
Sampling (4 threads)  22%|██████▋                       |  ETA: 2:25:09
Sampling (4 threads)  22%|██████▊                       |  ETA: 2:30:36
Sampling (4 threads)  23%|██████▉                       |  ETA: 2:26:23
Sampling (4 threads)  24%|███████                       |  ETA: 2:33:51
Sampling (4 threads)  24%|███████▎                      |  ETA: 2:29:40
Sampling (4 threads)  24%|███████▍                      |  ETA: 2:25:39
Sampling (4 threads)  25%|███████▌                      |  ETA: 2:30:22
Sampling (4 threads)  26%|███████▋                      |  ETA: 2:26:26
Sampling (4 threads)  26%|███████▊                      |  ETA: 2:22:39
Sampling (4 threads)  26%|████████                      |  ETA: 2:19:01
Sampling (4 threads)  27%|████████▏                     |  ETA: 2:22:56
Sampling (4 threads)  28%|████████▎                     |  ETA: 2:19:22
Sampling (4 threads)  28%|████████▍                     |  ETA: 2:15:56
Sampling (4 threads)  28%|████████▌                     |  ETA: 2:17:58
Sampling (4 threads)  29%|████████▊                     |  ETA: 2:14:39
Sampling (4 threads)  30%|████████▉                     |  ETA: 2:16:37
Sampling (4 threads)  30%|█████████                     |  ETA: 2:13:23
Sampling (4 threads)  30%|█████████▏                    |  ETA: 2:13:20
Sampling (4 threads)  31%|█████████▎                    |  ETA: 2:10:14
Sampling (4 threads)  32%|█████████▌                    |  ETA: 2:11:24
Sampling (4 threads)  32%|█████████▋                    |  ETA: 2:08:24
Sampling (4 threads)  32%|█████████▊                    |  ETA: 2:08:31
Sampling (4 threads)  33%|█████████▉                    |  ETA: 2:05:38
Sampling (4 threads)  34%|██████████                    |  ETA: 2:06:05
Sampling (4 threads)  34%|██████████▎                   |  ETA: 2:03:17
Sampling (4 threads)  34%|██████████▍                   |  ETA: 2:00:35
Sampling (4 threads)  35%|██████████▌                   |  ETA: 2:02:02
Sampling (4 threads)  36%|██████████▋                   |  ETA: 1:59:23
Sampling (4 threads)  36%|██████████▊                   |  ETA: 2:01:29
Sampling (4 threads)  36%|███████████                   |  ETA: 1:58:53
Sampling (4 threads)  37%|███████████▏                  |  ETA: 1:56:21
Sampling (4 threads)  38%|███████████▎                  |  ETA: 1:58:56
Sampling (4 threads)  38%|███████████▍                  |  ETA: 1:56:26
Sampling (4 threads)  38%|███████████▌                  |  ETA: 1:57:48
Sampling (4 threads)  39%|███████████▊                  |  ETA: 1:55:21
Sampling (4 threads)  40%|███████████▉                  |  ETA: 1:52:57
Sampling (4 threads)  40%|████████████                  |  ETA: 1:55:41
Sampling (4 threads)  40%|████████████▏                 |  ETA: 1:53:19
Sampling (4 threads)  41%|████████████▎                 |  ETA: 1:50:59
Sampling (4 threads)  42%|████████████▌                 |  ETA: 1:53:18
Sampling (4 threads)  42%|████████████▋                 |  ETA: 1:51:00
Sampling (4 threads)  42%|████████████▊                 |  ETA: 1:48:44
Sampling (4 threads)  43%|████████████▉                 |  ETA: 1:49:47
Sampling (4 threads)  44%|█████████████                 |  ETA: 1:47:34
Sampling (4 threads)  44%|█████████████▎                |  ETA: 1:45:25
Sampling (4 threads)  44%|█████████████▍                |  ETA: 1:47:43
Sampling (4 threads)  45%|█████████████▌                |  ETA: 1:45:34
Sampling (4 threads)  46%|█████████████▋                |  ETA: 1:43:27
Sampling (4 threads)  46%|█████████████▊                |  ETA: 1:45:13
Sampling (4 threads)  46%|██████████████                |  ETA: 1:43:07
Sampling (4 threads)  47%|██████████████▏               |  ETA: 1:41:04
Sampling (4 threads)  48%|██████████████▎               |  ETA: 1:41:26
Sampling (4 threads)  48%|██████████████▍               |  ETA: 1:39:25
Sampling (4 threads)  48%|██████████████▌               |  ETA: 1:39:12
Sampling (4 threads)  49%|██████████████▊               |  ETA: 1:37:14
Sampling (4 threads)  50%|██████████████▉               |  ETA: 1:36:55
Sampling (4 threads)  50%|███████████████               |  ETA: 1:34:59
Sampling (4 threads)  50%|███████████████▏              |  ETA: 1:35:47
Sampling (4 threads)  51%|███████████████▎              |  ETA: 1:33:53
Sampling (4 threads)  52%|███████████████▌              |  ETA: 1:32:02
Sampling (4 threads)  52%|███████████████▋              |  ETA: 1:32:44
Sampling (4 threads)  52%|███████████████▊              |  ETA: 1:30:53
Sampling (4 threads)  53%|███████████████▉              |  ETA: 1:29:05
Sampling (4 threads)  54%|████████████████              |  ETA: 1:30:37
Sampling (4 threads)  54%|████████████████▎             |  ETA: 1:28:49
Sampling (4 threads)  55%|████████████████▍             |  ETA: 1:27:02
Sampling (4 threads)  55%|████████████████▌             |  ETA: 1:25:18
Sampling (4 threads)  56%|████████████████▋             |  ETA: 1:25:59
Sampling (4 threads)  56%|████████████████▊             |  ETA: 1:24:15
Sampling (4 threads)  56%|█████████████████             |  ETA: 1:24:31
Sampling (4 threads)  57%|█████████████████▏            |  ETA: 1:22:49
Sampling (4 threads)  57%|█████████████████▎            |  ETA: 1:21:09
Sampling (4 threads)  58%|█████████████████▍            |  ETA: 1:20:55
Sampling (4 threads)  58%|█████████████████▌            |  ETA: 1:19:16
Sampling (4 threads)  59%|█████████████████▊            |  ETA: 1:19:57
Sampling (4 threads)  60%|█████████████████▉            |  ETA: 1:18:19
Sampling (4 threads)  60%|██████████████████            |  ETA: 1:16:42
Sampling (4 threads)  60%|██████████████████▏           |  ETA: 1:16:55
Sampling (4 threads)  61%|██████████████████▎           |  ETA: 1:15:19
Sampling (4 threads)  62%|██████████████████▌           |  ETA: 1:13:45
Sampling (4 threads)  62%|██████████████████▋           |  ETA: 1:14:24
Sampling (4 threads)  62%|██████████████████▊           |  ETA: 1:12:50
Sampling (4 threads)  63%|██████████████████▉           |  ETA: 1:13:03
Sampling (4 threads)  64%|███████████████████           |  ETA: 1:11:30
Sampling (4 threads)  64%|███████████████████▎          |  ETA: 1:09:58
Sampling (4 threads)  64%|███████████████████▍          |  ETA: 1:08:27
Sampling (4 threads)  65%|███████████████████▌          |  ETA: 1:08:53
Sampling (4 threads)  66%|███████████████████▋          |  ETA: 1:07:22
Sampling (4 threads)  66%|███████████████████▊          |  ETA: 1:07:12
Sampling (4 threads)  66%|████████████████████          |  ETA: 1:05:43
Sampling (4 threads)  67%|████████████████████▏         |  ETA: 1:04:15
Sampling (4 threads)  68%|████████████████████▎         |  ETA: 1:04:06
Sampling (4 threads)  68%|████████████████████▍         |  ETA: 1:02:39
Sampling (4 threads)  68%|████████████████████▌         |  ETA: 1:03:00
Sampling (4 threads)  69%|████████████████████▊         |  ETA: 1:01:33
Sampling (4 threads)  70%|████████████████████▉         |  ETA: 1:00:07
Sampling (4 threads)  70%|█████████████████████         |  ETA: 0:58:43
Sampling (4 threads)  70%|█████████████████████▏        |  ETA: 0:59:04
Sampling (4 threads)  71%|█████████████████████▎        |  ETA: 0:57:40
Sampling (4 threads)  72%|█████████████████████▌        |  ETA: 0:56:16
Sampling (4 threads)  72%|█████████████████████▋        |  ETA: 0:56:00
Sampling (4 threads)  72%|█████████████████████▊        |  ETA: 0:54:38
Sampling (4 threads)  73%|█████████████████████▉        |  ETA: 0:53:16
Sampling (4 threads)  74%|██████████████████████        |  ETA: 0:53:14
Sampling (4 threads)  74%|██████████████████████▎       |  ETA: 0:51:53
Sampling (4 threads)  74%|██████████████████████▍       |  ETA: 0:50:33
Sampling (4 threads)  75%|██████████████████████▌       |  ETA: 0:50:16
Sampling (4 threads)  76%|██████████████████████▋       |  ETA: 0:48:56
Sampling (4 threads)  76%|██████████████████████▊       |  ETA: 0:47:38
Sampling (4 threads)  76%|███████████████████████       |  ETA: 0:46:20
Sampling (4 threads)  77%|███████████████████████▏      |  ETA: 0:46:21
Sampling (4 threads)  78%|███████████████████████▎      |  ETA: 0:45:03
Sampling (4 threads)  78%|███████████████████████▍      |  ETA: 0:43:46
Sampling (4 threads)  78%|███████████████████████▌      |  ETA: 0:43:25
Sampling (4 threads)  79%|███████████████████████▊      |  ETA: 0:42:08
Sampling (4 threads)  80%|███████████████████████▉      |  ETA: 0:40:52
Sampling (4 threads)  80%|████████████████████████      |  ETA: 0:40:14
Sampling (4 threads)  80%|████████████████████████▏     |  ETA: 0:38:59
Sampling (4 threads)  81%|████████████████████████▎     |  ETA: 0:38:21
Sampling (4 threads)  82%|████████████████████████▌     |  ETA: 0:37:07
Sampling (4 threads)  82%|████████████████████████▋     |  ETA: 0:35:54
Sampling (4 threads)  82%|████████████████████████▊     |  ETA: 0:35:30
Sampling (4 threads)  83%|████████████████████████▉     |  ETA: 0:34:17
Sampling (4 threads)  84%|█████████████████████████     |  ETA: 0:33:04
Sampling (4 threads)  84%|█████████████████████████▎    |  ETA: 0:32:16
Sampling (4 threads)  84%|█████████████████████████▍    |  ETA: 0:31:04
Sampling (4 threads)  85%|█████████████████████████▌    |  ETA: 0:30:13
Sampling (4 threads)  86%|█████████████████████████▋    |  ETA: 0:29:03
Sampling (4 threads)  86%|█████████████████████████▊    |  ETA: 0:28:17
Sampling (4 threads)  86%|██████████████████████████    |  ETA: 0:27:06
Sampling (4 threads)  87%|██████████████████████████▏   |  ETA: 0:26:19
Sampling (4 threads)  88%|██████████████████████████▎   |  ETA: 0:25:09
Sampling (4 threads)  88%|██████████████████████████▍   |  ETA: 0:24:24
Sampling (4 threads)  88%|██████████████████████████▌   |  ETA: 0:23:15
Sampling (4 threads)  89%|██████████████████████████▊   |  ETA: 0:22:07
Sampling (4 threads)  90%|██████████████████████████▉   |  ETA: 0:21:11
Sampling (4 threads)  90%|███████████████████████████   |  ETA: 0:20:04
Sampling (4 threads)  90%|███████████████████████████▏  |  ETA: 0:19:06
Sampling (4 threads)  91%|███████████████████████████▎  |  ETA: 0:17:59
Sampling (4 threads)  92%|███████████████████████████▌  |  ETA: 0:17:03
Sampling (4 threads)  92%|███████████████████████████▋  |  ETA: 0:15:57
Sampling (4 threads)  92%|███████████████████████████▊  |  ETA: 0:15:02
Sampling (4 threads)  93%|███████████████████████████▉  |  ETA: 0:13:57
Sampling (4 threads)  94%|████████████████████████████  |  ETA: 0:13:00
Sampling (4 threads)  94%|████████████████████████████▎ |  ETA: 0:11:56
Sampling (4 threads)  94%|████████████████████████████▍ |  ETA: 0:10:54
Sampling (4 threads)  95%|████████████████████████████▌ |  ETA: 0:09:54
Sampling (4 threads)  96%|████████████████████████████▋ |  ETA: 0:08:55
Sampling (4 threads)  96%|████████████████████████████▊ |  ETA: 0:07:57
Sampling (4 threads)  96%|█████████████████████████████ |  ETA: 0:06:57
Sampling (4 threads)  97%|█████████████████████████████▏|  ETA: 0:05:57
Sampling (4 threads)  98%|█████████████████████████████▎|  ETA: 0:04:59
Sampling (4 threads)  98%|█████████████████████████████▍|  ETA: 0:03:59
Sampling (4 threads)  98%|█████████████████████████████▌|  ETA: 0:03:00
Sampling (4 threads)  99%|█████████████████████████████▊|  ETA: 0:02:00
Sampling (4 threads) 100%|█████████████████████████████▉|  ETA: 0:01:00
Sampling (4 threads) 100%|██████████████████████████████| Time: 3:19:45
Sampling (4 threads) 100%|██████████████████████████████| Time: 3:19:46
Sampling (4 threads)   0%|                              |  ETA: N/A
┌ Info: Found initial step size
└   ϵ = 0.003125
┌ Info: Found initial step size
└   ϵ = 0.0001953125
┌ Info: Found initial step size
└   ϵ = 0.003125
┌ Info: Found initial step size
└   ϵ = 0.00625
Sampling (4 threads)   0%|▏                             |  ETA: 2:48:48
Sampling (4 threads)   1%|▎                             |  ETA: 1:24:03
Sampling (4 threads)   2%|▌                             |  ETA: 0:55:45
Sampling (4 threads)   2%|▋                             |  ETA: 0:46:01
Sampling (4 threads)   2%|▊                             |  ETA: 0:36:38
Sampling (4 threads)   3%|▉                             |  ETA: 0:30:22
Sampling (4 threads)   4%|█                             |  ETA: 0:36:45
Sampling (4 threads)   4%|█▎                            |  ETA: 0:32:00
Sampling (4 threads)   4%|█▍                            |  ETA: 1:09:59
Sampling (4 threads)   5%|█▌                            |  ETA: 1:02:40
Sampling (4 threads)   6%|█▋                            |  ETA: 1:26:04
Sampling (4 threads)   6%|█▊                            |  ETA: 1:18:29
Sampling (4 threads)   6%|██                            |  ETA: 1:51:59
Sampling (4 threads)   7%|██▏                           |  ETA: 1:43:26
Sampling (4 threads)   8%|██▎                           |  ETA: 1:36:01
Sampling (4 threads)   8%|██▍                           |  ETA: 1:55:11
Sampling (4 threads)   8%|██▌                           |  ETA: 1:47:50
Sampling (4 threads)   9%|██▊                           |  ETA: 2:04:53
Sampling (4 threads)  10%|██▉                           |  ETA: 1:57:40
Sampling (4 threads)  10%|███                           |  ETA: 1:51:10
Sampling (4 threads)  10%|███▏                          |  ETA: 2:09:41
Sampling (4 threads)  11%|███▎                          |  ETA: 2:03:06
Sampling (4 threads)  12%|███▌                          |  ETA: 2:18:03
Sampling (4 threads)  12%|███▋                          |  ETA: 2:11:33
Sampling (4 threads)  12%|███▊                          |  ETA: 2:05:34
Sampling (4 threads)  13%|███▉                          |  ETA: 2:00:03
Sampling (4 threads)  14%|████                          |  ETA: 2:18:32
Sampling (4 threads)  14%|████▎                         |  ETA: 2:12:49
Sampling (4 threads)  14%|████▍                         |  ETA: 2:07:29
Sampling (4 threads)  15%|████▌                         |  ETA: 2:12:42
Sampling (4 threads)  16%|████▋                         |  ETA: 2:07:39
Sampling (4 threads)  16%|████▊                         |  ETA: 2:12:10
Sampling (4 threads)  16%|█████                         |  ETA: 2:07:24
Sampling (4 threads)  17%|█████▏                        |  ETA: 2:14:05
Sampling (4 threads)  18%|█████▎                        |  ETA: 2:09:28
Sampling (4 threads)  18%|█████▍                        |  ETA: 2:05:06
Sampling (4 threads)  18%|█████▌                        |  ETA: 2:13:10
Sampling (4 threads)  19%|█████▊                        |  ETA: 2:08:52
Sampling (4 threads)  20%|█████▉                        |  ETA: 2:04:47
Sampling (4 threads)  20%|██████                        |  ETA: 2:08:52
Sampling (4 threads)  20%|██████▏                       |  ETA: 2:04:56
Sampling (4 threads)  21%|██████▎                       |  ETA: 2:08:48
Sampling (4 threads)  22%|██████▌                       |  ETA: 2:05:00
Sampling (4 threads)  22%|██████▋                       |  ETA: 2:08:49
Sampling (4 threads)  22%|██████▊                       |  ETA: 2:05:09
Sampling (4 threads)  23%|██████▉                       |  ETA: 2:01:39
Sampling (4 threads)  24%|███████                       |  ETA: 2:09:28
Sampling (4 threads)  24%|███████▎                      |  ETA: 2:05:57
Sampling (4 threads)  24%|███████▍                      |  ETA: 2:02:34
Sampling (4 threads)  25%|███████▌                      |  ETA: 2:08:27
Sampling (4 threads)  26%|███████▋                      |  ETA: 2:05:06
Sampling (4 threads)  26%|███████▊                      |  ETA: 2:01:52
Sampling (4 threads)  26%|████████                      |  ETA: 2:06:19
Sampling (4 threads)  27%|████████▏                     |  ETA: 2:03:09
Sampling (4 threads)  28%|████████▎                     |  ETA: 2:00:05
Sampling (4 threads)  28%|████████▍                     |  ETA: 2:01:52
Sampling (4 threads)  28%|████████▌                     |  ETA: 1:58:54
Sampling (4 threads)  29%|████████▊                     |  ETA: 1:59:15
Sampling (4 threads)  30%|████████▉                     |  ETA: 1:56:24
Sampling (4 threads)  30%|█████████                     |  ETA: 1:59:13
Sampling (4 threads)  30%|█████████▏                    |  ETA: 1:56:25
Sampling (4 threads)  31%|█████████▎                    |  ETA: 1:53:43
Sampling (4 threads)  32%|█████████▌                    |  ETA: 1:55:46
Sampling (4 threads)  32%|█████████▋                    |  ETA: 1:53:08
Sampling (4 threads)  32%|█████████▊                    |  ETA: 1:50:34
Sampling (4 threads)  33%|█████████▉                    |  ETA: 1:52:44
Sampling (4 threads)  34%|██████████                    |  ETA: 1:50:14
Sampling (4 threads)  34%|██████████▎                   |  ETA: 1:53:53
Sampling (4 threads)  34%|██████████▍                   |  ETA: 1:51:23
Sampling (4 threads)  35%|██████████▌                   |  ETA: 1:48:57
Sampling (4 threads)  36%|██████████▋                   |  ETA: 1:53:27
Sampling (4 threads)  36%|██████████▊                   |  ETA: 1:51:01
Sampling (4 threads)  36%|███████████                   |  ETA: 1:48:38
Sampling (4 threads)  37%|███████████▏                  |  ETA: 1:51:48
Sampling (4 threads)  38%|███████████▎                  |  ETA: 1:49:26
Sampling (4 threads)  38%|███████████▍                  |  ETA: 1:50:17
Sampling (4 threads)  38%|███████████▌                  |  ETA: 1:47:58
Sampling (4 threads)  39%|███████████▊                  |  ETA: 1:45:43
Sampling (4 threads)  40%|███████████▉                  |  ETA: 1:47:28
Sampling (4 threads)  40%|████████████                  |  ETA: 1:45:15
Sampling (4 threads)  40%|████████████▏                 |  ETA: 1:45:10
Sampling (4 threads)  41%|████████████▎                 |  ETA: 1:43:00
Sampling (4 threads)  42%|████████████▌                 |  ETA: 1:43:42
Sampling (4 threads)  42%|████████████▋                 |  ETA: 1:41:36
Sampling (4 threads)  42%|████████████▊                 |  ETA: 1:42:01
Sampling (4 threads)  43%|████████████▉                 |  ETA: 1:39:57
Sampling (4 threads)  44%|█████████████                 |  ETA: 1:40:22
Sampling (4 threads)  44%|█████████████▎                |  ETA: 1:38:21
Sampling (4 threads)  44%|█████████████▍                |  ETA: 1:40:57
Sampling (4 threads)  45%|█████████████▌                |  ETA: 1:38:56
Sampling (4 threads)  46%|█████████████▋                |  ETA: 1:39:10
Sampling (4 threads)  46%|█████████████▊                |  ETA: 1:37:12
Sampling (4 threads)  46%|██████████████                |  ETA: 1:37:19
Sampling (4 threads)  47%|██████████████▏               |  ETA: 1:35:23
Sampling (4 threads)  48%|██████████████▎               |  ETA: 1:36:34
Sampling (4 threads)  48%|██████████████▍               |  ETA: 1:34:39
Sampling (4 threads)  48%|██████████████▌               |  ETA: 1:34:24
Sampling (4 threads)  49%|██████████████▊               |  ETA: 1:32:32
Sampling (4 threads)  50%|██████████████▉               |  ETA: 1:34:13
Sampling (4 threads)  50%|███████████████               |  ETA: 1:32:21
Sampling (4 threads)  50%|███████████████▏              |  ETA: 1:30:31
Sampling (4 threads)  51%|███████████████▎              |  ETA: 1:28:44
Sampling (4 threads)  52%|███████████████▌              |  ETA: 1:29:51
Sampling (4 threads)  52%|███████████████▋              |  ETA: 1:28:05
Sampling (4 threads)  52%|███████████████▊              |  ETA: 1:27:58
Sampling (4 threads)  53%|███████████████▉              |  ETA: 1:26:13
Sampling (4 threads)  54%|████████████████              |  ETA: 1:26:59
Sampling (4 threads)  54%|████████████████▎             |  ETA: 1:25:15
Sampling (4 threads)  55%|████████████████▍             |  ETA: 1:23:33
Sampling (4 threads)  55%|████████████████▌             |  ETA: 1:21:53
Sampling (4 threads)  56%|████████████████▋             |  ETA: 1:23:09
Sampling (4 threads)  56%|████████████████▊             |  ETA: 1:21:29
Sampling (4 threads)  56%|█████████████████             |  ETA: 1:19:51
Sampling (4 threads)  57%|█████████████████▏            |  ETA: 1:21:22
Sampling (4 threads)  57%|█████████████████▎            |  ETA: 1:19:43
Sampling (4 threads)  58%|█████████████████▍            |  ETA: 1:18:06
Sampling (4 threads)  58%|█████████████████▌            |  ETA: 1:16:31
Sampling (4 threads)  59%|█████████████████▊            |  ETA: 1:17:29
Sampling (4 threads)  60%|█████████████████▉            |  ETA: 1:15:54
Sampling (4 threads)  60%|██████████████████            |  ETA: 1:14:20
Sampling (4 threads)  60%|██████████████████▏           |  ETA: 1:14:37
Sampling (4 threads)  61%|██████████████████▎           |  ETA: 1:13:04
Sampling (4 threads)  62%|██████████████████▌           |  ETA: 1:11:33
Sampling (4 threads)  62%|██████████████████▋           |  ETA: 1:11:58
Sampling (4 threads)  62%|██████████████████▊           |  ETA: 1:10:27
Sampling (4 threads)  63%|██████████████████▉           |  ETA: 1:10:26
Sampling (4 threads)  64%|███████████████████           |  ETA: 1:08:56
Sampling (4 threads)  64%|███████████████████▎          |  ETA: 1:08:48
Sampling (4 threads)  64%|███████████████████▍          |  ETA: 1:07:19
Sampling (4 threads)  65%|███████████████████▌          |  ETA: 1:05:52
Sampling (4 threads)  66%|███████████████████▋          |  ETA: 1:04:25
Sampling (4 threads)  66%|███████████████████▊          |  ETA: 1:04:34
Sampling (4 threads)  66%|████████████████████          |  ETA: 1:03:08
Sampling (4 threads)  67%|████████████████████▏         |  ETA: 1:03:01
Sampling (4 threads)  68%|████████████████████▎         |  ETA: 1:01:37
Sampling (4 threads)  68%|████████████████████▍         |  ETA: 1:00:13
Sampling (4 threads)  68%|████████████████████▌         |  ETA: 0:58:51
Sampling (4 threads)  69%|████████████████████▊         |  ETA: 0:58:54
Sampling (4 threads)  70%|████████████████████▉         |  ETA: 0:57:32
Sampling (4 threads)  70%|█████████████████████         |  ETA: 0:56:59
Sampling (4 threads)  70%|█████████████████████▏        |  ETA: 0:55:38
Sampling (4 threads)  71%|█████████████████████▎        |  ETA: 0:55:04
Sampling (4 threads)  72%|█████████████████████▌        |  ETA: 0:53:45
Sampling (4 threads)  72%|█████████████████████▋        |  ETA: 0:53:10
Sampling (4 threads)  72%|█████████████████████▊        |  ETA: 0:51:51
Sampling (4 threads)  73%|█████████████████████▉        |  ETA: 0:51:16
Sampling (4 threads)  74%|██████████████████████        |  ETA: 0:49:58
Sampling (4 threads)  74%|██████████████████████▎       |  ETA: 0:49:32
Sampling (4 threads)  74%|██████████████████████▍       |  ETA: 0:48:15
Sampling (4 threads)  75%|██████████████████████▌       |  ETA: 0:47:56
Sampling (4 threads)  76%|██████████████████████▋       |  ETA: 0:46:40
Sampling (4 threads)  76%|██████████████████████▊       |  ETA: 0:45:24
Sampling (4 threads)  76%|███████████████████████       |  ETA: 0:44:45
Sampling (4 threads)  77%|███████████████████████▏      |  ETA: 0:43:31
Sampling (4 threads)  78%|███████████████████████▎      |  ETA: 0:43:10
Sampling (4 threads)  78%|███████████████████████▍      |  ETA: 0:41:56
Sampling (4 threads)  78%|███████████████████████▌      |  ETA: 0:40:43
Sampling (4 threads)  79%|███████████████████████▊      |  ETA: 0:40:12
Sampling (4 threads)  80%|███████████████████████▉      |  ETA: 0:39:00
Sampling (4 threads)  80%|████████████████████████      |  ETA: 0:37:49
Sampling (4 threads)  80%|████████████████████████▏     |  ETA: 0:37:07
Sampling (4 threads)  81%|████████████████████████▎     |  ETA: 0:35:56
Sampling (4 threads)  82%|████████████████████████▌     |  ETA: 0:35:17
Sampling (4 threads)  82%|████████████████████████▋     |  ETA: 0:34:07
Sampling (4 threads)  82%|████████████████████████▊     |  ETA: 0:33:38
Sampling (4 threads)  83%|████████████████████████▉     |  ETA: 0:32:28
Sampling (4 threads)  84%|█████████████████████████     |  ETA: 0:31:20
Sampling (4 threads)  84%|█████████████████████████▎    |  ETA: 0:30:52
Sampling (4 threads)  84%|█████████████████████████▍    |  ETA: 0:29:43
Sampling (4 threads)  85%|█████████████████████████▌    |  ETA: 0:28:36
Sampling (4 threads)  86%|█████████████████████████▋    |  ETA: 0:27:56
Sampling (4 threads)  86%|█████████████████████████▊    |  ETA: 0:26:49
Sampling (4 threads)  86%|██████████████████████████    |  ETA: 0:25:42
Sampling (4 threads)  87%|██████████████████████████▏   |  ETA: 0:25:03
Sampling (4 threads)  88%|██████████████████████████▎   |  ETA: 0:23:56
Sampling (4 threads)  88%|██████████████████████████▍   |  ETA: 0:22:51
Sampling (4 threads)  88%|██████████████████████████▌   |  ETA: 0:22:16
Sampling (4 threads)  89%|██████████████████████████▊   |  ETA: 0:21:10
Sampling (4 threads)  90%|██████████████████████████▉   |  ETA: 0:20:28
Sampling (4 threads)  90%|███████████████████████████   |  ETA: 0:19:23
Sampling (4 threads)  90%|███████████████████████████▏  |  ETA: 0:18:19
Sampling (4 threads)  91%|███████████████████████████▎  |  ETA: 0:17:35
Sampling (4 threads)  92%|███████████████████████████▌  |  ETA: 0:16:31
Sampling (4 threads)  92%|███████████████████████████▋  |  ETA: 0:15:28
Sampling (4 threads)  92%|███████████████████████████▊  |  ETA: 0:14:25
Sampling (4 threads)  93%|███████████████████████████▉  |  ETA: 0:13:37
Sampling (4 threads)  94%|████████████████████████████  |  ETA: 0:12:35
Sampling (4 threads)  94%|████████████████████████████▎ |  ETA: 0:11:40
Sampling (4 threads)  94%|████████████████████████████▍ |  ETA: 0:10:38
Sampling (4 threads)  95%|████████████████████████████▌ |  ETA: 0:09:37
Sampling (4 threads)  96%|████████████████████████████▋ |  ETA: 0:08:46
Sampling (4 threads)  96%|████████████████████████████▊ |  ETA: 0:07:45
Sampling (4 threads)  96%|█████████████████████████████ |  ETA: 0:06:45
Sampling (4 threads)  97%|█████████████████████████████▏|  ETA: 0:05:46
Sampling (4 threads)  98%|█████████████████████████████▎|  ETA: 0:04:49
Sampling (4 threads)  98%|█████████████████████████████▍|  ETA: 0:03:52
Sampling (4 threads)  98%|█████████████████████████████▌|  ETA: 0:02:55
Sampling (4 threads)  99%|█████████████████████████████▊|  ETA: 0:01:58
Sampling (4 threads) 100%|█████████████████████████████▉|  ETA: 0:01:00
Sampling (4 threads) 100%|██████████████████████████████| Time: 3:19:24
Sampling (4 threads) 100%|██████████████████████████████| Time: 3:19:25
Sampling (4 threads)   0%|                              |  ETA: N/A
┌ Info: Found initial step size
└   ϵ = 0.00078125
┌ Info: Found initial step size
└   ϵ = 0.00078125
┌ Info: Found initial step size
└   ϵ = 0.00078125
┌ Info: Found initial step size
└   ϵ = 0.003125
Sampling (4 threads)   0%|▏                             |  ETA: 2:59:02
Sampling (4 threads)   1%|▎                             |  ETA: 1:29:09
Sampling (4 threads)   2%|▌                             |  ETA: 0:59:08
Sampling (4 threads)   2%|▋                             |  ETA: 0:46:39
Sampling (4 threads)   2%|▊                             |  ETA: 0:37:08
Sampling (4 threads)   3%|▉                             |  ETA: 1:03:08
Sampling (4 threads)   4%|█                             |  ETA: 0:53:51
Sampling (4 threads)   4%|█▎                            |  ETA: 2:00:17
Sampling (4 threads)   4%|█▍                            |  ETA: 1:46:22
Sampling (4 threads)   5%|█▌                            |  ETA: 1:35:13
Sampling (4 threads)   6%|█▋                            |  ETA: 2:27:02
Sampling (4 threads)   6%|█▊                            |  ETA: 2:14:04
Sampling (4 threads)   6%|██                            |  ETA: 2:03:05
Sampling (4 threads)   7%|██▏                           |  ETA: 2:48:40
Sampling (4 threads)   8%|██▎                           |  ETA: 2:36:34
Sampling (4 threads)   8%|██▍                           |  ETA: 2:45:38
Sampling (4 threads)   8%|██▌                           |  ETA: 2:35:03
Sampling (4 threads)   9%|██▊                           |  ETA: 2:57:15
Sampling (4 threads)  10%|██▉                           |  ETA: 2:47:00
Sampling (4 threads)  10%|███                           |  ETA: 2:57:00
Sampling (4 threads)  10%|███▏                          |  ETA: 2:47:38
Sampling (4 threads)  11%|███▎                          |  ETA: 2:57:36
Sampling (4 threads)  12%|███▌                          |  ETA: 2:48:55
Sampling (4 threads)  12%|███▋                          |  ETA: 3:05:53
Sampling (4 threads)  12%|███▊                          |  ETA: 2:57:26
Sampling (4 threads)  13%|███▉                          |  ETA: 2:49:38
Sampling (4 threads)  14%|████                          |  ETA: 3:13:49
Sampling (4 threads)  14%|████▎                         |  ETA: 3:05:49
Sampling (4 threads)  14%|████▍                         |  ETA: 2:58:22
Sampling (4 threads)  15%|████▌                         |  ETA: 2:51:25
Sampling (4 threads)  16%|████▋                         |  ETA: 3:08:21
Sampling (4 threads)  16%|████▊                         |  ETA: 3:01:23
Sampling (4 threads)  16%|█████                         |  ETA: 2:54:50
Sampling (4 threads)  17%|█████▏                        |  ETA: 3:11:45
Sampling (4 threads)  18%|█████▎                        |  ETA: 3:05:09
Sampling (4 threads)  18%|█████▍                        |  ETA: 2:58:55
Sampling (4 threads)  18%|█████▌                        |  ETA: 2:53:01
Sampling (4 threads)  19%|█████▊                        |  ETA: 3:02:38
Sampling (4 threads)  20%|█████▉                        |  ETA: 2:56:51
Sampling (4 threads)  20%|██████                        |  ETA: 3:00:42
Sampling (4 threads)  20%|██████▏                       |  ETA: 2:55:12
Sampling (4 threads)  21%|██████▎                       |  ETA: 2:59:56
Sampling (4 threads)  22%|██████▌                       |  ETA: 2:54:38
Sampling (4 threads)  22%|██████▋                       |  ETA: 2:55:14
Sampling (4 threads)  22%|██████▊                       |  ETA: 2:50:15
Sampling (4 threads)  23%|██████▉                       |  ETA: 2:45:28
Sampling (4 threads)  24%|███████                       |  ETA: 2:53:05
Sampling (4 threads)  24%|███████▎                      |  ETA: 2:48:22
Sampling (4 threads)  24%|███████▍                      |  ETA: 2:43:51
Sampling (4 threads)  25%|███████▌                      |  ETA: 2:49:02
Sampling (4 threads)  26%|███████▋                      |  ETA: 2:44:37
Sampling (4 threads)  26%|███████▊                      |  ETA: 2:40:22
Sampling (4 threads)  26%|████████                      |  ETA: 2:41:41
Sampling (4 threads)  27%|████████▏                     |  ETA: 2:37:37
Sampling (4 threads)  28%|████████▎                     |  ETA: 2:39:36
Sampling (4 threads)  28%|████████▍                     |  ETA: 2:35:40
Sampling (4 threads)  28%|████████▌                     |  ETA: 2:39:51
Sampling (4 threads)  29%|████████▊                     |  ETA: 2:36:00
Sampling (4 threads)  30%|████████▉                     |  ETA: 2:32:17
Sampling (4 threads)  30%|█████████                     |  ETA: 2:33:48
Sampling (4 threads)  30%|█████████▏                    |  ETA: 2:30:12
Sampling (4 threads)  31%|█████████▎                    |  ETA: 2:34:47
Sampling (4 threads)  32%|█████████▌                    |  ETA: 2:31:14
Sampling (4 threads)  32%|█████████▋                    |  ETA: 2:27:47
Sampling (4 threads)  32%|█████████▊                    |  ETA: 2:24:26
Sampling (4 threads)  33%|█████████▉                    |  ETA: 2:30:53
Sampling (4 threads)  34%|██████████                    |  ETA: 2:27:31
Sampling (4 threads)  34%|██████████▎                   |  ETA: 2:24:15
Sampling (4 threads)  34%|██████████▍                   |  ETA: 2:26:55
Sampling (4 threads)  35%|██████████▌                   |  ETA: 2:23:43
Sampling (4 threads)  36%|██████████▋                   |  ETA: 2:25:05
Sampling (4 threads)  36%|██████████▊                   |  ETA: 2:21:57
Sampling (4 threads)  36%|███████████                   |  ETA: 2:18:55
Sampling (4 threads)  37%|███████████▏                  |  ETA: 2:21:36
Sampling (4 threads)  38%|███████████▎                  |  ETA: 2:18:36
Sampling (4 threads)  38%|███████████▍                  |  ETA: 2:15:41
Sampling (4 threads)  38%|███████████▌                  |  ETA: 2:18:46
Sampling (4 threads)  39%|███████████▊                  |  ETA: 2:15:53
Sampling (4 threads)  40%|███████████▉                  |  ETA: 2:13:03
Sampling (4 threads)  40%|████████████                  |  ETA: 2:16:12
Sampling (4 threads)  40%|████████████▏                 |  ETA: 2:13:24
Sampling (4 threads)  41%|████████████▎                 |  ETA: 2:10:40
Sampling (4 threads)  42%|████████████▌                 |  ETA: 2:08:00
Sampling (4 threads)  42%|████████████▋                 |  ETA: 2:10:33
Sampling (4 threads)  42%|████████████▊                 |  ETA: 2:07:54
Sampling (4 threads)  43%|████████████▉                 |  ETA: 2:08:03
Sampling (4 threads)  44%|█████████████                 |  ETA: 2:05:29
Sampling (4 threads)  44%|█████████████▎                |  ETA: 2:02:57
Sampling (4 threads)  44%|█████████████▍                |  ETA: 2:05:12
Sampling (4 threads)  45%|█████████████▌                |  ETA: 2:02:42
Sampling (4 threads)  46%|█████████████▋                |  ETA: 2:00:15
Sampling (4 threads)  46%|█████████████▊                |  ETA: 2:00:22
Sampling (4 threads)  46%|██████████████                |  ETA: 1:57:58
Sampling (4 threads)  47%|██████████████▏               |  ETA: 1:59:09
Sampling (4 threads)  48%|██████████████▎               |  ETA: 1:56:47
Sampling (4 threads)  48%|██████████████▍               |  ETA: 1:54:28
Sampling (4 threads)  48%|██████████████▌               |  ETA: 1:52:12
Sampling (4 threads)  49%|██████████████▊               |  ETA: 1:54:12
Sampling (4 threads)  50%|██████████████▉               |  ETA: 1:51:56
Sampling (4 threads)  50%|███████████████               |  ETA: 1:49:43
Sampling (4 threads)  50%|███████████████▏              |  ETA: 1:50:51
Sampling (4 threads)  51%|███████████████▎              |  ETA: 1:48:39
Sampling (4 threads)  52%|███████████████▌              |  ETA: 1:46:30
Sampling (4 threads)  52%|███████████████▋              |  ETA: 1:46:26
Sampling (4 threads)  52%|███████████████▊              |  ETA: 1:44:19
Sampling (4 threads)  53%|███████████████▉              |  ETA: 1:44:14
Sampling (4 threads)  54%|████████████████              |  ETA: 1:42:10
Sampling (4 threads)  54%|████████████████▎             |  ETA: 1:42:59
Sampling (4 threads)  55%|████████████████▍             |  ETA: 1:40:56
Sampling (4 threads)  55%|████████████████▌             |  ETA: 1:38:55
Sampling (4 threads)  56%|████████████████▋             |  ETA: 1:36:56
Sampling (4 threads)  56%|████████████████▊             |  ETA: 1:36:44
Sampling (4 threads)  56%|█████████████████             |  ETA: 1:34:47
Sampling (4 threads)  57%|█████████████████▏            |  ETA: 1:34:31
Sampling (4 threads)  57%|█████████████████▎            |  ETA: 1:32:36
Sampling (4 threads)  58%|█████████████████▍            |  ETA: 1:32:22
Sampling (4 threads)  58%|█████████████████▌            |  ETA: 1:30:29
Sampling (4 threads)  59%|█████████████████▊            |  ETA: 1:30:12
Sampling (4 threads)  60%|█████████████████▉            |  ETA: 1:28:21
Sampling (4 threads)  60%|██████████████████            |  ETA: 1:28:03
Sampling (4 threads)  60%|██████████████████▏           |  ETA: 1:26:14
Sampling (4 threads)  61%|██████████████████▎           |  ETA: 1:25:54
Sampling (4 threads)  62%|██████████████████▌           |  ETA: 1:24:06
Sampling (4 threads)  62%|██████████████████▋           |  ETA: 1:23:22
Sampling (4 threads)  62%|██████████████████▊           |  ETA: 1:21:37
Sampling (4 threads)  63%|██████████████████▉           |  ETA: 1:21:11
Sampling (4 threads)  64%|███████████████████           |  ETA: 1:19:27
Sampling (4 threads)  64%|███████████████████▎          |  ETA: 1:19:00
Sampling (4 threads)  64%|███████████████████▍          |  ETA: 1:17:18
Sampling (4 threads)  65%|███████████████████▌          |  ETA: 1:16:40
Sampling (4 threads)  66%|███████████████████▋          |  ETA: 1:15:00
Sampling (4 threads)  66%|███████████████████▊          |  ETA: 1:15:06
Sampling (4 threads)  66%|████████████████████          |  ETA: 1:13:26
Sampling (4 threads)  67%|████████████████████▏         |  ETA: 1:11:48
Sampling (4 threads)  68%|████████████████████▎         |  ETA: 1:12:05
Sampling (4 threads)  68%|████████████████████▍         |  ETA: 1:10:27
Sampling (4 threads)  68%|████████████████████▌         |  ETA: 1:08:51
Sampling (4 threads)  69%|████████████████████▊         |  ETA: 1:08:14
Sampling (4 threads)  70%|████████████████████▉         |  ETA: 1:06:39
Sampling (4 threads)  70%|█████████████████████         |  ETA: 1:06:00
Sampling (4 threads)  70%|█████████████████████▏        |  ETA: 1:04:27
Sampling (4 threads)  71%|█████████████████████▎        |  ETA: 1:04:05
Sampling (4 threads)  72%|█████████████████████▌        |  ETA: 1:02:33
Sampling (4 threads)  72%|█████████████████████▋        |  ETA: 1:01:01
Sampling (4 threads)  72%|█████████████████████▊        |  ETA: 1:00:19
Sampling (4 threads)  73%|█████████████████████▉        |  ETA: 0:58:49
Sampling (4 threads)  74%|██████████████████████        |  ETA: 0:57:20
Sampling (4 threads)  74%|██████████████████████▎       |  ETA: 0:56:44
Sampling (4 threads)  74%|██████████████████████▍       |  ETA: 0:55:16
Sampling (4 threads)  75%|██████████████████████▌       |  ETA: 0:54:51
Sampling (4 threads)  76%|██████████████████████▋       |  ETA: 0:53:24
Sampling (4 threads)  76%|██████████████████████▊       |  ETA: 0:53:06
Sampling (4 threads)  76%|███████████████████████       |  ETA: 0:51:40
Sampling (4 threads)  77%|███████████████████████▏      |  ETA: 0:50:14
Sampling (4 threads)  78%|███████████████████████▎      |  ETA: 0:48:49
Sampling (4 threads)  78%|███████████████████████▍      |  ETA: 0:48:18
Sampling (4 threads)  78%|███████████████████████▌      |  ETA: 0:46:54
Sampling (4 threads)  79%|███████████████████████▊      |  ETA: 0:46:05
Sampling (4 threads)  80%|███████████████████████▉      |  ETA: 0:44:42
Sampling (4 threads)  80%|████████████████████████      |  ETA: 0:43:53
Sampling (4 threads)  80%|████████████████████████▏     |  ETA: 0:42:31
Sampling (4 threads)  81%|████████████████████████▎     |  ETA: 0:41:33
Sampling (4 threads)  82%|████████████████████████▌     |  ETA: 0:40:13
Sampling (4 threads)  82%|████████████████████████▋     |  ETA: 0:39:21
Sampling (4 threads)  82%|████████████████████████▊     |  ETA: 0:38:01
Sampling (4 threads)  83%|████████████████████████▉     |  ETA: 0:37:09
Sampling (4 threads)  84%|█████████████████████████     |  ETA: 0:35:51
Sampling (4 threads)  84%|█████████████████████████▎    |  ETA: 0:34:58
Sampling (4 threads)  84%|█████████████████████████▍    |  ETA: 0:33:40
Sampling (4 threads)  85%|█████████████████████████▌    |  ETA: 0:32:41
Sampling (4 threads)  86%|█████████████████████████▋    |  ETA: 0:31:24
Sampling (4 threads)  86%|█████████████████████████▊    |  ETA: 0:30:29
Sampling (4 threads)  86%|██████████████████████████    |  ETA: 0:29:14
Sampling (4 threads)  87%|██████████████████████████▏   |  ETA: 0:28:18
Sampling (4 threads)  88%|██████████████████████████▎   |  ETA: 0:27:03
Sampling (4 threads)  88%|██████████████████████████▍   |  ETA: 0:26:07
Sampling (4 threads)  88%|██████████████████████████▌   |  ETA: 0:24:53
Sampling (4 threads)  89%|██████████████████████████▊   |  ETA: 0:24:04
Sampling (4 threads)  90%|██████████████████████████▉   |  ETA: 0:22:50
Sampling (4 threads)  90%|███████████████████████████   |  ETA: 0:21:38
Sampling (4 threads)  90%|███████████████████████████▏  |  ETA: 0:20:26
Sampling (4 threads)  91%|███████████████████████████▎  |  ETA: 0:19:27
Sampling (4 threads)  92%|███████████████████████████▌  |  ETA: 0:18:17
Sampling (4 threads)  92%|███████████████████████████▋  |  ETA: 0:17:17
Sampling (4 threads)  92%|███████████████████████████▊  |  ETA: 0:16:07
Sampling (4 threads)  93%|███████████████████████████▉  |  ETA: 0:15:12
Sampling (4 threads)  94%|████████████████████████████  |  ETA: 0:14:03
Sampling (4 threads)  94%|████████████████████████████▎ |  ETA: 0:13:00
Sampling (4 threads)  94%|████████████████████████████▍ |  ETA: 0:11:51
Sampling (4 threads)  95%|████████████████████████████▌ |  ETA: 0:10:43
Sampling (4 threads)  96%|████████████████████████████▋ |  ETA: 0:09:44
Sampling (4 threads)  96%|████████████████████████████▊ |  ETA: 0:08:37
Sampling (4 threads)  96%|█████████████████████████████ |  ETA: 0:07:30
Sampling (4 threads)  97%|█████████████████████████████▏|  ETA: 0:06:25
Sampling (4 threads)  98%|█████████████████████████████▎|  ETA: 0:05:21
Sampling (4 threads)  98%|█████████████████████████████▍|  ETA: 0:04:17
Sampling (4 threads)  98%|█████████████████████████████▌|  ETA: 0:03:12
Sampling (4 threads)  99%|█████████████████████████████▊|  ETA: 0:02:08
Sampling (4 threads) 100%|█████████████████████████████▉|  ETA: 0:01:04
Sampling (4 threads) 100%|██████████████████████████████| Time: 3:35:41
Sampling (4 threads) 100%|██████████████████████████████| Time: 3:35:41
GKS: cannot open display - headless operation mode active
Sampling (4 threads)   0%|                              |  ETA: N/A
┌ Info: Found initial step size
└   ϵ = 0.000390625
┌ Info: Found initial step size
└   ϵ = 0.003125
┌ Info: Found initial step size
└   ϵ = 0.003125
┌ Info: Found initial step size
└   ϵ = 0.0015625
Sampling (4 threads)   0%|▏                             |  ETA: 2:44:56
Sampling (4 threads)   1%|▎                             |  ETA: 1:22:08
Sampling (4 threads)   2%|▌                             |  ETA: 0:54:29
Sampling (4 threads)   2%|▋                             |  ETA: 0:49:11
Sampling (4 threads)   2%|▊                             |  ETA: 0:39:09
Sampling (4 threads)   3%|▉                             |  ETA: 0:32:27
Sampling (4 threads)   4%|█                             |  ETA: 1:24:24
Sampling (4 threads)   4%|█▎                            |  ETA: 1:13:28
Sampling (4 threads)   4%|█▍                            |  ETA: 1:04:58
Sampling (4 threads)   5%|█▌                            |  ETA: 1:53:59
Sampling (4 threads)   6%|█▋                            |  ETA: 1:43:05
Sampling (4 threads)   6%|█▊                            |  ETA: 1:33:59
Sampling (4 threads)   6%|██                            |  ETA: 2:01:30
Sampling (4 threads)   7%|██▏                           |  ETA: 1:52:13
Sampling (4 threads)   8%|██▎                           |  ETA: 1:44:10
Sampling (4 threads)   8%|██▍                           |  ETA: 2:00:17
Sampling (4 threads)   8%|██▌                           |  ETA: 1:52:35
Sampling (4 threads)   9%|██▊                           |  ETA: 2:24:39
Sampling (4 threads)  10%|██▉                           |  ETA: 2:16:17
Sampling (4 threads)  10%|███                           |  ETA: 2:08:46
Sampling (4 threads)  10%|███▏                          |  ETA: 2:30:52
Sampling (4 threads)  11%|███▎                          |  ETA: 2:23:13
Sampling (4 threads)  12%|███▌                          |  ETA: 2:16:13
Sampling (4 threads)  12%|███▋                          |  ETA: 2:30:19
Sampling (4 threads)  12%|███▊                          |  ETA: 2:23:29
Sampling (4 threads)  13%|███▉                          |  ETA: 2:17:10
Sampling (4 threads)  14%|████                          |  ETA: 2:25:32
Sampling (4 threads)  14%|████▎                         |  ETA: 2:19:32
Sampling (4 threads)  14%|████▍                         |  ETA: 2:25:51
Sampling (4 threads)  15%|████▌                         |  ETA: 2:20:10
Sampling (4 threads)  16%|████▋                         |  ETA: 2:14:51
Sampling (4 threads)  16%|████▊                         |  ETA: 2:25:04
Sampling (4 threads)  16%|█████                         |  ETA: 2:19:50
Sampling (4 threads)  17%|█████▏                        |  ETA: 2:14:54
Sampling (4 threads)  18%|█████▎                        |  ETA: 2:25:58
Sampling (4 threads)  18%|█████▍                        |  ETA: 2:21:03
Sampling (4 threads)  18%|█████▌                        |  ETA: 2:16:24
Sampling (4 threads)  19%|█████▊                        |  ETA: 2:17:20
Sampling (4 threads)  20%|█████▉                        |  ETA: 2:12:59
Sampling (4 threads)  20%|██████                        |  ETA: 2:16:40
Sampling (4 threads)  20%|██████▏                       |  ETA: 2:12:30
Sampling (4 threads)  21%|██████▎                       |  ETA: 2:08:32
Sampling (4 threads)  22%|██████▌                       |  ETA: 2:12:49
Sampling (4 threads)  22%|██████▋                       |  ETA: 2:08:59
Sampling (4 threads)  22%|██████▊                       |  ETA: 2:10:21
Sampling (4 threads)  23%|██████▉                       |  ETA: 2:06:42
Sampling (4 threads)  24%|███████                       |  ETA: 2:07:34
Sampling (4 threads)  24%|███████▎                      |  ETA: 2:04:05
Sampling (4 threads)  24%|███████▍                      |  ETA: 2:04:31
Sampling (4 threads)  25%|███████▌                      |  ETA: 2:01:13
Sampling (4 threads)  26%|███████▋                      |  ETA: 2:07:59
Sampling (4 threads)  26%|███████▊                      |  ETA: 2:04:41
Sampling (4 threads)  26%|████████                      |  ETA: 2:01:30
Sampling (4 threads)  27%|████████▏                     |  ETA: 2:04:20
Sampling (4 threads)  28%|████████▎                     |  ETA: 2:01:14
Sampling (4 threads)  28%|████████▍                     |  ETA: 2:01:27
Sampling (4 threads)  28%|████████▌                     |  ETA: 1:58:29
Sampling (4 threads)  29%|████████▊                     |  ETA: 1:59:36
Sampling (4 threads)  30%|████████▉                     |  ETA: 1:56:45
Sampling (4 threads)  30%|█████████                     |  ETA: 1:59:28
Sampling (4 threads)  30%|█████████▏                    |  ETA: 1:56:40
Sampling (4 threads)  31%|█████████▎                    |  ETA: 1:53:58
Sampling (4 threads)  32%|█████████▌                    |  ETA: 1:51:21
Sampling (4 threads)  32%|█████████▋                    |  ETA: 1:55:21
Sampling (4 threads)  32%|█████████▊                    |  ETA: 1:52:44
Sampling (4 threads)  33%|█████████▉                    |  ETA: 1:50:12
Sampling (4 threads)  34%|██████████                    |  ETA: 1:51:02
Sampling (4 threads)  34%|██████████▎                   |  ETA: 1:48:34
Sampling (4 threads)  34%|██████████▍                   |  ETA: 1:49:20
Sampling (4 threads)  35%|██████████▌                   |  ETA: 1:46:57
Sampling (4 threads)  36%|██████████▋                   |  ETA: 1:48:31
Sampling (4 threads)  36%|██████████▊                   |  ETA: 1:46:11
Sampling (4 threads)  36%|███████████                   |  ETA: 1:48:16
Sampling (4 threads)  37%|███████████▏                  |  ETA: 1:45:57
Sampling (4 threads)  38%|███████████▎                  |  ETA: 1:46:50
Sampling (4 threads)  38%|███████████▍                  |  ETA: 1:44:35
Sampling (4 threads)  38%|███████████▌                  |  ETA: 1:47:11
Sampling (4 threads)  39%|███████████▊                  |  ETA: 1:44:57
Sampling (4 threads)  40%|███████████▉                  |  ETA: 1:42:46
Sampling (4 threads)  40%|████████████                  |  ETA: 1:40:39
Sampling (4 threads)  40%|████████████▏                 |  ETA: 1:42:43
Sampling (4 threads)  41%|████████████▎                 |  ETA: 1:40:37
Sampling (4 threads)  42%|████████████▌                 |  ETA: 1:40:53
Sampling (4 threads)  42%|████████████▋                 |  ETA: 1:38:50
Sampling (4 threads)  42%|████████████▊                 |  ETA: 1:38:45
Sampling (4 threads)  43%|████████████▉                 |  ETA: 1:36:45
Sampling (4 threads)  44%|█████████████                 |  ETA: 1:38:02
Sampling (4 threads)  44%|█████████████▎                |  ETA: 1:36:04
Sampling (4 threads)  44%|█████████████▍                |  ETA: 1:37:36
Sampling (4 threads)  45%|█████████████▌                |  ETA: 1:35:39
Sampling (4 threads)  46%|█████████████▋                |  ETA: 1:33:44
Sampling (4 threads)  46%|█████████████▊                |  ETA: 1:34:45
Sampling (4 threads)  46%|██████████████                |  ETA: 1:32:52
Sampling (4 threads)  47%|██████████████▏               |  ETA: 1:31:01
Sampling (4 threads)  48%|██████████████▎               |  ETA: 1:32:48
Sampling (4 threads)  48%|██████████████▍               |  ETA: 1:30:57
Sampling (4 threads)  48%|██████████████▌               |  ETA: 1:31:28
Sampling (4 threads)  49%|██████████████▊               |  ETA: 1:29:40
Sampling (4 threads)  50%|██████████████▉               |  ETA: 1:27:53
Sampling (4 threads)  50%|███████████████               |  ETA: 1:28:07
Sampling (4 threads)  50%|███████████████▏              |  ETA: 1:26:23
Sampling (4 threads)  51%|███████████████▎              |  ETA: 1:27:01
Sampling (4 threads)  52%|███████████████▌              |  ETA: 1:25:17
Sampling (4 threads)  52%|███████████████▋              |  ETA: 1:24:40
Sampling (4 threads)  52%|███████████████▊              |  ETA: 1:23:00
Sampling (4 threads)  53%|███████████████▉              |  ETA: 1:23:00
Sampling (4 threads)  54%|████████████████              |  ETA: 1:21:21
Sampling (4 threads)  54%|████████████████▎             |  ETA: 1:22:20
Sampling (4 threads)  55%|████████████████▍             |  ETA: 1:20:42
Sampling (4 threads)  55%|████████████████▌             |  ETA: 1:19:05
Sampling (4 threads)  56%|████████████████▋             |  ETA: 1:20:18
Sampling (4 threads)  56%|████████████████▊             |  ETA: 1:18:42
Sampling (4 threads)  56%|█████████████████             |  ETA: 1:18:22
Sampling (4 threads)  57%|█████████████████▏            |  ETA: 1:16:47
Sampling (4 threads)  57%|█████████████████▎            |  ETA: 1:15:14
Sampling (4 threads)  58%|█████████████████▍            |  ETA: 1:15:36
Sampling (4 threads)  58%|█████████████████▌            |  ETA: 1:14:03
Sampling (4 threads)  59%|█████████████████▊            |  ETA: 1:13:50
Sampling (4 threads)  60%|█████████████████▉            |  ETA: 1:12:19
Sampling (4 threads)  60%|██████████████████            |  ETA: 1:11:57
Sampling (4 threads)  60%|██████████████████▏           |  ETA: 1:10:28
Sampling (4 threads)  61%|██████████████████▎           |  ETA: 1:09:00
Sampling (4 threads)  62%|██████████████████▌           |  ETA: 1:09:48
Sampling (4 threads)  62%|██████████████████▋           |  ETA: 1:08:20
Sampling (4 threads)  62%|██████████████████▊           |  ETA: 1:06:54
Sampling (4 threads)  63%|██████████████████▉           |  ETA: 1:06:56
Sampling (4 threads)  64%|███████████████████           |  ETA: 1:05:31
Sampling (4 threads)  64%|███████████████████▎          |  ETA: 1:04:07
Sampling (4 threads)  64%|███████████████████▍          |  ETA: 1:04:35
Sampling (4 threads)  65%|███████████████████▌          |  ETA: 1:03:11
Sampling (4 threads)  66%|███████████████████▋          |  ETA: 1:01:48
Sampling (4 threads)  66%|███████████████████▊          |  ETA: 1:02:03
Sampling (4 threads)  66%|████████████████████          |  ETA: 1:00:41
Sampling (4 threads)  67%|████████████████████▏         |  ETA: 0:59:20
Sampling (4 threads)  68%|████████████████████▎         |  ETA: 0:59:36
Sampling (4 threads)  68%|████████████████████▍         |  ETA: 0:58:15
Sampling (4 threads)  68%|████████████████████▌         |  ETA: 0:56:55
Sampling (4 threads)  69%|████████████████████▊         |  ETA: 0:57:12
Sampling (4 threads)  70%|████████████████████▉         |  ETA: 0:55:52
Sampling (4 threads)  70%|█████████████████████         |  ETA: 0:54:34
Sampling (4 threads)  70%|█████████████████████▏        |  ETA: 0:54:23
Sampling (4 threads)  71%|█████████████████████▎        |  ETA: 0:53:05
Sampling (4 threads)  72%|█████████████████████▌        |  ETA: 0:52:41
Sampling (4 threads)  72%|█████████████████████▋        |  ETA: 0:51:24
Sampling (4 threads)  72%|█████████████████████▊        |  ETA: 0:50:08
Sampling (4 threads)  73%|█████████████████████▉        |  ETA: 0:49:57
Sampling (4 threads)  74%|██████████████████████        |  ETA: 0:48:42
Sampling (4 threads)  74%|██████████████████████▎       |  ETA: 0:48:03
Sampling (4 threads)  74%|██████████████████████▍       |  ETA: 0:46:49
Sampling (4 threads)  75%|██████████████████████▌       |  ETA: 0:46:54
Sampling (4 threads)  76%|██████████████████████▋       |  ETA: 0:45:39
Sampling (4 threads)  76%|██████████████████████▊       |  ETA: 0:44:26
Sampling (4 threads)  76%|███████████████████████       |  ETA: 0:43:13
Sampling (4 threads)  77%|███████████████████████▏      |  ETA: 0:43:02
Sampling (4 threads)  78%|███████████████████████▎      |  ETA: 0:41:49
Sampling (4 threads)  78%|███████████████████████▍      |  ETA: 0:40:38
Sampling (4 threads)  78%|███████████████████████▌      |  ETA: 0:40:16
Sampling (4 threads)  79%|███████████████████████▊      |  ETA: 0:39:05
Sampling (4 threads)  80%|███████████████████████▉      |  ETA: 0:37:54
Sampling (4 threads)  80%|████████████████████████      |  ETA: 0:37:45
Sampling (4 threads)  80%|████████████████████████▏     |  ETA: 0:36:34
Sampling (4 threads)  81%|████████████████████████▎     |  ETA: 0:35:25
Sampling (4 threads)  82%|████████████████████████▌     |  ETA: 0:34:16
Sampling (4 threads)  82%|████████████████████████▋     |  ETA: 0:33:36
Sampling (4 threads)  82%|████████████████████████▊     |  ETA: 0:32:28
Sampling (4 threads)  83%|████████████████████████▉     |  ETA: 0:31:55
Sampling (4 threads)  84%|█████████████████████████     |  ETA: 0:30:47
Sampling (4 threads)  84%|█████████████████████████▎    |  ETA: 0:30:05
Sampling (4 threads)  84%|█████████████████████████▍    |  ETA: 0:28:58
Sampling (4 threads)  85%|█████████████████████████▌    |  ETA: 0:27:52
Sampling (4 threads)  86%|█████████████████████████▋    |  ETA: 0:27:16
Sampling (4 threads)  86%|█████████████████████████▊    |  ETA: 0:26:10
Sampling (4 threads)  86%|██████████████████████████    |  ETA: 0:25:06
Sampling (4 threads)  87%|██████████████████████████▏   |  ETA: 0:24:20
Sampling (4 threads)  88%|██████████████████████████▎   |  ETA: 0:23:16
Sampling (4 threads)  88%|██████████████████████████▍   |  ETA: 0:22:27
Sampling (4 threads)  88%|██████████████████████████▌   |  ETA: 0:21:24
Sampling (4 threads)  89%|██████████████████████████▊   |  ETA: 0:20:33
Sampling (4 threads)  90%|██████████████████████████▉   |  ETA: 0:19:30
Sampling (4 threads)  90%|███████████████████████████   |  ETA: 0:18:51
Sampling (4 threads)  90%|███████████████████████████▏  |  ETA: 0:17:48
Sampling (4 threads)  91%|███████████████████████████▎  |  ETA: 0:16:47
Sampling (4 threads)  92%|███████████████████████████▌  |  ETA: 0:15:56
Sampling (4 threads)  92%|███████████████████████████▋  |  ETA: 0:14:55
Sampling (4 threads)  92%|███████████████████████████▊  |  ETA: 0:14:21
Sampling (4 threads)  93%|███████████████████████████▉  |  ETA: 0:13:19
Sampling (4 threads)  94%|████████████████████████████  |  ETA: 0:12:18
Sampling (4 threads)  94%|████████████████████████████▎ |  ETA: 0:11:18
Sampling (4 threads)  94%|████████████████████████████▍ |  ETA: 0:10:27
Sampling (4 threads)  95%|████████████████████████████▌ |  ETA: 0:09:27
Sampling (4 threads)  96%|████████████████████████████▋ |  ETA: 0:08:31
Sampling (4 threads)  96%|████████████████████████████▊ |  ETA: 0:07:36
Sampling (4 threads)  96%|█████████████████████████████ |  ETA: 0:06:40
Sampling (4 threads)  97%|█████████████████████████████▏|  ETA: 0:05:43
Sampling (4 threads)  98%|█████████████████████████████▎|  ETA: 0:04:46
Sampling (4 threads)  98%|█████████████████████████████▍|  ETA: 0:03:50
Sampling (4 threads)  98%|█████████████████████████████▌|  ETA: 0:02:53
Sampling (4 threads)  99%|█████████████████████████████▊|  ETA: 0:01:56
Sampling (4 threads) 100%|█████████████████████████████▉|  ETA: 0:00:58
Sampling (4 threads) 100%|██████████████████████████████| Time: 3:14:26
Sampling (4 threads) 100%|██████████████████████████████| Time: 3:14:26
