cpu-bind=MASK - bp1-compute128, task  0  0 [3897403]: mask 0x180000180 set
Running on host bp1-compute061
Running on host bp1-compute061
Time is Fri Apr 10 16:26:32 BST 2026
Time is Fri Apr 10 16:26:32 BST 2026
Directory is /user/home/em18564/bayesian/BC4/Bayes/experiments/PCA_LKJ_CF _partial_pooled_words
Directory is /user/home/em18564/bayesian/BC4/Bayes/experiments/PCA_LKJ_CF _partial_pooled_words
Slurm job ID is 16596662
Slurm job ID is 16596663
This job runs on the following machines:
This job runs on the following machines:
bp1-compute061
bp1-compute061
Running on host bp1-compute128
Time is Fri Apr 10 16:26:32 BST 2026
Directory is /user/home/em18564/bayesian/BC4/Bayes/experiments/PCA_LKJ_CF _partial_pooled_words
Slurm job ID is 16596656
This job runs on the following machines:
bp1-compute128
Sampling (4 threads)   0%|                              |  ETA: N/A
┌ Info: Found initial step size
└   ϵ = 0.005859375
┌ Info: Found initial step size
└   ϵ = 0.000390625
┌ Info: Found initial step size
└   ϵ = 0.00625
┌ Info: Found initial step size
└   ϵ = 0.000390625
Sampling (4 threads)   0%|▏                             |  ETA: 19:41:45
Sampling (4 threads)   1%|▎                             |  ETA: 9:47:57
Sampling (4 threads)   2%|▌                             |  ETA: 6:29:59
Sampling (4 threads)   2%|▋                             |  ETA: 10:04:04
Sampling (4 threads)   2%|▊                             |  ETA: 8:00:47
Sampling (4 threads)   3%|▉                             |  ETA: 6:38:36
Sampling (4 threads)   4%|█                             |  ETA: 9:17:36
Sampling (4 threads)   4%|█▎                            |  ETA: 8:05:22
Sampling (4 threads)   4%|█▍                            |  ETA: 7:09:11
Sampling (4 threads)   5%|█▌                            |  ETA: 8:13:16
Sampling (4 threads)   6%|█▋                            |  ETA: 7:26:04
Sampling (4 threads)   6%|█▊                            |  ETA: 7:38:10
Sampling (4 threads)   6%|██                            |  ETA: 7:00:40
Sampling (4 threads)   7%|██▏                           |  ETA: 7:18:36
Sampling (4 threads)   8%|██▎                           |  ETA: 6:47:10
Sampling (4 threads)   8%|██▍                           |  ETA: 6:54:47
Sampling (4 threads)   8%|██▌                           |  ETA: 6:28:16
Sampling (4 threads)   9%|██▊                           |  ETA: 6:44:02
Sampling (4 threads)  10%|██▉                           |  ETA: 6:20:40
Sampling (4 threads)  10%|███                           |  ETA: 6:23:52
Sampling (4 threads)  10%|███▏                          |  ETA: 6:03:34
Sampling (4 threads)  11%|███▎                          |  ETA: 5:45:06
Sampling (4 threads)  12%|███▌                          |  ETA: 5:53:17
Sampling (4 threads)  12%|███▋                          |  ETA: 5:36:39
Sampling (4 threads)  12%|███▊                          |  ETA: 5:38:44
Sampling (4 threads)  13%|███▉                          |  ETA: 5:23:50
Sampling (4 threads)  14%|████                          |  ETA: 5:28:47
Sampling (4 threads)  14%|████▎                         |  ETA: 5:15:13
Sampling (4 threads)  14%|████▍                         |  ETA: 5:02:34
Sampling (4 threads)  15%|████▌                         |  ETA: 5:03:21
Sampling (4 threads)  16%|████▋                         |  ETA: 4:51:50
Sampling (4 threads)  16%|████▊                         |  ETA: 4:41:03
Sampling (4 threads)  16%|█████                         |  ETA: 4:38:33
Sampling (4 threads)  17%|█████▏                        |  ETA: 4:28:44
Sampling (4 threads)  18%|█████▎                        |  ETA: 4:31:54
Sampling (4 threads)  18%|█████▍                        |  ETA: 4:22:44
Sampling (4 threads)  18%|█████▌                        |  ETA: 4:28:10
Sampling (4 threads)  19%|█████▊                        |  ETA: 4:19:31
Sampling (4 threads)  20%|█████▉                        |  ETA: 4:11:18
Sampling (4 threads)  20%|██████                        |  ETA: 4:13:13
Sampling (4 threads)  20%|██████▏                       |  ETA: 4:05:29
Sampling (4 threads)  21%|██████▎                       |  ETA: 3:58:08
Sampling (4 threads)  22%|██████▌                       |  ETA: 3:58:40
Sampling (4 threads)  22%|██████▋                       |  ETA: 3:51:45
Sampling (4 threads)  22%|██████▊                       |  ETA: 3:50:58
Sampling (4 threads)  23%|██████▉                       |  ETA: 3:44:30
Sampling (4 threads)  24%|███████                       |  ETA: 3:38:17
Sampling (4 threads)  24%|███████▎                      |  ETA: 3:32:21
Sampling (4 threads)  24%|███████▍                      |  ETA: 3:32:43
Sampling (4 threads)  25%|███████▌                      |  ETA: 3:27:05
Sampling (4 threads)  26%|███████▋                      |  ETA: 3:26:50
Sampling (4 threads)  26%|███████▊                      |  ETA: 3:21:30
Sampling (4 threads)  26%|████████                      |  ETA: 3:16:22
Sampling (4 threads)  27%|████████▏                     |  ETA: 3:16:31
Sampling (4 threads)  28%|████████▎                     |  ETA: 3:11:37
Sampling (4 threads)  28%|████████▍                     |  ETA: 3:06:54
Sampling (4 threads)  28%|████████▌                     |  ETA: 3:06:40
Sampling (4 threads)  29%|████████▊                     |  ETA: 3:02:10
Sampling (4 threads)  30%|████████▉                     |  ETA: 2:57:49
Sampling (4 threads)  30%|█████████                     |  ETA: 2:58:27
Sampling (4 threads)  30%|█████████▏                    |  ETA: 2:54:16
Sampling (4 threads)  31%|█████████▎                    |  ETA: 2:54:01
Sampling (4 threads)  32%|█████████▌                    |  ETA: 2:50:01
Sampling (4 threads)  32%|█████████▋                    |  ETA: 2:46:09
Sampling (4 threads)  32%|█████████▊                    |  ETA: 2:45:57
Sampling (4 threads)  33%|█████████▉                    |  ETA: 2:42:14
Sampling (4 threads)  34%|██████████                    |  ETA: 2:38:37
Sampling (4 threads)  34%|██████████▎                   |  ETA: 2:40:47
Sampling (4 threads)  34%|██████████▍                   |  ETA: 2:37:16
Sampling (4 threads)  35%|██████████▌                   |  ETA: 2:33:50
Sampling (4 threads)  36%|██████████▋                   |  ETA: 2:30:30
Sampling (4 threads)  36%|██████████▊                   |  ETA: 2:29:38
Sampling (4 threads)  36%|███████████                   |  ETA: 2:26:26
Sampling (4 threads)  37%|███████████▏                  |  ETA: 2:27:19
Sampling (4 threads)  38%|███████████▎                  |  ETA: 2:24:12
Sampling (4 threads)  38%|███████████▍                  |  ETA: 2:21:10
Sampling (4 threads)  38%|███████████▌                  |  ETA: 2:22:03
Sampling (4 threads)  39%|███████████▊                  |  ETA: 2:19:05
Sampling (4 threads)  40%|███████████▉                  |  ETA: 2:16:12
Sampling (4 threads)  40%|████████████                  |  ETA: 2:13:23
Sampling (4 threads)  40%|████████████▏                 |  ETA: 2:12:59
Sampling (4 threads)  41%|████████████▎                 |  ETA: 2:10:15
Sampling (4 threads)  42%|████████████▌                 |  ETA: 2:10:09
Sampling (4 threads)  42%|████████████▋                 |  ETA: 2:07:30
Sampling (4 threads)  42%|████████████▊                 |  ETA: 2:04:55
Sampling (4 threads)  43%|████████████▉                 |  ETA: 2:02:23
Sampling (4 threads)  44%|█████████████                 |  ETA: 2:03:05
Sampling (4 threads)  44%|█████████████▎                |  ETA: 2:00:36
Sampling (4 threads)  44%|█████████████▍                |  ETA: 1:58:11
Sampling (4 threads)  45%|█████████████▌                |  ETA: 1:57:57
Sampling (4 threads)  46%|█████████████▋                |  ETA: 1:55:35
Sampling (4 threads)  46%|█████████████▊                |  ETA: 1:54:28
Sampling (4 threads)  46%|██████████████                |  ETA: 1:52:11
Sampling (4 threads)  47%|██████████████▏               |  ETA: 1:51:06
Sampling (4 threads)  48%|██████████████▎               |  ETA: 1:48:53
Sampling (4 threads)  48%|██████████████▍               |  ETA: 1:48:36
Sampling (4 threads)  48%|██████████████▌               |  ETA: 1:46:27
Sampling (4 threads)  49%|██████████████▊               |  ETA: 1:45:22
Sampling (4 threads)  50%|██████████████▉               |  ETA: 1:43:17
Sampling (4 threads)  50%|███████████████               |  ETA: 1:42:14
Sampling (4 threads)  50%|███████████████▏              |  ETA: 1:40:12
Sampling (4 threads)  51%|███████████████▎              |  ETA: 1:39:10
Sampling (4 threads)  52%|███████████████▌              |  ETA: 1:37:12
Sampling (4 threads)  52%|███████████████▋              |  ETA: 1:36:40
Sampling (4 threads)  52%|███████████████▊              |  ETA: 1:34:45
Sampling (4 threads)  53%|███████████████▉              |  ETA: 1:32:52
Sampling (4 threads)  54%|████████████████              |  ETA: 1:32:19
Sampling (4 threads)  54%|████████████████▎             |  ETA: 1:30:29
Sampling (4 threads)  55%|████████████████▍             |  ETA: 1:28:41
Sampling (4 threads)  55%|████████████████▌             |  ETA: 1:28:21
Sampling (4 threads)  56%|████████████████▋             |  ETA: 1:26:35
Sampling (4 threads)  56%|████████████████▊             |  ETA: 1:24:51
Sampling (4 threads)  56%|█████████████████             |  ETA: 1:23:08
Sampling (4 threads)  57%|█████████████████▏            |  ETA: 1:22:42
Sampling (4 threads)  57%|█████████████████▎            |  ETA: 1:21:02
Sampling (4 threads)  58%|█████████████████▍            |  ETA: 1:20:50
Sampling (4 threads)  58%|█████████████████▌            |  ETA: 1:19:11
Sampling (4 threads)  59%|█████████████████▊            |  ETA: 1:17:34
Sampling (4 threads)  60%|█████████████████▉            |  ETA: 1:16:58
Sampling (4 threads)  60%|██████████████████            |  ETA: 1:15:23
Sampling (4 threads)  60%|██████████████████▏           |  ETA: 1:14:37
Sampling (4 threads)  61%|██████████████████▎           |  ETA: 1:13:04
Sampling (4 threads)  62%|██████████████████▌           |  ETA: 1:11:33
Sampling (4 threads)  62%|██████████████████▋           |  ETA: 1:11:02
Sampling (4 threads)  62%|██████████████████▊           |  ETA: 1:09:32
Sampling (4 threads)  63%|██████████████████▉           |  ETA: 1:08:04
Sampling (4 threads)  64%|███████████████████           |  ETA: 1:07:38
Sampling (4 threads)  64%|███████████████████▎          |  ETA: 1:06:11
Sampling (4 threads)  64%|███████████████████▍          |  ETA: 1:04:46
Sampling (4 threads)  65%|███████████████████▌          |  ETA: 1:04:24
Sampling (4 threads)  66%|███████████████████▋          |  ETA: 1:03:00
Sampling (4 threads)  66%|███████████████████▊          |  ETA: 1:01:37
Sampling (4 threads)  66%|████████████████████          |  ETA: 1:01:05
Sampling (4 threads)  67%|████████████████████▏         |  ETA: 0:59:43
Sampling (4 threads)  68%|████████████████████▎         |  ETA: 0:58:23
Sampling (4 threads)  68%|████████████████████▍         |  ETA: 0:57:55
Sampling (4 threads)  68%|████████████████████▌         |  ETA: 0:56:36
Sampling (4 threads)  69%|████████████████████▊         |  ETA: 0:55:18
Sampling (4 threads)  70%|████████████████████▉         |  ETA: 0:54:46
Sampling (4 threads)  70%|█████████████████████         |  ETA: 0:53:29
Sampling (4 threads)  70%|█████████████████████▏        |  ETA: 0:53:02
Sampling (4 threads)  71%|█████████████████████▎        |  ETA: 0:51:46
Sampling (4 threads)  72%|█████████████████████▌        |  ETA: 0:50:31
Sampling (4 threads)  72%|█████████████████████▋        |  ETA: 0:50:04
Sampling (4 threads)  72%|█████████████████████▊        |  ETA: 0:48:50
Sampling (4 threads)  73%|█████████████████████▉        |  ETA: 0:48:45
Sampling (4 threads)  74%|██████████████████████        |  ETA: 0:47:31
Sampling (4 threads)  74%|██████████████████████▎       |  ETA: 0:46:18
Sampling (4 threads)  74%|██████████████████████▍       |  ETA: 0:46:04
Sampling (4 threads)  75%|██████████████████████▌       |  ETA: 0:44:52
Sampling (4 threads)  76%|██████████████████████▋       |  ETA: 0:44:03
Sampling (4 threads)  76%|██████████████████████▊       |  ETA: 0:42:52
Sampling (4 threads)  76%|███████████████████████       |  ETA: 0:42:23
Sampling (4 threads)  77%|███████████████████████▏      |  ETA: 0:41:13
Sampling (4 threads)  78%|███████████████████████▎      |  ETA: 0:40:04
Sampling (4 threads)  78%|███████████████████████▍      |  ETA: 0:39:57
Sampling (4 threads)  78%|███████████████████████▌      |  ETA: 0:38:47
Sampling (4 threads)  79%|███████████████████████▊      |  ETA: 0:37:39
Sampling (4 threads)  80%|███████████████████████▉      |  ETA: 0:37:36
Sampling (4 threads)  80%|████████████████████████      |  ETA: 0:36:27
Sampling (4 threads)  80%|████████████████████████▏     |  ETA: 0:35:19
Sampling (4 threads)  81%|████████████████████████▎     |  ETA: 0:34:26
Sampling (4 threads)  82%|████████████████████████▌     |  ETA: 0:33:34
Sampling (4 threads)  82%|████████████████████████▋     |  ETA: 0:32:38
Sampling (4 threads)  82%|████████████████████████▊     |  ETA: 0:31:46
Sampling (4 threads)  83%|████████████████████████▉     |  ETA: 0:30:52
Sampling (4 threads)  84%|█████████████████████████     |  ETA: 0:29:52
Sampling (4 threads)  84%|█████████████████████████▎    |  ETA: 0:28:55
Sampling (4 threads)  84%|█████████████████████████▍    |  ETA: 0:28:03
Sampling (4 threads)  85%|█████████████████████████▌    |  ETA: 0:27:16
Sampling (4 threads)  86%|█████████████████████████▋    |  ETA: 0:26:23
Sampling (4 threads)  86%|█████████████████████████▊    |  ETA: 0:25:35
Sampling (4 threads)  86%|██████████████████████████    |  ETA: 0:24:44
Sampling (4 threads)  87%|██████████████████████████▏   |  ETA: 0:23:54
Sampling (4 threads)  88%|██████████████████████████▎   |  ETA: 0:23:14
Sampling (4 threads)  88%|██████████████████████████▍   |  ETA: 0:22:27
Sampling (4 threads)  88%|██████████████████████████▌   |  ETA: 0:21:35
Sampling (4 threads)  89%|██████████████████████████▊   |  ETA: 0:20:44
Sampling (4 threads)  90%|██████████████████████████▉   |  ETA: 0:19:55
Sampling (4 threads)  90%|███████████████████████████   |  ETA: 0:19:18
Sampling (4 threads)  90%|███████████████████████████▏  |  ETA: 0:18:31
Sampling (4 threads)  91%|███████████████████████████▎  |  ETA: 0:17:48
Sampling (4 threads)  92%|███████████████████████████▌  |  ETA: 0:16:49
Sampling (4 threads)  92%|███████████████████████████▋  |  ETA: 0:15:54
Sampling (4 threads)  92%|███████████████████████████▊  |  ETA: 0:15:04
Sampling (4 threads)  93%|███████████████████████████▉  |  ETA: 0:14:48
Sampling (4 threads)  94%|████████████████████████████  |  ETA: 0:14:45
Sampling (4 threads)  94%|████████████████████████████▎ |  ETA: 0:14:02
Sampling (4 threads)  94%|████████████████████████████▍ |  ETA: 0:13:01
Sampling (4 threads)  95%|████████████████████████████▌ |  ETA: 0:11:54
Sampling (4 threads)  96%|████████████████████████████▋ |  ETA: 0:11:02
Sampling (4 threads)  96%|████████████████████████████▊ |  ETA: 0:09:51
Sampling (4 threads)  96%|█████████████████████████████ |  ETA: 0:08:42
Sampling (4 threads)  97%|█████████████████████████████▏|  ETA: 0:08:07
Sampling (4 threads)  98%|█████████████████████████████▎|  ETA: 0:07:07
Sampling (4 threads)  98%|█████████████████████████████▍|  ETA: 0:05:44
Sampling (4 threads)  98%|█████████████████████████████▌|  ETA: 0:04:20
Sampling (4 threads)  99%|█████████████████████████████▊|  ETA: 0:02:54
Sampling (4 threads) 100%|█████████████████████████████▉|  ETA: 0:01:28
Sampling (4 threads) 100%|██████████████████████████████| Time: 4:55:07
Sampling (4 threads) 100%|██████████████████████████████| Time: 4:55:11
Sampling (4 threads)   0%|                              |  ETA: N/A
┌ Info: Found initial step size
└   ϵ = 0.0125
┌ Info: Found initial step size
└   ϵ = 0.003125
┌ Info: Found initial step size
└   ϵ = 0.000390625
┌ Info: Found initial step size
└   ϵ = 0.000390625
Sampling (4 threads)   0%|▏                             |  ETA: 1 days, 13:40:34
Sampling (4 threads)   1%|▎                             |  ETA: 18:44:42
Sampling (4 threads)   2%|▌                             |  ETA: 12:26:01
Sampling (4 threads)   2%|▋                             |  ETA: 1 days, 1:29:53
Sampling (4 threads)   2%|▊                             |  ETA: 20:17:40
Sampling (4 threads)   3%|▉                             |  ETA: 16:49:31
Sampling (4 threads)   4%|█                             |  ETA: 14:20:51
Sampling (4 threads)   4%|█▎                            |  ETA: 16:49:28
Sampling (4 threads)   4%|█▍                            |  ETA: 14:52:38
Sampling (4 threads)   5%|█▌                            |  ETA: 15:43:21
Sampling (4 threads)   6%|█▋                            |  ETA: 14:13:04
Sampling (4 threads)   6%|█▊                            |  ETA: 14:55:22
Sampling (4 threads)   6%|██                            |  ETA: 13:42:06
Sampling (4 threads)   7%|██▏                           |  ETA: 12:39:18
Sampling (4 threads)   8%|██▎                           |  ETA: 13:27:03
Sampling (4 threads)   8%|██▍                           |  ETA: 12:32:31
Sampling (4 threads)   8%|██▌                           |  ETA: 11:44:24
Sampling (4 threads)   9%|██▊                           |  ETA: 11:55:12
Sampling (4 threads)  10%|██▉                           |  ETA: 11:13:50
Sampling (4 threads)  10%|███                           |  ETA: 10:36:37
Sampling (4 threads)  10%|███▏                          |  ETA: 10:45:19
Sampling (4 threads)  11%|███▎                          |  ETA: 10:12:33
Sampling (4 threads)  12%|███▌                          |  ETA: 9:42:37
Sampling (4 threads)  12%|███▋                          |  ETA: 9:42:59
Sampling (4 threads)  12%|███▊                          |  ETA: 9:16:30
Sampling (4 threads)  13%|███▉                          |  ETA: 9:21:18
Sampling (4 threads)  14%|████                          |  ETA: 8:57:25
Sampling (4 threads)  14%|████▎                         |  ETA: 8:35:13
Sampling (4 threads)  14%|████▍                         |  ETA: 8:36:47
Sampling (4 threads)  15%|████▌                         |  ETA: 8:16:38
Sampling (4 threads)  16%|████▋                         |  ETA: 8:14:00
Sampling (4 threads)  16%|████▊                         |  ETA: 7:55:44
Sampling (4 threads)  16%|█████                         |  ETA: 7:50:33
Sampling (4 threads)  17%|█████▏                        |  ETA: 7:33:58
Sampling (4 threads)  18%|█████▎                        |  ETA: 7:33:05
Sampling (4 threads)  18%|█████▍                        |  ETA: 7:17:49
Sampling (4 threads)  18%|█████▌                        |  ETA: 7:03:23
Sampling (4 threads)  19%|█████▊                        |  ETA: 7:05:12
Sampling (4 threads)  20%|█████▉                        |  ETA: 6:51:44
Sampling (4 threads)  20%|██████                        |  ETA: 6:52:20
Sampling (4 threads)  20%|██████▏                       |  ETA: 6:39:45
Sampling (4 threads)  21%|██████▎                       |  ETA: 6:52:07
Sampling (4 threads)  22%|██████▌                       |  ETA: 6:39:59
Sampling (4 threads)  22%|██████▋                       |  ETA: 6:28:25
Sampling (4 threads)  22%|██████▊                       |  ETA: 6:17:21
Sampling (4 threads)  23%|██████▉                       |  ETA: 6:40:28
Sampling (4 threads)  24%|███████                       |  ETA: 6:29:24
Sampling (4 threads)  24%|███████▎                      |  ETA: 6:18:48
Sampling (4 threads)  24%|███████▍                      |  ETA: 6:27:11
Sampling (4 threads)  25%|███████▌                      |  ETA: 6:16:56
Sampling (4 threads)  26%|███████▋                      |  ETA: 6:07:04
Sampling (4 threads)  26%|███████▊                      |  ETA: 6:16:40
Sampling (4 threads)  26%|████████                      |  ETA: 6:07:04
Sampling (4 threads)  27%|████████▏                     |  ETA: 5:57:49
Sampling (4 threads)  28%|████████▎                     |  ETA: 5:48:55
Sampling (4 threads)  28%|████████▍                     |  ETA: 5:54:29
Sampling (4 threads)  28%|████████▌                     |  ETA: 5:45:51
Sampling (4 threads)  29%|████████▊                     |  ETA: 5:37:31
Sampling (4 threads)  30%|████████▉                     |  ETA: 5:40:52
Sampling (4 threads)  30%|█████████                     |  ETA: 5:32:49
Sampling (4 threads)  30%|█████████▏                    |  ETA: 5:34:59
Sampling (4 threads)  31%|█████████▎                    |  ETA: 5:27:13
Sampling (4 threads)  32%|█████████▌                    |  ETA: 5:19:41
Sampling (4 threads)  32%|█████████▋                    |  ETA: 5:12:24
Sampling (4 threads)  32%|█████████▊                    |  ETA: 5:17:10
Sampling (4 threads)  33%|█████████▉                    |  ETA: 5:10:03
Sampling (4 threads)  34%|██████████                    |  ETA: 5:03:08
Sampling (4 threads)  34%|██████████▎                   |  ETA: 5:06:01
Sampling (4 threads)  34%|██████████▍                   |  ETA: 4:59:18
Sampling (4 threads)  35%|██████████▌                   |  ETA: 4:58:12
Sampling (4 threads)  36%|██████████▋                   |  ETA: 4:51:44
Sampling (4 threads)  36%|██████████▊                   |  ETA: 4:54:55
Sampling (4 threads)  36%|███████████                   |  ETA: 4:48:36
Sampling (4 threads)  37%|███████████▏                  |  ETA: 4:42:28
Sampling (4 threads)  38%|███████████▎                  |  ETA: 4:36:29
Sampling (4 threads)  38%|███████████▍                  |  ETA: 4:38:45
Sampling (4 threads)  38%|███████████▌                  |  ETA: 4:32:55
Sampling (4 threads)  39%|███████████▊                  |  ETA: 4:31:47
Sampling (4 threads)  40%|███████████▉                  |  ETA: 4:26:09
Sampling (4 threads)  40%|████████████                  |  ETA: 4:25:02
Sampling (4 threads)  40%|████████████▏                 |  ETA: 4:19:35
Sampling (4 threads)  41%|████████████▎                 |  ETA: 4:20:30
Sampling (4 threads)  42%|████████████▌                 |  ETA: 4:15:11
Sampling (4 threads)  42%|████████████▋                 |  ETA: 4:09:59
Sampling (4 threads)  42%|████████████▊                 |  ETA: 4:24:39
Sampling (4 threads)  43%|████████████▉                 |  ETA: 4:19:18
Sampling (4 threads)  44%|█████████████                 |  ETA: 4:14:04
Sampling (4 threads)  44%|█████████████▎                |  ETA: 4:08:58
Sampling (4 threads)  44%|█████████████▍                |  ETA: 4:13:55
Sampling (4 threads)  45%|█████████████▌                |  ETA: 4:08:50
Sampling (4 threads)  46%|█████████████▋                |  ETA: 4:10:57
Sampling (4 threads)  46%|█████████████▊                |  ETA: 4:05:57
Sampling (4 threads)  46%|██████████████                |  ETA: 4:01:03
Sampling (4 threads)  47%|██████████████▏               |  ETA: 4:02:11
Sampling (4 threads)  48%|██████████████▎               |  ETA: 3:57:22
Sampling (4 threads)  48%|██████████████▍               |  ETA: 3:52:39
Sampling (4 threads)  48%|██████████████▌               |  ETA: 3:53:33
Sampling (4 threads)  49%|██████████████▊               |  ETA: 3:48:56
Sampling (4 threads)  50%|██████████████▉               |  ETA: 3:44:24
Sampling (4 threads)  50%|███████████████               |  ETA: 3:45:33
Sampling (4 threads)  50%|███████████████▏              |  ETA: 3:41:05
Sampling (4 threads)  51%|███████████████▎              |  ETA: 3:39:47
Sampling (4 threads)  52%|███████████████▌              |  ETA: 3:35:26
Sampling (4 threads)  52%|███████████████▋              |  ETA: 3:34:07
Sampling (4 threads)  52%|███████████████▊              |  ETA: 3:29:52
Sampling (4 threads)  53%|███████████████▉              |  ETA: 3:28:27
Sampling (4 threads)  54%|████████████████              |  ETA: 3:24:18
Sampling (4 threads)  54%|████████████████▎             |  ETA: 3:20:14
Sampling (4 threads)  55%|████████████████▍             |  ETA: 3:20:07
Sampling (4 threads)  55%|████████████████▌             |  ETA: 3:16:07
Sampling (4 threads)  56%|████████████████▋             |  ETA: 3:12:11
Sampling (4 threads)  56%|████████████████▊             |  ETA: 3:12:21
Sampling (4 threads)  56%|█████████████████             |  ETA: 3:08:29
Sampling (4 threads)  57%|█████████████████▏            |  ETA: 3:04:41
Sampling (4 threads)  57%|█████████████████▎            |  ETA: 3:03:19
Sampling (4 threads)  58%|█████████████████▍            |  ETA: 2:59:36
Sampling (4 threads)  58%|█████████████████▌            |  ETA: 2:58:14
Sampling (4 threads)  59%|█████████████████▊            |  ETA: 2:54:35
Sampling (4 threads)  60%|█████████████████▉            |  ETA: 2:53:12
Sampling (4 threads)  60%|██████████████████            |  ETA: 2:49:38
Sampling (4 threads)  60%|██████████████████▏           |  ETA: 2:49:03
Sampling (4 threads)  61%|██████████████████▎           |  ETA: 2:45:33
Sampling (4 threads)  62%|██████████████████▌           |  ETA: 2:42:06
Sampling (4 threads)  62%|██████████████████▋           |  ETA: 2:40:40
Sampling (4 threads)  62%|██████████████████▊           |  ETA: 2:37:17
Sampling (4 threads)  63%|██████████████████▉           |  ETA: 2:36:54
Sampling (4 threads)  64%|███████████████████           |  ETA: 2:33:34
Sampling (4 threads)  64%|███████████████████▎          |  ETA: 2:30:17
Sampling (4 threads)  64%|███████████████████▍          |  ETA: 2:28:48
Sampling (4 threads)  65%|███████████████████▌          |  ETA: 2:25:35
Sampling (4 threads)  66%|███████████████████▋          |  ETA: 2:24:03
Sampling (4 threads)  66%|███████████████████▊          |  ETA: 2:20:53
Sampling (4 threads)  66%|████████████████████          |  ETA: 2:17:46
Sampling (4 threads)  67%|████████████████████▏         |  ETA: 2:17:19
Sampling (4 threads)  68%|████████████████████▎         |  ETA: 2:14:14
Sampling (4 threads)  68%|████████████████████▍         |  ETA: 2:11:12
Sampling (4 threads)  68%|████████████████████▌         |  ETA: 2:10:44
Sampling (4 threads)  69%|████████████████████▊         |  ETA: 2:07:44
Sampling (4 threads)  70%|████████████████████▉         |  ETA: 2:04:46
Sampling (4 threads)  70%|█████████████████████         |  ETA: 2:04:40
Sampling (4 threads)  70%|█████████████████████▏        |  ETA: 2:01:43
Sampling (4 threads)  71%|█████████████████████▎        |  ETA: 1:58:49
Sampling (4 threads)  72%|█████████████████████▌        |  ETA: 1:55:57
Sampling (4 threads)  72%|█████████████████████▋        |  ETA: 1:54:41
Sampling (4 threads)  72%|█████████████████████▊        |  ETA: 1:51:51
Sampling (4 threads)  73%|█████████████████████▉        |  ETA: 1:53:27
Sampling (4 threads)  74%|██████████████████████        |  ETA: 1:50:36
Sampling (4 threads)  74%|██████████████████████▎       |  ETA: 1:47:47
Sampling (4 threads)  74%|██████████████████████▍       |  ETA: 1:46:18
Sampling (4 threads)  75%|██████████████████████▌       |  ETA: 1:43:31
Sampling (4 threads)  76%|██████████████████████▋       |  ETA: 1:40:47
Sampling (4 threads)  76%|██████████████████████▊       |  ETA: 1:39:14
Sampling (4 threads)  76%|███████████████████████       |  ETA: 1:36:32
Sampling (4 threads)  77%|███████████████████████▏      |  ETA: 1:33:52
Sampling (4 threads)  78%|███████████████████████▎      |  ETA: 1:32:19
Sampling (4 threads)  78%|███████████████████████▍      |  ETA: 1:29:42
Sampling (4 threads)  78%|███████████████████████▌      |  ETA: 1:27:06
Sampling (4 threads)  79%|███████████████████████▊      |  ETA: 1:24:32
Sampling (4 threads)  80%|███████████████████████▉      |  ETA: 1:23:08
Sampling (4 threads)  80%|████████████████████████      |  ETA: 1:20:35
Sampling (4 threads)  80%|████████████████████████▏     |  ETA: 1:18:05
Sampling (4 threads)  81%|████████████████████████▎     |  ETA: 1:16:31
Sampling (4 threads)  82%|████████████████████████▌     |  ETA: 1:14:03
Sampling (4 threads)  82%|████████████████████████▋     |  ETA: 1:12:28
Sampling (4 threads)  82%|████████████████████████▊     |  ETA: 1:10:01
Sampling (4 threads)  83%|████████████████████████▉     |  ETA: 1:07:37
Sampling (4 threads)  84%|█████████████████████████     |  ETA: 1:05:55
Sampling (4 threads)  84%|█████████████████████████▎    |  ETA: 1:03:32
Sampling (4 threads)  84%|█████████████████████████▍    |  ETA: 1:01:50
Sampling (4 threads)  85%|█████████████████████████▌    |  ETA: 0:59:30
Sampling (4 threads)  86%|█████████████████████████▋    |  ETA: 0:57:10
Sampling (4 threads)  86%|█████████████████████████▊    |  ETA: 0:55:15
Sampling (4 threads)  86%|██████████████████████████    |  ETA: 0:52:58
Sampling (4 threads)  87%|██████████████████████████▏   |  ETA: 0:51:17
Sampling (4 threads)  88%|██████████████████████████▎   |  ETA: 0:49:01
Sampling (4 threads)  88%|██████████████████████████▍   |  ETA: 0:46:50
Sampling (4 threads)  88%|██████████████████████████▌   |  ETA: 0:44:51
Sampling (4 threads)  89%|██████████████████████████▊   |  ETA: 0:42:52
Sampling (4 threads)  90%|██████████████████████████▉   |  ETA: 0:40:50
Sampling (4 threads)  90%|███████████████████████████   |  ETA: 0:38:51
Sampling (4 threads)  90%|███████████████████████████▏  |  ETA: 0:36:54
Sampling (4 threads)  91%|███████████████████████████▎  |  ETA: 0:34:57
Sampling (4 threads)  92%|███████████████████████████▌  |  ETA: 0:33:02
Sampling (4 threads)  92%|███████████████████████████▋  |  ETA: 0:31:01
Sampling (4 threads)  92%|███████████████████████████▊  |  ETA: 0:29:03
Sampling (4 threads)  93%|███████████████████████████▉  |  ETA: 0:27:03
Sampling (4 threads)  94%|████████████████████████████  |  ETA: 0:25:06
Sampling (4 threads)  94%|████████████████████████████▎ |  ETA: 0:23:05
Sampling (4 threads)  94%|████████████████████████████▍ |  ETA: 0:21:07
Sampling (4 threads)  95%|████████████████████████████▌ |  ETA: 0:19:11
Sampling (4 threads)  96%|████████████████████████████▋ |  ETA: 0:17:13
Sampling (4 threads)  96%|████████████████████████████▊ |  ETA: 0:15:18
Sampling (4 threads)  96%|█████████████████████████████ |  ETA: 0:13:21
Sampling (4 threads)  97%|█████████████████████████████▏|  ETA: 0:11:26
Sampling (4 threads)  98%|█████████████████████████████▎|  ETA: 0:09:30
Sampling (4 threads)  98%|█████████████████████████████▍|  ETA: 0:07:35
Sampling (4 threads)  98%|█████████████████████████████▌|  ETA: 0:05:41
Sampling (4 threads)  99%|█████████████████████████████▊|  ETA: 0:03:47
Sampling (4 threads) 100%|█████████████████████████████▉|  ETA: 0:01:53
Sampling (4 threads) 100%|██████████████████████████████| Time: 6:18:31
Sampling (4 threads) 100%|██████████████████████████████| Time: 6:18:35
Sampling (4 threads)   0%|                              |  ETA: N/A
┌ Info: Found initial step size
└   ϵ = 0.003125
┌ Info: Found initial step size
└   ϵ = 0.003125
┌ Info: Found initial step size
└   ϵ = 0.003125
┌ Info: Found initial step size
└   ϵ = 0.00078125
Sampling (4 threads)   0%|▏                             |  ETA: 1 days, 14:00:15
Sampling (4 threads)   1%|▎                             |  ETA: 18:54:29
Sampling (4 threads)   2%|▌                             |  ETA: 16:09:06
Sampling (4 threads)   2%|▋                             |  ETA: 12:03:09
Sampling (4 threads)   2%|▊                             |  ETA: 17:06:44
Sampling (4 threads)   3%|▉                             |  ETA: 14:11:13
Sampling (4 threads)   4%|█                             |  ETA: 20:37:55
Sampling (4 threads)   4%|█▎                            |  ETA: 17:57:34
Sampling (4 threads)   4%|█▍                            |  ETA: 15:52:50
Sampling (4 threads)   5%|█▌                            |  ETA: 14:13:04
Sampling (4 threads)   6%|█▋                            |  ETA: 15:17:57
Sampling (4 threads)   6%|█▊                            |  ETA: 13:57:00
Sampling (4 threads)   6%|██                            |  ETA: 14:10:00
Sampling (4 threads)   7%|██▏                           |  ETA: 13:05:03
Sampling (4 threads)   8%|██▎                           |  ETA: 12:08:47
Sampling (4 threads)   8%|██▍                           |  ETA: 12:25:39
Sampling (4 threads)   8%|██▌                           |  ETA: 11:37:59
Sampling (4 threads)   9%|██▊                           |  ETA: 10:55:36
Sampling (4 threads)  10%|██▉                           |  ETA: 11:00:44
Sampling (4 threads)  10%|███                           |  ETA: 10:24:14
Sampling (4 threads)  10%|███▏                          |  ETA: 9:51:12
Sampling (4 threads)  11%|███▎                          |  ETA: 10:05:34
Sampling (4 threads)  12%|███▌                          |  ETA: 9:35:59
Sampling (4 threads)  12%|███▋                          |  ETA: 9:08:52
Sampling (4 threads)  12%|███▊                          |  ETA: 9:11:39
Sampling (4 threads)  13%|███▉                          |  ETA: 8:47:24
Sampling (4 threads)  14%|████                          |  ETA: 8:39:42
Sampling (4 threads)  14%|████▎                         |  ETA: 8:18:14
Sampling (4 threads)  14%|████▍                         |  ETA: 8:19:37
Sampling (4 threads)  15%|████▌                         |  ETA: 8:00:09
Sampling (4 threads)  16%|████▋                         |  ETA: 7:41:55
Sampling (4 threads)  16%|████▊                         |  ETA: 7:54:28
Sampling (4 threads)  16%|█████                         |  ETA: 7:37:21
Sampling (4 threads)  17%|█████▏                        |  ETA: 7:21:15
Sampling (4 threads)  18%|█████▎                        |  ETA: 7:21:41
Sampling (4 threads)  18%|█████▍                        |  ETA: 7:06:49
Sampling (4 threads)  18%|█████▌                        |  ETA: 6:52:45
Sampling (4 threads)  19%|█████▊                        |  ETA: 6:49:11
Sampling (4 threads)  20%|█████▉                        |  ETA: 6:36:14
Sampling (4 threads)  20%|██████                        |  ETA: 6:39:38
Sampling (4 threads)  20%|██████▏                       |  ETA: 6:27:27
Sampling (4 threads)  21%|██████▎                       |  ETA: 6:15:51
Sampling (4 threads)  22%|██████▌                       |  ETA: 6:13:12
Sampling (4 threads)  22%|██████▋                       |  ETA: 6:02:24
Sampling (4 threads)  22%|██████▊                       |  ETA: 6:05:58
Sampling (4 threads)  23%|██████▉                       |  ETA: 5:55:42
Sampling (4 threads)  24%|███████                       |  ETA: 5:45:52
Sampling (4 threads)  24%|███████▎                      |  ETA: 5:49:42
Sampling (4 threads)  24%|███████▍                      |  ETA: 5:40:19
Sampling (4 threads)  25%|███████▌                      |  ETA: 5:31:18
Sampling (4 threads)  26%|███████▋                      |  ETA: 5:22:38
Sampling (4 threads)  26%|███████▊                      |  ETA: 5:27:20
Sampling (4 threads)  26%|████████                      |  ETA: 5:19:00
Sampling (4 threads)  27%|████████▏                     |  ETA: 5:21:31
Sampling (4 threads)  28%|████████▎                     |  ETA: 5:13:31
Sampling (4 threads)  28%|████████▍                     |  ETA: 5:05:47
Sampling (4 threads)  28%|████████▌                     |  ETA: 5:09:29
Sampling (4 threads)  29%|████████▊                     |  ETA: 5:02:02
Sampling (4 threads)  30%|████████▉                     |  ETA: 4:54:49
Sampling (4 threads)  30%|█████████                     |  ETA: 4:57:35
Sampling (4 threads)  30%|█████████▏                    |  ETA: 4:50:37
Sampling (4 threads)  31%|█████████▎                    |  ETA: 4:43:52
Sampling (4 threads)  32%|█████████▌                    |  ETA: 4:37:20
Sampling (4 threads)  32%|█████████▋                    |  ETA: 4:38:40
Sampling (4 threads)  32%|█████████▊                    |  ETA: 4:32:21
Sampling (4 threads)  33%|█████████▉                    |  ETA: 4:34:49
Sampling (4 threads)  34%|██████████                    |  ETA: 4:28:42
Sampling (4 threads)  34%|██████████▎                   |  ETA: 4:22:45
Sampling (4 threads)  34%|██████████▍                   |  ETA: 4:24:14
Sampling (4 threads)  35%|██████████▌                   |  ETA: 4:18:28
Sampling (4 threads)  36%|██████████▋                   |  ETA: 4:12:52
Sampling (4 threads)  36%|██████████▊                   |  ETA: 4:15:40
Sampling (4 threads)  36%|███████████                   |  ETA: 4:10:11
Sampling (4 threads)  37%|███████████▏                  |  ETA: 4:04:52
Sampling (4 threads)  38%|███████████▎                  |  ETA: 4:03:38
Sampling (4 threads)  38%|███████████▍                  |  ETA: 3:58:31
Sampling (4 threads)  38%|███████████▌                  |  ETA: 4:00:09
Sampling (4 threads)  39%|███████████▊                  |  ETA: 3:55:08
Sampling (4 threads)  40%|███████████▉                  |  ETA: 3:57:34
Sampling (4 threads)  40%|████████████                  |  ETA: 3:52:39
Sampling (4 threads)  40%|████████████▏                 |  ETA: 3:47:52
Sampling (4 threads)  41%|████████████▎                 |  ETA: 3:48:50
Sampling (4 threads)  42%|████████████▌                 |  ETA: 3:44:09
Sampling (4 threads)  42%|████████████▋                 |  ETA: 3:39:36
Sampling (4 threads)  42%|████████████▊                 |  ETA: 3:38:36
Sampling (4 threads)  43%|████████████▉                 |  ETA: 3:34:11
Sampling (4 threads)  44%|█████████████                 |  ETA: 3:33:09
Sampling (4 threads)  44%|█████████████▎                |  ETA: 3:28:52
Sampling (4 threads)  44%|█████████████▍                |  ETA: 3:29:55
Sampling (4 threads)  45%|█████████████▌                |  ETA: 3:25:43
Sampling (4 threads)  46%|█████████████▋                |  ETA: 3:26:53
Sampling (4 threads)  46%|█████████████▊                |  ETA: 3:22:45
Sampling (4 threads)  46%|██████████████                |  ETA: 3:18:43
Sampling (4 threads)  47%|██████████████▏               |  ETA: 3:23:29
Sampling (4 threads)  48%|██████████████▎               |  ETA: 3:19:26
Sampling (4 threads)  48%|██████████████▍               |  ETA: 3:15:29
Sampling (4 threads)  48%|██████████████▌               |  ETA: 3:11:37
Sampling (4 threads)  49%|██████████████▊               |  ETA: 3:14:31
Sampling (4 threads)  50%|██████████████▉               |  ETA: 3:10:39
Sampling (4 threads)  50%|███████████████               |  ETA: 3:06:53
Sampling (4 threads)  50%|███████████████▏              |  ETA: 3:07:50
Sampling (4 threads)  51%|███████████████▎              |  ETA: 3:04:07
Sampling (4 threads)  52%|███████████████▌              |  ETA: 3:00:28
Sampling (4 threads)  52%|███████████████▋              |  ETA: 3:01:17
Sampling (4 threads)  52%|███████████████▊              |  ETA: 2:57:41
Sampling (4 threads)  53%|███████████████▉              |  ETA: 2:54:09
Sampling (4 threads)  54%|████████████████              |  ETA: 2:54:43
Sampling (4 threads)  54%|████████████████▎             |  ETA: 2:51:14
Sampling (4 threads)  55%|████████████████▍             |  ETA: 2:47:49
Sampling (4 threads)  55%|████████████████▌             |  ETA: 2:46:43
Sampling (4 threads)  56%|████████████████▋             |  ETA: 2:43:23
Sampling (4 threads)  56%|████████████████▊             |  ETA: 2:43:54
Sampling (4 threads)  56%|█████████████████             |  ETA: 2:40:36
Sampling (4 threads)  57%|█████████████████▏            |  ETA: 2:42:50
Sampling (4 threads)  57%|█████████████████▎            |  ETA: 2:39:32
Sampling (4 threads)  58%|█████████████████▍            |  ETA: 2:36:18
Sampling (4 threads)  58%|█████████████████▌            |  ETA: 2:37:30
Sampling (4 threads)  59%|█████████████████▊            |  ETA: 2:34:17
Sampling (4 threads)  60%|█████████████████▉            |  ETA: 2:31:07
Sampling (4 threads)  60%|██████████████████            |  ETA: 2:31:07
Sampling (4 threads)  60%|██████████████████▏           |  ETA: 2:28:00
Sampling (4 threads)  61%|██████████████████▎           |  ETA: 2:29:06
Sampling (4 threads)  62%|██████████████████▌           |  ETA: 2:26:00
Sampling (4 threads)  62%|██████████████████▋           |  ETA: 2:22:56
Sampling (4 threads)  62%|██████████████████▊           |  ETA: 2:22:47
Sampling (4 threads)  63%|██████████████████▉           |  ETA: 2:19:45
Sampling (4 threads)  64%|███████████████████           |  ETA: 2:19:24
Sampling (4 threads)  64%|███████████████████▎          |  ETA: 2:16:25
Sampling (4 threads)  64%|███████████████████▍          |  ETA: 2:16:29
Sampling (4 threads)  65%|███████████████████▌          |  ETA: 2:13:32
Sampling (4 threads)  66%|███████████████████▋          |  ETA: 2:14:25
Sampling (4 threads)  66%|███████████████████▊          |  ETA: 2:11:27
Sampling (4 threads)  66%|████████████████████          |  ETA: 2:08:33
Sampling (4 threads)  67%|████████████████████▏         |  ETA: 2:08:02
Sampling (4 threads)  68%|████████████████████▎         |  ETA: 2:05:10
Sampling (4 threads)  68%|████████████████████▍         |  ETA: 2:04:50
Sampling (4 threads)  68%|████████████████████▌         |  ETA: 2:02:00
Sampling (4 threads)  69%|████████████████████▊         |  ETA: 2:01:17
Sampling (4 threads)  70%|████████████████████▉         |  ETA: 1:58:28
Sampling (4 threads)  70%|█████████████████████         |  ETA: 1:57:56
Sampling (4 threads)  70%|█████████████████████▏        |  ETA: 1:55:09
Sampling (4 threads)  71%|█████████████████████▎        |  ETA: 1:54:17
Sampling (4 threads)  72%|█████████████████████▌        |  ETA: 1:51:32
Sampling (4 threads)  72%|█████████████████████▋        |  ETA: 1:50:52
Sampling (4 threads)  72%|█████████████████████▊        |  ETA: 1:48:08
Sampling (4 threads)  73%|█████████████████████▉        |  ETA: 1:47:03
Sampling (4 threads)  74%|██████████████████████        |  ETA: 1:44:21
Sampling (4 threads)  74%|██████████████████████▎       |  ETA: 1:41:41
Sampling (4 threads)  74%|██████████████████████▍       |  ETA: 1:41:34
Sampling (4 threads)  75%|██████████████████████▌       |  ETA: 1:38:54
Sampling (4 threads)  76%|██████████████████████▋       |  ETA: 1:36:17
Sampling (4 threads)  76%|██████████████████████▊       |  ETA: 1:35:05
Sampling (4 threads)  76%|███████████████████████       |  ETA: 1:34:01
Sampling (4 threads)  77%|███████████████████████▏      |  ETA: 1:32:37
Sampling (4 threads)  78%|███████████████████████▎      |  ETA: 1:31:19
Sampling (4 threads)  78%|███████████████████████▍      |  ETA: 1:29:38
Sampling (4 threads)  78%|███████████████████████▌      |  ETA: 1:30:48
Sampling (4 threads)  79%|███████████████████████▊      |  ETA: 1:30:40
Sampling (4 threads)  80%|███████████████████████▉      |  ETA: 1:28:57
Sampling (4 threads)  80%|████████████████████████      |  ETA: 1:27:39
Sampling (4 threads)  80%|████████████████████████▏     |  ETA: 1:26:25
Sampling (4 threads)  81%|████████████████████████▎     |  ETA: 1:24:58
Sampling (4 threads)  82%|████████████████████████▌     |  ETA: 1:24:28
Sampling (4 threads)  82%|████████████████████████▋     |  ETA: 1:22:40
Sampling (4 threads)  82%|████████████████████████▊     |  ETA: 1:22:00
Sampling (4 threads)  83%|████████████████████████▉     |  ETA: 1:20:45
Sampling (4 threads)  84%|█████████████████████████     |  ETA: 1:18:54
Sampling (4 threads)  84%|█████████████████████████▎    |  ETA: 1:16:41
Sampling (4 threads)  84%|█████████████████████████▍    |  ETA: 1:14:37
Sampling (4 threads)  85%|█████████████████████████▌    |  ETA: 1:12:13
Sampling (4 threads)  86%|█████████████████████████▋    |  ETA: 1:09:50
Sampling (4 threads)  86%|█████████████████████████▊    |  ETA: 1:07:38
Sampling (4 threads)  86%|██████████████████████████    |  ETA: 1:05:21
Sampling (4 threads)  87%|██████████████████████████▏   |  ETA: 1:03:08
Sampling (4 threads)  88%|██████████████████████████▎   |  ETA: 1:00:34
Sampling (4 threads)  88%|██████████████████████████▍   |  ETA: 0:58:20
Sampling (4 threads)  88%|██████████████████████████▌   |  ETA: 0:56:01
Sampling (4 threads)  89%|██████████████████████████▊   |  ETA: 0:53:34
Sampling (4 threads)  90%|██████████████████████████▉   |  ETA: 0:51:01
Sampling (4 threads)  90%|███████████████████████████   |  ETA: 0:48:32
Sampling (4 threads)  90%|███████████████████████████▏  |  ETA: 0:46:04
Sampling (4 threads)  91%|███████████████████████████▎  |  ETA: 0:43:34
Sampling (4 threads)  92%|███████████████████████████▌  |  ETA: 0:41:04
Sampling (4 threads)  92%|███████████████████████████▋  |  ETA: 0:38:39
Sampling (4 threads)  92%|███████████████████████████▊  |  ETA: 0:36:16
Sampling (4 threads)  93%|███████████████████████████▉  |  ETA: 0:33:46
Sampling (4 threads)  94%|████████████████████████████  |  ETA: 0:31:19
Sampling (4 threads)  94%|████████████████████████████▎ |  ETA: 0:28:52
Sampling (4 threads)  94%|████████████████████████████▍ |  ETA: 0:26:27
Sampling (4 threads)  95%|████████████████████████████▌ |  ETA: 0:24:04
Sampling (4 threads)  96%|████████████████████████████▋ |  ETA: 0:21:38
Sampling (4 threads)  96%|████████████████████████████▊ |  ETA: 0:19:12
Sampling (4 threads)  96%|█████████████████████████████ |  ETA: 0:16:50
Sampling (4 threads)  97%|█████████████████████████████▏|  ETA: 0:14:24
Sampling (4 threads)  98%|█████████████████████████████▎|  ETA: 0:12:00
Sampling (4 threads)  98%|█████████████████████████████▍|  ETA: 0:09:35
Sampling (4 threads)  98%|█████████████████████████████▌|  ETA: 0:07:12
Sampling (4 threads)  99%|█████████████████████████████▊|  ETA: 0:04:48
Sampling (4 threads) 100%|█████████████████████████████▉|  ETA: 0:02:25
Sampling (4 threads) 100%|██████████████████████████████| Time: 8:02:30
Sampling (4 threads) 100%|██████████████████████████████| Time: 8:02:35
Sampling (4 threads)   0%|                              |  ETA: N/A
┌ Info: Found initial step size
└   ϵ = 0.0015625
┌ Info: Found initial step size
└   ϵ = 0.0015625
┌ Info: Found initial step size
└   ϵ = 0.00078125
┌ Info: Found initial step size
└   ϵ = 0.00078125
Sampling (4 threads)   0%|▏                             |  ETA: 10:47:44
Sampling (4 threads)   1%|▎                             |  ETA: 5:22:19
Sampling (4 threads)   2%|▌                             |  ETA: 16:10:46
Sampling (4 threads)   2%|▋                             |  ETA: 12:04:23
Sampling (4 threads)   2%|▊                             |  ETA: 9:36:33
Sampling (4 threads)   3%|▉                             |  ETA: 18:04:43
Sampling (4 threads)   4%|█                             |  ETA: 15:24:58
Sampling (4 threads)   4%|█▎                            |  ETA: 13:25:09
Sampling (4 threads)   4%|█▍                            |  ETA: 15:17:31
Sampling (4 threads)   5%|█▌                            |  ETA: 13:41:26
Sampling (4 threads)   6%|█▋                            |  ETA: 16:30:27
Sampling (4 threads)   6%|█▊                            |  ETA: 15:03:07
Sampling (4 threads)   6%|██                            |  ETA: 13:49:12
Sampling (4 threads)   7%|██▏                           |  ETA: 12:45:52
Sampling (4 threads)   8%|██▎                           |  ETA: 12:46:41
Sampling (4 threads)   8%|██▍                           |  ETA: 11:54:53
Sampling (4 threads)   8%|██▌                           |  ETA: 11:09:10
Sampling (4 threads)   9%|██▊                           |  ETA: 11:22:19
Sampling (4 threads)  10%|██▉                           |  ETA: 10:42:51
Sampling (4 threads)  10%|███                           |  ETA: 10:07:20
Sampling (4 threads)  10%|███▏                          |  ETA: 10:07:52
Sampling (4 threads)  11%|███▎                          |  ETA: 9:37:00
Sampling (4 threads)  12%|███▌                          |  ETA: 9:08:49
Sampling (4 threads)  12%|███▋                          |  ETA: 9:11:58
Sampling (4 threads)  12%|███▊                          |  ETA: 8:46:53
Sampling (4 threads)  13%|███▉                          |  ETA: 8:23:43
Sampling (4 threads)  14%|████                          |  ETA: 8:13:43
Sampling (4 threads)  14%|████▎                         |  ETA: 7:53:20
Sampling (4 threads)  14%|████▍                         |  ETA: 7:49:18
Sampling (4 threads)  15%|████▌                         |  ETA: 7:31:00
Sampling (4 threads)  16%|████▋                         |  ETA: 7:20:07
Sampling (4 threads)  16%|████▊                         |  ETA: 7:03:51
Sampling (4 threads)  16%|█████                         |  ETA: 7:01:25
Sampling (4 threads)  17%|█████▏                        |  ETA: 6:46:34
Sampling (4 threads)  18%|█████▎                        |  ETA: 6:37:51
Sampling (4 threads)  18%|█████▍                        |  ETA: 6:24:27
Sampling (4 threads)  18%|█████▌                        |  ETA: 6:23:22
Sampling (4 threads)  19%|█████▊                        |  ETA: 6:11:00
Sampling (4 threads)  20%|█████▉                        |  ETA: 5:59:15
Sampling (4 threads)  20%|██████                        |  ETA: 5:57:32
Sampling (4 threads)  20%|██████▏                       |  ETA: 5:46:38
Sampling (4 threads)  21%|██████▎                       |  ETA: 5:36:15
Sampling (4 threads)  22%|██████▌                       |  ETA: 5:35:12
Sampling (4 threads)  22%|██████▋                       |  ETA: 5:25:29
Sampling (4 threads)  22%|██████▊                       |  ETA: 5:16:13
Sampling (4 threads)  23%|██████▉                       |  ETA: 5:17:00
Sampling (4 threads)  24%|███████                       |  ETA: 5:08:15
Sampling (4 threads)  24%|███████▎                      |  ETA: 4:59:51
Sampling (4 threads)  24%|███████▍                      |  ETA: 5:01:16
Sampling (4 threads)  25%|███████▌                      |  ETA: 4:53:17
Sampling (4 threads)  26%|███████▋                      |  ETA: 4:45:37
Sampling (4 threads)  26%|███████▊                      |  ETA: 4:38:14
Sampling (4 threads)  26%|████████                      |  ETA: 4:41:14
Sampling (4 threads)  27%|████████▏                     |  ETA: 4:34:09
Sampling (4 threads)  28%|████████▎                     |  ETA: 4:31:50
Sampling (4 threads)  28%|████████▍                     |  ETA: 4:25:08
Sampling (4 threads)  28%|████████▌                     |  ETA: 4:18:40
Sampling (4 threads)  29%|████████▊                     |  ETA: 4:17:56
Sampling (4 threads)  30%|████████▉                     |  ETA: 4:11:46
Sampling (4 threads)  30%|█████████                     |  ETA: 4:05:49
Sampling (4 threads)  30%|█████████▏                    |  ETA: 4:04:35
Sampling (4 threads)  31%|█████████▎                    |  ETA: 3:58:55
Sampling (4 threads)  32%|█████████▌                    |  ETA: 3:57:55
Sampling (4 threads)  32%|█████████▋                    |  ETA: 3:52:29
Sampling (4 threads)  32%|█████████▊                    |  ETA: 3:47:14
Sampling (4 threads)  33%|█████████▉                    |  ETA: 3:42:08
Sampling (4 threads)  34%|██████████                    |  ETA: 3:40:53
Sampling (4 threads)  34%|██████████▎                   |  ETA: 3:36:00
Sampling (4 threads)  34%|██████████▍                   |  ETA: 3:31:15
Sampling (4 threads)  35%|██████████▌                   |  ETA: 3:30:52
Sampling (4 threads)  36%|██████████▋                   |  ETA: 3:26:18
Sampling (4 threads)  36%|██████████▊                   |  ETA: 3:23:52
Sampling (4 threads)  36%|███████████                   |  ETA: 3:19:31
Sampling (4 threads)  37%|███████████▏                  |  ETA: 3:18:35
Sampling (4 threads)  38%|███████████▎                  |  ETA: 3:14:23
Sampling (4 threads)  38%|███████████▍                  |  ETA: 3:10:17
Sampling (4 threads)  38%|███████████▌                  |  ETA: 3:09:37
Sampling (4 threads)  39%|███████████▊                  |  ETA: 3:05:40
Sampling (4 threads)  40%|███████████▉                  |  ETA: 3:01:49
Sampling (4 threads)  40%|████████████                  |  ETA: 3:15:42
Sampling (4 threads)  40%|████████████▏                 |  ETA: 3:11:41
Sampling (4 threads)  41%|████████████▎                 |  ETA: 3:07:45
Sampling (4 threads)  42%|████████████▌                 |  ETA: 3:11:53
Sampling (4 threads)  42%|████████████▋                 |  ETA: 3:07:59
Sampling (4 threads)  42%|████████████▊                 |  ETA: 3:04:10
Sampling (4 threads)  43%|████████████▉                 |  ETA: 3:18:48
Sampling (4 threads)  44%|█████████████                 |  ETA: 3:14:48
Sampling (4 threads)  44%|█████████████▎                |  ETA: 3:10:52
Sampling (4 threads)  44%|█████████████▍                |  ETA: 3:07:03
Sampling (4 threads)  45%|█████████████▌                |  ETA: 3:07:24
Sampling (4 threads)  46%|█████████████▋                |  ETA: 3:03:39
Sampling (4 threads)  46%|█████████████▊                |  ETA: 2:59:59
Sampling (4 threads)  46%|██████████████                |  ETA: 3:00:54
Sampling (4 threads)  47%|██████████████▏               |  ETA: 2:57:18
Sampling (4 threads)  48%|██████████████▎               |  ETA: 2:53:47
Sampling (4 threads)  48%|██████████████▍               |  ETA: 2:52:32
Sampling (4 threads)  48%|██████████████▌               |  ETA: 2:49:07
Sampling (4 threads)  49%|██████████████▊               |  ETA: 2:45:46
Sampling (4 threads)  50%|██████████████▉               |  ETA: 2:42:29
Sampling (4 threads)  50%|███████████████               |  ETA: 2:41:38
Sampling (4 threads)  50%|███████████████▏              |  ETA: 2:38:26
Sampling (4 threads)  51%|███████████████▎              |  ETA: 2:35:18
Sampling (4 threads)  52%|███████████████▌              |  ETA: 2:34:10
Sampling (4 threads)  52%|███████████████▋              |  ETA: 2:31:07
Sampling (4 threads)  52%|███████████████▊              |  ETA: 2:28:07
Sampling (4 threads)  53%|███████████████▉              |  ETA: 2:26:13
Sampling (4 threads)  54%|████████████████              |  ETA: 2:23:19
Sampling (4 threads)  54%|████████████████▎             |  ETA: 2:22:06
Sampling (4 threads)  55%|████████████████▍             |  ETA: 2:19:16
Sampling (4 threads)  55%|████████████████▌             |  ETA: 2:16:29
Sampling (4 threads)  56%|████████████████▋             |  ETA: 2:15:34
Sampling (4 threads)  56%|████████████████▊             |  ETA: 2:12:51
Sampling (4 threads)  56%|█████████████████             |  ETA: 2:10:11
Sampling (4 threads)  57%|█████████████████▏            |  ETA: 2:09:49
Sampling (4 threads)  57%|█████████████████▎            |  ETA: 2:07:11
Sampling (4 threads)  58%|█████████████████▍            |  ETA: 2:04:37
Sampling (4 threads)  58%|█████████████████▌            |  ETA: 2:03:43
Sampling (4 threads)  59%|█████████████████▊            |  ETA: 2:01:12
Sampling (4 threads)  60%|█████████████████▉            |  ETA: 1:58:43
Sampling (4 threads)  60%|██████████████████            |  ETA: 1:58:18
Sampling (4 threads)  60%|██████████████████▏           |  ETA: 1:55:51
Sampling (4 threads)  61%|██████████████████▎           |  ETA: 1:53:27
Sampling (4 threads)  62%|██████████████████▌           |  ETA: 1:52:53
Sampling (4 threads)  62%|██████████████████▋           |  ETA: 1:50:31
Sampling (4 threads)  62%|██████████████████▊           |  ETA: 1:48:11
Sampling (4 threads)  63%|██████████████████▉           |  ETA: 1:47:18
Sampling (4 threads)  64%|███████████████████           |  ETA: 1:45:01
Sampling (4 threads)  64%|███████████████████▎          |  ETA: 1:43:55
Sampling (4 threads)  64%|███████████████████▍          |  ETA: 1:41:40
Sampling (4 threads)  65%|███████████████████▌          |  ETA: 1:43:06
Sampling (4 threads)  66%|███████████████████▋          |  ETA: 1:40:51
Sampling (4 threads)  66%|███████████████████▊          |  ETA: 1:39:45
Sampling (4 threads)  66%|████████████████████          |  ETA: 1:37:33
Sampling (4 threads)  67%|████████████████████▏         |  ETA: 1:36:37
Sampling (4 threads)  68%|████████████████████▎         |  ETA: 1:34:27
Sampling (4 threads)  68%|████████████████████▍         |  ETA: 1:33:23
Sampling (4 threads)  68%|████████████████████▌         |  ETA: 1:31:15
Sampling (4 threads)  69%|████████████████████▊         |  ETA: 1:30:18
Sampling (4 threads)  70%|████████████████████▉         |  ETA: 1:28:12
Sampling (4 threads)  70%|█████████████████████         |  ETA: 1:27:15
Sampling (4 threads)  70%|█████████████████████▏        |  ETA: 1:25:11
Sampling (4 threads)  71%|█████████████████████▎        |  ETA: 1:24:14
Sampling (4 threads)  72%|█████████████████████▌        |  ETA: 1:22:12
Sampling (4 threads)  72%|█████████████████████▋        |  ETA: 1:21:05
Sampling (4 threads)  72%|█████████████████████▊        |  ETA: 1:19:05
Sampling (4 threads)  73%|█████████████████████▉        |  ETA: 1:17:07
Sampling (4 threads)  74%|██████████████████████        |  ETA: 1:16:06
Sampling (4 threads)  74%|██████████████████████▎       |  ETA: 1:14:09
Sampling (4 threads)  74%|██████████████████████▍       |  ETA: 1:12:59
Sampling (4 threads)  75%|██████████████████████▌       |  ETA: 1:11:05
Sampling (4 threads)  76%|██████████████████████▋       |  ETA: 1:09:12
Sampling (4 threads)  76%|██████████████████████▊       |  ETA: 1:08:04
Sampling (4 threads)  76%|███████████████████████       |  ETA: 1:06:30
Sampling (4 threads)  77%|███████████████████████▏      |  ETA: 1:05:00
Sampling (4 threads)  78%|███████████████████████▎      |  ETA: 1:03:31
Sampling (4 threads)  78%|███████████████████████▍      |  ETA: 1:02:03
Sampling (4 threads)  78%|███████████████████████▌      |  ETA: 1:00:27
Sampling (4 threads)  79%|███████████████████████▊      |  ETA: 0:58:54
Sampling (4 threads)  80%|███████████████████████▉      |  ETA: 0:57:22
Sampling (4 threads)  80%|████████████████████████      |  ETA: 0:56:04
Sampling (4 threads)  80%|████████████████████████▏     |  ETA: 0:54:45
Sampling (4 threads)  81%|████████████████████████▎     |  ETA: 0:53:13
Sampling (4 threads)  82%|████████████████████████▌     |  ETA: 0:51:50
Sampling (4 threads)  82%|████████████████████████▋     |  ETA: 0:50:30
Sampling (4 threads)  82%|████████████████████████▊     |  ETA: 0:49:12
Sampling (4 threads)  83%|████████████████████████▉     |  ETA: 0:48:11
Sampling (4 threads)  84%|█████████████████████████     |  ETA: 0:46:47
Sampling (4 threads)  84%|█████████████████████████▎    |  ETA: 0:45:42
Sampling (4 threads)  84%|█████████████████████████▍    |  ETA: 0:44:46
Sampling (4 threads)  85%|█████████████████████████▌    |  ETA: 0:43:26
Sampling (4 threads)  86%|█████████████████████████▋    |  ETA: 0:41:58
Sampling (4 threads)  86%|█████████████████████████▊    |  ETA: 0:40:31
Sampling (4 threads)  86%|██████████████████████████    |  ETA: 0:39:10
Sampling (4 threads)  87%|██████████████████████████▏   |  ETA: 0:37:47
Sampling (4 threads)  88%|██████████████████████████▎   |  ETA: 0:36:24
Sampling (4 threads)  88%|██████████████████████████▍   |  ETA: 0:35:00
Sampling (4 threads)  88%|██████████████████████████▌   |  ETA: 0:33:38
Sampling (4 threads)  89%|██████████████████████████▊   |  ETA: 0:33:01
Sampling (4 threads)  90%|██████████████████████████▉   |  ETA: 0:32:44
Sampling (4 threads)  90%|███████████████████████████   |  ETA: 0:31:19
Sampling (4 threads)  90%|███████████████████████████▏  |  ETA: 0:32:29
Sampling (4 threads)  91%|███████████████████████████▎  |  ETA: 0:34:11
Sampling (4 threads)  92%|███████████████████████████▌  |  ETA: 0:35:24
Sampling (4 threads)  92%|███████████████████████████▋  |  ETA: 0:35:18
Sampling (4 threads)  92%|███████████████████████████▊  |  ETA: 0:34:36
Sampling (4 threads)  93%|███████████████████████████▉  |  ETA: 0:35:24
Sampling (4 threads)  94%|████████████████████████████  |  ETA: 0:32:59
Sampling (4 threads)  94%|████████████████████████████▎ |  ETA: 0:30:56
Sampling (4 threads)  94%|████████████████████████████▍ |  ETA: 0:29:21
Sampling (4 threads)  95%|████████████████████████████▌ |  ETA: 0:26:47
Sampling (4 threads)  96%|████████████████████████████▋ |  ETA: 0:25:18
Sampling (4 threads)  96%|████████████████████████████▊ |  ETA: 0:23:26
Sampling (4 threads)  96%|█████████████████████████████ |  ETA: 0:20:34
Sampling (4 threads)  97%|█████████████████████████████▏|  ETA: 0:17:59
Sampling (4 threads)  98%|█████████████████████████████▎|  ETA: 0:15:36
Sampling (4 threads)  98%|█████████████████████████████▍|  ETA: 0:12:45
Sampling (4 threads)  98%|█████████████████████████████▌|  ETA: 0:09:54
Sampling (4 threads)  99%|█████████████████████████████▊|  ETA: 0:06:39
Sampling (4 threads) 100%|█████████████████████████████▉|  ETA: 0:03:21
Sampling (4 threads) 100%|██████████████████████████████| Time: 11:07:42
Sampling (4 threads) 100%|██████████████████████████████| Time: 11:07:45
