Chains MCMC chain (250×91×4 Array{Float64, 3}):

Iterations        = 126:1:375
Number of chains  = 4
Samples per chain = 250
Wall duration     = 7224.33 seconds
Compute duration  = 25613.34 seconds
parameters        = σ_w[1], σ_w[2], ρ_w[1,1], ρ_w[2,1], ρ_w[1,2], ρ_w[2,2], ab_w[1,1], ab_w[2,1], ab_w[1,2], ab_w[2,2], ab_w[1,3], ab_w[2,3], ab_w[1,4], ab_w[2,4], ab_w[1,5], ab_w[2,5], σ_p[1], σ_p[2], ρ_p[1,1], ρ_p[2,1], ρ_p[1,2], ρ_p[2,2], ab_p[1,1], ab_p[2,1], ab_p[1,2], ab_p[2,2], ab_p[1,3], ab_p[2,3], ab_p[1,4], ab_p[2,4], ab_p[1,5], ab_p[2,5], ab_p[1,6], ab_p[2,6], ab_p[1,7], ab_p[2,7], ab_p[1,8], ab_p[2,8], ab_p[1,9], ab_p[2,9], ab_p[1,10], ab_p[2,10], ab_p[1,11], ab_p[2,11], ab_p[1,12], ab_p[2,12], ab_p[1,13], ab_p[2,13], ab_p[1,14], ab_p[2,14], ab_p[1,15], ab_p[2,15], ab_p[1,16], ab_p[2,16], ab_p[1,17], ab_p[2,17], ab_p[1,18], ab_p[2,18], ab_p[1,19], ab_p[2,19], ab_p[1,20], ab_p[2,20], ab_p[1,21], ab_p[2,21], ab_p[1,22], ab_p[2,22], ab_p[1,23], ab_p[2,23], ab_p[1,24], ab_p[2,24], σ_e[1], σ_e[2], ρ_e[1,1], ρ_e[2,1], ρ_e[1,2], ρ_e[2,2], ab_e[1,1], ab_e[2,1], σ
internals         = lp, n_steps, is_accept, acceptance_rate, log_density, hamiltonian_energy, hamiltonian_energy_error, max_hamiltonian_energy_error, tree_depth, numerical_error, step_size, nom_step_size

Summary Statistics
  parameters      mean       std      mcse    ess_bulk   ess_tail      rhat   ess_per_sec
      Symbol   Float64   Float64   Float64     Float64    Float64   Float64       Float64

      σ_w[1]    0.0605    0.0416    0.0027    331.4668   254.3211    1.0081        0.0129
      σ_w[2]    0.0172    0.0128    0.0009     85.7747   224.8067    1.0496        0.0033
    ρ_w[1,1]    1.0000    0.0000       NaN         NaN        NaN       NaN           NaN
    ρ_w[2,1]    0.2700    0.3949    0.0182    474.1910   403.6664    1.0087        0.0185
    ρ_w[1,2]    0.2700    0.3949    0.0182    474.1910   403.6664    1.0087        0.0185
    ρ_w[2,2]    1.0000    0.0000    0.0000    810.0175   772.6551    1.0040        0.0316
   ab_w[1,1]    0.0101    0.0309    0.0010    919.7177   813.2740    1.0031        0.0359
   ab_w[2,1]    0.0022    0.0130    0.0004    940.8687   736.4951    1.0182        0.0367
   ab_w[1,2]   -0.0655    0.0279    0.0010    645.6590   596.7618    1.0084        0.0252
   ab_w[2,2]   -0.0141    0.0121    0.0005    581.9329   902.3506    1.0084        0.0227
   ab_w[1,3]    0.0213    0.0261    0.0009    861.9624   637.5292    1.0057        0.0337
   ab_w[2,3]    0.0024    0.0109    0.0004    930.1817   633.3004    1.0097        0.0363
   ab_w[1,4]    0.0217    0.0295    0.0009    898.1666   475.9201    1.0045        0.0351
   ab_w[2,4]    0.0077    0.0146    0.0007    550.8470   568.9830    1.0132        0.0215
   ab_w[1,5]    0.0172    0.0266    0.0009    784.0264   523.4952    1.0061        0.0306
   ab_w[2,5]    0.0043    0.0111    0.0004    975.8507   694.3550    1.0035        0.0381
      σ_p[1]    0.1614    0.0245    0.0008    913.5258   691.4005    1.0088        0.0357
      σ_p[2]    0.0391    0.0089    0.0004    514.7804   543.5371    1.0011        0.0201
    ρ_p[1,1]    1.0000    0.0000       NaN         NaN        NaN       NaN           NaN
    ρ_p[2,1]   -0.3028    0.2474    0.0129    480.0634   233.5011    1.0172        0.0187
    ρ_p[1,2]   -0.3028    0.2474    0.0129    480.0634   233.5011    1.0172        0.0187
    ρ_p[2,2]    1.0000    0.0000    0.0000    804.6359   890.2234    1.0038        0.0314
   ab_p[1,1]   -0.0167    0.0372    0.0013    863.2359   667.9820    1.0045        0.0337
   ab_p[2,1]    0.0195    0.0224    0.0007   1044.0560   672.8416    1.0006        0.0408
   ab_p[1,2]   -0.1859    0.0373    0.0013    888.7543   743.4173    1.0001        0.0347
   ab_p[2,2]    0.0278    0.0204    0.0006   1066.2405   727.1404    1.0023        0.0416
   ab_p[1,3]    0.0606    0.0361    0.0012    868.4204   735.7209    1.0058        0.0339
   ab_p[2,3]    0.0147    0.0214    0.0006   1107.0030   713.5808    1.0050        0.0432
   ab_p[1,4]   -0.1608    0.0371    0.0012    996.1955   675.2593    1.0081        0.0389
   ab_p[2,4]   -0.0032    0.0209    0.0007    956.1669   802.1676    1.0052        0.0373
   ab_p[1,5]   -0.0886    0.0366    0.0013    779.5675   675.0574    1.0019        0.0304
   ab_p[2,5]   -0.0173    0.0205    0.0007    887.1635   710.5734    1.0093        0.0346
   ab_p[1,6]    0.0443    0.0380    0.0013    843.6271   748.6299    1.0008        0.0329
   ab_p[2,6]   -0.0825    0.0242    0.0009    721.6157   428.3299    1.0053        0.0282
   ab_p[1,7]   -0.0504    0.0373    0.0012    935.3063   712.8774    1.0014        0.0365
   ab_p[2,7]    0.0290    0.0205    0.0007    972.6150   618.4686    1.0059        0.0380
   ab_p[1,8]    0.0744    0.0369    0.0012    938.0786   790.0994    1.0052        0.0366
   ab_p[2,8]   -0.0419    0.0219    0.0007    946.8858   583.8747    1.0027        0.0370
   ab_p[1,9]    0.0679    0.0381    0.0013    904.8841   684.2774    1.0058        0.0353
   ab_p[2,9]   -0.0449    0.0201    0.0006    959.3288   632.8985    1.0095        0.0375
  ab_p[1,10]   -0.0560    0.0372    0.0012    905.3001   669.5125    1.0008        0.0353
  ab_p[2,10]    0.0201    0.0197    0.0006   1030.9778   587.3910    1.0126        0.0403
  ab_p[1,11]    0.0720    0.0363    0.0012    901.7072   802.7753    1.0044        0.0352
  ab_p[2,11]    0.0245    0.0200    0.0006   1136.9436   781.1286    1.0036        0.0444
  ab_p[1,12]    0.2025    0.0363    0.0012    926.5894   753.9755    1.0059        0.0362
  ab_p[2,12]   -0.0322    0.0201    0.0006    998.5652   793.6149    1.0013        0.0390
  ab_p[1,13]   -0.1437    0.0371    0.0013    787.7564   736.7012    1.0006        0.0308
  ab_p[2,13]    0.0157    0.0223    0.0007    994.9764   626.6898    1.0111        0.0388
  ab_p[1,14]    0.0568    0.0366    0.0013    888.1341   710.9583    1.0000        0.0347
  ab_p[2,14]   -0.0454    0.0228    0.0008    762.9929   700.3609    1.0113        0.0298
  ab_p[1,15]   -0.0061    0.0366    0.0012    936.3585   792.7698    1.0010        0.0366
  ab_p[2,15]    0.0030    0.0219    0.0007   1063.3652   695.0377    1.0018        0.0415
  ab_p[1,16]    0.0096    0.0360    0.0012    920.6511   748.8570    1.0015        0.0359
  ab_p[2,16]    0.0106    0.0204    0.0006   1037.1748   703.2050    1.0032        0.0405
  ab_p[1,17]   -0.3175    0.0373    0.0013    804.6042   588.8822    1.0037        0.0314
  ab_p[2,17]    0.0315    0.0212    0.0009    611.8085   515.9914    1.0030        0.0239
  ab_p[1,18]   -0.0541    0.0364    0.0012    925.8296   792.6214    1.0026        0.0361
  ab_p[2,18]    0.0235    0.0207    0.0007    981.3999   722.5597    1.0004        0.0383
  ab_p[1,19]    0.4218    0.0375    0.0013    808.3840   821.1471    1.0009        0.0316
  ab_p[2,19]   -0.0110    0.0233    0.0008    887.3361   302.8286    1.0009        0.0346
  ab_p[1,20]    0.0596    0.0383    0.0013    873.4869   715.6802    1.0060        0.0341
  ab_p[2,20]    0.0237    0.0210    0.0007    888.7205   640.5623    1.0001        0.0347
  ab_p[1,21]   -0.1017    0.0382    0.0012    929.9934   627.8568    1.0025        0.0363
  ab_p[2,21]    0.0233    0.0211    0.0006   1041.1212   673.9446    1.0065        0.0406
  ab_p[1,22]   -0.1708    0.0354    0.0012    838.2064   714.1597    1.0016        0.0327
  ab_p[2,22]    0.0287    0.0190    0.0006   1017.0821   875.7123    1.0066        0.0397
  ab_p[1,23]    0.1042    0.0369    0.0013    859.1169   713.0047    1.0021        0.0335
  ab_p[2,23]   -0.0229    0.0200    0.0006    983.5592   760.3370    1.0072        0.0384
  ab_p[1,24]    0.1461    0.0366    0.0012    862.5591   782.1039    1.0063        0.0337
  ab_p[2,24]    0.0129    0.0209    0.0007    947.1105   605.0675    1.0005        0.0370
      σ_e[1]    0.3369    0.5531    0.0499     79.9314   118.9087    1.0678        0.0031
      σ_e[2]    0.2870    0.4390    0.0349    116.2986   184.0764    1.0071        0.0045
    ρ_e[1,1]    1.0000    0.0000       NaN         NaN        NaN       NaN           NaN
    ρ_e[2,1]   -0.0040    0.4722    0.0239    405.1127   515.7865    1.0111        0.0158
    ρ_e[1,2]   -0.0040    0.4722    0.0239    405.1127   515.7865    1.0111        0.0158
    ρ_e[2,2]    1.0000    0.0000    0.0000    916.2310   816.5593    0.9995        0.0358
   ab_e[1,1]    0.0042    0.0340    0.0011    918.8586   631.2690    1.0209        0.0359
   ab_e[2,1]    0.0028    0.0127    0.0005    691.0654   763.6268    1.0019        0.0270
           σ    0.9875    0.0034    0.0001    932.8493   757.6822    1.0089        0.0364

Quantiles
  parameters      2.5%     25.0%     50.0%     75.0%     97.5%
      Symbol   Float64   Float64   Float64   Float64   Float64

      σ_w[1]    0.0238    0.0372    0.0488    0.0689    0.1785
      σ_w[2]    0.0033    0.0083    0.0136    0.0223    0.0513
    ρ_w[1,1]    1.0000    1.0000    1.0000    1.0000    1.0000
    ρ_w[2,1]   -0.5510   -0.0321    0.3106    0.5906    0.8741
    ρ_w[1,2]   -0.5510   -0.0321    0.3106    0.5906    0.8741
    ρ_w[2,2]    1.0000    1.0000    1.0000    1.0000    1.0000
   ab_w[1,1]   -0.0481   -0.0070    0.0091    0.0284    0.0729
   ab_w[2,1]   -0.0245   -0.0045    0.0016    0.0091    0.0297
   ab_w[1,2]   -0.1220   -0.0810   -0.0635   -0.0491   -0.0129
   ab_w[2,2]   -0.0416   -0.0214   -0.0126   -0.0057    0.0057
   ab_w[1,3]   -0.0268    0.0065    0.0210    0.0345    0.0733
   ab_w[2,3]   -0.0217   -0.0032    0.0022    0.0085    0.0234
   ab_w[1,4]   -0.0306    0.0028    0.0214    0.0396    0.0794
   ab_w[2,4]   -0.0159   -0.0007    0.0047    0.0136    0.0441
   ab_w[1,5]   -0.0328    0.0028    0.0159    0.0318    0.0720
   ab_w[2,5]   -0.0186   -0.0015    0.0036    0.0102    0.0288
      σ_p[1]    0.1212    0.1434    0.1585    0.1766    0.2157
      σ_p[2]    0.0253    0.0326    0.0382    0.0440    0.0593
    ρ_p[1,1]    1.0000    1.0000    1.0000    1.0000    1.0000
    ρ_p[2,1]   -0.6908   -0.4790   -0.3322   -0.1645    0.2419
    ρ_p[1,2]   -0.6908   -0.4790   -0.3322   -0.1645    0.2419
    ρ_p[2,2]    1.0000    1.0000    1.0000    1.0000    1.0000
   ab_p[1,1]   -0.0929   -0.0411   -0.0171    0.0080    0.0560
   ab_p[2,1]   -0.0248    0.0038    0.0199    0.0349    0.0626
   ab_p[1,2]   -0.2607   -0.2105   -0.1852   -0.1618   -0.1128
   ab_p[2,2]   -0.0121    0.0143    0.0267    0.0420    0.0674
   ab_p[1,3]   -0.0111    0.0370    0.0600    0.0830    0.1322
   ab_p[2,3]   -0.0278    0.0014    0.0150    0.0283    0.0564
   ab_p[1,4]   -0.2347   -0.1830   -0.1606   -0.1364   -0.0881
   ab_p[2,4]   -0.0451   -0.0165   -0.0025    0.0104    0.0380
   ab_p[1,5]   -0.1640   -0.1128   -0.0871   -0.0628   -0.0206
   ab_p[2,5]   -0.0574   -0.0310   -0.0165   -0.0034    0.0208
   ab_p[1,6]   -0.0315    0.0207    0.0432    0.0699    0.1227
   ab_p[2,6]   -0.1286   -0.0989   -0.0816   -0.0670   -0.0342
   ab_p[1,7]   -0.1233   -0.0745   -0.0512   -0.0250    0.0232
   ab_p[2,7]   -0.0103    0.0149    0.0285    0.0430    0.0700
   ab_p[1,8]   -0.0015    0.0514    0.0750    0.0966    0.1493
   ab_p[2,8]   -0.0878   -0.0557   -0.0414   -0.0271   -0.0012
   ab_p[1,9]   -0.0116    0.0433    0.0686    0.0931    0.1391
   ab_p[2,9]   -0.0857   -0.0576   -0.0439   -0.0309   -0.0081
  ab_p[1,10]   -0.1313   -0.0797   -0.0554   -0.0319    0.0158
  ab_p[2,10]   -0.0185    0.0073    0.0193    0.0337    0.0579
  ab_p[1,11]   -0.0004    0.0481    0.0717    0.0957    0.1405
  ab_p[2,11]   -0.0127    0.0112    0.0242    0.0371    0.0660
  ab_p[1,12]    0.1295    0.1803    0.2021    0.2261    0.2743
  ab_p[2,12]   -0.0697   -0.0456   -0.0320   -0.0186    0.0048
  ab_p[1,13]   -0.2183   -0.1681   -0.1437   -0.1185   -0.0726
  ab_p[2,13]   -0.0262   -0.0011    0.0166    0.0323    0.0572
  ab_p[1,14]   -0.0172    0.0343    0.0574    0.0811    0.1265
  ab_p[2,14]   -0.0909   -0.0610   -0.0452   -0.0295   -0.0034
  ab_p[1,15]   -0.0810   -0.0298   -0.0037    0.0175    0.0666
  ab_p[2,15]   -0.0405   -0.0116    0.0040    0.0176    0.0440
  ab_p[1,16]   -0.0607   -0.0134    0.0096    0.0338    0.0785
  ab_p[2,16]   -0.0291   -0.0030    0.0106    0.0244    0.0537
  ab_p[1,17]   -0.3966   -0.3427   -0.3158   -0.2924   -0.2469
  ab_p[2,17]   -0.0091    0.0169    0.0307    0.0458    0.0720
  ab_p[1,18]   -0.1285   -0.0772   -0.0540   -0.0310    0.0191
  ab_p[2,18]   -0.0161    0.0091    0.0237    0.0371    0.0639
  ab_p[1,19]    0.3471    0.3968    0.4221    0.4455    0.4941
  ab_p[2,19]   -0.0541   -0.0264   -0.0125    0.0050    0.0371
  ab_p[1,20]   -0.0207    0.0354    0.0587    0.0856    0.1279
  ab_p[2,20]   -0.0149    0.0095    0.0228    0.0375    0.0637
  ab_p[1,21]   -0.1802   -0.1268   -0.1010   -0.0754   -0.0283
  ab_p[2,21]   -0.0182    0.0095    0.0235    0.0378    0.0653
  ab_p[1,22]   -0.2412   -0.1934   -0.1714   -0.1473   -0.1022
  ab_p[2,22]   -0.0095    0.0165    0.0284    0.0412    0.0665
  ab_p[1,23]    0.0298    0.0812    0.1041    0.1292    0.1729
  ab_p[2,23]   -0.0628   -0.0365   -0.0220   -0.0095    0.0148
  ab_p[1,24]    0.0726    0.1219    0.1460    0.1722    0.2167
  ab_p[2,24]   -0.0280   -0.0014    0.0127    0.0264    0.0553
      σ_e[1]    0.0035    0.0273    0.1129    0.3560    1.8074
      σ_e[2]    0.0070    0.0315    0.1148    0.3278    1.4233
    ρ_e[1,1]    1.0000    1.0000    1.0000    1.0000    1.0000
    ρ_e[2,1]   -0.8017   -0.3735   -0.0046    0.3701    0.8172
    ρ_e[1,2]   -0.8017   -0.3735   -0.0046    0.3701    0.8172
    ρ_e[2,2]    1.0000    1.0000    1.0000    1.0000    1.0000
   ab_e[1,1]   -0.0666   -0.0143    0.0025    0.0236    0.0754
   ab_e[2,1]   -0.0221   -0.0049    0.0023    0.0105    0.0297
           σ    0.9810    0.9852    0.9873    0.9898    0.9941

