Chains MCMC chain (250×91×4 Array{Float64, 3}):

Iterations        = 126:1:375
Number of chains  = 4
Samples per chain = 250
Wall duration     = 7214.43 seconds
Compute duration  = 27518.14 seconds
parameters        = σ_w[1], σ_w[2], ρ_w[1,1], ρ_w[2,1], ρ_w[1,2], ρ_w[2,2], ab_w[1,1], ab_w[2,1], ab_w[1,2], ab_w[2,2], ab_w[1,3], ab_w[2,3], ab_w[1,4], ab_w[2,4], ab_w[1,5], ab_w[2,5], σ_p[1], σ_p[2], ρ_p[1,1], ρ_p[2,1], ρ_p[1,2], ρ_p[2,2], ab_p[1,1], ab_p[2,1], ab_p[1,2], ab_p[2,2], ab_p[1,3], ab_p[2,3], ab_p[1,4], ab_p[2,4], ab_p[1,5], ab_p[2,5], ab_p[1,6], ab_p[2,6], ab_p[1,7], ab_p[2,7], ab_p[1,8], ab_p[2,8], ab_p[1,9], ab_p[2,9], ab_p[1,10], ab_p[2,10], ab_p[1,11], ab_p[2,11], ab_p[1,12], ab_p[2,12], ab_p[1,13], ab_p[2,13], ab_p[1,14], ab_p[2,14], ab_p[1,15], ab_p[2,15], ab_p[1,16], ab_p[2,16], ab_p[1,17], ab_p[2,17], ab_p[1,18], ab_p[2,18], ab_p[1,19], ab_p[2,19], ab_p[1,20], ab_p[2,20], ab_p[1,21], ab_p[2,21], ab_p[1,22], ab_p[2,22], ab_p[1,23], ab_p[2,23], ab_p[1,24], ab_p[2,24], σ_e[1], σ_e[2], ρ_e[1,1], ρ_e[2,1], ρ_e[1,2], ρ_e[2,2], ab_e[1,1], ab_e[2,1], σ
internals         = lp, n_steps, is_accept, acceptance_rate, log_density, hamiltonian_energy, hamiltonian_energy_error, max_hamiltonian_energy_error, tree_depth, numerical_error, step_size, nom_step_size

Summary Statistics
  parameters      mean       std      mcse    ess_bulk    ess_tail      rhat   ess_per_sec
      Symbol   Float64   Float64   Float64     Float64     Float64   Float64       Float64

      σ_w[1]    0.0522    0.0314    0.0013    392.4521    381.0968    1.0217        0.0143
      σ_w[2]    0.0270    0.0191    0.0010    361.2034    435.6397    1.0064        0.0131
    ρ_w[1,1]    1.0000    0.0000       NaN         NaN         NaN       NaN           NaN
    ρ_w[2,1]    0.2714    0.4098    0.0194    431.4987    452.9977    1.0025        0.0157
    ρ_w[1,2]    0.2714    0.4098    0.0194    431.4987    452.9977    1.0025        0.0157
    ρ_w[2,2]    1.0000    0.0000    0.0000    982.0326    859.3597    1.0036        0.0357
   ab_w[1,1]   -0.0095    0.0299    0.0011    803.3737    668.4651    1.0058        0.0292
   ab_w[2,1]   -0.0041    0.0184    0.0006    918.1832    606.4888    1.0022        0.0334
   ab_w[1,2]   -0.0541    0.0279    0.0010    857.6873    534.6248    1.0042        0.0312
   ab_w[2,2]   -0.0220    0.0168    0.0006    885.6110    577.2185    1.0035        0.0322
   ab_w[1,3]    0.0092    0.0270    0.0010    811.0534    571.3842    1.0046        0.0295
   ab_w[2,3]    0.0064    0.0160    0.0006    867.4536    499.2005    1.0016        0.0315
   ab_w[1,4]    0.0349    0.0307    0.0010    951.6173    577.5266    1.0077        0.0346
   ab_w[2,4]   -0.0016    0.0191    0.0006    990.9669    655.0331    1.0038        0.0360
   ab_w[1,5]    0.0123    0.0273    0.0009    878.9171    515.1134    1.0092        0.0319
   ab_w[2,5]    0.0132    0.0171    0.0006    871.9619    620.4822    1.0031        0.0317
      σ_p[1]    0.3409    0.0543    0.0022    719.3580    411.5650    1.0227        0.0261
      σ_p[2]    0.0461    0.0096    0.0004    561.0368    478.5808    1.0011        0.0204
    ρ_p[1,1]    1.0000    0.0000       NaN         NaN         NaN       NaN           NaN
    ρ_p[2,1]   -0.0232    0.2147    0.0071    927.3450    649.5334    1.0016        0.0337
    ρ_p[1,2]   -0.0232    0.2147    0.0071    927.3450    649.5334    1.0016        0.0337
    ρ_p[2,2]    1.0000    0.0000    0.0000    985.1887   1038.7529    0.9981        0.0358
   ab_p[1,1]   -0.1722    0.0564    0.0020    777.6280    723.8077    1.0083        0.0283
   ab_p[2,1]   -0.0503    0.0240    0.0007   1162.4660    865.8840    1.0056        0.0422
   ab_p[1,2]   -0.2250    0.0589    0.0020    860.6674    643.5848    1.0110        0.0313
   ab_p[2,2]   -0.0350    0.0214    0.0007    935.6044    805.3733    1.0079        0.0340
   ab_p[1,3]   -0.3691    0.0584    0.0020    834.2448    725.2163    1.0059        0.0303
   ab_p[2,3]    0.0954    0.0228    0.0007   1107.2104    718.5819    1.0083        0.0402
   ab_p[1,4]   -0.1363    0.0589    0.0020    861.2331    649.2943    1.0048        0.0313
   ab_p[2,4]   -0.0358    0.0216    0.0007    925.5421    719.4836    1.0043        0.0336
   ab_p[1,5]   -0.1702    0.0594    0.0021    827.7588    649.3991    1.0130        0.0301
   ab_p[2,5]   -0.0283    0.0226    0.0007    918.5443    674.7535    1.0051        0.0334
   ab_p[1,6]   -0.1697    0.0587    0.0020    821.8931    644.7286    1.0074        0.0299
   ab_p[2,6]    0.0324    0.0216    0.0007    958.6097    693.9039    1.0015        0.0348
   ab_p[1,7]   -0.2548    0.0585    0.0020    848.6022    576.9239    1.0065        0.0308
   ab_p[2,7]   -0.0091    0.0222    0.0007   1006.5625    819.4976    1.0128        0.0366
   ab_p[1,8]    0.5448    0.0589    0.0021    826.3011    683.8728    1.0044        0.0300
   ab_p[2,8]    0.0080    0.0220    0.0007    923.0366    792.3001    1.0023        0.0335
   ab_p[1,9]    0.0614    0.0584    0.0021    774.5769    570.0253    1.0038        0.0281
   ab_p[2,9]   -0.0396    0.0213    0.0007   1041.7064    548.8973    1.0094        0.0379
  ab_p[1,10]    0.0307    0.0570    0.0019    864.4117    697.3381    1.0039        0.0314
  ab_p[2,10]   -0.0006    0.0208    0.0006   1043.7946    653.2444    1.0003        0.0379
  ab_p[1,11]    0.3759    0.0577    0.0020    800.9209    662.6473    1.0047        0.0291
  ab_p[2,11]    0.0336    0.0222    0.0007   1075.9450    655.1582    1.0013        0.0391
  ab_p[1,12]    0.6832    0.0582    0.0021    757.1281    648.4573    1.0040        0.0275
  ab_p[2,12]   -0.0513    0.0223    0.0010    446.1398    557.9152    1.0163        0.0162
  ab_p[1,13]    0.1004    0.0583    0.0021    811.9560    585.5224    1.0077        0.0295
  ab_p[2,13]    0.0080    0.0219    0.0007    935.9674    744.5845    1.0075        0.0340
  ab_p[1,14]    0.5789    0.0590    0.0021    824.3256    670.7343    1.0074        0.0300
  ab_p[2,14]    0.0113    0.0231    0.0007   1024.6276    682.6790    0.9981        0.0372
  ab_p[1,15]   -0.2131    0.0577    0.0019    883.2591    644.4375    1.0038        0.0321
  ab_p[2,15]    0.0453    0.0224    0.0007    908.0031    535.5950    1.0055        0.0330
  ab_p[1,16]   -0.1491    0.0586    0.0022    750.3887    573.4337    1.0049        0.0273
  ab_p[2,16]   -0.0312    0.0213    0.0007   1034.5061    448.9147    1.0211        0.0376
  ab_p[1,17]   -0.2728    0.0581    0.0021    809.7717    651.1674    1.0077        0.0294
  ab_p[2,17]    0.0507    0.0234    0.0007   1047.3152    718.2413    1.0023        0.0381
  ab_p[1,18]   -0.0357    0.0577    0.0021    769.5440    619.2789    1.0072        0.0280
  ab_p[2,18]    0.0084    0.0224    0.0007   1001.2969    602.2666    1.0105        0.0364
  ab_p[1,19]    0.6089    0.0593    0.0020    854.4579    750.7481    1.0078        0.0311
  ab_p[2,19]    0.0079    0.0224    0.0007   1008.0654    778.3153    1.0051        0.0366
  ab_p[1,20]   -0.0104    0.0589    0.0020    836.2143    626.2955    1.0024        0.0304
  ab_p[2,20]    0.0236    0.0225    0.0008    858.2836    684.3782    1.0042        0.0312
  ab_p[1,21]   -0.3401    0.0587    0.0021    828.4672    748.3915    1.0118        0.0301
  ab_p[2,21]   -0.0265    0.0243    0.0007   1057.0476    587.9056    1.0115        0.0384
  ab_p[1,22]   -0.3202    0.0592    0.0021    785.8271    556.9855    1.0043        0.0286
  ab_p[2,22]   -0.0617    0.0226    0.0007   1009.1376    746.8310    1.0067        0.0367
  ab_p[1,23]   -0.0954    0.0584    0.0020    827.2489    629.3271    1.0100        0.0301
  ab_p[2,23]    0.0081    0.0211    0.0007    991.3338    799.5169    1.0006        0.0360
  ab_p[1,24]    0.0227    0.0589    0.0020    883.2475    586.3631    1.0052        0.0321
  ab_p[2,24]    0.0083    0.0224    0.0008    849.5680    589.5833    1.0046        0.0309
      σ_e[1]    0.3825    0.5342    0.0450     73.8290     94.8946    1.0436        0.0027
      σ_e[2]    0.3361    0.4543    0.0376     89.6180    261.6131    1.0248        0.0033
    ρ_e[1,1]    1.0000    0.0000       NaN         NaN         NaN       NaN           NaN
    ρ_e[2,1]    0.0002    0.4897    0.0238    404.1473    223.5991    1.0182        0.0147
    ρ_e[1,2]    0.0002    0.4897    0.0238    404.1473    223.5991    1.0182        0.0147
    ρ_e[2,2]    1.0000    0.0000    0.0000   1002.2293    823.4629    0.9983        0.0364
   ab_e[1,1]    0.0053    0.0559    0.0019    889.7180    676.1211    1.0139        0.0323
   ab_e[2,1]   -0.0237    0.0183    0.0007    732.5555    510.2121    1.0086        0.0266
           σ    0.9473    0.0032    0.0001    983.5711    801.8430    1.0046        0.0357

Quantiles
  parameters      2.5%     25.0%     50.0%     75.0%     97.5%
      Symbol   Float64   Float64   Float64   Float64   Float64

      σ_w[1]    0.0193    0.0335    0.0455    0.0617    0.1225
      σ_w[2]    0.0067    0.0154    0.0230    0.0321    0.0714
    ρ_w[1,1]    1.0000    1.0000    1.0000    1.0000    1.0000
    ρ_w[2,1]   -0.5496   -0.0227    0.3358    0.6021    0.8823
    ρ_w[1,2]   -0.5496   -0.0227    0.3358    0.6021    0.8823
    ρ_w[2,2]    1.0000    1.0000    1.0000    1.0000    1.0000
   ab_w[1,1]   -0.0741   -0.0260   -0.0090    0.0079    0.0515
   ab_w[2,1]   -0.0415   -0.0135   -0.0027    0.0059    0.0323
   ab_w[1,2]   -0.1150   -0.0688   -0.0526   -0.0375   -0.0027
   ab_w[2,2]   -0.0577   -0.0313   -0.0204   -0.0117    0.0069
   ab_w[1,3]   -0.0486   -0.0050    0.0095    0.0237    0.0631
   ab_w[2,3]   -0.0261   -0.0019    0.0060    0.0146    0.0420
   ab_w[1,4]   -0.0218    0.0158    0.0320    0.0522    0.1031
   ab_w[2,4]   -0.0439   -0.0115   -0.0007    0.0094    0.0340
   ab_w[1,5]   -0.0488   -0.0021    0.0126    0.0275    0.0639
   ab_w[2,5]   -0.0198    0.0029    0.0122    0.0231    0.0487
      σ_p[1]    0.2554    0.3011    0.3350    0.3740    0.4748
      σ_p[2]    0.0309    0.0392    0.0452    0.0518    0.0657
    ρ_p[1,1]    1.0000    1.0000    1.0000    1.0000    1.0000
    ρ_p[2,1]   -0.4208   -0.1794   -0.0213    0.1356    0.3898
    ρ_p[1,2]   -0.4208   -0.1794   -0.0213    0.1356    0.3898
    ρ_p[2,2]    1.0000    1.0000    1.0000    1.0000    1.0000
   ab_p[1,1]   -0.2925   -0.2081   -0.1715   -0.1348   -0.0642
   ab_p[2,1]   -0.1015   -0.0661   -0.0493   -0.0340   -0.0047
   ab_p[1,2]   -0.3485   -0.2609   -0.2240   -0.1849   -0.1056
   ab_p[2,2]   -0.0779   -0.0486   -0.0353   -0.0207    0.0092
   ab_p[1,3]   -0.4892   -0.4035   -0.3676   -0.3319   -0.2563
   ab_p[2,3]    0.0519    0.0796    0.0960    0.1102    0.1430
   ab_p[1,4]   -0.2598   -0.1713   -0.1368   -0.0966   -0.0287
   ab_p[2,4]   -0.0798   -0.0507   -0.0349   -0.0206    0.0050
   ab_p[1,5]   -0.2919   -0.2062   -0.1685   -0.1325   -0.0547
   ab_p[2,5]   -0.0733   -0.0441   -0.0279   -0.0123    0.0136
   ab_p[1,6]   -0.2900   -0.2076   -0.1693   -0.1314   -0.0599
   ab_p[2,6]   -0.0106    0.0178    0.0322    0.0460    0.0750
   ab_p[1,7]   -0.3793   -0.2892   -0.2532   -0.2180   -0.1450
   ab_p[2,7]   -0.0543   -0.0237   -0.0077    0.0054    0.0349
   ab_p[1,8]    0.4205    0.5089    0.5448    0.5853    0.6562
   ab_p[2,8]   -0.0345   -0.0069    0.0076    0.0231    0.0490
   ab_p[1,9]   -0.0610    0.0274    0.0629    0.0988    0.1719
   ab_p[2,9]   -0.0832   -0.0538   -0.0398   -0.0253    0.0025
  ab_p[1,10]   -0.0957   -0.0047    0.0329    0.0678    0.1399
  ab_p[2,10]   -0.0431   -0.0142   -0.0008    0.0129    0.0410
  ab_p[1,11]    0.2658    0.3373    0.3786    0.4138    0.4863
  ab_p[2,11]   -0.0094    0.0186    0.0334    0.0483    0.0761
  ab_p[1,12]    0.5594    0.6466    0.6851    0.7214    0.7962
  ab_p[2,12]   -0.0967   -0.0653   -0.0506   -0.0349   -0.0084
  ab_p[1,13]   -0.0252    0.0649    0.1026    0.1386    0.2094
  ab_p[2,13]   -0.0351   -0.0064    0.0083    0.0224    0.0508
  ab_p[1,14]    0.4546    0.5410    0.5811    0.6192    0.6870
  ab_p[2,14]   -0.0326   -0.0049    0.0104    0.0266    0.0591
  ab_p[1,15]   -0.3351   -0.2493   -0.2110   -0.1747   -0.1014
  ab_p[2,15]   -0.0001    0.0299    0.0456    0.0608    0.0885
  ab_p[1,16]   -0.2702   -0.1864   -0.1487   -0.1099   -0.0364
  ab_p[2,16]   -0.0731   -0.0457   -0.0304   -0.0183    0.0103
  ab_p[1,17]   -0.3880   -0.3108   -0.2716   -0.2356   -0.1593
  ab_p[2,17]    0.0052    0.0348    0.0505    0.0663    0.0975
  ab_p[1,18]   -0.1590   -0.0721   -0.0360    0.0028    0.0722
  ab_p[2,18]   -0.0343   -0.0067    0.0076    0.0233    0.0535
  ab_p[1,19]    0.4834    0.5726    0.6094    0.6476    0.7217
  ab_p[2,19]   -0.0328   -0.0077    0.0075    0.0229    0.0542
  ab_p[1,20]   -0.1303   -0.0483   -0.0109    0.0308    0.1042
  ab_p[2,20]   -0.0199    0.0095    0.0235    0.0383    0.0674
  ab_p[1,21]   -0.4633   -0.3759   -0.3409   -0.3003   -0.2285
  ab_p[2,21]   -0.0762   -0.0429   -0.0252   -0.0099    0.0177
  ab_p[1,22]   -0.4426   -0.3556   -0.3200   -0.2802   -0.2125
  ab_p[2,22]   -0.1051   -0.0776   -0.0619   -0.0463   -0.0187
  ab_p[1,23]   -0.2154   -0.1314   -0.0962   -0.0565    0.0167
  ab_p[2,23]   -0.0330   -0.0059    0.0072    0.0225    0.0481
  ab_p[1,24]   -0.1019   -0.0144    0.0244    0.0615    0.1400
  ab_p[2,24]   -0.0344   -0.0069    0.0092    0.0238    0.0514
      σ_e[1]    0.0074    0.0741    0.1945    0.4492    2.0458
      σ_e[2]    0.0132    0.0567    0.1542    0.4254    1.7383
    ρ_e[1,1]    1.0000    1.0000    1.0000    1.0000    1.0000
    ρ_e[2,1]   -0.8641   -0.3932   -0.0125    0.4015    0.9117
    ρ_e[1,2]   -0.8641   -0.3932   -0.0125    0.4015    0.9117
    ρ_e[2,2]    1.0000    1.0000    1.0000    1.0000    1.0000
   ab_e[1,1]   -0.1041   -0.0254    0.0015    0.0347    0.1233
   ab_e[2,1]   -0.0633   -0.0350   -0.0239   -0.0125    0.0111
           σ    0.9407    0.9452    0.9473    0.9495    0.9539

