Chains MCMC chain (250×91×4 Array{Float64, 3}):

Iterations        = 126:1:375
Number of chains  = 4
Samples per chain = 250
Wall duration     = 17208.97 seconds
Compute duration  = 63776.96 seconds
parameters        = σ_w[1], σ_w[2], ρ_w[1,1], ρ_w[2,1], ρ_w[1,2], ρ_w[2,2], ab_w[1,1], ab_w[2,1], ab_w[1,2], ab_w[2,2], ab_w[1,3], ab_w[2,3], ab_w[1,4], ab_w[2,4], ab_w[1,5], ab_w[2,5], σ_p[1], σ_p[2], ρ_p[1,1], ρ_p[2,1], ρ_p[1,2], ρ_p[2,2], ab_p[1,1], ab_p[2,1], ab_p[1,2], ab_p[2,2], ab_p[1,3], ab_p[2,3], ab_p[1,4], ab_p[2,4], ab_p[1,5], ab_p[2,5], ab_p[1,6], ab_p[2,6], ab_p[1,7], ab_p[2,7], ab_p[1,8], ab_p[2,8], ab_p[1,9], ab_p[2,9], ab_p[1,10], ab_p[2,10], ab_p[1,11], ab_p[2,11], ab_p[1,12], ab_p[2,12], ab_p[1,13], ab_p[2,13], ab_p[1,14], ab_p[2,14], ab_p[1,15], ab_p[2,15], ab_p[1,16], ab_p[2,16], ab_p[1,17], ab_p[2,17], ab_p[1,18], ab_p[2,18], ab_p[1,19], ab_p[2,19], ab_p[1,20], ab_p[2,20], ab_p[1,21], ab_p[2,21], ab_p[1,22], ab_p[2,22], ab_p[1,23], ab_p[2,23], ab_p[1,24], ab_p[2,24], σ_e[1], σ_e[2], ρ_e[1,1], ρ_e[2,1], ρ_e[1,2], ρ_e[2,2], ab_e[1,1], ab_e[2,1], σ
internals         = lp, n_steps, is_accept, acceptance_rate, log_density, hamiltonian_energy, hamiltonian_energy_error, max_hamiltonian_energy_error, tree_depth, numerical_error, step_size, nom_step_size

Summary Statistics
  parameters      mean       std      mcse    ess_bulk    ess_tail      rhat   ess_per_sec
      Symbol   Float64   Float64   Float64     Float64     Float64   Float64       Float64

      σ_w[1]    0.0883    0.0503    0.0023    578.3637    477.6912    1.0057        0.0091
      σ_w[2]    0.0570    0.0343    0.0021    415.0474    438.0847    1.0074        0.0065
    ρ_w[1,1]    1.0000    0.0000       NaN         NaN         NaN       NaN           NaN
    ρ_w[2,1]   -0.3801    0.3578    0.0154    520.7139    490.2365    1.0038        0.0082
    ρ_w[1,2]   -0.3801    0.3578    0.0154    520.7139    490.2365    1.0038        0.0082
    ρ_w[2,2]    1.0000    0.0000    0.0000    929.1839    794.7141    0.9996        0.0146
   ab_w[1,1]    0.0309    0.0427    0.0013   1017.1075    837.7035    1.0020        0.0159
   ab_w[2,1]    0.0007    0.0301    0.0009   1034.3843    700.0581    1.0052        0.0162
   ab_w[1,2]    0.0935    0.0396    0.0013    915.0126    720.8157    1.0054        0.0143
   ab_w[2,2]   -0.0612    0.0261    0.0008    997.0991    718.5465    1.0050        0.0156
   ab_w[1,3]   -0.0446    0.0381    0.0012    971.8986    747.8488    1.0024        0.0152
   ab_w[2,3]    0.0041    0.0256    0.0008   1052.0226    692.3695    1.0012        0.0165
   ab_w[1,4]    0.0049    0.0413    0.0013   1013.2597    711.3376    1.0067        0.0159
   ab_w[2,4]    0.0340    0.0323    0.0011    887.6261    808.0384    1.0021        0.0139
   ab_w[1,5]   -0.0560    0.0380    0.0012    973.5731    744.5710    1.0002        0.0153
   ab_w[2,5]    0.0305    0.0266    0.0008    984.3378    896.3096    1.0066        0.0154
      σ_p[1]    0.1079    0.0186    0.0006   1084.1372    717.2655    1.0039        0.0170
      σ_p[2]    0.0742    0.0138    0.0005    935.4715    433.4090    1.0096        0.0147
    ρ_p[1,1]    1.0000    0.0000       NaN         NaN         NaN       NaN           NaN
    ρ_p[2,1]   -0.0506    0.2166    0.0077    769.3781    620.5670    1.0027        0.0121
    ρ_p[1,2]   -0.0506    0.2166    0.0077    769.3781    620.5670    1.0027        0.0121
    ρ_p[2,2]    1.0000    0.0000    0.0000   1014.9861   1001.6896    1.0023        0.0159
   ab_p[1,1]   -0.1409    0.0322    0.0010   1030.3175    794.4679    0.9981        0.0162
   ab_p[2,1]    0.0192    0.0260    0.0008    972.8442    714.9050    1.0020        0.0153
   ab_p[1,2]    0.0727    0.0306    0.0010   1020.7865    688.4047    1.0057        0.0160
   ab_p[2,2]    0.1131    0.0272    0.0009   1012.2976    822.6855    0.9998        0.0159
   ab_p[1,3]   -0.0974    0.0316    0.0011    809.2715    691.7223    1.0012        0.0127
   ab_p[2,3]    0.0116    0.0274    0.0009    934.8286    672.1586    1.0003        0.0147
   ab_p[1,4]    0.1287    0.0318    0.0010    942.6561    786.4303    1.0027        0.0148
   ab_p[2,4]   -0.0340    0.0263    0.0008   1084.4239    818.8860    1.0024        0.0170
   ab_p[1,5]   -0.0109    0.0334    0.0011    950.9975    576.9712    1.0088        0.0149
   ab_p[2,5]    0.0026    0.0272    0.0009    930.1264    621.6936    1.0052        0.0146
   ab_p[1,6]   -0.2180    0.0330    0.0010   1178.9003    852.6706    1.0009        0.0185
   ab_p[2,6]    0.0890    0.0287    0.0009    945.0288    822.0470    0.9991        0.0148
   ab_p[1,7]    0.0255    0.0319    0.0011    877.4428    818.7564    0.9994        0.0138
   ab_p[2,7]   -0.0026    0.0286    0.0009   1047.9715    882.1386    0.9982        0.0164
   ab_p[1,8]    0.1391    0.0311    0.0010    917.5503    753.2623    1.0011        0.0144
   ab_p[2,8]    0.0258    0.0254    0.0008    946.7473    820.7751    1.0057        0.0148
   ab_p[1,9]   -0.0991    0.0312    0.0010   1003.0945    635.1296    1.0020        0.0157
   ab_p[2,9]   -0.0506    0.0262    0.0009    939.0689    702.7378    1.0107        0.0147
  ab_p[1,10]   -0.0727    0.0336    0.0010   1083.2603    779.8402    1.0015        0.0170
  ab_p[2,10]   -0.0990    0.0260    0.0009    881.3559    818.2742    0.9981        0.0138
  ab_p[1,11]    0.0412    0.0336    0.0010   1082.8680    808.6967    0.9988        0.0170
  ab_p[2,11]   -0.1675    0.0263    0.0008   1000.8832    808.9220    1.0146        0.0157
  ab_p[1,12]   -0.0188    0.0322    0.0010   1003.6840    705.7715    1.0009        0.0157
  ab_p[2,12]   -0.0721    0.0263    0.0010    749.8229    696.2110    1.0012        0.0118
  ab_p[1,13]    0.0675    0.0312    0.0010    992.5176    717.4594    1.0038        0.0156
  ab_p[2,13]    0.0106    0.0268    0.0009    965.9225    780.6755    1.0015        0.0151
  ab_p[1,14]    0.0454    0.0327    0.0011    951.8006    756.1630    0.9996        0.0149
  ab_p[2,14]    0.0301    0.0264    0.0008    965.3397    723.5367    1.0014        0.0151
  ab_p[1,15]   -0.0467    0.0322    0.0011    987.4214    780.2339    1.0037        0.0155
  ab_p[2,15]    0.0796    0.0268    0.0009    854.1073    652.0474    1.0038        0.0134
  ab_p[1,16]   -0.0095    0.0318    0.0011    951.6830    819.5494    0.9990        0.0149
  ab_p[2,16]    0.0251    0.0278    0.0009   1000.8573    717.8254    1.0063        0.0157
  ab_p[1,17]   -0.0245    0.0319    0.0009   1141.4605    697.5833    1.0042        0.0179
  ab_p[2,17]    0.0504    0.0259    0.0008   1065.2824    837.7300    1.0066        0.0167
  ab_p[1,18]   -0.0686    0.0318    0.0010   1047.0509    680.2338    1.0076        0.0164
  ab_p[2,18]   -0.0481    0.0265    0.0009    938.7093    702.8918    1.0022        0.0147
  ab_p[1,19]    0.0595    0.0321    0.0010    974.5457    746.7514    1.0110        0.0153
  ab_p[2,19]   -0.0606    0.0263    0.0008    992.5860    755.9084    1.0081        0.0156
  ab_p[1,20]    0.0387    0.0314    0.0010   1050.6084    836.2373    1.0052        0.0165
  ab_p[2,20]   -0.0538    0.0266    0.0008   1099.3813    849.7531    1.0046        0.0172
  ab_p[1,21]    0.2473    0.0318    0.0011    909.5907    741.9414    1.0023        0.0143
  ab_p[2,21]    0.0347    0.0267    0.0008   1010.3235    843.6937    1.0004        0.0158
  ab_p[1,22]   -0.0094    0.0331    0.0011    893.1894    804.3031    1.0001        0.0140
  ab_p[2,22]    0.0563    0.0267    0.0008   1061.4801    725.1656    1.0061        0.0166
  ab_p[1,23]   -0.0434    0.0330    0.0010   1134.9443    774.2211    1.0012        0.0178
  ab_p[2,23]    0.0615    0.0279    0.0010    840.1588    706.8063    1.0060        0.0132
  ab_p[1,24]    0.0334    0.0315    0.0010    971.6094    776.0015    1.0037        0.0152
  ab_p[2,24]    0.0166    0.0272    0.0009    827.1180    698.0817    1.0014        0.0130
      σ_e[1]    0.3492    0.4466    0.0283    136.9816    249.2028    1.0270        0.0021
      σ_e[2]    0.2731    0.4580    0.0320    213.7248    288.6375    1.0290        0.0034
    ρ_e[1,1]    1.0000    0.0000       NaN         NaN         NaN       NaN           NaN
    ρ_e[2,1]    0.0274    0.4633    0.0188    562.1981    472.1313    1.0227        0.0088
    ρ_e[1,2]    0.0274    0.4633    0.0188    562.1981    472.1313    1.0227        0.0088
    ρ_e[2,2]    1.0000    0.0000    0.0000    752.0983    656.6221    1.0074        0.0118
   ab_e[1,1]    0.0257    0.0438    0.0015    849.4592    744.7281    1.0014        0.0133
   ab_e[2,1]    0.0171    0.0290    0.0009    975.5340    782.1031    1.0029        0.0153
           σ    0.9904    0.0035    0.0001    930.6988    816.2104    1.0062        0.0146

Quantiles
  parameters      2.5%     25.0%     50.0%     75.0%     97.5%
      Symbol   Float64   Float64   Float64   Float64   Float64

      σ_w[1]    0.0371    0.0580    0.0759    0.1021    0.2325
      σ_w[2]    0.0233    0.0366    0.0492    0.0664    0.1300
    ρ_w[1,1]    1.0000    1.0000    1.0000    1.0000    1.0000
    ρ_w[2,1]   -0.9082   -0.6639   -0.4438   -0.1453    0.4314
    ρ_w[1,2]   -0.9082   -0.6639   -0.4438   -0.1453    0.4314
    ρ_w[2,2]    1.0000    1.0000    1.0000    1.0000    1.0000
   ab_w[1,1]   -0.0494    0.0030    0.0298    0.0569    0.1182
   ab_w[2,1]   -0.0614   -0.0168    0.0001    0.0188    0.0605
   ab_w[1,2]    0.0163    0.0696    0.0922    0.1182    0.1738
   ab_w[2,2]   -0.1137   -0.0758   -0.0606   -0.0448   -0.0126
   ab_w[1,3]   -0.1252   -0.0658   -0.0447   -0.0215    0.0246
   ab_w[2,3]   -0.0486   -0.0117    0.0048    0.0195    0.0555
   ab_w[1,4]   -0.0726   -0.0201    0.0033    0.0306    0.0863
   ab_w[2,4]   -0.0258    0.0138    0.0317    0.0529    0.1016
   ab_w[1,5]   -0.1311   -0.0794   -0.0560   -0.0324    0.0150
   ab_w[2,5]   -0.0246    0.0148    0.0304    0.0466    0.0822
      σ_p[1]    0.0791    0.0945    0.1057    0.1188    0.1486
      σ_p[2]    0.0521    0.0645    0.0725    0.0824    0.1055
    ρ_p[1,1]    1.0000    1.0000    1.0000    1.0000    1.0000
    ρ_p[2,1]   -0.4513   -0.2013   -0.0590    0.0988    0.3824
    ρ_p[1,2]   -0.4513   -0.2013   -0.0590    0.0988    0.3824
    ρ_p[2,2]    1.0000    1.0000    1.0000    1.0000    1.0000
   ab_p[1,1]   -0.2055   -0.1623   -0.1398   -0.1184   -0.0784
   ab_p[2,1]   -0.0337    0.0018    0.0195    0.0362    0.0713
   ab_p[1,2]    0.0141    0.0519    0.0732    0.0933    0.1284
   ab_p[2,2]    0.0619    0.0944    0.1128    0.1314    0.1682
   ab_p[1,3]   -0.1571   -0.1190   -0.0965   -0.0767   -0.0391
   ab_p[2,3]   -0.0460   -0.0061    0.0112    0.0301    0.0636
   ab_p[1,4]    0.0666    0.1085    0.1281    0.1499    0.1912
   ab_p[2,4]   -0.0846   -0.0516   -0.0347   -0.0162    0.0200
   ab_p[1,5]   -0.0782   -0.0313   -0.0115    0.0095    0.0565
   ab_p[2,5]   -0.0534   -0.0154    0.0025    0.0211    0.0547
   ab_p[1,6]   -0.2838   -0.2397   -0.2152   -0.1953   -0.1568
   ab_p[2,6]    0.0309    0.0693    0.0897    0.1092    0.1426
   ab_p[1,7]   -0.0361    0.0044    0.0263    0.0458    0.0871
   ab_p[2,7]   -0.0563   -0.0231   -0.0032    0.0179    0.0525
   ab_p[1,8]    0.0785    0.1189    0.1395    0.1599    0.1980
   ab_p[2,8]   -0.0246    0.0095    0.0260    0.0423    0.0765
   ab_p[1,9]   -0.1603   -0.1187   -0.0979   -0.0791   -0.0379
   ab_p[2,9]   -0.1051   -0.0674   -0.0502   -0.0331    0.0012
  ab_p[1,10]   -0.1368   -0.0950   -0.0734   -0.0501   -0.0063
  ab_p[2,10]   -0.1484   -0.1181   -0.0979   -0.0802   -0.0520
  ab_p[1,11]   -0.0245    0.0205    0.0418    0.0637    0.1050
  ab_p[2,11]   -0.2206   -0.1856   -0.1670   -0.1506   -0.1156
  ab_p[1,12]   -0.0848   -0.0386   -0.0177    0.0042    0.0394
  ab_p[2,12]   -0.1257   -0.0896   -0.0725   -0.0541   -0.0233
  ab_p[1,13]    0.0082    0.0471    0.0673    0.0885    0.1291
  ab_p[2,13]   -0.0454   -0.0072    0.0109    0.0288    0.0615
  ab_p[1,14]   -0.0171    0.0245    0.0456    0.0667    0.1078
  ab_p[2,14]   -0.0213    0.0125    0.0299    0.0480    0.0809
  ab_p[1,15]   -0.1084   -0.0675   -0.0464   -0.0248    0.0139
  ab_p[2,15]    0.0288    0.0625    0.0791    0.0974    0.1332
  ab_p[1,16]   -0.0739   -0.0315   -0.0081    0.0113    0.0503
  ab_p[2,16]   -0.0303    0.0076    0.0252    0.0434    0.0803
  ab_p[1,17]   -0.0849   -0.0453   -0.0244   -0.0047    0.0371
  ab_p[2,17]    0.0013    0.0319    0.0510    0.0677    0.1003
  ab_p[1,18]   -0.1317   -0.0883   -0.0682   -0.0480   -0.0064
  ab_p[2,18]   -0.1022   -0.0666   -0.0485   -0.0289    0.0056
  ab_p[1,19]   -0.0089    0.0395    0.0594    0.0810    0.1232
  ab_p[2,19]   -0.1127   -0.0781   -0.0597   -0.0429   -0.0081
  ab_p[1,20]   -0.0225    0.0172    0.0395    0.0587    0.0990
  ab_p[2,20]   -0.1079   -0.0711   -0.0540   -0.0362   -0.0010
  ab_p[1,21]    0.1861    0.2259    0.2469    0.2674    0.3097
  ab_p[2,21]   -0.0142    0.0161    0.0330    0.0532    0.0877
  ab_p[1,22]   -0.0739   -0.0319   -0.0088    0.0122    0.0531
  ab_p[2,22]    0.0014    0.0371    0.0575    0.0751    0.1085
  ab_p[1,23]   -0.1103   -0.0649   -0.0435   -0.0208    0.0213
  ab_p[2,23]    0.0083    0.0420    0.0629    0.0805    0.1145
  ab_p[1,24]   -0.0287    0.0119    0.0332    0.0545    0.0930
  ab_p[2,24]   -0.0401   -0.0015    0.0166    0.0343    0.0690
      σ_e[1]    0.0102    0.0692    0.1722    0.4457    1.4924
      σ_e[2]    0.0070    0.0430    0.1142    0.2950    1.6069
    ρ_e[1,1]    1.0000    1.0000    1.0000    1.0000    1.0000
    ρ_e[2,1]   -0.8384   -0.3271    0.0346    0.3903    0.8354
    ρ_e[1,2]   -0.8384   -0.3271    0.0346    0.3903    0.8354
    ρ_e[2,2]    1.0000    1.0000    1.0000    1.0000    1.0000
   ab_e[1,1]   -0.0563   -0.0003    0.0235    0.0507    0.1170
   ab_e[2,1]   -0.0362   -0.0020    0.0140    0.0356    0.0762
           σ    0.9836    0.9881    0.9903    0.9926    0.9975

