Chains MCMC chain (250×91×4 Array{Float64, 3}):

Iterations        = 126:1:375
Number of chains  = 4
Samples per chain = 250
Wall duration     = 6892.9 seconds
Compute duration  = 24954.7 seconds
parameters        = σ_w[1], σ_w[2], ρ_w[1,1], ρ_w[2,1], ρ_w[1,2], ρ_w[2,2], ab_w[1,1], ab_w[2,1], ab_w[1,2], ab_w[2,2], ab_w[1,3], ab_w[2,3], ab_w[1,4], ab_w[2,4], ab_w[1,5], ab_w[2,5], σ_p[1], σ_p[2], ρ_p[1,1], ρ_p[2,1], ρ_p[1,2], ρ_p[2,2], ab_p[1,1], ab_p[2,1], ab_p[1,2], ab_p[2,2], ab_p[1,3], ab_p[2,3], ab_p[1,4], ab_p[2,4], ab_p[1,5], ab_p[2,5], ab_p[1,6], ab_p[2,6], ab_p[1,7], ab_p[2,7], ab_p[1,8], ab_p[2,8], ab_p[1,9], ab_p[2,9], ab_p[1,10], ab_p[2,10], ab_p[1,11], ab_p[2,11], ab_p[1,12], ab_p[2,12], ab_p[1,13], ab_p[2,13], ab_p[1,14], ab_p[2,14], ab_p[1,15], ab_p[2,15], ab_p[1,16], ab_p[2,16], ab_p[1,17], ab_p[2,17], ab_p[1,18], ab_p[2,18], ab_p[1,19], ab_p[2,19], ab_p[1,20], ab_p[2,20], ab_p[1,21], ab_p[2,21], ab_p[1,22], ab_p[2,22], ab_p[1,23], ab_p[2,23], ab_p[1,24], ab_p[2,24], σ_e[1], σ_e[2], ρ_e[1,1], ρ_e[2,1], ρ_e[1,2], ρ_e[2,2], ab_e[1,1], ab_e[2,1], σ
internals         = lp, n_steps, is_accept, acceptance_rate, log_density, hamiltonian_energy, hamiltonian_energy_error, max_hamiltonian_energy_error, tree_depth, numerical_error, step_size, nom_step_size

Summary Statistics
  parameters      mean       std      mcse    ess_bulk    ess_tail      rhat   ess_per_sec
      Symbol   Float64   Float64   Float64     Float64     Float64   Float64       Float64

      σ_w[1]    0.0589    0.0393    0.0027    245.7716    183.5610    1.0043        0.0098
      σ_w[2]    0.0566    0.0432    0.0026    232.6834    346.4899    1.0040        0.0093
    ρ_w[1,1]    1.0000    0.0000       NaN         NaN         NaN       NaN           NaN
    ρ_w[2,1]   -0.2881    0.3623    0.0206    286.2124    346.4363    1.0073        0.0115
    ρ_w[1,2]   -0.2881    0.3623    0.0206    286.2124    346.4363    1.0073        0.0115
    ρ_w[2,2]    1.0000    0.0000    0.0000   1000.7236    876.0921    1.0008        0.0401
   ab_w[1,1]   -0.0159    0.0340    0.0011    908.7057    391.8607    1.0040        0.0364
   ab_w[2,1]    0.0141    0.0318    0.0013    592.5193    672.1452    1.0064        0.0237
   ab_w[1,2]    0.0501    0.0301    0.0011    848.7914    467.4216    1.0035        0.0340
   ab_w[2,2]   -0.0642    0.0285    0.0015    336.2276    570.4898    1.0122        0.0135
   ab_w[1,3]   -0.0434    0.0291    0.0010    807.0151    518.3567    1.0027        0.0323
   ab_w[2,3]    0.0030    0.0292    0.0014    409.8871    602.8511    1.0094        0.0164
   ab_w[1,4]    0.0241    0.0322    0.0011    788.5961    678.8878    1.0001        0.0316
   ab_w[2,4]    0.0182    0.0323    0.0013    569.7429    549.2367    1.0039        0.0228
   ab_w[1,5]   -0.0017    0.0291    0.0010    762.2159    467.6952    1.0009        0.0305
   ab_w[2,5]    0.0039    0.0290    0.0014    390.5933    552.6553    1.0126        0.0157
      σ_p[1]    0.2280    0.0332    0.0012    837.0537    553.2567    1.0067        0.0335
      σ_p[2]    0.0386    0.0085    0.0003    584.9724    582.1979    1.0079        0.0234
    ρ_p[1,1]    1.0000    0.0000       NaN         NaN         NaN       NaN           NaN
    ρ_p[2,1]    0.5467    0.1641    0.0065    617.6633    569.9142    1.0029        0.0248
    ρ_p[1,2]    0.5467    0.1641    0.0065    617.6633    569.9142    1.0029        0.0248
    ρ_p[2,2]    1.0000    0.0000    0.0000   1064.1590   1027.6837    0.9991        0.0426
   ab_p[1,1]    0.0766    0.0463    0.0018    674.6313    662.2195    1.0110        0.0270
   ab_p[2,1]   -0.0020    0.0191    0.0006   1025.1651    816.9217    1.0017        0.0411
   ab_p[1,2]   -0.1018    0.0474    0.0016    898.9282    662.6199    1.0125        0.0360
   ab_p[2,2]   -0.0442    0.0199    0.0006    993.6994    619.2399    0.9985        0.0398
   ab_p[1,3]    0.3124    0.0478    0.0017    774.4656    621.6171    1.0132        0.0310
   ab_p[2,3]    0.0714    0.0218    0.0007    950.8918    918.3470    1.0050        0.0381
   ab_p[1,4]   -0.2276    0.0476    0.0016    911.3879    786.2208    1.0203        0.0365
   ab_p[2,4]   -0.0325    0.0188    0.0005   1422.2304    559.8114    1.0020        0.0570
   ab_p[1,5]   -0.1451    0.0465    0.0015    907.5922    732.2630    1.0034        0.0364
   ab_p[2,5]   -0.0312    0.0206    0.0007    975.5547    611.6422    1.0120        0.0391
   ab_p[1,6]    0.6515    0.0471    0.0017    737.5543    615.3000    1.0067        0.0296
   ab_p[2,6]    0.0495    0.0224    0.0007    950.8294    876.3860    1.0071        0.0381
   ab_p[1,7]   -0.1490    0.0484    0.0015    988.1932    829.5582    1.0058        0.0396
   ab_p[2,7]    0.0024    0.0193    0.0006   1042.6566    822.3951    1.0037        0.0418
   ab_p[1,8]    0.0020    0.0478    0.0016    839.2925    591.3870    1.0080        0.0336
   ab_p[2,8]    0.0013    0.0202    0.0006   1059.9508    813.6081    1.0016        0.0425
   ab_p[1,9]    0.0153    0.0464    0.0015    919.9309    769.6216    1.0080        0.0369
   ab_p[2,9]   -0.0007    0.0195    0.0006    968.6109    819.8005    1.0038        0.0388
  ab_p[1,10]   -0.1557    0.0470    0.0016    849.1559    581.0571    1.0124        0.0340
  ab_p[2,10]    0.0132    0.0200    0.0007    835.5809    702.9920    1.0038        0.0335
  ab_p[1,11]   -0.3387    0.0474    0.0016    852.5326    725.4402    1.0092        0.0342
  ab_p[2,11]   -0.0099    0.0197    0.0006    956.3985    649.6544    1.0115        0.0383
  ab_p[1,12]   -0.0037    0.0474    0.0017    796.1669    701.5587    1.0060        0.0319
  ab_p[2,12]   -0.0037    0.0208    0.0006   1017.8499    698.9552    0.9994        0.0408
  ab_p[1,13]    0.0936    0.0473    0.0016    874.8171    713.9033    1.0110        0.0351
  ab_p[2,13]    0.0196    0.0190    0.0006   1051.0992    709.4881    1.0010        0.0421
  ab_p[1,14]    0.2192    0.0452    0.0017    725.6272    725.3640    1.0056        0.0291
  ab_p[2,14]   -0.0118    0.0205    0.0007    998.2593    737.3506    1.0023        0.0400
  ab_p[1,15]    0.3419    0.0485    0.0017    864.4513    662.8282    1.0122        0.0346
  ab_p[2,15]    0.0360    0.0198    0.0007    832.8034    700.0737    1.0020        0.0334
  ab_p[1,16]   -0.0602    0.0479    0.0016    920.0133    705.1114    1.0110        0.0369
  ab_p[2,16]    0.0191    0.0200    0.0007    769.0556    651.4878    1.0088        0.0308
  ab_p[1,17]   -0.0704    0.0477    0.0016    872.1118    693.4800    1.0097        0.0349
  ab_p[2,17]   -0.0281    0.0196    0.0006   1023.8231    772.6223    1.0038        0.0410
  ab_p[1,18]   -0.0602    0.0476    0.0016    882.3700    630.3380    1.0136        0.0354
  ab_p[2,18]   -0.0042    0.0203    0.0006   1080.2842    668.5437    1.0016        0.0433
  ab_p[1,19]   -0.0774    0.0467    0.0017    818.2988    661.2327    1.0183        0.0328
  ab_p[2,19]    0.0114    0.0195    0.0006   1160.8570    665.5420    1.0005        0.0465
  ab_p[1,20]   -0.1777    0.0466    0.0016    875.4194    536.3269    1.0108        0.0351
  ab_p[2,20]   -0.0171    0.0188    0.0006    997.3562    792.5267    1.0012        0.0400
  ab_p[1,21]   -0.2845    0.0475    0.0016    877.0049    690.1937    1.0126        0.0351
  ab_p[2,21]   -0.0887    0.0235    0.0008    900.8299    714.7060    0.9995        0.0361
  ab_p[1,22]    0.0025    0.0463    0.0015    889.5654    693.9165    1.0145        0.0356
  ab_p[2,22]    0.0007    0.0197    0.0006   1204.3579    706.2703    1.0018        0.0483
  ab_p[1,23]    0.1801    0.0489    0.0017    857.0273    758.9412    1.0111        0.0343
  ab_p[2,23]    0.0292    0.0202    0.0006    995.7937    784.5135    1.0065        0.0399
  ab_p[1,24]   -0.0150    0.0476    0.0016    899.7360    729.4670    1.0122        0.0361
  ab_p[2,24]    0.0119    0.0198    0.0007    860.9339    762.6650    1.0068        0.0345
      σ_e[1]    0.3633    0.5308    0.0557     69.4390    122.5669    1.0502        0.0028
      σ_e[2]    0.3403    0.5001    0.0357     99.9104    146.8623    1.0377        0.0040
    ρ_e[1,1]    1.0000    0.0000       NaN         NaN         NaN       NaN           NaN
    ρ_e[2,1]    0.0174    0.4875    0.0271    324.8704    270.0222    1.0069        0.0130
    ρ_e[1,2]    0.0174    0.4875    0.0271    324.8704    270.0222    1.0069        0.0130
    ρ_e[2,2]    1.0000    0.0000    0.0000    812.8923    764.1743    0.9998        0.0326
   ab_e[1,1]    0.0081    0.0482    0.0017    842.7970    592.9471    1.0131        0.0338
   ab_e[2,1]   -0.0286    0.0291    0.0016    289.7150    610.3797    1.0135        0.0116
           σ    0.9744    0.0034    0.0001    911.8032    688.8332    1.0073        0.0365

Quantiles
  parameters      2.5%     25.0%     50.0%     75.0%     97.5%
      Symbol   Float64   Float64   Float64   Float64   Float64

      σ_w[1]    0.0226    0.0365    0.0499    0.0675    0.1634
      σ_w[2]    0.0223    0.0350    0.0471    0.0679    0.1293
    ρ_w[1,1]    1.0000    1.0000    1.0000    1.0000    1.0000
    ρ_w[2,1]   -0.8637   -0.5684   -0.3193   -0.0588    0.4796
    ρ_w[1,2]   -0.8637   -0.5684   -0.3193   -0.0588    0.4796
    ρ_w[2,2]    1.0000    1.0000    1.0000    1.0000    1.0000
   ab_w[1,1]   -0.0836   -0.0366   -0.0157    0.0042    0.0485
   ab_w[2,1]   -0.0493   -0.0042    0.0141    0.0341    0.0730
   ab_w[1,2]   -0.0021    0.0318    0.0487    0.0664    0.1086
   ab_w[2,2]   -0.1197   -0.0803   -0.0621   -0.0473   -0.0148
   ab_w[1,3]   -0.0996   -0.0581   -0.0429   -0.0278    0.0076
   ab_w[2,3]   -0.0529   -0.0139    0.0043    0.0211    0.0558
   ab_w[1,4]   -0.0347    0.0050    0.0220    0.0405    0.0863
   ab_w[2,4]   -0.0428   -0.0004    0.0184    0.0368    0.0824
   ab_w[1,5]   -0.0547   -0.0182   -0.0025    0.0136    0.0531
   ab_w[2,5]   -0.0490   -0.0119    0.0047    0.0207    0.0593
      σ_p[1]    0.1726    0.2045    0.2247    0.2456    0.3021
      σ_p[2]    0.0247    0.0330    0.0371    0.0434    0.0570
    ρ_p[1,1]    1.0000    1.0000    1.0000    1.0000    1.0000
    ρ_p[2,1]    0.1749    0.4468    0.5588    0.6699    0.8177
    ρ_p[1,2]    0.1749    0.4468    0.5588    0.6699    0.8177
    ρ_p[2,2]    1.0000    1.0000    1.0000    1.0000    1.0000
   ab_p[1,1]   -0.0190    0.0483    0.0756    0.1074    0.1683
   ab_p[2,1]   -0.0399   -0.0147   -0.0022    0.0102    0.0358
   ab_p[1,2]   -0.1971   -0.1318   -0.1012   -0.0706   -0.0060
   ab_p[2,2]   -0.0852   -0.0576   -0.0442   -0.0314   -0.0049
   ab_p[1,3]    0.2145    0.2812    0.3136    0.3455    0.4031
   ab_p[2,3]    0.0314    0.0567    0.0708    0.0857    0.1160
   ab_p[1,4]   -0.3254   -0.2584   -0.2259   -0.1952   -0.1372
   ab_p[2,4]   -0.0708   -0.0445   -0.0328   -0.0201    0.0060
   ab_p[1,5]   -0.2367   -0.1775   -0.1458   -0.1123   -0.0545
   ab_p[2,5]   -0.0727   -0.0448   -0.0304   -0.0179    0.0078
   ab_p[1,6]    0.5625    0.6217    0.6522    0.6853    0.7390
   ab_p[2,6]    0.0084    0.0342    0.0495    0.0655    0.0925
   ab_p[1,7]   -0.2459   -0.1813   -0.1483   -0.1171   -0.0551
   ab_p[2,7]   -0.0365   -0.0099    0.0022    0.0156    0.0408
   ab_p[1,8]   -0.0960   -0.0305    0.0023    0.0337    0.0963
   ab_p[2,8]   -0.0407   -0.0121    0.0016    0.0145    0.0410
   ab_p[1,9]   -0.0749   -0.0125    0.0165    0.0473    0.1042
   ab_p[2,9]   -0.0394   -0.0132   -0.0005    0.0115    0.0380
  ab_p[1,10]   -0.2533   -0.1856   -0.1547   -0.1232   -0.0656
  ab_p[2,10]   -0.0250   -0.0003    0.0134    0.0263    0.0536
  ab_p[1,11]   -0.4298   -0.3697   -0.3382   -0.3071   -0.2456
  ab_p[2,11]   -0.0470   -0.0236   -0.0096    0.0029    0.0298
  ab_p[1,12]   -0.1052   -0.0339   -0.0020    0.0279    0.0892
  ab_p[2,12]   -0.0451   -0.0180   -0.0037    0.0098    0.0361
  ab_p[1,13]   -0.0013    0.0631    0.0932    0.1236    0.1832
  ab_p[2,13]   -0.0184    0.0064    0.0201    0.0322    0.0563
  ab_p[1,14]    0.1243    0.1886    0.2196    0.2477    0.3057
  ab_p[2,14]   -0.0537   -0.0251   -0.0109    0.0020    0.0273
  ab_p[1,15]    0.2443    0.3080    0.3420    0.3761    0.4363
  ab_p[2,15]   -0.0010    0.0235    0.0344    0.0490    0.0748
  ab_p[1,16]   -0.1563   -0.0912   -0.0598   -0.0293    0.0322
  ab_p[2,16]   -0.0188    0.0060    0.0187    0.0325    0.0594
  ab_p[1,17]   -0.1669   -0.1023   -0.0696   -0.0383    0.0177
  ab_p[2,17]   -0.0679   -0.0411   -0.0286   -0.0140    0.0108
  ab_p[1,18]   -0.1560   -0.0922   -0.0592   -0.0261    0.0285
  ab_p[2,18]   -0.0447   -0.0173   -0.0040    0.0091    0.0350
  ab_p[1,19]   -0.1780   -0.1054   -0.0765   -0.0468    0.0121
  ab_p[2,19]   -0.0258   -0.0013    0.0115    0.0236    0.0502
  ab_p[1,20]   -0.2733   -0.2061   -0.1773   -0.1460   -0.0886
  ab_p[2,20]   -0.0571   -0.0287   -0.0170   -0.0054    0.0197
  ab_p[1,21]   -0.3827   -0.3165   -0.2823   -0.2526   -0.1936
  ab_p[2,21]   -0.1387   -0.1036   -0.0890   -0.0721   -0.0444
  ab_p[1,22]   -0.0924   -0.0272    0.0037    0.0315    0.0958
  ab_p[2,22]   -0.0371   -0.0119    0.0004    0.0133    0.0406
  ab_p[1,23]    0.0787    0.1488    0.1812    0.2144    0.2736
  ab_p[2,23]   -0.0092    0.0156    0.0288    0.0421    0.0694
  ab_p[1,24]   -0.1148   -0.0428   -0.0157    0.0152    0.0797
  ab_p[2,24]   -0.0255   -0.0018    0.0119    0.0246    0.0535
      σ_e[1]    0.0093    0.0536    0.1516    0.4953    1.6983
      σ_e[2]    0.0093    0.0511    0.1438    0.4065    1.9436
    ρ_e[1,1]    1.0000    1.0000    1.0000    1.0000    1.0000
    ρ_e[2,1]   -0.8428   -0.3702    0.0401    0.4321    0.8297
    ρ_e[1,2]   -0.8428   -0.3702    0.0401    0.4321    0.8297
    ρ_e[2,2]    1.0000    1.0000    1.0000    1.0000    1.0000
   ab_e[1,1]   -0.0831   -0.0182    0.0054    0.0361    0.1137
   ab_e[2,1]   -0.0818   -0.0467   -0.0290   -0.0106    0.0228
           σ    0.9682    0.9721    0.9743    0.9768    0.9817

