Running on host compute238.bc4.acrc.priv
Time is Fri Sep 1 18:12:11 BST 2023
Directory is /user/home/em18564/BC4/Bayes/experiments/hier_e_w_mul
Slurm job ID is 11850327
This job runs on the following machines:
compute238
    Updating registry at `~/.julia/registries/General.toml`
   Resolving package versions...
  No Changes to `~/.julia/environments/v1.8/Project.toml`
  No Changes to `~/.julia/environments/v1.8/Manifest.toml`
   Resolving package versions...
  No Changes to `~/.julia/environments/v1.8/Project.toml`
  No Changes to `~/.julia/environments/v1.8/Manifest.toml`
   Resolving package versions...
  No Changes to `~/.julia/environments/v1.8/Project.toml`
  No Changes to `~/.julia/environments/v1.8/Manifest.toml`
   Resolving package versions...
  No Changes to `~/.julia/environments/v1.8/Project.toml`
  No Changes to `~/.julia/environments/v1.8/Manifest.toml`
   Resolving package versions...
  No Changes to `~/.julia/environments/v1.8/Project.toml`
  No Changes to `~/.julia/environments/v1.8/Manifest.toml`
   Resolving package versions...
  No Changes to `~/.julia/environments/v1.8/Project.toml`
  No Changes to `~/.julia/environments/v1.8/Manifest.toml`
   Resolving package versions...
  No Changes to `~/.julia/environments/v1.8/Project.toml`
  No Changes to `~/.julia/environments/v1.8/Manifest.toml`
   Resolving package versions...
  No Changes to `~/.julia/environments/v1.8/Project.toml`
  No Changes to `~/.julia/environments/v1.8/Manifest.toml`
   Resolving package versions...
  No Changes to `~/.julia/environments/v1.8/Project.toml`
  No Changes to `~/.julia/environments/v1.8/Manifest.toml`
   Resolving package versions...
  No Changes to `~/.julia/environments/v1.8/Project.toml`
  No Changes to `~/.julia/environments/v1.8/Manifest.toml`
   Resolving package versions...
  No Changes to `~/.julia/environments/v1.8/Project.toml`
  No Changes to `~/.julia/environments/v1.8/Manifest.toml`
   Resolving package versions...
  No Changes to `~/.julia/environments/v1.8/Project.toml`
  No Changes to `~/.julia/environments/v1.8/Manifest.toml`
   Resolving package versions...
  No Changes to `~/.julia/environments/v1.8/Project.toml`
  No Changes to `~/.julia/environments/v1.8/Manifest.toml`
Sampling (4 threads)   0%|                              |  ETA: N/A
┌ Info: Found initial step size
└   ϵ = 0.0015380859375000002
┌ Info: Found initial step size
└   ϵ = 0.025
┌ Info: Found initial step size
└   ϵ = 0.0125
┌ Info: Found initial step size
└   ϵ = 0.0015625
Sampling (4 threads)  25%|███████▌                      |  ETA: 4:36:13
Sampling (4 threads)  50%|███████████████               |  ETA: 1:32:04
Sampling (4 threads)  75%|██████████████████████▌       |  ETA: 0:30:41
Sampling (4 threads) 100%|██████████████████████████████| Time: 1:32:17
Sampling (4 threads) 100%|██████████████████████████████| Time: 1:32:17
Chains MCMC chain (250×67×4 Array{Float64, 3}):

Iterations        = 126:1:375
Number of chains  = 4
Samples per chain = 250
Wall duration     = 5514.82 seconds
Compute duration  = 20017.11 seconds
parameters        = a, b, a_w, b_w, σ_w[1], σ_w[2], ρ_w[1,1], ρ_w[2,1], ρ_w[1,2], ρ_w[2,2], ab_w[1,1], ab_w[2,1], ab_w[1,2], ab_w[2,2], a_p, b_p, σ_p[1], σ_p[2], ρ_p[1,1], ρ_p[2,1], ρ_p[1,2], ρ_p[2,2], ab_p[1,1], ab_p[2,1], ab_p[1,2], ab_p[2,2], ab_p[1,3], ab_p[2,3], ab_p[1,4], ab_p[2,4], ab_p[1,5], ab_p[2,5], ab_p[1,6], ab_p[2,6], a_e, b_e, σ_e[1], σ_e[2], ρ_e[1,1], ρ_e[2,1], ρ_e[1,2], ρ_e[2,2], ab_e[1,1], ab_e[2,1], ab_e[1,2], ab_e[2,2], ab_e[1,3], ab_e[2,3], ab_e[1,4], ab_e[2,4], ab_e[1,5], ab_e[2,5], ab_e[1,6], ab_e[2,6], σ
internals         = lp, n_steps, is_accept, acceptance_rate, log_density, hamiltonian_energy, hamiltonian_energy_error, max_hamiltonian_energy_error, tree_depth, numerical_error, step_size, nom_step_size

Summary Statistics
  parameters      mean       std   naive_se      mcse         ess      rhat   ess_per_sec
      Symbol   Float64   Float64    Float64   Float64     Float64   Float64       Float64

           a   -0.4600    0.9089     0.0287    0.0227   1626.6692    0.9980        0.0813
           b   -0.0678    0.4492     0.0142    0.0171    605.8667    1.0094        0.0303
         a_w   -0.4589    0.9360     0.0296    0.0389    790.5363    1.0065        0.0395
         b_w    0.0213    0.5047     0.0160    0.0141   1562.7879    1.0013        0.0781
      σ_w[1]    0.5299    0.5398     0.0171    0.0212    479.5934    1.0048        0.0240
      σ_w[2]    0.9462    0.9301     0.0294    0.0630    230.9678    1.0008        0.0115
    ρ_w[1,1]    1.0000    0.0000     0.0000    0.0000         NaN       NaN           NaN
    ρ_w[2,1]    0.0142    0.4505     0.0142    0.0141    962.5167    1.0010        0.0481
    ρ_w[1,2]    0.0142    0.4505     0.0142    0.0141    962.5167    1.0010        0.0481
    ρ_w[2,2]    1.0000    0.0000     0.0000    0.0000    981.8042    0.9960        0.0490
   ab_w[1,1]   -0.6141    1.0546     0.0334    0.0513    436.2288    1.0169        0.0218
   ab_w[2,1]    0.0483    1.3257     0.0419    0.0302    747.4557    0.9996        0.0373
   ab_w[1,2]   -0.4852    1.0332     0.0327    0.0463    549.9112    1.0110        0.0275
   ab_w[2,2]    0.1392    1.4405     0.0456    0.0674    669.9474    1.0013        0.0335
         a_p    1.2415    1.0014     0.0317    0.0513    437.1920    1.0179        0.0218
         b_p    0.8062    0.4700     0.0149    0.0211    474.6253    1.0174        0.0237
      σ_p[1]    1.7918    1.1757     0.0372    0.1008    110.8170    1.0393        0.0055
      σ_p[2]    0.2395    0.1261     0.0040    0.0071    196.6917    1.0222        0.0098
    ρ_p[1,1]    1.0000    0.0000     0.0000    0.0000         NaN       NaN           NaN
    ρ_p[2,1]    0.3076    0.5455     0.0173    0.0837      5.7173    1.9612        0.0003
    ρ_p[1,2]    0.3076    0.5455     0.0173    0.0837      5.7173    1.9612        0.0003
    ρ_p[2,2]    1.0000    0.0000     0.0000    0.0000   1014.1879    0.9960        0.0507
   ab_p[1,1]    0.9362    1.0900     0.0345    0.0614    319.5971    1.0218        0.0160
   ab_p[2,1]    0.7847    0.4684     0.0148    0.0168    980.0497    1.0053        0.0490
   ab_p[1,2]    1.4954    1.7431     0.0551    0.2109     11.2939    1.2892        0.0006
   ab_p[2,2]    0.8243    0.5252     0.0166    0.0376     48.6014    1.0687        0.0024
   ab_p[1,3]    0.3599    1.8989     0.0600    0.2474      9.0271    1.4126        0.0005
   ab_p[2,3]    0.6225    0.4653     0.0147    0.0139   1355.4038    1.0009        0.0677
   ab_p[1,4]    1.7703    2.2926     0.0725    0.3063      8.8166    1.4191        0.0004
   ab_p[2,4]    1.0115    0.4897     0.0155    0.0268    258.3770    1.0265        0.0129
   ab_p[1,5]    1.6427    1.9976     0.0632    0.2546      9.7863    1.3527        0.0005
   ab_p[2,5]    0.9570    0.4764     0.0151    0.0218    452.2217    1.0149        0.0226
   ab_p[1,6]   -0.4832    3.9132     0.1237    0.5744      7.0123    1.6422        0.0004
   ab_p[2,6]    0.5213    0.5141     0.0163    0.0233    484.8630    1.0141        0.0242
         a_e   -0.1566    0.4593     0.0145    0.0523     11.2291    1.2817        0.0006
         b_e   -0.4595    0.2948     0.0093    0.0192     91.5148    1.0584        0.0046
      σ_e[1]    0.8147    0.5379     0.0170    0.0392    150.7474    1.0157        0.0075
      σ_e[2]    0.5981    0.2571     0.0081    0.0202     42.9422    1.0622        0.0021
    ρ_e[1,1]    1.0000    0.0000     0.0000    0.0000         NaN       NaN           NaN
    ρ_e[2,1]    0.0806    0.3954     0.0125    0.0377     16.9313    1.1634        0.0008
    ρ_e[1,2]    0.0806    0.3954     0.0125    0.0377     16.9313    1.1634        0.0008
    ρ_e[2,2]    1.0000    0.0000     0.0000    0.0000    996.3729    0.9960        0.0498
   ab_e[1,1]   -0.3923    0.7781     0.0246    0.1161      6.6111    1.6737        0.0003
   ab_e[2,1]   -0.7125    0.3240     0.0102    0.0223    137.5653    1.0551        0.0069
   ab_e[1,2]   -0.7872    1.5601     0.0493    0.2340      6.5016    1.6941        0.0003
   ab_e[2,2]   -0.5858    0.3256     0.0103    0.0253     70.5464    1.0720        0.0035
   ab_e[1,3]   -0.3902    0.7723     0.0244    0.1159      6.5009    1.6934        0.0003
   ab_e[2,3]   -0.4499    0.2563     0.0081    0.0168    145.5434    1.0494        0.0073
   ab_e[1,4]   -0.0043    0.0711     0.0022    0.0026    897.2279    1.0036        0.0448
   ab_e[2,4]   -1.0245    0.2258     0.0071    0.0184     73.9243    1.0798        0.0037
   ab_e[1,5]    0.0833    0.1735     0.0055    0.0239      7.9794    1.4737        0.0004
   ab_e[2,5]    0.0409    0.3351     0.0106    0.0463     15.0199    1.1892        0.0008
   ab_e[1,6]    0.2260    0.4523     0.0143    0.0666      6.7455    1.6464        0.0003
   ab_e[2,6]   -0.7301    0.6545     0.0207    0.1113      4.5570    3.6141        0.0002
           σ    4.2785    0.0193     0.0006    0.0006   1036.2738    1.0001        0.0518

Quantiles
  parameters      2.5%     25.0%     50.0%     75.0%     97.5%
      Symbol   Float64   Float64   Float64   Float64   Float64

           a   -2.3249   -1.0173   -0.4412    0.1208    1.2934
           b   -1.0016   -0.3489   -0.0430    0.2499    0.6889
         a_w   -2.3591   -1.0761   -0.4809    0.1432    1.3041
         b_w   -0.9792   -0.3362    0.0270    0.3559    1.0289
      σ_w[1]    0.0284    0.1649    0.3467    0.7147    2.0223
      σ_w[2]    0.0352    0.2736    0.6676    1.2943    3.5391
    ρ_w[1,1]    1.0000    1.0000    1.0000    1.0000    1.0000
    ρ_w[2,1]   -0.7878   -0.3360    0.0249    0.3550    0.8140
    ρ_w[1,2]   -0.7878   -0.3360    0.0249    0.3550    0.8140
    ρ_w[2,2]    1.0000    1.0000    1.0000    1.0000    1.0000
   ab_w[1,1]   -2.7678   -1.2723   -0.5914    0.0591    1.4197
   ab_w[2,1]   -2.8630   -0.5323    0.0524    0.6620    2.7022
   ab_w[1,2]   -2.5860   -1.1266   -0.4369    0.1489    1.5338
   ab_w[2,2]   -2.7313   -0.5229    0.0557    0.6794    3.5881
         a_p    0.0404    0.4864    1.0028    1.7703    3.6626
         b_p    0.0534    0.4421    0.7922    1.1108    1.8015
      σ_p[1]    0.4336    0.9609    1.5166    2.3046    4.6356
      σ_p[2]    0.0924    0.1597    0.2130    0.2841    0.5713
    ρ_p[1,1]    1.0000    1.0000    1.0000    1.0000    1.0000
    ρ_p[2,1]   -0.8701   -0.0378    0.4895    0.7463    0.9249
    ρ_p[1,2]   -0.8701   -0.0378    0.4895    0.7463    0.9249
    ρ_p[2,2]    1.0000    1.0000    1.0000    1.0000    1.0000
   ab_p[1,1]   -1.0646    0.2272    0.8509    1.6336    3.1949
   ab_p[2,1]    0.0111    0.4484    0.7534    1.0983    1.7167
   ab_p[1,2]   -2.1619    0.6837    1.4696    2.3866    5.0496
   ab_p[2,2]   -0.2086    0.4800    0.8239    1.1680    1.8584
   ab_p[1,3]   -3.2122   -0.7062    0.1689    1.2888    4.5939
   ab_p[2,3]   -0.1612    0.2672    0.5957    0.9138    1.5623
   ab_p[1,4]   -2.9562    0.8037    1.8391    2.9122    6.3796
   ab_p[2,4]    0.1441    0.6718    1.0074    1.3343    1.9839
   ab_p[1,5]   -2.5607    0.7896    1.6764    2.6230    5.7665
   ab_p[2,5]    0.1457    0.6077    0.9299    1.2750    1.9212
   ab_p[1,6]   -7.0811   -2.5003   -1.0283    1.3180    8.3518
   ab_p[2,6]   -0.3453    0.1496    0.5058    0.8543    1.5488
         a_e   -1.0801   -0.4128   -0.1587    0.0770    0.8145
         b_e   -1.0106   -0.6594   -0.4520   -0.2676    0.1181
      σ_e[1]    0.1774    0.4412    0.6993    1.0372    2.3220
      σ_e[2]    0.2071    0.4237    0.5548    0.7217    1.1932
    ρ_e[1,1]    1.0000    1.0000    1.0000    1.0000    1.0000
    ρ_e[2,1]   -0.7198   -0.2015    0.1086    0.3764    0.7453
    ρ_e[1,2]   -0.7198   -0.2015    0.1086    0.3764    0.7453
    ρ_e[2,2]    1.0000    1.0000    1.0000    1.0000    1.0000
   ab_e[1,1]   -1.8589   -0.7915   -0.4470   -0.0712    1.0844
   ab_e[2,1]   -1.2150   -0.9201   -0.7700   -0.5793    0.0622
   ab_e[1,2]   -3.7665   -1.5828   -0.8937   -0.1459    2.2270
   ab_e[2,2]   -1.1003   -0.7991   -0.6224   -0.4201    0.2137
   ab_e[1,3]   -1.8548   -0.7891   -0.4417   -0.0698    1.1133
   ab_e[2,3]   -0.9741   -0.5959   -0.4425   -0.3114    0.1957
   ab_e[1,4]   -0.1597   -0.0305   -0.0001    0.0262    0.1316
   ab_e[2,4]   -1.3947   -1.1526   -1.0497   -0.9276   -0.2963
   ab_e[1,5]   -0.2325   -0.0019    0.0838    0.1628    0.4701
   ab_e[2,5]   -1.0080    0.0922    0.1483    0.1950    0.2970
   ab_e[1,6]   -0.6675    0.0236    0.2551    0.4577    1.0954
   ab_e[2,6]   -1.4440   -1.1848   -1.0454   -0.1435    0.4137
           σ    4.2392    4.2658    4.2784    4.2911    4.3165

