cpu-bind=MASK - bp1-compute129, task  0  0 [2624730]: mask 0x300000003000000 set
cpu-bind=MASK - bp1-compute129, task  0  0 [2624731]: mask 0xc0000000c00000 set
Running on host bp1-compute129
Time is Tue May 19 14:05:22 BST 2026
Directory is /user/home/em18564/bayesian/BC4/Bayes/wordType_experiments/models/8_tightCauchy_e_1
Slurm job ID is 17401690
This job runs on the following machines:
Running on host bp1-compute129
bp1-compute129
Time is Tue May 19 14:05:22 BST 2026
Directory is /user/home/em18564/bayesian/BC4/Bayes/wordType_experiments/models/8_tightCauchy_e_1
Slurm job ID is 17401656
This job runs on the following machines:
bp1-compute129
Sampling (4 threads)   0%|                              |  ETA: N/A
┌ Info: Found initial step size
└   ϵ = 0.000390625
┌ Info: Found initial step size
└   ϵ = 0.00078125
┌ Info: Found initial step size
└   ϵ = 0.00078125
┌ Info: Found initial step size
└   ϵ = 0.003125
Sampling (4 threads)   0%|▏                             |  ETA: 2:41:45
Sampling (4 threads)   1%|▎                             |  ETA: 1:20:31
Sampling (4 threads)   2%|▌                             |  ETA: 0:53:24
Sampling (4 threads)   2%|▋                             |  ETA: 0:41:41
Sampling (4 threads)   2%|▊                             |  ETA: 0:33:11
Sampling (4 threads)   3%|▉                             |  ETA: 0:27:30
Sampling (4 threads)   4%|█                             |  ETA: 0:23:27
Sampling (4 threads)   4%|█▎                            |  ETA: 0:22:08
Sampling (4 threads)   4%|█▍                            |  ETA: 0:19:34
Sampling (4 threads)   5%|█▌                            |  ETA: 0:17:31
Sampling (4 threads)   6%|█▋                            |  ETA: 0:23:20
Sampling (4 threads)   6%|█▊                            |  ETA: 0:21:17
Sampling (4 threads)   6%|██                            |  ETA: 0:19:32
Sampling (4 threads)   7%|██▏                           |  ETA: 1:03:31
Sampling (4 threads)   8%|██▎                           |  ETA: 0:58:57
Sampling (4 threads)   8%|██▍                           |  ETA: 0:54:58
Sampling (4 threads)   8%|██▌                           |  ETA: 0:51:28
Sampling (4 threads)   9%|██▊                           |  ETA: 1:18:25
Sampling (4 threads)  10%|██▉                           |  ETA: 1:13:53
Sampling (4 threads)  10%|███                           |  ETA: 1:42:41
Sampling (4 threads)  10%|███▏                          |  ETA: 1:37:15
Sampling (4 threads)  11%|███▎                          |  ETA: 1:32:19
Sampling (4 threads)  12%|███▌                          |  ETA: 1:27:48
Sampling (4 threads)  12%|███▋                          |  ETA: 1:41:54
Sampling (4 threads)  12%|███▊                          |  ETA: 1:37:16
Sampling (4 threads)  13%|███▉                          |  ETA: 1:42:37
Sampling (4 threads)  14%|████                          |  ETA: 1:38:15
Sampling (4 threads)  14%|████▎                         |  ETA: 1:56:32
Sampling (4 threads)  14%|████▍                         |  ETA: 1:51:52
Sampling (4 threads)  15%|████▌                         |  ETA: 1:47:30
Sampling (4 threads)  16%|████▋                         |  ETA: 1:57:31
Sampling (4 threads)  16%|████▊                         |  ETA: 1:53:11
Sampling (4 threads)  16%|█████                         |  ETA: 2:01:08
Sampling (4 threads)  17%|█████▏                        |  ETA: 1:56:52
Sampling (4 threads)  18%|█████▎                        |  ETA: 1:52:50
Sampling (4 threads)  18%|█████▍                        |  ETA: 1:56:46
Sampling (4 threads)  18%|█████▌                        |  ETA: 1:52:56
Sampling (4 threads)  19%|█████▊                        |  ETA: 1:59:16
Sampling (4 threads)  20%|█████▉                        |  ETA: 1:55:30
Sampling (4 threads)  20%|██████                        |  ETA: 1:51:55
Sampling (4 threads)  20%|██████▏                       |  ETA: 2:00:39
Sampling (4 threads)  21%|██████▎                       |  ETA: 1:57:02
Sampling (4 threads)  22%|██████▌                       |  ETA: 1:53:35
Sampling (4 threads)  22%|██████▋                       |  ETA: 1:50:18
Sampling (4 threads)  22%|██████▊                       |  ETA: 1:55:27
Sampling (4 threads)  23%|██████▉                       |  ETA: 1:52:13
Sampling (4 threads)  24%|███████                       |  ETA: 1:56:29
Sampling (4 threads)  24%|███████▎                      |  ETA: 1:53:18
Sampling (4 threads)  24%|███████▍                      |  ETA: 1:55:28
Sampling (4 threads)  25%|███████▌                      |  ETA: 1:52:25
Sampling (4 threads)  26%|███████▋                      |  ETA: 1:53:38
Sampling (4 threads)  26%|███████▊                      |  ETA: 1:50:42
Sampling (4 threads)  26%|████████                      |  ETA: 1:52:57
Sampling (4 threads)  27%|████████▏                     |  ETA: 1:50:07
Sampling (4 threads)  28%|████████▎                     |  ETA: 1:47:22
Sampling (4 threads)  28%|████████▍                     |  ETA: 1:51:51
Sampling (4 threads)  28%|████████▌                     |  ETA: 1:49:08
Sampling (4 threads)  29%|████████▊                     |  ETA: 1:46:30
Sampling (4 threads)  30%|████████▉                     |  ETA: 1:50:09
Sampling (4 threads)  30%|█████████                     |  ETA: 1:47:33
Sampling (4 threads)  30%|█████████▏                    |  ETA: 1:45:01
Sampling (4 threads)  31%|█████████▎                    |  ETA: 1:48:30
Sampling (4 threads)  32%|█████████▌                    |  ETA: 1:46:00
Sampling (4 threads)  32%|█████████▋                    |  ETA: 1:43:35
Sampling (4 threads)  32%|█████████▊                    |  ETA: 1:46:52
Sampling (4 threads)  33%|█████████▉                    |  ETA: 1:44:28
Sampling (4 threads)  34%|██████████                    |  ETA: 1:42:08
Sampling (4 threads)  34%|██████████▎                   |  ETA: 1:39:52
Sampling (4 threads)  34%|██████████▍                   |  ETA: 1:43:08
Sampling (4 threads)  35%|██████████▌                   |  ETA: 1:40:53
Sampling (4 threads)  36%|██████████▋                   |  ETA: 1:38:42
Sampling (4 threads)  36%|██████████▊                   |  ETA: 1:42:15
Sampling (4 threads)  36%|███████████                   |  ETA: 1:40:03
Sampling (4 threads)  37%|███████████▏                  |  ETA: 1:37:56
Sampling (4 threads)  38%|███████████▎                  |  ETA: 1:38:07
Sampling (4 threads)  38%|███████████▍                  |  ETA: 1:36:03
Sampling (4 threads)  38%|███████████▌                  |  ETA: 1:40:00
Sampling (4 threads)  39%|███████████▊                  |  ETA: 1:37:55
Sampling (4 threads)  40%|███████████▉                  |  ETA: 1:35:53
Sampling (4 threads)  40%|████████████                  |  ETA: 1:33:54
Sampling (4 threads)  40%|████████████▏                 |  ETA: 1:36:48
Sampling (4 threads)  41%|████████████▎                 |  ETA: 1:34:49
Sampling (4 threads)  42%|████████████▌                 |  ETA: 1:32:53
Sampling (4 threads)  42%|████████████▋                 |  ETA: 1:34:59
Sampling (4 threads)  42%|████████████▊                 |  ETA: 1:33:03
Sampling (4 threads)  43%|████████████▉                 |  ETA: 1:33:34
Sampling (4 threads)  44%|█████████████                 |  ETA: 1:31:40
Sampling (4 threads)  44%|█████████████▎                |  ETA: 1:29:50
Sampling (4 threads)  44%|█████████████▍                |  ETA: 1:30:50
Sampling (4 threads)  45%|█████████████▌                |  ETA: 1:29:01
Sampling (4 threads)  46%|█████████████▋                |  ETA: 1:30:09
Sampling (4 threads)  46%|█████████████▊                |  ETA: 1:28:22
Sampling (4 threads)  46%|██████████████                |  ETA: 1:26:36
Sampling (4 threads)  47%|██████████████▏               |  ETA: 1:27:53
Sampling (4 threads)  48%|██████████████▎               |  ETA: 1:26:08
Sampling (4 threads)  48%|██████████████▍               |  ETA: 1:24:25
Sampling (4 threads)  48%|██████████████▌               |  ETA: 1:26:08
Sampling (4 threads)  49%|██████████████▊               |  ETA: 1:24:26
Sampling (4 threads)  50%|██████████████▉               |  ETA: 1:22:45
Sampling (4 threads)  50%|███████████████               |  ETA: 1:21:07
Sampling (4 threads)  50%|███████████████▏              |  ETA: 1:22:21
Sampling (4 threads)  51%|███████████████▎              |  ETA: 1:20:43
Sampling (4 threads)  52%|███████████████▌              |  ETA: 1:21:18
Sampling (4 threads)  52%|███████████████▋              |  ETA: 1:19:42
Sampling (4 threads)  52%|███████████████▊              |  ETA: 1:18:07
Sampling (4 threads)  53%|███████████████▉              |  ETA: 1:19:33
Sampling (4 threads)  54%|████████████████              |  ETA: 1:17:58
Sampling (4 threads)  54%|████████████████▎             |  ETA: 1:16:25
Sampling (4 threads)  55%|████████████████▍             |  ETA: 1:14:53
Sampling (4 threads)  55%|████████████████▌             |  ETA: 1:16:58
Sampling (4 threads)  56%|████████████████▋             |  ETA: 1:15:25
Sampling (4 threads)  56%|████████████████▊             |  ETA: 1:13:55
Sampling (4 threads)  56%|█████████████████             |  ETA: 1:14:20
Sampling (4 threads)  57%|█████████████████▏            |  ETA: 1:12:50
Sampling (4 threads)  57%|█████████████████▎            |  ETA: 1:13:02
Sampling (4 threads)  58%|█████████████████▍            |  ETA: 1:11:33
Sampling (4 threads)  58%|█████████████████▌            |  ETA: 1:10:05
Sampling (4 threads)  59%|█████████████████▊            |  ETA: 1:10:20
Sampling (4 threads)  60%|█████████████████▉            |  ETA: 1:08:54
Sampling (4 threads)  60%|██████████████████            |  ETA: 1:07:28
Sampling (4 threads)  60%|██████████████████▏           |  ETA: 1:08:23
Sampling (4 threads)  61%|██████████████████▎           |  ETA: 1:06:57
Sampling (4 threads)  62%|██████████████████▌           |  ETA: 1:05:34
Sampling (4 threads)  62%|██████████████████▋           |  ETA: 1:05:51
Sampling (4 threads)  62%|██████████████████▊           |  ETA: 1:04:28
Sampling (4 threads)  63%|██████████████████▉           |  ETA: 1:03:06
Sampling (4 threads)  64%|███████████████████           |  ETA: 1:03:18
Sampling (4 threads)  64%|███████████████████▎          |  ETA: 1:01:57
Sampling (4 threads)  64%|███████████████████▍          |  ETA: 1:00:37
Sampling (4 threads)  65%|███████████████████▌          |  ETA: 1:01:23
Sampling (4 threads)  66%|███████████████████▋          |  ETA: 1:00:02
Sampling (4 threads)  66%|███████████████████▊          |  ETA: 0:58:43
Sampling (4 threads)  66%|████████████████████          |  ETA: 0:59:11
Sampling (4 threads)  67%|████████████████████▏         |  ETA: 0:57:52
Sampling (4 threads)  68%|████████████████████▎         |  ETA: 0:56:34
Sampling (4 threads)  68%|████████████████████▍         |  ETA: 0:55:17
Sampling (4 threads)  68%|████████████████████▌         |  ETA: 0:55:27
Sampling (4 threads)  69%|████████████████████▊         |  ETA: 0:54:10
Sampling (4 threads)  70%|████████████████████▉         |  ETA: 0:54:05
Sampling (4 threads)  70%|█████████████████████         |  ETA: 0:52:49
Sampling (4 threads)  70%|█████████████████████▏        |  ETA: 0:51:34
Sampling (4 threads)  71%|█████████████████████▎        |  ETA: 0:51:24
Sampling (4 threads)  72%|█████████████████████▌        |  ETA: 0:50:10
Sampling (4 threads)  72%|█████████████████████▋        |  ETA: 0:48:57
Sampling (4 threads)  72%|█████████████████████▊        |  ETA: 0:48:55
Sampling (4 threads)  73%|█████████████████████▉        |  ETA: 0:47:42
Sampling (4 threads)  74%|██████████████████████        |  ETA: 0:46:30
Sampling (4 threads)  74%|██████████████████████▎       |  ETA: 0:46:14
Sampling (4 threads)  74%|██████████████████████▍       |  ETA: 0:45:03
Sampling (4 threads)  75%|██████████████████████▌       |  ETA: 0:43:52
Sampling (4 threads)  76%|██████████████████████▋       |  ETA: 0:43:35
Sampling (4 threads)  76%|██████████████████████▊       |  ETA: 0:42:25
Sampling (4 threads)  76%|███████████████████████       |  ETA: 0:41:15
Sampling (4 threads)  77%|███████████████████████▏      |  ETA: 0:41:03
Sampling (4 threads)  78%|███████████████████████▎      |  ETA: 0:39:54
Sampling (4 threads)  78%|███████████████████████▍      |  ETA: 0:38:45
Sampling (4 threads)  78%|███████████████████████▌      |  ETA: 0:37:38
Sampling (4 threads)  79%|███████████████████████▊      |  ETA: 0:37:21
Sampling (4 threads)  80%|███████████████████████▉      |  ETA: 0:36:14
Sampling (4 threads)  80%|████████████████████████      |  ETA: 0:35:41
Sampling (4 threads)  80%|████████████████████████▏     |  ETA: 0:34:35
Sampling (4 threads)  81%|████████████████████████▎     |  ETA: 0:33:29
Sampling (4 threads)  82%|████████████████████████▌     |  ETA: 0:32:57
Sampling (4 threads)  82%|████████████████████████▋     |  ETA: 0:31:52
Sampling (4 threads)  82%|████████████████████████▊     |  ETA: 0:31:18
Sampling (4 threads)  83%|████████████████████████▉     |  ETA: 0:30:13
Sampling (4 threads)  84%|█████████████████████████     |  ETA: 0:29:09
Sampling (4 threads)  84%|█████████████████████████▎    |  ETA: 0:28:39
Sampling (4 threads)  84%|█████████████████████████▍    |  ETA: 0:27:35
Sampling (4 threads)  85%|█████████████████████████▌    |  ETA: 0:26:32
Sampling (4 threads)  86%|█████████████████████████▋    |  ETA: 0:25:58
Sampling (4 threads)  86%|█████████████████████████▊    |  ETA: 0:24:55
Sampling (4 threads)  86%|██████████████████████████    |  ETA: 0:23:54
Sampling (4 threads)  87%|██████████████████████████▏   |  ETA: 0:23:14
Sampling (4 threads)  88%|██████████████████████████▎   |  ETA: 0:22:13
Sampling (4 threads)  88%|██████████████████████████▍   |  ETA: 0:21:12
Sampling (4 threads)  88%|██████████████████████████▌   |  ETA: 0:20:27
Sampling (4 threads)  89%|██████████████████████████▊   |  ETA: 0:19:27
Sampling (4 threads)  90%|██████████████████████████▉   |  ETA: 0:18:34
Sampling (4 threads)  90%|███████████████████████████   |  ETA: 0:17:38
Sampling (4 threads)  90%|███████████████████████████▏  |  ETA: 0:16:43
Sampling (4 threads)  91%|███████████████████████████▎  |  ETA: 0:15:53
Sampling (4 threads)  92%|███████████████████████████▌  |  ETA: 0:15:01
Sampling (4 threads)  92%|███████████████████████████▋  |  ETA: 0:14:08
Sampling (4 threads)  92%|███████████████████████████▊  |  ETA: 0:13:16
Sampling (4 threads)  93%|███████████████████████████▉  |  ETA: 0:12:24
Sampling (4 threads)  94%|████████████████████████████  |  ETA: 0:11:33
Sampling (4 threads)  94%|████████████████████████████▎ |  ETA: 0:10:42
Sampling (4 threads)  94%|████████████████████████████▍ |  ETA: 0:09:47
Sampling (4 threads)  95%|████████████████████████████▌ |  ETA: 0:08:56
Sampling (4 threads)  96%|████████████████████████████▋ |  ETA: 0:08:01
Sampling (4 threads)  96%|████████████████████████████▊ |  ETA: 0:07:09
Sampling (4 threads)  96%|█████████████████████████████ |  ETA: 0:06:15
Sampling (4 threads)  97%|█████████████████████████████▏|  ETA: 0:05:22
Sampling (4 threads)  98%|█████████████████████████████▎|  ETA: 0:04:29
Sampling (4 threads)  98%|█████████████████████████████▍|  ETA: 0:03:36
Sampling (4 threads)  98%|█████████████████████████████▌|  ETA: 0:02:42
Sampling (4 threads)  99%|█████████████████████████████▊|  ETA: 0:01:49
Sampling (4 threads) 100%|█████████████████████████████▉|  ETA: 0:00:54
Sampling (4 threads) 100%|██████████████████████████████| Time: 3:01:32
Sampling (4 threads) 100%|██████████████████████████████| Time: 3:01:33
Sampling (4 threads)   0%|                              |  ETA: N/A
┌ Info: Found initial step size
└   ϵ = 0.003125
┌ Info: Found initial step size
└   ϵ = 0.0015625
┌ Info: Found initial step size
└   ϵ = 0.000390625
┌ Info: Found initial step size
└   ϵ = 0.00078125
Sampling (4 threads)   0%|▏                             |  ETA: 2:47:28
Sampling (4 threads)   1%|▎                             |  ETA: 1:23:24
Sampling (4 threads)   2%|▌                             |  ETA: 0:58:47
Sampling (4 threads)   2%|▋                             |  ETA: 0:43:52
Sampling (4 threads)   2%|▊                             |  ETA: 0:34:55
Sampling (4 threads)   3%|▉                             |  ETA: 0:43:35
Sampling (4 threads)   4%|█                             |  ETA: 0:37:10
Sampling (4 threads)   4%|█▎                            |  ETA: 0:32:21
Sampling (4 threads)   4%|█▍                            |  ETA: 0:28:36
Sampling (4 threads)   5%|█▌                            |  ETA: 1:09:33
Sampling (4 threads)   6%|█▋                            |  ETA: 1:02:54
Sampling (4 threads)   6%|█▊                            |  ETA: 1:28:55
Sampling (4 threads)   6%|██                            |  ETA: 1:21:39
Sampling (4 threads)   7%|██▏                           |  ETA: 1:15:24
Sampling (4 threads)   8%|██▎                           |  ETA: 1:10:00
Sampling (4 threads)   8%|██▍                           |  ETA: 1:33:06
Sampling (4 threads)   8%|██▌                           |  ETA: 1:27:08
Sampling (4 threads)   9%|██▊                           |  ETA: 1:41:19
Sampling (4 threads)  10%|██▉                           |  ETA: 1:35:27
Sampling (4 threads)  10%|███                           |  ETA: 1:47:26
Sampling (4 threads)  10%|███▏                          |  ETA: 1:41:45
Sampling (4 threads)  11%|███▎                          |  ETA: 2:01:16
Sampling (4 threads)  12%|███▌                          |  ETA: 1:55:21
Sampling (4 threads)  12%|███▋                          |  ETA: 1:49:55
Sampling (4 threads)  12%|███▊                          |  ETA: 1:59:39
Sampling (4 threads)  13%|███▉                          |  ETA: 1:54:24
Sampling (4 threads)  14%|████                          |  ETA: 2:01:54
Sampling (4 threads)  14%|████▎                         |  ETA: 1:56:52
Sampling (4 threads)  14%|████▍                         |  ETA: 2:10:07
Sampling (4 threads)  15%|████▌                         |  ETA: 2:05:03
Sampling (4 threads)  16%|████▋                         |  ETA: 2:00:18
Sampling (4 threads)  16%|████▊                         |  ETA: 2:08:56
Sampling (4 threads)  16%|█████                         |  ETA: 2:04:17
Sampling (4 threads)  17%|█████▏                        |  ETA: 1:59:55
Sampling (4 threads)  18%|█████▎                        |  ETA: 1:55:47
Sampling (4 threads)  18%|█████▍                        |  ETA: 2:08:08
Sampling (4 threads)  18%|█████▌                        |  ETA: 2:03:55
Sampling (4 threads)  19%|█████▊                        |  ETA: 1:59:55
Sampling (4 threads)  20%|█████▉                        |  ETA: 2:10:42
Sampling (4 threads)  20%|██████                        |  ETA: 2:06:38
Sampling (4 threads)  20%|██████▏                       |  ETA: 2:02:46
Sampling (4 threads)  21%|██████▎                       |  ETA: 2:09:26
Sampling (4 threads)  22%|██████▌                       |  ETA: 2:05:37
Sampling (4 threads)  22%|██████▋                       |  ETA: 2:01:59
Sampling (4 threads)  22%|██████▊                       |  ETA: 2:09:05
Sampling (4 threads)  23%|██████▉                       |  ETA: 2:05:27
Sampling (4 threads)  24%|███████                       |  ETA: 2:01:59
Sampling (4 threads)  24%|███████▎                      |  ETA: 1:58:40
Sampling (4 threads)  24%|███████▍                      |  ETA: 2:04:59
Sampling (4 threads)  25%|███████▌                      |  ETA: 2:01:40
Sampling (4 threads)  26%|███████▋                      |  ETA: 1:58:30
Sampling (4 threads)  26%|███████▊                      |  ETA: 2:02:06
Sampling (4 threads)  26%|████████                      |  ETA: 1:59:00
Sampling (4 threads)  27%|████████▏                     |  ETA: 2:01:05
Sampling (4 threads)  28%|████████▎                     |  ETA: 1:58:04
Sampling (4 threads)  28%|████████▍                     |  ETA: 2:01:09
Sampling (4 threads)  28%|████████▌                     |  ETA: 1:58:12
Sampling (4 threads)  29%|████████▊                     |  ETA: 1:55:21
Sampling (4 threads)  30%|████████▉                     |  ETA: 1:58:06
Sampling (4 threads)  30%|█████████                     |  ETA: 1:55:18
Sampling (4 threads)  30%|█████████▏                    |  ETA: 1:52:36
Sampling (4 threads)  31%|█████████▎                    |  ETA: 1:57:49
Sampling (4 threads)  32%|█████████▌                    |  ETA: 1:55:07
Sampling (4 threads)  32%|█████████▋                    |  ETA: 1:52:29
Sampling (4 threads)  32%|█████████▊                    |  ETA: 1:55:27
Sampling (4 threads)  33%|█████████▉                    |  ETA: 1:52:51
Sampling (4 threads)  34%|██████████                    |  ETA: 1:50:20
Sampling (4 threads)  34%|██████████▎                   |  ETA: 1:53:21
Sampling (4 threads)  34%|██████████▍                   |  ETA: 1:50:51
Sampling (4 threads)  35%|██████████▌                   |  ETA: 1:48:26
Sampling (4 threads)  36%|██████████▋                   |  ETA: 1:50:36
Sampling (4 threads)  36%|██████████▊                   |  ETA: 1:48:13
Sampling (4 threads)  36%|███████████                   |  ETA: 1:45:54
Sampling (4 threads)  37%|███████████▏                  |  ETA: 1:47:10
Sampling (4 threads)  38%|███████████▎                  |  ETA: 1:44:54
Sampling (4 threads)  38%|███████████▍                  |  ETA: 1:46:51
Sampling (4 threads)  38%|███████████▌                  |  ETA: 1:44:37
Sampling (4 threads)  39%|███████████▊                  |  ETA: 1:44:36
Sampling (4 threads)  40%|███████████▉                  |  ETA: 1:42:26
Sampling (4 threads)  40%|████████████                  |  ETA: 1:45:41
Sampling (4 threads)  40%|████████████▏                 |  ETA: 1:43:31
Sampling (4 threads)  41%|████████████▎                 |  ETA: 1:41:24
Sampling (4 threads)  42%|████████████▌                 |  ETA: 1:43:15
Sampling (4 threads)  42%|████████████▋                 |  ETA: 1:41:09
Sampling (4 threads)  42%|████████████▊                 |  ETA: 1:39:06
Sampling (4 threads)  43%|████████████▉                 |  ETA: 1:39:43
Sampling (4 threads)  44%|█████████████                 |  ETA: 1:37:42
Sampling (4 threads)  44%|█████████████▎                |  ETA: 1:40:11
Sampling (4 threads)  44%|█████████████▍                |  ETA: 1:38:11
Sampling (4 threads)  45%|█████████████▌                |  ETA: 1:38:37
Sampling (4 threads)  46%|█████████████▋                |  ETA: 1:36:39
Sampling (4 threads)  46%|█████████████▊                |  ETA: 1:38:11
Sampling (4 threads)  46%|██████████████                |  ETA: 1:36:14
Sampling (4 threads)  47%|██████████████▏               |  ETA: 1:34:19
Sampling (4 threads)  48%|██████████████▎               |  ETA: 1:35:09
Sampling (4 threads)  48%|██████████████▍               |  ETA: 1:33:16
Sampling (4 threads)  48%|██████████████▌               |  ETA: 1:34:58
Sampling (4 threads)  49%|██████████████▊               |  ETA: 1:33:05
Sampling (4 threads)  50%|██████████████▉               |  ETA: 1:31:14
Sampling (4 threads)  50%|███████████████               |  ETA: 1:32:11
Sampling (4 threads)  50%|███████████████▏              |  ETA: 1:30:21
Sampling (4 threads)  51%|███████████████▎              |  ETA: 1:28:34
Sampling (4 threads)  52%|███████████████▌              |  ETA: 1:30:19
Sampling (4 threads)  52%|███████████████▋              |  ETA: 1:28:32
Sampling (4 threads)  52%|███████████████▊              |  ETA: 1:26:46
Sampling (4 threads)  53%|███████████████▉              |  ETA: 1:27:19
Sampling (4 threads)  54%|████████████████              |  ETA: 1:25:35
Sampling (4 threads)  54%|████████████████▎             |  ETA: 1:25:53
Sampling (4 threads)  55%|████████████████▍             |  ETA: 1:24:10
Sampling (4 threads)  55%|████████████████▌             |  ETA: 1:22:29
Sampling (4 threads)  56%|████████████████▋             |  ETA: 1:22:36
Sampling (4 threads)  56%|████████████████▊             |  ETA: 1:20:57
Sampling (4 threads)  56%|█████████████████             |  ETA: 1:22:25
Sampling (4 threads)  57%|█████████████████▏            |  ETA: 1:20:45
Sampling (4 threads)  57%|█████████████████▎            |  ETA: 1:19:07
Sampling (4 threads)  58%|█████████████████▍            |  ETA: 1:17:31
Sampling (4 threads)  58%|█████████████████▌            |  ETA: 1:17:41
Sampling (4 threads)  59%|█████████████████▊            |  ETA: 1:16:05
Sampling (4 threads)  60%|█████████████████▉            |  ETA: 1:16:02
Sampling (4 threads)  60%|██████████████████            |  ETA: 1:14:28
Sampling (4 threads)  60%|██████████████████▏           |  ETA: 1:14:03
Sampling (4 threads)  61%|██████████████████▎           |  ETA: 1:12:31
Sampling (4 threads)  62%|██████████████████▌           |  ETA: 1:12:47
Sampling (4 threads)  62%|██████████████████▋           |  ETA: 1:11:15
Sampling (4 threads)  62%|██████████████████▊           |  ETA: 1:11:13
Sampling (4 threads)  63%|██████████████████▉           |  ETA: 1:09:42
Sampling (4 threads)  64%|███████████████████           |  ETA: 1:09:21
Sampling (4 threads)  64%|███████████████████▎          |  ETA: 1:07:51
Sampling (4 threads)  64%|███████████████████▍          |  ETA: 1:08:30
Sampling (4 threads)  65%|███████████████████▌          |  ETA: 1:07:01
Sampling (4 threads)  66%|███████████████████▋          |  ETA: 1:05:33
Sampling (4 threads)  66%|███████████████████▊          |  ETA: 1:04:07
Sampling (4 threads)  66%|████████████████████          |  ETA: 1:03:41
Sampling (4 threads)  67%|████████████████████▏         |  ETA: 1:02:16
Sampling (4 threads)  68%|████████████████████▎         |  ETA: 1:02:56
Sampling (4 threads)  68%|████████████████████▍         |  ETA: 1:01:31
Sampling (4 threads)  68%|████████████████████▌         |  ETA: 1:00:07
Sampling (4 threads)  69%|████████████████████▊         |  ETA: 1:00:03
Sampling (4 threads)  70%|████████████████████▉         |  ETA: 0:58:39
Sampling (4 threads)  70%|█████████████████████         |  ETA: 0:58:19
Sampling (4 threads)  70%|█████████████████████▏        |  ETA: 0:56:56
Sampling (4 threads)  71%|█████████████████████▎        |  ETA: 0:55:35
Sampling (4 threads)  72%|█████████████████████▌        |  ETA: 0:55:01
Sampling (4 threads)  72%|█████████████████████▋        |  ETA: 0:53:41
Sampling (4 threads)  72%|█████████████████████▊        |  ETA: 0:53:06
Sampling (4 threads)  73%|█████████████████████▉        |  ETA: 0:51:47
Sampling (4 threads)  74%|██████████████████████        |  ETA: 0:51:39
Sampling (4 threads)  74%|██████████████████████▎       |  ETA: 0:50:20
Sampling (4 threads)  74%|██████████████████████▍       |  ETA: 0:49:02
Sampling (4 threads)  75%|██████████████████████▌       |  ETA: 0:48:55
Sampling (4 threads)  76%|██████████████████████▋       |  ETA: 0:47:37
Sampling (4 threads)  76%|██████████████████████▊       |  ETA: 0:46:20
Sampling (4 threads)  76%|███████████████████████       |  ETA: 0:45:39
Sampling (4 threads)  77%|███████████████████████▏      |  ETA: 0:44:23
Sampling (4 threads)  78%|███████████████████████▎      |  ETA: 0:43:41
Sampling (4 threads)  78%|███████████████████████▍      |  ETA: 0:42:27
Sampling (4 threads)  78%|███████████████████████▌      |  ETA: 0:41:43
Sampling (4 threads)  79%|███████████████████████▊      |  ETA: 0:40:30
Sampling (4 threads)  80%|███████████████████████▉      |  ETA: 0:40:15
Sampling (4 threads)  80%|████████████████████████      |  ETA: 0:39:02
Sampling (4 threads)  80%|████████████████████████▏     |  ETA: 0:37:49
Sampling (4 threads)  81%|████████████████████████▎     |  ETA: 0:37:07
Sampling (4 threads)  82%|████████████████████████▌     |  ETA: 0:35:55
Sampling (4 threads)  82%|████████████████████████▋     |  ETA: 0:35:27
Sampling (4 threads)  82%|████████████████████████▊     |  ETA: 0:34:15
Sampling (4 threads)  83%|████████████████████████▉     |  ETA: 0:33:05
Sampling (4 threads)  84%|█████████████████████████     |  ETA: 0:32:32
Sampling (4 threads)  84%|█████████████████████████▎    |  ETA: 0:31:22
Sampling (4 threads)  84%|█████████████████████████▍    |  ETA: 0:30:32
Sampling (4 threads)  85%|█████████████████████████▌    |  ETA: 0:29:22
Sampling (4 threads)  86%|█████████████████████████▋    |  ETA: 0:28:38
Sampling (4 threads)  86%|█████████████████████████▊    |  ETA: 0:27:29
Sampling (4 threads)  86%|██████████████████████████    |  ETA: 0:26:21
Sampling (4 threads)  87%|██████████████████████████▏   |  ETA: 0:25:13
Sampling (4 threads)  88%|██████████████████████████▎   |  ETA: 0:24:35
Sampling (4 threads)  88%|██████████████████████████▍   |  ETA: 0:23:28
Sampling (4 threads)  88%|██████████████████████████▌   |  ETA: 0:22:41
Sampling (4 threads)  89%|██████████████████████████▊   |  ETA: 0:21:34
Sampling (4 threads)  90%|██████████████████████████▉   |  ETA: 0:20:28
Sampling (4 threads)  90%|███████████████████████████   |  ETA: 0:19:23
Sampling (4 threads)  90%|███████████████████████████▏  |  ETA: 0:18:39
Sampling (4 threads)  91%|███████████████████████████▎  |  ETA: 0:17:34
Sampling (4 threads)  92%|███████████████████████████▌  |  ETA: 0:16:41
Sampling (4 threads)  92%|███████████████████████████▋  |  ETA: 0:15:37
Sampling (4 threads)  92%|███████████████████████████▊  |  ETA: 0:14:33
Sampling (4 threads)  93%|███████████████████████████▉  |  ETA: 0:13:36
Sampling (4 threads)  94%|████████████████████████████  |  ETA: 0:12:41
Sampling (4 threads)  94%|████████████████████████████▎ |  ETA: 0:11:40
Sampling (4 threads)  94%|████████████████████████████▍ |  ETA: 0:10:43
Sampling (4 threads)  95%|████████████████████████████▌ |  ETA: 0:09:46
Sampling (4 threads)  96%|████████████████████████████▋ |  ETA: 0:08:47
Sampling (4 threads)  96%|████████████████████████████▊ |  ETA: 0:07:49
Sampling (4 threads)  96%|█████████████████████████████ |  ETA: 0:06:51
Sampling (4 threads)  97%|█████████████████████████████▏|  ETA: 0:05:52
Sampling (4 threads)  98%|█████████████████████████████▎|  ETA: 0:04:53
Sampling (4 threads)  98%|█████████████████████████████▍|  ETA: 0:03:56
Sampling (4 threads)  98%|█████████████████████████████▌|  ETA: 0:02:57
Sampling (4 threads)  99%|█████████████████████████████▊|  ETA: 0:01:58
Sampling (4 threads) 100%|█████████████████████████████▉|  ETA: 0:01:00
Sampling (4 threads) 100%|██████████████████████████████| Time: 3:20:24
Sampling (4 threads) 100%|██████████████████████████████| Time: 3:20:24
Sampling (4 threads)   0%|                              |  ETA: N/A
┌ Info: Found initial step size
└   ϵ = 0.00625
┌ Info: Found initial step size
└   ϵ = 9.765625e-5
┌ Info: Found initial step size
└   ϵ = 0.0015625
┌ Info: Found initial step size
└   ϵ = 0.003125
Sampling (4 threads)   0%|▏                             |  ETA: 2:40:54
Sampling (4 threads)   1%|▎                             |  ETA: 1:20:08
Sampling (4 threads)   2%|▌                             |  ETA: 0:55:02
Sampling (4 threads)   2%|▋                             |  ETA: 0:41:04
Sampling (4 threads)   2%|▊                             |  ETA: 0:37:23
Sampling (4 threads)   3%|▉                             |  ETA: 0:31:00
Sampling (4 threads)   4%|█                             |  ETA: 1:33:39
Sampling (4 threads)   4%|█▎                            |  ETA: 1:21:31
Sampling (4 threads)   4%|█▍                            |  ETA: 1:12:05
Sampling (4 threads)   5%|█▌                            |  ETA: 2:31:07
Sampling (4 threads)   6%|█▋                            |  ETA: 2:16:39
Sampling (4 threads)   6%|█▊                            |  ETA: 2:04:36
Sampling (4 threads)   6%|██                            |  ETA: 3:09:07
Sampling (4 threads)   7%|██▏                           |  ETA: 2:54:40
Sampling (4 threads)   8%|██▎                           |  ETA: 2:42:09
Sampling (4 threads)   8%|██▍                           |  ETA: 3:09:14
Sampling (4 threads)   8%|██▌                           |  ETA: 2:57:08
Sampling (4 threads)   9%|██▊                           |  ETA: 2:46:23
Sampling (4 threads)  10%|██▉                           |  ETA: 2:58:29
Sampling (4 threads)  10%|███                           |  ETA: 2:48:37
Sampling (4 threads)  10%|███▏                          |  ETA: 2:59:23
Sampling (4 threads)  11%|███▎                          |  ETA: 2:50:17
Sampling (4 threads)  12%|███▌                          |  ETA: 3:08:16
Sampling (4 threads)  12%|███▋                          |  ETA: 2:59:24
Sampling (4 threads)  12%|███▊                          |  ETA: 2:51:15
Sampling (4 threads)  13%|███▉                          |  ETA: 3:13:13
Sampling (4 threads)  14%|████                          |  ETA: 3:04:59
Sampling (4 threads)  14%|████▎                         |  ETA: 2:57:21
Sampling (4 threads)  14%|████▍                         |  ETA: 2:50:14
Sampling (4 threads)  15%|████▌                         |  ETA: 3:04:51
Sampling (4 threads)  16%|████▋                         |  ETA: 2:57:50
Sampling (4 threads)  16%|████▊                         |  ETA: 2:51:16
Sampling (4 threads)  16%|█████                         |  ETA: 3:07:02
Sampling (4 threads)  17%|█████▏                        |  ETA: 3:00:26
Sampling (4 threads)  18%|█████▎                        |  ETA: 2:54:14
Sampling (4 threads)  18%|█████▍                        |  ETA: 3:02:24
Sampling (4 threads)  18%|█████▌                        |  ETA: 2:56:23
Sampling (4 threads)  19%|█████▊                        |  ETA: 2:50:42
Sampling (4 threads)  20%|█████▉                        |  ETA: 3:01:20
Sampling (4 threads)  20%|██████                        |  ETA: 2:55:43
Sampling (4 threads)  20%|██████▏                       |  ETA: 2:50:21
Sampling (4 threads)  21%|██████▎                       |  ETA: 2:45:15
Sampling (4 threads)  22%|██████▌                       |  ETA: 2:53:46
Sampling (4 threads)  22%|██████▋                       |  ETA: 2:48:44
Sampling (4 threads)  22%|██████▊                       |  ETA: 2:43:55
Sampling (4 threads)  23%|██████▉                       |  ETA: 2:52:02
Sampling (4 threads)  24%|███████                       |  ETA: 2:47:17
Sampling (4 threads)  24%|███████▎                      |  ETA: 2:42:44
Sampling (4 threads)  24%|███████▍                      |  ETA: 2:49:21
Sampling (4 threads)  25%|███████▌                      |  ETA: 2:44:52
Sampling (4 threads)  26%|███████▋                      |  ETA: 2:40:33
Sampling (4 threads)  26%|███████▊                      |  ETA: 2:47:19
Sampling (4 threads)  26%|████████                      |  ETA: 2:43:03
Sampling (4 threads)  27%|████████▏                     |  ETA: 2:38:56
Sampling (4 threads)  28%|████████▎                     |  ETA: 2:40:22
Sampling (4 threads)  28%|████████▍                     |  ETA: 2:36:25
Sampling (4 threads)  28%|████████▌                     |  ETA: 2:39:51
Sampling (4 threads)  29%|████████▊                     |  ETA: 2:36:00
Sampling (4 threads)  30%|████████▉                     |  ETA: 2:32:17
Sampling (4 threads)  30%|█████████                     |  ETA: 2:39:03
Sampling (4 threads)  30%|█████████▏                    |  ETA: 2:35:19
Sampling (4 threads)  31%|█████████▎                    |  ETA: 2:31:43
Sampling (4 threads)  32%|█████████▌                    |  ETA: 2:28:14
Sampling (4 threads)  32%|█████████▋                    |  ETA: 2:33:39
Sampling (4 threads)  32%|█████████▊                    |  ETA: 2:30:10
Sampling (4 threads)  33%|█████████▉                    |  ETA: 2:26:48
Sampling (4 threads)  34%|██████████                    |  ETA: 2:31:40
Sampling (4 threads)  34%|██████████▎                   |  ETA: 2:28:19
Sampling (4 threads)  34%|██████████▍                   |  ETA: 2:25:03
Sampling (4 threads)  35%|██████████▌                   |  ETA: 2:29:32
Sampling (4 threads)  36%|██████████▋                   |  ETA: 2:26:17
Sampling (4 threads)  36%|██████████▊                   |  ETA: 2:23:08
Sampling (4 threads)  36%|███████████                   |  ETA: 2:20:04
Sampling (4 threads)  37%|███████████▏                  |  ETA: 2:22:48
Sampling (4 threads)  38%|███████████▎                  |  ETA: 2:19:46
Sampling (4 threads)  38%|███████████▍                  |  ETA: 2:20:04
Sampling (4 threads)  38%|███████████▌                  |  ETA: 2:17:08
Sampling (4 threads)  39%|███████████▊                  |  ETA: 2:18:17
Sampling (4 threads)  40%|███████████▉                  |  ETA: 2:15:24
Sampling (4 threads)  40%|████████████                  |  ETA: 2:15:08
Sampling (4 threads)  40%|████████████▏                 |  ETA: 2:12:21
Sampling (4 threads)  41%|████████████▎                 |  ETA: 2:12:57
Sampling (4 threads)  42%|████████████▌                 |  ETA: 2:10:14
Sampling (4 threads)  42%|████████████▋                 |  ETA: 2:12:34
Sampling (4 threads)  42%|████████████▊                 |  ETA: 2:09:53
Sampling (4 threads)  43%|████████████▉                 |  ETA: 2:07:15
Sampling (4 threads)  44%|█████████████                 |  ETA: 2:04:41
Sampling (4 threads)  44%|█████████████▎                |  ETA: 2:06:39
Sampling (4 threads)  44%|█████████████▍                |  ETA: 2:04:07
Sampling (4 threads)  45%|█████████████▌                |  ETA: 2:06:17
Sampling (4 threads)  46%|█████████████▋                |  ETA: 2:03:46
Sampling (4 threads)  46%|█████████████▊                |  ETA: 2:01:18
Sampling (4 threads)  46%|██████████████                |  ETA: 1:58:53
Sampling (4 threads)  47%|██████████████▏               |  ETA: 2:00:43
Sampling (4 threads)  48%|██████████████▎               |  ETA: 1:58:19
Sampling (4 threads)  48%|██████████████▍               |  ETA: 1:58:28
Sampling (4 threads)  48%|██████████████▌               |  ETA: 1:56:07
Sampling (4 threads)  49%|██████████████▊               |  ETA: 1:56:13
Sampling (4 threads)  50%|██████████████▉               |  ETA: 1:53:55
Sampling (4 threads)  50%|███████████████               |  ETA: 1:54:30
Sampling (4 threads)  50%|███████████████▏              |  ETA: 1:52:14
Sampling (4 threads)  51%|███████████████▎              |  ETA: 1:50:01
Sampling (4 threads)  52%|███████████████▌              |  ETA: 1:47:50
Sampling (4 threads)  52%|███████████████▋              |  ETA: 1:49:18
Sampling (4 threads)  52%|███████████████▊              |  ETA: 1:47:08
Sampling (4 threads)  53%|███████████████▉              |  ETA: 1:45:00
Sampling (4 threads)  54%|████████████████              |  ETA: 1:45:59
Sampling (4 threads)  54%|████████████████▎             |  ETA: 1:43:52
Sampling (4 threads)  55%|████████████████▍             |  ETA: 1:41:48
Sampling (4 threads)  55%|████████████████▌             |  ETA: 1:42:57
Sampling (4 threads)  56%|████████████████▋             |  ETA: 1:40:53
Sampling (4 threads)  56%|████████████████▊             |  ETA: 1:38:52
Sampling (4 threads)  56%|█████████████████             |  ETA: 1:38:38
Sampling (4 threads)  57%|█████████████████▏            |  ETA: 1:36:38
Sampling (4 threads)  57%|█████████████████▎            |  ETA: 1:36:44
Sampling (4 threads)  58%|█████████████████▍            |  ETA: 1:34:47
Sampling (4 threads)  58%|█████████████████▌            |  ETA: 1:34:25
Sampling (4 threads)  59%|█████████████████▊            |  ETA: 1:32:30
Sampling (4 threads)  60%|█████████████████▉            |  ETA: 1:32:07
Sampling (4 threads)  60%|██████████████████            |  ETA: 1:30:14
Sampling (4 threads)  60%|██████████████████▏           |  ETA: 1:29:43
Sampling (4 threads)  61%|██████████████████▎           |  ETA: 1:27:51
Sampling (4 threads)  62%|██████████████████▌           |  ETA: 1:27:23
Sampling (4 threads)  62%|██████████████████▋           |  ETA: 1:25:33
Sampling (4 threads)  62%|██████████████████▊           |  ETA: 1:25:45
Sampling (4 threads)  63%|██████████████████▉           |  ETA: 1:23:56
Sampling (4 threads)  64%|███████████████████           |  ETA: 1:22:09
Sampling (4 threads)  64%|███████████████████▎          |  ETA: 1:22:13
Sampling (4 threads)  64%|███████████████████▍          |  ETA: 1:20:27
Sampling (4 threads)  65%|███████████████████▌          |  ETA: 1:18:42
Sampling (4 threads)  66%|███████████████████▋          |  ETA: 1:16:59
Sampling (4 threads)  66%|███████████████████▊          |  ETA: 1:17:17
Sampling (4 threads)  66%|████████████████████          |  ETA: 1:15:34
Sampling (4 threads)  67%|████████████████████▏         |  ETA: 1:13:53
Sampling (4 threads)  68%|████████████████████▎         |  ETA: 1:13:56
Sampling (4 threads)  68%|████████████████████▍         |  ETA: 1:12:16
Sampling (4 threads)  68%|████████████████████▌         |  ETA: 1:10:37
Sampling (4 threads)  69%|████████████████████▊         |  ETA: 1:09:57
Sampling (4 threads)  70%|████████████████████▉         |  ETA: 1:08:20
Sampling (4 threads)  70%|█████████████████████         |  ETA: 1:07:38
Sampling (4 threads)  70%|█████████████████████▏        |  ETA: 1:06:02
Sampling (4 threads)  71%|█████████████████████▎        |  ETA: 1:05:43
Sampling (4 threads)  72%|█████████████████████▌        |  ETA: 1:04:08
Sampling (4 threads)  72%|█████████████████████▋        |  ETA: 1:02:34
Sampling (4 threads)  72%|█████████████████████▊        |  ETA: 1:02:22
Sampling (4 threads)  73%|█████████████████████▉        |  ETA: 1:00:49
Sampling (4 threads)  74%|██████████████████████        |  ETA: 0:59:17
Sampling (4 threads)  74%|██████████████████████▎       |  ETA: 0:58:49
Sampling (4 threads)  74%|██████████████████████▍       |  ETA: 0:57:18
Sampling (4 threads)  75%|██████████████████████▌       |  ETA: 0:55:48
Sampling (4 threads)  76%|██████████████████████▋       |  ETA: 0:55:32
Sampling (4 threads)  76%|██████████████████████▊       |  ETA: 0:54:03
Sampling (4 threads)  76%|███████████████████████       |  ETA: 0:52:34
Sampling (4 threads)  77%|███████████████████████▏      |  ETA: 0:52:06
Sampling (4 threads)  78%|███████████████████████▎      |  ETA: 0:50:38
Sampling (4 threads)  78%|███████████████████████▍      |  ETA: 0:49:11
Sampling (4 threads)  78%|███████████████████████▌      |  ETA: 0:48:20
Sampling (4 threads)  79%|███████████████████████▊      |  ETA: 0:46:54
Sampling (4 threads)  80%|███████████████████████▉      |  ETA: 0:46:02
Sampling (4 threads)  80%|████████████████████████      |  ETA: 0:44:38
Sampling (4 threads)  80%|████████████████████████▏     |  ETA: 0:44:03
Sampling (4 threads)  81%|████████████████████████▎     |  ETA: 0:42:39
Sampling (4 threads)  82%|████████████████████████▌     |  ETA: 0:41:17
Sampling (4 threads)  82%|████████████████████████▋     |  ETA: 0:40:20
Sampling (4 threads)  82%|████████████████████████▊     |  ETA: 0:38:59
Sampling (4 threads)  83%|████████████████████████▉     |  ETA: 0:38:01
Sampling (4 threads)  84%|█████████████████████████     |  ETA: 0:36:40
Sampling (4 threads)  84%|█████████████████████████▎    |  ETA: 0:35:39
Sampling (4 threads)  84%|█████████████████████████▍    |  ETA: 0:34:20
Sampling (4 threads)  85%|█████████████████████████▌    |  ETA: 0:33:06
Sampling (4 threads)  86%|█████████████████████████▋    |  ETA: 0:32:02
Sampling (4 threads)  86%|█████████████████████████▊    |  ETA: 0:30:52
Sampling (4 threads)  86%|██████████████████████████    |  ETA: 0:29:49
Sampling (4 threads)  87%|██████████████████████████▏   |  ETA: 0:28:42
Sampling (4 threads)  88%|██████████████████████████▎   |  ETA: 0:27:33
Sampling (4 threads)  88%|██████████████████████████▍   |  ETA: 0:26:32
Sampling (4 threads)  88%|██████████████████████████▌   |  ETA: 0:25:27
Sampling (4 threads)  89%|██████████████████████████▊   |  ETA: 0:24:17
Sampling (4 threads)  90%|██████████████████████████▉   |  ETA: 0:23:12
Sampling (4 threads)  90%|███████████████████████████   |  ETA: 0:22:07
Sampling (4 threads)  90%|███████████████████████████▏  |  ETA: 0:20:57
Sampling (4 threads)  91%|███████████████████████████▎  |  ETA: 0:19:54
Sampling (4 threads)  92%|███████████████████████████▌  |  ETA: 0:18:46
Sampling (4 threads)  92%|███████████████████████████▋  |  ETA: 0:17:40
Sampling (4 threads)  92%|███████████████████████████▊  |  ETA: 0:16:33
Sampling (4 threads)  93%|███████████████████████████▉  |  ETA: 0:15:25
Sampling (4 threads)  94%|████████████████████████████  |  ETA: 0:14:19
Sampling (4 threads)  94%|████████████████████████████▎ |  ETA: 0:13:14
Sampling (4 threads)  94%|████████████████████████████▍ |  ETA: 0:12:09
Sampling (4 threads)  95%|████████████████████████████▌ |  ETA: 0:11:03
Sampling (4 threads)  96%|████████████████████████████▋ |  ETA: 0:09:57
Sampling (4 threads)  96%|████████████████████████████▊ |  ETA: 0:08:52
Sampling (4 threads)  96%|█████████████████████████████ |  ETA: 0:07:45
Sampling (4 threads)  97%|█████████████████████████████▏|  ETA: 0:06:40
Sampling (4 threads)  98%|█████████████████████████████▎|  ETA: 0:05:33
Sampling (4 threads)  98%|█████████████████████████████▍|  ETA: 0:04:27
Sampling (4 threads)  98%|█████████████████████████████▌|  ETA: 0:03:20
Sampling (4 threads)  99%|█████████████████████████████▊|  ETA: 0:02:14
Sampling (4 threads) 100%|█████████████████████████████▉|  ETA: 0:01:07
Sampling (4 threads) 100%|██████████████████████████████| Time: 3:44:02
Sampling (4 threads) 100%|██████████████████████████████| Time: 3:44:02
GKS: cannot open display - headless operation mode active
Sampling (4 threads)   0%|                              |  ETA: N/A
┌ Info: Found initial step size
└   ϵ = 0.0001953125
┌ Info: Found initial step size
└   ϵ = 0.00625
┌ Info: Found initial step size
└   ϵ = 0.000390625
┌ Info: Found initial step size
└   ϵ = 0.0015625
Sampling (4 threads)   0%|▏                             |  ETA: 2:30:21
Sampling (4 threads)   1%|▎                             |  ETA: 1:14:50
Sampling (4 threads)   2%|▌                             |  ETA: 0:49:38
Sampling (4 threads)   2%|▋                             |  ETA: 0:40:46
Sampling (4 threads)   2%|▊                             |  ETA: 0:32:27
Sampling (4 threads)   3%|▉                             |  ETA: 0:38:23
Sampling (4 threads)   4%|█                             |  ETA: 0:32:44
Sampling (4 threads)   4%|█▎                            |  ETA: 1:12:33
Sampling (4 threads)   4%|█▍                            |  ETA: 1:04:10
Sampling (4 threads)   5%|█▌                            |  ETA: 0:57:26
Sampling (4 threads)   6%|█▋                            |  ETA: 1:23:23
Sampling (4 threads)   6%|█▊                            |  ETA: 1:16:02
Sampling (4 threads)   6%|██                            |  ETA: 1:54:23
Sampling (4 threads)   7%|██▏                           |  ETA: 1:45:38
Sampling (4 threads)   8%|██▎                           |  ETA: 1:38:04
Sampling (4 threads)   8%|██▍                           |  ETA: 2:09:50
Sampling (4 threads)   8%|██▌                           |  ETA: 2:01:32
Sampling (4 threads)   9%|██▊                           |  ETA: 1:54:09
Sampling (4 threads)  10%|██▉                           |  ETA: 1:47:33
Sampling (4 threads)  10%|███                           |  ETA: 2:02:28
Sampling (4 threads)  10%|███▏                          |  ETA: 1:55:59
Sampling (4 threads)  11%|███▎                          |  ETA: 2:11:39
Sampling (4 threads)  12%|███▌                          |  ETA: 2:05:13
Sampling (4 threads)  12%|███▋                          |  ETA: 1:59:19
Sampling (4 threads)  12%|███▊                          |  ETA: 1:53:54
Sampling (4 threads)  13%|███▉                          |  ETA: 2:04:47
Sampling (4 threads)  14%|████                          |  ETA: 1:59:28
Sampling (4 threads)  14%|████▎                         |  ETA: 2:05:42
Sampling (4 threads)  14%|████▍                         |  ETA: 2:00:40
Sampling (4 threads)  15%|████▌                         |  ETA: 2:07:10
Sampling (4 threads)  16%|████▋                         |  ETA: 2:02:20
Sampling (4 threads)  16%|████▊                         |  ETA: 1:57:49
Sampling (4 threads)  16%|█████                         |  ETA: 2:00:23
Sampling (4 threads)  17%|█████▏                        |  ETA: 1:56:09
Sampling (4 threads)  18%|█████▎                        |  ETA: 2:01:31
Sampling (4 threads)  18%|█████▍                        |  ETA: 1:57:25
Sampling (4 threads)  18%|█████▌                        |  ETA: 1:53:33
Sampling (4 threads)  19%|█████▊                        |  ETA: 2:03:17
Sampling (4 threads)  20%|█████▉                        |  ETA: 1:59:23
Sampling (4 threads)  20%|██████                        |  ETA: 1:55:40
Sampling (4 threads)  20%|██████▏                       |  ETA: 1:52:09
Sampling (4 threads)  21%|██████▎                       |  ETA: 1:53:58
Sampling (4 threads)  22%|██████▌                       |  ETA: 1:50:37
Sampling (4 threads)  22%|██████▋                       |  ETA: 1:55:00
Sampling (4 threads)  22%|██████▊                       |  ETA: 1:51:44
Sampling (4 threads)  23%|██████▉                       |  ETA: 1:53:52
Sampling (4 threads)  24%|███████                       |  ETA: 1:50:43
Sampling (4 threads)  24%|███████▎                      |  ETA: 1:50:34
Sampling (4 threads)  24%|███████▍                      |  ETA: 1:47:36
Sampling (4 threads)  25%|███████▌                      |  ETA: 1:51:46
Sampling (4 threads)  26%|███████▋                      |  ETA: 1:48:51
Sampling (4 threads)  26%|███████▊                      |  ETA: 1:46:02
Sampling (4 threads)  26%|████████                      |  ETA: 1:48:38
Sampling (4 threads)  27%|████████▏                     |  ETA: 1:45:54
Sampling (4 threads)  28%|████████▎                     |  ETA: 1:43:16
Sampling (4 threads)  28%|████████▍                     |  ETA: 1:44:45
Sampling (4 threads)  28%|████████▌                     |  ETA: 1:42:11
Sampling (4 threads)  29%|████████▊                     |  ETA: 1:45:52
Sampling (4 threads)  30%|████████▉                     |  ETA: 1:43:20
Sampling (4 threads)  30%|█████████                     |  ETA: 1:40:54
Sampling (4 threads)  30%|█████████▏                    |  ETA: 1:38:32
Sampling (4 threads)  31%|█████████▎                    |  ETA: 1:42:56
Sampling (4 threads)  32%|█████████▌                    |  ETA: 1:40:34
Sampling (4 threads)  32%|█████████▋                    |  ETA: 1:38:16
Sampling (4 threads)  32%|█████████▊                    |  ETA: 1:39:43
Sampling (4 threads)  33%|█████████▉                    |  ETA: 1:37:28
Sampling (4 threads)  34%|██████████                    |  ETA: 1:40:03
Sampling (4 threads)  34%|██████████▎                   |  ETA: 1:37:50
Sampling (4 threads)  34%|██████████▍                   |  ETA: 1:35:41
Sampling (4 threads)  35%|██████████▌                   |  ETA: 1:37:30
Sampling (4 threads)  36%|██████████▋                   |  ETA: 1:35:23
Sampling (4 threads)  36%|██████████▊                   |  ETA: 1:33:20
Sampling (4 threads)  36%|███████████                   |  ETA: 1:34:46
Sampling (4 threads)  37%|███████████▏                  |  ETA: 1:32:45
Sampling (4 threads)  38%|███████████▎                  |  ETA: 1:35:21
Sampling (4 threads)  38%|███████████▍                  |  ETA: 1:33:21
Sampling (4 threads)  38%|███████████▌                  |  ETA: 1:31:24
Sampling (4 threads)  39%|███████████▊                  |  ETA: 1:33:22
Sampling (4 threads)  40%|███████████▉                  |  ETA: 1:31:26
Sampling (4 threads)  40%|████████████                  |  ETA: 1:29:33
Sampling (4 threads)  40%|████████████▏                 |  ETA: 1:30:59
Sampling (4 threads)  41%|████████████▎                 |  ETA: 1:29:07
Sampling (4 threads)  42%|████████████▌                 |  ETA: 1:29:48
Sampling (4 threads)  42%|████████████▋                 |  ETA: 1:27:58
Sampling (4 threads)  42%|████████████▊                 |  ETA: 1:28:34
Sampling (4 threads)  43%|████████████▉                 |  ETA: 1:26:47
Sampling (4 threads)  44%|█████████████                 |  ETA: 1:27:19
Sampling (4 threads)  44%|█████████████▎                |  ETA: 1:25:33
Sampling (4 threads)  44%|█████████████▍                |  ETA: 1:26:22
Sampling (4 threads)  45%|█████████████▌                |  ETA: 1:24:38
Sampling (4 threads)  46%|█████████████▋                |  ETA: 1:22:56
Sampling (4 threads)  46%|█████████████▊                |  ETA: 1:24:30
Sampling (4 threads)  46%|██████████████                |  ETA: 1:22:49
Sampling (4 threads)  47%|██████████████▏               |  ETA: 1:21:10
Sampling (4 threads)  48%|██████████████▎               |  ETA: 1:22:34
Sampling (4 threads)  48%|██████████████▍               |  ETA: 1:20:56
Sampling (4 threads)  48%|██████████████▌               |  ETA: 1:19:20
Sampling (4 threads)  49%|██████████████▊               |  ETA: 1:19:49
Sampling (4 threads)  50%|██████████████▉               |  ETA: 1:18:15
Sampling (4 threads)  50%|███████████████               |  ETA: 1:19:05
Sampling (4 threads)  50%|███████████████▏              |  ETA: 1:17:31
Sampling (4 threads)  51%|███████████████▎              |  ETA: 1:15:59
Sampling (4 threads)  52%|███████████████▌              |  ETA: 1:16:06
Sampling (4 threads)  52%|███████████████▋              |  ETA: 1:14:36
Sampling (4 threads)  52%|███████████████▊              |  ETA: 1:13:07
Sampling (4 threads)  53%|███████████████▉              |  ETA: 1:13:24
Sampling (4 threads)  54%|████████████████              |  ETA: 1:11:57
Sampling (4 threads)  54%|████████████████▎             |  ETA: 1:12:40
Sampling (4 threads)  55%|████████████████▍             |  ETA: 1:11:13
Sampling (4 threads)  55%|████████████████▌             |  ETA: 1:12:00
Sampling (4 threads)  56%|████████████████▋             |  ETA: 1:10:33
Sampling (4 threads)  56%|████████████████▊             |  ETA: 1:09:08
Sampling (4 threads)  56%|█████████████████             |  ETA: 1:07:45
Sampling (4 threads)  57%|█████████████████▏            |  ETA: 1:08:26
Sampling (4 threads)  57%|█████████████████▎            |  ETA: 1:07:03
Sampling (4 threads)  58%|█████████████████▍            |  ETA: 1:05:42
Sampling (4 threads)  58%|█████████████████▌            |  ETA: 1:06:21
Sampling (4 threads)  59%|█████████████████▊            |  ETA: 1:05:00
Sampling (4 threads)  60%|█████████████████▉            |  ETA: 1:03:40
Sampling (4 threads)  60%|██████████████████            |  ETA: 1:04:02
Sampling (4 threads)  60%|██████████████████▏           |  ETA: 1:02:43
Sampling (4 threads)  61%|██████████████████▎           |  ETA: 1:01:25
Sampling (4 threads)  62%|██████████████████▌           |  ETA: 1:01:05
Sampling (4 threads)  62%|██████████████████▋           |  ETA: 0:59:48
Sampling (4 threads)  62%|██████████████████▊           |  ETA: 0:59:52
Sampling (4 threads)  63%|██████████████████▉           |  ETA: 0:58:36
Sampling (4 threads)  64%|███████████████████           |  ETA: 0:57:21
Sampling (4 threads)  64%|███████████████████▎          |  ETA: 0:57:09
Sampling (4 threads)  64%|███████████████████▍          |  ETA: 0:55:55
Sampling (4 threads)  65%|███████████████████▌          |  ETA: 0:56:07
Sampling (4 threads)  66%|███████████████████▋          |  ETA: 0:54:54
Sampling (4 threads)  66%|███████████████████▊          |  ETA: 0:53:42
Sampling (4 threads)  66%|████████████████████          |  ETA: 0:52:30
Sampling (4 threads)  67%|████████████████████▏         |  ETA: 0:53:05
Sampling (4 threads)  68%|████████████████████▎         |  ETA: 0:51:54
Sampling (4 threads)  68%|████████████████████▍         |  ETA: 0:50:43
Sampling (4 threads)  68%|████████████████████▌         |  ETA: 0:50:39
Sampling (4 threads)  69%|████████████████████▊         |  ETA: 0:49:29
Sampling (4 threads)  70%|████████████████████▉         |  ETA: 0:48:20
Sampling (4 threads)  70%|█████████████████████         |  ETA: 0:48:22
Sampling (4 threads)  70%|█████████████████████▏        |  ETA: 0:47:14
Sampling (4 threads)  71%|█████████████████████▎        |  ETA: 0:46:52
Sampling (4 threads)  72%|█████████████████████▌        |  ETA: 0:45:45
Sampling (4 threads)  72%|█████████████████████▋        |  ETA: 0:44:38
Sampling (4 threads)  72%|█████████████████████▊        |  ETA: 0:44:37
Sampling (4 threads)  73%|█████████████████████▉        |  ETA: 0:43:30
Sampling (4 threads)  74%|██████████████████████        |  ETA: 0:42:25
Sampling (4 threads)  74%|██████████████████████▎       |  ETA: 0:42:30
Sampling (4 threads)  74%|██████████████████████▍       |  ETA: 0:41:24
Sampling (4 threads)  75%|██████████████████████▌       |  ETA: 0:40:19
Sampling (4 threads)  76%|██████████████████████▋       |  ETA: 0:40:12
Sampling (4 threads)  76%|██████████████████████▊       |  ETA: 0:39:07
Sampling (4 threads)  76%|███████████████████████       |  ETA: 0:38:03
Sampling (4 threads)  77%|███████████████████████▏      |  ETA: 0:37:00
Sampling (4 threads)  78%|███████████████████████▎      |  ETA: 0:36:52
Sampling (4 threads)  78%|███████████████████████▍      |  ETA: 0:35:49
Sampling (4 threads)  78%|███████████████████████▌      |  ETA: 0:34:47
Sampling (4 threads)  79%|███████████████████████▊      |  ETA: 0:34:26
Sampling (4 threads)  80%|███████████████████████▉      |  ETA: 0:33:24
Sampling (4 threads)  80%|████████████████████████      |  ETA: 0:32:23
Sampling (4 threads)  80%|████████████████████████▏     |  ETA: 0:32:09
Sampling (4 threads)  81%|████████████████████████▎     |  ETA: 0:31:08
Sampling (4 threads)  82%|████████████████████████▌     |  ETA: 0:30:08
Sampling (4 threads)  82%|████████████████████████▋     |  ETA: 0:29:08
Sampling (4 threads)  82%|████████████████████████▊     |  ETA: 0:28:45
Sampling (4 threads)  83%|████████████████████████▉     |  ETA: 0:27:46
Sampling (4 threads)  84%|█████████████████████████     |  ETA: 0:27:20
Sampling (4 threads)  84%|█████████████████████████▎    |  ETA: 0:26:21
Sampling (4 threads)  84%|█████████████████████████▍    |  ETA: 0:25:23
Sampling (4 threads)  85%|█████████████████████████▌    |  ETA: 0:24:25
Sampling (4 threads)  86%|█████████████████████████▋    |  ETA: 0:23:57
Sampling (4 threads)  86%|█████████████████████████▊    |  ETA: 0:23:00
Sampling (4 threads)  86%|██████████████████████████    |  ETA: 0:22:03
Sampling (4 threads)  87%|██████████████████████████▏   |  ETA: 0:21:33
Sampling (4 threads)  88%|██████████████████████████▎   |  ETA: 0:20:36
Sampling (4 threads)  88%|██████████████████████████▍   |  ETA: 0:19:40
Sampling (4 threads)  88%|██████████████████████████▌   |  ETA: 0:19:04
Sampling (4 threads)  89%|██████████████████████████▊   |  ETA: 0:18:08
Sampling (4 threads)  90%|██████████████████████████▉   |  ETA: 0:17:13
Sampling (4 threads)  90%|███████████████████████████   |  ETA: 0:16:32
Sampling (4 threads)  90%|███████████████████████████▏  |  ETA: 0:15:38
Sampling (4 threads)  91%|███████████████████████████▎  |  ETA: 0:14:43
Sampling (4 threads)  92%|███████████████████████████▌  |  ETA: 0:14:02
Sampling (4 threads)  92%|███████████████████████████▋  |  ETA: 0:13:08
Sampling (4 threads)  92%|███████████████████████████▊  |  ETA: 0:12:26
Sampling (4 threads)  93%|███████████████████████████▉  |  ETA: 0:11:32
Sampling (4 threads)  94%|████████████████████████████  |  ETA: 0:10:40
Sampling (4 threads)  94%|████████████████████████████▎ |  ETA: 0:09:57
Sampling (4 threads)  94%|████████████████████████████▍ |  ETA: 0:09:04
Sampling (4 threads)  95%|████████████████████████████▌ |  ETA: 0:08:12
Sampling (4 threads)  96%|████████████████████████████▋ |  ETA: 0:07:24
Sampling (4 threads)  96%|████████████████████████████▊ |  ETA: 0:06:33
Sampling (4 threads)  96%|█████████████████████████████ |  ETA: 0:05:43
Sampling (4 threads)  97%|█████████████████████████████▏|  ETA: 0:04:55
Sampling (4 threads)  98%|█████████████████████████████▎|  ETA: 0:04:07
Sampling (4 threads)  98%|█████████████████████████████▍|  ETA: 0:03:18
Sampling (4 threads)  98%|█████████████████████████████▌|  ETA: 0:02:29
Sampling (4 threads)  99%|█████████████████████████████▊|  ETA: 0:01:39
Sampling (4 threads) 100%|█████████████████████████████▉|  ETA: 0:00:50
Sampling (4 threads) 100%|██████████████████████████████| Time: 2:46:34
Sampling (4 threads) 100%|██████████████████████████████| Time: 2:46:34
