Chains MCMC chain (250×67×4 Array{Float64, 3}):

Iterations        = 126:1:375
Number of chains  = 4
Samples per chain = 250
Wall duration     = 4142.73 seconds
Compute duration  = 15093.22 seconds
parameters        = a_w_s[1], a_w_s[2], b_w_s[1], b_w_s[2], a_p_s[1], a_p_s[2], a_p_s[3], a_p_s[4], a_p_s[5], a_p_s[6], a_p_s[7], a_p_s[8], a_p_s[9], a_p_s[10], a_p_s[11], a_p_s[12], a_p_s[13], a_p_s[14], a_p_s[15], a_p_s[16], a_p_s[17], a_p_s[18], a_p_s[19], a_p_s[20], a_p_s[21], a_p_s[22], a_p_s[23], a_p_s[24], b_p_s[1], b_p_s[2], b_p_s[3], b_p_s[4], b_p_s[5], b_p_s[6], b_p_s[7], b_p_s[8], b_p_s[9], b_p_s[10], b_p_s[11], b_p_s[12], b_p_s[13], b_p_s[14], b_p_s[15], b_p_s[16], b_p_s[17], b_p_s[18], b_p_s[19], b_p_s[20], b_p_s[21], b_p_s[22], b_p_s[23], b_p_s[24], a_e, b_e, σ
internals         = lp, n_steps, is_accept, acceptance_rate, log_density, hamiltonian_energy, hamiltonian_energy_error, max_hamiltonian_energy_error, tree_depth, numerical_error, step_size, nom_step_size

Summary Statistics
  parameters      mean       std   naive_se      mcse         ess      rhat   ess_per_sec
      Symbol   Float64   Float64    Float64   Float64     Float64   Float64       Float64

    a_w_s[1]   -0.0749    0.5921     0.0187    0.0326    251.0829    1.0026        0.0166
    a_w_s[2]   -0.0432    0.5914     0.0187    0.0326    250.6613    1.0027        0.0166
    b_w_s[1]   -0.0177    0.3017     0.0095    0.0173    293.0252    1.0071        0.0194
    b_w_s[2]    0.0019    0.3019     0.0095    0.0172    290.9398    1.0071        0.0193
    a_p_s[1]   -0.0043    0.2050     0.0065    0.0134    203.0898    1.0258        0.0135
    a_p_s[2]   -0.1779    0.2043     0.0065    0.0131    208.8511    1.0229        0.0138
    a_p_s[3]    0.0752    0.2064     0.0065    0.0135    202.4602    1.0249        0.0134
    a_p_s[4]   -0.1527    0.2055     0.0065    0.0132    209.6792    1.0225        0.0139
    a_p_s[5]   -0.0782    0.2053     0.0065    0.0133    202.3206    1.0256        0.0134
    a_p_s[6]    0.0526    0.2062     0.0065    0.0132    208.4010    1.0245        0.0138
    a_p_s[7]   -0.0384    0.2044     0.0065    0.0130    211.1161    1.0229        0.0140
    a_p_s[8]    0.0864    0.2050     0.0065    0.0129    211.7897    1.0236        0.0140
    a_p_s[9]    0.0818    0.2051     0.0065    0.0131    210.8134    1.0238        0.0140
   a_p_s[10]   -0.0448    0.2047     0.0065    0.0131    209.4350    1.0231        0.0139
   a_p_s[11]    0.0879    0.2064     0.0065    0.0131    210.5231    1.0231        0.0139
   a_p_s[12]    0.2204    0.2056     0.0065    0.0133    204.4540    1.0246        0.0135
   a_p_s[13]   -0.1352    0.2056     0.0065    0.0131    211.9839    1.0234        0.0140
   a_p_s[14]    0.0702    0.2042     0.0065    0.0131    208.8796    1.0232        0.0138
   a_p_s[15]    0.0063    0.2045     0.0065    0.0128    211.5919    1.0240        0.0140
   a_p_s[16]    0.0208    0.2048     0.0065    0.0130    214.0019    1.0227        0.0142
   a_p_s[17]   -0.3121    0.2059     0.0065    0.0131    209.0750    1.0237        0.0139
   a_p_s[18]   -0.0445    0.2053     0.0065    0.0132    207.5224    1.0235        0.0137
   a_p_s[19]    0.4468    0.2053     0.0065    0.0130    207.4139    1.0232        0.0137
   a_p_s[20]    0.0745    0.2050     0.0065    0.0131    207.6629    1.0239        0.0138
   a_p_s[21]   -0.0908    0.2046     0.0065    0.0130    208.5964    1.0228        0.0138
   a_p_s[22]   -0.1622    0.2056     0.0065    0.0130    214.6829    1.0220        0.0142
   a_p_s[23]    0.1187    0.2041     0.0065    0.0131    210.1092    1.0236        0.0139
   a_p_s[24]    0.1628    0.2071     0.0066    0.0130    210.8144    1.0240        0.0140
    b_p_s[1]    0.0336    0.1036     0.0033    0.0057    381.5281    1.0075        0.0253
    b_p_s[2]    0.0398    0.1039     0.0033    0.0058    370.0484    1.0089        0.0245
    b_p_s[3]    0.0287    0.1033     0.0033    0.0058    382.1133    1.0094        0.0253
    b_p_s[4]   -0.0044    0.1042     0.0033    0.0060    363.3280    1.0101        0.0241
    b_p_s[5]   -0.0194    0.1035     0.0033    0.0056    364.5849    1.0079        0.0242
    b_p_s[6]   -0.1179    0.1046     0.0033    0.0057    370.5403    1.0095        0.0246
    b_p_s[7]    0.0481    0.1032     0.0033    0.0055    364.2576    1.0078        0.0241
    b_p_s[8]   -0.0523    0.1042     0.0033    0.0056    380.1535    1.0059        0.0252
    b_p_s[9]   -0.0547    0.1048     0.0033    0.0057    375.2498    1.0061        0.0249
   b_p_s[10]    0.0331    0.1036     0.0033    0.0058    371.4734    1.0090        0.0246
   b_p_s[11]    0.0449    0.1042     0.0033    0.0056    364.5437    1.0089        0.0242
   b_p_s[12]   -0.0328    0.1045     0.0033    0.0056    368.7690    1.0079        0.0244
   b_p_s[13]    0.0260    0.1031     0.0033    0.0057    365.6639    1.0084        0.0242
   b_p_s[14]   -0.0538    0.1036     0.0033    0.0058    368.0681    1.0099        0.0244
   b_p_s[15]    0.0089    0.1047     0.0033    0.0057    373.3901    1.0082        0.0247
   b_p_s[16]    0.0224    0.1042     0.0033    0.0058    373.2955    1.0064        0.0247
   b_p_s[17]    0.0398    0.1040     0.0033    0.0058    370.1365    1.0090        0.0245
   b_p_s[18]    0.0387    0.1027     0.0032    0.0058    364.9171    1.0072        0.0242
   b_p_s[19]    0.0057    0.1032     0.0033    0.0056    389.2231    1.0093        0.0258
   b_p_s[20]    0.0440    0.1054     0.0033    0.0058    367.9510    1.0088        0.0244
   b_p_s[21]    0.0355    0.1052     0.0033    0.0060    357.4689    1.0090        0.0237
   b_p_s[22]    0.0433    0.1057     0.0033    0.0056    382.9762    1.0070        0.0254
   b_p_s[23]   -0.0220    0.1031     0.0033    0.0058    363.5014    1.0081        0.0241
   b_p_s[24]    0.0322    0.1058     0.0033    0.0057    368.7515    1.0110        0.0244
         a_e    0.0558    0.5964     0.0189    0.0315    251.7918    1.0009        0.0167
         b_e    0.0033    0.3069     0.0097    0.0172    285.6479    1.0070        0.0189
           σ    0.9881    0.0035     0.0001    0.0001   1084.8011    1.0019        0.0719

Quantiles
  parameters      2.5%     25.0%     50.0%     75.0%     97.5%
      Symbol   Float64   Float64   Float64   Float64   Float64

    a_w_s[1]   -1.1810   -0.4638   -0.1579    0.2968    1.2340
    a_w_s[2]   -1.1539   -0.4264   -0.1287    0.3326    1.2665
    b_w_s[1]   -0.5851   -0.2336   -0.0195    0.1926    0.5815
    b_w_s[2]   -0.5575   -0.2146   -0.0029    0.2144    0.5918
    a_p_s[1]   -0.4254   -0.1469   -0.0044    0.1374    0.3877
    a_p_s[2]   -0.5879   -0.3248   -0.1754   -0.0358    0.2109
    a_p_s[3]   -0.3353   -0.0721    0.0735    0.2174    0.4629
    a_p_s[4]   -0.5670   -0.2972   -0.1507   -0.0117    0.2478
    a_p_s[5]   -0.4884   -0.2287   -0.0735    0.0695    0.3112
    a_p_s[6]   -0.3535   -0.0927    0.0570    0.1992    0.4451
    a_p_s[7]   -0.4521   -0.1879   -0.0299    0.1106    0.3492
    a_p_s[8]   -0.3355   -0.0593    0.0871    0.2298    0.4766
    a_p_s[9]   -0.3338   -0.0612    0.0849    0.2268    0.4805
   a_p_s[10]   -0.4608   -0.1905   -0.0418    0.1000    0.3445
   a_p_s[11]   -0.3332   -0.0632    0.0931    0.2297    0.4844
   a_p_s[12]   -0.1833    0.0742    0.2232    0.3669    0.6114
   a_p_s[13]   -0.5481   -0.2798   -0.1350    0.0039    0.2614
   a_p_s[14]   -0.3523   -0.0666    0.0733    0.2136    0.4675
   a_p_s[15]   -0.4088   -0.1355    0.0086    0.1474    0.4058
   a_p_s[16]   -0.3928   -0.1222    0.0175    0.1641    0.4073
   a_p_s[17]   -0.7166   -0.4579   -0.3101   -0.1672    0.0899
   a_p_s[18]   -0.4425   -0.1898   -0.0415    0.0989    0.3506
   a_p_s[19]    0.0350    0.2997    0.4546    0.5926    0.8420
   a_p_s[20]   -0.3390   -0.0689    0.0754    0.2188    0.4705
   a_p_s[21]   -0.4926   -0.2405   -0.0904    0.0533    0.2975
   a_p_s[22]   -0.5732   -0.3038   -0.1643   -0.0187    0.2436
   a_p_s[23]   -0.2969   -0.0190    0.1191    0.2630    0.5073
   a_p_s[24]   -0.2570    0.0145    0.1600    0.3058    0.5606
    b_p_s[1]   -0.1664   -0.0407    0.0396    0.0989    0.2302
    b_p_s[2]   -0.1691   -0.0307    0.0429    0.1136    0.2387
    b_p_s[3]   -0.1738   -0.0448    0.0307    0.0980    0.2295
    b_p_s[4]   -0.2093   -0.0782   -0.0009    0.0666    0.1949
    b_p_s[5]   -0.2227   -0.0953   -0.0169    0.0476    0.1845
    b_p_s[6]   -0.3215   -0.1919   -0.1136   -0.0482    0.0894
    b_p_s[7]   -0.1556   -0.0236    0.0515    0.1208    0.2474
    b_p_s[8]   -0.2552   -0.1215   -0.0486    0.0160    0.1482
    b_p_s[9]   -0.2577   -0.1277   -0.0521    0.0177    0.1370
   b_p_s[10]   -0.1738   -0.0372    0.0352    0.1030    0.2379
   b_p_s[11]   -0.1535   -0.0241    0.0483    0.1192    0.2395
   b_p_s[12]   -0.2325   -0.1087   -0.0291    0.0397    0.1747
   b_p_s[13]   -0.1792   -0.0482    0.0281    0.0932    0.2258
   b_p_s[14]   -0.2500   -0.1285   -0.0515    0.0181    0.1497
   b_p_s[15]   -0.1975   -0.0637    0.0115    0.0746    0.2141
   b_p_s[16]   -0.1745   -0.0498    0.0218    0.0900    0.2279
   b_p_s[17]   -0.1650   -0.0323    0.0431    0.1066    0.2470
   b_p_s[18]   -0.1543   -0.0335    0.0416    0.1065    0.2381
   b_p_s[19]   -0.1961   -0.0671    0.0086    0.0758    0.2060
   b_p_s[20]   -0.1626   -0.0323    0.0482    0.1164    0.2484
   b_p_s[21]   -0.1722   -0.0412    0.0363    0.1071    0.2387
   b_p_s[22]   -0.1619   -0.0293    0.0440    0.1128    0.2413
   b_p_s[23]   -0.2169   -0.0964   -0.0179    0.0450    0.1745
   b_p_s[24]   -0.1786   -0.0405    0.0363    0.1032    0.2376
         a_e   -1.2439   -0.3826    0.1253    0.4728    1.1371
         b_e   -0.5903   -0.2146    0.0017    0.2076    0.5860
           σ    0.9815    0.9856    0.9880    0.9905    0.9947

