cpu-bind=MASK - bp1-compute098, task  0  0 [25325]: mask 0x3000003000 set
Running on host bp1-compute098
Time is Thu Apr 23 22:51:42 BST 2026
Directory is /user/home/em18564/bayesian/BC4/Bayes/wordType_experiments/models/halfNorms_thinnerExps
Slurm job ID is 16958312
This job runs on the following machines:
bp1-compute098
┌ Warning: It looks like the Kaleido process is not responding since 10 seconds. 
│ The unresponsive process will be killed, but this means that you will not be able to save figures using `savefig`.
│ 
│ Alternatively, you might try using a longer timeout to check if the process is not responding by passing the desired value in seconds using the `timeout` kwarg when calling `PlotlyKaleido.start` or `PlotlyKaleido.restart`
└ @ PlotlyKaleido ~/.julia/packages/PlotlyKaleido/hHnQW/src/PlotlyKaleido.jl:38
┌ Warning: Runtime invalidation was disabled, but the CPU info is out-of-date.
│ Will continue with incorrect CPU name (from build time).
└ @ HostCPUFeatures ~/.julia/packages/HostCPUFeatures/ZTXz4/src/cpu_info.jl:71
┌ Warning: Runtime invalidation was disabled, but the CPU info is out-of-date.
│ Will continue with incorrect CPU feature flag: +avx512vnni.
└ @ HostCPUFeatures ~/.julia/packages/HostCPUFeatures/ZTXz4/src/cpu_info.jl:56
┌ Warning: Runtime invalidation was disabled, but the CPU info is out-of-date.
│ Will continue with incorrect CPU feature flag: -rtm.
└ @ HostCPUFeatures ~/.julia/packages/HostCPUFeatures/ZTXz4/src/cpu_info.jl:56
Sampling (4 threads)   0%|                              |  ETA: N/A
┌ Info: Found initial step size
└   ϵ = 0.003125
┌ Info: Found initial step size
└   ϵ = 0.00625
┌ Info: Found initial step size
└   ϵ = 0.00078125
┌ Info: Found initial step size
└   ϵ = 0.003125
Sampling (4 threads)   0%|▏                             |  ETA: 3:02:04
Sampling (4 threads)   1%|▎                             |  ETA: 1:30:39
Sampling (4 threads)   2%|▌                             |  ETA: 1:05:06
Sampling (4 threads)   2%|▋                             |  ETA: 0:48:34
Sampling (4 threads)   2%|▊                             |  ETA: 0:38:40
Sampling (4 threads)   3%|▉                             |  ETA: 0:37:56
Sampling (4 threads)   4%|█                             |  ETA: 0:32:21
Sampling (4 threads)   4%|█▎                            |  ETA: 0:28:09
Sampling (4 threads)   4%|█▍                            |  ETA: 1:04:03
Sampling (4 threads)   5%|█▌                            |  ETA: 0:57:21
Sampling (4 threads)   6%|█▋                            |  ETA: 0:51:52
Sampling (4 threads)   6%|█▊                            |  ETA: 1:33:50
Sampling (4 threads)   6%|██                            |  ETA: 1:26:10
Sampling (4 threads)   7%|██▏                           |  ETA: 1:19:35
Sampling (4 threads)   8%|██▎                           |  ETA: 1:57:43
Sampling (4 threads)   8%|██▍                           |  ETA: 1:49:46
Sampling (4 threads)   8%|██▌                           |  ETA: 1:42:45
Sampling (4 threads)   9%|██▊                           |  ETA: 2:15:03
Sampling (4 threads)  10%|██▉                           |  ETA: 2:07:14
Sampling (4 threads)  10%|███                           |  ETA: 2:00:13
Sampling (4 threads)  10%|███▏                          |  ETA: 2:20:40
Sampling (4 threads)  11%|███▎                          |  ETA: 2:13:32
Sampling (4 threads)  12%|███▌                          |  ETA: 2:07:00
Sampling (4 threads)  12%|███▋                          |  ETA: 2:24:18
Sampling (4 threads)  12%|███▊                          |  ETA: 2:17:44
Sampling (4 threads)  13%|███▉                          |  ETA: 2:11:41
Sampling (4 threads)  14%|████                          |  ETA: 2:06:05
Sampling (4 threads)  14%|████▎                         |  ETA: 2:13:51
Sampling (4 threads)  14%|████▍                         |  ETA: 2:08:29
Sampling (4 threads)  15%|████▌                         |  ETA: 2:23:07
Sampling (4 threads)  16%|████▋                         |  ETA: 2:17:41
Sampling (4 threads)  16%|████▊                         |  ETA: 2:12:35
Sampling (4 threads)  16%|█████                         |  ETA: 2:19:33
Sampling (4 threads)  17%|█████▏                        |  ETA: 2:14:38
Sampling (4 threads)  18%|█████▎                        |  ETA: 2:24:52
Sampling (4 threads)  18%|█████▍                        |  ETA: 2:19:59
Sampling (4 threads)  18%|█████▌                        |  ETA: 2:15:22
Sampling (4 threads)  19%|█████▊                        |  ETA: 2:24:14
Sampling (4 threads)  20%|█████▉                        |  ETA: 2:19:40
Sampling (4 threads)  20%|██████                        |  ETA: 2:15:20
Sampling (4 threads)  20%|██████▏                       |  ETA: 2:11:12
Sampling (4 threads)  21%|██████▎                       |  ETA: 2:19:03
Sampling (4 threads)  22%|██████▌                       |  ETA: 2:14:57
Sampling (4 threads)  22%|██████▋                       |  ETA: 2:19:11
Sampling (4 threads)  22%|██████▊                       |  ETA: 2:15:13
Sampling (4 threads)  23%|██████▉                       |  ETA: 2:11:26
Sampling (4 threads)  24%|███████                       |  ETA: 2:14:11
Sampling (4 threads)  24%|███████▎                      |  ETA: 2:10:32
Sampling (4 threads)  24%|███████▍                      |  ETA: 2:13:43
Sampling (4 threads)  25%|███████▌                      |  ETA: 2:10:10
Sampling (4 threads)  26%|███████▋                      |  ETA: 2:06:46
Sampling (4 threads)  26%|███████▊                      |  ETA: 2:03:30
Sampling (4 threads)  26%|████████                      |  ETA: 2:10:08
Sampling (4 threads)  27%|████████▏                     |  ETA: 2:06:51
Sampling (4 threads)  28%|████████▎                     |  ETA: 2:03:42
Sampling (4 threads)  28%|████████▍                     |  ETA: 2:07:26
Sampling (4 threads)  28%|████████▌                     |  ETA: 2:04:20
Sampling (4 threads)  29%|████████▊                     |  ETA: 2:01:20
Sampling (4 threads)  30%|████████▉                     |  ETA: 2:01:49
Sampling (4 threads)  30%|█████████                     |  ETA: 1:58:57
Sampling (4 threads)  30%|█████████▏                    |  ETA: 2:00:42
Sampling (4 threads)  31%|█████████▎                    |  ETA: 1:57:54
Sampling (4 threads)  32%|█████████▌                    |  ETA: 2:01:04
Sampling (4 threads)  32%|█████████▋                    |  ETA: 1:58:19
Sampling (4 threads)  32%|█████████▊                    |  ETA: 2:00:50
Sampling (4 threads)  33%|█████████▉                    |  ETA: 1:58:07
Sampling (4 threads)  34%|██████████                    |  ETA: 2:00:50
Sampling (4 threads)  34%|██████████▎                   |  ETA: 1:58:10
Sampling (4 threads)  34%|██████████▍                   |  ETA: 1:55:34
Sampling (4 threads)  35%|██████████▌                   |  ETA: 1:59:37
Sampling (4 threads)  36%|██████████▋                   |  ETA: 1:57:02
Sampling (4 threads)  36%|██████████▊                   |  ETA: 1:54:30
Sampling (4 threads)  36%|███████████                   |  ETA: 1:52:03
Sampling (4 threads)  37%|███████████▏                  |  ETA: 1:55:44
Sampling (4 threads)  38%|███████████▎                  |  ETA: 1:53:17
Sampling (4 threads)  38%|███████████▍                  |  ETA: 1:50:54
Sampling (4 threads)  38%|███████████▌                  |  ETA: 1:52:58
Sampling (4 threads)  39%|███████████▊                  |  ETA: 1:50:36
Sampling (4 threads)  40%|███████████▉                  |  ETA: 1:48:19
Sampling (4 threads)  40%|████████████                  |  ETA: 1:50:19
Sampling (4 threads)  40%|████████████▏                 |  ETA: 1:48:03
Sampling (4 threads)  41%|████████████▎                 |  ETA: 1:49:22
Sampling (4 threads)  42%|████████████▌                 |  ETA: 1:47:08
Sampling (4 threads)  42%|████████████▋                 |  ETA: 1:44:57
Sampling (4 threads)  42%|████████████▊                 |  ETA: 1:42:49
Sampling (4 threads)  43%|████████████▉                 |  ETA: 1:43:54
Sampling (4 threads)  44%|█████████████                 |  ETA: 1:41:48
Sampling (4 threads)  44%|█████████████▎                |  ETA: 1:39:45
Sampling (4 threads)  44%|█████████████▍                |  ETA: 1:41:00
Sampling (4 threads)  45%|█████████████▌                |  ETA: 1:38:59
Sampling (4 threads)  46%|█████████████▋                |  ETA: 1:38:52
Sampling (4 threads)  46%|█████████████▊                |  ETA: 1:36:54
Sampling (4 threads)  46%|██████████████                |  ETA: 1:37:06
Sampling (4 threads)  47%|██████████████▏               |  ETA: 1:35:11
Sampling (4 threads)  48%|██████████████▎               |  ETA: 1:33:17
Sampling (4 threads)  48%|██████████████▍               |  ETA: 1:34:25
Sampling (4 threads)  48%|██████████████▌               |  ETA: 1:32:32
Sampling (4 threads)  49%|██████████████▊               |  ETA: 1:30:42
Sampling (4 threads)  50%|██████████████▉               |  ETA: 1:32:05
Sampling (4 threads)  50%|███████████████               |  ETA: 1:30:15
Sampling (4 threads)  50%|███████████████▏              |  ETA: 1:28:28
Sampling (4 threads)  51%|███████████████▎              |  ETA: 1:30:18
Sampling (4 threads)  52%|███████████████▌              |  ETA: 1:28:31
Sampling (4 threads)  52%|███████████████▋              |  ETA: 1:26:45
Sampling (4 threads)  52%|███████████████▊              |  ETA: 1:25:02
Sampling (4 threads)  53%|███████████████▉              |  ETA: 1:25:19
Sampling (4 threads)  54%|████████████████              |  ETA: 1:23:38
Sampling (4 threads)  54%|████████████████▎             |  ETA: 1:24:02
Sampling (4 threads)  55%|████████████████▍             |  ETA: 1:22:21
Sampling (4 threads)  55%|████████████████▌             |  ETA: 1:20:43
Sampling (4 threads)  56%|████████████████▋             |  ETA: 1:20:20
Sampling (4 threads)  56%|████████████████▊             |  ETA: 1:18:43
Sampling (4 threads)  56%|█████████████████             |  ETA: 1:19:02
Sampling (4 threads)  57%|█████████████████▏            |  ETA: 1:17:26
Sampling (4 threads)  57%|█████████████████▎            |  ETA: 1:17:51
Sampling (4 threads)  58%|█████████████████▍            |  ETA: 1:16:17
Sampling (4 threads)  58%|█████████████████▌            |  ETA: 1:14:43
Sampling (4 threads)  59%|█████████████████▊            |  ETA: 1:13:12
Sampling (4 threads)  60%|█████████████████▉            |  ETA: 1:13:42
Sampling (4 threads)  60%|██████████████████            |  ETA: 1:12:11
Sampling (4 threads)  60%|██████████████████▏           |  ETA: 1:10:41
Sampling (4 threads)  61%|██████████████████▎           |  ETA: 1:10:28
Sampling (4 threads)  62%|██████████████████▌           |  ETA: 1:09:00
Sampling (4 threads)  62%|██████████████████▋           |  ETA: 1:08:49
Sampling (4 threads)  62%|██████████████████▊           |  ETA: 1:07:23
Sampling (4 threads)  63%|██████████████████▉           |  ETA: 1:07:27
Sampling (4 threads)  64%|███████████████████           |  ETA: 1:06:01
Sampling (4 threads)  64%|███████████████████▎          |  ETA: 1:04:36
Sampling (4 threads)  64%|███████████████████▍          |  ETA: 1:03:55
Sampling (4 threads)  65%|███████████████████▌          |  ETA: 1:02:32
Sampling (4 threads)  66%|███████████████████▋          |  ETA: 1:02:15
Sampling (4 threads)  66%|███████████████████▊          |  ETA: 1:00:53
Sampling (4 threads)  66%|████████████████████          |  ETA: 1:00:44
Sampling (4 threads)  67%|████████████████████▏         |  ETA: 0:59:22
Sampling (4 threads)  68%|████████████████████▎         |  ETA: 0:58:02
Sampling (4 threads)  68%|████████████████████▍         |  ETA: 0:57:36
Sampling (4 threads)  68%|████████████████████▌         |  ETA: 0:56:17
Sampling (4 threads)  69%|████████████████████▊         |  ETA: 0:54:59
Sampling (4 threads)  70%|████████████████████▉         |  ETA: 0:54:50
Sampling (4 threads)  70%|█████████████████████         |  ETA: 0:53:33
Sampling (4 threads)  70%|█████████████████████▏        |  ETA: 0:52:17
Sampling (4 threads)  71%|█████████████████████▎        |  ETA: 0:52:15
Sampling (4 threads)  72%|█████████████████████▌        |  ETA: 0:50:59
Sampling (4 threads)  72%|█████████████████████▋        |  ETA: 0:50:47
Sampling (4 threads)  72%|█████████████████████▊        |  ETA: 0:49:31
Sampling (4 threads)  73%|█████████████████████▉        |  ETA: 0:48:17
Sampling (4 threads)  74%|██████████████████████        |  ETA: 0:47:04
Sampling (4 threads)  74%|██████████████████████▎       |  ETA: 0:46:42
Sampling (4 threads)  74%|██████████████████████▍       |  ETA: 0:45:30
Sampling (4 threads)  75%|██████████████████████▌       |  ETA: 0:44:55
Sampling (4 threads)  76%|██████████████████████▋       |  ETA: 0:43:44
Sampling (4 threads)  76%|██████████████████████▊       |  ETA: 0:43:36
Sampling (4 threads)  76%|███████████████████████       |  ETA: 0:42:25
Sampling (4 threads)  77%|███████████████████████▏      |  ETA: 0:41:14
Sampling (4 threads)  78%|███████████████████████▎      |  ETA: 0:40:05
Sampling (4 threads)  78%|███████████████████████▍      |  ETA: 0:39:40
Sampling (4 threads)  78%|███████████████████████▌      |  ETA: 0:38:31
Sampling (4 threads)  79%|███████████████████████▊      |  ETA: 0:37:23
Sampling (4 threads)  80%|███████████████████████▉      |  ETA: 0:36:52
Sampling (4 threads)  80%|████████████████████████      |  ETA: 0:35:44
Sampling (4 threads)  80%|████████████████████████▏     |  ETA: 0:35:06
Sampling (4 threads)  81%|████████████████████████▎     |  ETA: 0:34:00
Sampling (4 threads)  82%|████████████████████████▌     |  ETA: 0:33:14
Sampling (4 threads)  82%|████████████████████████▋     |  ETA: 0:32:08
Sampling (4 threads)  82%|████████████████████████▊     |  ETA: 0:31:38
Sampling (4 threads)  83%|████████████████████████▉     |  ETA: 0:30:33
Sampling (4 threads)  84%|█████████████████████████     |  ETA: 0:29:28
Sampling (4 threads)  84%|█████████████████████████▎    |  ETA: 0:29:11
Sampling (4 threads)  84%|█████████████████████████▍    |  ETA: 0:28:06
Sampling (4 threads)  85%|█████████████████████████▌    |  ETA: 0:27:02
Sampling (4 threads)  86%|█████████████████████████▋    |  ETA: 0:26:26
Sampling (4 threads)  86%|█████████████████████████▊    |  ETA: 0:25:22
Sampling (4 threads)  86%|██████████████████████████    |  ETA: 0:24:19
Sampling (4 threads)  87%|██████████████████████████▏   |  ETA: 0:23:46
Sampling (4 threads)  88%|██████████████████████████▎   |  ETA: 0:22:43
Sampling (4 threads)  88%|██████████████████████████▍   |  ETA: 0:21:41
Sampling (4 threads)  88%|██████████████████████████▌   |  ETA: 0:20:57
Sampling (4 threads)  89%|██████████████████████████▊   |  ETA: 0:19:56
Sampling (4 threads)  90%|██████████████████████████▉   |  ETA: 0:18:55
Sampling (4 threads)  90%|███████████████████████████   |  ETA: 0:18:07
Sampling (4 threads)  90%|███████████████████████████▏  |  ETA: 0:17:07
Sampling (4 threads)  91%|███████████████████████████▎  |  ETA: 0:16:16
Sampling (4 threads)  92%|███████████████████████████▌  |  ETA: 0:15:17
Sampling (4 threads)  92%|███████████████████████████▋  |  ETA: 0:14:28
Sampling (4 threads)  92%|███████████████████████████▊  |  ETA: 0:13:29
Sampling (4 threads)  93%|███████████████████████████▉  |  ETA: 0:12:31
Sampling (4 threads)  94%|████████████████████████████  |  ETA: 0:11:44
Sampling (4 threads)  94%|████████████████████████████▎ |  ETA: 0:10:46
Sampling (4 threads)  94%|████████████████████████████▍ |  ETA: 0:09:49
Sampling (4 threads)  95%|████████████████████████████▌ |  ETA: 0:08:57
Sampling (4 threads)  96%|████████████████████████████▋ |  ETA: 0:08:02
Sampling (4 threads)  96%|████████████████████████████▊ |  ETA: 0:07:11
Sampling (4 threads)  96%|█████████████████████████████ |  ETA: 0:06:16
Sampling (4 threads)  97%|█████████████████████████████▏|  ETA: 0:05:23
Sampling (4 threads)  98%|█████████████████████████████▎|  ETA: 0:04:30
Sampling (4 threads)  98%|█████████████████████████████▍|  ETA: 0:03:37
Sampling (4 threads)  98%|█████████████████████████████▌|  ETA: 0:02:43
Sampling (4 threads)  99%|█████████████████████████████▊|  ETA: 0:01:49
Sampling (4 threads) 100%|█████████████████████████████▉|  ETA: 0:00:55
Sampling (4 threads) 100%|██████████████████████████████| Time: 3:03:57
Sampling (4 threads) 100%|██████████████████████████████| Time: 3:03:57
┌ Warning: Assignment to `is_waiting` in soft scope is ambiguous because a global variable by the same name exists: `is_waiting` will be treated as a new local. Disambiguate by using `local is_waiting` to suppress this warning or `global is_waiting` to assign to the existing global variable.
└ @ ~/bayesian/BC4/Bayes/wordType_experiments/models/halfNorms_thinnerExps/model.jl:53
┌ Warning: Runtime invalidation was disabled, but the CPU info is out-of-date.
│ Will continue with incorrect CPU name (from build time).
└ @ HostCPUFeatures ~/.julia/packages/HostCPUFeatures/ZTXz4/src/cpu_info.jl:71
┌ Warning: Runtime invalidation was disabled, but the CPU info is out-of-date.
│ Will continue with incorrect CPU feature flag: +avx512vnni.
└ @ HostCPUFeatures ~/.julia/packages/HostCPUFeatures/ZTXz4/src/cpu_info.jl:56
┌ Warning: Runtime invalidation was disabled, but the CPU info is out-of-date.
│ Will continue with incorrect CPU feature flag: -rtm.
└ @ HostCPUFeatures ~/.julia/packages/HostCPUFeatures/ZTXz4/src/cpu_info.jl:56
Sampling (4 threads)   0%|                              |  ETA: N/A
┌ Info: Found initial step size
└   ϵ = 0.000390625
┌ Info: Found initial step size
└   ϵ = 0.0001953125
┌ Info: Found initial step size
└   ϵ = 0.003125
┌ Info: Found initial step size
└   ϵ = 0.0015625
Sampling (4 threads)   0%|▏                             |  ETA: 2:34:53
Sampling (4 threads)   1%|▎                             |  ETA: 1:17:08
Sampling (4 threads)   2%|▌                             |  ETA: 0:51:10
Sampling (4 threads)   2%|▋                             |  ETA: 0:40:15
Sampling (4 threads)   2%|▊                             |  ETA: 0:32:02
Sampling (4 threads)   3%|▉                             |  ETA: 0:52:24
Sampling (4 threads)   4%|█                             |  ETA: 0:44:41
Sampling (4 threads)   4%|█▎                            |  ETA: 0:38:53
Sampling (4 threads)   4%|█▍                            |  ETA: 1:10:10
Sampling (4 threads)   5%|█▌                            |  ETA: 1:02:49
Sampling (4 threads)   6%|█▋                            |  ETA: 1:53:08
Sampling (4 threads)   6%|█▊                            |  ETA: 1:43:09
Sampling (4 threads)   6%|██                            |  ETA: 1:34:43
Sampling (4 threads)   7%|██▏                           |  ETA: 1:27:29
Sampling (4 threads)   8%|██▎                           |  ETA: 2:07:49
Sampling (4 threads)   8%|██▍                           |  ETA: 1:59:11
Sampling (4 threads)   8%|██▌                           |  ETA: 1:51:34
Sampling (4 threads)   9%|██▊                           |  ETA: 2:06:35
Sampling (4 threads)  10%|██▉                           |  ETA: 1:59:15
Sampling (4 threads)  10%|███                           |  ETA: 2:11:54
Sampling (4 threads)  10%|███▏                          |  ETA: 2:04:55
Sampling (4 threads)  11%|███▎                          |  ETA: 2:20:54
Sampling (4 threads)  12%|███▌                          |  ETA: 2:14:01
Sampling (4 threads)  12%|███▋                          |  ETA: 2:07:43
Sampling (4 threads)  12%|███▊                          |  ETA: 2:01:54
Sampling (4 threads)  13%|███▉                          |  ETA: 2:09:46
Sampling (4 threads)  14%|████                          |  ETA: 2:04:15
Sampling (4 threads)  14%|████▎                         |  ETA: 2:09:38
Sampling (4 threads)  14%|████▍                         |  ETA: 2:04:26
Sampling (4 threads)  15%|████▌                         |  ETA: 2:13:29
Sampling (4 threads)  16%|████▋                         |  ETA: 2:08:25
Sampling (4 threads)  16%|████▊                         |  ETA: 2:12:37
Sampling (4 threads)  16%|█████                         |  ETA: 2:07:50
Sampling (4 threads)  17%|█████▏                        |  ETA: 2:08:06
Sampling (4 threads)  18%|█████▎                        |  ETA: 2:03:41
Sampling (4 threads)  18%|█████▍                        |  ETA: 2:10:43
Sampling (4 threads)  18%|█████▌                        |  ETA: 2:06:25
Sampling (4 threads)  19%|█████▊                        |  ETA: 2:10:33
Sampling (4 threads)  20%|█████▉                        |  ETA: 2:06:25
Sampling (4 threads)  20%|██████                        |  ETA: 2:02:29
Sampling (4 threads)  20%|██████▏                       |  ETA: 2:13:37
Sampling (4 threads)  21%|██████▎                       |  ETA: 2:09:37
Sampling (4 threads)  22%|██████▌                       |  ETA: 2:05:48
Sampling (4 threads)  22%|██████▋                       |  ETA: 2:12:44
Sampling (4 threads)  22%|██████▊                       |  ETA: 2:08:58
Sampling (4 threads)  23%|██████▉                       |  ETA: 2:05:20
Sampling (4 threads)  24%|███████                       |  ETA: 2:05:49
Sampling (4 threads)  24%|███████▎                      |  ETA: 2:02:24
Sampling (4 threads)  24%|███████▍                      |  ETA: 2:10:48
Sampling (4 threads)  25%|███████▌                      |  ETA: 2:07:20
Sampling (4 threads)  26%|███████▋                      |  ETA: 2:04:00
Sampling (4 threads)  26%|███████▊                      |  ETA: 2:09:17
Sampling (4 threads)  26%|████████                      |  ETA: 2:05:59
Sampling (4 threads)  27%|████████▏                     |  ETA: 2:02:49
Sampling (4 threads)  28%|████████▎                     |  ETA: 1:59:45
Sampling (4 threads)  28%|████████▍                     |  ETA: 2:02:05
Sampling (4 threads)  28%|████████▌                     |  ETA: 1:59:07
Sampling (4 threads)  29%|████████▊                     |  ETA: 2:03:29
Sampling (4 threads)  30%|████████▉                     |  ETA: 2:00:32
Sampling (4 threads)  30%|█████████                     |  ETA: 1:57:41
Sampling (4 threads)  30%|█████████▏                    |  ETA: 2:02:31
Sampling (4 threads)  31%|█████████▎                    |  ETA: 1:59:41
Sampling (4 threads)  32%|█████████▌                    |  ETA: 1:56:56
Sampling (4 threads)  32%|█████████▋                    |  ETA: 2:00:18
Sampling (4 threads)  32%|█████████▊                    |  ETA: 1:57:35
Sampling (4 threads)  33%|█████████▉                    |  ETA: 1:54:56
Sampling (4 threads)  34%|██████████                    |  ETA: 1:52:23
Sampling (4 threads)  34%|██████████▎                   |  ETA: 1:57:06
Sampling (4 threads)  34%|██████████▍                   |  ETA: 1:54:32
Sampling (4 threads)  35%|██████████▌                   |  ETA: 1:52:02
Sampling (4 threads)  36%|██████████▋                   |  ETA: 1:53:07
Sampling (4 threads)  36%|██████████▊                   |  ETA: 1:50:41
Sampling (4 threads)  36%|███████████                   |  ETA: 1:54:26
Sampling (4 threads)  37%|███████████▏                  |  ETA: 1:52:00
Sampling (4 threads)  38%|███████████▎                  |  ETA: 1:49:37
Sampling (4 threads)  38%|███████████▍                  |  ETA: 1:47:19
Sampling (4 threads)  38%|███████████▌                  |  ETA: 1:48:54
Sampling (4 threads)  39%|███████████▊                  |  ETA: 1:46:38
Sampling (4 threads)  40%|███████████▉                  |  ETA: 1:47:22
Sampling (4 threads)  40%|████████████                  |  ETA: 1:45:09
Sampling (4 threads)  40%|████████████▏                 |  ETA: 1:45:48
Sampling (4 threads)  41%|████████████▎                 |  ETA: 1:43:38
Sampling (4 threads)  42%|████████████▌                 |  ETA: 1:44:55
Sampling (4 threads)  42%|████████████▋                 |  ETA: 1:42:47
Sampling (4 threads)  42%|████████████▊                 |  ETA: 1:43:15
Sampling (4 threads)  43%|████████████▉                 |  ETA: 1:41:10
Sampling (4 threads)  44%|█████████████                 |  ETA: 1:43:17
Sampling (4 threads)  44%|█████████████▎                |  ETA: 1:41:12
Sampling (4 threads)  44%|█████████████▍                |  ETA: 1:39:11
Sampling (4 threads)  45%|█████████████▌                |  ETA: 1:42:07
Sampling (4 threads)  46%|█████████████▋                |  ETA: 1:40:05
Sampling (4 threads)  46%|█████████████▊                |  ETA: 1:38:05
Sampling (4 threads)  46%|██████████████                |  ETA: 1:36:08
Sampling (4 threads)  47%|██████████████▏               |  ETA: 1:38:28
Sampling (4 threads)  48%|██████████████▎               |  ETA: 1:36:31
Sampling (4 threads)  48%|██████████████▍               |  ETA: 1:34:36
Sampling (4 threads)  48%|██████████████▌               |  ETA: 1:36:15
Sampling (4 threads)  49%|██████████████▊               |  ETA: 1:34:21
Sampling (4 threads)  50%|██████████████▉               |  ETA: 1:32:29
Sampling (4 threads)  50%|███████████████               |  ETA: 1:34:07
Sampling (4 threads)  50%|███████████████▏              |  ETA: 1:32:15
Sampling (4 threads)  51%|███████████████▎              |  ETA: 1:30:25
Sampling (4 threads)  52%|███████████████▌              |  ETA: 1:31:22
Sampling (4 threads)  52%|███████████████▋              |  ETA: 1:29:33
Sampling (4 threads)  52%|███████████████▊              |  ETA: 1:29:17
Sampling (4 threads)  53%|███████████████▉              |  ETA: 1:27:31
Sampling (4 threads)  54%|████████████████              |  ETA: 1:28:38
Sampling (4 threads)  54%|████████████████▎             |  ETA: 1:26:52
Sampling (4 threads)  55%|████████████████▍             |  ETA: 1:25:08
Sampling (4 threads)  55%|████████████████▌             |  ETA: 1:23:26
Sampling (4 threads)  56%|████████████████▋             |  ETA: 1:24:20
Sampling (4 threads)  56%|████████████████▊             |  ETA: 1:22:38
Sampling (4 threads)  56%|█████████████████             |  ETA: 1:20:59
Sampling (4 threads)  57%|█████████████████▏            |  ETA: 1:20:58
Sampling (4 threads)  57%|█████████████████▎            |  ETA: 1:19:19
Sampling (4 threads)  58%|█████████████████▍            |  ETA: 1:19:53
Sampling (4 threads)  58%|█████████████████▌            |  ETA: 1:18:16
Sampling (4 threads)  59%|█████████████████▊            |  ETA: 1:16:40
Sampling (4 threads)  60%|█████████████████▉            |  ETA: 1:18:04
Sampling (4 threads)  60%|██████████████████            |  ETA: 1:16:28
Sampling (4 threads)  60%|██████████████████▏           |  ETA: 1:14:53
Sampling (4 threads)  61%|██████████████████▎           |  ETA: 1:13:19
Sampling (4 threads)  62%|██████████████████▌           |  ETA: 1:13:50
Sampling (4 threads)  62%|██████████████████▋           |  ETA: 1:12:17
Sampling (4 threads)  62%|██████████████████▊           |  ETA: 1:10:46
Sampling (4 threads)  63%|██████████████████▉           |  ETA: 1:11:28
Sampling (4 threads)  64%|███████████████████           |  ETA: 1:09:57
Sampling (4 threads)  64%|███████████████████▎          |  ETA: 1:08:27
Sampling (4 threads)  64%|███████████████████▍          |  ETA: 1:08:39
Sampling (4 threads)  65%|███████████████████▌          |  ETA: 1:07:09
Sampling (4 threads)  66%|███████████████████▋          |  ETA: 1:05:41
Sampling (4 threads)  66%|███████████████████▊          |  ETA: 1:05:35
Sampling (4 threads)  66%|████████████████████          |  ETA: 1:04:08
Sampling (4 threads)  67%|████████████████████▏         |  ETA: 1:02:42
Sampling (4 threads)  68%|████████████████████▎         |  ETA: 1:02:23
Sampling (4 threads)  68%|████████████████████▍         |  ETA: 1:00:58
Sampling (4 threads)  68%|████████████████████▌         |  ETA: 1:00:27
Sampling (4 threads)  69%|████████████████████▊         |  ETA: 0:59:04
Sampling (4 threads)  70%|████████████████████▉         |  ETA: 0:59:05
Sampling (4 threads)  70%|█████████████████████         |  ETA: 0:57:42
Sampling (4 threads)  70%|█████████████████████▏        |  ETA: 0:56:20
Sampling (4 threads)  71%|█████████████████████▎        |  ETA: 0:55:58
Sampling (4 threads)  72%|█████████████████████▌        |  ETA: 0:54:37
Sampling (4 threads)  72%|█████████████████████▋        |  ETA: 0:53:17
Sampling (4 threads)  72%|█████████████████████▊        |  ETA: 0:53:05
Sampling (4 threads)  73%|█████████████████████▉        |  ETA: 0:51:46
Sampling (4 threads)  74%|██████████████████████        |  ETA: 0:51:14
Sampling (4 threads)  74%|██████████████████████▎       |  ETA: 0:49:56
Sampling (4 threads)  74%|██████████████████████▍       |  ETA: 0:49:20
Sampling (4 threads)  75%|██████████████████████▌       |  ETA: 0:48:03
Sampling (4 threads)  76%|██████████████████████▋       |  ETA: 0:46:46
Sampling (4 threads)  76%|██████████████████████▊       |  ETA: 0:46:07
Sampling (4 threads)  76%|███████████████████████       |  ETA: 0:44:52
Sampling (4 threads)  77%|███████████████████████▏      |  ETA: 0:44:34
Sampling (4 threads)  78%|███████████████████████▎      |  ETA: 0:43:19
Sampling (4 threads)  78%|███████████████████████▍      |  ETA: 0:42:05
Sampling (4 threads)  78%|███████████████████████▌      |  ETA: 0:41:32
Sampling (4 threads)  79%|███████████████████████▊      |  ETA: 0:40:18
Sampling (4 threads)  80%|███████████████████████▉      |  ETA: 0:39:43
Sampling (4 threads)  80%|████████████████████████      |  ETA: 0:38:30
Sampling (4 threads)  80%|████████████████████████▏     |  ETA: 0:37:46
Sampling (4 threads)  81%|████████████████████████▎     |  ETA: 0:36:34
Sampling (4 threads)  82%|████████████████████████▌     |  ETA: 0:36:15
Sampling (4 threads)  82%|████████████████████████▋     |  ETA: 0:35:03
Sampling (4 threads)  82%|████████████████████████▊     |  ETA: 0:33:52
Sampling (4 threads)  83%|████████████████████████▉     |  ETA: 0:32:42
Sampling (4 threads)  84%|█████████████████████████     |  ETA: 0:32:18
Sampling (4 threads)  84%|█████████████████████████▎    |  ETA: 0:31:08
Sampling (4 threads)  84%|█████████████████████████▍    |  ETA: 0:29:59
Sampling (4 threads)  85%|█████████████████████████▌    |  ETA: 0:29:14
Sampling (4 threads)  86%|█████████████████████████▋    |  ETA: 0:28:06
Sampling (4 threads)  86%|█████████████████████████▊    |  ETA: 0:27:28
Sampling (4 threads)  86%|██████████████████████████    |  ETA: 0:26:20
Sampling (4 threads)  87%|██████████████████████████▏   |  ETA: 0:25:13
Sampling (4 threads)  88%|██████████████████████████▎   |  ETA: 0:24:36
Sampling (4 threads)  88%|██████████████████████████▍   |  ETA: 0:23:29
Sampling (4 threads)  88%|██████████████████████████▌   |  ETA: 0:22:22
Sampling (4 threads)  89%|██████████████████████████▊   |  ETA: 0:21:17
Sampling (4 threads)  90%|██████████████████████████▉   |  ETA: 0:20:42
Sampling (4 threads)  90%|███████████████████████████   |  ETA: 0:19:36
Sampling (4 threads)  90%|███████████████████████████▏  |  ETA: 0:18:31
Sampling (4 threads)  91%|███████████████████████████▎  |  ETA: 0:17:44
Sampling (4 threads)  92%|███████████████████████████▌  |  ETA: 0:16:39
Sampling (4 threads)  92%|███████████████████████████▋  |  ETA: 0:15:35
Sampling (4 threads)  92%|███████████████████████████▊  |  ETA: 0:14:42
Sampling (4 threads)  93%|███████████████████████████▉  |  ETA: 0:13:39
Sampling (4 threads)  94%|████████████████████████████  |  ETA: 0:12:49
Sampling (4 threads)  94%|████████████████████████████▎ |  ETA: 0:11:46
Sampling (4 threads)  94%|████████████████████████████▍ |  ETA: 0:10:44
Sampling (4 threads)  95%|████████████████████████████▌ |  ETA: 0:09:51
Sampling (4 threads)  96%|████████████████████████████▋ |  ETA: 0:08:49
Sampling (4 threads)  96%|████████████████████████████▊ |  ETA: 0:07:48
Sampling (4 threads)  96%|█████████████████████████████ |  ETA: 0:06:52
Sampling (4 threads)  97%|█████████████████████████████▏|  ETA: 0:05:51
Sampling (4 threads)  98%|█████████████████████████████▎|  ETA: 0:04:55
Sampling (4 threads)  98%|█████████████████████████████▍|  ETA: 0:03:55
Sampling (4 threads)  98%|█████████████████████████████▌|  ETA: 0:02:55
Sampling (4 threads)  99%|█████████████████████████████▊|  ETA: 0:01:57
Sampling (4 threads) 100%|█████████████████████████████▉|  ETA: 0:00:58
Sampling (4 threads) 100%|██████████████████████████████| Time: 3:14:47
Sampling (4 threads) 100%|██████████████████████████████| Time: 3:14:47
┌ Warning: Assignment to `is_waiting` in soft scope is ambiguous because a global variable by the same name exists: `is_waiting` will be treated as a new local. Disambiguate by using `local is_waiting` to suppress this warning or `global is_waiting` to assign to the existing global variable.
└ @ ~/bayesian/BC4/Bayes/wordType_experiments/models/halfNorms_thinnerExps/model.jl:53
┌ Warning: Runtime invalidation was disabled, but the CPU info is out-of-date.
│ Will continue with incorrect CPU name (from build time).
└ @ HostCPUFeatures ~/.julia/packages/HostCPUFeatures/ZTXz4/src/cpu_info.jl:71
┌ Warning: Runtime invalidation was disabled, but the CPU info is out-of-date.
│ Will continue with incorrect CPU feature flag: +avx512vnni.
└ @ HostCPUFeatures ~/.julia/packages/HostCPUFeatures/ZTXz4/src/cpu_info.jl:56
┌ Warning: Runtime invalidation was disabled, but the CPU info is out-of-date.
│ Will continue with incorrect CPU feature flag: -rtm.
└ @ HostCPUFeatures ~/.julia/packages/HostCPUFeatures/ZTXz4/src/cpu_info.jl:56
Sampling (4 threads)   0%|                              |  ETA: N/A
┌ Info: Found initial step size
└   ϵ = 0.00078125
┌ Info: Found initial step size
└   ϵ = 0.0015625
┌ Info: Found initial step size
└   ϵ = 0.00078125
┌ Info: Found initial step size
└   ϵ = 0.003125
Sampling (4 threads)   0%|▏                             |  ETA: 2:32:14
Sampling (4 threads)   1%|▎                             |  ETA: 1:15:48
Sampling (4 threads)   2%|▌                             |  ETA: 0:50:17
Sampling (4 threads)   2%|▋                             |  ETA: 0:41:04
Sampling (4 threads)   2%|▊                             |  ETA: 0:32:41
Sampling (4 threads)   3%|▉                             |  ETA: 0:27:06
Sampling (4 threads)   4%|█                             |  ETA: 0:26:22
Sampling (4 threads)   4%|█▎                            |  ETA: 0:22:57
Sampling (4 threads)   4%|█▍                            |  ETA: 1:12:28
Sampling (4 threads)   5%|█▌                            |  ETA: 1:04:52
Sampling (4 threads)   6%|█▋                            |  ETA: 0:58:40
Sampling (4 threads)   6%|█▊                            |  ETA: 1:50:48
Sampling (4 threads)   6%|██                            |  ETA: 1:41:44
Sampling (4 threads)   7%|██▏                           |  ETA: 1:33:58
Sampling (4 threads)   8%|██▎                           |  ETA: 1:27:14
Sampling (4 threads)   8%|██▍                           |  ETA: 2:05:29
Sampling (4 threads)   8%|██▌                           |  ETA: 1:57:27
Sampling (4 threads)   9%|██▊                           |  ETA: 1:50:19
Sampling (4 threads)  10%|██▉                           |  ETA: 2:16:36
Sampling (4 threads)  10%|███                           |  ETA: 2:09:03
Sampling (4 threads)  10%|███▏                          |  ETA: 2:02:13
Sampling (4 threads)  11%|███▎                          |  ETA: 2:22:15
Sampling (4 threads)  12%|███▌                          |  ETA: 2:15:18
Sampling (4 threads)  12%|███▋                          |  ETA: 2:08:56
Sampling (4 threads)  12%|███▊                          |  ETA: 2:28:14
Sampling (4 threads)  13%|███▉                          |  ETA: 2:21:43
Sampling (4 threads)  14%|████                          |  ETA: 2:15:41
Sampling (4 threads)  14%|████▎                         |  ETA: 2:10:05
Sampling (4 threads)  14%|████▍                         |  ETA: 2:25:34
Sampling (4 threads)  15%|████▌                         |  ETA: 2:19:54
Sampling (4 threads)  16%|████▋                         |  ETA: 2:14:35
Sampling (4 threads)  16%|████▊                         |  ETA: 2:25:54
Sampling (4 threads)  16%|█████                         |  ETA: 2:20:38
Sampling (4 threads)  17%|█████▏                        |  ETA: 2:15:41
Sampling (4 threads)  18%|█████▎                        |  ETA: 2:24:11
Sampling (4 threads)  18%|█████▍                        |  ETA: 2:19:20
Sampling (4 threads)  18%|█████▌                        |  ETA: 2:14:44
Sampling (4 threads)  19%|█████▊                        |  ETA: 2:25:05
Sampling (4 threads)  20%|█████▉                        |  ETA: 2:20:29
Sampling (4 threads)  20%|██████                        |  ETA: 2:16:07
Sampling (4 threads)  20%|██████▏                       |  ETA: 2:19:43
Sampling (4 threads)  21%|██████▎                       |  ETA: 2:15:32
Sampling (4 threads)  22%|██████▌                       |  ETA: 2:18:47
Sampling (4 threads)  22%|██████▋                       |  ETA: 2:14:46
Sampling (4 threads)  22%|██████▊                       |  ETA: 2:20:11
Sampling (4 threads)  23%|██████▉                       |  ETA: 2:16:16
Sampling (4 threads)  24%|███████                       |  ETA: 2:12:30
Sampling (4 threads)  24%|███████▎                      |  ETA: 2:16:57
Sampling (4 threads)  24%|███████▍                      |  ETA: 2:13:16
Sampling (4 threads)  25%|███████▌                      |  ETA: 2:09:44
Sampling (4 threads)  26%|███████▋                      |  ETA: 2:16:15
Sampling (4 threads)  26%|███████▊                      |  ETA: 2:12:44
Sampling (4 threads)  26%|████████                      |  ETA: 2:09:21
Sampling (4 threads)  27%|████████▏                     |  ETA: 2:15:01
Sampling (4 threads)  28%|████████▎                     |  ETA: 2:11:39
Sampling (4 threads)  28%|████████▍                     |  ETA: 2:08:25
Sampling (4 threads)  28%|████████▌                     |  ETA: 2:09:32
Sampling (4 threads)  29%|████████▊                     |  ETA: 2:06:25
Sampling (4 threads)  30%|████████▉                     |  ETA: 2:03:24
Sampling (4 threads)  30%|█████████                     |  ETA: 2:06:10
Sampling (4 threads)  30%|█████████▏                    |  ETA: 2:03:13
Sampling (4 threads)  31%|█████████▎                    |  ETA: 2:04:41
Sampling (4 threads)  32%|█████████▌                    |  ETA: 2:01:49
Sampling (4 threads)  32%|█████████▋                    |  ETA: 2:03:13
Sampling (4 threads)  32%|█████████▊                    |  ETA: 2:00:26
Sampling (4 threads)  33%|█████████▉                    |  ETA: 2:04:10
Sampling (4 threads)  34%|██████████                    |  ETA: 2:01:25
Sampling (4 threads)  34%|██████████▎                   |  ETA: 1:58:43
Sampling (4 threads)  34%|██████████▍                   |  ETA: 1:59:53
Sampling (4 threads)  35%|██████████▌                   |  ETA: 1:57:16
Sampling (4 threads)  36%|██████████▋                   |  ETA: 1:54:43
Sampling (4 threads)  36%|██████████▊                   |  ETA: 1:55:44
Sampling (4 threads)  36%|███████████                   |  ETA: 1:53:16
Sampling (4 threads)  37%|███████████▏                  |  ETA: 1:53:19
Sampling (4 threads)  38%|███████████▎                  |  ETA: 1:50:55
Sampling (4 threads)  38%|███████████▍                  |  ETA: 1:51:46
Sampling (4 threads)  38%|███████████▌                  |  ETA: 1:49:25
Sampling (4 threads)  39%|███████████▊                  |  ETA: 1:50:10
Sampling (4 threads)  40%|███████████▉                  |  ETA: 1:47:53
Sampling (4 threads)  40%|████████████                  |  ETA: 1:48:12
Sampling (4 threads)  40%|████████████▏                 |  ETA: 1:45:58
Sampling (4 threads)  41%|████████████▎                 |  ETA: 1:45:53
Sampling (4 threads)  42%|████████████▌                 |  ETA: 1:43:44
Sampling (4 threads)  42%|████████████▋                 |  ETA: 1:46:38
Sampling (4 threads)  42%|████████████▊                 |  ETA: 1:44:28
Sampling (4 threads)  43%|████████████▉                 |  ETA: 1:42:22
Sampling (4 threads)  44%|█████████████                 |  ETA: 1:44:21
Sampling (4 threads)  44%|█████████████▎                |  ETA: 1:42:15
Sampling (4 threads)  44%|█████████████▍                |  ETA: 1:40:12
Sampling (4 threads)  45%|█████████████▌                |  ETA: 1:42:15
Sampling (4 threads)  46%|█████████████▋                |  ETA: 1:40:13
Sampling (4 threads)  46%|█████████████▊                |  ETA: 1:38:13
Sampling (4 threads)  46%|██████████████                |  ETA: 1:36:15
Sampling (4 threads)  47%|██████████████▏               |  ETA: 1:37:47
Sampling (4 threads)  48%|██████████████▎               |  ETA: 1:35:50
Sampling (4 threads)  48%|██████████████▍               |  ETA: 1:33:56
Sampling (4 threads)  48%|██████████████▌               |  ETA: 1:35:42
Sampling (4 threads)  49%|██████████████▊               |  ETA: 1:33:49
Sampling (4 threads)  50%|██████████████▉               |  ETA: 1:31:57
Sampling (4 threads)  50%|███████████████               |  ETA: 1:33:34
Sampling (4 threads)  50%|███████████████▏              |  ETA: 1:31:43
Sampling (4 threads)  51%|███████████████▎              |  ETA: 1:29:54
Sampling (4 threads)  52%|███████████████▌              |  ETA: 1:28:07
Sampling (4 threads)  52%|███████████████▋              |  ETA: 1:29:06
Sampling (4 threads)  52%|███████████████▊              |  ETA: 1:27:20
Sampling (4 threads)  53%|███████████████▉              |  ETA: 1:25:36
Sampling (4 threads)  54%|████████████████              |  ETA: 1:26:36
Sampling (4 threads)  54%|████████████████▎             |  ETA: 1:24:52
Sampling (4 threads)  55%|████████████████▍             |  ETA: 1:23:11
Sampling (4 threads)  55%|████████████████▌             |  ETA: 1:24:17
Sampling (4 threads)  56%|████████████████▋             |  ETA: 1:22:36
Sampling (4 threads)  56%|████████████████▊             |  ETA: 1:20:57
Sampling (4 threads)  56%|█████████████████             |  ETA: 1:21:58
Sampling (4 threads)  57%|█████████████████▏            |  ETA: 1:20:19
Sampling (4 threads)  57%|█████████████████▎            |  ETA: 1:18:41
Sampling (4 threads)  58%|█████████████████▍            |  ETA: 1:17:05
Sampling (4 threads)  58%|█████████████████▌            |  ETA: 1:17:49
Sampling (4 threads)  59%|█████████████████▊            |  ETA: 1:16:14
Sampling (4 threads)  60%|█████████████████▉            |  ETA: 1:16:47
Sampling (4 threads)  60%|██████████████████            |  ETA: 1:15:13
Sampling (4 threads)  60%|██████████████████▏           |  ETA: 1:13:39
Sampling (4 threads)  61%|██████████████████▎           |  ETA: 1:12:08
Sampling (4 threads)  62%|██████████████████▌           |  ETA: 1:12:41
Sampling (4 threads)  62%|██████████████████▋           |  ETA: 1:11:10
Sampling (4 threads)  62%|██████████████████▊           |  ETA: 1:09:40
Sampling (4 threads)  63%|██████████████████▉           |  ETA: 1:10:15
Sampling (4 threads)  64%|███████████████████           |  ETA: 1:08:46
Sampling (4 threads)  64%|███████████████████▎          |  ETA: 1:07:17
Sampling (4 threads)  64%|███████████████████▍          |  ETA: 1:07:29
Sampling (4 threads)  65%|███████████████████▌          |  ETA: 1:06:01
Sampling (4 threads)  66%|███████████████████▋          |  ETA: 1:04:35
Sampling (4 threads)  66%|███████████████████▊          |  ETA: 1:03:10
Sampling (4 threads)  66%|████████████████████          |  ETA: 1:03:35
Sampling (4 threads)  67%|████████████████████▏         |  ETA: 1:02:10
Sampling (4 threads)  68%|████████████████████▎         |  ETA: 1:00:46
Sampling (4 threads)  68%|████████████████████▍         |  ETA: 1:00:58
Sampling (4 threads)  68%|████████████████████▌         |  ETA: 0:59:34
Sampling (4 threads)  69%|████████████████████▊         |  ETA: 0:58:12
Sampling (4 threads)  70%|████████████████████▉         |  ETA: 0:57:42
Sampling (4 threads)  70%|█████████████████████         |  ETA: 0:56:21
Sampling (4 threads)  70%|█████████████████████▏        |  ETA: 0:55:01
Sampling (4 threads)  71%|█████████████████████▎        |  ETA: 0:55:00
Sampling (4 threads)  72%|█████████████████████▌        |  ETA: 0:53:40
Sampling (4 threads)  72%|█████████████████████▋        |  ETA: 0:52:22
Sampling (4 threads)  72%|█████████████████████▊        |  ETA: 0:52:20
Sampling (4 threads)  73%|█████████████████████▉        |  ETA: 0:51:01
Sampling (4 threads)  74%|██████████████████████        |  ETA: 0:49:44
Sampling (4 threads)  74%|██████████████████████▎       |  ETA: 0:49:31
Sampling (4 threads)  74%|██████████████████████▍       |  ETA: 0:48:14
Sampling (4 threads)  75%|██████████████████████▌       |  ETA: 0:46:58
Sampling (4 threads)  76%|██████████████████████▋       |  ETA: 0:46:22
Sampling (4 threads)  76%|██████████████████████▊       |  ETA: 0:45:07
Sampling (4 threads)  76%|███████████████████████       |  ETA: 0:44:30
Sampling (4 threads)  77%|███████████████████████▏      |  ETA: 0:43:16
Sampling (4 threads)  78%|███████████████████████▎      |  ETA: 0:42:38
Sampling (4 threads)  78%|███████████████████████▍      |  ETA: 0:41:25
Sampling (4 threads)  78%|███████████████████████▌      |  ETA: 0:41:05
Sampling (4 threads)  79%|███████████████████████▊      |  ETA: 0:39:52
Sampling (4 threads)  80%|███████████████████████▉      |  ETA: 0:38:41
Sampling (4 threads)  80%|████████████████████████      |  ETA: 0:37:30
Sampling (4 threads)  80%|████████████████████████▏     |  ETA: 0:37:13
Sampling (4 threads)  81%|████████████████████████▎     |  ETA: 0:36:02
Sampling (4 threads)  82%|████████████████████████▌     |  ETA: 0:34:53
Sampling (4 threads)  82%|████████████████████████▋     |  ETA: 0:34:27
Sampling (4 threads)  82%|████████████████████████▊     |  ETA: 0:33:18
Sampling (4 threads)  83%|████████████████████████▉     |  ETA: 0:32:09
Sampling (4 threads)  84%|█████████████████████████     |  ETA: 0:31:38
Sampling (4 threads)  84%|█████████████████████████▎    |  ETA: 0:30:29
Sampling (4 threads)  84%|█████████████████████████▍    |  ETA: 0:29:22
Sampling (4 threads)  85%|█████████████████████████▌    |  ETA: 0:28:15
Sampling (4 threads)  86%|█████████████████████████▋    |  ETA: 0:27:41
Sampling (4 threads)  86%|█████████████████████████▊    |  ETA: 0:26:35
Sampling (4 threads)  86%|██████████████████████████    |  ETA: 0:25:57
Sampling (4 threads)  87%|██████████████████████████▏   |  ETA: 0:24:50
Sampling (4 threads)  88%|██████████████████████████▎   |  ETA: 0:23:45
Sampling (4 threads)  88%|██████████████████████████▍   |  ETA: 0:22:40
Sampling (4 threads)  88%|██████████████████████████▌   |  ETA: 0:22:03
Sampling (4 threads)  89%|██████████████████████████▊   |  ETA: 0:20:58
Sampling (4 threads)  90%|██████████████████████████▉   |  ETA: 0:19:54
Sampling (4 threads)  90%|███████████████████████████   |  ETA: 0:19:02
Sampling (4 threads)  90%|███████████████████████████▏  |  ETA: 0:17:59
Sampling (4 threads)  91%|███████████████████████████▎  |  ETA: 0:16:58
Sampling (4 threads)  92%|███████████████████████████▌  |  ETA: 0:16:03
Sampling (4 threads)  92%|███████████████████████████▋  |  ETA: 0:15:09
Sampling (4 threads)  92%|███████████████████████████▊  |  ETA: 0:14:14
Sampling (4 threads)  93%|███████████████████████████▉  |  ETA: 0:13:18
Sampling (4 threads)  94%|████████████████████████████  |  ETA: 0:12:23
Sampling (4 threads)  94%|████████████████████████████▎ |  ETA: 0:11:28
Sampling (4 threads)  94%|████████████████████████████▍ |  ETA: 0:10:30
Sampling (4 threads)  95%|████████████████████████████▌ |  ETA: 0:09:34
Sampling (4 threads)  96%|████████████████████████████▋ |  ETA: 0:08:38
Sampling (4 threads)  96%|████████████████████████████▊ |  ETA: 0:07:41
Sampling (4 threads)  96%|█████████████████████████████ |  ETA: 0:06:44
Sampling (4 threads)  97%|█████████████████████████████▏|  ETA: 0:05:47
Sampling (4 threads)  98%|█████████████████████████████▎|  ETA: 0:04:50
Sampling (4 threads)  98%|█████████████████████████████▍|  ETA: 0:03:52
Sampling (4 threads)  98%|█████████████████████████████▌|  ETA: 0:02:54
Sampling (4 threads)  99%|█████████████████████████████▊|  ETA: 0:01:57
Sampling (4 threads) 100%|█████████████████████████████▉|  ETA: 0:00:58
Sampling (4 threads) 100%|██████████████████████████████| Time: 3:16:04
Sampling (4 threads) 100%|██████████████████████████████| Time: 3:16:04
┌ Warning: Assignment to `is_waiting` in soft scope is ambiguous because a global variable by the same name exists: `is_waiting` will be treated as a new local. Disambiguate by using `local is_waiting` to suppress this warning or `global is_waiting` to assign to the existing global variable.
└ @ ~/bayesian/BC4/Bayes/wordType_experiments/models/halfNorms_thinnerExps/model.jl:53
┌ Warning: Runtime invalidation was disabled, but the CPU info is out-of-date.
│ Will continue with incorrect CPU name (from build time).
└ @ HostCPUFeatures ~/.julia/packages/HostCPUFeatures/ZTXz4/src/cpu_info.jl:71
┌ Warning: Runtime invalidation was disabled, but the CPU info is out-of-date.
│ Will continue with incorrect CPU feature flag: +avx512vnni.
└ @ HostCPUFeatures ~/.julia/packages/HostCPUFeatures/ZTXz4/src/cpu_info.jl:56
┌ Warning: Runtime invalidation was disabled, but the CPU info is out-of-date.
│ Will continue with incorrect CPU feature flag: -rtm.
└ @ HostCPUFeatures ~/.julia/packages/HostCPUFeatures/ZTXz4/src/cpu_info.jl:56
Sampling (4 threads)   0%|                              |  ETA: N/A
┌ Info: Found initial step size
└   ϵ = 0.003125
┌ Info: Found initial step size
└   ϵ = 0.000390625
┌ Info: Found initial step size
└   ϵ = 0.0015625
┌ Info: Found initial step size
└   ϵ = 0.000390625
Sampling (4 threads)   0%|▏                             |  ETA: 2:54:16
Sampling (4 threads)   1%|▎                             |  ETA: 1:26:47
Sampling (4 threads)   2%|▌                             |  ETA: 0:58:41
Sampling (4 threads)   2%|▋                             |  ETA: 0:43:47
Sampling (4 threads)   2%|▊                             |  ETA: 0:59:06
Sampling (4 threads)   3%|▉                             |  ETA: 0:49:00
Sampling (4 threads)   4%|█                             |  ETA: 0:41:47
Sampling (4 threads)   4%|█▎                            |  ETA: 0:36:22
Sampling (4 threads)   4%|█▍                            |  ETA: 1:38:09
Sampling (4 threads)   5%|█▌                            |  ETA: 1:27:52
Sampling (4 threads)   6%|█▋                            |  ETA: 1:19:28
Sampling (4 threads)   6%|█▊                            |  ETA: 2:16:50
Sampling (4 threads)   6%|██                            |  ETA: 2:05:38
Sampling (4 threads)   7%|██▏                           |  ETA: 1:56:02
Sampling (4 threads)   8%|██▎                           |  ETA: 1:47:43
Sampling (4 threads)   8%|██▍                           |  ETA: 2:16:59
Sampling (4 threads)   8%|██▌                           |  ETA: 2:08:13
Sampling (4 threads)   9%|██▊                           |  ETA: 2:33:13
Sampling (4 threads)  10%|██▉                           |  ETA: 2:24:21
Sampling (4 threads)  10%|███                           |  ETA: 2:16:23
Sampling (4 threads)  10%|███▏                          |  ETA: 2:09:10
Sampling (4 threads)  11%|███▎                          |  ETA: 2:34:55
Sampling (4 threads)  12%|███▌                          |  ETA: 2:27:21
Sampling (4 threads)  12%|███▋                          |  ETA: 2:20:24
Sampling (4 threads)  12%|███▊                          |  ETA: 2:37:38
Sampling (4 threads)  13%|███▉                          |  ETA: 2:30:43
Sampling (4 threads)  14%|████                          |  ETA: 2:24:18
Sampling (4 threads)  14%|████▎                         |  ETA: 2:39:46
Sampling (4 threads)  14%|████▍                         |  ETA: 2:33:22
Sampling (4 threads)  15%|████▌                         |  ETA: 2:27:23
Sampling (4 threads)  16%|████▋                         |  ETA: 2:43:15
Sampling (4 threads)  16%|████▊                         |  ETA: 2:37:13
Sampling (4 threads)  16%|█████                         |  ETA: 2:31:32
Sampling (4 threads)  17%|█████▏                        |  ETA: 2:42:06
Sampling (4 threads)  18%|█████▎                        |  ETA: 2:36:31
Sampling (4 threads)  18%|█████▍                        |  ETA: 2:31:15
Sampling (4 threads)  18%|█████▌                        |  ETA: 2:38:21
Sampling (4 threads)  19%|█████▊                        |  ETA: 2:33:14
Sampling (4 threads)  20%|█████▉                        |  ETA: 2:28:23
Sampling (4 threads)  20%|██████                        |  ETA: 2:36:06
Sampling (4 threads)  20%|██████▏                       |  ETA: 2:31:20
Sampling (4 threads)  21%|██████▎                       |  ETA: 2:26:48
Sampling (4 threads)  22%|██████▌                       |  ETA: 2:30:22
Sampling (4 threads)  22%|██████▋                       |  ETA: 2:26:00
Sampling (4 threads)  22%|██████▊                       |  ETA: 2:27:15
Sampling (4 threads)  23%|██████▉                       |  ETA: 2:23:07
Sampling (4 threads)  24%|███████                       |  ETA: 2:28:29
Sampling (4 threads)  24%|███████▎                      |  ETA: 2:24:27
Sampling (4 threads)  24%|███████▍                      |  ETA: 2:20:34
Sampling (4 threads)  25%|███████▌                      |  ETA: 2:24:01
Sampling (4 threads)  26%|███████▋                      |  ETA: 2:20:16
Sampling (4 threads)  26%|███████▊                      |  ETA: 2:21:04
Sampling (4 threads)  26%|████████                      |  ETA: 2:17:28
Sampling (4 threads)  27%|████████▏                     |  ETA: 2:21:44
Sampling (4 threads)  28%|████████▎                     |  ETA: 2:18:12
Sampling (4 threads)  28%|████████▍                     |  ETA: 2:14:48
Sampling (4 threads)  28%|████████▌                     |  ETA: 2:11:31
Sampling (4 threads)  29%|████████▊                     |  ETA: 2:16:35
Sampling (4 threads)  30%|████████▉                     |  ETA: 2:13:19
Sampling (4 threads)  30%|█████████                     |  ETA: 2:10:10
Sampling (4 threads)  30%|█████████▏                    |  ETA: 2:14:21
Sampling (4 threads)  31%|█████████▎                    |  ETA: 2:11:14
Sampling (4 threads)  32%|█████████▌                    |  ETA: 2:08:13
Sampling (4 threads)  32%|█████████▋                    |  ETA: 2:10:27
Sampling (4 threads)  32%|█████████▊                    |  ETA: 2:07:30
Sampling (4 threads)  33%|█████████▉                    |  ETA: 2:11:21
Sampling (4 threads)  34%|██████████                    |  ETA: 2:08:26
Sampling (4 threads)  34%|██████████▎                   |  ETA: 2:05:35
Sampling (4 threads)  34%|██████████▍                   |  ETA: 2:07:23
Sampling (4 threads)  35%|██████████▌                   |  ETA: 2:04:36
Sampling (4 threads)  36%|██████████▋                   |  ETA: 2:01:54
Sampling (4 threads)  36%|██████████▊                   |  ETA: 2:04:07
Sampling (4 threads)  36%|███████████                   |  ETA: 2:01:28
Sampling (4 threads)  37%|███████████▏                  |  ETA: 2:01:58
Sampling (4 threads)  38%|███████████▎                  |  ETA: 1:59:23
Sampling (4 threads)  38%|███████████▍                  |  ETA: 2:01:29
Sampling (4 threads)  38%|███████████▌                  |  ETA: 1:58:56
Sampling (4 threads)  39%|███████████▊                  |  ETA: 1:56:28
Sampling (4 threads)  40%|███████████▉                  |  ETA: 1:56:54
Sampling (4 threads)  40%|████████████                  |  ETA: 1:54:29
Sampling (4 threads)  40%|████████████▏                 |  ETA: 1:58:57
Sampling (4 threads)  41%|████████████▎                 |  ETA: 1:56:31
Sampling (4 threads)  42%|████████████▌                 |  ETA: 1:54:08
Sampling (4 threads)  42%|████████████▋                 |  ETA: 1:57:24
Sampling (4 threads)  42%|████████████▊                 |  ETA: 1:55:01
Sampling (4 threads)  43%|████████████▉                 |  ETA: 1:52:42
Sampling (4 threads)  44%|█████████████                 |  ETA: 1:50:26
Sampling (4 threads)  44%|█████████████▎                |  ETA: 1:53:17
Sampling (4 threads)  44%|█████████████▍                |  ETA: 1:51:01
Sampling (4 threads)  45%|█████████████▌                |  ETA: 1:52:50
Sampling (4 threads)  46%|█████████████▋                |  ETA: 1:50:35
Sampling (4 threads)  46%|█████████████▊                |  ETA: 1:48:23
Sampling (4 threads)  46%|██████████████                |  ETA: 1:50:01
Sampling (4 threads)  47%|██████████████▏               |  ETA: 1:47:49
Sampling (4 threads)  48%|██████████████▎               |  ETA: 1:47:47
Sampling (4 threads)  48%|██████████████▍               |  ETA: 1:45:38
Sampling (4 threads)  48%|██████████████▌               |  ETA: 1:47:38
Sampling (4 threads)  49%|██████████████▊               |  ETA: 1:45:30
Sampling (4 threads)  50%|██████████████▉               |  ETA: 1:43:25
Sampling (4 threads)  50%|███████████████               |  ETA: 1:41:22
Sampling (4 threads)  50%|███████████████▏              |  ETA: 1:43:20
Sampling (4 threads)  51%|███████████████▎              |  ETA: 1:41:17
Sampling (4 threads)  52%|███████████████▌              |  ETA: 1:39:17
Sampling (4 threads)  52%|███████████████▋              |  ETA: 1:40:07
Sampling (4 threads)  52%|███████████████▊              |  ETA: 1:38:08
Sampling (4 threads)  53%|███████████████▉              |  ETA: 1:36:11
Sampling (4 threads)  54%|████████████████              |  ETA: 1:36:29
Sampling (4 threads)  54%|████████████████▎             |  ETA: 1:34:33
Sampling (4 threads)  55%|████████████████▍             |  ETA: 1:32:40
Sampling (4 threads)  55%|████████████████▌             |  ETA: 1:34:01
Sampling (4 threads)  56%|████████████████▋             |  ETA: 1:32:08
Sampling (4 threads)  56%|████████████████▊             |  ETA: 1:30:18
Sampling (4 threads)  56%|█████████████████             |  ETA: 1:30:28
Sampling (4 threads)  57%|█████████████████▏            |  ETA: 1:28:38
Sampling (4 threads)  57%|█████████████████▎            |  ETA: 1:26:51
Sampling (4 threads)  58%|█████████████████▍            |  ETA: 1:28:08
Sampling (4 threads)  58%|█████████████████▌            |  ETA: 1:26:20
Sampling (4 threads)  59%|█████████████████▊            |  ETA: 1:24:34
Sampling (4 threads)  60%|█████████████████▉            |  ETA: 1:25:35
Sampling (4 threads)  60%|██████████████████            |  ETA: 1:23:49
Sampling (4 threads)  60%|██████████████████▏           |  ETA: 1:22:05
Sampling (4 threads)  61%|██████████████████▎           |  ETA: 1:20:23
Sampling (4 threads)  62%|██████████████████▌           |  ETA: 1:20:38
Sampling (4 threads)  62%|██████████████████▋           |  ETA: 1:18:56
Sampling (4 threads)  62%|██████████████████▊           |  ETA: 1:17:16
Sampling (4 threads)  63%|██████████████████▉           |  ETA: 1:17:35
Sampling (4 threads)  64%|███████████████████           |  ETA: 1:15:56
Sampling (4 threads)  64%|███████████████████▎          |  ETA: 1:15:38
Sampling (4 threads)  64%|███████████████████▍          |  ETA: 1:14:01
Sampling (4 threads)  65%|███████████████████▌          |  ETA: 1:12:24
Sampling (4 threads)  66%|███████████████████▋          |  ETA: 1:12:31
Sampling (4 threads)  66%|███████████████████▊          |  ETA: 1:10:55
Sampling (4 threads)  66%|████████████████████          |  ETA: 1:09:21
Sampling (4 threads)  67%|████████████████████▏         |  ETA: 1:07:48
Sampling (4 threads)  68%|████████████████████▎         |  ETA: 1:08:18
Sampling (4 threads)  68%|████████████████████▍         |  ETA: 1:06:45
Sampling (4 threads)  68%|████████████████████▌         |  ETA: 1:05:14
Sampling (4 threads)  69%|████████████████████▊         |  ETA: 1:04:49
Sampling (4 threads)  70%|████████████████████▉         |  ETA: 1:03:19
Sampling (4 threads)  70%|█████████████████████         |  ETA: 1:02:42
Sampling (4 threads)  70%|█████████████████████▏        |  ETA: 1:01:13
Sampling (4 threads)  71%|█████████████████████▎        |  ETA: 0:59:45
Sampling (4 threads)  72%|█████████████████████▌        |  ETA: 0:59:41
Sampling (4 threads)  72%|█████████████████████▋        |  ETA: 0:58:14
Sampling (4 threads)  72%|█████████████████████▊        |  ETA: 0:56:48
Sampling (4 threads)  73%|█████████████████████▉        |  ETA: 0:56:12
Sampling (4 threads)  74%|██████████████████████        |  ETA: 0:54:47
Sampling (4 threads)  74%|██████████████████████▎       |  ETA: 0:54:08
Sampling (4 threads)  74%|██████████████████████▍       |  ETA: 0:52:44
Sampling (4 threads)  75%|██████████████████████▌       |  ETA: 0:51:21
Sampling (4 threads)  76%|██████████████████████▋       |  ETA: 0:50:51
Sampling (4 threads)  76%|██████████████████████▊       |  ETA: 0:49:30
Sampling (4 threads)  76%|███████████████████████       |  ETA: 0:48:47
Sampling (4 threads)  77%|███████████████████████▏      |  ETA: 0:47:26
Sampling (4 threads)  78%|███████████████████████▎      |  ETA: 0:46:06
Sampling (4 threads)  78%|███████████████████████▍      |  ETA: 0:45:29
Sampling (4 threads)  78%|███████████████████████▌      |  ETA: 0:44:10
Sampling (4 threads)  79%|███████████████████████▊      |  ETA: 0:43:50
Sampling (4 threads)  80%|███████████████████████▉      |  ETA: 0:42:31
Sampling (4 threads)  80%|████████████████████████      |  ETA: 0:41:14
Sampling (4 threads)  80%|████████████████████████▏     |  ETA: 0:39:57
Sampling (4 threads)  81%|████████████████████████▎     |  ETA: 0:39:29
Sampling (4 threads)  82%|████████████████████████▌     |  ETA: 0:38:12
Sampling (4 threads)  82%|████████████████████████▋     |  ETA: 0:36:57
Sampling (4 threads)  82%|████████████████████████▊     |  ETA: 0:36:13
Sampling (4 threads)  83%|████████████████████████▉     |  ETA: 0:34:58
Sampling (4 threads)  84%|█████████████████████████     |  ETA: 0:34:16
Sampling (4 threads)  84%|█████████████████████████▎    |  ETA: 0:33:02
Sampling (4 threads)  84%|█████████████████████████▍    |  ETA: 0:31:48
Sampling (4 threads)  85%|█████████████████████████▌    |  ETA: 0:31:11
Sampling (4 threads)  86%|█████████████████████████▋    |  ETA: 0:29:58
Sampling (4 threads)  86%|█████████████████████████▊    |  ETA: 0:28:46
Sampling (4 threads)  86%|██████████████████████████    |  ETA: 0:28:10
Sampling (4 threads)  87%|██████████████████████████▏   |  ETA: 0:26:58
Sampling (4 threads)  88%|██████████████████████████▎   |  ETA: 0:25:47
Sampling (4 threads)  88%|██████████████████████████▍   |  ETA: 0:25:01
Sampling (4 threads)  88%|██████████████████████████▌   |  ETA: 0:23:50
Sampling (4 threads)  89%|██████████████████████████▊   |  ETA: 0:22:40
Sampling (4 threads)  90%|██████████████████████████▉   |  ETA: 0:21:54
Sampling (4 threads)  90%|███████████████████████████   |  ETA: 0:20:45
Sampling (4 threads)  90%|███████████████████████████▏  |  ETA: 0:19:36
Sampling (4 threads)  91%|███████████████████████████▎  |  ETA: 0:18:47
Sampling (4 threads)  92%|███████████████████████████▌  |  ETA: 0:17:39
Sampling (4 threads)  92%|███████████████████████████▋  |  ETA: 0:16:31
Sampling (4 threads)  92%|███████████████████████████▊  |  ETA: 0:15:24
Sampling (4 threads)  93%|███████████████████████████▉  |  ETA: 0:14:28
Sampling (4 threads)  94%|████████████████████████████  |  ETA: 0:13:23
Sampling (4 threads)  94%|████████████████████████████▎ |  ETA: 0:12:23
Sampling (4 threads)  94%|████████████████████████████▍ |  ETA: 0:11:22
Sampling (4 threads)  95%|████████████████████████████▌ |  ETA: 0:10:22
Sampling (4 threads)  96%|████████████████████████████▋ |  ETA: 0:09:17
Sampling (4 threads)  96%|████████████████████████████▊ |  ETA: 0:08:17
Sampling (4 threads)  96%|█████████████████████████████ |  ETA: 0:07:14
Sampling (4 threads)  97%|█████████████████████████████▏|  ETA: 0:06:11
Sampling (4 threads)  98%|█████████████████████████████▎|  ETA: 0:05:10
Sampling (4 threads)  98%|█████████████████████████████▍|  ETA: 0:04:09
Sampling (4 threads)  98%|█████████████████████████████▌|  ETA: 0:03:07
Sampling (4 threads)  99%|█████████████████████████████▊|  ETA: 0:02:05
Sampling (4 threads) 100%|█████████████████████████████▉|  ETA: 0:01:03
Sampling (4 threads) 100%|██████████████████████████████| Time: 3:30:14
Sampling (4 threads) 100%|██████████████████████████████| Time: 3:30:15
┌ Warning: Assignment to `is_waiting` in soft scope is ambiguous because a global variable by the same name exists: `is_waiting` will be treated as a new local. Disambiguate by using `local is_waiting` to suppress this warning or `global is_waiting` to assign to the existing global variable.
└ @ ~/bayesian/BC4/Bayes/wordType_experiments/models/halfNorms_thinnerExps/model.jl:53
ERROR: LoadError: ArgumentError: column name :ab_w[1, 1] not found in the data frame
Stacktrace:
 [1] lookupname
   @ ~/.julia/packages/DataFrames/b4w9K/src/other/index.jl:431 [inlined]
 [2] getindex
   @ ~/.julia/packages/DataFrames/b4w9K/src/other/index.jl:440 [inlined]
 [3] getindex
   @ ~/.julia/packages/DataFrames/b4w9K/src/other/index.jl:441 [inlined]
 [4] getindex(df::DataFrame, ::Colon, col_ind::String)
   @ DataFrames ~/.julia/packages/DataFrames/b4w9K/src/dataframe/dataframe.jl:543
 [5] plotGraphs(outputDir::String, wordTypes::Vector{String}, cols::Vector{String})
   @ Main ~/bayesian/BC4/Bayes/wordType_experiments/plottingFuncs.jl:190
 [6] top-level scope
   @ ~/bayesian/BC4/Bayes/wordType_experiments/models/halfNorms_thinnerExps/model.jl:52
in expression starting at /user/home/em18564/bayesian/BC4/Bayes/wordType_experiments/models/halfNorms_thinnerExps/model.jl:47
