Running on host compute116.bc4.acrc.priv
Time is Sat Oct 7 05:36:12 BST 2023
Directory is /user/home/em18564/BC4/Bayes/experiments/ePNPPNP_cov
Slurm job ID is 11982391
This job runs on the following machines:
compute116
    Updating registry at `~/.julia/registries/General.toml`
   Resolving package versions...
  No Changes to `~/.julia/environments/v1.8/Project.toml`
  No Changes to `~/.julia/environments/v1.8/Manifest.toml`
   Resolving package versions...
  No Changes to `~/.julia/environments/v1.8/Project.toml`
  No Changes to `~/.julia/environments/v1.8/Manifest.toml`
   Resolving package versions...
  No Changes to `~/.julia/environments/v1.8/Project.toml`
  No Changes to `~/.julia/environments/v1.8/Manifest.toml`
   Resolving package versions...
  No Changes to `~/.julia/environments/v1.8/Project.toml`
  No Changes to `~/.julia/environments/v1.8/Manifest.toml`
   Resolving package versions...
  No Changes to `~/.julia/environments/v1.8/Project.toml`
  No Changes to `~/.julia/environments/v1.8/Manifest.toml`
   Resolving package versions...
  No Changes to `~/.julia/environments/v1.8/Project.toml`
  No Changes to `~/.julia/environments/v1.8/Manifest.toml`
   Resolving package versions...
  No Changes to `~/.julia/environments/v1.8/Project.toml`
  No Changes to `~/.julia/environments/v1.8/Manifest.toml`
   Resolving package versions...
  No Changes to `~/.julia/environments/v1.8/Project.toml`
  No Changes to `~/.julia/environments/v1.8/Manifest.toml`
   Resolving package versions...
  No Changes to `~/.julia/environments/v1.8/Project.toml`
  No Changes to `~/.julia/environments/v1.8/Manifest.toml`
   Resolving package versions...
  No Changes to `~/.julia/environments/v1.8/Project.toml`
  No Changes to `~/.julia/environments/v1.8/Manifest.toml`
   Resolving package versions...
  No Changes to `~/.julia/environments/v1.8/Project.toml`
  No Changes to `~/.julia/environments/v1.8/Manifest.toml`
   Resolving package versions...
  No Changes to `~/.julia/environments/v1.8/Project.toml`
  No Changes to `~/.julia/environments/v1.8/Manifest.toml`
   Resolving package versions...
  No Changes to `~/.julia/environments/v1.8/Project.toml`
  No Changes to `~/.julia/environments/v1.8/Manifest.toml`
   Resolving package versions...
  No Changes to `~/.julia/environments/v1.8/Project.toml`
  No Changes to `~/.julia/environments/v1.8/Manifest.toml`
   Resolving package versions...
  No Changes to `~/.julia/environments/v1.8/Project.toml`
  No Changes to `~/.julia/environments/v1.8/Manifest.toml`
    Updating registry at `~/.julia/registries/General.toml`
   Resolving package versions...
  No Changes to `~/.julia/environments/v1.8/Project.toml`
  No Changes to `~/.julia/environments/v1.8/Manifest.toml`
   Resolving package versions...
  No Changes to `~/.julia/environments/v1.8/Project.toml`
  No Changes to `~/.julia/environments/v1.8/Manifest.toml`
   Resolving package versions...
  No Changes to `~/.julia/environments/v1.8/Project.toml`
  No Changes to `~/.julia/environments/v1.8/Manifest.toml`
   Resolving package versions...
  No Changes to `~/.julia/environments/v1.8/Project.toml`
  No Changes to `~/.julia/environments/v1.8/Manifest.toml`
   Resolving package versions...
  No Changes to `~/.julia/environments/v1.8/Project.toml`
  No Changes to `~/.julia/environments/v1.8/Manifest.toml`
   Resolving package versions...
  No Changes to `~/.julia/environments/v1.8/Project.toml`
  No Changes to `~/.julia/environments/v1.8/Manifest.toml`
   Resolving package versions...
  No Changes to `~/.julia/environments/v1.8/Project.toml`
  No Changes to `~/.julia/environments/v1.8/Manifest.toml`
   Resolving package versions...
  No Changes to `~/.julia/environments/v1.8/Project.toml`
  No Changes to `~/.julia/environments/v1.8/Manifest.toml`
   Resolving package versions...
  No Changes to `~/.julia/environments/v1.8/Project.toml`
  No Changes to `~/.julia/environments/v1.8/Manifest.toml`
   Resolving package versions...
  No Changes to `~/.julia/environments/v1.8/Project.toml`
  No Changes to `~/.julia/environments/v1.8/Manifest.toml`
   Resolving package versions...
  No Changes to `~/.julia/environments/v1.8/Project.toml`
  No Changes to `~/.julia/environments/v1.8/Manifest.toml`
   Resolving package versions...
  No Changes to `~/.julia/environments/v1.8/Project.toml`
  No Changes to `~/.julia/environments/v1.8/Manifest.toml`
   Resolving package versions...
  No Changes to `~/.julia/environments/v1.8/Project.toml`
  No Changes to `~/.julia/environments/v1.8/Manifest.toml`
Sampling (4 threads)   0%|                              |  ETA: N/A
┌ Info: Found initial step size
└   ϵ = 0.000732421875
┌ Info: Found initial step size
└   ϵ = 0.0007568359375
┌ Info: Found initial step size
└   ϵ = 0.000732421875
┌ Info: Found initial step size
└   ϵ = 0.00078125
Sampling (4 threads)  25%|███████▌                      |  ETA: 2 days, 14:14:54
Sampling (4 threads)  50%|███████████████               |  ETA: 20:44:58
Sampling (4 threads)  75%|██████████████████████▌       |  ETA: 6:54:59
Sampling (4 threads) 100%|██████████████████████████████| Time: 22:36:23
Sampling (4 threads) 100%|██████████████████████████████| Time: 22:36:23
Chains MCMC chain (250×158×4 Array{Float64, 3}):

Iterations        = 126:1:375
Number of chains  = 4
Samples per chain = 250
Wall duration     = 81360.38 seconds
Compute duration  = 299844.68 seconds
parameters        = σ_w_e[1], σ_w_e[2], ρ_w_e[1,1], ρ_w_e[2,1], ρ_w_e[1,2], ρ_w_e[2,2], ab_w_e[1,1], ab_w_e[2,1], ab_w_e[1,2], ab_w_e[2,2], σ_p_e[1], σ_p_e[2], ρ_p_e[1,1], ρ_p_e[2,1], ρ_p_e[1,2], ρ_p_e[2,2], ab_p_e[1,1], ab_p_e[2,1], ab_p_e[1,2], ab_p_e[2,2], ab_p_e[1,3], ab_p_e[2,3], ab_p_e[1,4], ab_p_e[2,4], ab_p_e[1,5], ab_p_e[2,5], ab_p_e[1,6], ab_p_e[2,6], ab_p_e[1,7], ab_p_e[2,7], ab_p_e[1,8], ab_p_e[2,8], ab_p_e[1,9], ab_p_e[2,9], ab_p_e[1,10], ab_p_e[2,10], ab_p_e[1,11], ab_p_e[2,11], ab_p_e[1,12], ab_p_e[2,12], ab_p_e[1,13], ab_p_e[2,13], ab_p_e[1,14], ab_p_e[2,14], ab_p_e[1,15], ab_p_e[2,15], ab_p_e[1,16], ab_p_e[2,16], ab_p_e[1,17], ab_p_e[2,17], ab_p_e[1,18], ab_p_e[2,18], ab_p_e[1,19], ab_p_e[2,19], ab_p_e[1,20], ab_p_e[2,20], ab_p_e[1,21], ab_p_e[2,21], ab_p_e[1,22], ab_p_e[2,22], ab_p_e[1,23], ab_p_e[2,23], ab_p_e[1,24], ab_p_e[2,24], σ_e_e[1], σ_e_e[2], ρ_e_e[1,1], ρ_e_e[2,1], ρ_e_e[1,2], ρ_e_e[2,2], ab_e_e[1,1], ab_e_e[2,1], σ_w_p[1], σ_w_p[2], ρ_w_p[1,1], ρ_w_p[2,1], ρ_w_p[1,2], ρ_w_p[2,2], ab_w_p[1,1], ab_w_p[2,1], ab_w_p[1,2], ab_w_p[2,2], σ_p_p[1], σ_p_p[2], ρ_p_p[1,1], ρ_p_p[2,1], ρ_p_p[1,2], ρ_p_p[2,2], ab_p_p[1,1], ab_p_p[2,1], ab_p_p[1,2], ab_p_p[2,2], ab_p_p[1,3], ab_p_p[2,3], ab_p_p[1,4], ab_p_p[2,4], ab_p_p[1,5], ab_p_p[2,5], ab_p_p[1,6], ab_p_p[2,6], ab_p_p[1,7], ab_p_p[2,7], ab_p_p[1,8], ab_p_p[2,8], ab_p_p[1,9], ab_p_p[2,9], ab_p_p[1,10], ab_p_p[2,10], ab_p_p[1,11], ab_p_p[2,11], ab_p_p[1,12], ab_p_p[2,12], ab_p_p[1,13], ab_p_p[2,13], ab_p_p[1,14], ab_p_p[2,14], ab_p_p[1,15], ab_p_p[2,15], ab_p_p[1,16], ab_p_p[2,16], ab_p_p[1,17], ab_p_p[2,17], ab_p_p[1,18], ab_p_p[2,18], ab_p_p[1,19], ab_p_p[2,19], ab_p_p[1,20], ab_p_p[2,20], ab_p_p[1,21], ab_p_p[2,21], ab_p_p[1,22], ab_p_p[2,22], ab_p_p[1,23], ab_p_p[2,23], ab_p_p[1,24], ab_p_p[2,24], σ_e_p[1], σ_e_p[2], ρ_e_p[1,1], ρ_e_p[2,1], ρ_e_p[1,2], ρ_e_p[2,2], ab_e_p[1,1], ab_e_p[2,1], σ_ePNP, σ_pNP
internals         = lp, n_steps, is_accept, acceptance_rate, log_density, hamiltonian_energy, hamiltonian_energy_error, max_hamiltonian_energy_error, tree_depth, numerical_error, step_size, nom_step_size

Summary Statistics
    parameters      mean       std   naive_se      mcse         ess      rhat   ess_per_sec
        Symbol   Float64   Float64    Float64   Float64     Float64   Float64       Float64

      σ_w_e[1]    0.4067    0.4108     0.0130    0.0137    798.1976    1.0006        0.0027
      σ_w_e[2]    0.3164    0.4269     0.0135    0.0199    424.5801    1.0047        0.0014
    ρ_w_e[1,1]    1.0000    0.0000     0.0000    0.0000         NaN       NaN           NaN
    ρ_w_e[2,1]   -0.1021    0.4381     0.0139    0.0145   1086.3135    1.0002        0.0036
    ρ_w_e[1,2]   -0.1021    0.4381     0.0139    0.0145   1086.3135    1.0002        0.0036
    ρ_w_e[2,2]    1.0000    0.0000     0.0000    0.0000   1070.6078    0.9960        0.0036
   ab_w_e[1,1]    0.0449    0.2284     0.0072    0.0080    922.5073    0.9989        0.0031
   ab_w_e[2,1]   -0.0624    0.2056     0.0065    0.0074    866.2437    0.9987        0.0029
   ab_w_e[1,2]   -0.1497    0.2330     0.0074    0.0082    953.6964    0.9989        0.0032
   ab_w_e[2,2]    0.0729    0.2079     0.0066    0.0084    873.2970    1.0005        0.0029
      σ_p_e[1]    0.6227    0.0926     0.0029    0.0028   1012.9928    0.9991        0.0034
      σ_p_e[2]    0.3050    0.0525     0.0017    0.0015   1059.6708    1.0005        0.0035
    ρ_p_e[1,1]    1.0000    0.0000     0.0000    0.0000         NaN       NaN           NaN
    ρ_p_e[2,1]    0.5780    0.1510     0.0048    0.0053    950.8297    1.0043        0.0032
    ρ_p_e[1,2]    0.5780    0.1510     0.0048    0.0053    950.8297    1.0043        0.0032
    ρ_p_e[2,2]    1.0000    0.0000     0.0000    0.0000    995.8602    0.9960        0.0033
   ab_p_e[1,1]   -0.2900    0.1555     0.0049    0.0046    930.8822    0.9985        0.0031
   ab_p_e[2,1]    0.0771    0.1104     0.0035    0.0032    980.3900    1.0001        0.0033
   ab_p_e[1,2]    0.5826    0.1510     0.0048    0.0037   1231.1368    1.0016        0.0041
   ab_p_e[2,2]    0.2154    0.1134     0.0036    0.0034   1027.1844    0.9980        0.0034
   ab_p_e[1,3]    0.2802    0.1551     0.0049    0.0039   1119.1376    0.9989        0.0037
   ab_p_e[2,3]    0.1954    0.1112     0.0035    0.0037    987.8868    0.9979        0.0033
   ab_p_e[1,4]    0.2326    0.1558     0.0049    0.0044   1308.2868    0.9964        0.0044
   ab_p_e[2,4]   -0.1665    0.1129     0.0036    0.0038    929.1190    1.0028        0.0031
   ab_p_e[1,5]   -0.0656    0.1509     0.0048    0.0038   1092.8135    0.9994        0.0036
   ab_p_e[2,5]    0.0316    0.1126     0.0036    0.0034   1143.3870    0.9976        0.0038
   ab_p_e[1,6]    0.0457    0.1600     0.0051    0.0037   1191.5123    0.9994        0.0040
   ab_p_e[2,6]    0.6328    0.1180     0.0037    0.0045    740.5885    1.0026        0.0025
   ab_p_e[1,7]    0.1957    0.1498     0.0047    0.0051   1011.6663    1.0020        0.0034
   ab_p_e[2,7]    0.0074    0.1101     0.0035    0.0034    869.9227    0.9975        0.0029
   ab_p_e[1,8]    0.2725    0.1532     0.0048    0.0045   1148.3110    0.9984        0.0038
   ab_p_e[2,8]    0.0668    0.1064     0.0034    0.0034    982.7043    0.9986        0.0033
   ab_p_e[1,9]   -0.7714    0.1486     0.0047    0.0043   1015.1537    1.0031        0.0034
   ab_p_e[2,9]   -0.1016    0.1090     0.0034    0.0031    970.8801    0.9974        0.0032
  ab_p_e[1,10]   -0.6822    0.1528     0.0048    0.0040   1137.4880    0.9980        0.0038
  ab_p_e[2,10]   -0.3823    0.1092     0.0035    0.0030   1048.7489    0.9995        0.0035
  ab_p_e[1,11]   -1.4315    0.1471     0.0047    0.0047    981.2655    1.0002        0.0033
  ab_p_e[2,11]   -0.7222    0.1089     0.0034    0.0029   1118.7410    0.9980        0.0037
  ab_p_e[1,12]   -1.1008    0.1636     0.0052    0.0051   1056.7927    0.9998        0.0035
  ab_p_e[2,12]   -0.3562    0.1155     0.0037    0.0033   1225.0013    0.9993        0.0041
  ab_p_e[1,13]    0.6633    0.1567     0.0050    0.0041   1143.9000    0.9973        0.0038
  ab_p_e[2,13]    0.0113    0.1131     0.0036    0.0032   1076.7829    0.9968        0.0036
  ab_p_e[1,14]    0.1694    0.1557     0.0049    0.0049   1222.5553    0.9988        0.0041
  ab_p_e[2,14]   -0.0265    0.1135     0.0036    0.0035    981.6998    0.9983        0.0033
  ab_p_e[1,15]    0.6809    0.1479     0.0047    0.0042   1154.6587    1.0009        0.0039
  ab_p_e[2,15]    0.2909    0.1126     0.0036    0.0033    960.8565    1.0023        0.0032
  ab_p_e[1,16]   -0.2147    0.1457     0.0046    0.0041   1152.2987    0.9991        0.0038
  ab_p_e[2,16]    0.1824    0.1132     0.0036    0.0028   1042.0288    1.0006        0.0035
  ab_p_e[1,17]    0.5606    0.1491     0.0047    0.0039   1256.9161    0.9971        0.0042
  ab_p_e[2,17]    0.1584    0.1066     0.0034    0.0034   1047.8898    0.9991        0.0035
  ab_p_e[1,18]   -0.2859    0.1515     0.0048    0.0043   1100.1649    1.0000        0.0037
  ab_p_e[2,18]   -0.1714    0.1152     0.0036    0.0034   1174.9727    0.9990        0.0039
  ab_p_e[1,19]   -0.7894    0.1530     0.0048    0.0049   1224.5125    1.0008        0.0041
  ab_p_e[2,19]   -0.3043    0.1069     0.0034    0.0027   1201.8550    0.9983        0.0040
  ab_p_e[1,20]   -0.2491    0.1561     0.0049    0.0050   1048.3835    0.9974        0.0035
  ab_p_e[2,20]   -0.2454    0.1129     0.0036    0.0040   1016.5176    0.9997        0.0034
  ab_p_e[1,21]    0.8525    0.1521     0.0048    0.0043   1177.3839    0.9991        0.0039
  ab_p_e[2,21]   -0.0320    0.1105     0.0035    0.0034   1044.7964    1.0008        0.0035
  ab_p_e[1,22]    0.6844    0.1407     0.0044    0.0045   1134.3007    1.0002        0.0038
  ab_p_e[2,22]    0.1809    0.1092     0.0035    0.0041    818.8014    1.0021        0.0027
  ab_p_e[1,23]    0.2959    0.1543     0.0049    0.0049   1171.4082    1.0004        0.0039
  ab_p_e[2,23]    0.3261    0.1136     0.0036    0.0036    973.5990    0.9984        0.0032
  ab_p_e[1,24]   -0.0876    0.1550     0.0049    0.0038   1160.2320    1.0005        0.0039
  ab_p_e[2,24]   -0.0024    0.1103     0.0035    0.0032   1101.8596    1.0001        0.0037
      σ_e_e[1]    0.5664    0.6670     0.0211    0.0247    883.9445    0.9988        0.0029
      σ_e_e[2]    0.4400    0.5620     0.0178    0.0210    624.0408    1.0016        0.0021
    ρ_e_e[1,1]    1.0000    0.0000     0.0000    0.0000         NaN       NaN           NaN
    ρ_e_e[2,1]   -0.0151    0.4258     0.0135    0.0125   1440.5736    0.9989        0.0048
    ρ_e_e[1,2]   -0.0151    0.4258     0.0135    0.0125   1440.5736    0.9989        0.0048
    ρ_e_e[2,2]    1.0000    0.0000     0.0000    0.0000    929.0312    0.9960        0.0031
   ab_e_e[1,1]   -0.0639    0.2356     0.0075    0.0069   1109.4322    0.9979        0.0037
   ab_e_e[2,1]    0.0192    0.2077     0.0066    0.0072    928.1641    0.9994        0.0031
      σ_w_p[1]    0.6390    0.5461     0.0173    0.0227    650.6174    1.0060        0.0022
      σ_w_p[2]    0.4390    0.4503     0.0142    0.0201    561.0150    1.0043        0.0019
    ρ_w_p[1,1]    1.0000    0.0000     0.0000    0.0000         NaN       NaN           NaN
    ρ_w_p[2,1]   -0.1098    0.4437     0.0140    0.0131   1157.5195    0.9991        0.0039
    ρ_w_p[1,2]   -0.1098    0.4437     0.0140    0.0131   1157.5195    0.9991        0.0039
    ρ_w_p[2,2]    1.0000    0.0000     0.0000    0.0000   1011.7591    0.9960        0.0034
   ab_w_p[1,1]    0.3598    0.3570     0.0113    0.0143    719.1998    1.0032        0.0024
   ab_w_p[2,1]   -0.0652    0.2499     0.0079    0.0096    598.9405    0.9998        0.0020
   ab_w_p[1,2]    0.0270    0.3555     0.0112    0.0142    705.7642    1.0042        0.0024
   ab_w_p[2,2]    0.1551    0.2535     0.0080    0.0097    546.7645    1.0002        0.0018
      σ_p_p[1]    0.5249    0.0848     0.0027    0.0031    809.3195    1.0060        0.0027
      σ_p_p[2]    0.3482    0.0602     0.0019    0.0015    952.1988    0.9982        0.0032
    ρ_p_p[1,1]    1.0000    0.0000     0.0000    0.0000         NaN       NaN           NaN
    ρ_p_p[2,1]   -0.0855    0.1918     0.0061    0.0064   1064.1850    0.9990        0.0035
    ρ_p_p[1,2]   -0.0855    0.1918     0.0061    0.0064   1064.1850    0.9990        0.0035
    ρ_p_p[2,2]    1.0000    0.0000     0.0000    0.0000   1098.1759    0.9960        0.0037
   ab_p_p[1,1]   -0.6653    0.1500     0.0047    0.0050   1162.9111    1.0026        0.0039
   ab_p_p[2,1]    0.0924    0.1244     0.0039    0.0042    993.4286    0.9993        0.0033
   ab_p_p[1,2]    0.3343    0.1524     0.0048    0.0053   1114.8289    1.0016        0.0037
   ab_p_p[2,2]    0.5397    0.1251     0.0040    0.0033   1172.7114    0.9996        0.0039
   ab_p_p[1,3]   -0.5052    0.1566     0.0050    0.0050   1175.7752    0.9984        0.0039
   ab_p_p[2,3]    0.0509    0.1289     0.0041    0.0038   1135.2725    0.9995        0.0038
   ab_p_p[1,4]    0.6209    0.1503     0.0048    0.0043   1216.3220    1.0011        0.0041
   ab_p_p[2,4]   -0.1629    0.1329     0.0042    0.0035   1154.6461    0.9976        0.0039
   ab_p_p[1,5]   -0.0406    0.1558     0.0049    0.0048   1235.1058    1.0014        0.0041
   ab_p_p[2,5]    0.0143    0.1285     0.0041    0.0040   1034.9377    1.0018        0.0035
   ab_p_p[1,6]   -1.0976    0.1544     0.0049    0.0040   1283.3930    0.9981        0.0043
   ab_p_p[2,6]    0.4103    0.1269     0.0040    0.0041   1066.6302    0.9991        0.0036
   ab_p_p[1,7]    0.1491    0.1584     0.0050    0.0047   1195.9184    0.9974        0.0040
   ab_p_p[2,7]   -0.0113    0.1188     0.0038    0.0033   1099.7008    0.9975        0.0037
   ab_p_p[1,8]    0.7075    0.1491     0.0047    0.0051   1152.9800    1.0008        0.0038
   ab_p_p[2,8]    0.1051    0.1230     0.0039    0.0043   1070.1404    0.9966        0.0036
   ab_p_p[1,9]   -0.4505    0.1518     0.0048    0.0054   1361.0645    1.0009        0.0045
   ab_p_p[2,9]   -0.2365    0.1311     0.0041    0.0036   1187.7210    0.9985        0.0040
  ab_p_p[1,10]   -0.3082    0.1538     0.0049    0.0045   1285.8702    0.9979        0.0043
  ab_p_p[2,10]   -0.4686    0.1245     0.0039    0.0034   1194.9154    0.9973        0.0040
  ab_p_p[1,11]    0.2644    0.1534     0.0049    0.0054   1166.2167    0.9994        0.0039
  ab_p_p[2,11]   -0.7819    0.1296     0.0041    0.0035    965.8008    0.9974        0.0032
  ab_p_p[1,12]   -0.0352    0.1413     0.0045    0.0038   1200.3980    0.9985        0.0040
  ab_p_p[2,12]   -0.3515    0.1218     0.0039    0.0043    922.3815    0.9987        0.0031
  ab_p_p[1,13]    0.3184    0.1495     0.0047    0.0044   1263.3615    1.0004        0.0042
  ab_p_p[2,13]    0.0379    0.1218     0.0039    0.0040    955.3963    0.9986        0.0032
  ab_p_p[1,14]    0.2313    0.1451     0.0046    0.0052   1163.8218    1.0004        0.0039
  ab_p_p[2,14]    0.1266    0.1300     0.0041    0.0040   1166.9620    1.0030        0.0039
  ab_p_p[1,15]   -0.2576    0.1530     0.0048    0.0046   1253.8381    0.9989        0.0042
  ab_p_p[2,15]    0.3815    0.1248     0.0039    0.0035   1208.2211    0.9987        0.0040
  ab_p_p[1,16]   -0.0312    0.1503     0.0048    0.0045   1107.4685    0.9978        0.0037
  ab_p_p[2,16]    0.1168    0.1304     0.0041    0.0040    937.1680    1.0014        0.0031
  ab_p_p[1,17]   -0.1258    0.1576     0.0050    0.0055   1305.9760    0.9992        0.0044
  ab_p_p[2,17]    0.2522    0.1245     0.0039    0.0037   1081.5142    1.0001        0.0036
  ab_p_p[1,18]   -0.3219    0.1569     0.0050    0.0046   1205.7588    1.0015        0.0040
  ab_p_p[2,18]   -0.2305    0.1244     0.0039    0.0040   1007.3050    0.9990        0.0034
  ab_p_p[1,19]    0.3850    0.1429     0.0045    0.0043   1311.5572    0.9995        0.0044
  ab_p_p[2,19]   -0.2921    0.1216     0.0038    0.0034   1077.1455    0.9998        0.0036
  ab_p_p[1,20]    0.2039    0.1608     0.0051    0.0056   1135.8508    1.0035        0.0038
  ab_p_p[2,20]   -0.2540    0.1274     0.0040    0.0043    947.1326    1.0018        0.0032
  ab_p_p[1,21]    1.1998    0.1562     0.0049    0.0047   1091.5587    1.0034        0.0036
  ab_p_p[2,21]    0.1789    0.1226     0.0039    0.0040    976.8865    1.0006        0.0033
  ab_p_p[1,22]   -0.0685    0.1520     0.0048    0.0043   1165.7847    0.9983        0.0039
  ab_p_p[2,22]    0.2699    0.1243     0.0039    0.0040   1020.4340    0.9997        0.0034
  ab_p_p[1,23]   -0.2098    0.1549     0.0049    0.0045   1099.1428    0.9988        0.0037
  ab_p_p[2,23]    0.2876    0.1211     0.0038    0.0038   1031.4329    1.0031        0.0034
  ab_p_p[1,24]    0.1879    0.1536     0.0049    0.0039   1236.5658    1.0006        0.0041
  ab_p_p[2,24]    0.0800    0.1230     0.0039    0.0041   1211.7319    0.9996        0.0040
      σ_e_p[1]    0.7679    0.6881     0.0218    0.0239    844.4178    0.9998        0.0028
      σ_e_p[2]    0.5075    0.5876     0.0186    0.0227    658.3853    1.0021        0.0022
    ρ_e_p[1,1]    1.0000    0.0000     0.0000    0.0000         NaN       NaN           NaN
    ρ_e_p[2,1]    0.0166    0.4616     0.0146    0.0161   1011.4974    1.0017        0.0034
    ρ_e_p[1,2]    0.0166    0.4616     0.0146    0.0161   1011.4974    1.0017        0.0034
    ρ_e_p[2,2]    1.0000    0.0000     0.0000    0.0000    943.6205    0.9960        0.0031
   ab_e_p[1,1]    0.3293    0.3652     0.0115    0.0149    685.6575    1.0023        0.0023
   ab_e_p[2,1]    0.0682    0.2486     0.0079    0.0097    596.1155    0.9999        0.0020
        σ_ePNP    4.4282    0.0156     0.0005    0.0004   1034.6815    1.0008        0.0035
         σ_pNP    4.7143    0.0168     0.0005    0.0005    933.7110    0.9981        0.0031

Quantiles
    parameters      2.5%     25.0%     50.0%     75.0%     97.5%
        Symbol   Float64   Float64   Float64   Float64   Float64

      σ_w_e[1]    0.0587    0.1596    0.2646    0.5135    1.6341
      σ_w_e[2]    0.0333    0.1062    0.1920    0.3754    1.2982
    ρ_w_e[1,1]    1.0000    1.0000    1.0000    1.0000    1.0000
    ρ_w_e[2,1]   -0.8674   -0.4483   -0.1196    0.2157    0.7460
    ρ_w_e[1,2]   -0.8674   -0.4483   -0.1196    0.2157    0.7460
    ρ_w_e[2,2]    1.0000    1.0000    1.0000    1.0000    1.0000
   ab_w_e[1,1]   -0.4775   -0.0502    0.0561    0.1456    0.4764
   ab_w_e[2,1]   -0.5051   -0.1269   -0.0556    0.0037    0.3603
   ab_w_e[1,2]   -0.7109   -0.2521   -0.1278   -0.0395    0.2790
   ab_w_e[2,2]   -0.3143   -0.0009    0.0694    0.1481    0.5106
      σ_p_e[1]    0.4703    0.5570    0.6152    0.6715    0.8284
      σ_p_e[2]    0.2175    0.2673    0.2977    0.3356    0.4182
    ρ_p_e[1,1]    1.0000    1.0000    1.0000    1.0000    1.0000
    ρ_p_e[2,1]    0.2354    0.4852    0.5941    0.6914    0.8179
    ρ_p_e[1,2]    0.2354    0.4852    0.5941    0.6914    0.8179
    ρ_p_e[2,2]    1.0000    1.0000    1.0000    1.0000    1.0000
   ab_p_e[1,1]   -0.5773   -0.3893   -0.2920   -0.1964    0.0155
   ab_p_e[2,1]   -0.1323    0.0058    0.0768    0.1480    0.3035
   ab_p_e[1,2]    0.2828    0.4862    0.5809    0.6870    0.8789
   ab_p_e[2,2]   -0.0172    0.1441    0.2146    0.2841    0.4604
   ab_p_e[1,3]   -0.0376    0.1810    0.2845    0.3711    0.5937
   ab_p_e[2,3]   -0.0204    0.1213    0.1943    0.2681    0.4158
   ab_p_e[1,4]   -0.0519    0.1279    0.2315    0.3331    0.5632
   ab_p_e[2,4]   -0.3840   -0.2420   -0.1664   -0.0886    0.0450
   ab_p_e[1,5]   -0.3501   -0.1713   -0.0678    0.0333    0.2406
   ab_p_e[2,5]   -0.1944   -0.0427    0.0313    0.1029    0.2451
   ab_p_e[1,6]   -0.2779   -0.0595    0.0418    0.1501    0.3610
   ab_p_e[2,6]    0.4123    0.5564    0.6296    0.7092    0.8743
   ab_p_e[1,7]   -0.0951    0.0937    0.1991    0.2935    0.4840
   ab_p_e[2,7]   -0.2096   -0.0608    0.0079    0.0776    0.2315
   ab_p_e[1,8]   -0.0162    0.1684    0.2617    0.3686    0.5971
   ab_p_e[2,8]   -0.1452   -0.0057    0.0683    0.1409    0.2682
   ab_p_e[1,9]   -1.0374   -0.8673   -0.7767   -0.6749   -0.4714
   ab_p_e[2,9]   -0.3141   -0.1788   -0.0988   -0.0305    0.1206
  ab_p_e[1,10]   -0.9943   -0.7800   -0.6790   -0.5840   -0.3758
  ab_p_e[2,10]   -0.6120   -0.4517   -0.3790   -0.3085   -0.1737
  ab_p_e[1,11]   -1.7315   -1.5241   -1.4248   -1.3348   -1.1683
  ab_p_e[2,11]   -0.9215   -0.7963   -0.7199   -0.6494   -0.5161
  ab_p_e[1,12]   -1.4189   -1.2206   -1.0990   -0.9957   -0.7642
  ab_p_e[2,12]   -0.5806   -0.4325   -0.3558   -0.2794   -0.1249
  ab_p_e[1,13]    0.3507    0.5597    0.6633    0.7730    0.9743
  ab_p_e[2,13]   -0.2042   -0.0662    0.0120    0.0885    0.2320
  ab_p_e[1,14]   -0.1407    0.0727    0.1691    0.2643    0.4883
  ab_p_e[2,14]   -0.2459   -0.1008   -0.0270    0.0478    0.2016
  ab_p_e[1,15]    0.4173    0.5782    0.6761    0.7811    0.9740
  ab_p_e[2,15]    0.0676    0.2134    0.2908    0.3637    0.5029
  ab_p_e[1,16]   -0.4910   -0.3114   -0.2142   -0.1242    0.0725
  ab_p_e[2,16]   -0.0364    0.1019    0.1850    0.2546    0.4140
  ab_p_e[1,17]    0.2948    0.4582    0.5632    0.6590    0.8588
  ab_p_e[2,17]   -0.0469    0.0861    0.1570    0.2300    0.3561
  ab_p_e[1,18]   -0.5881   -0.3826   -0.2900   -0.1831    0.0062
  ab_p_e[2,18]   -0.4181   -0.2435   -0.1690   -0.0947    0.0364
  ab_p_e[1,19]   -1.0719   -0.8937   -0.7866   -0.6875   -0.4852
  ab_p_e[2,19]   -0.5055   -0.3740   -0.3037   -0.2295   -0.1005
  ab_p_e[1,20]   -0.5291   -0.3608   -0.2527   -0.1455    0.0662
  ab_p_e[2,20]   -0.4672   -0.3196   -0.2464   -0.1711   -0.0321
  ab_p_e[1,21]    0.5686    0.7518    0.8522    0.9509    1.1629
  ab_p_e[2,21]   -0.2576   -0.1057   -0.0286    0.0395    0.1843
  ab_p_e[1,22]    0.4205    0.5961    0.6824    0.7713    0.9666
  ab_p_e[2,22]   -0.0247    0.1052    0.1833    0.2492    0.4075
  ab_p_e[1,23]   -0.0059    0.1927    0.2933    0.3989    0.6190
  ab_p_e[2,23]    0.1142    0.2431    0.3240    0.4064    0.5387
  ab_p_e[1,24]   -0.3893   -0.1865   -0.0868    0.0055    0.2381
  ab_p_e[2,24]   -0.2180   -0.0785   -0.0035    0.0702    0.2168
      σ_e_e[1]    0.0089    0.1475    0.3427    0.7227    2.4947
      σ_e_e[2]    0.0093    0.0789    0.2438    0.5750    2.0908
    ρ_e_e[1,1]    1.0000    1.0000    1.0000    1.0000    1.0000
    ρ_e_e[2,1]   -0.7643   -0.3398   -0.0375    0.3104    0.7913
    ρ_e_e[1,2]   -0.7643   -0.3398   -0.0375    0.3104    0.7913
    ρ_e_e[2,2]    1.0000    1.0000    1.0000    1.0000    1.0000
   ab_e_e[1,1]   -0.5336   -0.1780   -0.0447    0.0329    0.4158
   ab_e_e[2,1]   -0.4401   -0.0416    0.0079    0.0833    0.4420
      σ_w_p[1]    0.1264    0.2900    0.4806    0.7948    2.1172
      σ_w_p[2]    0.0755    0.1691    0.2837    0.5238    1.6741
    ρ_w_p[1,1]    1.0000    1.0000    1.0000    1.0000    1.0000
    ρ_w_p[2,1]   -0.8759   -0.4519   -0.1374    0.2357    0.7117
    ρ_w_p[1,2]   -0.8759   -0.4519   -0.1374    0.2357    0.7117
    ρ_w_p[2,2]    1.0000    1.0000    1.0000    1.0000    1.0000
   ab_w_p[1,1]   -0.2883    0.1274    0.3327    0.6077    1.0437
   ab_w_p[2,1]   -0.5415   -0.1688   -0.0633    0.0346    0.4117
   ab_w_p[1,2]   -0.6357   -0.1899    0.0045    0.2593    0.7008
   ab_w_p[2,2]   -0.3291    0.0458    0.1467    0.2562    0.6589
      σ_p_p[1]    0.3835    0.4652    0.5162    0.5717    0.7282
      σ_p_p[2]    0.2444    0.3053    0.3425    0.3860    0.4830
    ρ_p_p[1,1]    1.0000    1.0000    1.0000    1.0000    1.0000
    ρ_p_p[2,1]   -0.4473   -0.2260   -0.0938    0.0449    0.2922
    ρ_p_p[1,2]   -0.4473   -0.2260   -0.0938    0.0449    0.2922
    ρ_p_p[2,2]    1.0000    1.0000    1.0000    1.0000    1.0000
   ab_p_p[1,1]   -0.9650   -0.7652   -0.6610   -0.5732   -0.3853
   ab_p_p[2,1]   -0.1642    0.0112    0.0954    0.1738    0.3342
   ab_p_p[1,2]    0.0331    0.2297    0.3352    0.4378    0.6394
   ab_p_p[2,2]    0.2934    0.4572    0.5465    0.6195    0.7818
   ab_p_p[1,3]   -0.8118   -0.6100   -0.5030   -0.4013   -0.2010
   ab_p_p[2,3]   -0.1821   -0.0370    0.0478    0.1308    0.3137
   ab_p_p[1,4]    0.3367    0.5254    0.6143    0.7159    0.9373
   ab_p_p[2,4]   -0.4259   -0.2514   -0.1684   -0.0731    0.1170
   ab_p_p[1,5]   -0.3410   -0.1433   -0.0418    0.0594    0.2835
   ab_p_p[2,5]   -0.2373   -0.0689    0.0102    0.0993    0.2564
   ab_p_p[1,6]   -1.3932   -1.2040   -1.0963   -0.9982   -0.7851
   ab_p_p[2,6]    0.1734    0.3251    0.4106    0.4942    0.6690
   ab_p_p[1,7]   -0.1578    0.0371    0.1487    0.2661    0.4533
   ab_p_p[2,7]   -0.2437   -0.0890   -0.0102    0.0678    0.2243
   ab_p_p[1,8]    0.4256    0.6050    0.7022    0.8126    0.9986
   ab_p_p[2,8]   -0.1355    0.0235    0.1034    0.1843    0.3545
   ab_p_p[1,9]   -0.7652   -0.5456   -0.4497   -0.3481   -0.1675
   ab_p_p[2,9]   -0.5132   -0.3234   -0.2337   -0.1478    0.0204
  ab_p_p[1,10]   -0.6156   -0.4098   -0.3093   -0.2093   -0.0021
  ab_p_p[2,10]   -0.7167   -0.5518   -0.4640   -0.3867   -0.2254
  ab_p_p[1,11]   -0.0283    0.1574    0.2615    0.3663    0.5762
  ab_p_p[2,11]   -1.0377   -0.8697   -0.7865   -0.6941   -0.5336
  ab_p_p[1,12]   -0.3112   -0.1297   -0.0329    0.0617    0.2283
  ab_p_p[2,12]   -0.5901   -0.4342   -0.3511   -0.2699   -0.0990
  ab_p_p[1,13]    0.0154    0.2191    0.3178    0.4165    0.6090
  ab_p_p[2,13]   -0.2062   -0.0407    0.0417    0.1210    0.2722
  ab_p_p[1,14]   -0.0431    0.1351    0.2372    0.3283    0.5274
  ab_p_p[2,14]   -0.1148    0.0420    0.1238    0.2169    0.3867
  ab_p_p[1,15]   -0.5523   -0.3649   -0.2536   -0.1541    0.0542
  ab_p_p[2,15]    0.1424    0.2971    0.3809    0.4662    0.6271
  ab_p_p[1,16]   -0.3323   -0.1346   -0.0385    0.0714    0.2689
  ab_p_p[2,16]   -0.1465    0.0362    0.1164    0.2041    0.3688
  ab_p_p[1,17]   -0.4366   -0.2273   -0.1221   -0.0249    0.1831
  ab_p_p[2,17]    0.0282    0.1687    0.2451    0.3324    0.5027
  ab_p_p[1,18]   -0.6172   -0.4278   -0.3246   -0.2176   -0.0154
  ab_p_p[2,18]   -0.4737   -0.3155   -0.2305   -0.1469    0.0131
  ab_p_p[1,19]    0.1224    0.2904    0.3853    0.4747    0.6813
  ab_p_p[2,19]   -0.5308   -0.3742   -0.2890   -0.2070   -0.0421
  ab_p_p[1,20]   -0.0928    0.0962    0.1994    0.3055    0.5287
  ab_p_p[2,20]   -0.5100   -0.3378   -0.2539   -0.1717   -0.0058
  ab_p_p[1,21]    0.9009    1.0917    1.1969    1.3076    1.5030
  ab_p_p[2,21]   -0.0724    0.0938    0.1816    0.2639    0.4196
  ab_p_p[1,22]   -0.3316   -0.1750   -0.0722    0.0327    0.2424
  ab_p_p[2,22]    0.0136    0.1835    0.2712    0.3576    0.5039
  ab_p_p[1,23]   -0.5240   -0.3082   -0.2144   -0.1041    0.0872
  ab_p_p[2,23]    0.0498    0.2041    0.2900    0.3647    0.5289
  ab_p_p[1,24]   -0.0999    0.0888    0.1893    0.2833    0.4947
  ab_p_p[2,24]   -0.1676   -0.0011    0.0798    0.1597    0.3327
      σ_e_p[1]    0.0157    0.2761    0.6026    1.0450    2.5798
      σ_e_p[2]    0.0098    0.1301    0.2737    0.6762    2.1638
    ρ_e_p[1,1]    1.0000    1.0000    1.0000    1.0000    1.0000
    ρ_e_p[2,1]   -0.8214   -0.3543    0.0307    0.4000    0.8134
    ρ_e_p[1,2]   -0.8214   -0.3543    0.0307    0.4000    0.8134
    ρ_e_p[2,2]    1.0000    1.0000    1.0000    1.0000    1.0000
   ab_e_p[1,1]   -0.2884    0.0446    0.3402    0.5639    1.0108
   ab_e_p[2,1]   -0.3838   -0.0222    0.0469    0.1758    0.6155
        σ_ePNP    4.3992    4.4174    4.4275    4.4395    4.4587
         σ_pNP    4.6821    4.7041    4.7136    4.7247    4.7468

