cpu-bind=MASK - bp1-compute056, task  0  0 [2820768]: mask 0x600000600000 set
Running on host bp1-compute056
Time is Thu Apr 23 22:41:38 BST 2026
Directory is /user/home/em18564/bayesian/BC4/Bayes/wordType_experiments/models/exponentials_grouped_as
Slurm job ID is 16958291
This job runs on the following machines:
bp1-compute056
┌ Warning: Runtime invalidation was disabled, but the CPU info is out-of-date.
│ Will continue with incorrect CPU name (from build time).
└ @ HostCPUFeatures ~/.julia/packages/HostCPUFeatures/ZTXz4/src/cpu_info.jl:71
┌ Warning: Runtime invalidation was disabled, but the CPU info is out-of-date.
│ Will continue with incorrect CPU feature flag: +avx512vnni.
└ @ HostCPUFeatures ~/.julia/packages/HostCPUFeatures/ZTXz4/src/cpu_info.jl:56
┌ Warning: Runtime invalidation was disabled, but the CPU info is out-of-date.
│ Will continue with incorrect CPU feature flag: -rtm.
└ @ HostCPUFeatures ~/.julia/packages/HostCPUFeatures/ZTXz4/src/cpu_info.jl:56
Sampling (4 threads)   0%|                              |  ETA: N/A
┌ Info: Found initial step size
└   ϵ = 0.0015625
┌ Info: Found initial step size
└   ϵ = 0.0015625
┌ Info: Found initial step size
└   ϵ = 0.0001953125
┌ Info: Found initial step size
└   ϵ = 0.0001953125
Sampling (4 threads)   0%|▏                             |  ETA: 2:20:55
Sampling (4 threads)   1%|▎                             |  ETA: 1:10:10
Sampling (4 threads)   2%|▌                             |  ETA: 0:49:04
Sampling (4 threads)   2%|▋                             |  ETA: 0:36:37
Sampling (4 threads)   2%|▊                             |  ETA: 0:31:12
Sampling (4 threads)   3%|▉                             |  ETA: 0:25:52
Sampling (4 threads)   4%|█                             |  ETA: 0:22:03
Sampling (4 threads)   4%|█▎                            |  ETA: 0:31:43
Sampling (4 threads)   4%|█▍                            |  ETA: 0:28:03
Sampling (4 threads)   5%|█▌                            |  ETA: 1:05:26
Sampling (4 threads)   6%|█▋                            |  ETA: 0:59:10
Sampling (4 threads)   6%|█▊                            |  ETA: 0:53:57
Sampling (4 threads)   6%|██                            |  ETA: 0:49:32
Sampling (4 threads)   7%|██▏                           |  ETA: 1:26:55
Sampling (4 threads)   8%|██▎                           |  ETA: 1:20:41
Sampling (4 threads)   8%|██▍                           |  ETA: 1:15:14
Sampling (4 threads)   8%|██▌                           |  ETA: 1:22:07
Sampling (4 threads)   9%|██▊                           |  ETA: 1:17:08
Sampling (4 threads)  10%|██▉                           |  ETA: 1:29:08
Sampling (4 threads)  10%|███                           |  ETA: 1:24:12
Sampling (4 threads)  10%|███▏                          |  ETA: 1:47:13
Sampling (4 threads)  11%|███▎                          |  ETA: 1:41:46
Sampling (4 threads)  12%|███▌                          |  ETA: 1:36:48
Sampling (4 threads)  12%|███▋                          |  ETA: 1:44:59
Sampling (4 threads)  12%|███▊                          |  ETA: 1:40:13
Sampling (4 threads)  13%|███▉                          |  ETA: 1:53:16
Sampling (4 threads)  14%|████                          |  ETA: 1:48:27
Sampling (4 threads)  14%|████▎                         |  ETA: 1:43:58
Sampling (4 threads)  14%|████▍                         |  ETA: 1:51:09
Sampling (4 threads)  15%|████▌                         |  ETA: 1:46:49
Sampling (4 threads)  16%|████▋                         |  ETA: 1:50:52
Sampling (4 threads)  16%|████▊                         |  ETA: 1:46:46
Sampling (4 threads)  16%|█████                         |  ETA: 1:50:22
Sampling (4 threads)  17%|█████▏                        |  ETA: 1:46:28
Sampling (4 threads)  18%|█████▎                        |  ETA: 1:50:43
Sampling (4 threads)  18%|█████▍                        |  ETA: 1:47:00
Sampling (4 threads)  18%|█████▌                        |  ETA: 1:43:28
Sampling (4 threads)  19%|█████▊                        |  ETA: 1:53:08
Sampling (4 threads)  20%|█████▉                        |  ETA: 1:49:33
Sampling (4 threads)  20%|██████                        |  ETA: 1:46:09
Sampling (4 threads)  20%|██████▏                       |  ETA: 1:42:55
Sampling (4 threads)  21%|██████▎                       |  ETA: 1:47:07
Sampling (4 threads)  22%|██████▌                       |  ETA: 1:43:58
Sampling (4 threads)  22%|██████▋                       |  ETA: 1:46:10
Sampling (4 threads)  22%|██████▊                       |  ETA: 1:43:08
Sampling (4 threads)  23%|██████▉                       |  ETA: 1:40:15
Sampling (4 threads)  24%|███████                       |  ETA: 1:44:26
Sampling (4 threads)  24%|███████▎                      |  ETA: 1:41:36
Sampling (4 threads)  24%|███████▍                      |  ETA: 1:38:52
Sampling (4 threads)  25%|███████▌                      |  ETA: 1:44:22
Sampling (4 threads)  26%|███████▋                      |  ETA: 1:41:38
Sampling (4 threads)  26%|███████▊                      |  ETA: 1:39:00
Sampling (4 threads)  26%|████████                      |  ETA: 1:36:29
Sampling (4 threads)  27%|████████▏                     |  ETA: 1:39:17
Sampling (4 threads)  28%|████████▎                     |  ETA: 1:36:49
Sampling (4 threads)  28%|████████▍                     |  ETA: 1:34:26
Sampling (4 threads)  28%|████████▌                     |  ETA: 1:37:24
Sampling (4 threads)  29%|████████▊                     |  ETA: 1:35:03
Sampling (4 threads)  30%|████████▉                     |  ETA: 1:32:47
Sampling (4 threads)  30%|█████████                     |  ETA: 1:37:06
Sampling (4 threads)  30%|█████████▏                    |  ETA: 1:34:50
Sampling (4 threads)  31%|█████████▎                    |  ETA: 1:32:38
Sampling (4 threads)  32%|█████████▌                    |  ETA: 1:35:42
Sampling (4 threads)  32%|█████████▋                    |  ETA: 1:33:31
Sampling (4 threads)  32%|█████████▊                    |  ETA: 1:31:24
Sampling (4 threads)  33%|█████████▉                    |  ETA: 1:32:26
Sampling (4 threads)  34%|██████████                    |  ETA: 1:30:22
Sampling (4 threads)  34%|██████████▎                   |  ETA: 1:33:47
Sampling (4 threads)  34%|██████████▍                   |  ETA: 1:31:43
Sampling (4 threads)  35%|██████████▌                   |  ETA: 1:29:43
Sampling (4 threads)  36%|██████████▋                   |  ETA: 1:27:47
Sampling (4 threads)  36%|██████████▊                   |  ETA: 1:30:30
Sampling (4 threads)  36%|███████████                   |  ETA: 1:28:34
Sampling (4 threads)  37%|███████████▏                  |  ETA: 1:26:41
Sampling (4 threads)  38%|███████████▎                  |  ETA: 1:27:48
Sampling (4 threads)  38%|███████████▍                  |  ETA: 1:25:57
Sampling (4 threads)  38%|███████████▌                  |  ETA: 1:27:22
Sampling (4 threads)  39%|███████████▊                  |  ETA: 1:25:33
Sampling (4 threads)  40%|███████████▉                  |  ETA: 1:25:40
Sampling (4 threads)  40%|████████████                  |  ETA: 1:23:54
Sampling (4 threads)  40%|████████████▏                 |  ETA: 1:24:45
Sampling (4 threads)  41%|████████████▎                 |  ETA: 1:23:00
Sampling (4 threads)  42%|████████████▌                 |  ETA: 1:23:24
Sampling (4 threads)  42%|████████████▋                 |  ETA: 1:21:42
Sampling (4 threads)  42%|████████████▊                 |  ETA: 1:22:22
Sampling (4 threads)  43%|████████████▉                 |  ETA: 1:20:42
Sampling (4 threads)  44%|█████████████                 |  ETA: 1:19:05
Sampling (4 threads)  44%|█████████████▎                |  ETA: 1:20:28
Sampling (4 threads)  44%|█████████████▍                |  ETA: 1:18:51
Sampling (4 threads)  45%|█████████████▌                |  ETA: 1:17:16
Sampling (4 threads)  46%|█████████████▋                |  ETA: 1:18:46
Sampling (4 threads)  46%|█████████████▊                |  ETA: 1:17:12
Sampling (4 threads)  46%|██████████████                |  ETA: 1:15:40
Sampling (4 threads)  47%|██████████████▏               |  ETA: 1:16:49
Sampling (4 threads)  48%|██████████████▎               |  ETA: 1:15:17
Sampling (4 threads)  48%|██████████████▍               |  ETA: 1:16:32
Sampling (4 threads)  48%|██████████████▌               |  ETA: 1:15:01
Sampling (4 threads)  49%|██████████████▊               |  ETA: 1:13:32
Sampling (4 threads)  50%|██████████████▉               |  ETA: 1:12:04
Sampling (4 threads)  50%|███████████████               |  ETA: 1:14:12
Sampling (4 threads)  50%|███████████████▏              |  ETA: 1:12:44
Sampling (4 threads)  51%|███████████████▎              |  ETA: 1:11:18
Sampling (4 threads)  52%|███████████████▌              |  ETA: 1:12:06
Sampling (4 threads)  52%|███████████████▋              |  ETA: 1:10:40
Sampling (4 threads)  52%|███████████████▊              |  ETA: 1:09:16
Sampling (4 threads)  53%|███████████████▉              |  ETA: 1:09:39
Sampling (4 threads)  54%|████████████████              |  ETA: 1:08:16
Sampling (4 threads)  54%|████████████████▎             |  ETA: 1:08:35
Sampling (4 threads)  55%|████████████████▍             |  ETA: 1:07:13
Sampling (4 threads)  55%|████████████████▌             |  ETA: 1:07:20
Sampling (4 threads)  56%|████████████████▋             |  ETA: 1:05:59
Sampling (4 threads)  56%|████████████████▊             |  ETA: 1:04:40
Sampling (4 threads)  56%|█████████████████             |  ETA: 1:05:28
Sampling (4 threads)  57%|█████████████████▏            |  ETA: 1:04:09
Sampling (4 threads)  57%|█████████████████▎            |  ETA: 1:02:51
Sampling (4 threads)  58%|█████████████████▍            |  ETA: 1:03:26
Sampling (4 threads)  58%|█████████████████▌            |  ETA: 1:02:09
Sampling (4 threads)  59%|█████████████████▊            |  ETA: 1:00:53
Sampling (4 threads)  60%|█████████████████▉            |  ETA: 0:59:38
Sampling (4 threads)  60%|██████████████████            |  ETA: 0:59:50
Sampling (4 threads)  60%|██████████████████▏           |  ETA: 0:58:36
Sampling (4 threads)  61%|██████████████████▎           |  ETA: 0:58:19
Sampling (4 threads)  62%|██████████████████▌           |  ETA: 0:57:06
Sampling (4 threads)  62%|██████████████████▋           |  ETA: 0:56:55
Sampling (4 threads)  62%|██████████████████▊           |  ETA: 0:55:43
Sampling (4 threads)  63%|██████████████████▉           |  ETA: 0:55:51
Sampling (4 threads)  64%|███████████████████           |  ETA: 0:54:40
Sampling (4 threads)  64%|███████████████████▎          |  ETA: 0:53:29
Sampling (4 threads)  64%|███████████████████▍          |  ETA: 0:52:20
Sampling (4 threads)  65%|███████████████████▌          |  ETA: 0:52:56
Sampling (4 threads)  66%|███████████████████▋          |  ETA: 0:51:47
Sampling (4 threads)  66%|███████████████████▊          |  ETA: 0:50:39
Sampling (4 threads)  66%|████████████████████          |  ETA: 0:50:56
Sampling (4 threads)  67%|████████████████████▏         |  ETA: 0:49:48
Sampling (4 threads)  68%|████████████████████▎         |  ETA: 0:48:41
Sampling (4 threads)  68%|████████████████████▍         |  ETA: 0:47:35
Sampling (4 threads)  68%|████████████████████▌         |  ETA: 0:47:30
Sampling (4 threads)  69%|████████████████████▊         |  ETA: 0:46:24
Sampling (4 threads)  70%|████████████████████▉         |  ETA: 0:46:03
Sampling (4 threads)  70%|█████████████████████         |  ETA: 0:44:58
Sampling (4 threads)  70%|█████████████████████▏        |  ETA: 0:44:23
Sampling (4 threads)  71%|█████████████████████▎        |  ETA: 0:43:19
Sampling (4 threads)  72%|█████████████████████▌        |  ETA: 0:42:17
Sampling (4 threads)  72%|█████████████████████▋        |  ETA: 0:42:06
Sampling (4 threads)  72%|█████████████████████▊        |  ETA: 0:41:04
Sampling (4 threads)  73%|█████████████████████▉        |  ETA: 0:40:57
Sampling (4 threads)  74%|██████████████████████        |  ETA: 0:39:55
Sampling (4 threads)  74%|██████████████████████▎       |  ETA: 0:38:54
Sampling (4 threads)  74%|██████████████████████▍       |  ETA: 0:37:53
Sampling (4 threads)  75%|██████████████████████▌       |  ETA: 0:37:22
Sampling (4 threads)  76%|██████████████████████▋       |  ETA: 0:36:23
Sampling (4 threads)  76%|██████████████████████▊       |  ETA: 0:36:08
Sampling (4 threads)  76%|███████████████████████       |  ETA: 0:35:09
Sampling (4 threads)  77%|███████████████████████▏      |  ETA: 0:34:10
Sampling (4 threads)  78%|███████████████████████▎      |  ETA: 0:33:49
Sampling (4 threads)  78%|███████████████████████▍      |  ETA: 0:32:51
Sampling (4 threads)  78%|███████████████████████▌      |  ETA: 0:32:30
Sampling (4 threads)  79%|███████████████████████▊      |  ETA: 0:31:33
Sampling (4 threads)  80%|███████████████████████▉      |  ETA: 0:30:36
Sampling (4 threads)  80%|████████████████████████      |  ETA: 0:29:40
Sampling (4 threads)  80%|████████████████████████▏     |  ETA: 0:29:32
Sampling (4 threads)  81%|████████████████████████▎     |  ETA: 0:28:36
Sampling (4 threads)  82%|████████████████████████▌     |  ETA: 0:27:41
Sampling (4 threads)  82%|████████████████████████▋     |  ETA: 0:27:05
Sampling (4 threads)  82%|████████████████████████▊     |  ETA: 0:26:10
Sampling (4 threads)  83%|████████████████████████▉     |  ETA: 0:25:42
Sampling (4 threads)  84%|█████████████████████████     |  ETA: 0:24:47
Sampling (4 threads)  84%|█████████████████████████▎    |  ETA: 0:24:23
Sampling (4 threads)  84%|█████████████████████████▍    |  ETA: 0:23:29
Sampling (4 threads)  85%|█████████████████████████▌    |  ETA: 0:22:35
Sampling (4 threads)  86%|█████████████████████████▋    |  ETA: 0:21:43
Sampling (4 threads)  86%|█████████████████████████▊    |  ETA: 0:21:09
Sampling (4 threads)  86%|██████████████████████████    |  ETA: 0:20:16
Sampling (4 threads)  87%|██████████████████████████▏   |  ETA: 0:19:49
Sampling (4 threads)  88%|██████████████████████████▎   |  ETA: 0:18:57
Sampling (4 threads)  88%|██████████████████████████▍   |  ETA: 0:18:05
Sampling (4 threads)  88%|██████████████████████████▌   |  ETA: 0:17:14
Sampling (4 threads)  89%|██████████████████████████▊   |  ETA: 0:16:40
Sampling (4 threads)  90%|██████████████████████████▉   |  ETA: 0:15:49
Sampling (4 threads)  90%|███████████████████████████   |  ETA: 0:15:10
Sampling (4 threads)  90%|███████████████████████████▏  |  ETA: 0:14:19
Sampling (4 threads)  91%|███████████████████████████▎  |  ETA: 0:13:40
Sampling (4 threads)  92%|███████████████████████████▌  |  ETA: 0:12:50
Sampling (4 threads)  92%|███████████████████████████▋  |  ETA: 0:12:05
Sampling (4 threads)  92%|███████████████████████████▊  |  ETA: 0:11:16
Sampling (4 threads)  93%|███████████████████████████▉  |  ETA: 0:10:28
Sampling (4 threads)  94%|████████████████████████████  |  ETA: 0:09:44
Sampling (4 threads)  94%|████████████████████████████▎ |  ETA: 0:09:01
Sampling (4 threads)  94%|████████████████████████████▍ |  ETA: 0:08:14
Sampling (4 threads)  95%|████████████████████████████▌ |  ETA: 0:07:31
Sampling (4 threads)  96%|████████████████████████████▋ |  ETA: 0:06:48
Sampling (4 threads)  96%|████████████████████████████▊ |  ETA: 0:06:02
Sampling (4 threads)  96%|█████████████████████████████ |  ETA: 0:05:16
Sampling (4 threads)  97%|█████████████████████████████▏|  ETA: 0:04:32
Sampling (4 threads)  98%|█████████████████████████████▎|  ETA: 0:03:47
Sampling (4 threads)  98%|█████████████████████████████▍|  ETA: 0:03:02
Sampling (4 threads)  98%|█████████████████████████████▌|  ETA: 0:02:16
Sampling (4 threads)  99%|█████████████████████████████▊|  ETA: 0:01:31
Sampling (4 threads) 100%|█████████████████████████████▉|  ETA: 0:00:46
Sampling (4 threads) 100%|██████████████████████████████| Time: 2:33:46
Sampling (4 threads) 100%|██████████████████████████████| Time: 2:33:46
┌ Warning: Assignment to `is_waiting` in soft scope is ambiguous because a global variable by the same name exists: `is_waiting` will be treated as a new local. Disambiguate by using `local is_waiting` to suppress this warning or `global is_waiting` to assign to the existing global variable.
└ @ ~/bayesian/BC4/Bayes/wordType_experiments/models/exponentials_grouped_as/model.jl:52
Sampling (4 threads)   0%|                              |  ETA: N/A
┌ Info: Found initial step size
└   ϵ = 0.003125
┌ Info: Found initial step size
└   ϵ = 0.0001953125
┌ Info: Found initial step size
└   ϵ = 0.003125
┌ Info: Found initial step size
└   ϵ = 0.000390625
Sampling (4 threads)   0%|▏                             |  ETA: 2:41:30
Sampling (4 threads)   1%|▎                             |  ETA: 1:20:27
Sampling (4 threads)   2%|▌                             |  ETA: 0:56:43
Sampling (4 threads)   2%|▋                             |  ETA: 0:42:19
Sampling (4 threads)   2%|▊                             |  ETA: 0:33:41
Sampling (4 threads)   3%|▉                             |  ETA: 0:27:55
Sampling (4 threads)   4%|█                             |  ETA: 0:27:05
Sampling (4 threads)   4%|█▎                            |  ETA: 0:23:35
Sampling (4 threads)   4%|█▍                            |  ETA: 0:45:14
Sampling (4 threads)   5%|█▌                            |  ETA: 0:40:30
Sampling (4 threads)   6%|█▋                            |  ETA: 1:01:57
Sampling (4 threads)   6%|█▊                            |  ETA: 0:56:29
Sampling (4 threads)   6%|██                            |  ETA: 1:44:56
Sampling (4 threads)   7%|██▏                           |  ETA: 1:36:55
Sampling (4 threads)   8%|██▎                           |  ETA: 1:29:58
Sampling (4 threads)   8%|██▍                           |  ETA: 2:07:13
Sampling (4 threads)   8%|██▌                           |  ETA: 1:59:05
Sampling (4 threads)   9%|██▊                           |  ETA: 1:51:51
Sampling (4 threads)  10%|██▉                           |  ETA: 1:45:23
Sampling (4 threads)  10%|███                           |  ETA: 2:15:12
Sampling (4 threads)  10%|███▏                          |  ETA: 2:08:03
Sampling (4 threads)  11%|███▎                          |  ETA: 2:28:01
Sampling (4 threads)  12%|███▌                          |  ETA: 2:20:47
Sampling (4 threads)  12%|███▋                          |  ETA: 2:14:09
Sampling (4 threads)  12%|███▊                          |  ETA: 2:08:04
Sampling (4 threads)  13%|███▉                          |  ETA: 2:27:06
Sampling (4 threads)  14%|████                          |  ETA: 2:20:50
Sampling (4 threads)  14%|████▎                         |  ETA: 2:15:01
Sampling (4 threads)  14%|████▍                         |  ETA: 2:25:47
Sampling (4 threads)  15%|████▌                         |  ETA: 2:20:06
Sampling (4 threads)  16%|████▋                         |  ETA: 2:14:47
Sampling (4 threads)  16%|████▊                         |  ETA: 2:26:40
Sampling (4 threads)  16%|█████                         |  ETA: 2:21:22
Sampling (4 threads)  17%|█████▏                        |  ETA: 2:30:32
Sampling (4 threads)  18%|█████▎                        |  ETA: 2:25:21
Sampling (4 threads)  18%|█████▍                        |  ETA: 2:20:28
Sampling (4 threads)  18%|█████▌                        |  ETA: 2:28:36
Sampling (4 threads)  19%|█████▊                        |  ETA: 2:23:48
Sampling (4 threads)  20%|█████▉                        |  ETA: 2:19:15
Sampling (4 threads)  20%|██████                        |  ETA: 2:29:28
Sampling (4 threads)  20%|██████▏                       |  ETA: 2:24:55
Sampling (4 threads)  21%|██████▎                       |  ETA: 2:20:34
Sampling (4 threads)  22%|██████▌                       |  ETA: 2:16:26
Sampling (4 threads)  22%|██████▋                       |  ETA: 2:21:25
Sampling (4 threads)  22%|██████▊                       |  ETA: 2:17:23
Sampling (4 threads)  23%|██████▉                       |  ETA: 2:23:20
Sampling (4 threads)  24%|███████                       |  ETA: 2:19:23
Sampling (4 threads)  24%|███████▎                      |  ETA: 2:15:35
Sampling (4 threads)  24%|███████▍                      |  ETA: 2:18:25
Sampling (4 threads)  25%|███████▌                      |  ETA: 2:14:45
Sampling (4 threads)  26%|███████▋                      |  ETA: 2:21:51
Sampling (4 threads)  26%|███████▊                      |  ETA: 2:18:11
Sampling (4 threads)  26%|████████                      |  ETA: 2:14:40
Sampling (4 threads)  27%|████████▏                     |  ETA: 2:18:16
Sampling (4 threads)  28%|████████▎                     |  ETA: 2:14:49
Sampling (4 threads)  28%|████████▍                     |  ETA: 2:11:30
Sampling (4 threads)  28%|████████▌                     |  ETA: 2:12:19
Sampling (4 threads)  29%|████████▊                     |  ETA: 2:09:08
Sampling (4 threads)  30%|████████▉                     |  ETA: 2:11:15
Sampling (4 threads)  30%|█████████                     |  ETA: 2:08:09
Sampling (4 threads)  30%|█████████▏                    |  ETA: 2:11:00
Sampling (4 threads)  31%|█████████▎                    |  ETA: 2:07:58
Sampling (4 threads)  32%|█████████▌                    |  ETA: 2:05:01
Sampling (4 threads)  32%|█████████▋                    |  ETA: 2:02:10
Sampling (4 threads)  32%|█████████▊                    |  ETA: 2:06:16
Sampling (4 threads)  33%|█████████▉                    |  ETA: 2:03:26
Sampling (4 threads)  34%|██████████                    |  ETA: 2:00:41
Sampling (4 threads)  34%|██████████▎                   |  ETA: 2:05:23
Sampling (4 threads)  34%|██████████▍                   |  ETA: 2:02:38
Sampling (4 threads)  35%|██████████▌                   |  ETA: 1:59:57
Sampling (4 threads)  36%|██████████▋                   |  ETA: 2:01:36
Sampling (4 threads)  36%|██████████▊                   |  ETA: 1:58:59
Sampling (4 threads)  36%|███████████                   |  ETA: 2:00:22
Sampling (4 threads)  37%|███████████▏                  |  ETA: 1:57:49
Sampling (4 threads)  38%|███████████▎                  |  ETA: 1:55:19
Sampling (4 threads)  38%|███████████▍                  |  ETA: 1:58:03
Sampling (4 threads)  38%|███████████▌                  |  ETA: 1:55:35
Sampling (4 threads)  39%|███████████▊                  |  ETA: 1:58:26
Sampling (4 threads)  40%|███████████▉                  |  ETA: 1:55:59
Sampling (4 threads)  40%|████████████                  |  ETA: 1:53:35
Sampling (4 threads)  40%|████████████▏                 |  ETA: 1:51:15
Sampling (4 threads)  41%|████████████▎                 |  ETA: 1:53:08
Sampling (4 threads)  42%|████████████▌                 |  ETA: 1:50:49
Sampling (4 threads)  42%|████████████▋                 |  ETA: 1:51:27
Sampling (4 threads)  42%|████████████▊                 |  ETA: 1:49:11
Sampling (4 threads)  43%|████████████▉                 |  ETA: 1:50:02
Sampling (4 threads)  44%|█████████████                 |  ETA: 1:47:49
Sampling (4 threads)  44%|█████████████▎                |  ETA: 1:45:39
Sampling (4 threads)  44%|█████████████▍                |  ETA: 1:46:26
Sampling (4 threads)  45%|█████████████▌                |  ETA: 1:44:18
Sampling (4 threads)  46%|█████████████▋                |  ETA: 1:44:55
Sampling (4 threads)  46%|█████████████▊                |  ETA: 1:42:50
Sampling (4 threads)  46%|██████████████                |  ETA: 1:42:56
Sampling (4 threads)  47%|██████████████▏               |  ETA: 1:40:53
Sampling (4 threads)  48%|██████████████▎               |  ETA: 1:41:03
Sampling (4 threads)  48%|██████████████▍               |  ETA: 1:39:02
Sampling (4 threads)  48%|██████████████▌               |  ETA: 1:38:52
Sampling (4 threads)  49%|██████████████▊               |  ETA: 1:36:55
Sampling (4 threads)  50%|██████████████▉               |  ETA: 1:38:37
Sampling (4 threads)  50%|███████████████               |  ETA: 1:36:40
Sampling (4 threads)  50%|███████████████▏              |  ETA: 1:34:45
Sampling (4 threads)  51%|███████████████▎              |  ETA: 1:32:53
Sampling (4 threads)  52%|███████████████▌              |  ETA: 1:34:04
Sampling (4 threads)  52%|███████████████▋              |  ETA: 1:32:12
Sampling (4 threads)  52%|███████████████▊              |  ETA: 1:33:07
Sampling (4 threads)  53%|███████████████▉              |  ETA: 1:31:16
Sampling (4 threads)  54%|████████████████              |  ETA: 1:29:27
Sampling (4 threads)  54%|████████████████▎             |  ETA: 1:27:40
Sampling (4 threads)  55%|████████████████▍             |  ETA: 1:29:36
Sampling (4 threads)  55%|████████████████▌             |  ETA: 1:27:48
Sampling (4 threads)  56%|████████████████▋             |  ETA: 1:26:03
Sampling (4 threads)  56%|████████████████▊             |  ETA: 1:26:16
Sampling (4 threads)  56%|█████████████████             |  ETA: 1:24:32
Sampling (4 threads)  57%|█████████████████▏            |  ETA: 1:22:50
Sampling (4 threads)  57%|█████████████████▎            |  ETA: 1:23:07
Sampling (4 threads)  58%|█████████████████▍            |  ETA: 1:21:26
Sampling (4 threads)  58%|█████████████████▌            |  ETA: 1:22:00
Sampling (4 threads)  59%|█████████████████▊            |  ETA: 1:20:20
Sampling (4 threads)  60%|█████████████████▉            |  ETA: 1:18:41
Sampling (4 threads)  60%|██████████████████            |  ETA: 1:19:28
Sampling (4 threads)  60%|██████████████████▏           |  ETA: 1:17:49
Sampling (4 threads)  61%|██████████████████▎           |  ETA: 1:16:12
Sampling (4 threads)  62%|██████████████████▌           |  ETA: 1:15:40
Sampling (4 threads)  62%|██████████████████▋           |  ETA: 1:14:05
Sampling (4 threads)  62%|██████████████████▊           |  ETA: 1:14:36
Sampling (4 threads)  63%|██████████████████▉           |  ETA: 1:13:01
Sampling (4 threads)  64%|███████████████████           |  ETA: 1:11:28
Sampling (4 threads)  64%|███████████████████▎          |  ETA: 1:11:10
Sampling (4 threads)  64%|███████████████████▍          |  ETA: 1:09:38
Sampling (4 threads)  65%|███████████████████▌          |  ETA: 1:08:52
Sampling (4 threads)  66%|███████████████████▋          |  ETA: 1:07:22
Sampling (4 threads)  66%|███████████████████▊          |  ETA: 1:07:15
Sampling (4 threads)  66%|████████████████████          |  ETA: 1:05:46
Sampling (4 threads)  67%|████████████████████▏         |  ETA: 1:04:18
Sampling (4 threads)  68%|████████████████████▎         |  ETA: 1:04:17
Sampling (4 threads)  68%|████████████████████▍         |  ETA: 1:02:50
Sampling (4 threads)  68%|████████████████████▌         |  ETA: 1:01:24
Sampling (4 threads)  69%|████████████████████▊         |  ETA: 1:01:23
Sampling (4 threads)  70%|████████████████████▉         |  ETA: 0:59:58
Sampling (4 threads)  70%|█████████████████████         |  ETA: 0:58:33
Sampling (4 threads)  70%|█████████████████████▏        |  ETA: 0:58:35
Sampling (4 threads)  71%|█████████████████████▎        |  ETA: 0:57:11
Sampling (4 threads)  72%|█████████████████████▌        |  ETA: 0:55:49
Sampling (4 threads)  72%|█████████████████████▋        |  ETA: 0:55:51
Sampling (4 threads)  72%|█████████████████████▊        |  ETA: 0:54:28
Sampling (4 threads)  73%|█████████████████████▉        |  ETA: 0:53:07
Sampling (4 threads)  74%|██████████████████████        |  ETA: 0:52:38
Sampling (4 threads)  74%|██████████████████████▎       |  ETA: 0:51:17
Sampling (4 threads)  74%|██████████████████████▍       |  ETA: 0:50:27
Sampling (4 threads)  75%|██████████████████████▌       |  ETA: 0:49:07
Sampling (4 threads)  76%|██████████████████████▋       |  ETA: 0:48:34
Sampling (4 threads)  76%|██████████████████████▊       |  ETA: 0:47:16
Sampling (4 threads)  76%|███████████████████████       |  ETA: 0:46:40
Sampling (4 threads)  77%|███████████████████████▏      |  ETA: 0:45:23
Sampling (4 threads)  78%|███████████████████████▎      |  ETA: 0:44:45
Sampling (4 threads)  78%|███████████████████████▍      |  ETA: 0:43:29
Sampling (4 threads)  78%|███████████████████████▌      |  ETA: 0:42:13
Sampling (4 threads)  79%|███████████████████████▊      |  ETA: 0:41:29
Sampling (4 threads)  80%|███████████████████████▉      |  ETA: 0:40:14
Sampling (4 threads)  80%|████████████████████████      |  ETA: 0:39:51
Sampling (4 threads)  80%|████████████████████████▏     |  ETA: 0:38:36
Sampling (4 threads)  81%|████████████████████████▎     |  ETA: 0:37:23
Sampling (4 threads)  82%|████████████████████████▌     |  ETA: 0:36:44
Sampling (4 threads)  82%|████████████████████████▋     |  ETA: 0:35:32
Sampling (4 threads)  82%|████████████████████████▊     |  ETA: 0:34:59
Sampling (4 threads)  83%|████████████████████████▉     |  ETA: 0:33:47
Sampling (4 threads)  84%|█████████████████████████     |  ETA: 0:32:35
Sampling (4 threads)  84%|█████████████████████████▎    |  ETA: 0:31:51
Sampling (4 threads)  84%|█████████████████████████▍    |  ETA: 0:30:40
Sampling (4 threads)  85%|█████████████████████████▌    |  ETA: 0:29:55
Sampling (4 threads)  86%|█████████████████████████▋    |  ETA: 0:28:45
Sampling (4 threads)  86%|█████████████████████████▊    |  ETA: 0:27:36
Sampling (4 threads)  86%|██████████████████████████    |  ETA: 0:26:42
Sampling (4 threads)  87%|██████████████████████████▏   |  ETA: 0:25:34
Sampling (4 threads)  88%|██████████████████████████▎   |  ETA: 0:24:54
Sampling (4 threads)  88%|██████████████████████████▍   |  ETA: 0:23:46
Sampling (4 threads)  88%|██████████████████████████▌   |  ETA: 0:22:39
Sampling (4 threads)  89%|██████████████████████████▊   |  ETA: 0:21:48
Sampling (4 threads)  90%|██████████████████████████▉   |  ETA: 0:20:42
Sampling (4 threads)  90%|███████████████████████████   |  ETA: 0:19:55
Sampling (4 threads)  90%|███████████████████████████▏  |  ETA: 0:18:49
Sampling (4 threads)  91%|███████████████████████████▎  |  ETA: 0:17:55
Sampling (4 threads)  92%|███████████████████████████▌  |  ETA: 0:16:50
Sampling (4 threads)  92%|███████████████████████████▋  |  ETA: 0:15:56
Sampling (4 threads)  92%|███████████████████████████▊  |  ETA: 0:14:52
Sampling (4 threads)  93%|███████████████████████████▉  |  ETA: 0:13:48
Sampling (4 threads)  94%|████████████████████████████  |  ETA: 0:12:52
Sampling (4 threads)  94%|████████████████████████████▎ |  ETA: 0:11:48
Sampling (4 threads)  94%|████████████████████████████▍ |  ETA: 0:10:55
Sampling (4 threads)  95%|████████████████████████████▌ |  ETA: 0:09:52
Sampling (4 threads)  96%|████████████████████████████▋ |  ETA: 0:08:50
Sampling (4 threads)  96%|████████████████████████████▊ |  ETA: 0:07:53
Sampling (4 threads)  96%|█████████████████████████████ |  ETA: 0:06:53
Sampling (4 threads)  97%|█████████████████████████████▏|  ETA: 0:05:54
Sampling (4 threads)  98%|█████████████████████████████▎|  ETA: 0:04:55
Sampling (4 threads)  98%|█████████████████████████████▍|  ETA: 0:03:56
Sampling (4 threads)  98%|█████████████████████████████▌|  ETA: 0:02:57
Sampling (4 threads)  99%|█████████████████████████████▊|  ETA: 0:01:58
Sampling (4 threads) 100%|█████████████████████████████▉|  ETA: 0:00:59
Sampling (4 threads) 100%|██████████████████████████████| Time: 3:17:47
Sampling (4 threads) 100%|██████████████████████████████| Time: 3:17:48
┌ Warning: Assignment to `is_waiting` in soft scope is ambiguous because a global variable by the same name exists: `is_waiting` will be treated as a new local. Disambiguate by using `local is_waiting` to suppress this warning or `global is_waiting` to assign to the existing global variable.
└ @ ~/bayesian/BC4/Bayes/wordType_experiments/models/exponentials_grouped_as/model.jl:52
Sampling (4 threads)   0%|                              |  ETA: N/A
┌ Info: Found initial step size
└   ϵ = 0.0001953125
┌ Info: Found initial step size
└   ϵ = 0.003125
┌ Info: Found initial step size
└   ϵ = 0.0015625
┌ Info: Found initial step size
└   ϵ = 0.0015625
Sampling (4 threads)   0%|▏                             |  ETA: 2:47:09
Sampling (4 threads)   1%|▎                             |  ETA: 1:23:14
Sampling (4 threads)   2%|▌                             |  ETA: 0:55:13
Sampling (4 threads)   2%|▋                             |  ETA: 0:42:28
Sampling (4 threads)   2%|▊                             |  ETA: 0:33:48
Sampling (4 threads)   3%|▉                             |  ETA: 0:31:09
Sampling (4 threads)   4%|█                             |  ETA: 0:26:34
Sampling (4 threads)   4%|█▎                            |  ETA: 0:23:08
Sampling (4 threads)   4%|█▍                            |  ETA: 0:20:27
Sampling (4 threads)   5%|█▌                            |  ETA: 0:47:21
Sampling (4 threads)   6%|█▋                            |  ETA: 0:42:50
Sampling (4 threads)   6%|█▊                            |  ETA: 1:11:12
Sampling (4 threads)   6%|██                            |  ETA: 1:05:22
Sampling (4 threads)   7%|██▏                           |  ETA: 1:46:59
Sampling (4 threads)   8%|██▎                           |  ETA: 1:39:19
Sampling (4 threads)   8%|██▍                           |  ETA: 1:32:36
Sampling (4 threads)   8%|██▌                           |  ETA: 2:07:03
Sampling (4 threads)   9%|██▊                           |  ETA: 1:59:20
Sampling (4 threads)  10%|██▉                           |  ETA: 1:52:26
Sampling (4 threads)  10%|███                           |  ETA: 2:22:16
Sampling (4 threads)  10%|███▏                          |  ETA: 2:14:44
Sampling (4 threads)  11%|███▎                          |  ETA: 2:07:54
Sampling (4 threads)  12%|███▌                          |  ETA: 2:22:58
Sampling (4 threads)  12%|███▋                          |  ETA: 2:16:14
Sampling (4 threads)  12%|███▊                          |  ETA: 2:38:23
Sampling (4 threads)  13%|███▉                          |  ETA: 2:31:25
Sampling (4 threads)  14%|████                          |  ETA: 2:24:58
Sampling (4 threads)  14%|████▎                         |  ETA: 2:18:59
Sampling (4 threads)  14%|████▍                         |  ETA: 2:36:11
Sampling (4 threads)  15%|████▌                         |  ETA: 2:30:06
Sampling (4 threads)  16%|████▋                         |  ETA: 2:38:05
Sampling (4 threads)  16%|████▊                         |  ETA: 2:32:14
Sampling (4 threads)  16%|█████                         |  ETA: 2:26:45
Sampling (4 threads)  17%|█████▏                        |  ETA: 2:37:06
Sampling (4 threads)  18%|█████▎                        |  ETA: 2:31:41
Sampling (4 threads)  18%|█████▍                        |  ETA: 2:36:34
Sampling (4 threads)  18%|█████▌                        |  ETA: 2:31:24
Sampling (4 threads)  19%|█████▊                        |  ETA: 2:39:10
Sampling (4 threads)  20%|█████▉                        |  ETA: 2:34:08
Sampling (4 threads)  20%|██████                        |  ETA: 2:29:21
Sampling (4 threads)  20%|██████▏                       |  ETA: 2:24:47
Sampling (4 threads)  21%|██████▎                       |  ETA: 2:33:20
Sampling (4 threads)  22%|██████▌                       |  ETA: 2:28:49
Sampling (4 threads)  22%|██████▋                       |  ETA: 2:24:30
Sampling (4 threads)  22%|██████▊                       |  ETA: 2:33:04
Sampling (4 threads)  23%|██████▉                       |  ETA: 2:28:47
Sampling (4 threads)  24%|███████                       |  ETA: 2:24:40
Sampling (4 threads)  24%|███████▎                      |  ETA: 2:31:21
Sampling (4 threads)  24%|███████▍                      |  ETA: 2:27:17
Sampling (4 threads)  25%|███████▌                      |  ETA: 2:23:23
Sampling (4 threads)  26%|███████▋                      |  ETA: 2:27:41
Sampling (4 threads)  26%|███████▊                      |  ETA: 2:23:52
Sampling (4 threads)  26%|████████                      |  ETA: 2:25:45
Sampling (4 threads)  27%|████████▏                     |  ETA: 2:22:05
Sampling (4 threads)  28%|████████▎                     |  ETA: 2:26:23
Sampling (4 threads)  28%|████████▍                     |  ETA: 2:22:47
Sampling (4 threads)  28%|████████▌                     |  ETA: 2:19:18
Sampling (4 threads)  29%|████████▊                     |  ETA: 2:25:11
Sampling (4 threads)  30%|████████▉                     |  ETA: 2:21:43
Sampling (4 threads)  30%|█████████                     |  ETA: 2:18:22
Sampling (4 threads)  30%|█████████▏                    |  ETA: 2:23:14
Sampling (4 threads)  31%|█████████▎                    |  ETA: 2:19:54
Sampling (4 threads)  32%|█████████▌                    |  ETA: 2:16:41
Sampling (4 threads)  32%|█████████▋                    |  ETA: 2:21:11
Sampling (4 threads)  32%|█████████▊                    |  ETA: 2:17:59
Sampling (4 threads)  33%|█████████▉                    |  ETA: 2:14:54
Sampling (4 threads)  34%|██████████                    |  ETA: 2:11:53
Sampling (4 threads)  34%|██████████▎                   |  ETA: 2:15:32
Sampling (4 threads)  34%|██████████▍                   |  ETA: 2:12:34
Sampling (4 threads)  35%|██████████▌                   |  ETA: 2:09:40
Sampling (4 threads)  36%|██████████▋                   |  ETA: 2:13:52
Sampling (4 threads)  36%|██████████▊                   |  ETA: 2:10:59
Sampling (4 threads)  36%|███████████                   |  ETA: 2:08:11
Sampling (4 threads)  37%|███████████▏                  |  ETA: 2:11:30
Sampling (4 threads)  38%|███████████▎                  |  ETA: 2:08:43
Sampling (4 threads)  38%|███████████▍                  |  ETA: 2:06:00
Sampling (4 threads)  38%|███████████▌                  |  ETA: 2:06:59
Sampling (4 threads)  39%|███████████▊                  |  ETA: 2:04:21
Sampling (4 threads)  40%|███████████▉                  |  ETA: 2:07:27
Sampling (4 threads)  40%|████████████                  |  ETA: 2:04:49
Sampling (4 threads)  40%|████████████▏                 |  ETA: 2:02:15
Sampling (4 threads)  41%|████████████▎                 |  ETA: 1:59:45
Sampling (4 threads)  42%|████████████▌                 |  ETA: 2:02:22
Sampling (4 threads)  42%|████████████▋                 |  ETA: 1:59:52
Sampling (4 threads)  42%|████████████▊                 |  ETA: 2:00:29
Sampling (4 threads)  43%|████████████▉                 |  ETA: 1:58:03
Sampling (4 threads)  44%|█████████████                 |  ETA: 1:59:44
Sampling (4 threads)  44%|█████████████▎                |  ETA: 1:57:20
Sampling (4 threads)  44%|█████████████▍                |  ETA: 1:54:59
Sampling (4 threads)  45%|█████████████▌                |  ETA: 1:52:41
Sampling (4 threads)  46%|█████████████▋                |  ETA: 1:55:11
Sampling (4 threads)  46%|█████████████▊                |  ETA: 1:52:53
Sampling (4 threads)  46%|██████████████                |  ETA: 1:54:24
Sampling (4 threads)  47%|██████████████▏               |  ETA: 1:52:07
Sampling (4 threads)  48%|██████████████▎               |  ETA: 1:49:54
Sampling (4 threads)  48%|██████████████▍               |  ETA: 1:47:43
Sampling (4 threads)  48%|██████████████▌               |  ETA: 1:47:49
Sampling (4 threads)  49%|██████████████▊               |  ETA: 1:45:41
Sampling (4 threads)  50%|██████████████▉               |  ETA: 1:47:24
Sampling (4 threads)  50%|███████████████               |  ETA: 1:45:17
Sampling (4 threads)  50%|███████████████▏              |  ETA: 1:43:12
Sampling (4 threads)  51%|███████████████▎              |  ETA: 1:44:27
Sampling (4 threads)  52%|███████████████▌              |  ETA: 1:42:23
Sampling (4 threads)  52%|███████████████▋              |  ETA: 1:40:21
Sampling (4 threads)  52%|███████████████▊              |  ETA: 1:41:47
Sampling (4 threads)  53%|███████████████▉              |  ETA: 1:39:46
Sampling (4 threads)  54%|████████████████              |  ETA: 1:37:47
Sampling (4 threads)  54%|████████████████▎             |  ETA: 1:39:15
Sampling (4 threads)  55%|████████████████▍             |  ETA: 1:37:16
Sampling (4 threads)  55%|████████████████▌             |  ETA: 1:35:19
Sampling (4 threads)  56%|████████████████▋             |  ETA: 1:35:10
Sampling (4 threads)  56%|████████████████▊             |  ETA: 1:33:15
Sampling (4 threads)  56%|█████████████████             |  ETA: 1:33:00
Sampling (4 threads)  57%|█████████████████▏            |  ETA: 1:31:07
Sampling (4 threads)  57%|█████████████████▎            |  ETA: 1:31:43
Sampling (4 threads)  58%|█████████████████▍            |  ETA: 1:29:51
Sampling (4 threads)  58%|█████████████████▌            |  ETA: 1:28:02
Sampling (4 threads)  59%|█████████████████▊            |  ETA: 1:28:47
Sampling (4 threads)  60%|█████████████████▉            |  ETA: 1:26:57
Sampling (4 threads)  60%|██████████████████            |  ETA: 1:25:10
Sampling (4 threads)  60%|██████████████████▏           |  ETA: 1:25:43
Sampling (4 threads)  61%|██████████████████▎           |  ETA: 1:23:56
Sampling (4 threads)  62%|██████████████████▌           |  ETA: 1:22:11
Sampling (4 threads)  62%|██████████████████▋           |  ETA: 1:20:28
Sampling (4 threads)  62%|██████████████████▊           |  ETA: 1:21:08
Sampling (4 threads)  63%|██████████████████▉           |  ETA: 1:19:25
Sampling (4 threads)  64%|███████████████████           |  ETA: 1:19:33
Sampling (4 threads)  64%|███████████████████▎          |  ETA: 1:17:51
Sampling (4 threads)  64%|███████████████████▍          |  ETA: 1:16:10
Sampling (4 threads)  65%|███████████████████▌          |  ETA: 1:14:31
Sampling (4 threads)  66%|███████████████████▋          |  ETA: 1:14:48
Sampling (4 threads)  66%|███████████████████▊          |  ETA: 1:13:10
Sampling (4 threads)  66%|████████████████████          |  ETA: 1:11:33
Sampling (4 threads)  67%|████████████████████▏         |  ETA: 1:11:44
Sampling (4 threads)  68%|████████████████████▎         |  ETA: 1:10:07
Sampling (4 threads)  68%|████████████████████▍         |  ETA: 1:08:32
Sampling (4 threads)  68%|████████████████████▌         |  ETA: 1:08:45
Sampling (4 threads)  69%|████████████████████▊         |  ETA: 1:07:10
Sampling (4 threads)  70%|████████████████████▉         |  ETA: 1:05:36
Sampling (4 threads)  70%|█████████████████████         |  ETA: 1:05:33
Sampling (4 threads)  70%|█████████████████████▏        |  ETA: 1:04:00
Sampling (4 threads)  71%|█████████████████████▎        |  ETA: 1:02:28
Sampling (4 threads)  72%|█████████████████████▌        |  ETA: 1:01:47
Sampling (4 threads)  72%|█████████████████████▋        |  ETA: 1:00:17
Sampling (4 threads)  72%|█████████████████████▊        |  ETA: 1:00:02
Sampling (4 threads)  73%|█████████████████████▉        |  ETA: 0:58:33
Sampling (4 threads)  74%|██████████████████████        |  ETA: 0:57:04
Sampling (4 threads)  74%|██████████████████████▎       |  ETA: 0:56:58
Sampling (4 threads)  74%|██████████████████████▍       |  ETA: 0:55:30
Sampling (4 threads)  75%|██████████████████████▌       |  ETA: 0:54:03
Sampling (4 threads)  76%|██████████████████████▋       |  ETA: 0:52:37
Sampling (4 threads)  76%|██████████████████████▊       |  ETA: 0:52:23
Sampling (4 threads)  76%|███████████████████████       |  ETA: 0:50:57
Sampling (4 threads)  77%|███████████████████████▏      |  ETA: 0:49:33
Sampling (4 threads)  78%|███████████████████████▎      |  ETA: 0:48:47
Sampling (4 threads)  78%|███████████████████████▍      |  ETA: 0:47:23
Sampling (4 threads)  78%|███████████████████████▌      |  ETA: 0:47:00
Sampling (4 threads)  79%|███████████████████████▊      |  ETA: 0:45:37
Sampling (4 threads)  80%|███████████████████████▉      |  ETA: 0:44:15
Sampling (4 threads)  80%|████████████████████████      |  ETA: 0:43:47
Sampling (4 threads)  80%|████████████████████████▏     |  ETA: 0:42:25
Sampling (4 threads)  81%|████████████████████████▎     |  ETA: 0:41:05
Sampling (4 threads)  82%|████████████████████████▌     |  ETA: 0:40:36
Sampling (4 threads)  82%|████████████████████████▋     |  ETA: 0:39:16
Sampling (4 threads)  82%|████████████████████████▊     |  ETA: 0:37:57
Sampling (4 threads)  83%|████████████████████████▉     |  ETA: 0:37:26
Sampling (4 threads)  84%|█████████████████████████     |  ETA: 0:36:07
Sampling (4 threads)  84%|█████████████████████████▎    |  ETA: 0:34:49
Sampling (4 threads)  84%|█████████████████████████▍    |  ETA: 0:33:56
Sampling (4 threads)  85%|█████████████████████████▌    |  ETA: 0:32:39
Sampling (4 threads)  86%|█████████████████████████▋    |  ETA: 0:31:44
Sampling (4 threads)  86%|█████████████████████████▊    |  ETA: 0:30:28
Sampling (4 threads)  86%|██████████████████████████    |  ETA: 0:29:45
Sampling (4 threads)  87%|██████████████████████████▏   |  ETA: 0:28:29
Sampling (4 threads)  88%|██████████████████████████▎   |  ETA: 0:27:14
Sampling (4 threads)  88%|██████████████████████████▍   |  ETA: 0:26:29
Sampling (4 threads)  88%|██████████████████████████▌   |  ETA: 0:25:14
Sampling (4 threads)  89%|██████████████████████████▊   |  ETA: 0:24:00
Sampling (4 threads)  90%|██████████████████████████▉   |  ETA: 0:22:47
Sampling (4 threads)  90%|███████████████████████████   |  ETA: 0:21:58
Sampling (4 threads)  90%|███████████████████████████▏  |  ETA: 0:20:45
Sampling (4 threads)  91%|███████████████████████████▎  |  ETA: 0:19:46
Sampling (4 threads)  92%|███████████████████████████▌  |  ETA: 0:18:34
Sampling (4 threads)  92%|███████████████████████████▋  |  ETA: 0:17:23
Sampling (4 threads)  92%|███████████████████████████▊  |  ETA: 0:16:15
Sampling (4 threads)  93%|███████████████████████████▉  |  ETA: 0:15:13
Sampling (4 threads)  94%|████████████████████████████  |  ETA: 0:14:08
Sampling (4 threads)  94%|████████████████████████████▎ |  ETA: 0:13:05
Sampling (4 threads)  94%|████████████████████████████▍ |  ETA: 0:12:01
Sampling (4 threads)  95%|████████████████████████████▌ |  ETA: 0:10:57
Sampling (4 threads)  96%|████████████████████████████▋ |  ETA: 0:09:51
Sampling (4 threads)  96%|████████████████████████████▊ |  ETA: 0:08:49
Sampling (4 threads)  96%|█████████████████████████████ |  ETA: 0:07:47
Sampling (4 threads)  97%|█████████████████████████████▏|  ETA: 0:06:43
Sampling (4 threads)  98%|█████████████████████████████▎|  ETA: 0:05:39
Sampling (4 threads)  98%|█████████████████████████████▍|  ETA: 0:04:33
Sampling (4 threads)  98%|█████████████████████████████▌|  ETA: 0:03:26
Sampling (4 threads)  99%|█████████████████████████████▊|  ETA: 0:02:19
Sampling (4 threads) 100%|█████████████████████████████▉|  ETA: 0:01:10
Sampling (4 threads) 100%|██████████████████████████████| Time: 3:54:23
Sampling (4 threads) 100%|██████████████████████████████| Time: 3:54:26
┌ Warning: Assignment to `is_waiting` in soft scope is ambiguous because a global variable by the same name exists: `is_waiting` will be treated as a new local. Disambiguate by using `local is_waiting` to suppress this warning or `global is_waiting` to assign to the existing global variable.
└ @ ~/bayesian/BC4/Bayes/wordType_experiments/models/exponentials_grouped_as/model.jl:52
Sampling (4 threads)   0%|                              |  ETA: N/A
┌ Info: Found initial step size
└   ϵ = 0.0015625
┌ Info: Found initial step size
└   ϵ = 0.00078125
┌ Info: Found initial step size
└   ϵ = 0.003125
┌ Info: Found initial step size
└   ϵ = 0.00078125
Sampling (4 threads)   0%|▏                             |  ETA: 2:55:26
Sampling (4 threads)   1%|▎                             |  ETA: 1:27:23
Sampling (4 threads)   2%|▌                             |  ETA: 0:57:58
Sampling (4 threads)   2%|▋                             |  ETA: 0:46:17
Sampling (4 threads)   2%|▊                             |  ETA: 0:36:50
Sampling (4 threads)   3%|▉                             |  ETA: 1:15:15
Sampling (4 threads)   4%|█                             |  ETA: 1:04:10
Sampling (4 threads)   4%|█▎                            |  ETA: 0:55:51
Sampling (4 threads)   4%|█▍                            |  ETA: 0:49:23
Sampling (4 threads)   5%|█▌                            |  ETA: 1:44:48
Sampling (4 threads)   6%|█▋                            |  ETA: 1:34:46
Sampling (4 threads)   6%|█▊                            |  ETA: 2:13:54
Sampling (4 threads)   6%|██                            |  ETA: 2:02:56
Sampling (4 threads)   7%|██▏                           |  ETA: 1:53:33
Sampling (4 threads)   8%|██▎                           |  ETA: 2:24:51
Sampling (4 threads)   8%|██▍                           |  ETA: 2:15:04
Sampling (4 threads)   8%|██▌                           |  ETA: 2:06:26
Sampling (4 threads)   9%|██▊                           |  ETA: 2:22:11
Sampling (4 threads)  10%|██▉                           |  ETA: 2:13:58
Sampling (4 threads)  10%|███                           |  ETA: 2:41:49
Sampling (4 threads)  10%|███▏                          |  ETA: 2:33:15
Sampling (4 threads)  11%|███▎                          |  ETA: 2:25:28
Sampling (4 threads)  12%|███▌                          |  ETA: 2:50:17
Sampling (4 threads)  12%|███▋                          |  ETA: 2:42:16
Sampling (4 threads)  12%|███▊                          |  ETA: 2:34:54
Sampling (4 threads)  13%|███▉                          |  ETA: 2:44:57
Sampling (4 threads)  14%|████                          |  ETA: 2:37:56
Sampling (4 threads)  14%|████▎                         |  ETA: 2:48:11
Sampling (4 threads)  14%|████▍                         |  ETA: 2:41:27
Sampling (4 threads)  15%|████▌                         |  ETA: 2:35:09
Sampling (4 threads)  16%|████▋                         |  ETA: 2:51:34
Sampling (4 threads)  16%|████▊                         |  ETA: 2:45:14
Sampling (4 threads)  16%|█████                         |  ETA: 2:39:16
Sampling (4 threads)  17%|█████▏                        |  ETA: 2:51:14
Sampling (4 threads)  18%|█████▎                        |  ETA: 2:45:20
Sampling (4 threads)  18%|█████▍                        |  ETA: 2:39:46
Sampling (4 threads)  18%|█████▌                        |  ETA: 2:52:20
Sampling (4 threads)  19%|█████▊                        |  ETA: 2:46:46
Sampling (4 threads)  20%|█████▉                        |  ETA: 2:41:29
Sampling (4 threads)  20%|██████                        |  ETA: 2:45:29
Sampling (4 threads)  20%|██████▏                       |  ETA: 2:40:26
Sampling (4 threads)  21%|██████▎                       |  ETA: 2:44:16
Sampling (4 threads)  22%|██████▌                       |  ETA: 2:39:26
Sampling (4 threads)  22%|██████▋                       |  ETA: 2:34:49
Sampling (4 threads)  22%|██████▊                       |  ETA: 2:39:31
Sampling (4 threads)  23%|██████▉                       |  ETA: 2:35:03
Sampling (4 threads)  24%|███████                       |  ETA: 2:37:52
Sampling (4 threads)  24%|███████▎                      |  ETA: 2:33:34
Sampling (4 threads)  24%|███████▍                      |  ETA: 2:39:11
Sampling (4 threads)  25%|███████▌                      |  ETA: 2:34:58
Sampling (4 threads)  26%|███████▋                      |  ETA: 2:30:55
Sampling (4 threads)  26%|███████▊                      |  ETA: 2:27:01
Sampling (4 threads)  26%|████████                      |  ETA: 2:32:06
Sampling (4 threads)  27%|████████▏                     |  ETA: 2:28:16
Sampling (4 threads)  28%|████████▎                     |  ETA: 2:24:34
Sampling (4 threads)  28%|████████▍                     |  ETA: 2:29:48
Sampling (4 threads)  28%|████████▌                     |  ETA: 2:26:09
Sampling (4 threads)  29%|████████▊                     |  ETA: 2:22:38
Sampling (4 threads)  30%|████████▉                     |  ETA: 2:24:23
Sampling (4 threads)  30%|█████████                     |  ETA: 2:20:58
Sampling (4 threads)  30%|█████████▏                    |  ETA: 2:26:34
Sampling (4 threads)  31%|█████████▎                    |  ETA: 2:23:10
Sampling (4 threads)  32%|█████████▌                    |  ETA: 2:19:52
Sampling (4 threads)  32%|█████████▋                    |  ETA: 2:16:41
Sampling (4 threads)  32%|█████████▊                    |  ETA: 2:21:10
Sampling (4 threads)  33%|█████████▉                    |  ETA: 2:18:00
Sampling (4 threads)  34%|██████████                    |  ETA: 2:14:56
Sampling (4 threads)  34%|██████████▎                   |  ETA: 2:17:51
Sampling (4 threads)  34%|██████████▍                   |  ETA: 2:14:49
Sampling (4 threads)  35%|██████████▌                   |  ETA: 2:18:11
Sampling (4 threads)  36%|██████████▋                   |  ETA: 2:15:12
Sampling (4 threads)  36%|██████████▊                   |  ETA: 2:12:17
Sampling (4 threads)  36%|███████████                   |  ETA: 2:14:13
Sampling (4 threads)  37%|███████████▏                  |  ETA: 2:11:22
Sampling (4 threads)  38%|███████████▎                  |  ETA: 2:14:38
Sampling (4 threads)  38%|███████████▍                  |  ETA: 2:11:48
Sampling (4 threads)  38%|███████████▌                  |  ETA: 2:14:16
Sampling (4 threads)  39%|███████████▊                  |  ETA: 2:11:28
Sampling (4 threads)  40%|███████████▉                  |  ETA: 2:13:49
Sampling (4 threads)  40%|████████████                  |  ETA: 2:11:03
Sampling (4 threads)  40%|████████████▏                 |  ETA: 2:11:14
Sampling (4 threads)  41%|████████████▎                 |  ETA: 2:08:33
Sampling (4 threads)  42%|████████████▌                 |  ETA: 2:09:53
Sampling (4 threads)  42%|████████████▋                 |  ETA: 2:07:14
Sampling (4 threads)  42%|████████████▊                 |  ETA: 2:04:39
Sampling (4 threads)  43%|████████████▉                 |  ETA: 2:06:13
Sampling (4 threads)  44%|█████████████                 |  ETA: 2:03:40
Sampling (4 threads)  44%|█████████████▎                |  ETA: 2:04:41
Sampling (4 threads)  44%|█████████████▍                |  ETA: 2:02:11
Sampling (4 threads)  45%|█████████████▌                |  ETA: 2:03:05
Sampling (4 threads)  46%|█████████████▋                |  ETA: 2:00:37
Sampling (4 threads)  46%|█████████████▊                |  ETA: 2:00:58
Sampling (4 threads)  46%|██████████████                |  ETA: 1:58:33
Sampling (4 threads)  47%|██████████████▏               |  ETA: 1:59:34
Sampling (4 threads)  48%|██████████████▎               |  ETA: 1:57:12
Sampling (4 threads)  48%|██████████████▍               |  ETA: 1:58:07
Sampling (4 threads)  48%|██████████████▌               |  ETA: 1:55:46
Sampling (4 threads)  49%|██████████████▊               |  ETA: 1:55:55
Sampling (4 threads)  50%|██████████████▉               |  ETA: 1:53:37
Sampling (4 threads)  50%|███████████████               |  ETA: 1:53:55
Sampling (4 threads)  50%|███████████████▏              |  ETA: 1:51:40
Sampling (4 threads)  51%|███████████████▎              |  ETA: 1:49:27
Sampling (4 threads)  52%|███████████████▌              |  ETA: 1:50:43
Sampling (4 threads)  52%|███████████████▋              |  ETA: 1:48:31
Sampling (4 threads)  52%|███████████████▊              |  ETA: 1:49:43
Sampling (4 threads)  53%|███████████████▉              |  ETA: 1:47:32
Sampling (4 threads)  54%|████████████████              |  ETA: 1:45:23
Sampling (4 threads)  54%|████████████████▎             |  ETA: 1:45:01
Sampling (4 threads)  55%|████████████████▍             |  ETA: 1:42:55
Sampling (4 threads)  55%|████████████████▌             |  ETA: 1:43:00
Sampling (4 threads)  56%|████████████████▋             |  ETA: 1:40:56
Sampling (4 threads)  56%|████████████████▊             |  ETA: 1:42:41
Sampling (4 threads)  56%|█████████████████             |  ETA: 1:40:37
Sampling (4 threads)  57%|█████████████████▏            |  ETA: 1:38:35
Sampling (4 threads)  57%|█████████████████▎            |  ETA: 1:39:14
Sampling (4 threads)  58%|█████████████████▍            |  ETA: 1:37:13
Sampling (4 threads)  58%|█████████████████▌            |  ETA: 1:37:17
Sampling (4 threads)  59%|█████████████████▊            |  ETA: 1:35:18
Sampling (4 threads)  60%|█████████████████▉            |  ETA: 1:36:31
Sampling (4 threads)  60%|██████████████████            |  ETA: 1:34:32
Sampling (4 threads)  60%|██████████████████▏           |  ETA: 1:32:35
Sampling (4 threads)  61%|██████████████████▎           |  ETA: 1:30:39
Sampling (4 threads)  62%|██████████████████▌           |  ETA: 1:32:15
Sampling (4 threads)  62%|██████████████████▋           |  ETA: 1:30:19
Sampling (4 threads)  62%|██████████████████▊           |  ETA: 1:28:25
Sampling (4 threads)  63%|██████████████████▉           |  ETA: 1:29:19
Sampling (4 threads)  64%|███████████████████           |  ETA: 1:27:25
Sampling (4 threads)  64%|███████████████████▎          |  ETA: 1:25:33
Sampling (4 threads)  64%|███████████████████▍          |  ETA: 1:25:33
Sampling (4 threads)  65%|███████████████████▌          |  ETA: 1:23:42
Sampling (4 threads)  66%|███████████████████▋          |  ETA: 1:23:05
Sampling (4 threads)  66%|███████████████████▊          |  ETA: 1:21:15
Sampling (4 threads)  66%|████████████████████          |  ETA: 1:21:20
Sampling (4 threads)  67%|████████████████████▏         |  ETA: 1:19:31
Sampling (4 threads)  68%|████████████████████▎         |  ETA: 1:17:44
Sampling (4 threads)  68%|████████████████████▍         |  ETA: 1:17:22
Sampling (4 threads)  68%|████████████████████▌         |  ETA: 1:15:36
Sampling (4 threads)  69%|████████████████████▊         |  ETA: 1:15:09
Sampling (4 threads)  70%|████████████████████▉         |  ETA: 1:13:25
Sampling (4 threads)  70%|█████████████████████         |  ETA: 1:11:41
Sampling (4 threads)  70%|█████████████████████▏        |  ETA: 1:11:19
Sampling (4 threads)  71%|█████████████████████▎        |  ETA: 1:09:37
Sampling (4 threads)  72%|█████████████████████▌        |  ETA: 1:09:08
Sampling (4 threads)  72%|█████████████████████▋        |  ETA: 1:07:27
Sampling (4 threads)  72%|█████████████████████▊        |  ETA: 1:05:47
Sampling (4 threads)  73%|█████████████████████▉        |  ETA: 1:05:09
Sampling (4 threads)  74%|██████████████████████        |  ETA: 1:03:31
Sampling (4 threads)  74%|██████████████████████▎       |  ETA: 1:02:29
Sampling (4 threads)  74%|██████████████████████▍       |  ETA: 1:00:52
Sampling (4 threads)  75%|██████████████████████▌       |  ETA: 1:00:48
Sampling (4 threads)  76%|██████████████████████▋       |  ETA: 0:59:11
Sampling (4 threads)  76%|██████████████████████▊       |  ETA: 0:57:36
Sampling (4 threads)  76%|███████████████████████       |  ETA: 0:57:33
Sampling (4 threads)  77%|███████████████████████▏      |  ETA: 0:55:58
Sampling (4 threads)  78%|███████████████████████▎      |  ETA: 0:54:23
Sampling (4 threads)  78%|███████████████████████▍      |  ETA: 0:54:14
Sampling (4 threads)  78%|███████████████████████▌      |  ETA: 0:52:39
Sampling (4 threads)  79%|███████████████████████▊      |  ETA: 0:51:59
Sampling (4 threads)  80%|███████████████████████▉      |  ETA: 0:50:25
Sampling (4 threads)  80%|████████████████████████      |  ETA: 0:48:53
Sampling (4 threads)  80%|████████████████████████▏     |  ETA: 0:48:08
Sampling (4 threads)  81%|████████████████████████▎     |  ETA: 0:46:36
Sampling (4 threads)  82%|████████████████████████▌     |  ETA: 0:45:06
Sampling (4 threads)  82%|████████████████████████▋     |  ETA: 0:44:25
Sampling (4 threads)  82%|████████████████████████▊     |  ETA: 0:42:55
Sampling (4 threads)  83%|████████████████████████▉     |  ETA: 0:41:59
Sampling (4 threads)  84%|█████████████████████████     |  ETA: 0:40:30
Sampling (4 threads)  84%|█████████████████████████▎    |  ETA: 0:39:03
Sampling (4 threads)  84%|█████████████████████████▍    |  ETA: 0:38:13
Sampling (4 threads)  85%|█████████████████████████▌    |  ETA: 0:36:46
Sampling (4 threads)  86%|█████████████████████████▋    |  ETA: 0:35:44
Sampling (4 threads)  86%|█████████████████████████▊    |  ETA: 0:34:18
Sampling (4 threads)  86%|██████████████████████████    |  ETA: 0:33:33
Sampling (4 threads)  87%|██████████████████████████▏   |  ETA: 0:32:07
Sampling (4 threads)  88%|██████████████████████████▎   |  ETA: 0:30:43
Sampling (4 threads)  88%|██████████████████████████▍   |  ETA: 0:29:53
Sampling (4 threads)  88%|██████████████████████████▌   |  ETA: 0:28:28
Sampling (4 threads)  89%|██████████████████████████▊   |  ETA: 0:27:05
Sampling (4 threads)  90%|██████████████████████████▉   |  ETA: 0:25:42
Sampling (4 threads)  90%|███████████████████████████   |  ETA: 0:24:35
Sampling (4 threads)  90%|███████████████████████████▏  |  ETA: 0:23:25
Sampling (4 threads)  91%|███████████████████████████▎  |  ETA: 0:22:08
Sampling (4 threads)  92%|███████████████████████████▌  |  ETA: 0:20:55
Sampling (4 threads)  92%|███████████████████████████▋  |  ETA: 0:19:48
Sampling (4 threads)  92%|███████████████████████████▊  |  ETA: 0:18:32
Sampling (4 threads)  93%|███████████████████████████▉  |  ETA: 0:17:18
Sampling (4 threads)  94%|████████████████████████████  |  ETA: 0:16:07
Sampling (4 threads)  94%|████████████████████████████▎ |  ETA: 0:14:56
Sampling (4 threads)  94%|████████████████████████████▍ |  ETA: 0:13:38
Sampling (4 threads)  95%|████████████████████████████▌ |  ETA: 0:12:27
Sampling (4 threads)  96%|████████████████████████████▋ |  ETA: 0:11:12
Sampling (4 threads)  96%|████████████████████████████▊ |  ETA: 0:09:58
Sampling (4 threads)  96%|█████████████████████████████ |  ETA: 0:08:43
Sampling (4 threads)  97%|█████████████████████████████▏|  ETA: 0:07:29
Sampling (4 threads)  98%|█████████████████████████████▎|  ETA: 0:06:15
Sampling (4 threads)  98%|█████████████████████████████▍|  ETA: 0:04:59
Sampling (4 threads)  98%|█████████████████████████████▌|  ETA: 0:03:45
Sampling (4 threads)  99%|█████████████████████████████▊|  ETA: 0:02:31
Sampling (4 threads) 100%|█████████████████████████████▉|  ETA: 0:01:15
Sampling (4 threads) 100%|██████████████████████████████| Time: 4:11:58
Sampling (4 threads) 100%|██████████████████████████████| Time: 4:11:58
┌ Warning: Assignment to `is_waiting` in soft scope is ambiguous because a global variable by the same name exists: `is_waiting` will be treated as a new local. Disambiguate by using `local is_waiting` to suppress this warning or `global is_waiting` to assign to the existing global variable.
└ @ ~/bayesian/BC4/Bayes/wordType_experiments/models/exponentials_grouped_as/model.jl:52
ERROR: LoadError: ArgumentError: column name :ab_w[1, 1] not found in the data frame
Stacktrace:
 [1] lookupname
   @ ~/.julia/packages/DataFrames/b4w9K/src/other/index.jl:431 [inlined]
 [2] getindex
   @ ~/.julia/packages/DataFrames/b4w9K/src/other/index.jl:440 [inlined]
 [3] getindex
   @ ~/.julia/packages/DataFrames/b4w9K/src/other/index.jl:441 [inlined]
 [4] getindex(df::DataFrame, ::Colon, col_ind::String)
   @ DataFrames ~/.julia/packages/DataFrames/b4w9K/src/dataframe/dataframe.jl:543
 [5] plotGraphs(outputDir::String, wordTypes::Vector{String}, cols::Vector{String})
   @ Main ~/bayesian/BC4/Bayes/wordType_experiments/plottingFuncs.jl:190
 [6] top-level scope
   @ ~/bayesian/BC4/Bayes/wordType_experiments/models/exponentials_grouped_as/model.jl:51
in expression starting at /user/home/em18564/bayesian/BC4/Bayes/wordType_experiments/models/exponentials_grouped_as/model.jl:46
