cpu-bind=MASK - bp1-compute122, task  0  0 [1976943]: mask 0x2800002800 set
cpu-bind=MASK - bp1-compute122, task  0  0 [1976944]: mask 0x28000028000 set
Running on host bp1-compute122
Time is Thu Apr 23 22:51:51 BST 2026
Directory is /user/home/em18564/bayesian/BC4/Bayes/wordType_experiments/models/halfNorms_widerThet
Slurm job ID is 16958397
This job runs on the following machines:
Running on host bp1-compute122
Time is Thu Apr 23 22:51:51 BST 2026
Directory is /user/home/em18564/bayesian/BC4/Bayes/wordType_experiments/models/halfNorms_widerThet
Slurm job ID is 16958313
This job runs on the following machines:
bp1-compute122
bp1-compute122
┌ Warning: Runtime invalidation was disabled, but the CPU info is out-of-date.
│ Will continue with incorrect CPU name (from build time).
└ @ HostCPUFeatures ~/.julia/packages/HostCPUFeatures/ZTXz4/src/cpu_info.jl:71
┌ Warning: Runtime invalidation was disabled, but the CPU info is out-of-date.
│ Will continue with incorrect CPU feature flag: +avx512vnni.
└ @ HostCPUFeatures ~/.julia/packages/HostCPUFeatures/ZTXz4/src/cpu_info.jl:56
┌ Warning: Runtime invalidation was disabled, but the CPU info is out-of-date.
│ Will continue with incorrect CPU feature flag: -rtm.
└ @ HostCPUFeatures ~/.julia/packages/HostCPUFeatures/ZTXz4/src/cpu_info.jl:56
ERROR: LoadError: IOError: mkdir("output_FullCF_23_1931"; mode=0o777): file already exists (EEXIST)
Stacktrace:
 [1] uv_error
   @ ./libuv.jl:100 [inlined]
 [2] mkdir(path::String; mode::UInt16)
   @ Base.Filesystem ./file.jl:185
 [3] mkdir(path::String)
   @ Base.Filesystem ./file.jl:177
 [4] top-level scope
   @ ~/bayesian/BC4/Bayes/wordType_experiments/models/halfNorms_widerThet/model.jl:38
in expression starting at /user/home/em18564/bayesian/BC4/Bayes/wordType_experiments/models/halfNorms_widerThet/model.jl:37
┌ Warning: Runtime invalidation was disabled, but the CPU info is out-of-date.
│ Will continue with incorrect CPU name (from build time).
└ @ HostCPUFeatures ~/.julia/packages/HostCPUFeatures/ZTXz4/src/cpu_info.jl:71
┌ Warning: Runtime invalidation was disabled, but the CPU info is out-of-date.
│ Will continue with incorrect CPU feature flag: +avx512vnni.
└ @ HostCPUFeatures ~/.julia/packages/HostCPUFeatures/ZTXz4/src/cpu_info.jl:56
┌ Warning: Runtime invalidation was disabled, but the CPU info is out-of-date.
│ Will continue with incorrect CPU feature flag: -rtm.
└ @ HostCPUFeatures ~/.julia/packages/HostCPUFeatures/ZTXz4/src/cpu_info.jl:56
Sampling (4 threads)   0%|                              |  ETA: N/A
┌ Info: Found initial step size
└   ϵ = 0.000390625
┌ Info: Found initial step size
└   ϵ = 0.003125
┌ Info: Found initial step size
└   ϵ = 0.000390625
┌ Info: Found initial step size
└   ϵ = 0.0015625
Sampling (4 threads)   0%|▏                             |  ETA: 2:22:24
Sampling (4 threads)   1%|▎                             |  ETA: 1:10:54
Sampling (4 threads)   2%|▌                             |  ETA: 0:47:02
Sampling (4 threads)   2%|▋                             |  ETA: 0:38:09
Sampling (4 threads)   2%|▊                             |  ETA: 0:30:22
Sampling (4 threads)   3%|▉                             |  ETA: 0:25:11
Sampling (4 threads)   4%|█                             |  ETA: 0:27:16
Sampling (4 threads)   4%|█▎                            |  ETA: 0:23:44
Sampling (4 threads)   4%|█▍                            |  ETA: 0:29:34
Sampling (4 threads)   5%|█▌                            |  ETA: 0:26:28
Sampling (4 threads)   6%|█▋                            |  ETA: 0:48:02
Sampling (4 threads)   6%|█▊                            |  ETA: 0:43:47
Sampling (4 threads)   6%|██                            |  ETA: 0:40:12
Sampling (4 threads)   7%|██▏                           |  ETA: 1:21:49
Sampling (4 threads)   8%|██▎                           |  ETA: 1:15:57
Sampling (4 threads)   8%|██▍                           |  ETA: 1:10:49
Sampling (4 threads)   8%|██▌                           |  ETA: 1:39:53
Sampling (4 threads)   9%|██▊                           |  ETA: 1:33:49
Sampling (4 threads)  10%|██▉                           |  ETA: 1:28:23
Sampling (4 threads)  10%|███                           |  ETA: 1:51:42
Sampling (4 threads)  10%|███▏                          |  ETA: 1:45:47
Sampling (4 threads)  11%|███▎                          |  ETA: 1:40:25
Sampling (4 threads)  12%|███▌                          |  ETA: 2:00:23
Sampling (4 threads)  12%|███▋                          |  ETA: 1:54:43
Sampling (4 threads)  12%|███▊                          |  ETA: 1:49:30
Sampling (4 threads)  13%|███▉                          |  ETA: 2:05:42
Sampling (4 threads)  14%|████                          |  ETA: 2:00:21
Sampling (4 threads)  14%|████▎                         |  ETA: 1:55:23
Sampling (4 threads)  14%|████▍                         |  ETA: 1:50:45
Sampling (4 threads)  15%|████▌                         |  ETA: 2:03:58
Sampling (4 threads)  16%|████▋                         |  ETA: 1:59:15
Sampling (4 threads)  16%|████▊                         |  ETA: 1:54:51
Sampling (4 threads)  16%|█████                         |  ETA: 2:07:29
Sampling (4 threads)  17%|█████▏                        |  ETA: 2:03:00
Sampling (4 threads)  18%|█████▎                        |  ETA: 1:58:46
Sampling (4 threads)  18%|█████▍                        |  ETA: 2:08:42
Sampling (4 threads)  18%|█████▌                        |  ETA: 2:04:27
Sampling (4 threads)  19%|█████▊                        |  ETA: 2:00:26
Sampling (4 threads)  20%|█████▉                        |  ETA: 2:09:31
Sampling (4 threads)  20%|██████                        |  ETA: 2:05:30
Sampling (4 threads)  20%|██████▏                       |  ETA: 2:01:40
Sampling (4 threads)  21%|██████▎                       |  ETA: 2:03:29
Sampling (4 threads)  22%|██████▌                       |  ETA: 1:59:51
Sampling (4 threads)  22%|██████▋                       |  ETA: 2:06:35
Sampling (4 threads)  22%|██████▊                       |  ETA: 2:02:58
Sampling (4 threads)  23%|██████▉                       |  ETA: 1:59:31
Sampling (4 threads)  24%|███████                       |  ETA: 2:02:22
Sampling (4 threads)  24%|███████▎                      |  ETA: 1:59:02
Sampling (4 threads)  24%|███████▍                      |  ETA: 2:02:57
Sampling (4 threads)  25%|███████▌                      |  ETA: 1:59:41
Sampling (4 threads)  26%|███████▋                      |  ETA: 1:56:34
Sampling (4 threads)  26%|███████▊                      |  ETA: 1:59:20
Sampling (4 threads)  26%|████████                      |  ETA: 1:56:17
Sampling (4 threads)  27%|████████▏                     |  ETA: 1:57:13
Sampling (4 threads)  28%|████████▎                     |  ETA: 1:54:18
Sampling (4 threads)  28%|████████▍                     |  ETA: 1:56:19
Sampling (4 threads)  28%|████████▌                     |  ETA: 1:53:29
Sampling (4 threads)  29%|████████▊                     |  ETA: 1:54:12
Sampling (4 threads)  30%|████████▉                     |  ETA: 1:51:28
Sampling (4 threads)  30%|█████████                     |  ETA: 1:53:10
Sampling (4 threads)  30%|█████████▏                    |  ETA: 1:50:31
Sampling (4 threads)  31%|█████████▎                    |  ETA: 1:54:05
Sampling (4 threads)  32%|█████████▌                    |  ETA: 1:51:28
Sampling (4 threads)  32%|█████████▋                    |  ETA: 1:48:55
Sampling (4 threads)  32%|█████████▊                    |  ETA: 1:46:28
Sampling (4 threads)  33%|█████████▉                    |  ETA: 1:50:46
Sampling (4 threads)  34%|██████████                    |  ETA: 1:48:18
Sampling (4 threads)  34%|██████████▎                   |  ETA: 1:45:55
Sampling (4 threads)  34%|██████████▍                   |  ETA: 1:49:53
Sampling (4 threads)  35%|██████████▌                   |  ETA: 1:47:29
Sampling (4 threads)  36%|██████████▋                   |  ETA: 1:45:10
Sampling (4 threads)  36%|██████████▊                   |  ETA: 1:42:54
Sampling (4 threads)  36%|███████████                   |  ETA: 1:43:59
Sampling (4 threads)  37%|███████████▏                  |  ETA: 1:41:46
Sampling (4 threads)  38%|███████████▎                  |  ETA: 1:44:10
Sampling (4 threads)  38%|███████████▍                  |  ETA: 1:41:58
Sampling (4 threads)  38%|███████████▌                  |  ETA: 1:42:45
Sampling (4 threads)  39%|███████████▊                  |  ETA: 1:40:36
Sampling (4 threads)  40%|███████████▉                  |  ETA: 1:41:17
Sampling (4 threads)  40%|████████████                  |  ETA: 1:39:12
Sampling (4 threads)  40%|████████████▏                 |  ETA: 1:39:53
Sampling (4 threads)  41%|████████████▎                 |  ETA: 1:37:50
Sampling (4 threads)  42%|████████████▌                 |  ETA: 1:37:49
Sampling (4 threads)  42%|████████████▋                 |  ETA: 1:35:50
Sampling (4 threads)  42%|████████████▊                 |  ETA: 1:36:27
Sampling (4 threads)  43%|████████████▉                 |  ETA: 1:34:30
Sampling (4 threads)  44%|█████████████                 |  ETA: 1:35:03
Sampling (4 threads)  44%|█████████████▎                |  ETA: 1:33:08
Sampling (4 threads)  44%|█████████████▍                |  ETA: 1:33:37
Sampling (4 threads)  45%|█████████████▌                |  ETA: 1:31:45
Sampling (4 threads)  46%|█████████████▋                |  ETA: 1:31:35
Sampling (4 threads)  46%|█████████████▊                |  ETA: 1:29:45
Sampling (4 threads)  46%|██████████████                |  ETA: 1:30:04
Sampling (4 threads)  47%|██████████████▏               |  ETA: 1:28:17
Sampling (4 threads)  48%|██████████████▎               |  ETA: 1:28:31
Sampling (4 threads)  48%|██████████████▍               |  ETA: 1:26:46
Sampling (4 threads)  48%|██████████████▌               |  ETA: 1:26:58
Sampling (4 threads)  49%|██████████████▊               |  ETA: 1:25:15
Sampling (4 threads)  50%|██████████████▉               |  ETA: 1:26:29
Sampling (4 threads)  50%|███████████████               |  ETA: 1:24:46
Sampling (4 threads)  50%|███████████████▏              |  ETA: 1:23:05
Sampling (4 threads)  51%|███████████████▎              |  ETA: 1:21:26
Sampling (4 threads)  52%|███████████████▌              |  ETA: 1:23:04
Sampling (4 threads)  52%|███████████████▋              |  ETA: 1:21:25
Sampling (4 threads)  52%|███████████████▊              |  ETA: 1:19:48
Sampling (4 threads)  53%|███████████████▉              |  ETA: 1:20:56
Sampling (4 threads)  54%|████████████████              |  ETA: 1:19:19
Sampling (4 threads)  54%|████████████████▎             |  ETA: 1:17:45
Sampling (4 threads)  55%|████████████████▍             |  ETA: 1:17:44
Sampling (4 threads)  55%|████████████████▌             |  ETA: 1:16:10
Sampling (4 threads)  56%|████████████████▋             |  ETA: 1:16:55
Sampling (4 threads)  56%|████████████████▊             |  ETA: 1:15:22
Sampling (4 threads)  56%|█████████████████             |  ETA: 1:13:51
Sampling (4 threads)  57%|█████████████████▏            |  ETA: 1:14:46
Sampling (4 threads)  57%|█████████████████▎            |  ETA: 1:13:15
Sampling (4 threads)  58%|█████████████████▍            |  ETA: 1:11:46
Sampling (4 threads)  58%|█████████████████▌            |  ETA: 1:10:18
Sampling (4 threads)  59%|█████████████████▊            |  ETA: 1:11:05
Sampling (4 threads)  60%|█████████████████▉            |  ETA: 1:09:38
Sampling (4 threads)  60%|██████████████████            |  ETA: 1:09:27
Sampling (4 threads)  60%|██████████████████▏           |  ETA: 1:08:00
Sampling (4 threads)  61%|██████████████████▎           |  ETA: 1:07:46
Sampling (4 threads)  62%|██████████████████▌           |  ETA: 1:06:21
Sampling (4 threads)  62%|██████████████████▋           |  ETA: 1:04:58
Sampling (4 threads)  62%|██████████████████▊           |  ETA: 1:04:42
Sampling (4 threads)  63%|██████████████████▉           |  ETA: 1:03:20
Sampling (4 threads)  64%|███████████████████           |  ETA: 1:03:37
Sampling (4 threads)  64%|███████████████████▎          |  ETA: 1:02:16
Sampling (4 threads)  64%|███████████████████▍          |  ETA: 1:00:55
Sampling (4 threads)  65%|███████████████████▌          |  ETA: 1:00:37
Sampling (4 threads)  66%|███████████████████▋          |  ETA: 0:59:17
Sampling (4 threads)  66%|███████████████████▊          |  ETA: 0:58:58
Sampling (4 threads)  66%|████████████████████          |  ETA: 0:57:40
Sampling (4 threads)  67%|████████████████████▏         |  ETA: 0:57:56
Sampling (4 threads)  68%|████████████████████▎         |  ETA: 0:56:38
Sampling (4 threads)  68%|████████████████████▍         |  ETA: 0:55:21
Sampling (4 threads)  68%|████████████████████▌         |  ETA: 0:54:06
Sampling (4 threads)  69%|████████████████████▊         |  ETA: 0:54:23
Sampling (4 threads)  70%|████████████████████▉         |  ETA: 0:53:08
Sampling (4 threads)  70%|█████████████████████         |  ETA: 0:51:53
Sampling (4 threads)  70%|█████████████████████▏        |  ETA: 0:51:32
Sampling (4 threads)  71%|█████████████████████▎        |  ETA: 0:50:19
Sampling (4 threads)  72%|█████████████████████▌        |  ETA: 0:49:51
Sampling (4 threads)  72%|█████████████████████▋        |  ETA: 0:48:38
Sampling (4 threads)  72%|█████████████████████▊        |  ETA: 0:47:59
Sampling (4 threads)  73%|█████████████████████▉        |  ETA: 0:46:47
Sampling (4 threads)  74%|██████████████████████        |  ETA: 0:46:17
Sampling (4 threads)  74%|██████████████████████▎       |  ETA: 0:45:07
Sampling (4 threads)  74%|██████████████████████▍       |  ETA: 0:44:35
Sampling (4 threads)  75%|██████████████████████▌       |  ETA: 0:43:25
Sampling (4 threads)  76%|██████████████████████▋       |  ETA: 0:42:53
Sampling (4 threads)  76%|██████████████████████▊       |  ETA: 0:41:44
Sampling (4 threads)  76%|███████████████████████       |  ETA: 0:41:27
Sampling (4 threads)  77%|███████████████████████▏      |  ETA: 0:40:18
Sampling (4 threads)  78%|███████████████████████▎      |  ETA: 0:39:10
Sampling (4 threads)  78%|███████████████████████▍      |  ETA: 0:38:55
Sampling (4 threads)  78%|███████████████████████▌      |  ETA: 0:37:48
Sampling (4 threads)  79%|███████████████████████▊      |  ETA: 0:36:41
Sampling (4 threads)  80%|███████████████████████▉      |  ETA: 0:36:04
Sampling (4 threads)  80%|████████████████████████      |  ETA: 0:34:58
Sampling (4 threads)  80%|████████████████████████▏     |  ETA: 0:33:53
Sampling (4 threads)  81%|████████████████████████▎     |  ETA: 0:33:28
Sampling (4 threads)  82%|████████████████████████▌     |  ETA: 0:32:23
Sampling (4 threads)  82%|████████████████████████▋     |  ETA: 0:31:44
Sampling (4 threads)  82%|████████████████████████▊     |  ETA: 0:30:40
Sampling (4 threads)  83%|████████████████████████▉     |  ETA: 0:29:59
Sampling (4 threads)  84%|█████████████████████████     |  ETA: 0:28:56
Sampling (4 threads)  84%|█████████████████████████▎    |  ETA: 0:27:53
Sampling (4 threads)  84%|█████████████████████████▍    |  ETA: 0:27:23
Sampling (4 threads)  85%|█████████████████████████▌    |  ETA: 0:26:20
Sampling (4 threads)  86%|█████████████████████████▋    |  ETA: 0:25:19
Sampling (4 threads)  86%|█████████████████████████▊    |  ETA: 0:24:47
Sampling (4 threads)  86%|██████████████████████████    |  ETA: 0:23:46
Sampling (4 threads)  87%|██████████████████████████▏   |  ETA: 0:22:45
Sampling (4 threads)  88%|██████████████████████████▎   |  ETA: 0:22:10
Sampling (4 threads)  88%|██████████████████████████▍   |  ETA: 0:21:09
Sampling (4 threads)  88%|██████████████████████████▌   |  ETA: 0:20:10
Sampling (4 threads)  89%|██████████████████████████▊   |  ETA: 0:19:25
Sampling (4 threads)  90%|██████████████████████████▉   |  ETA: 0:18:25
Sampling (4 threads)  90%|███████████████████████████   |  ETA: 0:17:47
Sampling (4 threads)  90%|███████████████████████████▏  |  ETA: 0:16:48
Sampling (4 threads)  91%|███████████████████████████▎  |  ETA: 0:15:50
Sampling (4 threads)  92%|███████████████████████████▌  |  ETA: 0:14:53
Sampling (4 threads)  92%|███████████████████████████▋  |  ETA: 0:14:04
Sampling (4 threads)  92%|███████████████████████████▊  |  ETA: 0:13:13
Sampling (4 threads)  93%|███████████████████████████▉  |  ETA: 0:12:21
Sampling (4 threads)  94%|████████████████████████████  |  ETA: 0:11:27
Sampling (4 threads)  94%|████████████████████████████▎ |  ETA: 0:10:36
Sampling (4 threads)  94%|████████████████████████████▍ |  ETA: 0:09:44
Sampling (4 threads)  95%|████████████████████████████▌ |  ETA: 0:08:51
Sampling (4 threads)  96%|████████████████████████████▋ |  ETA: 0:07:58
Sampling (4 threads)  96%|████████████████████████████▊ |  ETA: 0:07:06
Sampling (4 threads)  96%|█████████████████████████████ |  ETA: 0:06:12
Sampling (4 threads)  97%|█████████████████████████████▏|  ETA: 0:05:20
Sampling (4 threads)  98%|█████████████████████████████▎|  ETA: 0:04:27
Sampling (4 threads)  98%|█████████████████████████████▍|  ETA: 0:03:33
Sampling (4 threads)  98%|█████████████████████████████▌|  ETA: 0:02:40
Sampling (4 threads)  99%|█████████████████████████████▊|  ETA: 0:01:47
Sampling (4 threads) 100%|█████████████████████████████▉|  ETA: 0:00:54
Sampling (4 threads) 100%|██████████████████████████████| Time: 2:59:04
Sampling (4 threads) 100%|██████████████████████████████| Time: 2:59:05
┌ Warning: Assignment to `is_waiting` in soft scope is ambiguous because a global variable by the same name exists: `is_waiting` will be treated as a new local. Disambiguate by using `local is_waiting` to suppress this warning or `global is_waiting` to assign to the existing global variable.
└ @ ~/bayesian/BC4/Bayes/wordType_experiments/models/halfNorms_widerThet/model.jl:53
┌ Warning: It looks like the Kaleido process is not responding since 10 seconds. 
│ The unresponsive process will be killed, but this means that you will not be able to save figures using `savefig`.
│ 
│ Alternatively, you might try using a longer timeout to check if the process is not responding by passing the desired value in seconds using the `timeout` kwarg when calling `PlotlyKaleido.start` or `PlotlyKaleido.restart`
└ @ PlotlyKaleido ~/.julia/packages/PlotlyKaleido/hHnQW/src/PlotlyKaleido.jl:38
┌ Warning: Runtime invalidation was disabled, but the CPU info is out-of-date.
│ Will continue with incorrect CPU name (from build time).
└ @ HostCPUFeatures ~/.julia/packages/HostCPUFeatures/ZTXz4/src/cpu_info.jl:71
┌ Warning: Runtime invalidation was disabled, but the CPU info is out-of-date.
│ Will continue with incorrect CPU feature flag: +avx512vnni.
└ @ HostCPUFeatures ~/.julia/packages/HostCPUFeatures/ZTXz4/src/cpu_info.jl:56
┌ Warning: Runtime invalidation was disabled, but the CPU info is out-of-date.
│ Will continue with incorrect CPU feature flag: -rtm.
└ @ HostCPUFeatures ~/.julia/packages/HostCPUFeatures/ZTXz4/src/cpu_info.jl:56
Sampling (4 threads)   0%|                              |  ETA: N/A
┌ Info: Found initial step size
└   ϵ = 0.00078125
┌ Info: Found initial step size
└   ϵ = 0.003125
┌ Info: Found initial step size
└   ϵ = 0.0015625
┌ Info: Found initial step size
└   ϵ = 0.00078125
Sampling (4 threads)   0%|▏                             |  ETA: 3:07:18
Sampling (4 threads)   1%|▎                             |  ETA: 1:33:16
Sampling (4 threads)   2%|▌                             |  ETA: 1:04:39
Sampling (4 threads)   2%|▋                             |  ETA: 0:48:14
Sampling (4 threads)   2%|▊                             |  ETA: 0:38:24
Sampling (4 threads)   3%|▉                             |  ETA: 0:33:54
Sampling (4 threads)   4%|█                             |  ETA: 0:28:55
Sampling (4 threads)   4%|█▎                            |  ETA: 0:25:10
Sampling (4 threads)   4%|█▍                            |  ETA: 0:35:52
Sampling (4 threads)   5%|█▌                            |  ETA: 0:32:07
Sampling (4 threads)   6%|█▋                            |  ETA: 0:58:17
Sampling (4 threads)   6%|█▊                            |  ETA: 0:53:09
Sampling (4 threads)   6%|██                            |  ETA: 0:48:48
Sampling (4 threads)   7%|██▏                           |  ETA: 1:29:39
Sampling (4 threads)   8%|██▎                           |  ETA: 1:23:14
Sampling (4 threads)   8%|██▍                           |  ETA: 1:17:36
Sampling (4 threads)   8%|██▌                           |  ETA: 1:42:11
Sampling (4 threads)   9%|██▊                           |  ETA: 1:35:59
Sampling (4 threads)  10%|██▉                           |  ETA: 1:58:44
Sampling (4 threads)  10%|███                           |  ETA: 1:52:10
Sampling (4 threads)  10%|███▏                          |  ETA: 1:46:14
Sampling (4 threads)  11%|███▎                          |  ETA: 2:17:59
Sampling (4 threads)  12%|███▌                          |  ETA: 2:11:15
Sampling (4 threads)  12%|███▋                          |  ETA: 2:05:04
Sampling (4 threads)  12%|███▊                          |  ETA: 2:31:57
Sampling (4 threads)  13%|███▉                          |  ETA: 2:25:16
Sampling (4 threads)  14%|████                          |  ETA: 2:19:05
Sampling (4 threads)  14%|████▎                         |  ETA: 2:13:21
Sampling (4 threads)  14%|████▍                         |  ETA: 2:31:53
Sampling (4 threads)  15%|████▌                         |  ETA: 2:25:57
Sampling (4 threads)  16%|████▋                         |  ETA: 2:20:25
Sampling (4 threads)  16%|████▊                         |  ETA: 2:35:16
Sampling (4 threads)  16%|█████                         |  ETA: 2:29:40
Sampling (4 threads)  17%|█████▏                        |  ETA: 2:24:24
Sampling (4 threads)  18%|█████▎                        |  ETA: 2:19:26
Sampling (4 threads)  18%|█████▍                        |  ETA: 2:25:14
Sampling (4 threads)  18%|█████▌                        |  ETA: 2:20:27
Sampling (4 threads)  19%|█████▊                        |  ETA: 2:25:44
Sampling (4 threads)  20%|█████▉                        |  ETA: 2:21:07
Sampling (4 threads)  20%|██████                        |  ETA: 2:23:48
Sampling (4 threads)  20%|██████▏                       |  ETA: 2:19:25
Sampling (4 threads)  21%|██████▎                       |  ETA: 2:21:52
Sampling (4 threads)  22%|██████▌                       |  ETA: 2:17:41
Sampling (4 threads)  22%|██████▋                       |  ETA: 2:23:58
Sampling (4 threads)  22%|██████▊                       |  ETA: 2:19:52
Sampling (4 threads)  23%|██████▉                       |  ETA: 2:25:17
Sampling (4 threads)  24%|███████                       |  ETA: 2:21:16
Sampling (4 threads)  24%|███████▎                      |  ETA: 2:17:25
Sampling (4 threads)  24%|███████▍                      |  ETA: 2:20:03
Sampling (4 threads)  25%|███████▌                      |  ETA: 2:16:20
Sampling (4 threads)  26%|███████▋                      |  ETA: 2:24:36
Sampling (4 threads)  26%|███████▊                      |  ETA: 2:20:52
Sampling (4 threads)  26%|████████                      |  ETA: 2:17:16
Sampling (4 threads)  27%|████████▏                     |  ETA: 2:13:49
Sampling (4 threads)  28%|████████▎                     |  ETA: 2:21:24
Sampling (4 threads)  28%|████████▍                     |  ETA: 2:17:55
Sampling (4 threads)  28%|████████▌                     |  ETA: 2:14:33
Sampling (4 threads)  29%|████████▊                     |  ETA: 2:19:12
Sampling (4 threads)  30%|████████▉                     |  ETA: 2:15:53
Sampling (4 threads)  30%|█████████                     |  ETA: 2:12:40
Sampling (4 threads)  30%|█████████▏                    |  ETA: 2:14:48
Sampling (4 threads)  31%|█████████▎                    |  ETA: 2:11:40
Sampling (4 threads)  32%|█████████▌                    |  ETA: 2:08:38
Sampling (4 threads)  32%|█████████▋                    |  ETA: 2:12:33
Sampling (4 threads)  32%|█████████▊                    |  ETA: 2:09:33
Sampling (4 threads)  33%|█████████▉                    |  ETA: 2:06:39
Sampling (4 threads)  34%|██████████                    |  ETA: 2:10:01
Sampling (4 threads)  34%|██████████▎                   |  ETA: 2:07:08
Sampling (4 threads)  34%|██████████▍                   |  ETA: 2:04:21
Sampling (4 threads)  35%|██████████▌                   |  ETA: 2:05:51
Sampling (4 threads)  36%|██████████▋                   |  ETA: 2:03:08
Sampling (4 threads)  36%|██████████▊                   |  ETA: 2:06:22
Sampling (4 threads)  36%|███████████                   |  ETA: 2:03:40
Sampling (4 threads)  37%|███████████▏                  |  ETA: 2:01:02
Sampling (4 threads)  38%|███████████▎                  |  ETA: 2:04:45
Sampling (4 threads)  38%|███████████▍                  |  ETA: 2:02:07
Sampling (4 threads)  38%|███████████▌                  |  ETA: 2:03:46
Sampling (4 threads)  39%|███████████▊                  |  ETA: 2:01:11
Sampling (4 threads)  40%|███████████▉                  |  ETA: 1:58:41
Sampling (4 threads)  40%|████████████                  |  ETA: 2:02:32
Sampling (4 threads)  40%|████████████▏                 |  ETA: 2:00:01
Sampling (4 threads)  41%|████████████▎                 |  ETA: 1:57:34
Sampling (4 threads)  42%|████████████▌                 |  ETA: 2:01:11
Sampling (4 threads)  42%|████████████▋                 |  ETA: 1:58:43
Sampling (4 threads)  42%|████████████▊                 |  ETA: 1:56:18
Sampling (4 threads)  43%|████████████▉                 |  ETA: 1:59:06
Sampling (4 threads)  44%|█████████████                 |  ETA: 1:56:42
Sampling (4 threads)  44%|█████████████▎                |  ETA: 1:54:21
Sampling (4 threads)  44%|█████████████▍                |  ETA: 1:54:45
Sampling (4 threads)  45%|█████████████▌                |  ETA: 1:52:27
Sampling (4 threads)  46%|█████████████▋                |  ETA: 1:52:27
Sampling (4 threads)  46%|█████████████▊                |  ETA: 1:50:13
Sampling (4 threads)  46%|██████████████                |  ETA: 1:53:10
Sampling (4 threads)  47%|██████████████▏               |  ETA: 1:50:55
Sampling (4 threads)  48%|██████████████▎               |  ETA: 1:48:43
Sampling (4 threads)  48%|██████████████▍               |  ETA: 1:46:34
Sampling (4 threads)  48%|██████████████▌               |  ETA: 1:47:15
Sampling (4 threads)  49%|██████████████▊               |  ETA: 1:45:08
Sampling (4 threads)  50%|██████████████▉               |  ETA: 1:45:18
Sampling (4 threads)  50%|███████████████               |  ETA: 1:43:13
Sampling (4 threads)  50%|███████████████▏              |  ETA: 1:43:24
Sampling (4 threads)  51%|███████████████▎              |  ETA: 1:41:21
Sampling (4 threads)  52%|███████████████▌              |  ETA: 1:39:21
Sampling (4 threads)  52%|███████████████▋              |  ETA: 1:40:23
Sampling (4 threads)  52%|███████████████▊              |  ETA: 1:38:24
Sampling (4 threads)  53%|███████████████▉              |  ETA: 1:38:30
Sampling (4 threads)  54%|████████████████              |  ETA: 1:36:32
Sampling (4 threads)  54%|████████████████▎             |  ETA: 1:34:37
Sampling (4 threads)  55%|████████████████▍             |  ETA: 1:35:20
Sampling (4 threads)  55%|████████████████▌             |  ETA: 1:33:25
Sampling (4 threads)  56%|████████████████▋             |  ETA: 1:31:33
Sampling (4 threads)  56%|████████████████▊             |  ETA: 1:32:06
Sampling (4 threads)  56%|█████████████████             |  ETA: 1:30:15
Sampling (4 threads)  57%|█████████████████▏            |  ETA: 1:28:26
Sampling (4 threads)  57%|█████████████████▎            |  ETA: 1:28:59
Sampling (4 threads)  58%|█████████████████▍            |  ETA: 1:27:11
Sampling (4 threads)  58%|█████████████████▌            |  ETA: 1:25:24
Sampling (4 threads)  59%|█████████████████▊            |  ETA: 1:26:14
Sampling (4 threads)  60%|█████████████████▉            |  ETA: 1:24:28
Sampling (4 threads)  60%|██████████████████            |  ETA: 1:22:43
Sampling (4 threads)  60%|██████████████████▏           |  ETA: 1:24:11
Sampling (4 threads)  61%|██████████████████▎           |  ETA: 1:22:27
Sampling (4 threads)  62%|██████████████████▌           |  ETA: 1:20:43
Sampling (4 threads)  62%|██████████████████▋           |  ETA: 1:19:02
Sampling (4 threads)  62%|██████████████████▊           |  ETA: 1:18:35
Sampling (4 threads)  63%|██████████████████▉           |  ETA: 1:16:56
Sampling (4 threads)  64%|███████████████████           |  ETA: 1:17:13
Sampling (4 threads)  64%|███████████████████▎          |  ETA: 1:15:34
Sampling (4 threads)  64%|███████████████████▍          |  ETA: 1:13:57
Sampling (4 threads)  65%|███████████████████▌          |  ETA: 1:14:22
Sampling (4 threads)  66%|███████████████████▋          |  ETA: 1:12:45
Sampling (4 threads)  66%|███████████████████▊          |  ETA: 1:11:09
Sampling (4 threads)  66%|████████████████████          |  ETA: 1:10:58
Sampling (4 threads)  67%|████████████████████▏         |  ETA: 1:09:23
Sampling (4 threads)  68%|████████████████████▎         |  ETA: 1:07:49
Sampling (4 threads)  68%|████████████████████▍         |  ETA: 1:07:49
Sampling (4 threads)  68%|████████████████████▌         |  ETA: 1:06:16
Sampling (4 threads)  69%|████████████████████▊         |  ETA: 1:04:45
Sampling (4 threads)  70%|████████████████████▉         |  ETA: 1:04:43
Sampling (4 threads)  70%|█████████████████████         |  ETA: 1:03:12
Sampling (4 threads)  70%|█████████████████████▏        |  ETA: 1:01:43
Sampling (4 threads)  71%|█████████████████████▎        |  ETA: 1:01:50
Sampling (4 threads)  72%|█████████████████████▌        |  ETA: 1:00:20
Sampling (4 threads)  72%|█████████████████████▋        |  ETA: 0:58:52
Sampling (4 threads)  72%|█████████████████████▊        |  ETA: 0:58:16
Sampling (4 threads)  73%|█████████████████████▉        |  ETA: 0:56:49
Sampling (4 threads)  74%|██████████████████████        |  ETA: 0:56:37
Sampling (4 threads)  74%|██████████████████████▎       |  ETA: 0:55:11
Sampling (4 threads)  74%|██████████████████████▍       |  ETA: 0:53:45
Sampling (4 threads)  75%|██████████████████████▌       |  ETA: 0:52:21
Sampling (4 threads)  76%|██████████████████████▋       |  ETA: 0:52:11
Sampling (4 threads)  76%|██████████████████████▊       |  ETA: 0:50:47
Sampling (4 threads)  76%|███████████████████████       |  ETA: 0:50:07
Sampling (4 threads)  77%|███████████████████████▏      |  ETA: 0:48:44
Sampling (4 threads)  78%|███████████████████████▎      |  ETA: 0:47:22
Sampling (4 threads)  78%|███████████████████████▍      |  ETA: 0:46:35
Sampling (4 threads)  78%|███████████████████████▌      |  ETA: 0:45:15
Sampling (4 threads)  79%|███████████████████████▊      |  ETA: 0:44:35
Sampling (4 threads)  80%|███████████████████████▉      |  ETA: 0:43:15
Sampling (4 threads)  80%|████████████████████████      |  ETA: 0:42:49
Sampling (4 threads)  80%|████████████████████████▏     |  ETA: 0:41:29
Sampling (4 threads)  81%|████████████████████████▎     |  ETA: 0:40:10
Sampling (4 threads)  82%|████████████████████████▌     |  ETA: 0:39:52
Sampling (4 threads)  82%|████████████████████████▋     |  ETA: 0:38:33
Sampling (4 threads)  82%|████████████████████████▊     |  ETA: 0:37:15
Sampling (4 threads)  83%|████████████████████████▉     |  ETA: 0:35:58
Sampling (4 threads)  84%|█████████████████████████     |  ETA: 0:35:30
Sampling (4 threads)  84%|█████████████████████████▎    |  ETA: 0:34:13
Sampling (4 threads)  84%|█████████████████████████▍    |  ETA: 0:32:58
Sampling (4 threads)  85%|█████████████████████████▌    |  ETA: 0:32:21
Sampling (4 threads)  86%|█████████████████████████▋    |  ETA: 0:31:06
Sampling (4 threads)  86%|█████████████████████████▊    |  ETA: 0:29:51
Sampling (4 threads)  86%|██████████████████████████    |  ETA: 0:29:05
Sampling (4 threads)  87%|██████████████████████████▏   |  ETA: 0:27:51
Sampling (4 threads)  88%|██████████████████████████▎   |  ETA: 0:26:37
Sampling (4 threads)  88%|██████████████████████████▍   |  ETA: 0:25:40
Sampling (4 threads)  88%|██████████████████████████▌   |  ETA: 0:24:28
Sampling (4 threads)  89%|██████████████████████████▊   |  ETA: 0:23:31
Sampling (4 threads)  90%|██████████████████████████▉   |  ETA: 0:22:19
Sampling (4 threads)  90%|███████████████████████████   |  ETA: 0:21:21
Sampling (4 threads)  90%|███████████████████████████▏  |  ETA: 0:20:10
Sampling (4 threads)  91%|███████████████████████████▎  |  ETA: 0:19:19
Sampling (4 threads)  92%|███████████████████████████▌  |  ETA: 0:18:09
Sampling (4 threads)  92%|███████████████████████████▋  |  ETA: 0:16:59
Sampling (4 threads)  92%|███████████████████████████▊  |  ETA: 0:15:50
Sampling (4 threads)  93%|███████████████████████████▉  |  ETA: 0:14:58
Sampling (4 threads)  94%|████████████████████████████  |  ETA: 0:13:49
Sampling (4 threads)  94%|████████████████████████████▎ |  ETA: 0:12:41
Sampling (4 threads)  94%|████████████████████████████▍ |  ETA: 0:11:35
Sampling (4 threads)  95%|████████████████████████████▌ |  ETA: 0:10:34
Sampling (4 threads)  96%|████████████████████████████▋ |  ETA: 0:09:31
Sampling (4 threads)  96%|████████████████████████████▊ |  ETA: 0:08:28
Sampling (4 threads)  96%|█████████████████████████████ |  ETA: 0:07:25
Sampling (4 threads)  97%|█████████████████████████████▏|  ETA: 0:06:21
Sampling (4 threads)  98%|█████████████████████████████▎|  ETA: 0:05:19
Sampling (4 threads)  98%|█████████████████████████████▍|  ETA: 0:04:16
Sampling (4 threads)  98%|█████████████████████████████▌|  ETA: 0:03:12
Sampling (4 threads)  99%|█████████████████████████████▊|  ETA: 0:02:08
Sampling (4 threads) 100%|█████████████████████████████▉|  ETA: 0:01:04
Sampling (4 threads) 100%|██████████████████████████████| Time: 3:35:41
Sampling (4 threads) 100%|██████████████████████████████| Time: 3:35:41
┌ Warning: Assignment to `is_waiting` in soft scope is ambiguous because a global variable by the same name exists: `is_waiting` will be treated as a new local. Disambiguate by using `local is_waiting` to suppress this warning or `global is_waiting` to assign to the existing global variable.
└ @ ~/bayesian/BC4/Bayes/wordType_experiments/models/halfNorms_widerThet/model.jl:53
