Chains MCMC chain (250×87×4 Array{Float64, 3}):

Iterations        = 126:1:375
Number of chains  = 4
Samples per chain = 250
Wall duration     = 4020.9 seconds
Compute duration  = 14909.69 seconds
parameters        = σ_w[1], σ_w[2], ρ_w[1,1], ρ_w[2,1], ρ_w[1,2], ρ_w[2,2], ab_w[1,1], ab_w[2,1], ab_w[1,2], ab_w[2,2], ab_w[1,3], ab_w[2,3], σ_p[1], σ_p[2], ρ_p[1,1], ρ_p[2,1], ρ_p[1,2], ρ_p[2,2], ab_p[1,1], ab_p[2,1], ab_p[1,2], ab_p[2,2], ab_p[1,3], ab_p[2,3], ab_p[1,4], ab_p[2,4], ab_p[1,5], ab_p[2,5], ab_p[1,6], ab_p[2,6], ab_p[1,7], ab_p[2,7], ab_p[1,8], ab_p[2,8], ab_p[1,9], ab_p[2,9], ab_p[1,10], ab_p[2,10], ab_p[1,11], ab_p[2,11], ab_p[1,12], ab_p[2,12], ab_p[1,13], ab_p[2,13], ab_p[1,14], ab_p[2,14], ab_p[1,15], ab_p[2,15], ab_p[1,16], ab_p[2,16], ab_p[1,17], ab_p[2,17], ab_p[1,18], ab_p[2,18], ab_p[1,19], ab_p[2,19], ab_p[1,20], ab_p[2,20], ab_p[1,21], ab_p[2,21], ab_p[1,22], ab_p[2,22], ab_p[1,23], ab_p[2,23], ab_p[1,24], ab_p[2,24], σ_e[1], σ_e[2], ρ_e[1,1], ρ_e[2,1], ρ_e[1,2], ρ_e[2,2], ab_e[1,1], ab_e[2,1], σ
internals         = lp, n_steps, is_accept, acceptance_rate, log_density, hamiltonian_energy, hamiltonian_energy_error, max_hamiltonian_energy_error, tree_depth, numerical_error, step_size, nom_step_size

Summary Statistics
  parameters      mean       std      mcse    ess_bulk   ess_tail      rhat   ess_per_sec
      Symbol   Float64   Float64   Float64     Float64    Float64   Float64       Float64

      σ_w[1]    0.0448    0.0837    0.0057    133.5635   174.7319    1.0162        0.0090
      σ_w[2]    0.0331    0.0431    0.0029    183.9809   246.8824    1.0105        0.0123
    ρ_w[1,1]    1.0000    0.0000       NaN         NaN        NaN       NaN           NaN
    ρ_w[2,1]   -0.0125    0.4650    0.0207    518.6876   421.7990    1.0018        0.0348
    ρ_w[1,2]   -0.0125    0.4650    0.0207    518.6876   421.7990    1.0018        0.0348
    ρ_w[2,2]    1.0000    0.0000    0.0000    948.4627   895.6479    1.0002        0.0636
   ab_w[1,1]    0.0032    0.0429    0.0014   1001.3916   258.9902    1.0110        0.0672
   ab_w[2,1]    0.0016    0.0263    0.0010    935.1121   373.8897    1.0018        0.0627
   ab_w[1,2]    0.0018    0.0414    0.0013   1015.5331   290.6789    1.0062        0.0681
   ab_w[2,2]   -0.0074    0.0264    0.0011    631.6190   369.5383    1.0104        0.0424
   ab_w[1,3]   -0.0041    0.0411    0.0014    936.8463   267.5599    1.0083        0.0628
   ab_w[2,3]   -0.0054    0.0261    0.0011    602.2970   409.7180    1.0112        0.0404
      σ_p[1]    0.3426    0.0527    0.0020    754.7166   446.8004    1.0099        0.0506
      σ_p[2]    0.0500    0.0117    0.0005    600.3093   488.7586    1.0042        0.0403
    ρ_p[1,1]    1.0000    0.0000       NaN         NaN        NaN       NaN           NaN
    ρ_p[2,1]   -0.1339    0.2286    0.0079    840.0735   559.2354    1.0066        0.0563
    ρ_p[1,2]   -0.1339    0.2286    0.0079    840.0735   559.2354    1.0066        0.0563
    ρ_p[2,2]    1.0000    0.0000    0.0000    937.0690   860.4411    1.0027        0.0628
   ab_p[1,1]   -0.1462    0.0649    0.0030    496.7684   480.6622    1.0030        0.0333
   ab_p[2,1]   -0.0661    0.0296    0.0010    941.0779   881.0397    1.0007        0.0631
   ab_p[1,2]   -0.2557    0.0649    0.0028    551.3462   499.7322    1.0039        0.0370
   ab_p[2,2]   -0.0317    0.0281    0.0009    964.1105   777.5387    1.0015        0.0647
   ab_p[1,3]   -0.2899    0.0616    0.0027    511.1320   549.6671    1.0047        0.0343
   ab_p[2,3]    0.0694    0.0298    0.0009   1000.0481   726.5785    1.0020        0.0671
   ab_p[1,4]   -0.1698    0.0619    0.0030    450.0293   436.9840    1.0112        0.0302
   ab_p[2,4]   -0.0268    0.0301    0.0010    936.0212   540.3212    1.0015        0.0628
   ab_p[1,5]   -0.1175    0.0652    0.0029    496.4859   427.9487    1.0048        0.0333
   ab_p[2,5]   -0.0531    0.0293    0.0009    967.5760   830.6487    0.9999        0.0649
   ab_p[1,6]   -0.1344    0.0654    0.0029    516.2955   522.4639    1.0068        0.0346
   ab_p[2,6]    0.0261    0.0298    0.0010    888.5719   665.1201    1.0067        0.0596
   ab_p[1,7]   -0.2854    0.0662    0.0026    663.9118   627.4142    1.0059        0.0445
   ab_p[2,7]    0.0022    0.0281    0.0009    930.2636   741.4383    0.9998        0.0624
   ab_p[1,8]    0.6141    0.0649    0.0025    696.8840   611.3828    1.0019        0.0467
   ab_p[2,8]   -0.0626    0.0297    0.0009   1008.9539   933.7578    0.9992        0.0677
   ab_p[1,9]    0.0822    0.0642    0.0027    550.0180   589.4478    1.0076        0.0369
   ab_p[2,9]   -0.0529    0.0276    0.0009    958.3905   898.8248    1.0009        0.0643
  ab_p[1,10]    0.0467    0.0613    0.0026    541.8272   519.9516    1.0063        0.0363
  ab_p[2,10]   -0.0040    0.0287    0.0009   1090.6582   814.1389    0.9999        0.0732
  ab_p[1,11]    0.4155    0.0620    0.0027    540.4000   476.6733    1.0045        0.0362
  ab_p[2,11]    0.0024    0.0288    0.0009   1003.3162   805.8914    1.0049        0.0673
  ab_p[1,12]    0.6410    0.0655    0.0028    561.6405   494.6963    1.0037        0.0377
  ab_p[2,12]   -0.0483    0.0282    0.0009   1033.9479   776.4369    1.0014        0.0693
  ab_p[1,13]    0.0786    0.0632    0.0025    650.5055   624.1513    1.0042        0.0436
  ab_p[2,13]    0.0090    0.0286    0.0009   1041.6139   834.7102    1.0074        0.0699
  ab_p[1,14]    0.5423    0.0628    0.0028    482.4993   497.8550    1.0127        0.0324
  ab_p[2,14]    0.0278    0.0288    0.0009   1110.8432   681.8033    1.0021        0.0745
  ab_p[1,15]   -0.1968    0.0640    0.0028    550.6057   524.6454    1.0026        0.0369
  ab_p[2,15]    0.0265    0.0272    0.0009    917.4892   808.5540    1.0018        0.0615
  ab_p[1,16]   -0.2087    0.0635    0.0028    528.7592   518.5188    1.0046        0.0355
  ab_p[2,16]    0.0048    0.0273    0.0008   1179.8135   876.2591    1.0019        0.0791
  ab_p[1,17]   -0.2982    0.0654    0.0029    520.4826   521.5698    1.0025        0.0349
  ab_p[2,17]    0.0684    0.0297    0.0009   1094.9836   883.2570    0.9995        0.0734
  ab_p[1,18]   -0.0470    0.0618    0.0027    538.6440   697.4427    1.0082        0.0361
  ab_p[2,18]    0.0122    0.0276    0.0008   1251.2996   909.6726    1.0045        0.0839
  ab_p[1,19]    0.5570    0.0640    0.0026    596.0480   630.8157    1.0027        0.0400
  ab_p[2,19]    0.0374    0.0277    0.0009   1049.4557   917.3403    0.9995        0.0704
  ab_p[1,20]    0.0182    0.0650    0.0028    527.1522   430.1527    1.0049        0.0354
  ab_p[2,20]    0.0141    0.0282    0.0008   1099.8945   693.5178    1.0007        0.0738
  ab_p[1,21]   -0.4374    0.0637    0.0027    561.9260   446.8690    1.0051        0.0377
  ab_p[2,21]    0.0026    0.0281    0.0009    921.1677   786.2159    1.0028        0.0618
  ab_p[1,22]   -0.3683    0.0640    0.0032    421.9582   458.9917    1.0134        0.0283
  ab_p[2,22]   -0.0299    0.0286    0.0009    950.0534   918.1143    1.0018        0.0637
  ab_p[1,23]   -0.1142    0.0626    0.0025    615.0382   448.5066    1.0050        0.0413
  ab_p[2,23]    0.0137    0.0284    0.0009   1003.8343   711.9673    1.0014        0.0673
  ab_p[1,24]    0.0147    0.0638    0.0028    500.9501   488.5585    1.0080        0.0336
  ab_p[2,24]    0.0275    0.0273    0.0008   1182.1279   767.6813    1.0022        0.0793
      σ_e[1]    0.3404    0.5356    0.0349     91.3094   198.4995    1.0592        0.0061
      σ_e[2]    0.3397    0.4587    0.0276    204.3800   247.8141    1.0115        0.0137
    ρ_e[1,1]    1.0000    0.0000       NaN         NaN        NaN       NaN           NaN
    ρ_e[2,1]    0.0015    0.4730    0.0229    441.0435   328.3669    1.0065        0.0296
    ρ_e[1,2]    0.0015    0.4730    0.0229    441.0435   328.3669    1.0065        0.0296
    ρ_e[2,2]    1.0000    0.0000    0.0000    949.7965   894.9406    0.9999        0.0637
   ab_e[1,1]   -0.0071    0.0682    0.0032    427.4027   369.7424    1.0106        0.0287
   ab_e[2,1]   -0.0303    0.0278    0.0012    601.6510   465.4324    1.0070        0.0404
           σ    0.9677    0.0046    0.0002    908.1842   655.2502    1.0073        0.0609

Quantiles
  parameters      2.5%     25.0%     50.0%     75.0%     97.5%
      Symbol   Float64   Float64   Float64   Float64   Float64

      σ_w[1]    0.0034    0.0101    0.0210    0.0451    0.2307
      σ_w[2]    0.0036    0.0085    0.0172    0.0368    0.1665
    ρ_w[1,1]    1.0000    1.0000    1.0000    1.0000    1.0000
    ρ_w[2,1]   -0.8204   -0.3889   -0.0176    0.3449    0.8399
    ρ_w[1,2]   -0.8204   -0.3889   -0.0176    0.3449    0.8399
    ρ_w[2,2]    1.0000    1.0000    1.0000    1.0000    1.0000
   ab_w[1,1]   -0.0765   -0.0069    0.0024    0.0143    0.0770
   ab_w[2,1]   -0.0562   -0.0063    0.0017    0.0106    0.0531
   ab_w[1,2]   -0.0796   -0.0066    0.0018    0.0109    0.0799
   ab_w[2,2]   -0.0696   -0.0141   -0.0031    0.0033    0.0357
   ab_w[1,3]   -0.0801   -0.0128   -0.0026    0.0056    0.0710
   ab_w[2,3]   -0.0639   -0.0123   -0.0019    0.0050    0.0392
      σ_p[1]    0.2569    0.3044    0.3382    0.3756    0.4438
      σ_p[2]    0.0312    0.0416    0.0485    0.0579    0.0766
    ρ_p[1,1]    1.0000    1.0000    1.0000    1.0000    1.0000
    ρ_p[2,1]   -0.5411   -0.2945   -0.1446    0.0300    0.3190
    ρ_p[1,2]   -0.5411   -0.2945   -0.1446    0.0300    0.3190
    ρ_p[2,2]    1.0000    1.0000    1.0000    1.0000    1.0000
   ab_p[1,1]   -0.2781   -0.1874   -0.1469   -0.1063   -0.0150
   ab_p[2,1]   -0.1276   -0.0847   -0.0651   -0.0461   -0.0122
   ab_p[1,2]   -0.3834   -0.2997   -0.2577   -0.2118   -0.1309
   ab_p[2,2]   -0.0934   -0.0490   -0.0307   -0.0125    0.0219
   ab_p[1,3]   -0.4154   -0.3294   -0.2913   -0.2485   -0.1699
   ab_p[2,3]    0.0160    0.0487    0.0683    0.0875    0.1330
   ab_p[1,4]   -0.2993   -0.2105   -0.1704   -0.1283   -0.0477
   ab_p[2,4]   -0.0852   -0.0475   -0.0256   -0.0068    0.0314
   ab_p[1,5]   -0.2530   -0.1595   -0.1165   -0.0720    0.0090
   ab_p[2,5]   -0.1105   -0.0722   -0.0529   -0.0344    0.0044
   ab_p[1,6]   -0.2674   -0.1770   -0.1338   -0.0918   -0.0058
   ab_p[2,6]   -0.0291    0.0050    0.0252    0.0458    0.0852
   ab_p[1,7]   -0.4263   -0.3279   -0.2850   -0.2430   -0.1563
   ab_p[2,7]   -0.0530   -0.0157    0.0016    0.0207    0.0579
   ab_p[1,8]    0.4826    0.5715    0.6157    0.6582    0.7332
   ab_p[2,8]   -0.1187   -0.0824   -0.0603   -0.0437   -0.0082
   ab_p[1,9]   -0.0460    0.0387    0.0817    0.1232    0.2082
   ab_p[2,9]   -0.1078   -0.0709   -0.0523   -0.0341   -0.0021
  ab_p[1,10]   -0.0844    0.0086    0.0470    0.0868    0.1703
  ab_p[2,10]   -0.0617   -0.0216   -0.0032    0.0152    0.0511
  ab_p[1,11]    0.2903    0.3778    0.4148    0.4552    0.5375
  ab_p[2,11]   -0.0540   -0.0171    0.0024    0.0232    0.0555
  ab_p[1,12]    0.5093    0.6007    0.6405    0.6816    0.7737
  ab_p[2,12]   -0.1056   -0.0682   -0.0471   -0.0302    0.0038
  ab_p[1,13]   -0.0512    0.0393    0.0773    0.1202    0.2012
  ab_p[2,13]   -0.0459   -0.0100    0.0090    0.0290    0.0653
  ab_p[1,14]    0.4205    0.5025    0.5400    0.5830    0.6692
  ab_p[2,14]   -0.0285    0.0093    0.0283    0.0453    0.0865
  ab_p[1,15]   -0.3240   -0.2363   -0.1974   -0.1565   -0.0721
  ab_p[2,15]   -0.0253    0.0080    0.0267    0.0459    0.0781
  ab_p[1,16]   -0.3367   -0.2498   -0.2081   -0.1682   -0.0833
  ab_p[2,16]   -0.0466   -0.0129    0.0046    0.0225    0.0590
  ab_p[1,17]   -0.4305   -0.3398   -0.2970   -0.2560   -0.1732
  ab_p[2,17]    0.0159    0.0484    0.0666    0.0873    0.1344
  ab_p[1,18]   -0.1681   -0.0859   -0.0484   -0.0067    0.0763
  ab_p[2,18]   -0.0394   -0.0074    0.0130    0.0309    0.0670
  ab_p[1,19]    0.4301    0.5158    0.5578    0.6008    0.6852
  ab_p[2,19]   -0.0156    0.0182    0.0379    0.0562    0.0899
  ab_p[1,20]   -0.1099   -0.0234    0.0196    0.0613    0.1389
  ab_p[2,20]   -0.0400   -0.0047    0.0137    0.0326    0.0698
  ab_p[1,21]   -0.5680   -0.4763   -0.4383   -0.3948   -0.3097
  ab_p[2,21]   -0.0536   -0.0164    0.0030    0.0216    0.0574
  ab_p[1,22]   -0.4987   -0.4099   -0.3684   -0.3311   -0.2403
  ab_p[2,22]   -0.0832   -0.0499   -0.0294   -0.0106    0.0264
  ab_p[1,23]   -0.2411   -0.1558   -0.1151   -0.0714    0.0109
  ab_p[2,23]   -0.0414   -0.0056    0.0134    0.0325    0.0705
  ab_p[1,24]   -0.1150   -0.0302    0.0169    0.0582    0.1371
  ab_p[2,24]   -0.0284    0.0110    0.0269    0.0448    0.0810
      σ_e[1]    0.0080    0.0572    0.1508    0.3927    1.7244
      σ_e[2]    0.0138    0.0588    0.1621    0.4538    1.6424
    ρ_e[1,1]    1.0000    1.0000    1.0000    1.0000    1.0000
    ρ_e[2,1]   -0.8625   -0.3737    0.0045    0.3867    0.8299
    ρ_e[1,2]   -0.8625   -0.3737    0.0045    0.3867    0.8299
    ρ_e[2,2]    1.0000    1.0000    1.0000    1.0000    1.0000
   ab_e[1,1]   -0.1341   -0.0424   -0.0067    0.0238    0.1421
   ab_e[2,1]   -0.0785   -0.0439   -0.0324   -0.0184    0.0220
           σ    0.9584    0.9647    0.9677    0.9706    0.9767

