Chains MCMC chain (250×87×4 Array{Float64, 3}):

Iterations        = 126:1:375
Number of chains  = 4
Samples per chain = 250
Wall duration     = 3217.63 seconds
Compute duration  = 11606.82 seconds
parameters        = σ_w[1], σ_w[2], ρ_w[1,1], ρ_w[2,1], ρ_w[1,2], ρ_w[2,2], ab_w[1,1], ab_w[2,1], ab_w[1,2], ab_w[2,2], ab_w[1,3], ab_w[2,3], σ_p[1], σ_p[2], ρ_p[1,1], ρ_p[2,1], ρ_p[1,2], ρ_p[2,2], ab_p[1,1], ab_p[2,1], ab_p[1,2], ab_p[2,2], ab_p[1,3], ab_p[2,3], ab_p[1,4], ab_p[2,4], ab_p[1,5], ab_p[2,5], ab_p[1,6], ab_p[2,6], ab_p[1,7], ab_p[2,7], ab_p[1,8], ab_p[2,8], ab_p[1,9], ab_p[2,9], ab_p[1,10], ab_p[2,10], ab_p[1,11], ab_p[2,11], ab_p[1,12], ab_p[2,12], ab_p[1,13], ab_p[2,13], ab_p[1,14], ab_p[2,14], ab_p[1,15], ab_p[2,15], ab_p[1,16], ab_p[2,16], ab_p[1,17], ab_p[2,17], ab_p[1,18], ab_p[2,18], ab_p[1,19], ab_p[2,19], ab_p[1,20], ab_p[2,20], ab_p[1,21], ab_p[2,21], ab_p[1,22], ab_p[2,22], ab_p[1,23], ab_p[2,23], ab_p[1,24], ab_p[2,24], σ_e[1], σ_e[2], ρ_e[1,1], ρ_e[2,1], ρ_e[1,2], ρ_e[2,2], ab_e[1,1], ab_e[2,1], σ
internals         = lp, n_steps, is_accept, acceptance_rate, log_density, hamiltonian_energy, hamiltonian_energy_error, max_hamiltonian_energy_error, tree_depth, numerical_error, step_size, nom_step_size

Summary Statistics
  parameters      mean       std      mcse    ess_bulk    ess_tail      rhat   ess_per_sec
      Symbol   Float64   Float64   Float64     Float64     Float64   Float64       Float64

      σ_w[1]    0.0790    0.1731    0.0126    195.9156    121.7759    1.0205        0.0169
      σ_w[2]    0.0717    0.1249    0.0064    233.9917    274.9850    1.0255        0.0202
    ρ_w[1,1]    1.0000    0.0000       NaN         NaN         NaN       NaN           NaN
    ρ_w[2,1]    0.0647    0.4695    0.0205    533.5666    491.8989    1.0064        0.0460
    ρ_w[1,2]    0.0647    0.4695    0.0205    533.5666    491.8989    1.0064        0.0460
    ρ_w[2,2]    1.0000    0.0000    0.0000   1000.0833    954.4050    0.9991        0.0862
   ab_w[1,1]    0.0225    0.0699    0.0036    698.9357    311.5159    1.0168        0.0602
   ab_w[2,1]    0.0200    0.0415    0.0015    766.9474    559.4396    1.0078        0.0661
   ab_w[1,2]   -0.0149    0.0667    0.0034    705.3276    281.0221    1.0231        0.0608
   ab_w[2,2]   -0.0089    0.0407    0.0015    689.6717    589.6267    1.0097        0.0594
   ab_w[1,3]    0.0032    0.0665    0.0034    777.9776    305.2568    1.0214        0.0670
   ab_w[2,3]   -0.0250    0.0412    0.0015    597.3601    554.3315    1.0080        0.0515
      σ_p[1]    0.2822    0.0453    0.0018    754.5972    635.4118    1.0049        0.0650
      σ_p[2]    0.0345    0.0124    0.0012    118.5393     36.1536    1.0285        0.0102
    ρ_p[1,1]    1.0000    0.0000       NaN         NaN         NaN       NaN           NaN
    ρ_p[2,1]   -0.0607    0.2749    0.0100    748.7588    331.4528    1.0355        0.0645
    ρ_p[1,2]   -0.0607    0.2749    0.0100    748.7588    331.4528    1.0355        0.0645
    ρ_p[2,2]    1.0000    0.0000    0.0000    991.3121    955.7992    1.0016        0.0854
   ab_p[1,1]    0.1007    0.0641    0.0022    873.1701    484.2871    1.0110        0.0752
   ab_p[2,1]   -0.0194    0.0238    0.0009    762.1004    815.0060    1.0043        0.0657
   ab_p[1,2]   -0.1482    0.0641    0.0020   1010.2678    662.5907    1.0099        0.0870
   ab_p[2,2]   -0.0259    0.0257    0.0009    730.3442    780.0043    1.0046        0.0629
   ab_p[1,3]    0.4131    0.0650    0.0021    957.5285    565.0374    1.0141        0.0825
   ab_p[2,3]    0.0236    0.0263    0.0012    506.9790    779.5100    1.0122        0.0437
   ab_p[1,4]   -0.2592    0.0641    0.0020   1053.2087    457.8211    1.0123        0.0907
   ab_p[2,4]   -0.0187    0.0263    0.0009    868.0327    645.6422    1.0020        0.0748
   ab_p[1,5]   -0.1412    0.0632    0.0021    876.2959    507.3532    1.0093        0.0755
   ab_p[2,5]   -0.0278    0.0262    0.0011    577.6244    779.8804    1.0071        0.0498
   ab_p[1,6]    0.7415    0.0658    0.0021    994.4632    498.3636    1.0154        0.0857
   ab_p[2,6]   -0.0107    0.0282    0.0010    876.6131    814.4854    1.0019        0.0755
   ab_p[1,7]   -0.1403    0.0630    0.0020    993.9280    742.0623    1.0112        0.0856
   ab_p[2,7]    0.0039    0.0236    0.0007   1010.0789    711.0772    1.0110        0.0870
   ab_p[1,8]    0.0117    0.0640    0.0023    795.2184    486.9685    1.0099        0.0685
   ab_p[2,8]    0.0016    0.0232    0.0008    950.9768    758.8515    1.0020        0.0819
   ab_p[1,9]   -0.0050    0.0640    0.0020   1024.0830    669.8686    1.0126        0.0882
   ab_p[2,9]   -0.0162    0.0246    0.0008    880.1507    545.7280    1.0042        0.0758
  ab_p[1,10]   -0.1636    0.0654    0.0024    770.9351    320.3042    1.0163        0.0664
  ab_p[2,10]    0.0268    0.0262    0.0012    504.8964    763.6933    1.0085        0.0435
  ab_p[1,11]   -0.4326    0.0639    0.0021    904.5457    684.6545    1.0109        0.0779
  ab_p[2,11]    0.0297    0.0271    0.0012    502.3008    860.8026    1.0074        0.0433
  ab_p[1,12]    0.0061    0.0630    0.0020   1050.6112    447.0645    1.0138        0.0905
  ab_p[2,12]   -0.0044    0.0236    0.0007   1034.2864    709.8395    1.0107        0.0891
  ab_p[1,13]    0.1091    0.0640    0.0021    913.0246    695.4552    1.0096        0.0787
  ab_p[2,13]    0.0149    0.0242    0.0008    920.3318    763.9150    1.0034        0.0793
  ab_p[1,14]    0.2376    0.0637    0.0020    955.1969    551.2038    1.0068        0.0823
  ab_p[2,14]   -0.0238    0.0246    0.0009    727.0920    780.7554    1.0079        0.0626
  ab_p[1,15]    0.4511    0.0638    0.0021   1000.7910    413.5407    1.0216        0.0862
  ab_p[2,15]   -0.0194    0.0263    0.0009    893.7924    700.1859    1.0041        0.0770
  ab_p[1,16]   -0.0429    0.0647    0.0021    946.8099    562.5652    1.0147        0.0816
  ab_p[2,16]    0.0233    0.0252    0.0010    638.8420    762.9746    1.0055        0.0550
  ab_p[1,17]   -0.1274    0.0634    0.0021    983.1109    555.2769    1.0144        0.0847
  ab_p[2,17]   -0.0013    0.0252    0.0008   1062.9247    724.9373    1.0072        0.0916
  ab_p[1,18]   -0.0855    0.0629    0.0022    801.3609    619.2724    1.0101        0.0690
  ab_p[2,18]    0.0116    0.0247    0.0008    963.5815    914.0821    1.0029        0.0830
  ab_p[1,19]   -0.0425    0.0648    0.0024    748.6949    343.4972    1.0200        0.0645
  ab_p[2,19]    0.0189    0.0242    0.0009    704.8032    585.1799    1.0038        0.0607
  ab_p[1,20]   -0.2061    0.0626    0.0021    896.5157    576.1461    1.0211        0.0772
  ab_p[2,20]    0.0047    0.0241    0.0008    993.4298    801.6188    1.0125        0.0856
  ab_p[1,21]   -0.3173    0.0625    0.0020   1022.2573    560.2623    1.0099        0.0881
  ab_p[2,21]   -0.0570    0.0336    0.0024    169.4770    111.4992    1.0188        0.0146
  ab_p[1,22]   -0.0285    0.0656    0.0021    995.0273    537.2916    1.0090        0.0857
  ab_p[2,22]    0.0135    0.0242    0.0007   1146.6823    748.3383    1.0033        0.0988
  ab_p[1,23]    0.2180    0.0633    0.0020    968.8309    648.2442    1.0172        0.0835
  ab_p[2,23]    0.0016    0.0237    0.0008    820.7219    830.3093    1.0060        0.0707
  ab_p[1,24]   -0.0826    0.0635    0.0021    940.2553    556.2220    1.0126        0.0810
  ab_p[2,24]    0.0384    0.0273    0.0014    321.9036    548.9861    1.0109        0.0277
      σ_e[1]    0.3694    0.5284    0.0467     46.0266    136.6217    1.0830        0.0040
      σ_e[2]    0.3743    0.5669    0.0364    171.0583    140.4482    1.0196        0.0147
    ρ_e[1,1]    1.0000    0.0000       NaN         NaN         NaN       NaN           NaN
    ρ_e[2,1]    0.0012    0.4727    0.0203    518.2587    317.3710    1.0093        0.0447
    ρ_e[1,2]    0.0012    0.4727    0.0203    518.2587    317.3710    1.0093        0.0447
    ρ_e[2,2]    1.0000    0.0000    0.0000   1029.2472   1017.6308    1.0018        0.0887
   ab_e[1,1]    0.0047    0.0824    0.0040    699.0392    243.8209    1.0602        0.0602
   ab_e[2,1]   -0.0400    0.0412    0.0015    662.1496    602.7130    1.0100        0.0570
           σ    1.0096    0.0046    0.0002    898.4661    663.8291    1.0123        0.0774

Quantiles
  parameters      2.5%     25.0%     50.0%     75.0%     97.5%
      Symbol   Float64   Float64   Float64   Float64   Float64

      σ_w[1]    0.0053    0.0208    0.0420    0.0781    0.3563
      σ_w[2]    0.0065    0.0264    0.0465    0.0827    0.2712
    ρ_w[1,1]    1.0000    1.0000    1.0000    1.0000    1.0000
    ρ_w[2,1]   -0.7946   -0.3158    0.1128    0.4426    0.8564
    ρ_w[1,2]   -0.7946   -0.3158    0.1128    0.4426    0.8564
    ρ_w[2,2]    1.0000    1.0000    1.0000    1.0000    1.0000
   ab_w[1,1]   -0.0783   -0.0025    0.0133    0.0393    0.1738
   ab_w[2,1]   -0.0571   -0.0009    0.0166    0.0377    0.1136
   ab_w[1,2]   -0.1278   -0.0351   -0.0135    0.0002    0.1073
   ab_w[2,2]   -0.0873   -0.0297   -0.0074    0.0089    0.0752
   ab_w[1,3]   -0.1079   -0.0157    0.0008    0.0167    0.1207
   ab_w[2,3]   -0.1048   -0.0478   -0.0230   -0.0036    0.0573
      σ_p[1]    0.2072    0.2503    0.2765    0.3083    0.3938
      σ_p[2]    0.0068    0.0270    0.0344    0.0416    0.0613
    ρ_p[1,1]    1.0000    1.0000    1.0000    1.0000    1.0000
    ρ_p[2,1]   -0.5688   -0.2417   -0.0688    0.1187    0.4778
    ρ_p[1,2]   -0.5688   -0.2417   -0.0688    0.1187    0.4778
    ρ_p[2,2]    1.0000    1.0000    1.0000    1.0000    1.0000
   ab_p[1,1]   -0.0280    0.0588    0.1006    0.1428    0.2310
   ab_p[2,1]   -0.0689   -0.0361   -0.0184   -0.0027    0.0239
   ab_p[1,2]   -0.2778   -0.1898   -0.1482   -0.1060   -0.0229
   ab_p[2,2]   -0.0779   -0.0430   -0.0238   -0.0085    0.0201
   ab_p[1,3]    0.2888    0.3693    0.4149    0.4550    0.5447
   ab_p[2,3]   -0.0205    0.0038    0.0212    0.0413    0.0764
   ab_p[1,4]   -0.3829   -0.3028   -0.2585   -0.2156   -0.1330
   ab_p[2,4]   -0.0714   -0.0348   -0.0173   -0.0008    0.0285
   ab_p[1,5]   -0.2618   -0.1830   -0.1418   -0.1005   -0.0208
   ab_p[2,5]   -0.0829   -0.0444   -0.0262   -0.0093    0.0182
   ab_p[1,6]    0.6146    0.6996    0.7408    0.7830    0.8724
   ab_p[2,6]   -0.0675   -0.0291   -0.0096    0.0076    0.0414
   ab_p[1,7]   -0.2633   -0.1798   -0.1371   -0.1009   -0.0167
   ab_p[2,7]   -0.0415   -0.0120    0.0029    0.0191    0.0545
   ab_p[1,8]   -0.1130   -0.0297    0.0120    0.0530    0.1411
   ab_p[2,8]   -0.0420   -0.0138    0.0022    0.0169    0.0475
   ab_p[1,9]   -0.1306   -0.0461   -0.0038    0.0348    0.1179
   ab_p[2,9]   -0.0669   -0.0321   -0.0141   -0.0005    0.0305
  ab_p[1,10]   -0.2961   -0.2028   -0.1626   -0.1214   -0.0396
  ab_p[2,10]   -0.0162    0.0076    0.0253    0.0433    0.0813
  ab_p[1,11]   -0.5562   -0.4742   -0.4313   -0.3918   -0.3043
  ab_p[2,11]   -0.0171    0.0089    0.0279    0.0489    0.0846
  ab_p[1,12]   -0.1156   -0.0325    0.0089    0.0458    0.1338
  ab_p[2,12]   -0.0526   -0.0193   -0.0039    0.0108    0.0391
  ab_p[1,13]   -0.0130    0.0661    0.1090    0.1515    0.2352
  ab_p[2,13]   -0.0301   -0.0013    0.0133    0.0304    0.0683
  ab_p[1,14]    0.1131    0.1999    0.2367    0.2774    0.3613
  ab_p[2,14]   -0.0774   -0.0395   -0.0211   -0.0058    0.0189
  ab_p[1,15]    0.3187    0.4129    0.4490    0.4901    0.5783
  ab_p[2,15]   -0.0743   -0.0371   -0.0178   -0.0016    0.0283
  ab_p[1,16]   -0.1712   -0.0813   -0.0425   -0.0030    0.0838
  ab_p[2,16]   -0.0200    0.0053    0.0213    0.0400    0.0792
  ab_p[1,17]   -0.2522   -0.1692   -0.1276   -0.0860   -0.0020
  ab_p[2,17]   -0.0522   -0.0171   -0.0008    0.0147    0.0467
  ab_p[1,18]   -0.2114   -0.1244   -0.0846   -0.0488    0.0360
  ab_p[2,18]   -0.0360   -0.0045    0.0105    0.0263    0.0608
  ab_p[1,19]   -0.1746   -0.0826   -0.0408   -0.0037    0.0814
  ab_p[2,19]   -0.0280    0.0026    0.0184    0.0338    0.0680
  ab_p[1,20]   -0.3290   -0.2436   -0.2062   -0.1675   -0.0836
  ab_p[2,20]   -0.0427   -0.0103    0.0047    0.0194    0.0533
  ab_p[1,21]   -0.4394   -0.3584   -0.3166   -0.2772   -0.1904
  ab_p[2,21]   -0.1280   -0.0790   -0.0558   -0.0336    0.0032
  ab_p[1,22]   -0.1562   -0.0674   -0.0278    0.0122    0.1038
  ab_p[2,22]   -0.0319   -0.0023    0.0120    0.0289    0.0635
  ab_p[1,23]    0.0934    0.1781    0.2193    0.2577    0.3398
  ab_p[2,23]   -0.0468   -0.0138    0.0013    0.0166    0.0485
  ab_p[1,24]   -0.2143   -0.1219   -0.0804   -0.0433    0.0425
  ab_p[2,24]   -0.0064    0.0180    0.0362    0.0571    0.0956
      σ_e[1]    0.0064    0.0541    0.1712    0.4489    1.8859
      σ_e[2]    0.0119    0.0703    0.1820    0.4138    2.1230
    ρ_e[1,1]    1.0000    1.0000    1.0000    1.0000    1.0000
    ρ_e[2,1]   -0.8697   -0.3473    0.0008    0.3683    0.8519
    ρ_e[1,2]   -0.8697   -0.3473    0.0008    0.3683    0.8519
    ρ_e[2,2]    1.0000    1.0000    1.0000    1.0000    1.0000
   ab_e[1,1]   -0.1475   -0.0259    0.0032    0.0421    0.1518
   ab_e[2,1]   -0.1240   -0.0586   -0.0410   -0.0163    0.0388
           σ    1.0006    1.0067    1.0095    1.0127    1.0187

