Chains MCMC chain (250×87×4 Array{Float64, 3}):

Iterations        = 126:1:375
Number of chains  = 4
Samples per chain = 250
Wall duration     = 11125.27 seconds
Compute duration  = 29804.45 seconds
parameters        = σ_w[1], σ_w[2], ρ_w[1,1], ρ_w[2,1], ρ_w[1,2], ρ_w[2,2], ab_w[1,1], ab_w[2,1], ab_w[1,2], ab_w[2,2], ab_w[1,3], ab_w[2,3], σ_p[1], σ_p[2], ρ_p[1,1], ρ_p[2,1], ρ_p[1,2], ρ_p[2,2], ab_p[1,1], ab_p[2,1], ab_p[1,2], ab_p[2,2], ab_p[1,3], ab_p[2,3], ab_p[1,4], ab_p[2,4], ab_p[1,5], ab_p[2,5], ab_p[1,6], ab_p[2,6], ab_p[1,7], ab_p[2,7], ab_p[1,8], ab_p[2,8], ab_p[1,9], ab_p[2,9], ab_p[1,10], ab_p[2,10], ab_p[1,11], ab_p[2,11], ab_p[1,12], ab_p[2,12], ab_p[1,13], ab_p[2,13], ab_p[1,14], ab_p[2,14], ab_p[1,15], ab_p[2,15], ab_p[1,16], ab_p[2,16], ab_p[1,17], ab_p[2,17], ab_p[1,18], ab_p[2,18], ab_p[1,19], ab_p[2,19], ab_p[1,20], ab_p[2,20], ab_p[1,21], ab_p[2,21], ab_p[1,22], ab_p[2,22], ab_p[1,23], ab_p[2,23], ab_p[1,24], ab_p[2,24], σ_e[1], σ_e[2], ρ_e[1,1], ρ_e[2,1], ρ_e[1,2], ρ_e[2,2], ab_e[1,1], ab_e[2,1], σ
internals         = lp, n_steps, is_accept, acceptance_rate, log_density, hamiltonian_energy, hamiltonian_energy_error, max_hamiltonian_energy_error, tree_depth, numerical_error, step_size, nom_step_size

Summary Statistics
  parameters      mean       std      mcse    ess_bulk    ess_tail      rhat   ess_per_sec
      Symbol   Float64   Float64   Float64     Float64     Float64   Float64       Float64

      σ_w[1]    0.0366    0.0679    0.0059     57.2510    187.3213    1.0770        0.0019
      σ_w[2]    0.0342    0.0397    0.0032    135.3785    187.9760    1.0323        0.0045
    ρ_w[1,1]    1.0000    0.0000       NaN         NaN         NaN       NaN           NaN
    ρ_w[2,1]    0.0523    0.4420    0.0277    243.2948    355.7299    1.0192        0.0082
    ρ_w[1,2]    0.0523    0.4420    0.0277    243.2948    355.7299    1.0192        0.0082
    ρ_w[2,2]    1.0000    0.0000    0.0000    957.9677    800.9304    1.0027        0.0321
   ab_w[1,1]   -0.0038    0.0410    0.0018    858.5576    289.1637    1.0394        0.0288
   ab_w[2,1]   -0.0016    0.0254    0.0008    806.0303    553.7090    1.0148        0.0270
   ab_w[1,2]    0.0030    0.0391    0.0017    891.5508    365.8018    1.0271        0.0299
   ab_w[2,2]    0.0040    0.0250    0.0008    799.8779    250.3302    1.0171        0.0268
   ab_w[1,3]   -0.0088    0.0402    0.0018    845.8877    285.9718    1.0163        0.0284
   ab_w[2,3]   -0.0103    0.0261    0.0010    606.1144    590.3636    1.0181        0.0203
      σ_p[1]    0.1908    0.0314    0.0013    639.0131    450.6864    1.0086        0.0214
      σ_p[2]    0.0161    0.0086    0.0014     26.7967    131.5562    1.1256        0.0009
    ρ_p[1,1]    1.0000    0.0000       NaN         NaN         NaN       NaN           NaN
    ρ_p[2,1]    0.1836    0.3324    0.0162    414.9455    296.0413    1.0224        0.0139
    ρ_p[1,2]    0.1836    0.3324    0.0162    414.9455    296.0413    1.0224        0.0139
    ρ_p[2,2]    1.0000    0.0000    0.0000   1094.3045   1018.7672    0.9983        0.0367
   ab_p[1,1]   -0.1788    0.0467    0.0015   1005.7241    550.8533    1.0019        0.0337
   ab_p[2,1]   -0.0109    0.0163    0.0011    242.8631    472.0922    1.0188        0.0081
   ab_p[1,2]    0.1802    0.0488    0.0018    783.7288    514.8460    1.0060        0.0263
   ab_p[2,2]    0.0012    0.0147    0.0005    773.7123    521.0562    1.0114        0.0260
   ab_p[1,3]    0.2163    0.0482    0.0020    623.7448    687.8630    1.0056        0.0209
   ab_p[2,3]    0.0149    0.0183    0.0013    206.8274    357.9784    1.0272        0.0069
   ab_p[1,4]    0.0560    0.0488    0.0016    915.3179    637.9629    1.0075        0.0307
   ab_p[2,4]   -0.0100    0.0174    0.0009    461.1756    550.1334    1.0231        0.0155
   ab_p[1,5]    0.1722    0.0481    0.0016    896.1544    584.6391    1.0045        0.0301
   ab_p[2,5]   -0.0000    0.0147    0.0005    852.4680    411.2993    1.0324        0.0286
   ab_p[1,6]   -0.1849    0.0497    0.0016    983.6666    770.1529    1.0054        0.0330
   ab_p[2,6]   -0.0071    0.0153    0.0006    657.3029    627.6749    1.0218        0.0221
   ab_p[1,7]   -0.1950    0.0471    0.0016    912.3959    776.8898    1.0028        0.0306
   ab_p[2,7]    0.0019    0.0149    0.0006    632.0121    461.3115    1.0097        0.0212
   ab_p[1,8]    0.0008    0.0491    0.0016    963.6123    701.5011    1.0075        0.0323
   ab_p[2,8]   -0.0008    0.0128    0.0004   1072.3310    712.4685    1.0385        0.0360
   ab_p[1,9]    0.0422    0.0476    0.0016    922.1113    695.9680    1.0063        0.0309
   ab_p[2,9]   -0.0098    0.0170    0.0011    269.8562    439.1125    1.0242        0.0091
  ab_p[1,10]   -0.2224    0.0479    0.0017    815.0830    536.1117    1.0029        0.0273
  ab_p[2,10]   -0.0052    0.0155    0.0005    816.0164    439.5426    1.0209        0.0274
  ab_p[1,11]   -0.2281    0.0472    0.0015    970.9752    550.8013    1.0038        0.0326
  ab_p[2,11]   -0.0056    0.0146    0.0005    769.3975    498.0111    1.0118        0.0258
  ab_p[1,12]   -0.0113    0.0468    0.0016    862.6897    559.3641    1.0061        0.0289
  ab_p[2,12]    0.0131    0.0181    0.0015    221.6707    358.5739    1.0273        0.0074
  ab_p[1,13]    0.1644    0.0481    0.0015   1052.2333    693.9539    1.0058        0.0353
  ab_p[2,13]    0.0095    0.0145    0.0007    488.5008    776.5993    1.0264        0.0164
  ab_p[1,14]    0.1363    0.0475    0.0015   1048.8637    877.0218    0.9996        0.0352
  ab_p[2,14]    0.0016    0.0147    0.0005    987.0398    497.1706    1.0397        0.0331
  ab_p[1,15]    0.0626    0.0500    0.0016    934.1919    651.6560    1.0055        0.0313
  ab_p[2,15]    0.0032    0.0151    0.0005    925.7169    563.9987    1.0432        0.0311
  ab_p[1,16]   -0.2833    0.0476    0.0016    868.4318    666.3812    1.0035        0.0291
  ab_p[2,16]   -0.0117    0.0176    0.0010    397.4107    617.9451    1.0269        0.0133
  ab_p[1,17]   -0.1514    0.0472    0.0016    823.3324    695.4624    1.0009        0.0276
  ab_p[2,17]   -0.0052    0.0138    0.0005    750.7502    587.8071    1.0262        0.0252
  ab_p[1,18]   -0.0016    0.0470    0.0016    815.1499    724.3428    1.0021        0.0273
  ab_p[2,18]   -0.0033    0.0147    0.0005   1043.8051    444.9071    1.0244        0.0350
  ab_p[1,19]   -0.3522    0.0471    0.0016    887.8854    709.3047    1.0016        0.0298
  ab_p[2,19]    0.0002    0.0166    0.0007    643.6161    443.9359    1.0367        0.0216
  ab_p[1,20]    0.1096    0.0478    0.0015   1005.7341    699.5690    1.0017        0.0337
  ab_p[2,20]    0.0027    0.0141    0.0004   1070.4168    527.9800    1.0348        0.0359
  ab_p[1,21]    0.2807    0.0479    0.0016    933.5188    831.3459    1.0037        0.0313
  ab_p[2,21]    0.0094    0.0158    0.0006    737.9790    753.7153    1.0071        0.0248
  ab_p[1,22]    0.1029    0.0485    0.0016    948.8853    615.3597    1.0069        0.0318
  ab_p[2,22]    0.0036    0.0135    0.0005    791.8791    282.3702    1.0343        0.0266
  ab_p[1,23]    0.1066    0.0467    0.0016    844.9844    704.0736    1.0044        0.0284
  ab_p[2,23]    0.0004    0.0147    0.0005    995.1035    515.8554    1.0515        0.0334
  ab_p[1,24]    0.0878    0.0472    0.0015    943.8658    746.0734    1.0008        0.0317
  ab_p[2,24]    0.0025    0.0136    0.0004   1013.1937    397.8481    1.0200        0.0340
      σ_e[1]    0.2976    0.4174    0.0346     83.7044    101.9404    1.0237        0.0028
      σ_e[2]    0.2646    0.3800    0.0318     47.5875     58.6611    1.0617        0.0016
    ρ_e[1,1]    1.0000    0.0000       NaN         NaN         NaN       NaN           NaN
    ρ_e[2,1]   -0.0312    0.4428    0.0236    364.5345    405.2214    1.0138        0.0122
    ρ_e[1,2]   -0.0312    0.4428    0.0236    364.5345    405.2214    1.0138        0.0122
    ρ_e[2,2]    1.0000    0.0000    0.0000    944.2466    991.9003    0.9990        0.0317
   ab_e[1,1]   -0.0039    0.0513    0.0021    755.5162    404.9135    1.0058        0.0253
   ab_e[2,1]   -0.0284    0.0255    0.0010    502.4713    538.6186    1.0073        0.0169
           σ    0.9818    0.0047    0.0001   1025.7862    782.0502    1.0022        0.0344

Quantiles
  parameters      2.5%     25.0%     50.0%     75.0%     97.5%
      Symbol   Float64   Float64   Float64   Float64   Float64

      σ_w[1]    0.0027    0.0079    0.0168    0.0378    0.1566
      σ_w[2]    0.0035    0.0123    0.0228    0.0427    0.1291
    ρ_w[1,1]    1.0000    1.0000    1.0000    1.0000    1.0000
    ρ_w[2,1]   -0.7498   -0.3006    0.0632    0.3984    0.8111
    ρ_w[1,2]   -0.7498   -0.3006    0.0632    0.3984    0.8111
    ρ_w[2,2]    1.0000    1.0000    1.0000    1.0000    1.0000
   ab_w[1,1]   -0.0604   -0.0100   -0.0007    0.0078    0.0500
   ab_w[2,1]   -0.0554   -0.0128   -0.0007    0.0097    0.0450
   ab_w[1,2]   -0.0509   -0.0032    0.0032    0.0129    0.0626
   ab_w[2,2]   -0.0409   -0.0054    0.0035    0.0140    0.0535
   ab_w[1,3]   -0.0714   -0.0145   -0.0041    0.0027    0.0400
   ab_w[2,3]   -0.0632   -0.0198   -0.0073    0.0009    0.0355
      σ_p[1]    0.1426    0.1672    0.1883    0.2081    0.2622
      σ_p[2]    0.0042    0.0097    0.0144    0.0209    0.0369
    ρ_p[1,1]    1.0000    1.0000    1.0000    1.0000    1.0000
    ρ_p[2,1]   -0.4973   -0.0493    0.1912    0.4309    0.7692
    ρ_p[1,2]   -0.4973   -0.0493    0.1912    0.4309    0.7692
    ρ_p[2,2]    1.0000    1.0000    1.0000    1.0000    1.0000
   ab_p[1,1]   -0.2791   -0.2074   -0.1791   -0.1494   -0.0849
   ab_p[2,1]   -0.0503   -0.0194   -0.0082   -0.0002    0.0154
   ab_p[1,2]    0.0786    0.1492    0.1809    0.2127    0.2692
   ab_p[2,2]   -0.0319   -0.0057    0.0014    0.0091    0.0310
   ab_p[1,3]    0.1210    0.1862    0.2170    0.2457    0.3141
   ab_p[2,3]   -0.0116    0.0030    0.0106    0.0227    0.0599
   ab_p[1,4]   -0.0364    0.0219    0.0542    0.0888    0.1522
   ab_p[2,4]   -0.0521   -0.0187   -0.0068    0.0007    0.0166
   ab_p[1,5]    0.0794    0.1406    0.1723    0.2039    0.2656
   ab_p[2,5]   -0.0323   -0.0083    0.0001    0.0085    0.0294
   ab_p[1,6]   -0.2776   -0.2162   -0.1861   -0.1522   -0.0859
   ab_p[2,6]   -0.0418   -0.0165   -0.0053    0.0028    0.0193
   ab_p[1,7]   -0.2870   -0.2278   -0.1941   -0.1642   -0.1016
   ab_p[2,7]   -0.0246   -0.0070    0.0007    0.0095    0.0360
   ab_p[1,8]   -0.0937   -0.0336    0.0005    0.0344    0.0983
   ab_p[2,8]   -0.0274   -0.0078   -0.0004    0.0055    0.0244
   ab_p[1,9]   -0.0519    0.0094    0.0435    0.0743    0.1356
   ab_p[2,9]   -0.0520   -0.0181   -0.0066    0.0014    0.0147
  ab_p[1,10]   -0.3168   -0.2532   -0.2218   -0.1909   -0.1331
  ab_p[2,10]   -0.0405   -0.0130   -0.0042    0.0034    0.0248
  ab_p[1,11]   -0.3217   -0.2580   -0.2290   -0.1994   -0.1330
  ab_p[2,11]   -0.0358   -0.0142   -0.0039    0.0026    0.0230
  ab_p[1,12]   -0.1067   -0.0409   -0.0127    0.0206    0.0795
  ab_p[2,12]   -0.0140    0.0011    0.0085    0.0210    0.0593
  ab_p[1,13]    0.0726    0.1323    0.1630    0.1976    0.2565
  ab_p[2,13]   -0.0133   -0.0004    0.0071    0.0179    0.0401
  ab_p[1,14]    0.0447    0.1043    0.1356    0.1696    0.2277
  ab_p[2,14]   -0.0292   -0.0059    0.0016    0.0092    0.0329
  ab_p[1,15]   -0.0331    0.0296    0.0619    0.0971    0.1590
  ab_p[2,15]   -0.0273   -0.0047    0.0022    0.0108    0.0373
  ab_p[1,16]   -0.3786   -0.3137   -0.2809   -0.2507   -0.1948
  ab_p[2,16]   -0.0522   -0.0222   -0.0089    0.0002    0.0184
  ab_p[1,17]   -0.2467   -0.1789   -0.1524   -0.1206   -0.0565
  ab_p[2,17]   -0.0362   -0.0126   -0.0041    0.0034    0.0206
  ab_p[1,18]   -0.0962   -0.0315   -0.0021    0.0288    0.0921
  ab_p[2,18]   -0.0354   -0.0097   -0.0023    0.0044    0.0244
  ab_p[1,19]   -0.4478   -0.3831   -0.3512   -0.3221   -0.2591
  ab_p[2,19]   -0.0326   -0.0094    0.0002    0.0089    0.0345
  ab_p[1,20]    0.0142    0.0788    0.1082    0.1413    0.2010
  ab_p[2,20]   -0.0257   -0.0050    0.0021    0.0105    0.0297
  ab_p[1,21]    0.1940    0.2490    0.2810    0.3113    0.3788
  ab_p[2,21]   -0.0191   -0.0012    0.0074    0.0198    0.0459
  ab_p[1,22]    0.0080    0.0719    0.1035    0.1355    0.1909
  ab_p[2,22]   -0.0233   -0.0048    0.0027    0.0113    0.0315
  ab_p[1,23]    0.0099    0.0770    0.1066    0.1375    0.1974
  ab_p[2,23]   -0.0320   -0.0078    0.0008    0.0086    0.0306
  ab_p[1,24]   -0.0093    0.0581    0.0888    0.1185    0.1794
  ab_p[2,24]   -0.0252   -0.0052    0.0017    0.0089    0.0329
      σ_e[1]    0.0063    0.0501    0.1325    0.3672    1.5788
      σ_e[2]    0.0060    0.0532    0.1152    0.2940    1.3518
    ρ_e[1,1]    1.0000    1.0000    1.0000    1.0000    1.0000
    ρ_e[2,1]   -0.7936   -0.3838   -0.0606    0.3090    0.8088
    ρ_e[1,2]   -0.7936   -0.3838   -0.0606    0.3090    0.8088
    ρ_e[2,2]    1.0000    1.0000    1.0000    1.0000    1.0000
   ab_e[1,1]   -0.0880   -0.0297   -0.0037    0.0177    0.0794
   ab_e[2,1]   -0.0717   -0.0403   -0.0298   -0.0176    0.0204
           σ    0.9727    0.9788    0.9817    0.9849    0.9911

