cpu-bind=MASK - bp1-compute062, task  0  0 [2624698]: mask 0xc00000c0 set
cpu-bind=MASK - bp1-compute062, task  0  0 [2624696]: mask 0x300000300 set
cpu-bind=MASK - bp1-compute062, task  0  0 [2624697]: mask 0x3000003 set
cpu-bind=MASK - bp1-compute062, task  0  0 [2624695]: mask 0x30000030 set
Running on host bp1-compute062
Running on host bp1-compute062
Time is Thu Apr 2 19:12:36 BST 2026
Running on host bp1-compute062
Time is Thu Apr 2 19:12:36 BST 2026
Directory is /user/home/em18564/bayesian/BC4/Bayes/experiments/PCA_LKJ_FullCF
Slurm job ID is 16554697
This job runs on the following machines:
Directory is /user/home/em18564/bayesian/BC4/Bayes/experiments/PCA_LKJ_FullCF
Slurm job ID is 16554698
This job runs on the following machines:
Time is Thu Apr 2 19:12:36 BST 2026
Directory is /user/home/em18564/bayesian/BC4/Bayes/experiments/PCA_LKJ_FullCF
Slurm job ID is 16554700
This job runs on the following machines:
bp1-compute062
bp1-compute062
bp1-compute062
Running on host bp1-compute062
Time is Thu Apr 2 19:12:36 BST 2026
Directory is /user/home/em18564/bayesian/BC4/Bayes/experiments/PCA_LKJ_FullCF
Slurm job ID is 16554699
This job runs on the following machines:
bp1-compute062
Sampling (4 threads)   0%|                              |  ETA: N/A
┌ Info: Found initial step size
└   ϵ = 0.00625
┌ Info: Found initial step size
└   ϵ = 0.000390625
┌ Info: Found initial step size
└   ϵ = 0.00625
┌ Info: Found initial step size
└   ϵ = 0.003125
Sampling (4 threads)   0%|▏                             |  ETA: 2:42:37
Sampling (4 threads)   1%|▎                             |  ETA: 1:21:00
Sampling (4 threads)   2%|▌                             |  ETA: 0:56:43
Sampling (4 threads)   2%|▋                             |  ETA: 0:42:20
Sampling (4 threads)   2%|▊                             |  ETA: 0:38:03
Sampling (4 threads)   3%|▉                             |  ETA: 0:31:32
Sampling (4 threads)   4%|█                             |  ETA: 0:43:07
Sampling (4 threads)   4%|█▎                            |  ETA: 0:37:32
Sampling (4 threads)   4%|█▍                            |  ETA: 0:33:11
Sampling (4 threads)   5%|█▌                            |  ETA: 0:29:43
Sampling (4 threads)   6%|█▋                            |  ETA: 0:49:40
Sampling (4 threads)   6%|█▊                            |  ETA: 0:45:17
Sampling (4 threads)   6%|██                            |  ETA: 0:41:35
Sampling (4 threads)   7%|██▏                           |  ETA: 0:55:55
Sampling (4 threads)   8%|██▎                           |  ETA: 0:51:54
Sampling (4 threads)   8%|██▍                           |  ETA: 0:48:24
Sampling (4 threads)   8%|██▌                           |  ETA: 1:11:26
Sampling (4 threads)   9%|██▊                           |  ETA: 1:07:06
Sampling (4 threads)  10%|██▉                           |  ETA: 1:03:13
Sampling (4 threads)  10%|███                           |  ETA: 1:30:07
Sampling (4 threads)  10%|███▏                          |  ETA: 1:25:21
Sampling (4 threads)  11%|███▎                          |  ETA: 1:21:01
Sampling (4 threads)  12%|███▌                          |  ETA: 1:26:39
Sampling (4 threads)  12%|███▋                          |  ETA: 1:22:34
Sampling (4 threads)  12%|███▊                          |  ETA: 1:25:44
Sampling (4 threads)  13%|███▉                          |  ETA: 1:21:58
Sampling (4 threads)  14%|████                          |  ETA: 1:18:29
Sampling (4 threads)  14%|████▎                         |  ETA: 1:23:23
Sampling (4 threads)  14%|████▍                         |  ETA: 1:20:03
Sampling (4 threads)  15%|████▌                         |  ETA: 1:33:46
Sampling (4 threads)  16%|████▋                         |  ETA: 1:30:12
Sampling (4 threads)  16%|████▊                         |  ETA: 1:26:52
Sampling (4 threads)  16%|█████                         |  ETA: 1:38:41
Sampling (4 threads)  17%|█████▏                        |  ETA: 1:35:13
Sampling (4 threads)  18%|█████▎                        |  ETA: 1:31:56
Sampling (4 threads)  18%|█████▍                        |  ETA: 1:28:50
Sampling (4 threads)  18%|█████▌                        |  ETA: 1:34:35
Sampling (4 threads)  19%|█████▊                        |  ETA: 1:31:31
Sampling (4 threads)  20%|█████▉                        |  ETA: 1:28:38
Sampling (4 threads)  20%|██████                        |  ETA: 1:36:23
Sampling (4 threads)  20%|██████▏                       |  ETA: 1:33:27
Sampling (4 threads)  21%|██████▎                       |  ETA: 1:30:39
Sampling (4 threads)  22%|██████▌                       |  ETA: 1:27:59
Sampling (4 threads)  22%|██████▋                       |  ETA: 1:34:26
Sampling (4 threads)  22%|██████▊                       |  ETA: 1:31:44
Sampling (4 threads)  23%|██████▉                       |  ETA: 1:37:39
Sampling (4 threads)  24%|███████                       |  ETA: 1:34:57
Sampling (4 threads)  24%|███████▎                      |  ETA: 1:32:22
Sampling (4 threads)  24%|███████▍                      |  ETA: 1:34:43
Sampling (4 threads)  25%|███████▌                      |  ETA: 1:32:12
Sampling (4 threads)  26%|███████▋                      |  ETA: 1:29:48
Sampling (4 threads)  26%|███████▊                      |  ETA: 1:30:08
Sampling (4 threads)  26%|████████                      |  ETA: 1:27:50
Sampling (4 threads)  27%|████████▏                     |  ETA: 1:30:00
Sampling (4 threads)  28%|████████▎                     |  ETA: 1:27:45
Sampling (4 threads)  28%|████████▍                     |  ETA: 1:25:36
Sampling (4 threads)  28%|████████▌                     |  ETA: 1:23:31
Sampling (4 threads)  29%|████████▊                     |  ETA: 1:29:07
Sampling (4 threads)  30%|████████▉                     |  ETA: 1:27:00
Sampling (4 threads)  30%|█████████                     |  ETA: 1:24:56
Sampling (4 threads)  30%|█████████▏                    |  ETA: 1:29:11
Sampling (4 threads)  31%|█████████▎                    |  ETA: 1:27:07
Sampling (4 threads)  32%|█████████▌                    |  ETA: 1:30:49
Sampling (4 threads)  32%|█████████▋                    |  ETA: 1:28:45
Sampling (4 threads)  32%|█████████▊                    |  ETA: 1:26:44
Sampling (4 threads)  33%|█████████▉                    |  ETA: 1:27:03
Sampling (4 threads)  34%|██████████                    |  ETA: 1:25:07
Sampling (4 threads)  34%|██████████▎                   |  ETA: 1:26:11
Sampling (4 threads)  34%|██████████▍                   |  ETA: 1:24:18
Sampling (4 threads)  35%|██████████▌                   |  ETA: 1:24:33
Sampling (4 threads)  36%|██████████▋                   |  ETA: 1:22:44
Sampling (4 threads)  36%|██████████▊                   |  ETA: 1:20:57
Sampling (4 threads)  36%|███████████                   |  ETA: 1:21:41
Sampling (4 threads)  37%|███████████▏                  |  ETA: 1:19:56
Sampling (4 threads)  38%|███████████▎                  |  ETA: 1:20:08
Sampling (4 threads)  38%|███████████▍                  |  ETA: 1:18:27
Sampling (4 threads)  38%|███████████▌                  |  ETA: 1:19:59
Sampling (4 threads)  39%|███████████▊                  |  ETA: 1:18:19
Sampling (4 threads)  40%|███████████▉                  |  ETA: 1:16:41
Sampling (4 threads)  40%|████████████                  |  ETA: 1:17:30
Sampling (4 threads)  40%|████████████▏                 |  ETA: 1:15:54
Sampling (4 threads)  41%|████████████▎                 |  ETA: 1:17:18
Sampling (4 threads)  42%|████████████▌                 |  ETA: 1:15:43
Sampling (4 threads)  42%|████████████▋                 |  ETA: 1:14:11
Sampling (4 threads)  42%|████████████▊                 |  ETA: 1:16:46
Sampling (4 threads)  43%|████████████▉                 |  ETA: 1:15:13
Sampling (4 threads)  44%|█████████████                 |  ETA: 1:13:42
Sampling (4 threads)  44%|█████████████▎                |  ETA: 1:15:32
Sampling (4 threads)  44%|█████████████▍                |  ETA: 1:14:01
Sampling (4 threads)  45%|█████████████▌                |  ETA: 1:12:32
Sampling (4 threads)  46%|█████████████▋                |  ETA: 1:11:06
Sampling (4 threads)  46%|█████████████▊                |  ETA: 1:12:48
Sampling (4 threads)  46%|██████████████                |  ETA: 1:11:21
Sampling (4 threads)  47%|██████████████▏               |  ETA: 1:09:55
Sampling (4 threads)  48%|██████████████▎               |  ETA: 1:10:19
Sampling (4 threads)  48%|██████████████▍               |  ETA: 1:08:55
Sampling (4 threads)  48%|██████████████▌               |  ETA: 1:10:34
Sampling (4 threads)  49%|██████████████▊               |  ETA: 1:09:10
Sampling (4 threads)  50%|██████████████▉               |  ETA: 1:07:48
Sampling (4 threads)  50%|███████████████               |  ETA: 1:08:45
Sampling (4 threads)  50%|███████████████▏              |  ETA: 1:07:23
Sampling (4 threads)  51%|███████████████▎              |  ETA: 1:06:03
Sampling (4 threads)  52%|███████████████▌              |  ETA: 1:06:08
Sampling (4 threads)  52%|███████████████▋              |  ETA: 1:04:50
Sampling (4 threads)  52%|███████████████▊              |  ETA: 1:05:27
Sampling (4 threads)  53%|███████████████▉              |  ETA: 1:04:09
Sampling (4 threads)  54%|████████████████              |  ETA: 1:03:06
Sampling (4 threads)  54%|████████████████▎             |  ETA: 1:01:51
Sampling (4 threads)  55%|████████████████▍             |  ETA: 1:00:48
Sampling (4 threads)  55%|████████████████▌             |  ETA: 0:59:35
Sampling (4 threads)  56%|████████████████▋             |  ETA: 0:58:31
Sampling (4 threads)  56%|████████████████▊             |  ETA: 0:57:20
Sampling (4 threads)  56%|█████████████████             |  ETA: 0:56:11
Sampling (4 threads)  57%|█████████████████▏            |  ETA: 0:55:17
Sampling (4 threads)  57%|█████████████████▎            |  ETA: 0:54:10
Sampling (4 threads)  58%|█████████████████▍            |  ETA: 0:53:19
Sampling (4 threads)  58%|█████████████████▌            |  ETA: 0:52:14
Sampling (4 threads)  59%|█████████████████▊            |  ETA: 0:51:34
Sampling (4 threads)  60%|█████████████████▉            |  ETA: 0:50:31
Sampling (4 threads)  60%|██████████████████            |  ETA: 0:49:57
Sampling (4 threads)  60%|██████████████████▏           |  ETA: 0:48:55
Sampling (4 threads)  61%|██████████████████▎           |  ETA: 0:47:54
Sampling (4 threads)  62%|██████████████████▌           |  ETA: 0:47:50
Sampling (4 threads)  62%|██████████████████▋           |  ETA: 0:46:50
Sampling (4 threads)  62%|██████████████████▊           |  ETA: 0:45:51
Sampling (4 threads)  63%|██████████████████▉           |  ETA: 0:46:07
Sampling (4 threads)  64%|███████████████████           |  ETA: 0:45:08
Sampling (4 threads)  64%|███████████████████▎          |  ETA: 0:44:10
Sampling (4 threads)  64%|███████████████████▍          |  ETA: 0:44:11
Sampling (4 threads)  65%|███████████████████▌          |  ETA: 0:43:14
Sampling (4 threads)  66%|███████████████████▋          |  ETA: 0:43:38
Sampling (4 threads)  66%|███████████████████▊          |  ETA: 0:42:41
Sampling (4 threads)  66%|████████████████████          |  ETA: 0:41:48
Sampling (4 threads)  67%|████████████████████▏         |  ETA: 0:41:19
Sampling (4 threads)  68%|████████████████████▎         |  ETA: 0:40:49
Sampling (4 threads)  68%|████████████████████▍         |  ETA: 0:40:10
Sampling (4 threads)  68%|████████████████████▌         |  ETA: 0:39:30
Sampling (4 threads)  69%|████████████████████▊         |  ETA: 0:39:24
Sampling (4 threads)  70%|████████████████████▉         |  ETA: 0:38:48
Sampling (4 threads)  70%|█████████████████████         |  ETA: 0:38:37
Sampling (4 threads)  70%|█████████████████████▏        |  ETA: 0:38:23
Sampling (4 threads)  71%|█████████████████████▎        |  ETA: 0:37:56
Sampling (4 threads)  72%|█████████████████████▌        |  ETA: 0:37:26
Sampling (4 threads)  72%|█████████████████████▋        |  ETA: 0:37:04
Sampling (4 threads)  72%|█████████████████████▊        |  ETA: 0:36:29
Sampling (4 threads)  73%|█████████████████████▉        |  ETA: 0:36:01
Sampling (4 threads)  74%|██████████████████████        |  ETA: 0:35:25
Sampling (4 threads)  74%|██████████████████████▎       |  ETA: 0:34:41
Sampling (4 threads)  74%|██████████████████████▍       |  ETA: 0:34:07
Sampling (4 threads)  75%|██████████████████████▌       |  ETA: 0:33:26
Sampling (4 threads)  76%|██████████████████████▋       |  ETA: 0:32:41
Sampling (4 threads)  76%|██████████████████████▊       |  ETA: 0:32:15
Sampling (4 threads)  76%|███████████████████████       |  ETA: 0:31:32
Sampling (4 threads)  77%|███████████████████████▏      |  ETA: 0:31:03
Sampling (4 threads)  78%|███████████████████████▎      |  ETA: 0:30:33
Sampling (4 threads)  78%|███████████████████████▍      |  ETA: 0:29:52
Sampling (4 threads)  78%|███████████████████████▌      |  ETA: 0:29:19
Sampling (4 threads)  79%|███████████████████████▊      |  ETA: 0:28:45
Sampling (4 threads)  80%|███████████████████████▉      |  ETA: 0:28:06
Sampling (4 threads)  80%|████████████████████████      |  ETA: 0:27:29
Sampling (4 threads)  80%|████████████████████████▏     |  ETA: 0:26:53
Sampling (4 threads)  81%|████████████████████████▎     |  ETA: 0:26:06
Sampling (4 threads)  82%|████████████████████████▌     |  ETA: 0:25:30
Sampling (4 threads)  82%|████████████████████████▋     |  ETA: 0:24:42
Sampling (4 threads)  82%|████████████████████████▊     |  ETA: 0:23:55
Sampling (4 threads)  83%|████████████████████████▉     |  ETA: 0:23:18
Sampling (4 threads)  84%|█████████████████████████     |  ETA: 0:22:37
Sampling (4 threads)  84%|█████████████████████████▎    |  ETA: 0:21:57
Sampling (4 threads)  84%|█████████████████████████▍    |  ETA: 0:21:16
Sampling (4 threads)  85%|█████████████████████████▌    |  ETA: 0:20:39
Sampling (4 threads)  86%|█████████████████████████▋    |  ETA: 0:19:57
Sampling (4 threads)  86%|█████████████████████████▊    |  ETA: 0:19:19
Sampling (4 threads)  86%|██████████████████████████    |  ETA: 0:18:33
Sampling (4 threads)  87%|██████████████████████████▏   |  ETA: 0:17:58
Sampling (4 threads)  88%|██████████████████████████▎   |  ETA: 0:17:21
Sampling (4 threads)  88%|██████████████████████████▍   |  ETA: 0:16:42
Sampling (4 threads)  88%|██████████████████████████▌   |  ETA: 0:15:58
Sampling (4 threads)  89%|██████████████████████████▊   |  ETA: 0:15:18
Sampling (4 threads)  90%|██████████████████████████▉   |  ETA: 0:14:34
Sampling (4 threads)  90%|███████████████████████████   |  ETA: 0:13:58
Sampling (4 threads)  90%|███████████████████████████▏  |  ETA: 0:13:15
Sampling (4 threads)  91%|███████████████████████████▎  |  ETA: 0:12:32
Sampling (4 threads)  92%|███████████████████████████▌  |  ETA: 0:11:51
Sampling (4 threads)  92%|███████████████████████████▋  |  ETA: 0:11:10
Sampling (4 threads)  92%|███████████████████████████▊  |  ETA: 0:10:28
Sampling (4 threads)  93%|███████████████████████████▉  |  ETA: 0:09:48
Sampling (4 threads)  94%|████████████████████████████  |  ETA: 0:09:06
Sampling (4 threads)  94%|████████████████████████████▎ |  ETA: 0:08:26
Sampling (4 threads)  94%|████████████████████████████▍ |  ETA: 0:07:44
Sampling (4 threads)  95%|████████████████████████████▌ |  ETA: 0:07:05
Sampling (4 threads)  96%|████████████████████████████▋ |  ETA: 0:06:23
Sampling (4 threads)  96%|████████████████████████████▊ |  ETA: 0:05:40
Sampling (4 threads)  96%|█████████████████████████████ |  ETA: 0:04:57
Sampling (4 threads)  97%|█████████████████████████████▏|  ETA: 0:04:17
Sampling (4 threads)  98%|█████████████████████████████▎|  ETA: 0:03:36
Sampling (4 threads)  98%|█████████████████████████████▍|  ETA: 0:02:53
Sampling (4 threads)  98%|█████████████████████████████▌|  ETA: 0:02:10
Sampling (4 threads)  99%|█████████████████████████████▊|  ETA: 0:01:27
Sampling (4 threads) 100%|█████████████████████████████▉|  ETA: 0:00:43
Sampling (4 threads) 100%|██████████████████████████████| Time: 2:24:57
Sampling (4 threads) 100%|██████████████████████████████| Time: 2:24:57
Sampling (4 threads)   0%|                              |  ETA: N/A
┌ Info: Found initial step size
└   ϵ = 0.0015625
┌ Info: Found initial step size
└   ϵ = 0.00625
┌ Info: Found initial step size
└   ϵ = 0.00625
┌ Info: Found initial step size
└   ϵ = 0.003125
Sampling (4 threads)   0%|▏                             |  ETA: 2:39:46
Sampling (4 threads)   1%|▎                             |  ETA: 1:19:34
Sampling (4 threads)   2%|▌                             |  ETA: 0:57:01
Sampling (4 threads)   2%|▋                             |  ETA: 0:42:33
Sampling (4 threads)   2%|▊                             |  ETA: 0:33:52
Sampling (4 threads)   3%|▉                             |  ETA: 0:28:05
Sampling (4 threads)   4%|█                             |  ETA: 0:25:50
Sampling (4 threads)   4%|█▎                            |  ETA: 0:22:29
Sampling (4 threads)   4%|█▍                            |  ETA: 0:21:16
Sampling (4 threads)   5%|█▌                            |  ETA: 0:19:02
Sampling (4 threads)   6%|█▋                            |  ETA: 0:17:13
Sampling (4 threads)   6%|█▊                            |  ETA: 0:15:42
Sampling (4 threads)   6%|██                            |  ETA: 0:15:49
Sampling (4 threads)   7%|██▏                           |  ETA: 0:14:36
Sampling (4 threads)   8%|██▎                           |  ETA: 0:13:34
Sampling (4 threads)   8%|██▍                           |  ETA: 0:14:10
Sampling (4 threads)   8%|██▌                           |  ETA: 0:13:15
Sampling (4 threads)   9%|██▊                           |  ETA: 0:14:17
Sampling (4 threads)  10%|██▉                           |  ETA: 0:13:28
Sampling (4 threads)  10%|███                           |  ETA: 0:12:43
Sampling (4 threads)  10%|███▏                          |  ETA: 0:14:24
Sampling (4 threads)  11%|███▎                          |  ETA: 0:13:40
Sampling (4 threads)  12%|███▌                          |  ETA: 0:13:00
Sampling (4 threads)  12%|███▋                          |  ETA: 0:24:03
Sampling (4 threads)  12%|███▊                          |  ETA: 0:22:58
Sampling (4 threads)  13%|███▉                          |  ETA: 0:21:57
Sampling (4 threads)  14%|████                          |  ETA: 0:37:29
Sampling (4 threads)  14%|████▎                         |  ETA: 0:35:56
Sampling (4 threads)  14%|████▍                         |  ETA: 0:34:30
Sampling (4 threads)  15%|████▌                         |  ETA: 0:45:38
Sampling (4 threads)  16%|████▋                         |  ETA: 0:43:54
Sampling (4 threads)  16%|████▊                         |  ETA: 0:58:52
Sampling (4 threads)  16%|█████                         |  ETA: 0:56:44
Sampling (4 threads)  17%|█████▏                        |  ETA: 0:54:44
Sampling (4 threads)  18%|█████▎                        |  ETA: 1:07:02
Sampling (4 threads)  18%|█████▍                        |  ETA: 1:04:47
Sampling (4 threads)  18%|█████▌                        |  ETA: 1:02:39
Sampling (4 threads)  19%|█████▊                        |  ETA: 1:00:37
Sampling (4 threads)  20%|█████▉                        |  ETA: 1:05:54
Sampling (4 threads)  20%|██████                        |  ETA: 1:03:51
Sampling (4 threads)  20%|██████▏                       |  ETA: 1:06:43
Sampling (4 threads)  21%|██████▎                       |  ETA: 1:04:43
Sampling (4 threads)  22%|██████▌                       |  ETA: 1:07:34
Sampling (4 threads)  22%|██████▋                       |  ETA: 1:05:36
Sampling (4 threads)  22%|██████▊                       |  ETA: 1:03:44
Sampling (4 threads)  23%|██████▉                       |  ETA: 1:01:57
Sampling (4 threads)  24%|███████                       |  ETA: 1:08:02
Sampling (4 threads)  24%|███████▎                      |  ETA: 1:06:11
Sampling (4 threads)  24%|███████▍                      |  ETA: 1:10:57
Sampling (4 threads)  25%|███████▌                      |  ETA: 1:09:04
Sampling (4 threads)  26%|███████▋                      |  ETA: 1:07:16
Sampling (4 threads)  26%|███████▊                      |  ETA: 1:05:31
Sampling (4 threads)  26%|████████                      |  ETA: 1:07:05
Sampling (4 threads)  27%|████████▏                     |  ETA: 1:05:23
Sampling (4 threads)  28%|████████▎                     |  ETA: 1:09:40
Sampling (4 threads)  28%|████████▍                     |  ETA: 1:07:57
Sampling (4 threads)  28%|████████▌                     |  ETA: 1:06:18
Sampling (4 threads)  29%|████████▊                     |  ETA: 1:04:42
Sampling (4 threads)  30%|████████▉                     |  ETA: 1:10:28
Sampling (4 threads)  30%|█████████                     |  ETA: 1:08:48
Sampling (4 threads)  30%|█████████▏                    |  ETA: 1:07:12
Sampling (4 threads)  31%|█████████▎                    |  ETA: 1:08:41
Sampling (4 threads)  32%|█████████▌                    |  ETA: 1:07:06
Sampling (4 threads)  32%|█████████▋                    |  ETA: 1:05:34
Sampling (4 threads)  32%|█████████▊                    |  ETA: 1:07:12
Sampling (4 threads)  33%|█████████▉                    |  ETA: 1:05:41
Sampling (4 threads)  34%|██████████                    |  ETA: 1:08:05
Sampling (4 threads)  34%|██████████▎                   |  ETA: 1:06:34
Sampling (4 threads)  34%|██████████▍                   |  ETA: 1:05:06
Sampling (4 threads)  35%|██████████▌                   |  ETA: 1:06:36
Sampling (4 threads)  36%|██████████▋                   |  ETA: 1:05:10
Sampling (4 threads)  36%|██████████▊                   |  ETA: 1:08:30
Sampling (4 threads)  36%|███████████                   |  ETA: 1:07:02
Sampling (4 threads)  37%|███████████▏                  |  ETA: 1:05:37
Sampling (4 threads)  38%|███████████▎                  |  ETA: 1:08:18
Sampling (4 threads)  38%|███████████▍                  |  ETA: 1:06:52
Sampling (4 threads)  38%|███████████▌                  |  ETA: 1:05:28
Sampling (4 threads)  39%|███████████▊                  |  ETA: 1:08:56
Sampling (4 threads)  40%|███████████▉                  |  ETA: 1:07:30
Sampling (4 threads)  40%|████████████                  |  ETA: 1:06:06
Sampling (4 threads)  40%|████████████▏                 |  ETA: 1:07:00
Sampling (4 threads)  41%|████████████▎                 |  ETA: 1:05:38
Sampling (4 threads)  42%|████████████▌                 |  ETA: 1:07:01
Sampling (4 threads)  42%|████████████▋                 |  ETA: 1:05:40
Sampling (4 threads)  42%|████████████▊                 |  ETA: 1:04:20
Sampling (4 threads)  43%|████████████▉                 |  ETA: 1:04:37
Sampling (4 threads)  44%|█████████████                 |  ETA: 1:03:19
Sampling (4 threads)  44%|█████████████▎                |  ETA: 1:05:40
Sampling (4 threads)  44%|█████████████▍                |  ETA: 1:04:21
Sampling (4 threads)  45%|█████████████▌                |  ETA: 1:03:04
Sampling (4 threads)  46%|█████████████▋                |  ETA: 1:03:47
Sampling (4 threads)  46%|█████████████▊                |  ETA: 1:02:31
Sampling (4 threads)  46%|██████████████                |  ETA: 1:02:56
Sampling (4 threads)  47%|██████████████▏               |  ETA: 1:01:41
Sampling (4 threads)  48%|██████████████▎               |  ETA: 1:00:28
Sampling (4 threads)  48%|██████████████▍               |  ETA: 1:01:25
Sampling (4 threads)  48%|██████████████▌               |  ETA: 1:00:12
Sampling (4 threads)  49%|██████████████▊               |  ETA: 1:01:02
Sampling (4 threads)  50%|██████████████▉               |  ETA: 0:59:50
Sampling (4 threads)  50%|███████████████               |  ETA: 0:58:38
Sampling (4 threads)  50%|███████████████▏              |  ETA: 0:59:41
Sampling (4 threads)  51%|███████████████▎              |  ETA: 0:58:30
Sampling (4 threads)  52%|███████████████▌              |  ETA: 0:57:20
Sampling (4 threads)  52%|███████████████▋              |  ETA: 0:59:22
Sampling (4 threads)  52%|███████████████▊              |  ETA: 0:58:12
Sampling (4 threads)  53%|███████████████▉              |  ETA: 1:00:13
Sampling (4 threads)  54%|████████████████              |  ETA: 0:59:01
Sampling (4 threads)  54%|████████████████▎             |  ETA: 0:57:51
Sampling (4 threads)  55%|████████████████▍             |  ETA: 0:58:23
Sampling (4 threads)  55%|████████████████▌             |  ETA: 0:57:13
Sampling (4 threads)  56%|████████████████▋             |  ETA: 0:57:32
Sampling (4 threads)  56%|████████████████▊             |  ETA: 0:56:22
Sampling (4 threads)  56%|█████████████████             |  ETA: 0:55:14
Sampling (4 threads)  57%|█████████████████▏            |  ETA: 0:56:12
Sampling (4 threads)  57%|█████████████████▎            |  ETA: 0:55:04
Sampling (4 threads)  58%|█████████████████▍            |  ETA: 0:53:57
Sampling (4 threads)  58%|█████████████████▌            |  ETA: 0:54:57
Sampling (4 threads)  59%|█████████████████▊            |  ETA: 0:53:50
Sampling (4 threads)  60%|█████████████████▉            |  ETA: 0:52:44
Sampling (4 threads)  60%|██████████████████            |  ETA: 0:53:22
Sampling (4 threads)  60%|██████████████████▏           |  ETA: 0:52:16
Sampling (4 threads)  61%|██████████████████▎           |  ETA: 0:51:11
Sampling (4 threads)  62%|██████████████████▌           |  ETA: 0:51:18
Sampling (4 threads)  62%|██████████████████▋           |  ETA: 0:50:13
Sampling (4 threads)  62%|██████████████████▊           |  ETA: 0:49:52
Sampling (4 threads)  63%|██████████████████▉           |  ETA: 0:48:48
Sampling (4 threads)  64%|███████████████████           |  ETA: 0:49:54
Sampling (4 threads)  64%|███████████████████▎          |  ETA: 0:48:50
Sampling (4 threads)  64%|███████████████████▍          |  ETA: 0:47:47
Sampling (4 threads)  65%|███████████████████▌          |  ETA: 0:48:36
Sampling (4 threads)  66%|███████████████████▋          |  ETA: 0:47:32
Sampling (4 threads)  66%|███████████████████▊          |  ETA: 0:46:30
Sampling (4 threads)  66%|████████████████████          |  ETA: 0:45:28
Sampling (4 threads)  67%|████████████████████▏         |  ETA: 0:45:46
Sampling (4 threads)  68%|████████████████████▎         |  ETA: 0:44:44
Sampling (4 threads)  68%|████████████████████▍         |  ETA: 0:43:44
Sampling (4 threads)  68%|████████████████████▌         |  ETA: 0:43:25
Sampling (4 threads)  69%|████████████████████▊         |  ETA: 0:42:25
Sampling (4 threads)  70%|████████████████████▉         |  ETA: 0:42:12
Sampling (4 threads)  70%|█████████████████████         |  ETA: 0:41:13
Sampling (4 threads)  70%|█████████████████████▏        |  ETA: 0:40:14
Sampling (4 threads)  71%|█████████████████████▎        |  ETA: 0:40:40
Sampling (4 threads)  72%|█████████████████████▌        |  ETA: 0:39:41
Sampling (4 threads)  72%|█████████████████████▋        |  ETA: 0:38:43
Sampling (4 threads)  72%|█████████████████████▊        |  ETA: 0:38:47
Sampling (4 threads)  73%|█████████████████████▉        |  ETA: 0:37:49
Sampling (4 threads)  74%|██████████████████████        |  ETA: 0:36:52
Sampling (4 threads)  74%|██████████████████████▎       |  ETA: 0:37:18
Sampling (4 threads)  74%|██████████████████████▍       |  ETA: 0:36:20
Sampling (4 threads)  75%|██████████████████████▌       |  ETA: 0:35:23
Sampling (4 threads)  76%|██████████████████████▋       |  ETA: 0:34:27
Sampling (4 threads)  76%|██████████████████████▊       |  ETA: 0:34:24
Sampling (4 threads)  76%|███████████████████████       |  ETA: 0:33:28
Sampling (4 threads)  77%|███████████████████████▏      |  ETA: 0:32:32
Sampling (4 threads)  78%|███████████████████████▎      |  ETA: 0:32:28
Sampling (4 threads)  78%|███████████████████████▍      |  ETA: 0:31:33
Sampling (4 threads)  78%|███████████████████████▌      |  ETA: 0:30:38
Sampling (4 threads)  79%|███████████████████████▊      |  ETA: 0:30:25
Sampling (4 threads)  80%|███████████████████████▉      |  ETA: 0:29:30
Sampling (4 threads)  80%|████████████████████████      |  ETA: 0:28:36
Sampling (4 threads)  80%|████████████████████████▏     |  ETA: 0:28:08
Sampling (4 threads)  81%|████████████████████████▎     |  ETA: 0:27:15
Sampling (4 threads)  82%|████████████████████████▌     |  ETA: 0:26:49
Sampling (4 threads)  82%|████████████████████████▋     |  ETA: 0:25:56
Sampling (4 threads)  82%|████████████████████████▊     |  ETA: 0:25:27
Sampling (4 threads)  83%|████████████████████████▉     |  ETA: 0:24:34
Sampling (4 threads)  84%|█████████████████████████     |  ETA: 0:23:42
Sampling (4 threads)  84%|█████████████████████████▎    |  ETA: 0:23:24
Sampling (4 threads)  84%|█████████████████████████▍    |  ETA: 0:22:32
Sampling (4 threads)  85%|█████████████████████████▌    |  ETA: 0:21:41
Sampling (4 threads)  86%|█████████████████████████▋    |  ETA: 0:20:50
Sampling (4 threads)  86%|█████████████████████████▊    |  ETA: 0:20:18
Sampling (4 threads)  86%|██████████████████████████    |  ETA: 0:19:28
Sampling (4 threads)  87%|██████████████████████████▏   |  ETA: 0:19:12
Sampling (4 threads)  88%|██████████████████████████▎   |  ETA: 0:18:21
Sampling (4 threads)  88%|██████████████████████████▍   |  ETA: 0:17:31
Sampling (4 threads)  88%|██████████████████████████▌   |  ETA: 0:16:56
Sampling (4 threads)  89%|██████████████████████████▊   |  ETA: 0:16:06
Sampling (4 threads)  90%|██████████████████████████▉   |  ETA: 0:15:30
Sampling (4 threads)  90%|███████████████████████████   |  ETA: 0:14:41
Sampling (4 threads)  90%|███████████████████████████▏  |  ETA: 0:14:04
Sampling (4 threads)  91%|███████████████████████████▎  |  ETA: 0:13:15
Sampling (4 threads)  92%|███████████████████████████▌  |  ETA: 0:12:27
Sampling (4 threads)  92%|███████████████████████████▋  |  ETA: 0:11:47
Sampling (4 threads)  92%|███████████████████████████▊  |  ETA: 0:10:59
Sampling (4 threads)  93%|███████████████████████████▉  |  ETA: 0:10:12
Sampling (4 threads)  94%|████████████████████████████  |  ETA: 0:09:28
Sampling (4 threads)  94%|████████████████████████████▎ |  ETA: 0:08:45
Sampling (4 threads)  94%|████████████████████████████▍ |  ETA: 0:08:01
Sampling (4 threads)  95%|████████████████████████████▌ |  ETA: 0:07:18
Sampling (4 threads)  96%|████████████████████████████▋ |  ETA: 0:06:33
Sampling (4 threads)  96%|████████████████████████████▊ |  ETA: 0:05:50
Sampling (4 threads)  96%|█████████████████████████████ |  ETA: 0:05:09
Sampling (4 threads)  97%|█████████████████████████████▏|  ETA: 0:04:25
Sampling (4 threads)  98%|█████████████████████████████▎|  ETA: 0:03:41
Sampling (4 threads)  98%|█████████████████████████████▍|  ETA: 0:02:57
Sampling (4 threads)  98%|█████████████████████████████▌|  ETA: 0:02:13
Sampling (4 threads)  99%|█████████████████████████████▊|  ETA: 0:01:29
Sampling (4 threads) 100%|█████████████████████████████▉|  ETA: 0:00:45
Sampling (4 threads) 100%|██████████████████████████████| Time: 2:28:47
Sampling (4 threads) 100%|██████████████████████████████| Time: 2:28:48
Sampling (4 threads)   0%|                              |  ETA: N/A
┌ Info: Found initial step size
└   ϵ = 0.000390625
┌ Info: Found initial step size
└   ϵ = 0.0015625
┌ Info: Found initial step size
└   ϵ = 0.0015625
┌ Info: Found initial step size
└   ϵ = 0.00078125
Sampling (4 threads)   0%|▏                             |  ETA: 2:37:55
Sampling (4 threads)   1%|▎                             |  ETA: 1:18:39
Sampling (4 threads)   2%|▌                             |  ETA: 0:56:55
Sampling (4 threads)   2%|▋                             |  ETA: 0:42:28
Sampling (4 threads)   2%|▊                             |  ETA: 0:33:48
Sampling (4 threads)   3%|▉                             |  ETA: 0:31:03
Sampling (4 threads)   4%|█                             |  ETA: 0:26:28
Sampling (4 threads)   4%|█▎                            |  ETA: 0:23:03
Sampling (4 threads)   4%|█▍                            |  ETA: 0:44:07
Sampling (4 threads)   5%|█▌                            |  ETA: 0:39:30
Sampling (4 threads)   6%|█▋                            |  ETA: 0:35:43
Sampling (4 threads)   6%|█▊                            |  ETA: 0:35:14
Sampling (4 threads)   6%|██                            |  ETA: 0:32:21
Sampling (4 threads)   7%|██▏                           |  ETA: 0:29:52
Sampling (4 threads)   8%|██▎                           |  ETA: 0:30:17
Sampling (4 threads)   8%|██▍                           |  ETA: 0:28:14
Sampling (4 threads)   8%|██▌                           |  ETA: 0:26:26
Sampling (4 threads)   9%|██▊                           |  ETA: 0:27:22
Sampling (4 threads)  10%|██▉                           |  ETA: 0:25:47
Sampling (4 threads)  10%|███                           |  ETA: 0:24:22
Sampling (4 threads)  10%|███▏                          |  ETA: 0:33:58
Sampling (4 threads)  11%|███▎                          |  ETA: 0:32:15
Sampling (4 threads)  12%|███▌                          |  ETA: 0:30:40
Sampling (4 threads)  12%|███▋                          |  ETA: 0:42:02
Sampling (4 threads)  12%|███▊                          |  ETA: 0:40:08
Sampling (4 threads)  13%|███▉                          |  ETA: 0:44:17
Sampling (4 threads)  14%|████                          |  ETA: 0:42:24
Sampling (4 threads)  14%|████▎                         |  ETA: 0:50:44
Sampling (4 threads)  14%|████▍                         |  ETA: 0:48:42
Sampling (4 threads)  15%|████▌                         |  ETA: 1:00:29
Sampling (4 threads)  16%|████▋                         |  ETA: 0:58:11
Sampling (4 threads)  16%|████▊                         |  ETA: 0:56:02
Sampling (4 threads)  16%|█████                         |  ETA: 1:01:32
Sampling (4 threads)  17%|█████▏                        |  ETA: 0:59:22
Sampling (4 threads)  18%|█████▎                        |  ETA: 0:57:19
Sampling (4 threads)  18%|█████▍                        |  ETA: 1:01:33
Sampling (4 threads)  18%|█████▌                        |  ETA: 0:59:32
Sampling (4 threads)  19%|█████▊                        |  ETA: 0:57:36
Sampling (4 threads)  20%|█████▉                        |  ETA: 0:58:28
Sampling (4 threads)  20%|██████                        |  ETA: 0:56:39
Sampling (4 threads)  20%|██████▏                       |  ETA: 0:54:55
Sampling (4 threads)  21%|██████▎                       |  ETA: 0:59:10
Sampling (4 threads)  22%|██████▌                       |  ETA: 0:57:26
Sampling (4 threads)  22%|██████▋                       |  ETA: 0:55:46
Sampling (4 threads)  22%|██████▊                       |  ETA: 1:01:11
Sampling (4 threads)  23%|██████▉                       |  ETA: 0:59:28
Sampling (4 threads)  24%|███████                       |  ETA: 0:57:49
Sampling (4 threads)  24%|███████▎                      |  ETA: 1:00:15
Sampling (4 threads)  24%|███████▍                      |  ETA: 0:58:38
Sampling (4 threads)  25%|███████▌                      |  ETA: 1:00:09
Sampling (4 threads)  26%|███████▋                      |  ETA: 0:58:34
Sampling (4 threads)  26%|███████▊                      |  ETA: 1:02:15
Sampling (4 threads)  26%|████████                      |  ETA: 1:00:40
Sampling (4 threads)  27%|████████▏                     |  ETA: 0:59:08
Sampling (4 threads)  28%|████████▎                     |  ETA: 1:03:11
Sampling (4 threads)  28%|████████▍                     |  ETA: 1:01:38
Sampling (4 threads)  28%|████████▌                     |  ETA: 1:00:08
Sampling (4 threads)  29%|████████▊                     |  ETA: 1:04:53
Sampling (4 threads)  30%|████████▉                     |  ETA: 1:03:20
Sampling (4 threads)  30%|█████████                     |  ETA: 1:01:50
Sampling (4 threads)  30%|█████████▏                    |  ETA: 1:00:23
Sampling (4 threads)  31%|█████████▎                    |  ETA: 1:04:03
Sampling (4 threads)  32%|█████████▌                    |  ETA: 1:02:35
Sampling (4 threads)  32%|█████████▋                    |  ETA: 1:04:39
Sampling (4 threads)  32%|█████████▊                    |  ETA: 1:03:11
Sampling (4 threads)  33%|█████████▉                    |  ETA: 1:01:46
Sampling (4 threads)  34%|██████████                    |  ETA: 1:00:24
Sampling (4 threads)  34%|██████████▎                   |  ETA: 1:04:33
Sampling (4 threads)  34%|██████████▍                   |  ETA: 1:03:08
Sampling (4 threads)  35%|██████████▌                   |  ETA: 1:01:45
Sampling (4 threads)  36%|██████████▋                   |  ETA: 1:05:07
Sampling (4 threads)  36%|██████████▊                   |  ETA: 1:03:43
Sampling (4 threads)  36%|███████████                   |  ETA: 1:02:21
Sampling (4 threads)  37%|███████████▏                  |  ETA: 1:01:02
Sampling (4 threads)  38%|███████████▎                  |  ETA: 1:03:28
Sampling (4 threads)  38%|███████████▍                  |  ETA: 1:02:08
Sampling (4 threads)  38%|███████████▌                  |  ETA: 1:04:04
Sampling (4 threads)  39%|███████████▊                  |  ETA: 1:02:44
Sampling (4 threads)  40%|███████████▉                  |  ETA: 1:01:25
Sampling (4 threads)  40%|████████████                  |  ETA: 1:03:46
Sampling (4 threads)  40%|████████████▏                 |  ETA: 1:02:28
Sampling (4 threads)  41%|████████████▎                 |  ETA: 1:01:11
Sampling (4 threads)  42%|████████████▌                 |  ETA: 1:03:32
Sampling (4 threads)  42%|████████████▋                 |  ETA: 1:02:15
Sampling (4 threads)  42%|████████████▊                 |  ETA: 1:02:51
Sampling (4 threads)  43%|████████████▉                 |  ETA: 1:01:35
Sampling (4 threads)  44%|█████████████                 |  ETA: 1:03:20
Sampling (4 threads)  44%|█████████████▎                |  ETA: 1:02:03
Sampling (4 threads)  44%|█████████████▍                |  ETA: 1:03:45
Sampling (4 threads)  45%|█████████████▌                |  ETA: 1:02:29
Sampling (4 threads)  46%|█████████████▋                |  ETA: 1:01:14
Sampling (4 threads)  46%|█████████████▊                |  ETA: 1:03:18
Sampling (4 threads)  46%|██████████████                |  ETA: 1:02:03
Sampling (4 threads)  47%|██████████████▏               |  ETA: 1:00:49
Sampling (4 threads)  48%|██████████████▎               |  ETA: 1:02:24
Sampling (4 threads)  48%|██████████████▍               |  ETA: 1:01:10
Sampling (4 threads)  48%|██████████████▌               |  ETA: 1:00:49
Sampling (4 threads)  49%|██████████████▊               |  ETA: 0:59:36
Sampling (4 threads)  50%|██████████████▉               |  ETA: 1:00:17
Sampling (4 threads)  50%|███████████████               |  ETA: 0:59:05
Sampling (4 threads)  50%|███████████████▏              |  ETA: 0:57:55
Sampling (4 threads)  51%|███████████████▎              |  ETA: 0:59:01
Sampling (4 threads)  52%|███████████████▌              |  ETA: 0:57:51
Sampling (4 threads)  52%|███████████████▋              |  ETA: 0:56:42
Sampling (4 threads)  52%|███████████████▊              |  ETA: 0:58:12
Sampling (4 threads)  53%|███████████████▉              |  ETA: 0:57:03
Sampling (4 threads)  54%|████████████████              |  ETA: 0:55:55
Sampling (4 threads)  54%|████████████████▎             |  ETA: 0:56:33
Sampling (4 threads)  55%|████████████████▍             |  ETA: 0:55:25
Sampling (4 threads)  55%|████████████████▌             |  ETA: 0:54:19
Sampling (4 threads)  56%|████████████████▋             |  ETA: 0:55:30
Sampling (4 threads)  56%|████████████████▊             |  ETA: 0:54:24
Sampling (4 threads)  56%|█████████████████             |  ETA: 0:53:18
Sampling (4 threads)  57%|█████████████████▏            |  ETA: 0:53:59
Sampling (4 threads)  57%|█████████████████▎            |  ETA: 0:52:54
Sampling (4 threads)  58%|█████████████████▍            |  ETA: 0:51:49
Sampling (4 threads)  58%|█████████████████▌            |  ETA: 0:52:35
Sampling (4 threads)  59%|█████████████████▊            |  ETA: 0:51:31
Sampling (4 threads)  60%|█████████████████▉            |  ETA: 0:52:36
Sampling (4 threads)  60%|██████████████████            |  ETA: 0:51:31
Sampling (4 threads)  60%|██████████████████▏           |  ETA: 0:50:27
Sampling (4 threads)  61%|██████████████████▎           |  ETA: 0:49:24
Sampling (4 threads)  62%|██████████████████▌           |  ETA: 0:50:10
Sampling (4 threads)  62%|██████████████████▋           |  ETA: 0:49:07
Sampling (4 threads)  62%|██████████████████▊           |  ETA: 0:49:52
Sampling (4 threads)  63%|██████████████████▉           |  ETA: 0:48:49
Sampling (4 threads)  64%|███████████████████           |  ETA: 0:47:47
Sampling (4 threads)  64%|███████████████████▎          |  ETA: 0:47:59
Sampling (4 threads)  64%|███████████████████▍          |  ETA: 0:46:57
Sampling (4 threads)  65%|███████████████████▌          |  ETA: 0:45:56
Sampling (4 threads)  66%|███████████████████▋          |  ETA: 0:45:50
Sampling (4 threads)  66%|███████████████████▊          |  ETA: 0:44:49
Sampling (4 threads)  66%|████████████████████          |  ETA: 0:44:49
Sampling (4 threads)  67%|████████████████████▏         |  ETA: 0:43:49
Sampling (4 threads)  68%|████████████████████▎         |  ETA: 0:43:42
Sampling (4 threads)  68%|████████████████████▍         |  ETA: 0:42:43
Sampling (4 threads)  68%|████████████████████▌         |  ETA: 0:42:46
Sampling (4 threads)  69%|████████████████████▊         |  ETA: 0:41:47
Sampling (4 threads)  70%|████████████████████▉         |  ETA: 0:40:49
Sampling (4 threads)  70%|█████████████████████         |  ETA: 0:41:05
Sampling (4 threads)  70%|█████████████████████▏        |  ETA: 0:40:07
Sampling (4 threads)  71%|█████████████████████▎        |  ETA: 0:39:09
Sampling (4 threads)  72%|█████████████████████▌        |  ETA: 0:39:20
Sampling (4 threads)  72%|█████████████████████▋        |  ETA: 0:38:22
Sampling (4 threads)  72%|█████████████████████▊        |  ETA: 0:37:25
Sampling (4 threads)  73%|█████████████████████▉        |  ETA: 0:37:33
Sampling (4 threads)  74%|██████████████████████        |  ETA: 0:36:36
Sampling (4 threads)  74%|██████████████████████▎       |  ETA: 0:35:40
Sampling (4 threads)  74%|██████████████████████▍       |  ETA: 0:35:20
Sampling (4 threads)  75%|██████████████████████▌       |  ETA: 0:34:24
Sampling (4 threads)  76%|██████████████████████▋       |  ETA: 0:34:07
Sampling (4 threads)  76%|██████████████████████▊       |  ETA: 0:33:12
Sampling (4 threads)  76%|███████████████████████       |  ETA: 0:32:55
Sampling (4 threads)  77%|███████████████████████▏      |  ETA: 0:32:01
Sampling (4 threads)  78%|███████████████████████▎      |  ETA: 0:31:43
Sampling (4 threads)  78%|███████████████████████▍      |  ETA: 0:30:48
Sampling (4 threads)  78%|███████████████████████▌      |  ETA: 0:30:29
Sampling (4 threads)  79%|███████████████████████▊      |  ETA: 0:29:36
Sampling (4 threads)  80%|███████████████████████▉      |  ETA: 0:29:10
Sampling (4 threads)  80%|████████████████████████      |  ETA: 0:28:17
Sampling (4 threads)  80%|████████████████████████▏     |  ETA: 0:28:01
Sampling (4 threads)  81%|████████████████████████▎     |  ETA: 0:27:08
Sampling (4 threads)  82%|████████████████████████▌     |  ETA: 0:26:15
Sampling (4 threads)  82%|████████████████████████▋     |  ETA: 0:25:56
Sampling (4 threads)  82%|████████████████████████▊     |  ETA: 0:25:03
Sampling (4 threads)  83%|████████████████████████▉     |  ETA: 0:24:12
Sampling (4 threads)  84%|█████████████████████████     |  ETA: 0:23:43
Sampling (4 threads)  84%|█████████████████████████▎    |  ETA: 0:22:52
Sampling (4 threads)  84%|█████████████████████████▍    |  ETA: 0:22:30
Sampling (4 threads)  85%|█████████████████████████▌    |  ETA: 0:21:39
Sampling (4 threads)  86%|█████████████████████████▋    |  ETA: 0:20:48
Sampling (4 threads)  86%|█████████████████████████▊    |  ETA: 0:20:30
Sampling (4 threads)  86%|██████████████████████████    |  ETA: 0:19:39
Sampling (4 threads)  87%|██████████████████████████▏   |  ETA: 0:18:49
Sampling (4 threads)  88%|██████████████████████████▎   |  ETA: 0:18:18
Sampling (4 threads)  88%|██████████████████████████▍   |  ETA: 0:17:28
Sampling (4 threads)  88%|██████████████████████████▌   |  ETA: 0:16:39
Sampling (4 threads)  89%|██████████████████████████▊   |  ETA: 0:15:54
Sampling (4 threads)  90%|██████████████████████████▉   |  ETA: 0:15:18
Sampling (4 threads)  90%|███████████████████████████   |  ETA: 0:14:39
Sampling (4 threads)  90%|███████████████████████████▏  |  ETA: 0:13:51
Sampling (4 threads)  91%|███████████████████████████▎  |  ETA: 0:13:13
Sampling (4 threads)  92%|███████████████████████████▌  |  ETA: 0:12:27
Sampling (4 threads)  92%|███████████████████████████▋  |  ETA: 0:11:45
Sampling (4 threads)  92%|███████████████████████████▊  |  ETA: 0:11:02
Sampling (4 threads)  93%|███████████████████████████▉  |  ETA: 0:10:18
Sampling (4 threads)  94%|████████████████████████████  |  ETA: 0:09:37
Sampling (4 threads)  94%|████████████████████████████▎ |  ETA: 0:08:53
Sampling (4 threads)  94%|████████████████████████████▍ |  ETA: 0:08:10
Sampling (4 threads)  95%|████████████████████████████▌ |  ETA: 0:07:26
Sampling (4 threads)  96%|████████████████████████████▋ |  ETA: 0:06:40
Sampling (4 threads)  96%|████████████████████████████▊ |  ETA: 0:05:58
Sampling (4 threads)  96%|█████████████████████████████ |  ETA: 0:05:13
Sampling (4 threads)  97%|█████████████████████████████▏|  ETA: 0:04:28
Sampling (4 threads)  98%|█████████████████████████████▎|  ETA: 0:03:44
Sampling (4 threads)  98%|█████████████████████████████▍|  ETA: 0:03:00
Sampling (4 threads)  98%|█████████████████████████████▌|  ETA: 0:02:16
Sampling (4 threads)  99%|█████████████████████████████▊|  ETA: 0:01:31
Sampling (4 threads) 100%|█████████████████████████████▉|  ETA: 0:00:46
Sampling (4 threads) 100%|██████████████████████████████| Time: 2:34:37
Sampling (4 threads) 100%|██████████████████████████████| Time: 2:34:38
Sampling (4 threads)   0%|                              |  ETA: N/A
┌ Info: Found initial step size
└   ϵ = 0.003125
┌ Info: Found initial step size
└   ϵ = 0.000390625
┌ Info: Found initial step size
└   ϵ = 0.0001953125
┌ Info: Found initial step size
└   ϵ = 0.00078125
Sampling (4 threads)   0%|▏                             |  ETA: 2:45:32
Sampling (4 threads)   1%|▎                             |  ETA: 1:22:26
Sampling (4 threads)   2%|▌                             |  ETA: 0:54:41
Sampling (4 threads)   2%|▋                             |  ETA: 0:53:36
Sampling (4 threads)   2%|▊                             |  ETA: 0:42:40
Sampling (4 threads)   3%|▉                             |  ETA: 0:35:22
Sampling (4 threads)   4%|█                             |  ETA: 0:30:10
Sampling (4 threads)   4%|█▎                            |  ETA: 0:28:10
Sampling (4 threads)   4%|█▍                            |  ETA: 0:24:55
Sampling (4 threads)   5%|█▌                            |  ETA: 0:25:38
Sampling (4 threads)   6%|█▋                            |  ETA: 0:23:10
Sampling (4 threads)   6%|█▊                            |  ETA: 0:21:08
Sampling (4 threads)   6%|██                            |  ETA: 0:19:24
Sampling (4 threads)   7%|██▏                           |  ETA: 0:21:56
Sampling (4 threads)   8%|██▎                           |  ETA: 0:20:21
Sampling (4 threads)   8%|██▍                           |  ETA: 0:18:59
Sampling (4 threads)   8%|██▌                           |  ETA: 0:24:54
Sampling (4 threads)   9%|██▊                           |  ETA: 0:23:23
Sampling (4 threads)  10%|██▉                           |  ETA: 0:22:02
Sampling (4 threads)  10%|███                           |  ETA: 0:28:06
Sampling (4 threads)  10%|███▏                          |  ETA: 0:26:37
Sampling (4 threads)  11%|███▎                          |  ETA: 0:25:16
Sampling (4 threads)  12%|███▌                          |  ETA: 0:29:47
Sampling (4 threads)  12%|███▋                          |  ETA: 0:28:22
Sampling (4 threads)  12%|███▊                          |  ETA: 0:40:10
Sampling (4 threads)  13%|███▉                          |  ETA: 0:38:24
Sampling (4 threads)  14%|████                          |  ETA: 0:36:46
Sampling (4 threads)  14%|████▎                         |  ETA: 0:41:24
Sampling (4 threads)  14%|████▍                         |  ETA: 0:39:45
Sampling (4 threads)  15%|████▌                         |  ETA: 0:38:12
Sampling (4 threads)  16%|████▋                         |  ETA: 0:45:56
Sampling (4 threads)  16%|████▊                         |  ETA: 0:44:14
Sampling (4 threads)  16%|█████                         |  ETA: 0:42:38
Sampling (4 threads)  17%|█████▏                        |  ETA: 0:43:58
Sampling (4 threads)  18%|█████▎                        |  ETA: 0:42:27
Sampling (4 threads)  18%|█████▍                        |  ETA: 0:50:02
Sampling (4 threads)  18%|█████▌                        |  ETA: 0:48:23
Sampling (4 threads)  19%|█████▊                        |  ETA: 0:46:49
Sampling (4 threads)  20%|█████▉                        |  ETA: 0:50:25
Sampling (4 threads)  20%|██████                        |  ETA: 0:48:51
Sampling (4 threads)  20%|██████▏                       |  ETA: 0:47:21
Sampling (4 threads)  21%|██████▎                       |  ETA: 0:49:56
Sampling (4 threads)  22%|██████▌                       |  ETA: 0:48:28
Sampling (4 threads)  22%|██████▋                       |  ETA: 0:53:42
Sampling (4 threads)  22%|██████▊                       |  ETA: 0:52:10
Sampling (4 threads)  23%|██████▉                       |  ETA: 0:56:51
Sampling (4 threads)  24%|███████                       |  ETA: 0:55:17
Sampling (4 threads)  24%|███████▎                      |  ETA: 0:53:46
Sampling (4 threads)  24%|███████▍                      |  ETA: 0:56:24
Sampling (4 threads)  25%|███████▌                      |  ETA: 0:54:54
Sampling (4 threads)  26%|███████▋                      |  ETA: 0:58:59
Sampling (4 threads)  26%|███████▊                      |  ETA: 0:57:28
Sampling (4 threads)  26%|████████                      |  ETA: 0:56:00
Sampling (4 threads)  27%|████████▏                     |  ETA: 0:59:57
Sampling (4 threads)  28%|████████▎                     |  ETA: 0:58:28
Sampling (4 threads)  28%|████████▍                     |  ETA: 0:57:01
Sampling (4 threads)  28%|████████▌                     |  ETA: 1:01:31
Sampling (4 threads)  29%|████████▊                     |  ETA: 1:00:02
Sampling (4 threads)  30%|████████▉                     |  ETA: 0:58:36
Sampling (4 threads)  30%|█████████                     |  ETA: 0:57:13
Sampling (4 threads)  30%|█████████▏                    |  ETA: 0:58:53
Sampling (4 threads)  31%|█████████▎                    |  ETA: 0:57:31
Sampling (4 threads)  32%|█████████▌                    |  ETA: 0:57:44
Sampling (4 threads)  32%|█████████▋                    |  ETA: 0:56:25
Sampling (4 threads)  32%|█████████▊                    |  ETA: 1:00:31
Sampling (4 threads)  33%|█████████▉                    |  ETA: 0:59:10
Sampling (4 threads)  34%|██████████                    |  ETA: 0:57:50
Sampling (4 threads)  34%|██████████▎                   |  ETA: 0:59:57
Sampling (4 threads)  34%|██████████▍                   |  ETA: 0:58:38
Sampling (4 threads)  35%|██████████▌                   |  ETA: 0:57:21
Sampling (4 threads)  36%|██████████▋                   |  ETA: 1:02:35
Sampling (4 threads)  36%|██████████▊                   |  ETA: 1:01:14
Sampling (4 threads)  36%|███████████                   |  ETA: 0:59:55
Sampling (4 threads)  37%|███████████▏                  |  ETA: 0:58:39
Sampling (4 threads)  38%|███████████▎                  |  ETA: 1:01:43
Sampling (4 threads)  38%|███████████▍                  |  ETA: 1:00:25
Sampling (4 threads)  38%|███████████▌                  |  ETA: 1:02:02
Sampling (4 threads)  39%|███████████▊                  |  ETA: 1:00:44
Sampling (4 threads)  40%|███████████▉                  |  ETA: 0:59:28
Sampling (4 threads)  40%|████████████                  |  ETA: 1:00:07
Sampling (4 threads)  40%|████████████▏                 |  ETA: 0:58:53
Sampling (4 threads)  41%|████████████▎                 |  ETA: 1:01:23
Sampling (4 threads)  42%|████████████▌                 |  ETA: 1:00:08
Sampling (4 threads)  42%|████████████▋                 |  ETA: 0:58:54
Sampling (4 threads)  42%|████████████▊                 |  ETA: 1:01:33
Sampling (4 threads)  43%|████████████▉                 |  ETA: 1:00:18
Sampling (4 threads)  44%|█████████████                 |  ETA: 1:00:52
Sampling (4 threads)  44%|█████████████▎                |  ETA: 0:59:38
Sampling (4 threads)  44%|█████████████▍                |  ETA: 1:03:01
Sampling (4 threads)  45%|█████████████▌                |  ETA: 1:01:45
Sampling (4 threads)  46%|█████████████▋                |  ETA: 1:00:31
Sampling (4 threads)  46%|█████████████▊                |  ETA: 1:01:03
Sampling (4 threads)  46%|██████████████                |  ETA: 0:59:50
Sampling (4 threads)  47%|██████████████▏               |  ETA: 1:01:55
Sampling (4 threads)  48%|██████████████▎               |  ETA: 1:00:42
Sampling (4 threads)  48%|██████████████▍               |  ETA: 0:59:29
Sampling (4 threads)  48%|██████████████▌               |  ETA: 1:01:08
Sampling (4 threads)  49%|██████████████▊               |  ETA: 0:59:55
Sampling (4 threads)  50%|██████████████▉               |  ETA: 0:58:44
Sampling (4 threads)  50%|███████████████               |  ETA: 0:57:34
Sampling (4 threads)  50%|███████████████▏              |  ETA: 0:59:49
Sampling (4 threads)  51%|███████████████▎              |  ETA: 0:58:38
Sampling (4 threads)  52%|███████████████▌              |  ETA: 0:57:28
Sampling (4 threads)  52%|███████████████▋              |  ETA: 0:59:45
Sampling (4 threads)  52%|███████████████▊              |  ETA: 0:58:34
Sampling (4 threads)  53%|███████████████▉              |  ETA: 0:57:24
Sampling (4 threads)  54%|████████████████              |  ETA: 0:58:42
Sampling (4 threads)  54%|████████████████▎             |  ETA: 0:57:32
Sampling (4 threads)  55%|████████████████▍             |  ETA: 0:58:36
Sampling (4 threads)  55%|████████████████▌             |  ETA: 0:57:26
Sampling (4 threads)  56%|████████████████▋             |  ETA: 0:56:17
Sampling (4 threads)  56%|████████████████▊             |  ETA: 0:56:57
Sampling (4 threads)  56%|█████████████████             |  ETA: 0:55:48
Sampling (4 threads)  57%|█████████████████▏            |  ETA: 0:55:55
Sampling (4 threads)  57%|█████████████████▎            |  ETA: 0:54:47
Sampling (4 threads)  58%|█████████████████▍            |  ETA: 0:55:58
Sampling (4 threads)  58%|█████████████████▌            |  ETA: 0:54:49
Sampling (4 threads)  59%|█████████████████▊            |  ETA: 0:53:42
Sampling (4 threads)  60%|█████████████████▉            |  ETA: 0:54:47
Sampling (4 threads)  60%|██████████████████            |  ETA: 0:53:40
Sampling (4 threads)  60%|██████████████████▏           |  ETA: 0:52:33
Sampling (4 threads)  61%|██████████████████▎           |  ETA: 0:53:12
Sampling (4 threads)  62%|██████████████████▌           |  ETA: 0:52:06
Sampling (4 threads)  62%|██████████████████▋           |  ETA: 0:51:00
Sampling (4 threads)  62%|██████████████████▊           |  ETA: 0:52:12
Sampling (4 threads)  63%|██████████████████▉           |  ETA: 0:51:05
Sampling (4 threads)  64%|███████████████████           |  ETA: 0:50:00
Sampling (4 threads)  64%|███████████████████▎          |  ETA: 0:50:41
Sampling (4 threads)  64%|███████████████████▍          |  ETA: 0:49:36
Sampling (4 threads)  65%|███████████████████▌          |  ETA: 0:49:55
Sampling (4 threads)  66%|███████████████████▋          |  ETA: 0:48:50
Sampling (4 threads)  66%|███████████████████▊          |  ETA: 0:49:06
Sampling (4 threads)  66%|████████████████████          |  ETA: 0:48:01
Sampling (4 threads)  67%|████████████████████▏         |  ETA: 0:48:03
Sampling (4 threads)  68%|████████████████████▎         |  ETA: 0:46:59
Sampling (4 threads)  68%|████████████████████▍         |  ETA: 0:45:55
Sampling (4 threads)  68%|████████████████████▌         |  ETA: 0:46:35
Sampling (4 threads)  69%|████████████████████▊         |  ETA: 0:45:31
Sampling (4 threads)  70%|████████████████████▉         |  ETA: 0:44:27
Sampling (4 threads)  70%|█████████████████████         |  ETA: 0:43:25
Sampling (4 threads)  70%|█████████████████████▏        |  ETA: 0:43:33
Sampling (4 threads)  71%|█████████████████████▎        |  ETA: 0:42:31
Sampling (4 threads)  72%|█████████████████████▌        |  ETA: 0:41:29
Sampling (4 threads)  72%|█████████████████████▋        |  ETA: 0:41:55
Sampling (4 threads)  72%|█████████████████████▊        |  ETA: 0:40:53
Sampling (4 threads)  73%|█████████████████████▉        |  ETA: 0:39:52
Sampling (4 threads)  74%|██████████████████████        |  ETA: 0:40:00
Sampling (4 threads)  74%|██████████████████████▎       |  ETA: 0:38:59
Sampling (4 threads)  74%|██████████████████████▍       |  ETA: 0:37:58
Sampling (4 threads)  75%|██████████████████████▌       |  ETA: 0:38:03
Sampling (4 threads)  76%|██████████████████████▋       |  ETA: 0:37:03
Sampling (4 threads)  76%|██████████████████████▊       |  ETA: 0:36:03
Sampling (4 threads)  76%|███████████████████████       |  ETA: 0:36:14
Sampling (4 threads)  77%|███████████████████████▏      |  ETA: 0:35:14
Sampling (4 threads)  78%|███████████████████████▎      |  ETA: 0:34:15
Sampling (4 threads)  78%|███████████████████████▍      |  ETA: 0:34:02
Sampling (4 threads)  78%|███████████████████████▌      |  ETA: 0:33:03
Sampling (4 threads)  79%|███████████████████████▊      |  ETA: 0:32:05
Sampling (4 threads)  80%|███████████████████████▉      |  ETA: 0:32:27
Sampling (4 threads)  80%|████████████████████████      |  ETA: 0:31:28
Sampling (4 threads)  80%|████████████████████████▏     |  ETA: 0:30:29
Sampling (4 threads)  81%|████████████████████████▎     |  ETA: 0:29:31
Sampling (4 threads)  82%|████████████████████████▌     |  ETA: 0:29:10
Sampling (4 threads)  82%|████████████████████████▋     |  ETA: 0:28:13
Sampling (4 threads)  82%|████████████████████████▊     |  ETA: 0:28:02
Sampling (4 threads)  83%|████████████████████████▉     |  ETA: 0:27:04
Sampling (4 threads)  84%|█████████████████████████     |  ETA: 0:26:07
Sampling (4 threads)  84%|█████████████████████████▎    |  ETA: 0:25:11
Sampling (4 threads)  84%|█████████████████████████▍    |  ETA: 0:25:02
Sampling (4 threads)  85%|█████████████████████████▌    |  ETA: 0:24:05
Sampling (4 threads)  86%|█████████████████████████▋    |  ETA: 0:23:08
Sampling (4 threads)  86%|█████████████████████████▊    |  ETA: 0:22:45
Sampling (4 threads)  86%|██████████████████████████    |  ETA: 0:21:49
Sampling (4 threads)  87%|██████████████████████████▏   |  ETA: 0:20:53
Sampling (4 threads)  88%|██████████████████████████▎   |  ETA: 0:20:05
Sampling (4 threads)  88%|██████████████████████████▍   |  ETA: 0:19:20
Sampling (4 threads)  88%|██████████████████████████▌   |  ETA: 0:18:30
Sampling (4 threads)  89%|██████████████████████████▊   |  ETA: 0:17:51
Sampling (4 threads)  90%|██████████████████████████▉   |  ETA: 0:17:04
Sampling (4 threads)  90%|███████████████████████████   |  ETA: 0:16:14
Sampling (4 threads)  90%|███████████████████████████▏  |  ETA: 0:15:28
Sampling (4 threads)  91%|███████████████████████████▎  |  ETA: 0:14:39
Sampling (4 threads)  92%|███████████████████████████▌  |  ETA: 0:13:50
Sampling (4 threads)  92%|███████████████████████████▋  |  ETA: 0:13:04
Sampling (4 threads)  92%|███████████████████████████▊  |  ETA: 0:12:15
Sampling (4 threads)  93%|███████████████████████████▉  |  ETA: 0:11:29
Sampling (4 threads)  94%|████████████████████████████  |  ETA: 0:10:40
Sampling (4 threads)  94%|████████████████████████████▎ |  ETA: 0:09:53
Sampling (4 threads)  94%|████████████████████████████▍ |  ETA: 0:09:05
Sampling (4 threads)  95%|████████████████████████████▌ |  ETA: 0:08:16
Sampling (4 threads)  96%|████████████████████████████▋ |  ETA: 0:07:27
Sampling (4 threads)  96%|████████████████████████████▊ |  ETA: 0:06:38
Sampling (4 threads)  96%|█████████████████████████████ |  ETA: 0:05:49
Sampling (4 threads)  97%|█████████████████████████████▏|  ETA: 0:05:00
Sampling (4 threads)  98%|█████████████████████████████▎|  ETA: 0:04:13
Sampling (4 threads)  98%|█████████████████████████████▍|  ETA: 0:03:24
Sampling (4 threads)  98%|█████████████████████████████▌|  ETA: 0:02:34
Sampling (4 threads)  99%|█████████████████████████████▊|  ETA: 0:01:43
Sampling (4 threads) 100%|█████████████████████████████▉|  ETA: 0:00:52
Sampling (4 threads) 100%|██████████████████████████████| Time: 2:55:35
Sampling (4 threads) 100%|██████████████████████████████| Time: 2:55:35
