Chains MCMC chain (250×87×4 Array{Float64, 3}):

Iterations        = 126:1:375
Number of chains  = 4
Samples per chain = 250
Wall duration     = 9642.57 seconds
Compute duration  = 31658.81 seconds
parameters        = σ_w[1], σ_w[2], ρ_w[1,1], ρ_w[2,1], ρ_w[1,2], ρ_w[2,2], ab_w[1,1], ab_w[2,1], ab_w[1,2], ab_w[2,2], ab_w[1,3], ab_w[2,3], σ_p[1], σ_p[2], ρ_p[1,1], ρ_p[2,1], ρ_p[1,2], ρ_p[2,2], ab_p[1,1], ab_p[2,1], ab_p[1,2], ab_p[2,2], ab_p[1,3], ab_p[2,3], ab_p[1,4], ab_p[2,4], ab_p[1,5], ab_p[2,5], ab_p[1,6], ab_p[2,6], ab_p[1,7], ab_p[2,7], ab_p[1,8], ab_p[2,8], ab_p[1,9], ab_p[2,9], ab_p[1,10], ab_p[2,10], ab_p[1,11], ab_p[2,11], ab_p[1,12], ab_p[2,12], ab_p[1,13], ab_p[2,13], ab_p[1,14], ab_p[2,14], ab_p[1,15], ab_p[2,15], ab_p[1,16], ab_p[2,16], ab_p[1,17], ab_p[2,17], ab_p[1,18], ab_p[2,18], ab_p[1,19], ab_p[2,19], ab_p[1,20], ab_p[2,20], ab_p[1,21], ab_p[2,21], ab_p[1,22], ab_p[2,22], ab_p[1,23], ab_p[2,23], ab_p[1,24], ab_p[2,24], σ_e[1], σ_e[2], ρ_e[1,1], ρ_e[2,1], ρ_e[1,2], ρ_e[2,2], ab_e[1,1], ab_e[2,1], σ
internals         = lp, n_steps, is_accept, acceptance_rate, log_density, hamiltonian_energy, hamiltonian_energy_error, max_hamiltonian_energy_error, tree_depth, numerical_error, step_size, nom_step_size

Summary Statistics
  parameters      mean       std      mcse    ess_bulk   ess_tail      rhat   ess_per_sec
      Symbol   Float64   Float64   Float64     Float64    Float64   Float64       Float64

      σ_w[1]    0.0892    0.1105    0.0076    310.3972   347.5502    1.0224        0.0098
      σ_w[2]    0.0552    0.0697    0.0047    310.9147   240.6219    1.0155        0.0098
    ρ_w[1,1]    1.0000    0.0000       NaN         NaN        NaN       NaN           NaN
    ρ_w[2,1]    0.1555    0.4477    0.0189    537.1895   473.2293    0.9999        0.0170
    ρ_w[1,2]    0.1555    0.4477    0.0189    537.1895   473.2293    0.9999        0.0170
    ρ_w[2,2]    1.0000    0.0000    0.0000    958.1543   905.4874    0.9985        0.0303
   ab_w[1,1]    0.0040    0.0535    0.0019    781.1229   547.6138    1.0144        0.0247
   ab_w[2,1]   -0.0038    0.0374    0.0012    736.0459   474.1379    1.0026        0.0232
   ab_w[1,2]   -0.0374    0.0525    0.0018    776.4144   501.6750    1.0180        0.0245
   ab_w[2,2]   -0.0228    0.0367    0.0013    717.9855   564.1087    1.0054        0.0227
   ab_w[1,3]    0.0248    0.0523    0.0018    805.3269   511.9396    1.0201        0.0254
   ab_w[2,3]    0.0082    0.0362    0.0012    883.5198   537.7331    0.9994        0.0279
      σ_p[1]    0.3495    0.0577    0.0022    821.6420   503.0776    1.0046        0.0260
      σ_p[2]    0.0498    0.0112    0.0005    559.1793   491.6188    1.0035        0.0177
    ρ_p[1,1]    1.0000    0.0000       NaN         NaN        NaN       NaN           NaN
    ρ_p[2,1]   -0.1370    0.2361    0.0080    875.5969   674.0481    1.0138        0.0277
    ρ_p[1,2]   -0.1370    0.2361    0.0080    875.5969   674.0481    1.0138        0.0277
    ρ_p[2,2]    1.0000    0.0000    0.0000   1042.8381        NaN    1.0030        0.0329
   ab_p[1,1]   -0.1431    0.0737    0.0022   1064.9735   582.5798    1.0094        0.0336
   ab_p[2,1]   -0.0663    0.0292    0.0009   1003.3090   719.8676    1.0005        0.0317
   ab_p[1,2]   -0.2556    0.0721    0.0022   1064.9796   586.3332    1.0119        0.0336
   ab_p[2,2]   -0.0312    0.0283    0.0008   1146.1838   822.7593    1.0218        0.0362
   ab_p[1,3]   -0.2889    0.0751    0.0023   1081.0401   620.4351    1.0159        0.0341
   ab_p[2,3]    0.0708    0.0295    0.0009   1065.5919   749.2908    1.0035        0.0337
   ab_p[1,4]   -0.1690    0.0727    0.0021   1141.9188   834.4686    1.0091        0.0361
   ab_p[2,4]   -0.0247    0.0272    0.0008   1182.2698   876.4704    1.0032        0.0373
   ab_p[1,5]   -0.1168    0.0723    0.0022   1057.8748   604.0888    1.0158        0.0334
   ab_p[2,5]   -0.0516    0.0283    0.0009   1039.3212   744.7388    1.0040        0.0328
   ab_p[1,6]   -0.1360    0.0747    0.0022   1089.6598   729.1917    1.0135        0.0344
   ab_p[2,6]    0.0264    0.0273    0.0009   1009.7292   916.0549    1.0068        0.0319
   ab_p[1,7]   -0.2865    0.0740    0.0022   1155.7853   735.2513    1.0097        0.0365
   ab_p[2,7]    0.0028    0.0279    0.0009   1040.3662   725.0383    1.0006        0.0329
   ab_p[1,8]    0.6151    0.0713    0.0022   1035.7087   766.5327    1.0166        0.0327
   ab_p[2,8]   -0.0620    0.0295    0.0010    944.8458   530.8887    1.0009        0.0298
   ab_p[1,9]    0.0823    0.0729    0.0023   1035.0725   616.0837    1.0117        0.0327
   ab_p[2,9]   -0.0519    0.0292    0.0009   1152.1882   928.2209    1.0002        0.0364
  ab_p[1,10]    0.0504    0.0732    0.0022   1103.2999   773.0625    1.0165        0.0348
  ab_p[2,10]   -0.0035    0.0264    0.0008   1049.2066   829.0544    1.0031        0.0331
  ab_p[1,11]    0.4158    0.0747    0.0023   1021.9810   647.6913    1.0126        0.0323
  ab_p[2,11]    0.0030    0.0291    0.0009   1042.5019   810.0203    1.0030        0.0329
  ab_p[1,12]    0.6432    0.0726    0.0022   1111.7129   759.0814    1.0081        0.0351
  ab_p[2,12]   -0.0481    0.0291    0.0009    965.5562   792.3997    1.0028        0.0305
  ab_p[1,13]    0.0785    0.0721    0.0023   1006.8874   624.8060    1.0143        0.0318
  ab_p[2,13]    0.0114    0.0280    0.0009    963.2187   847.7106    0.9991        0.0304
  ab_p[1,14]    0.5420    0.0723    0.0022   1044.9113   721.2543    1.0100        0.0330
  ab_p[2,14]    0.0297    0.0282    0.0009   1012.2436   826.6377    1.0006        0.0320
  ab_p[1,15]   -0.1974    0.0737    0.0022   1082.7284   701.5838    1.0151        0.0342
  ab_p[2,15]    0.0265    0.0280    0.0009    978.3814   788.3208    0.9985        0.0309
  ab_p[1,16]   -0.2067    0.0728    0.0022   1047.2672   741.4816    1.0098        0.0331
  ab_p[2,16]    0.0054    0.0287    0.0008   1243.8040   875.7412    1.0037        0.0393
  ab_p[1,17]   -0.2974    0.0733    0.0022   1098.9180   695.3773    1.0097        0.0347
  ab_p[2,17]    0.0691    0.0296    0.0009   1030.3806   851.6157    0.9999        0.0325
  ab_p[1,18]   -0.0445    0.0730    0.0023   1027.1453   685.8405    1.0097        0.0324
  ab_p[2,18]    0.0126    0.0283    0.0008   1141.5813   782.0651    1.0025        0.0361
  ab_p[1,19]    0.5588    0.0718    0.0021   1119.4123   739.6040    1.0089        0.0354
  ab_p[2,19]    0.0380    0.0290    0.0009   1150.0348   933.7578    1.0034        0.0363
  ab_p[1,20]    0.0203    0.0733    0.0022   1088.6567   706.1176    1.0174        0.0344
  ab_p[2,20]    0.0156    0.0284    0.0009   1015.6090   951.4907    1.0009        0.0321
  ab_p[1,21]   -0.4354    0.0737    0.0023   1028.2768   664.3780    1.0098        0.0325
  ab_p[2,21]    0.0032    0.0298    0.0009   1040.6266   790.1600    0.9994        0.0329
  ab_p[1,22]   -0.3672    0.0714    0.0022   1088.6682   648.1526    1.0061        0.0344
  ab_p[2,22]   -0.0305    0.0289    0.0009   1142.8240   720.1862    1.0034        0.0361
  ab_p[1,23]   -0.1137    0.0730    0.0022   1100.7201   618.5078    1.0058        0.0348
  ab_p[2,23]    0.0135    0.0276    0.0008   1188.2848   688.0236    1.0020        0.0375
  ab_p[1,24]    0.0160    0.0730    0.0023   1035.0748   700.7577    1.0245        0.0327
  ab_p[2,24]    0.0262    0.0286    0.0009   1093.3053   766.3653    1.0014        0.0345
      σ_e[1]    0.4230    0.5530    0.0309    217.1530   222.2333    1.0083        0.0069
      σ_e[2]    0.2938    0.4527    0.0293    151.8814   184.5854    1.0305        0.0048
    ρ_e[1,1]    1.0000    0.0000       NaN         NaN        NaN       NaN           NaN
    ρ_e[2,1]   -0.0064    0.4682    0.0174    691.1491   408.2364    1.0041        0.0218
    ρ_e[1,2]   -0.0064    0.4682    0.0174    691.1491   408.2364    1.0041        0.0218
    ρ_e[2,2]    1.0000    0.0000    0.0000    986.6826   898.4675    1.0004        0.0312
   ab_e[1,1]   -0.0072    0.0746    0.0024    969.9386   553.8908    1.0217        0.0306
   ab_e[2,1]   -0.0251    0.0370    0.0012    593.3216   566.0863    1.0078        0.0187
           σ    0.9664    0.0046    0.0001    991.2549   619.0764    1.0045        0.0313

Quantiles
  parameters      2.5%     25.0%     50.0%     75.0%     97.5%
      Symbol   Float64   Float64   Float64   Float64   Float64

      σ_w[1]    0.0180    0.0378    0.0596    0.0996    0.3608
      σ_w[2]    0.0073    0.0201    0.0329    0.0611    0.2641
    ρ_w[1,1]    1.0000    1.0000    1.0000    1.0000    1.0000
    ρ_w[2,1]   -0.6924   -0.1853    0.1753    0.5237    0.8893
    ρ_w[1,2]   -0.6924   -0.1853    0.1753    0.5237    0.8893
    ρ_w[2,2]    1.0000    1.0000    1.0000    1.0000    1.0000
   ab_w[1,1]   -0.1020   -0.0188    0.0039    0.0272    0.1155
   ab_w[2,1]   -0.0685   -0.0184   -0.0026    0.0117    0.0593
   ab_w[1,2]   -0.1376   -0.0606   -0.0361   -0.0134    0.0674
   ab_w[2,2]   -0.0894   -0.0371   -0.0208   -0.0071    0.0375
   ab_w[1,3]   -0.0815    0.0027    0.0258    0.0473    0.1275
   ab_w[2,3]   -0.0594   -0.0048    0.0082    0.0212    0.0689
      σ_p[1]    0.2631    0.3069    0.3428    0.3804    0.4786
      σ_p[2]    0.0314    0.0420    0.0488    0.0558    0.0769
    ρ_p[1,1]    1.0000    1.0000    1.0000    1.0000    1.0000
    ρ_p[2,1]   -0.5693   -0.2908   -0.1392    0.0178    0.3396
    ρ_p[1,2]   -0.5693   -0.2908   -0.1392    0.0178    0.3396
    ρ_p[2,2]    1.0000    1.0000    1.0000    1.0000    1.0000
   ab_p[1,1]   -0.2845   -0.1921   -0.1438   -0.0976    0.0102
   ab_p[2,1]   -0.1259   -0.0865   -0.0645   -0.0473   -0.0113
   ab_p[1,2]   -0.4005   -0.3013   -0.2548   -0.2110   -0.1077
   ab_p[2,2]   -0.0883   -0.0486   -0.0299   -0.0126    0.0237
   ab_p[1,3]   -0.4327   -0.3381   -0.2889   -0.2406   -0.1332
   ab_p[2,3]    0.0185    0.0497    0.0698    0.0895    0.1298
   ab_p[1,4]   -0.3049   -0.2182   -0.1704   -0.1227   -0.0176
   ab_p[2,4]   -0.0748   -0.0437   -0.0252   -0.0062    0.0290
   ab_p[1,5]   -0.2575   -0.1661   -0.1157   -0.0692    0.0276
   ab_p[2,5]   -0.1084   -0.0710   -0.0515   -0.0322    0.0022
   ab_p[1,6]   -0.2841   -0.1836   -0.1375   -0.0868    0.0156
   ab_p[2,6]   -0.0268    0.0083    0.0261    0.0450    0.0802
   ab_p[1,7]   -0.4407   -0.3337   -0.2859   -0.2396   -0.1381
   ab_p[2,7]   -0.0520   -0.0160    0.0025    0.0210    0.0591
   ab_p[1,8]    0.4743    0.5693    0.6154    0.6609    0.7637
   ab_p[2,8]   -0.1219   -0.0821   -0.0609   -0.0425   -0.0053
   ab_p[1,9]   -0.0567    0.0349    0.0809    0.1327    0.2329
   ab_p[2,9]   -0.1105   -0.0704   -0.0511   -0.0318    0.0050
  ab_p[1,10]   -0.0950    0.0044    0.0452    0.0992    0.1998
  ab_p[2,10]   -0.0553   -0.0216   -0.0031    0.0160    0.0438
  ab_p[1,11]    0.2716    0.3660    0.4157    0.4668    0.5614
  ab_p[2,11]   -0.0528   -0.0163    0.0031    0.0214    0.0616
  ab_p[1,12]    0.5052    0.5976    0.6417    0.6880    0.7907
  ab_p[2,12]   -0.1060   -0.0681   -0.0476   -0.0283    0.0074
  ab_p[1,13]   -0.0559    0.0333    0.0758    0.1256    0.2182
  ab_p[2,13]   -0.0433   -0.0076    0.0122    0.0310    0.0651
  ab_p[1,14]    0.4037    0.4926    0.5401    0.5906    0.6862
  ab_p[2,14]   -0.0225    0.0090    0.0295    0.0489    0.0869
  ab_p[1,15]   -0.3420   -0.2437   -0.1975   -0.1507   -0.0460
  ab_p[2,15]   -0.0282    0.0077    0.0265    0.0444    0.0812
  ab_p[1,16]   -0.3501   -0.2522   -0.2068   -0.1589   -0.0577
  ab_p[2,16]   -0.0488   -0.0151    0.0057    0.0248    0.0632
  ab_p[1,17]   -0.4486   -0.3448   -0.2983   -0.2485   -0.1541
  ab_p[2,17]    0.0114    0.0491    0.0682    0.0888    0.1294
  ab_p[1,18]   -0.1835   -0.0932   -0.0468    0.0027    0.1015
  ab_p[2,18]   -0.0443   -0.0049    0.0115    0.0309    0.0689
  ab_p[1,19]    0.4237    0.5088    0.5575    0.6074    0.7025
  ab_p[2,19]   -0.0183    0.0176    0.0380    0.0582    0.0952
  ab_p[1,20]   -0.1226   -0.0260    0.0185    0.0699    0.1686
  ab_p[2,20]   -0.0435   -0.0048    0.0164    0.0338    0.0696
  ab_p[1,21]   -0.5807   -0.4847   -0.4404   -0.3857   -0.2796
  ab_p[2,21]   -0.0532   -0.0164    0.0033    0.0230    0.0604
  ab_p[1,22]   -0.5092   -0.4127   -0.3698   -0.3223   -0.2137
  ab_p[2,22]   -0.0872   -0.0501   -0.0293   -0.0100    0.0248
  ab_p[1,23]   -0.2538   -0.1582   -0.1158   -0.0682    0.0331
  ab_p[2,23]   -0.0415   -0.0061    0.0146    0.0333    0.0646
  ab_p[1,24]   -0.1203   -0.0310    0.0125    0.0630    0.1712
  ab_p[2,24]   -0.0264    0.0080    0.0262    0.0457    0.0850
      σ_e[1]    0.0088    0.0749    0.1925    0.5536    1.9846
      σ_e[2]    0.0090    0.0432    0.1125    0.3361    1.6678
    ρ_e[1,1]    1.0000    1.0000    1.0000    1.0000    1.0000
    ρ_e[2,1]   -0.8498   -0.3953   -0.0007    0.3687    0.8425
    ρ_e[1,2]   -0.8498   -0.3953   -0.0007    0.3687    0.8425
    ρ_e[2,2]    1.0000    1.0000    1.0000    1.0000    1.0000
   ab_e[1,1]   -0.1747   -0.0457   -0.0027    0.0306    0.1385
   ab_e[2,1]   -0.0887   -0.0416   -0.0263   -0.0082    0.0373
           σ    0.9574    0.9634    0.9662    0.9695    0.9755

