Chains MCMC chain (250×87×4 Array{Float64, 3}):

Iterations        = 126:1:375
Number of chains  = 4
Samples per chain = 250
Wall duration     = 5007.82 seconds
Compute duration  = 14270.98 seconds
parameters        = σ_w[1], σ_w[2], ρ_w[1,1], ρ_w[2,1], ρ_w[1,2], ρ_w[2,2], ab_w[1,1], ab_w[2,1], ab_w[1,2], ab_w[2,2], ab_w[1,3], ab_w[2,3], σ_p[1], σ_p[2], ρ_p[1,1], ρ_p[2,1], ρ_p[1,2], ρ_p[2,2], ab_p[1,1], ab_p[2,1], ab_p[1,2], ab_p[2,2], ab_p[1,3], ab_p[2,3], ab_p[1,4], ab_p[2,4], ab_p[1,5], ab_p[2,5], ab_p[1,6], ab_p[2,6], ab_p[1,7], ab_p[2,7], ab_p[1,8], ab_p[2,8], ab_p[1,9], ab_p[2,9], ab_p[1,10], ab_p[2,10], ab_p[1,11], ab_p[2,11], ab_p[1,12], ab_p[2,12], ab_p[1,13], ab_p[2,13], ab_p[1,14], ab_p[2,14], ab_p[1,15], ab_p[2,15], ab_p[1,16], ab_p[2,16], ab_p[1,17], ab_p[2,17], ab_p[1,18], ab_p[2,18], ab_p[1,19], ab_p[2,19], ab_p[1,20], ab_p[2,20], ab_p[1,21], ab_p[2,21], ab_p[1,22], ab_p[2,22], ab_p[1,23], ab_p[2,23], ab_p[1,24], ab_p[2,24], σ_e[1], σ_e[2], ρ_e[1,1], ρ_e[2,1], ρ_e[1,2], ρ_e[2,2], ab_e[1,1], ab_e[2,1], σ
internals         = lp, n_steps, is_accept, acceptance_rate, log_density, hamiltonian_energy, hamiltonian_energy_error, max_hamiltonian_energy_error, tree_depth, numerical_error, step_size, nom_step_size

Summary Statistics
  parameters      mean       std      mcse    ess_bulk   ess_tail      rhat   ess_per_sec
      Symbol   Float64   Float64   Float64     Float64    Float64   Float64       Float64

      σ_w[1]    0.1218    0.1408    0.0103    266.3177   178.9704    1.0163        0.0187
      σ_w[2]    0.0406    0.0672    0.0045    122.1001   252.6081    1.0404        0.0086
    ρ_w[1,1]    1.0000    0.0000       NaN         NaN        NaN       NaN           NaN
    ρ_w[2,1]    0.1228    0.4503    0.0211    448.6708   250.6731    1.0071        0.0314
    ρ_w[1,2]    0.1228    0.4503    0.0211    448.6708   250.6731    1.0071        0.0314
    ρ_w[2,2]    1.0000    0.0000    0.0000    920.6212   808.8176    1.0015        0.0645
   ab_w[1,1]    0.0259    0.0692    0.0028    833.3623   324.0412    1.0100        0.0584
   ab_w[2,1]    0.0052    0.0292    0.0009   1176.6930   252.8861    1.0104        0.0825
   ab_w[1,2]   -0.0534    0.0663    0.0027    875.9756   367.0574    1.0054        0.0614
   ab_w[2,2]   -0.0095    0.0279    0.0009    894.7870   321.2900    1.0252        0.0627
   ab_w[1,3]    0.0353    0.0667    0.0027    841.2643   395.9230    1.0069        0.0589
   ab_w[2,3]    0.0065    0.0283    0.0010    709.9327   301.4147    1.0163        0.0497
      σ_p[1]    0.1610    0.0255    0.0012    474.1083   590.9606    1.0069        0.0332
      σ_p[2]    0.0201    0.0099    0.0021     21.1061    50.7587    1.1467        0.0015
    ρ_p[1,1]    1.0000    0.0000       NaN         NaN        NaN       NaN           NaN
    ρ_p[2,1]   -0.3293    0.3330    0.0153    539.3905   387.3345    1.0334        0.0378
    ρ_p[1,2]   -0.3293    0.3330    0.0153    539.3905   387.3345    1.0334        0.0378
    ρ_p[2,2]    1.0000    0.0000    0.0000    843.4858   862.6149    1.0031        0.0591
   ab_p[1,1]    0.0090    0.0467    0.0016    876.4490   652.8232    1.0030        0.0614
   ab_p[2,1]    0.0039    0.0161    0.0005    932.1824   774.9602    1.0211        0.0653
   ab_p[1,2]   -0.2044    0.0482    0.0018    704.2160   515.1956    0.9992        0.0493
   ab_p[2,2]    0.0155    0.0190    0.0013    237.6590   684.0418    1.0225        0.0167
   ab_p[1,3]    0.0585    0.0472    0.0016    838.8262   732.7781    1.0030        0.0588
   ab_p[2,3]    0.0088    0.0179    0.0008    595.2469   589.3189    1.0370        0.0417
   ab_p[1,4]   -0.1615    0.0469    0.0017    769.1874   676.8432    1.0020        0.0539
   ab_p[2,4]    0.0022    0.0167    0.0006    791.1576   626.6986    1.0270        0.0554
   ab_p[1,5]   -0.0949    0.0470    0.0016    835.7013   655.1439    1.0048        0.0586
   ab_p[2,5]   -0.0053    0.0176    0.0006    814.5154   700.8678    1.0533        0.0571
   ab_p[1,6]   -0.0374    0.0456    0.0017    710.0638   583.3108    1.0116        0.0498
   ab_p[2,6]   -0.0167    0.0201    0.0022    112.9872   672.8167    1.0399        0.0079
   ab_p[1,7]   -0.0020    0.0449    0.0014    977.1612   788.3153    1.0014        0.0685
   ab_p[2,7]    0.0054    0.0175    0.0006    955.8540   627.9160    1.0544        0.0670
   ab_p[1,8]    0.0592    0.0456    0.0019    601.5425   650.6792    1.0072        0.0422
   ab_p[2,8]   -0.0173    0.0196    0.0014    244.8247   664.0856    1.0198        0.0172
   ab_p[1,9]    0.0762    0.0467    0.0019    604.2944   622.7324    1.0117        0.0423
   ab_p[2,9]   -0.0170    0.0201    0.0015    153.2011   678.5890    1.0331        0.0107
  ab_p[1,10]   -0.0276    0.0466    0.0015    910.2110   783.3632    1.0049        0.0638
  ab_p[2,10]    0.0032    0.0170    0.0005    995.2844   678.0033    1.0161        0.0697
  ab_p[1,11]    0.1088    0.0455    0.0017    683.8257   621.6579    1.0032        0.0479
  ab_p[2,11]    0.0018    0.0173    0.0006    965.9269   473.3930    1.0519        0.0677
  ab_p[1,12]    0.1911    0.0467    0.0017    768.7145   628.2825    1.0042        0.0539
  ab_p[2,12]   -0.0127    0.0192    0.0008    622.1694   648.1919    1.0155        0.0436
  ab_p[1,13]   -0.1322    0.0475    0.0016    925.7649   713.7875    1.0033        0.0649
  ab_p[2,13]    0.0100    0.0173    0.0007    644.8454   492.0954    1.0248        0.0452
  ab_p[1,14]   -0.0097    0.0461    0.0018    668.1408   694.4081    1.0060        0.0468
  ab_p[2,14]   -0.0050    0.0155    0.0005    884.3534   682.1440    1.0234        0.0620
  ab_p[1,15]    0.0129    0.0474    0.0019    668.6095   730.5034    1.0061        0.0469
  ab_p[2,15]   -0.0054    0.0166    0.0005   1051.7316   675.3836    1.0135        0.0737
  ab_p[1,16]    0.0367    0.0498    0.0017    887.0809   693.5615    1.0035        0.0622
  ab_p[2,16]   -0.0017    0.0171    0.0006    923.5893   676.5333    1.0371        0.0647
  ab_p[1,17]   -0.2936    0.0473    0.0017    804.5175   778.4026    1.0019        0.0564
  ab_p[2,17]    0.0209    0.0211    0.0018    115.5603   842.1292    1.0408        0.0081
  ab_p[1,18]   -0.0195    0.0485    0.0016    956.4750   783.3798    1.0010        0.0670
  ab_p[2,18]    0.0026    0.0162    0.0005    931.1571   600.1636    1.0279        0.0652
  ab_p[1,19]    0.4422    0.0500    0.0018    812.2668   821.8153    1.0018        0.0569
  ab_p[2,19]   -0.0176    0.0219    0.0009    583.6486   752.3160    1.0089        0.0409
  ab_p[1,20]    0.0653    0.0476    0.0017    825.9192   725.7630    1.0041        0.0579
  ab_p[2,20]    0.0066    0.0172    0.0006    838.8025   592.0982    1.0280        0.0588
  ab_p[1,21]   -0.1113    0.0487    0.0016    907.8861   739.2127    1.0093        0.0636
  ab_p[2,21]    0.0117    0.0178    0.0010    355.8535   549.6792    1.0241        0.0249
  ab_p[1,22]   -0.1613    0.0474    0.0017    744.0741   667.0207    1.0014        0.0521
  ab_p[2,22]    0.0120    0.0178    0.0010    311.4415   726.3142    1.0154        0.0218
  ab_p[1,23]    0.0908    0.0466    0.0017    790.4195   666.7867    1.0056        0.0554
  ab_p[2,23]   -0.0078    0.0161    0.0006    736.1248   750.2646    1.0230        0.0516
  ab_p[1,24]    0.1325    0.0465    0.0016    868.9088   697.2365    1.0062        0.0609
  ab_p[2,24]    0.0040    0.0183    0.0007    702.0453   502.9876    1.0300        0.0492
      σ_e[1]    0.3695    0.5378    0.0303    168.8334   248.5335    1.0149        0.0118
      σ_e[2]    0.2726    0.4882    0.0384     82.4272   136.4808    1.0197        0.0058
    ρ_e[1,1]    1.0000    0.0000       NaN         NaN        NaN       NaN           NaN
    ρ_e[2,1]    0.0022    0.4572    0.0231    380.5200   277.5500    1.0081        0.0267
    ρ_e[1,2]    0.0022    0.4572    0.0231    380.5200   277.5500    1.0081        0.0267
    ρ_e[2,2]    1.0000    0.0000    0.0000    939.2163   915.5748    1.0027        0.0658
   ab_e[1,1]   -0.0120    0.0715    0.0028    823.1173   494.2475    1.0064        0.0577
   ab_e[2,1]   -0.0024    0.0277    0.0009    932.8947   318.6287    1.0204        0.0654
           σ    1.0239    0.0050    0.0002    975.0621   749.0768    1.0104        0.0683

Quantiles
  parameters      2.5%     25.0%     50.0%     75.0%     97.5%
      Symbol   Float64   Float64   Float64   Float64   Float64

      σ_w[1]    0.0295    0.0548    0.0845    0.1353    0.4459
      σ_w[2]    0.0040    0.0107    0.0209    0.0388    0.2087
    ρ_w[1,1]    1.0000    1.0000    1.0000    1.0000    1.0000
    ρ_w[2,1]   -0.7528   -0.2081    0.1243    0.5022    0.8653
    ρ_w[1,2]   -0.7528   -0.2081    0.1243    0.5022    0.8653
    ρ_w[2,2]    1.0000    1.0000    1.0000    1.0000    1.0000
   ab_w[1,1]   -0.0930   -0.0071    0.0240    0.0556    0.1804
   ab_w[2,1]   -0.0497   -0.0062    0.0028    0.0150    0.0689
   ab_w[1,2]   -0.1710   -0.0844   -0.0528   -0.0263    0.0837
   ab_w[2,2]   -0.0650   -0.0180   -0.0074    0.0002    0.0452
   ab_w[1,3]   -0.0744    0.0044    0.0320    0.0631    0.1747
   ab_w[2,3]   -0.0436   -0.0025    0.0047    0.0153    0.0682
      σ_p[1]    0.1183    0.1419    0.1579    0.1768    0.2179
      σ_p[2]    0.0037    0.0125    0.0198    0.0265    0.0418
    ρ_p[1,1]    1.0000    1.0000    1.0000    1.0000    1.0000
    ρ_p[2,1]   -0.8554   -0.5804   -0.3851   -0.1227    0.4175
    ρ_p[1,2]   -0.8554   -0.5804   -0.3851   -0.1227    0.4175
    ρ_p[2,2]    1.0000    1.0000    1.0000    1.0000    1.0000
   ab_p[1,1]   -0.0858   -0.0228    0.0101    0.0401    0.0957
   ab_p[2,1]   -0.0273   -0.0056    0.0026    0.0129    0.0401
   ab_p[1,2]   -0.3074   -0.2349   -0.2025   -0.1730   -0.1137
   ab_p[2,2]   -0.0170    0.0018    0.0136    0.0265    0.0586
   ab_p[1,3]   -0.0299    0.0261    0.0588    0.0902    0.1480
   ab_p[2,3]   -0.0205   -0.0025    0.0055    0.0177    0.0504
   ab_p[1,4]   -0.2573   -0.1920   -0.1593   -0.1304   -0.0701
   ab_p[2,4]   -0.0340   -0.0073    0.0027    0.0122    0.0352
   ab_p[1,5]   -0.1873   -0.1257   -0.0947   -0.0648    0.0007
   ab_p[2,5]   -0.0476   -0.0144   -0.0033    0.0047    0.0265
   ab_p[1,6]   -0.1314   -0.0686   -0.0390   -0.0062    0.0503
   ab_p[2,6]   -0.0634   -0.0291   -0.0125   -0.0019    0.0135
   ab_p[1,7]   -0.0908   -0.0331   -0.0006    0.0300    0.0813
   ab_p[2,7]   -0.0264   -0.0053    0.0028    0.0144    0.0460
   ab_p[1,8]   -0.0272    0.0268    0.0600    0.0911    0.1455
   ab_p[2,8]   -0.0634   -0.0292   -0.0140   -0.0035    0.0116
   ab_p[1,9]   -0.0157    0.0454    0.0746    0.1051    0.1661
   ab_p[2,9]   -0.0654   -0.0280   -0.0126   -0.0027    0.0133
  ab_p[1,10]   -0.1195   -0.0585   -0.0275    0.0038    0.0619
  ab_p[2,10]   -0.0313   -0.0064    0.0021    0.0129    0.0389
  ab_p[1,11]    0.0186    0.0780    0.1088    0.1401    0.1978
  ab_p[2,11]   -0.0309   -0.0080    0.0008    0.0107    0.0392
  ab_p[1,12]    0.0981    0.1600    0.1920    0.2228    0.2789
  ab_p[2,12]   -0.0563   -0.0237   -0.0099    0.0002    0.0206
  ab_p[1,13]   -0.2275   -0.1634   -0.1306   -0.1002   -0.0433
  ab_p[2,13]   -0.0225   -0.0010    0.0080    0.0200    0.0481
  ab_p[1,14]   -0.1029   -0.0400   -0.0092    0.0211    0.0810
  ab_p[2,14]   -0.0395   -0.0141   -0.0039    0.0039    0.0258
  ab_p[1,15]   -0.0799   -0.0189    0.0131    0.0462    0.1025
  ab_p[2,15]   -0.0418   -0.0139   -0.0043    0.0043    0.0250
  ab_p[1,16]   -0.0655    0.0043    0.0374    0.0702    0.1345
  ab_p[2,16]   -0.0342   -0.0117   -0.0019    0.0072    0.0357
  ab_p[1,17]   -0.3845   -0.3257   -0.2923   -0.2617   -0.2053
  ab_p[2,17]   -0.0116    0.0056    0.0190    0.0335    0.0682
  ab_p[1,18]   -0.1115   -0.0531   -0.0208    0.0147    0.0759
  ab_p[2,18]   -0.0287   -0.0062    0.0016    0.0107    0.0387
  ab_p[1,19]    0.3431    0.4111    0.4419    0.4748    0.5435
  ab_p[2,19]   -0.0640   -0.0321   -0.0157   -0.0016    0.0209
  ab_p[1,20]   -0.0282    0.0327    0.0638    0.0985    0.1596
  ab_p[2,20]   -0.0237   -0.0043    0.0040    0.0156    0.0456
  ab_p[1,21]   -0.2069   -0.1434   -0.1103   -0.0777   -0.0175
  ab_p[2,21]   -0.0214    0.0003    0.0094    0.0218    0.0508
  ab_p[1,22]   -0.2598   -0.1922   -0.1621   -0.1273   -0.0694
  ab_p[2,22]   -0.0194    0.0003    0.0097    0.0220    0.0533
  ab_p[1,23]    0.0029    0.0609    0.0902    0.1220    0.1863
  ab_p[2,23]   -0.0430   -0.0176   -0.0056    0.0022    0.0221
  ab_p[1,24]    0.0415    0.1003    0.1352    0.1632    0.2222
  ab_p[2,24]   -0.0278   -0.0075    0.0020    0.0139    0.0462
      σ_e[1]    0.0127    0.0732    0.1963    0.4250    1.8403
      σ_e[2]    0.0049    0.0223    0.0764    0.2853    1.8275
    ρ_e[1,1]    1.0000    1.0000    1.0000    1.0000    1.0000
    ρ_e[2,1]   -0.8159   -0.3507    0.0017    0.3723    0.7884
    ρ_e[1,2]   -0.8159   -0.3507    0.0017    0.3723    0.7884
    ρ_e[2,2]    1.0000    1.0000    1.0000    1.0000    1.0000
   ab_e[1,1]   -0.1505   -0.0452   -0.0086    0.0220    0.1146
   ab_e[2,1]   -0.0585   -0.0111   -0.0022    0.0061    0.0540
           σ    1.0148    1.0206    1.0238    1.0273    1.0332

