Chains MCMC chain (250×87×4 Array{Float64, 3}):

Iterations        = 126:1:375
Number of chains  = 4
Samples per chain = 250
Wall duration     = 3764.5 seconds
Compute duration  = 13862.29 seconds
parameters        = σ_w[1], σ_w[2], ρ_w[1,1], ρ_w[2,1], ρ_w[1,2], ρ_w[2,2], ab_w[1,1], ab_w[2,1], ab_w[1,2], ab_w[2,2], ab_w[1,3], ab_w[2,3], σ_p[1], σ_p[2], ρ_p[1,1], ρ_p[2,1], ρ_p[1,2], ρ_p[2,2], ab_p[1,1], ab_p[2,1], ab_p[1,2], ab_p[2,2], ab_p[1,3], ab_p[2,3], ab_p[1,4], ab_p[2,4], ab_p[1,5], ab_p[2,5], ab_p[1,6], ab_p[2,6], ab_p[1,7], ab_p[2,7], ab_p[1,8], ab_p[2,8], ab_p[1,9], ab_p[2,9], ab_p[1,10], ab_p[2,10], ab_p[1,11], ab_p[2,11], ab_p[1,12], ab_p[2,12], ab_p[1,13], ab_p[2,13], ab_p[1,14], ab_p[2,14], ab_p[1,15], ab_p[2,15], ab_p[1,16], ab_p[2,16], ab_p[1,17], ab_p[2,17], ab_p[1,18], ab_p[2,18], ab_p[1,19], ab_p[2,19], ab_p[1,20], ab_p[2,20], ab_p[1,21], ab_p[2,21], ab_p[1,22], ab_p[2,22], ab_p[1,23], ab_p[2,23], ab_p[1,24], ab_p[2,24], σ_e[1], σ_e[2], ρ_e[1,1], ρ_e[2,1], ρ_e[1,2], ρ_e[2,2], ab_e[1,1], ab_e[2,1], σ
internals         = lp, n_steps, is_accept, acceptance_rate, log_density, hamiltonian_energy, hamiltonian_energy_error, max_hamiltonian_energy_error, tree_depth, numerical_error, step_size, nom_step_size

Summary Statistics
  parameters      mean       std      mcse    ess_bulk   ess_tail      rhat   ess_per_sec
      Symbol   Float64   Float64   Float64     Float64    Float64   Float64       Float64

      σ_w[1]    0.2023    0.1909    0.0116    305.4569   363.9505    1.0106        0.0220
      σ_w[2]    0.0806    0.1131    0.0066    280.7146   332.5381    1.0140        0.0203
    ρ_w[1,1]    1.0000    0.0000       NaN         NaN        NaN       NaN           NaN
    ρ_w[2,1]   -0.0420    0.4283    0.0183    539.7950   337.6960    1.0050        0.0389
    ρ_w[1,2]   -0.0420    0.4283    0.0183    539.7950   337.6960    1.0050        0.0389
    ρ_w[2,2]    1.0000    0.0000    0.0000   1001.4485   887.3060    1.0004        0.0722
   ab_w[1,1]   -0.0721    0.1042    0.0055    547.6710   427.5106    1.0098        0.0395
   ab_w[2,1]   -0.0227    0.0482    0.0020    782.8522   399.5995    1.0026        0.0565
   ab_w[1,2]    0.1017    0.1037    0.0053    597.9847   387.5367    1.0152        0.0431
   ab_w[2,2]   -0.0140    0.0440    0.0018    856.1610   429.0462    1.0054        0.0618
   ab_w[1,3]   -0.0318    0.1037    0.0054    586.6674   421.9657    1.0201        0.0423
   ab_w[2,3]    0.0202    0.0438    0.0017    871.5522   455.4754    1.0106        0.0629
      σ_p[1]    0.2049    0.0337    0.0014    575.2567   549.7572    1.0135        0.0415
      σ_p[2]    0.0383    0.0109    0.0006    327.8776   548.5045    1.0144        0.0237
    ρ_p[1,1]    1.0000    0.0000       NaN         NaN        NaN       NaN           NaN
    ρ_p[2,1]    0.5301    0.2093    0.0090    481.9391   500.1921    1.0055        0.0348
    ρ_p[1,2]    0.5301    0.2093    0.0090    481.9391   500.1921    1.0055        0.0348
    ρ_p[2,2]    1.0000    0.0000    0.0000   1000.2038   973.0814    0.9984        0.0722
   ab_p[1,1]   -0.0246    0.0564    0.0019    862.0065   600.1941    1.0007        0.0622
   ab_p[2,1]   -0.0352    0.0254    0.0010    697.4018   810.5733    1.0057        0.0503
   ab_p[1,2]   -0.1708    0.0554    0.0018    926.7971   667.1715    1.0048        0.0669
   ab_p[2,2]   -0.0067    0.0229    0.0007   1059.7112   891.4162    1.0013        0.0764
   ab_p[1,3]   -0.1662    0.0546    0.0019    801.5366   585.6336    0.9998        0.0578
   ab_p[2,3]   -0.0253    0.0231    0.0008    819.3941   615.6134    1.0095        0.0591
   ab_p[1,4]    0.0959    0.0524    0.0022    592.2233   619.6882    1.0126        0.0427
   ab_p[2,4]    0.0124    0.0230    0.0007   1047.7626   780.8807    1.0019        0.0756
   ab_p[1,5]   -0.0728    0.0547    0.0020    733.3663   628.1397    1.0033        0.0529
   ab_p[2,5]   -0.0178    0.0231    0.0007   1012.1663   803.5002    1.0027        0.0730
   ab_p[1,6]    0.1049    0.0546    0.0021    694.9656   606.3282    1.0030        0.0501
   ab_p[2,6]   -0.0185    0.0235    0.0009    753.6109   681.1994    1.0036        0.0544
   ab_p[1,7]   -0.1598    0.0558    0.0022    630.7540   699.1927    1.0086        0.0455
   ab_p[2,7]   -0.0255    0.0229    0.0008    879.0160   780.2654    1.0055        0.0634
   ab_p[1,8]    0.0979    0.0538    0.0019    780.2182   757.5124    1.0042        0.0563
   ab_p[2,8]    0.0214    0.0244    0.0007   1077.2649   809.3852    1.0001        0.0777
   ab_p[1,9]    0.1725    0.0551    0.0019    877.3481   619.6589    1.0012        0.0633
   ab_p[2,9]    0.0336    0.0241    0.0008    849.0522   764.3411    1.0047        0.0612
  ab_p[1,10]    0.2202    0.0544    0.0018    900.0110   606.4694    1.0019        0.0649
  ab_p[2,10]    0.0176    0.0225    0.0007   1094.9443   652.6641    1.0068        0.0790
  ab_p[1,11]    0.4759    0.0541    0.0018    901.4984   612.9484    1.0015        0.0650
  ab_p[2,11]    0.0734    0.0270    0.0010    659.8218   796.1310    1.0159        0.0476
  ab_p[1,12]    0.4205    0.0522    0.0019    738.4487   590.2784    1.0057        0.0533
  ab_p[2,12]    0.0448    0.0256    0.0008    946.2140   494.2008    1.0039        0.0683
  ab_p[1,13]   -0.0485    0.0528    0.0018    886.2680   696.7532    1.0013        0.0639
  ab_p[2,13]    0.0127    0.0222    0.0007    969.0395   604.2758    1.0082        0.0699
  ab_p[1,14]    0.1814    0.0531    0.0020    713.7579   624.2186    1.0042        0.0515
  ab_p[2,14]    0.0315    0.0246    0.0008    945.7074   471.7503    1.0170        0.0682
  ab_p[1,15]   -0.1062    0.0529    0.0020    719.8500   750.2803    1.0037        0.0519
  ab_p[2,15]   -0.0270    0.0227    0.0008    843.4697   634.3727    1.0102        0.0608
  ab_p[1,16]   -0.0164    0.0536    0.0018    887.3750   762.1816    1.0088        0.0640
  ab_p[2,16]   -0.0292    0.0237    0.0009    717.4897   873.4168    1.0044        0.0518
  ab_p[1,17]   -0.0894    0.0538    0.0020    729.1928   819.0973    1.0005        0.0526
  ab_p[2,17]   -0.0297    0.0224    0.0008    891.4335   677.4798    1.0014        0.0643
  ab_p[1,18]    0.0198    0.0547    0.0021    681.8555   558.7209    1.0046        0.0492
  ab_p[2,18]   -0.0157    0.0229    0.0008    801.6238   710.9583    1.0001        0.0578
  ab_p[1,19]   -0.0165    0.0552    0.0020    762.8421   851.9343    1.0053        0.0550
  ab_p[2,19]    0.0322    0.0251    0.0010    682.1653   781.1304    1.0040        0.0492
  ab_p[1,20]   -0.1152    0.0546    0.0019    812.8340   668.8569    1.0047        0.0586
  ab_p[2,20]    0.0088    0.0236    0.0008    789.0239   861.9289    1.0016        0.0569
  ab_p[1,21]   -0.2129    0.0540    0.0019    814.0296   707.0265    1.0029        0.0587
  ab_p[2,21]   -0.0334    0.0243    0.0008    966.7779   654.9772    1.0028        0.0697
  ab_p[1,22]   -0.3008    0.0568    0.0021    783.0642   386.7515    1.0087        0.0565
  ab_p[2,22]   -0.0096    0.0249    0.0009    822.9390   865.2188    1.0032        0.0594
  ab_p[1,23]   -0.2264    0.0549    0.0019    867.4110   721.8655    1.0028        0.0626
  ab_p[2,23]   -0.0284    0.0234    0.0007   1116.3195   868.8875    1.0056        0.0805
  ab_p[1,24]   -0.0860    0.0536    0.0018    878.6227   851.8706    1.0057        0.0634
  ab_p[2,24]    0.0012    0.0238    0.0008    975.7601   687.5744    1.0018        0.0704
      σ_e[1]    0.3787    0.4780    0.0293    131.2028   147.1652    1.0528        0.0095
      σ_e[2]    0.3207    0.4854    0.0299    161.1813   233.6508    1.0128        0.0116
    ρ_e[1,1]    1.0000    0.0000       NaN         NaN        NaN       NaN           NaN
    ρ_e[2,1]   -0.0298    0.4545    0.0181    616.4825   403.6967    1.0095        0.0445
    ρ_e[1,2]   -0.0298    0.4545    0.0181    616.4825   403.6967    1.0095        0.0445
    ρ_e[2,2]    1.0000    0.0000    0.0000    811.7935   606.8818    1.0078        0.0586
   ab_e[1,1]    0.0140    0.1119    0.0055    640.3075   449.4855    1.0176        0.0462
   ab_e[2,1]   -0.0071    0.0442    0.0018    777.4895   428.1150    1.0153        0.0561
           σ    1.0035    0.0049    0.0002    882.1269   808.0384    1.0033        0.0636

Quantiles
  parameters      2.5%     25.0%     50.0%     75.0%     97.5%
      Symbol   Float64   Float64   Float64   Float64   Float64

      σ_w[1]    0.0556    0.0984    0.1448    0.2254    0.7378
      σ_w[2]    0.0095    0.0267    0.0476    0.0890    0.3575
    ρ_w[1,1]    1.0000    1.0000    1.0000    1.0000    1.0000
    ρ_w[2,1]   -0.8206   -0.3848   -0.0501    0.2758    0.7580
    ρ_w[1,2]   -0.8206   -0.3848   -0.0501    0.2758    0.7580
    ρ_w[2,2]    1.0000    1.0000    1.0000    1.0000    1.0000
   ab_w[1,1]   -0.2888   -0.1177   -0.0665   -0.0261    0.1089
   ab_w[2,1]   -0.1349   -0.0398   -0.0179   -0.0003    0.0647
   ab_w[1,2]   -0.1028    0.0582    0.1044    0.1439    0.2944
   ab_w[2,2]   -0.1041   -0.0267   -0.0113    0.0030    0.0657
   ab_w[1,3]   -0.2463   -0.0760   -0.0289    0.0135    0.1618
   ab_w[2,3]   -0.0614    0.0048    0.0199    0.0369    0.1127
      σ_p[1]    0.1524    0.1812    0.2010    0.2229    0.2838
      σ_p[2]    0.0206    0.0304    0.0373    0.0455    0.0624
    ρ_p[1,1]    1.0000    1.0000    1.0000    1.0000    1.0000
    ρ_p[2,1]    0.0618    0.3898    0.5553    0.6808    0.8662
    ρ_p[1,2]    0.0618    0.3898    0.5553    0.6808    0.8662
    ρ_p[2,2]    1.0000    1.0000    1.0000    1.0000    1.0000
   ab_p[1,1]   -0.1304   -0.0603   -0.0274    0.0111    0.0914
   ab_p[2,1]   -0.0881   -0.0517   -0.0341   -0.0171    0.0095
   ab_p[1,2]   -0.2847   -0.2085   -0.1700   -0.1332   -0.0643
   ab_p[2,2]   -0.0511   -0.0221   -0.0076    0.0083    0.0378
   ab_p[1,3]   -0.2800   -0.2007   -0.1651   -0.1323   -0.0534
   ab_p[2,3]   -0.0709   -0.0404   -0.0250   -0.0098    0.0189
   ab_p[1,4]   -0.0096    0.0614    0.0955    0.1321    0.2036
   ab_p[2,4]   -0.0325   -0.0032    0.0123    0.0284    0.0577
   ab_p[1,5]   -0.1897   -0.1087   -0.0731   -0.0347    0.0344
   ab_p[2,5]   -0.0646   -0.0314   -0.0175   -0.0026    0.0240
   ab_p[1,6]   -0.0051    0.0696    0.1034    0.1405    0.2153
   ab_p[2,6]   -0.0679   -0.0336   -0.0176   -0.0028    0.0253
   ab_p[1,7]   -0.2675   -0.1978   -0.1598   -0.1228   -0.0528
   ab_p[2,7]   -0.0732   -0.0404   -0.0250   -0.0102    0.0181
   ab_p[1,8]   -0.0058    0.0628    0.0974    0.1339    0.1985
   ab_p[2,8]   -0.0244    0.0058    0.0202    0.0364    0.0757
   ab_p[1,9]    0.0668    0.1361    0.1728    0.2093    0.2829
   ab_p[2,9]   -0.0113    0.0171    0.0331    0.0482    0.0832
  ab_p[1,10]    0.1166    0.1832    0.2202    0.2556    0.3301
  ab_p[2,10]   -0.0258    0.0021    0.0166    0.0325    0.0623
  ab_p[1,11]    0.3675    0.4408    0.4758    0.5108    0.5807
  ab_p[2,11]    0.0237    0.0542    0.0728    0.0905    0.1290
  ab_p[1,12]    0.3212    0.3864    0.4210    0.4534    0.5224
  ab_p[2,12]   -0.0062    0.0287    0.0434    0.0622    0.0958
  ab_p[1,13]   -0.1547   -0.0832   -0.0473   -0.0113    0.0521
  ab_p[2,13]   -0.0294   -0.0020    0.0121    0.0269    0.0605
  ab_p[1,14]    0.0756    0.1455    0.1812    0.2186    0.2867
  ab_p[2,14]   -0.0140    0.0151    0.0309    0.0471    0.0822
  ab_p[1,15]   -0.2136   -0.1400   -0.1052   -0.0707   -0.0082
  ab_p[2,15]   -0.0729   -0.0414   -0.0264   -0.0122    0.0149
  ab_p[1,16]   -0.1152   -0.0526   -0.0172    0.0203    0.0902
  ab_p[2,16]   -0.0813   -0.0450   -0.0281   -0.0135    0.0129
  ab_p[1,17]   -0.1997   -0.1246   -0.0876   -0.0527    0.0157
  ab_p[2,17]   -0.0766   -0.0441   -0.0283   -0.0147    0.0125
  ab_p[1,18]   -0.0911   -0.0136    0.0196    0.0543    0.1331
  ab_p[2,18]   -0.0664   -0.0304   -0.0139   -0.0004    0.0271
  ab_p[1,19]   -0.1263   -0.0534   -0.0163    0.0212    0.0875
  ab_p[2,19]   -0.0135    0.0145    0.0300    0.0477    0.0836
  ab_p[1,20]   -0.2207   -0.1501   -0.1166   -0.0798   -0.0035
  ab_p[2,20]   -0.0337   -0.0072    0.0072    0.0243    0.0561
  ab_p[1,21]   -0.3133   -0.2489   -0.2131   -0.1756   -0.1108
  ab_p[2,21]   -0.0847   -0.0487   -0.0329   -0.0176    0.0115
  ab_p[1,22]   -0.4239   -0.3360   -0.2993   -0.2613   -0.1892
  ab_p[2,22]   -0.0582   -0.0264   -0.0097    0.0057    0.0415
  ab_p[1,23]   -0.3396   -0.2624   -0.2260   -0.1874   -0.1199
  ab_p[2,23]   -0.0740   -0.0436   -0.0282   -0.0132    0.0159
  ab_p[1,24]   -0.1929   -0.1241   -0.0863   -0.0489    0.0114
  ab_p[2,24]   -0.0444   -0.0152   -0.0006    0.0170    0.0484
      σ_e[1]    0.0084    0.0712    0.2097    0.5020    1.7839
      σ_e[2]    0.0068    0.0454    0.1288    0.3805    1.5996
    ρ_e[1,1]    1.0000    1.0000    1.0000    1.0000    1.0000
    ρ_e[2,1]   -0.8097   -0.4052   -0.0478    0.3342    0.8161
    ρ_e[1,2]   -0.8097   -0.4052   -0.0478    0.3342    0.8161
    ρ_e[2,2]    1.0000    1.0000    1.0000    1.0000    1.0000
   ab_e[1,1]   -0.1950   -0.0252    0.0084    0.0543    0.2302
   ab_e[2,1]   -0.0909   -0.0238   -0.0073    0.0060    0.0869
           σ    0.9937    1.0002    1.0035    1.0070    1.0136

