Chains MCMC chain (250×87×4 Array{Float64, 3}):

Iterations        = 126:1:375
Number of chains  = 4
Samples per chain = 250
Wall duration     = 3253.9 seconds
Compute duration  = 11910.33 seconds
parameters        = σ_w[1], σ_w[2], ρ_w[1,1], ρ_w[2,1], ρ_w[1,2], ρ_w[2,2], ab_w[1,1], ab_w[2,1], ab_w[1,2], ab_w[2,2], ab_w[1,3], ab_w[2,3], σ_p[1], σ_p[2], ρ_p[1,1], ρ_p[2,1], ρ_p[1,2], ρ_p[2,2], ab_p[1,1], ab_p[2,1], ab_p[1,2], ab_p[2,2], ab_p[1,3], ab_p[2,3], ab_p[1,4], ab_p[2,4], ab_p[1,5], ab_p[2,5], ab_p[1,6], ab_p[2,6], ab_p[1,7], ab_p[2,7], ab_p[1,8], ab_p[2,8], ab_p[1,9], ab_p[2,9], ab_p[1,10], ab_p[2,10], ab_p[1,11], ab_p[2,11], ab_p[1,12], ab_p[2,12], ab_p[1,13], ab_p[2,13], ab_p[1,14], ab_p[2,14], ab_p[1,15], ab_p[2,15], ab_p[1,16], ab_p[2,16], ab_p[1,17], ab_p[2,17], ab_p[1,18], ab_p[2,18], ab_p[1,19], ab_p[2,19], ab_p[1,20], ab_p[2,20], ab_p[1,21], ab_p[2,21], ab_p[1,22], ab_p[2,22], ab_p[1,23], ab_p[2,23], ab_p[1,24], ab_p[2,24], σ_e[1], σ_e[2], ρ_e[1,1], ρ_e[2,1], ρ_e[1,2], ρ_e[2,2], ab_e[1,1], ab_e[2,1], σ
internals         = lp, n_steps, is_accept, acceptance_rate, log_density, hamiltonian_energy, hamiltonian_energy_error, max_hamiltonian_energy_error, tree_depth, numerical_error, step_size, nom_step_size

Summary Statistics
  parameters      mean       std      mcse    ess_bulk   ess_tail      rhat   ess_per_sec
      Symbol   Float64   Float64   Float64     Float64    Float64   Float64       Float64

      σ_w[1]    0.0960    0.1342    0.0113    176.1867   125.7144    1.0169        0.0148
      σ_w[2]    0.0441    0.0638    0.0055    148.8743   174.0728    1.0087        0.0125
    ρ_w[1,1]    1.0000    0.0000       NaN         NaN        NaN       NaN           NaN
    ρ_w[2,1]   -0.0972    0.4728    0.0222    478.1244   378.0789    1.0150        0.0401
    ρ_w[1,2]   -0.0972    0.4728    0.0222    478.1244   378.0789    1.0150        0.0401
    ρ_w[2,2]    1.0000    0.0000    0.0000    912.3804   868.5318    1.0010        0.0766
   ab_w[1,1]   -0.0429    0.0600    0.0031    423.7672   216.0751    1.0092        0.0356
   ab_w[2,1]    0.0046    0.0405    0.0015    666.6817   250.6645    1.0077        0.0560
   ab_w[1,2]    0.0032    0.0564    0.0029    451.6535   211.5092    1.0173        0.0379
   ab_w[2,2]   -0.0094    0.0394    0.0015    570.6158   225.8428    1.0185        0.0479
   ab_w[1,3]    0.0192    0.0564    0.0029    436.1370   192.5828    1.0113        0.0366
   ab_w[2,3]   -0.0089    0.0397    0.0015    581.3412   235.4957    1.0154        0.0488
      σ_p[1]    0.1891    0.0306    0.0014    555.5492   478.3292    1.0082        0.0466
      σ_p[2]    0.0160    0.0081    0.0009     40.6976    23.4486    1.0865        0.0034
    ρ_p[1,1]    1.0000    0.0000       NaN         NaN        NaN       NaN           NaN
    ρ_p[2,1]    0.2104    0.3424    0.0147    574.0208   323.4637    1.0281        0.0482
    ρ_p[1,2]    0.2104    0.3424    0.0147    574.0208   323.4637    1.0281        0.0482
    ρ_p[2,2]    1.0000    0.0000    0.0000    961.2468   927.4987    1.0070        0.0807
   ab_p[1,1]   -0.1779    0.0500    0.0019    698.3745   589.5252    1.0047        0.0586
   ab_p[2,1]   -0.0108    0.0157    0.0008    479.7167   556.1997    1.0051        0.0403
   ab_p[1,2]    0.1799    0.0486    0.0019    661.2813   581.4271    1.0029        0.0555
   ab_p[2,2]    0.0017    0.0141    0.0005    937.6975   498.8262    1.0206        0.0787
   ab_p[1,3]    0.2147    0.0499    0.0020    617.8649   578.2983    1.0134        0.0519
   ab_p[2,3]    0.0157    0.0174    0.0012    206.0567   385.4908    1.0163        0.0173
   ab_p[1,4]    0.0553    0.0499    0.0020    656.7430   643.6000    1.0005        0.0551
   ab_p[2,4]   -0.0100    0.0155    0.0009    314.9728   458.0068    1.0214        0.0264
   ab_p[1,5]    0.1716    0.0494    0.0018    722.9970   596.4681    1.0042        0.0607
   ab_p[2,5]    0.0009    0.0148    0.0005    874.3977   510.4903    1.0161        0.0734
   ab_p[1,6]   -0.1845    0.0493    0.0016    921.8878   874.0918    1.0040        0.0774
   ab_p[2,6]   -0.0061    0.0162    0.0006    734.7203   526.7750    1.0099        0.0617
   ab_p[1,7]   -0.1955    0.0485    0.0019    685.6392   608.5363    1.0095        0.0576
   ab_p[2,7]    0.0015    0.0152    0.0006    771.7509   521.3936    1.0239        0.0648
   ab_p[1,8]    0.0003    0.0491    0.0019    693.5915   637.5577    1.0034        0.0582
   ab_p[2,8]   -0.0007    0.0136    0.0004   1007.2887   616.7134    1.0312        0.0846
   ab_p[1,9]    0.0411    0.0504    0.0018    786.6618   538.0676    1.0020        0.0660
   ab_p[2,9]   -0.0090    0.0161    0.0008    423.0482   534.7740    1.0137        0.0355
  ab_p[1,10]   -0.2214    0.0481    0.0018    701.7034   729.6880    1.0089        0.0589
  ab_p[2,10]   -0.0046    0.0148    0.0005    735.7755   577.4214    1.0136        0.0618
  ab_p[1,11]   -0.2288    0.0477    0.0019    615.7269   531.6348    1.0078        0.0517
  ab_p[2,11]   -0.0059    0.0154    0.0005    786.9643   569.8282    1.0215        0.0661
  ab_p[1,12]   -0.0090    0.0491    0.0019    672.2664   572.0532    1.0062        0.0564
  ab_p[2,12]    0.0130    0.0180    0.0012    261.0335   336.4571    1.0116        0.0219
  ab_p[1,13]    0.1665    0.0485    0.0017    766.5017   592.5531    1.0031        0.0644
  ab_p[2,13]    0.0094    0.0150    0.0007    460.5755   553.7240    1.0132        0.0387
  ab_p[1,14]    0.1359    0.0492    0.0018    780.0926   546.5608    1.0060        0.0655
  ab_p[2,14]    0.0011    0.0141    0.0005    943.4049   496.8444    1.0157        0.0792
  ab_p[1,15]    0.0606    0.0471    0.0018    669.9691   602.8568    1.0017        0.0563
  ab_p[2,15]    0.0039    0.0134    0.0004    929.0417   530.2889    1.0154        0.0780
  ab_p[1,16]   -0.2827    0.0491    0.0018    741.8804   612.4320    1.0069        0.0623
  ab_p[2,16]   -0.0121    0.0172    0.0008    464.2711   527.7068    1.0110        0.0390
  ab_p[1,17]   -0.1509    0.0491    0.0017    796.3326   619.3616    1.0017        0.0669
  ab_p[2,17]   -0.0052    0.0135    0.0005    753.2046   609.1854    1.0045        0.0632
  ab_p[1,18]   -0.0011    0.0506    0.0019    706.8655   669.5583    1.0088        0.0593
  ab_p[2,18]   -0.0029    0.0134    0.0004    986.4241   436.6998    1.0188        0.0828
  ab_p[1,19]   -0.3542    0.0488    0.0019    672.4531   581.0042    1.0069        0.0565
  ab_p[2,19]   -0.0005    0.0171    0.0007    588.2874   502.9136    1.0125        0.0494
  ab_p[1,20]    0.1093    0.0477    0.0018    714.6821   614.9749    1.0130        0.0600
  ab_p[2,20]    0.0027    0.0147    0.0005    698.2986   465.6478    1.0421        0.0586
  ab_p[1,21]    0.2796    0.0461    0.0018    647.3986   536.4924    1.0036        0.0544
  ab_p[2,21]    0.0099    0.0163    0.0006    732.8593   650.7555    1.0048        0.0615
  ab_p[1,22]    0.1042    0.0496    0.0019    697.3827   572.5263    1.0074        0.0586
  ab_p[2,22]    0.0037    0.0146    0.0004   1139.6339   457.4700    1.0266        0.0957
  ab_p[1,23]    0.1048    0.0497    0.0020    605.5832   517.7217    1.0023        0.0508
  ab_p[2,23]    0.0006    0.0143    0.0004   1059.5249   611.2515    1.0367        0.0890
  ab_p[1,24]    0.0873    0.0496    0.0019    681.9547   611.7918    1.0084        0.0573
  ab_p[2,24]    0.0016    0.0136    0.0004    982.7634   491.0922    1.0134        0.0825
      σ_e[1]    0.3805    0.5594    0.0446    128.0391   230.8387    1.0618        0.0108
      σ_e[2]    0.3197    0.4929    0.0363    114.5782   113.4849    1.0381        0.0096
    ρ_e[1,1]    1.0000    0.0000       NaN         NaN        NaN       NaN           NaN
    ρ_e[2,1]    0.0234    0.4586    0.0217    430.9511   237.6040    1.0069        0.0362
    ρ_e[1,2]    0.0234    0.4586    0.0217    430.9511   237.6040    1.0069        0.0362
    ρ_e[2,2]    1.0000    0.0000    0.0000   1104.1895   871.4245    1.0000        0.0927
   ab_e[1,1]   -0.0155    0.0601    0.0026    520.9257   338.9423    1.0186        0.0437
   ab_e[2,1]   -0.0225    0.0395    0.0015    535.2150   224.3602    1.0208        0.0449
           σ    0.9815    0.0048    0.0002    883.1476   812.5837    1.0076        0.0741

Quantiles
  parameters      2.5%     25.0%     50.0%     75.0%     97.5%
      Symbol   Float64   Float64   Float64   Float64   Float64

      σ_w[1]    0.0129    0.0358    0.0615    0.1006    0.4146
      σ_w[2]    0.0036    0.0106    0.0224    0.0423    0.2486
    ρ_w[1,1]    1.0000    1.0000    1.0000    1.0000    1.0000
    ρ_w[2,1]   -0.8832   -0.5136   -0.1078    0.2832    0.8122
    ρ_w[1,2]   -0.8832   -0.5136   -0.1078    0.2832    0.8122
    ρ_w[2,2]    1.0000    1.0000    1.0000    1.0000    1.0000
   ab_w[1,1]   -0.1582   -0.0665   -0.0363   -0.0138    0.0476
   ab_w[2,1]   -0.0634   -0.0059    0.0034    0.0157    0.0708
   ab_w[1,2]   -0.0965   -0.0176    0.0058    0.0251    0.1067
   ab_w[2,2]   -0.0878   -0.0200   -0.0054    0.0027    0.0455
   ab_w[1,3]   -0.0764   -0.0005    0.0185    0.0417    0.1203
   ab_w[2,3]   -0.0938   -0.0193   -0.0049    0.0032    0.0505
      σ_p[1]    0.1401    0.1677    0.1851    0.2042    0.2640
      σ_p[2]    0.0041    0.0100    0.0144    0.0208    0.0345
    ρ_p[1,1]    1.0000    1.0000    1.0000    1.0000    1.0000
    ρ_p[2,1]   -0.5566   -0.0004    0.2389    0.4492    0.7852
    ρ_p[1,2]   -0.5566   -0.0004    0.2389    0.4492    0.7852
    ρ_p[2,2]    1.0000    1.0000    1.0000    1.0000    1.0000
   ab_p[1,1]   -0.2731   -0.2124   -0.1799   -0.1458   -0.0725
   ab_p[2,1]   -0.0475   -0.0193   -0.0090   -0.0002    0.0149
   ab_p[1,2]    0.0901    0.1454    0.1790    0.2142    0.2703
   ab_p[2,2]   -0.0288   -0.0057    0.0014    0.0091    0.0307
   ab_p[1,3]    0.1178    0.1816    0.2142    0.2485    0.3123
   ab_p[2,3]   -0.0108    0.0034    0.0128    0.0251    0.0598
   ab_p[1,4]   -0.0397    0.0237    0.0559    0.0876    0.1507
   ab_p[2,4]   -0.0464   -0.0172   -0.0067   -0.0002    0.0137
   ab_p[1,5]    0.0750    0.1383    0.1715    0.2034    0.2694
   ab_p[2,5]   -0.0317   -0.0068    0.0008    0.0097    0.0299
   ab_p[1,6]   -0.2868   -0.2170   -0.1842   -0.1536   -0.0882
   ab_p[2,6]   -0.0440   -0.0151   -0.0048    0.0039    0.0247
   ab_p[1,7]   -0.2939   -0.2295   -0.1962   -0.1617   -0.1010
   ab_p[2,7]   -0.0285   -0.0071    0.0008    0.0089    0.0360
   ab_p[1,8]   -0.1001   -0.0313    0.0008    0.0336    0.0961
   ab_p[2,8]   -0.0281   -0.0082   -0.0006    0.0068    0.0287
   ab_p[1,9]   -0.0585    0.0063    0.0421    0.0747    0.1442
   ab_p[2,9]   -0.0495   -0.0168   -0.0060    0.0014    0.0159
  ab_p[1,10]   -0.3146   -0.2530   -0.2207   -0.1902   -0.1281
  ab_p[2,10]   -0.0358   -0.0129   -0.0039    0.0036    0.0264
  ab_p[1,11]   -0.3238   -0.2605   -0.2289   -0.1972   -0.1339
  ab_p[2,11]   -0.0378   -0.0147   -0.0048    0.0035    0.0230
  ab_p[1,12]   -0.1042   -0.0419   -0.0101    0.0221    0.0892
  ab_p[2,12]   -0.0141    0.0008    0.0093    0.0218    0.0572
  ab_p[1,13]    0.0737    0.1337    0.1656    0.1979    0.2646
  ab_p[2,13]   -0.0180   -0.0003    0.0078    0.0178    0.0423
  ab_p[1,14]    0.0305    0.1047    0.1365    0.1649    0.2299
  ab_p[2,14]   -0.0279   -0.0070    0.0012    0.0089    0.0311
  ab_p[1,15]   -0.0279    0.0296    0.0601    0.0912    0.1549
  ab_p[2,15]   -0.0218   -0.0042    0.0029    0.0114    0.0338
  ab_p[1,16]   -0.3772   -0.3148   -0.2821   -0.2506   -0.1866
  ab_p[2,16]   -0.0506   -0.0220   -0.0099   -0.0008    0.0198
  ab_p[1,17]   -0.2480   -0.1834   -0.1514   -0.1166   -0.0555
  ab_p[2,17]   -0.0355   -0.0124   -0.0040    0.0027    0.0194
  ab_p[1,18]   -0.1037   -0.0353   -0.0012    0.0328    0.0952
  ab_p[2,18]   -0.0306   -0.0102   -0.0029    0.0046    0.0230
  ab_p[1,19]   -0.4534   -0.3865   -0.3530   -0.3202   -0.2610
  ab_p[2,19]   -0.0344   -0.0101   -0.0015    0.0089    0.0351
  ab_p[1,20]    0.0116    0.0782    0.1104    0.1424    0.2016
  ab_p[2,20]   -0.0257   -0.0051    0.0022    0.0103    0.0335
  ab_p[1,21]    0.1891    0.2486    0.2786    0.3110    0.3702
  ab_p[2,21]   -0.0195   -0.0004    0.0076    0.0189    0.0454
  ab_p[1,22]    0.0047    0.0722    0.1047    0.1375    0.2014
  ab_p[2,22]   -0.0257   -0.0043    0.0026    0.0125    0.0344
  ab_p[1,23]    0.0086    0.0706    0.1048    0.1384    0.2001
  ab_p[2,23]   -0.0291   -0.0069    0.0011    0.0089    0.0283
  ab_p[1,24]   -0.0128    0.0550    0.0888    0.1203    0.1839
  ab_p[2,24]   -0.0245   -0.0071    0.0010    0.0092    0.0301
      σ_e[1]    0.0080    0.0571    0.1657    0.4712    2.1122
      σ_e[2]    0.0073    0.0477    0.1232    0.3636    1.6956
    ρ_e[1,1]    1.0000    1.0000    1.0000    1.0000    1.0000
    ρ_e[2,1]   -0.8172   -0.3419    0.0310    0.4033    0.8080
    ρ_e[1,2]   -0.8172   -0.3419    0.0310    0.4033    0.8080
    ρ_e[2,2]    1.0000    1.0000    1.0000    1.0000    1.0000
   ab_e[1,1]   -0.1292   -0.0467   -0.0098    0.0133    0.0885
   ab_e[2,1]   -0.0773   -0.0361   -0.0246   -0.0109    0.0573
           σ    0.9724    0.9783    0.9815    0.9848    0.9908

