Chains MCMC chain (250×63×4 Array{Float64, 3}):

Iterations        = 126:1:375
Number of chains  = 4
Samples per chain = 250
Wall duration     = 2133.13 seconds
Compute duration  = 7406.05 seconds
parameters        = σ_w[1], σ_w[2], ρ_w[1, 1], ρ_w[2, 1], ρ_w[1, 2], ρ_w[2, 2], ab_w[1, 1], ab_w[2, 1], ab_w[1, 2], ab_w[2, 2], σ_p[1], σ_p[2], ρ_p[1, 1], ρ_p[2, 1], ρ_p[1, 2], ρ_p[2, 2], ab_p[1, 1], ab_p[2, 1], ab_p[1, 2], ab_p[2, 2], ab_p[1, 3], ab_p[2, 3], ab_p[1, 4], ab_p[2, 4], ab_p[1, 5], ab_p[2, 5], ab_p[1, 6], ab_p[2, 6], ab_p[1, 7], ab_p[2, 7], ab_p[1, 8], ab_p[2, 8], ab_p[1, 9], ab_p[2, 9], ab_p[1, 10], ab_p[2, 10], ab_p[1, 11], ab_p[2, 11], ab_p[1, 12], ab_p[2, 12], σ_e[1], σ_e[2], ρ_e[1, 1], ρ_e[2, 1], ρ_e[1, 2], ρ_e[2, 2], ab_e[1, 1], ab_e[2, 1], a_t, b_t, σ
internals         = lp, n_steps, is_accept, acceptance_rate, log_density, hamiltonian_energy, hamiltonian_energy_error, max_hamiltonian_energy_error, tree_depth, numerical_error, step_size, nom_step_size

Summary Statistics
   parameters      mean       std      mcse   ess_bulk   ess_tail      rhat   ess_per_sec
       Symbol   Float64   Float64   Float64    Float64    Float64   Float64       Float64

       σ_w[1]    0.3530    0.3904    0.0250   145.1050   288.4351    1.0118        0.0196
       σ_w[2]    0.4240    0.4360    0.0241   274.0931   434.9259    1.0062        0.0370
    ρ_w[1, 1]    1.0000    0.0000       NaN        NaN        NaN       NaN           NaN
    ρ_w[2, 1]   -0.0831    0.4493    0.0210   441.2188   390.1741    1.0072        0.0596
    ρ_w[1, 2]   -0.0831    0.4493    0.0210   441.2188   390.1741    1.0072        0.0596
    ρ_w[2, 2]    1.0000    0.0000    0.0000   936.0372   711.0006    0.9993        0.1264
   ab_w[1, 1]    0.0186    0.2584    0.0166   330.5958   264.2573    1.0048        0.0446
   ab_w[2, 1]   -0.0886    0.2117    0.0089   588.0750   523.8986    1.0056        0.0794
   ab_w[1, 2]   -0.0889    0.2647    0.0167   324.7896   220.6512    1.0072        0.0439
   ab_w[2, 2]    0.1230    0.2166    0.0091   604.4880   563.7261    1.0043        0.0816
       σ_p[1]    0.6708    0.1595    0.0053   988.9268   717.1696    0.9998        0.1335
       σ_p[2]    0.4059    0.0993    0.0035   887.0246   719.2342    1.0022        0.1198
    ρ_p[1, 1]    1.0000    0.0000       NaN        NaN        NaN       NaN           NaN
    ρ_p[2, 1]    0.5378    0.2152    0.0076   818.1592   638.4441    1.0026        0.1105
    ρ_p[1, 2]    0.5378    0.2152    0.0076   818.1592   638.4441    1.0026        0.1105
    ρ_p[2, 2]    1.0000    0.0000    0.0000   952.6888   850.8764    1.0061        0.1286
   ab_p[1, 1]   -0.0998    0.2143    0.0120   310.6842   388.0453    1.0194        0.0420
   ab_p[2, 1]    0.1232    0.1428    0.0048   892.4068   731.5777    1.0018        0.1205
   ab_p[1, 2]    0.7742    0.2152    0.0107   408.3392   491.5638    1.0173        0.0551
   ab_p[2, 2]    0.2532    0.1421    0.0054   715.2796   747.7465    1.0029        0.0966
   ab_p[1, 3]    0.4693    0.2125    0.0114   350.4222   476.1517    1.0192        0.0473
   ab_p[2, 3]    0.2437    0.1426    0.0053   721.5863   754.2025    1.0072        0.0974
   ab_p[1, 4]    0.4334    0.2100    0.0121   317.5239   512.4543    1.0218        0.0429
   ab_p[2, 4]   -0.1597    0.1474    0.0059   623.1186   589.0273    1.0044        0.0841
   ab_p[1, 5]    0.1283    0.2144    0.0112   367.8686   451.4270    1.0159        0.0497
   ab_p[2, 5]    0.0685    0.1441    0.0050   828.8130   561.0015    1.0050        0.1119
   ab_p[1, 6]    0.2256    0.2148    0.0118   330.5438   398.5060    1.0181        0.0446
   ab_p[2, 6]    0.7274    0.1490    0.0056   717.4785   715.2809    1.0053        0.0969
   ab_p[1, 7]    0.3899    0.2133    0.0129   280.9108   395.5731    1.0222        0.0379
   ab_p[2, 7]    0.0317    0.1445    0.0056   658.1585   641.5555    1.0060        0.0889
   ab_p[1, 8]    0.4647    0.2198    0.0115   362.4653   393.7836    1.0235        0.0489
   ab_p[2, 8]    0.1095    0.1441    0.0054   717.3059   605.7269    1.0050        0.0969
   ab_p[1, 9]   -0.5849    0.2212    0.0141   300.4022   500.8386    1.0266        0.0406
   ab_p[2, 9]   -0.0598    0.1425    0.0057   634.0654   724.3440    1.0037        0.0856
  ab_p[1, 10]   -0.4838    0.2144    0.0112   374.2902   420.8514    1.0179        0.0505
  ab_p[2, 10]   -0.3702    0.1460    0.0053   760.4928   731.3725    1.0008        0.1027
  ab_p[1, 11]   -1.2369    0.2145    0.0103   431.0067   398.7517    1.0129        0.0582
  ab_p[2, 11]   -0.7279    0.1448    0.0058   636.6207   656.9601    1.0024        0.0860
  ab_p[1, 12]   -0.9053    0.2204    0.0111   383.1886   415.0142    1.0176        0.0517
  ab_p[2, 12]   -0.3390    0.1433    0.0050   825.0794   773.3083    1.0039        0.1114
       σ_e[1]    0.6531    0.5961    0.0398   209.9402   383.3277    1.0092        0.0283
       σ_e[2]    0.4721    0.5582    0.0318   106.2799    98.4901    1.0221        0.0144
    ρ_e[1, 1]    1.0000    0.0000       NaN        NaN        NaN       NaN           NaN
    ρ_e[2, 1]    0.0140    0.4636    0.0186   628.2069   451.5401    1.0088        0.0848
    ρ_e[1, 2]    0.0140    0.4636    0.0186   628.2069   451.5401    1.0088        0.0848
    ρ_e[2, 2]    1.0000    0.0000    0.0000   877.6163   868.3947    1.0035        0.1185
   ab_e[1, 1]   -0.2012    0.3261    0.0225   244.5206   234.2139    1.0112        0.0330
   ab_e[2, 1]    0.0125    0.2279    0.0093   622.9172   495.5203    1.0286        0.0841
          a_t   -0.0514    0.1912    0.0066   832.8890   743.4149    1.0054        0.1125
          b_t    0.0000    0.1731    0.0058   900.8413   771.2619    1.0034        0.1216
            σ    4.0377    0.0202    0.0006   997.7487   914.2358    1.0025        0.1347

Quantiles
   parameters      2.5%     25.0%     50.0%     75.0%     97.5%
       Symbol   Float64   Float64   Float64   Float64   Float64

       σ_w[1]    0.0208    0.0996    0.2254    0.4650    1.3757
       σ_w[2]    0.0537    0.1652    0.2933    0.5289    1.5173
    ρ_w[1, 1]    1.0000    1.0000    1.0000    1.0000    1.0000
    ρ_w[2, 1]   -0.8613   -0.4579   -0.0933    0.2758    0.7306
    ρ_w[1, 2]   -0.8613   -0.4579   -0.0933    0.2758    0.7306
    ρ_w[2, 2]    1.0000    1.0000    1.0000    1.0000    1.0000
   ab_w[1, 1]   -0.4933   -0.0793    0.0224    0.1071    0.5303
   ab_w[2, 1]   -0.5471   -0.1969   -0.0779    0.0211    0.3233
   ab_w[1, 2]   -0.6397   -0.1958   -0.0620    0.0055    0.4085
   ab_w[2, 2]   -0.3453    0.0145    0.1113    0.2427    0.5455
       σ_p[1]    0.4397    0.5547    0.6400    0.7594    1.0553
       σ_p[2]    0.2607    0.3409    0.3909    0.4532    0.6351
    ρ_p[1, 1]    1.0000    1.0000    1.0000    1.0000    1.0000
    ρ_p[2, 1]    0.0254    0.4091    0.5743    0.7025    0.8512
    ρ_p[1, 2]    0.0254    0.4091    0.5743    0.7025    0.8512
    ρ_p[2, 2]    1.0000    1.0000    1.0000    1.0000    1.0000
   ab_p[1, 1]   -0.5201   -0.2348   -0.1031    0.0428    0.3148
   ab_p[2, 1]   -0.1633    0.0290    0.1218    0.2100    0.4165
   ab_p[1, 2]    0.3775    0.6277    0.7794    0.9145    1.2198
   ab_p[2, 2]   -0.0116    0.1551    0.2570    0.3434    0.5446
   ab_p[1, 3]    0.0287    0.3276    0.4762    0.6040    0.8864
   ab_p[2, 3]   -0.0431    0.1506    0.2478    0.3344    0.5217
   ab_p[1, 4]    0.0136    0.3026    0.4334    0.5588    0.8784
   ab_p[2, 4]   -0.4469   -0.2576   -0.1547   -0.0629    0.1475
   ab_p[1, 5]   -0.3100   -0.0019    0.1278    0.2627    0.5588
   ab_p[2, 5]   -0.2129   -0.0237    0.0595    0.1584    0.3579
   ab_p[1, 6]   -0.1841    0.0824    0.2250    0.3578    0.6857
   ab_p[2, 6]    0.4481    0.6279    0.7242    0.8225    1.0460
   ab_p[1, 7]   -0.0053    0.2472    0.3921    0.5274    0.8269
   ab_p[2, 7]   -0.2639   -0.0609    0.0295    0.1256    0.3171
   ab_p[1, 8]    0.0213    0.3261    0.4630    0.6011    0.9063
   ab_p[2, 8]   -0.1621    0.0079    0.1057    0.2026    0.4165
   ab_p[1, 9]   -1.0442   -0.7208   -0.5845   -0.4435   -0.1204
   ab_p[2, 9]   -0.3303   -0.1548   -0.0631    0.0306    0.2356
  ab_p[1, 10]   -0.9286   -0.6230   -0.4760   -0.3409   -0.0492
  ab_p[2, 10]   -0.6533   -0.4618   -0.3708   -0.2805   -0.0778
  ab_p[1, 11]   -1.6518   -1.3749   -1.2446   -1.0909   -0.8108
  ab_p[2, 11]   -1.0102   -0.8196   -0.7304   -0.6314   -0.4249
  ab_p[1, 12]   -1.3410   -1.0454   -0.9089   -0.7581   -0.4594
  ab_p[2, 12]   -0.6298   -0.4342   -0.3400   -0.2459   -0.0526
       σ_e[1]    0.0387    0.2229    0.5006    0.9025    2.3055
       σ_e[2]    0.0075    0.1043    0.2954    0.6173    2.1083
    ρ_e[1, 1]    1.0000    1.0000    1.0000    1.0000    1.0000
    ρ_e[2, 1]   -0.8213   -0.3246   -0.0148    0.3928    0.8347
    ρ_e[1, 2]   -0.8213   -0.3246   -0.0148    0.3928    0.8347
    ρ_e[2, 2]    1.0000    1.0000    1.0000    1.0000    1.0000
   ab_e[1, 1]   -0.9712   -0.3679   -0.1451    0.0055    0.3339
   ab_e[2, 1]   -0.4532   -0.0895    0.0042    0.1130    0.4808
          a_t   -0.3906   -0.1816   -0.0577    0.0727    0.3425
          b_t   -0.3402   -0.1169    0.0041    0.1140    0.3584
            σ    3.9957    4.0248    4.0371    4.0508    4.0762

