Chains MCMC chain (250×63×4 Array{Float64, 3}):

Iterations        = 126:1:375
Number of chains  = 4
Samples per chain = 250
Wall duration     = 1768.8 seconds
Compute duration  = 6686.59 seconds
parameters        = σ_w[1], σ_w[2], ρ_w[1, 1], ρ_w[2, 1], ρ_w[1, 2], ρ_w[2, 2], ab_w[1, 1], ab_w[2, 1], ab_w[1, 2], ab_w[2, 2], σ_p[1], σ_p[2], ρ_p[1, 1], ρ_p[2, 1], ρ_p[1, 2], ρ_p[2, 2], ab_p[1, 1], ab_p[2, 1], ab_p[1, 2], ab_p[2, 2], ab_p[1, 3], ab_p[2, 3], ab_p[1, 4], ab_p[2, 4], ab_p[1, 5], ab_p[2, 5], ab_p[1, 6], ab_p[2, 6], ab_p[1, 7], ab_p[2, 7], ab_p[1, 8], ab_p[2, 8], ab_p[1, 9], ab_p[2, 9], ab_p[1, 10], ab_p[2, 10], ab_p[1, 11], ab_p[2, 11], ab_p[1, 12], ab_p[2, 12], σ_e[1], σ_e[2], ρ_e[1, 1], ρ_e[2, 1], ρ_e[1, 2], ρ_e[2, 2], ab_e[1, 1], ab_e[2, 1], a_t, b_t, σ
internals         = lp, n_steps, is_accept, acceptance_rate, log_density, hamiltonian_energy, hamiltonian_energy_error, max_hamiltonian_energy_error, tree_depth, numerical_error, step_size, nom_step_size

Summary Statistics
   parameters      mean       std      mcse    ess_bulk   ess_tail      rhat   ess_per_sec
       Symbol   Float64   Float64   Float64     Float64    Float64   Float64       Float64

       σ_w[1]    0.3359    0.4144    0.0381    168.9539   197.9481    1.0543        0.0253
       σ_w[2]    0.4641    0.5489    0.0354    241.6168   175.9272    1.0232        0.0361
    ρ_w[1, 1]    1.0000    0.0000       NaN         NaN        NaN       NaN           NaN
    ρ_w[2, 1]   -0.0947    0.4578    0.0204    481.8890   449.6085    1.0147        0.0721
    ρ_w[1, 2]   -0.0947    0.4578    0.0204    481.8890   449.6085    1.0147        0.0721
    ρ_w[2, 2]    1.0000    0.0000    0.0000    937.1239   860.9410    1.0011        0.1401
   ab_w[1, 1]    0.0036    0.2424    0.0124    521.4515   316.1467    1.0484        0.0780
   ab_w[2, 1]   -0.1298    0.3346    0.0220    401.7270   176.5045    1.0146        0.0601
   ab_w[1, 2]   -0.1011    0.2454    0.0125    531.6493   306.4237    1.0356        0.0795
   ab_w[2, 2]    0.0793    0.3338    0.0219    362.6766   176.2412    1.0170        0.0542
       σ_p[1]    0.6688    0.1569    0.0057    920.0699   575.3175    1.0002        0.1376
       σ_p[2]    0.3990    0.0898    0.0034    714.1249   764.5446    1.0009        0.1068
    ρ_p[1, 1]    1.0000    0.0000       NaN         NaN        NaN       NaN           NaN
    ρ_p[2, 1]    0.5456    0.2083    0.0075    782.4189   688.2331    1.0023        0.1170
    ρ_p[1, 2]    0.5456    0.2083    0.0075    782.4189   688.2331    1.0023        0.1170
    ρ_p[2, 2]    1.0000    0.0000    0.0000    941.3958   962.5897    0.9978        0.1408
   ab_p[1, 1]   -0.1008    0.2108    0.0092    552.6588   347.5664    1.0129        0.0827
   ab_p[2, 1]    0.1252    0.1413    0.0047    900.4611   836.9490    1.0007        0.1347
   ab_p[1, 2]    0.7770    0.2080    0.0095    494.9129   290.9477    1.0120        0.0740
   ab_p[2, 2]    0.2578    0.1455    0.0048    901.4853   769.6024    0.9987        0.1348
   ab_p[1, 3]    0.4729    0.2138    0.0095    524.8626   457.4111    1.0067        0.0785
   ab_p[2, 3]    0.2407    0.1396    0.0047    869.8737   729.6340    1.0005        0.1301
   ab_p[1, 4]    0.4282    0.2061    0.0092    518.8609   381.9343    1.0126        0.0776
   ab_p[2, 4]   -0.1509    0.1478    0.0049    934.0530   842.8600    0.9991        0.1397
   ab_p[1, 5]    0.1288    0.2136    0.0101    453.3044   453.4881    1.0169        0.0678
   ab_p[2, 5]    0.0750    0.1440    0.0053    734.2134   812.9472    1.0031        0.1098
   ab_p[1, 6]    0.2221    0.2126    0.0096    503.5635   338.2542    1.0237        0.0753
   ab_p[2, 6]    0.7230    0.1478    0.0053    790.4268   706.2709    1.0072        0.1182
   ab_p[1, 7]    0.3930    0.2055    0.0091    523.7337   408.5290    1.0118        0.0783
   ab_p[2, 7]    0.0326    0.1417    0.0049    822.1350   758.6865    1.0004        0.1230
   ab_p[1, 8]    0.4599    0.2128    0.0096    503.6629   486.6961    1.0136        0.0753
   ab_p[2, 8]    0.0996    0.1364    0.0046    885.0551   840.6452    1.0015        0.1324
   ab_p[1, 9]   -0.5835    0.2081    0.0093    518.3074   407.0381    1.0115        0.0775
   ab_p[2, 9]   -0.0583    0.1425    0.0046    971.4851   763.0914    1.0005        0.1453
  ab_p[1, 10]   -0.4903    0.2098    0.0098    472.1856   385.3005    1.0098        0.0706
  ab_p[2, 10]   -0.3682    0.1469    0.0048    925.8856   785.8885    0.9997        0.1385
  ab_p[1, 11]   -1.2420    0.2114    0.0094    512.3571   446.1523    1.0139        0.0766
  ab_p[2, 11]   -0.7269    0.1452    0.0049    865.4539   845.6013    0.9994        0.1294
  ab_p[1, 12]   -0.9146    0.2107    0.0094    500.2853   418.3454    1.0090        0.0748
  ab_p[2, 12]   -0.3350    0.1491    0.0052    799.4496   822.6773    1.0030        0.1196
       σ_e[1]    0.5765    0.6184    0.0490     72.6014    50.6245    1.0717        0.0109
       σ_e[2]    0.5967    0.6500    0.0369    200.3626   254.9599    1.0241        0.0300
    ρ_e[1, 1]    1.0000    0.0000       NaN         NaN        NaN       NaN           NaN
    ρ_e[2, 1]    0.0142    0.4453    0.0186    579.9276   623.5347    1.0077        0.0867
    ρ_e[1, 2]    0.0142    0.4453    0.0186    579.9276   623.5347    1.0077        0.0867
    ρ_e[2, 2]    1.0000    0.0000    0.0000   1018.7514   916.6294    1.0026        0.1524
   ab_e[1, 1]   -0.1429    0.3119    0.0141    521.9163   492.7467    1.0184        0.0781
   ab_e[2, 1]    0.0314    0.3651    0.0219    426.4637   224.0286    1.0291        0.0638
          a_t   -0.0937    0.2679    0.0111    624.3032   532.4287    1.0064        0.0934
          b_t    0.0223    0.2608    0.0095    728.7584   584.5071    1.0174        0.1090
            σ    4.0380    0.0204    0.0006   1092.4888   871.1035    0.9991        0.1634

Quantiles
   parameters      2.5%     25.0%     50.0%     75.0%     97.5%
       Symbol   Float64   Float64   Float64   Float64   Float64

       σ_w[1]    0.0225    0.0964    0.1922    0.4087    1.6330
       σ_w[2]    0.0648    0.1684    0.2880    0.5208    1.9255
    ρ_w[1, 1]    1.0000    1.0000    1.0000    1.0000    1.0000
    ρ_w[2, 1]   -0.8953   -0.4578   -0.0916    0.2501    0.7924
    ρ_w[1, 2]   -0.8953   -0.4578   -0.0916    0.2501    0.7924
    ρ_w[2, 2]    1.0000    1.0000    1.0000    1.0000    1.0000
   ab_w[1, 1]   -0.6374   -0.0714    0.0264    0.1056    0.4851
   ab_w[2, 1]   -1.0005   -0.2278   -0.1025    0.0016    0.4749
   ab_w[1, 2]   -0.7153   -0.1797   -0.0607    0.0085    0.3360
   ab_w[2, 2]   -0.7346   -0.0126    0.0907    0.2100    0.6805
       σ_p[1]    0.4373    0.5626    0.6428    0.7508    1.0435
       σ_p[2]    0.2626    0.3370    0.3837    0.4504    0.6053
    ρ_p[1, 1]    1.0000    1.0000    1.0000    1.0000    1.0000
    ρ_p[2, 1]    0.0411    0.4320    0.5669    0.6976    0.8565
    ρ_p[1, 2]    0.0411    0.4320    0.5669    0.6976    0.8565
    ρ_p[2, 2]    1.0000    1.0000    1.0000    1.0000    1.0000
   ab_p[1, 1]   -0.5586   -0.2343   -0.0854    0.0419    0.2954
   ab_p[2, 1]   -0.1606    0.0377    0.1284    0.2161    0.3895
   ab_p[1, 2]    0.3584    0.6483    0.7893    0.9120    1.1541
   ab_p[2, 2]   -0.0354    0.1617    0.2612    0.3507    0.5440
   ab_p[1, 3]   -0.0017    0.3428    0.4818    0.6092    0.8723
   ab_p[2, 3]   -0.0431    0.1594    0.2372    0.3361    0.5203
   ab_p[1, 4]    0.0247    0.2957    0.4372    0.5627    0.8125
   ab_p[2, 4]   -0.4621   -0.2416   -0.1559   -0.0536    0.1374
   ab_p[1, 5]   -0.3204   -0.0077    0.1350    0.2726    0.5355
   ab_p[2, 5]   -0.2108   -0.0208    0.0718    0.1778    0.3600
   ab_p[1, 6]   -0.2112    0.0904    0.2235    0.3640    0.6160
   ab_p[2, 6]    0.4354    0.6281    0.7220    0.8199    1.0198
   ab_p[1, 7]   -0.0480    0.2692    0.4008    0.5270    0.7962
   ab_p[2, 7]   -0.2527   -0.0667    0.0357    0.1283    0.3051
   ab_p[1, 8]    0.0156    0.3297    0.4666    0.5993    0.8712
   ab_p[2, 8]   -0.1680    0.0100    0.1028    0.1886    0.3588
   ab_p[1, 9]   -1.0049   -0.7114   -0.5701   -0.4544   -0.1981
   ab_p[2, 9]   -0.3252   -0.1480   -0.0637    0.0350    0.2171
  ab_p[1, 10]   -0.9244   -0.6226   -0.4784   -0.3476   -0.1147
  ab_p[2, 10]   -0.6657   -0.4567   -0.3648   -0.2775   -0.0622
  ab_p[1, 11]   -1.6905   -1.3786   -1.2307   -1.1043   -0.8519
  ab_p[2, 11]   -1.0225   -0.8202   -0.7251   -0.6324   -0.4559
  ab_p[1, 12]   -1.3616   -1.0484   -0.9030   -0.7747   -0.5351
  ab_p[2, 12]   -0.6228   -0.4383   -0.3310   -0.2347   -0.0368
       σ_e[1]    0.0169    0.1506    0.3895    0.7726    2.4329
       σ_e[2]    0.0186    0.1660    0.3723    0.8063    2.4301
    ρ_e[1, 1]    1.0000    1.0000    1.0000    1.0000    1.0000
    ρ_e[2, 1]   -0.7950   -0.3328    0.0281    0.3603    0.8070
    ρ_e[1, 2]   -0.7950   -0.3328    0.0281    0.3603    0.8070
    ρ_e[2, 2]    1.0000    1.0000    1.0000    1.0000    1.0000
   ab_e[1, 1]   -0.8986   -0.3050   -0.0780    0.0310    0.3849
   ab_e[2, 1]   -0.5714   -0.1250    0.0013    0.1405    0.8726
          a_t   -0.5781   -0.2771   -0.1122    0.0759    0.4729
          b_t   -0.5159   -0.1367    0.0329    0.1813    0.5313
            σ    3.9982    4.0245    4.0382    4.0521    4.0785

