Chains MCMC chain (250×63×4 Array{Float64, 3}):

Iterations        = 126:1:375
Number of chains  = 4
Samples per chain = 250
Wall duration     = 2049.64 seconds
Compute duration  = 7289.86 seconds
parameters        = σ_w[1], σ_w[2], ρ_w[1, 1], ρ_w[2, 1], ρ_w[1, 2], ρ_w[2, 2], ab_w[1, 1], ab_w[2, 1], ab_w[1, 2], ab_w[2, 2], σ_p[1], σ_p[2], ρ_p[1, 1], ρ_p[2, 1], ρ_p[1, 2], ρ_p[2, 2], ab_p[1, 1], ab_p[2, 1], ab_p[1, 2], ab_p[2, 2], ab_p[1, 3], ab_p[2, 3], ab_p[1, 4], ab_p[2, 4], ab_p[1, 5], ab_p[2, 5], ab_p[1, 6], ab_p[2, 6], ab_p[1, 7], ab_p[2, 7], ab_p[1, 8], ab_p[2, 8], ab_p[1, 9], ab_p[2, 9], ab_p[1, 10], ab_p[2, 10], ab_p[1, 11], ab_p[2, 11], ab_p[1, 12], ab_p[2, 12], σ_e[1], σ_e[2], ρ_e[1, 1], ρ_e[2, 1], ρ_e[1, 2], ρ_e[2, 2], ab_e[1, 1], ab_e[2, 1], a_t, b_t, σ
internals         = lp, n_steps, is_accept, acceptance_rate, log_density, hamiltonian_energy, hamiltonian_energy_error, max_hamiltonian_energy_error, tree_depth, numerical_error, step_size, nom_step_size

Summary Statistics
   parameters      mean       std      mcse    ess_bulk   ess_tail      rhat   ess_per_sec
       Symbol   Float64   Float64   Float64     Float64    Float64   Float64       Float64

       σ_w[1]    0.3882    0.6054    0.0433    148.5263   224.5178    1.0395        0.0204
       σ_w[2]    0.5206    0.5094    0.0320    242.7922   303.6425    1.0092        0.0333
    ρ_w[1, 1]    1.0000    0.0000       NaN         NaN        NaN       NaN           NaN
    ρ_w[2, 1]   -0.0864    0.4632    0.0181    680.9315   638.4028    1.0109        0.0934
    ρ_w[1, 2]   -0.0864    0.4632    0.0181    680.9315   638.4028    1.0109        0.0934
    ρ_w[2, 2]    1.0000    0.0000    0.0000   1055.4707   986.9258    1.0013        0.1448
   ab_w[1, 1]    0.0602    0.4156    0.0389    434.1481   323.7365    1.0128        0.0596
   ab_w[2, 1]   -0.0469    0.4086    0.0259    330.7632   229.6702    1.0079        0.0454
   ab_w[1, 2]   -0.0363    0.4173    0.0414    423.8643   247.7446    1.0087        0.0581
   ab_w[2, 2]    0.1693    0.4096    0.0274    297.1155   248.7100    1.0127        0.0408
       σ_p[1]    0.7048    0.4042    0.0341    668.0816   358.9509    1.0014        0.0916
       σ_p[2]    0.4047    0.0985    0.0041    676.3027   449.4883    1.0025        0.0928
    ρ_p[1, 1]    1.0000    0.0000       NaN         NaN        NaN       NaN           NaN
    ρ_p[2, 1]    0.5454    0.2150    0.0076    790.1529   638.0083    1.0023        0.1084
    ρ_p[1, 2]    0.5454    0.2150    0.0076    790.1529   638.0083    1.0023        0.1084
    ρ_p[2, 2]    1.0000    0.0000    0.0000    963.8272   818.5457    0.9985        0.1322
   ab_p[1, 1]   -0.0538    0.3002    0.0180    488.1724   431.2310    1.0105        0.0670
   ab_p[2, 1]    0.1316    0.1443    0.0053    747.8198   719.8693    1.0067        0.1026
   ab_p[1, 2]    0.8121    0.2446    0.0116    503.3125   519.8543    1.0005        0.0690
   ab_p[2, 2]    0.2661    0.1482    0.0052    828.7193   712.4072    1.0064        0.1137
   ab_p[1, 3]    0.5093    0.2609    0.0143    492.5530   449.7612    1.0047        0.0676
   ab_p[2, 3]    0.2488    0.1460    0.0051    803.3873   915.4587    1.0006        0.1102
   ab_p[1, 4]    0.4670    0.2525    0.0134    454.7829   425.5220    1.0106        0.0624
   ab_p[2, 4]   -0.1481    0.1517    0.0055    760.9109   708.6476    1.0010        0.1044
   ab_p[1, 5]    0.1610    0.2531    0.0132    473.3123   399.3442    1.0078        0.0649
   ab_p[2, 5]    0.0804    0.1480    0.0053    776.5813   807.0281    1.0000        0.1065
   ab_p[1, 6]    0.2624    0.2787    0.0160    528.2803   351.5999    1.0100        0.0725
   ab_p[2, 6]    0.7296    0.1542    0.0057    721.8419   689.6457    1.0026        0.0990
   ab_p[1, 7]    0.4182    0.2514    0.0105    571.8263   416.1310    1.0038        0.0784
   ab_p[2, 7]    0.0404    0.1439    0.0053    745.1737   711.8383    1.0009        0.1022
   ab_p[1, 8]    0.4993    0.2469    0.0122    500.9991   528.0705    1.0048        0.0687
   ab_p[2, 8]    0.1117    0.1498    0.0051    863.5350   719.6164    1.0002        0.1185
   ab_p[1, 9]   -0.5469    0.2730    0.0149    520.6570   369.2044    1.0049        0.0714
   ab_p[2, 9]   -0.0515    0.1488    0.0052    830.3751   865.2513    1.0012        0.1139
  ab_p[1, 10]   -0.4553    0.2491    0.0115    569.8384   388.1636    1.0104        0.0782
  ab_p[2, 10]   -0.3662    0.1497    0.0052    819.5464   892.8105    1.0063        0.1124
  ab_p[1, 11]   -1.1961    0.3143    0.0195    488.5742   409.5644    1.0043        0.0670
  ab_p[2, 11]   -0.7185    0.1540    0.0057    738.9146   567.5550    1.0027        0.1014
  ab_p[1, 12]   -0.8592    0.3836    0.0245    492.7011   432.3161    1.0097        0.0676
  ab_p[2, 12]   -0.3300    0.1538    0.0057    730.9958   667.2645    1.0100        0.1003
       σ_e[1]    0.6681    0.6042    0.0481    107.5303   161.2573    1.0311        0.0148
       σ_e[2]    0.7293    0.7785    0.0454    200.4006   233.5359    1.0203        0.0275
    ρ_e[1, 1]    1.0000    0.0000       NaN         NaN        NaN       NaN           NaN
    ρ_e[2, 1]   -0.0158    0.4293    0.0172    621.5502   598.1895    1.0095        0.0853
    ρ_e[1, 2]   -0.0158    0.4293    0.0172    621.5502   598.1895    1.0095        0.0853
    ρ_e[2, 2]    1.0000    0.0000    0.0000    952.2061   854.3309    0.9994        0.1306
   ab_e[1, 1]   -0.1018    0.5648    0.0383    287.1613   201.0769    1.0219        0.0394
   ab_e[2, 1]    0.0011    0.4828    0.0308    250.1941   257.2015    1.0195        0.0343
          a_t   -0.2336    0.5790    0.0323    340.6098   302.8169    1.0235        0.0467
          b_t   -0.0354    0.5580    0.0361    268.4899   236.1842    1.0168        0.0368
            σ    4.0380    0.0297    0.0012    974.2404   777.1290    1.0039        0.1336

Quantiles
   parameters      2.5%     25.0%     50.0%     75.0%     97.5%
       Symbol   Float64   Float64   Float64   Float64   Float64

       σ_w[1]    0.0188    0.0965    0.1985    0.4408    1.7362
       σ_w[2]    0.0602    0.1996    0.3673    0.6332    2.0782
    ρ_w[1, 1]    1.0000    1.0000    1.0000    1.0000    1.0000
    ρ_w[2, 1]   -0.8752   -0.4490   -0.1585    0.2639    0.7824
    ρ_w[1, 2]   -0.8752   -0.4490   -0.1585    0.2639    0.7824
    ρ_w[2, 2]    1.0000    1.0000    1.0000    1.0000    1.0000
   ab_w[1, 1]   -0.6163   -0.0396    0.0325    0.1244    0.7166
   ab_w[2, 1]   -0.7381   -0.2310   -0.0738    0.0664    0.9408
   ab_w[1, 2]   -0.6941   -0.1444   -0.0381    0.0272    0.6184
   ab_w[2, 2]   -0.4946   -0.0106    0.1179    0.2976    1.0565
       σ_p[1]    0.4401    0.5627    0.6546    0.7680    1.0821
       σ_p[2]    0.2609    0.3340    0.3856    0.4612    0.6280
    ρ_p[1, 1]    1.0000    1.0000    1.0000    1.0000    1.0000
    ρ_p[2, 1]    0.0173    0.4228    0.5738    0.6993    0.8627
    ρ_p[1, 2]    0.0173    0.4228    0.5738    0.6993    0.8627
    ρ_p[2, 2]    1.0000    1.0000    1.0000    1.0000    1.0000
   ab_p[1, 1]   -0.5565   -0.2118   -0.0677    0.0916    0.4331
   ab_p[2, 1]   -0.1546    0.0363    0.1280    0.2234    0.4404
   ab_p[1, 2]    0.3501    0.6586    0.8068    0.9595    1.2522
   ab_p[2, 2]   -0.0104    0.1687    0.2621    0.3584    0.5889
   ab_p[1, 3]    0.0410    0.3504    0.5000    0.6477    0.9734
   ab_p[2, 3]   -0.0318    0.1477    0.2486    0.3422    0.5600
   ab_p[1, 4]   -0.0346    0.3218    0.4612    0.6135    0.9188
   ab_p[2, 4]   -0.4434   -0.2550   -0.1499   -0.0389    0.1361
   ab_p[1, 5]   -0.3346    0.0143    0.1592    0.3002    0.6412
   ab_p[2, 5]   -0.2062   -0.0224    0.0749    0.1815    0.3683
   ab_p[1, 6]   -0.2236    0.1070    0.2450    0.4008    0.7198
   ab_p[2, 6]    0.4480    0.6240    0.7297    0.8225    1.0448
   ab_p[1, 7]   -0.0488    0.2739    0.4173    0.5662    0.8844
   ab_p[2, 7]   -0.2589   -0.0492    0.0349    0.1302    0.3319
   ab_p[1, 8]    0.0266    0.3561    0.4937    0.6455    0.9322
   ab_p[2, 8]   -0.1710    0.0092    0.1117    0.2108    0.3935
   ab_p[1, 9]   -1.0125   -0.7048   -0.5555   -0.4014   -0.0631
   ab_p[2, 9]   -0.3402   -0.1541   -0.0559    0.0492    0.2552
  ab_p[1, 10]   -0.9219   -0.5991   -0.4554   -0.3127   -0.0104
  ab_p[2, 10]   -0.6621   -0.4623   -0.3694   -0.2699   -0.0773
  ab_p[1, 11]   -1.7014   -1.3535   -1.2085   -1.0490   -0.7511
  ab_p[2, 11]   -1.0113   -0.8220   -0.7260   -0.6193   -0.4050
  ab_p[1, 12]   -1.3716   -1.0327   -0.8760   -0.7228   -0.4160
  ab_p[2, 12]   -0.6179   -0.4366   -0.3313   -0.2335   -0.0074
       σ_e[1]    0.0272    0.2317    0.5050    0.9531    2.1148
       σ_e[2]    0.0268    0.2068    0.4786    0.9667    2.9198
    ρ_e[1, 1]    1.0000    1.0000    1.0000    1.0000    1.0000
    ρ_e[2, 1]   -0.8001   -0.3383   -0.0359    0.2942    0.8181
    ρ_e[1, 2]   -0.8001   -0.3383   -0.0359    0.2942    0.8181
    ρ_e[2, 2]    1.0000    1.0000    1.0000    1.0000    1.0000
   ab_e[1, 1]   -1.4220   -0.3091   -0.0147    0.1812    0.8990
   ab_e[2, 1]   -1.0215   -0.2235    0.0103    0.2171    1.1233
          a_t   -1.3526   -0.5638   -0.2647    0.0935    0.9852
          b_t   -1.4383   -0.3077   -0.0069    0.2846    1.0375
            σ    3.9974    4.0237    4.0378    4.0503    4.0761

