Chains MCMC chain (250×63×4 Array{Float64, 3}):

Iterations        = 126:1:375
Number of chains  = 4
Samples per chain = 250
Wall duration     = 3144.7 seconds
Compute duration  = 9096.29 seconds
parameters        = σ_w[1], σ_w[2], ρ_w[1, 1], ρ_w[2, 1], ρ_w[1, 2], ρ_w[2, 2], ab_w[1, 1], ab_w[2, 1], ab_w[1, 2], ab_w[2, 2], σ_p[1], σ_p[2], ρ_p[1, 1], ρ_p[2, 1], ρ_p[1, 2], ρ_p[2, 2], ab_p[1, 1], ab_p[2, 1], ab_p[1, 2], ab_p[2, 2], ab_p[1, 3], ab_p[2, 3], ab_p[1, 4], ab_p[2, 4], ab_p[1, 5], ab_p[2, 5], ab_p[1, 6], ab_p[2, 6], ab_p[1, 7], ab_p[2, 7], ab_p[1, 8], ab_p[2, 8], ab_p[1, 9], ab_p[2, 9], ab_p[1, 10], ab_p[2, 10], ab_p[1, 11], ab_p[2, 11], ab_p[1, 12], ab_p[2, 12], σ_e[1], σ_e[2], ρ_e[1, 1], ρ_e[2, 1], ρ_e[1, 2], ρ_e[2, 2], ab_e[1, 1], ab_e[2, 1], a_t, b_t, σ
internals         = lp, n_steps, is_accept, acceptance_rate, log_density, hamiltonian_energy, hamiltonian_energy_error, max_hamiltonian_energy_error, tree_depth, numerical_error, step_size, nom_step_size

Summary Statistics
   parameters      mean       std      mcse    ess_bulk   ess_tail      rhat   ess_per_sec
       Symbol   Float64   Float64   Float64     Float64    Float64   Float64       Float64

       σ_w[1]    0.3231    0.3802    0.0307    142.4768   187.7726    1.0107        0.0157
       σ_w[2]    0.4981    0.5340    0.0462    204.3912   175.5558    1.0172        0.0225
    ρ_w[1, 1]    1.0000    0.0000       NaN         NaN        NaN       NaN           NaN
    ρ_w[2, 1]   -0.1011    0.4579    0.0191    463.9788   186.0955    1.0099        0.0510
    ρ_w[1, 2]   -0.1011    0.4579    0.0191    463.9788   186.0955    1.0099        0.0510
    ρ_w[2, 2]    1.0000    0.0000    0.0000    961.5240   963.9176    1.0019        0.1057
   ab_w[1, 1]    0.0447    0.3243    0.0280    266.4600   185.2021    1.0046        0.0293
   ab_w[2, 1]   -0.0888    0.4377    0.0456    218.3373   112.6395    1.0173        0.0240
   ab_w[1, 2]   -0.0527    0.3223    0.0272    275.0486   175.8515    1.0064        0.0302
   ab_w[2, 2]    0.1245    0.4387    0.0471    210.7073    87.1947    1.0178        0.0232
       σ_p[1]    0.6763    0.1510    0.0061    647.7687   650.8378    1.0037        0.0712
       σ_p[2]    0.4067    0.0999    0.0053    716.2923   325.3958    1.0052        0.0787
    ρ_p[1, 1]    1.0000    0.0000       NaN         NaN        NaN       NaN           NaN
    ρ_p[2, 1]    0.5536    0.1985    0.0068    810.3124   561.3884    1.0120        0.0891
    ρ_p[1, 2]    0.5536    0.1985    0.0068    810.3124   561.3884    1.0120        0.0891
    ρ_p[2, 2]    1.0000    0.0000    0.0000   1025.0957   909.5471    0.9987        0.1127
   ab_p[1, 1]   -0.0702    0.2366    0.0119    493.9483   348.6729    1.0137        0.0543
   ab_p[2, 1]    0.1267    0.1503    0.0060    660.1270   669.0769    1.0087        0.0726
   ab_p[1, 2]    0.7943    0.2208    0.0100    493.5732   353.3307    1.0038        0.0543
   ab_p[2, 2]    0.2593    0.1523    0.0053    824.4204   527.6283    1.0017        0.0906
   ab_p[1, 3]    0.4884    0.2133    0.0089    573.7006   570.2965    1.0063        0.0631
   ab_p[2, 3]    0.2487    0.1576    0.0060    796.8536   651.9144    1.0037        0.0876
   ab_p[1, 4]    0.4412    0.2310    0.0104    518.5033   482.8983    1.0076        0.0570
   ab_p[2, 4]   -0.1591    0.1584    0.0075    704.4644   329.0586    1.0080        0.0774
   ab_p[1, 5]    0.1353    0.2234    0.0100    527.9863   527.9928    1.0029        0.0580
   ab_p[2, 5]    0.0650    0.1694    0.0088    663.6504   400.5653    1.0005        0.0730
   ab_p[1, 6]    0.2413    0.2154    0.0092    561.9063   523.2685    1.0087        0.0618
   ab_p[2, 6]    0.7262    0.1623    0.0070    709.3659   526.3621    1.0009        0.0780
   ab_p[1, 7]    0.3996    0.2411    0.0124    487.3131   362.1344    1.0047        0.0536
   ab_p[2, 7]    0.0329    0.1684    0.0087    683.9009   414.0703    1.0086        0.0752
   ab_p[1, 8]    0.4730    0.2420    0.0122    502.3188   358.9814    1.0026        0.0552
   ab_p[2, 8]    0.1069    0.1449    0.0049    870.8371   898.0567    0.9986        0.0957
   ab_p[1, 9]   -0.5683    0.2185    0.0095    558.7212   456.6933    1.0094        0.0614
   ab_p[2, 9]   -0.0630    0.1500    0.0050    914.8671   910.0435    1.0006        0.1006
  ab_p[1, 10]   -0.4744    0.2169    0.0087    619.8869   579.3278    1.0050        0.0681
  ab_p[2, 10]   -0.3710    0.1458    0.0050    855.1213   949.4951    0.9996        0.0940
  ab_p[1, 11]   -1.2204    0.2253    0.0103    524.6617   591.2809    1.0102        0.0577
  ab_p[2, 11]   -0.7230    0.1562    0.0060    713.6209   699.8753    1.0052        0.0785
  ab_p[1, 12]   -0.8829    0.2428    0.0126    467.8030   449.0299    1.0149        0.0514
  ab_p[2, 12]   -0.3357    0.1526    0.0057    784.7157   744.5932    1.0029        0.0863
       σ_e[1]    0.7248    0.6970    0.0680     89.4340   137.4164    1.0355        0.0098
       σ_e[2]    0.7777    0.9898    0.1096     70.7766   163.5906    1.0676        0.0078
    ρ_e[1, 1]    1.0000    0.0000       NaN         NaN        NaN       NaN           NaN
    ρ_e[2, 1]    0.0232    0.4533    0.0174    618.9818   253.0271    1.0058        0.0680
    ρ_e[1, 2]    0.0232    0.4533    0.0174    618.9818   253.0271    1.0058        0.0680
    ρ_e[2, 2]    1.0000    0.0000    0.0000    977.0686   804.4763    1.0029        0.1074
   ab_e[1, 1]   -0.1023    0.5355    0.0428    199.7825   108.8014    1.0288        0.0220
   ab_e[2, 1]    0.0338    0.4544    0.0280    324.4538   272.7896    1.0376        0.0357
          a_t   -0.1951    0.5011    0.0302    281.8642   171.0804    1.0172        0.0310
          b_t   -0.0191    0.5294    0.0391    273.6888   149.2698    1.0163        0.0301
            σ    4.0386    0.0248    0.0010   1077.7112   672.0177    1.0060        0.1185

Quantiles
   parameters      2.5%     25.0%     50.0%     75.0%     97.5%
       Symbol   Float64   Float64   Float64   Float64   Float64

       σ_w[1]    0.0126    0.0895    0.1949    0.3993    1.4118
       σ_w[2]    0.0583    0.1853    0.3106    0.5793    2.1821
    ρ_w[1, 1]    1.0000    1.0000    1.0000    1.0000    1.0000
    ρ_w[2, 1]   -0.9004   -0.4575   -0.1276    0.2487    0.7583
    ρ_w[1, 2]   -0.9004   -0.4575   -0.1276    0.2487    0.7583
    ρ_w[2, 2]    1.0000    1.0000    1.0000    1.0000    1.0000
   ab_w[1, 1]   -0.5129   -0.0470    0.0245    0.1175    0.7954
   ab_w[2, 1]   -1.0261   -0.2411   -0.0978    0.0222    0.8683
   ab_w[1, 2]   -0.6364   -0.1572   -0.0432    0.0116    0.7079
   ab_w[2, 2]   -0.7960   -0.0203    0.0882    0.2383    1.1685
       σ_p[1]    0.4486    0.5687    0.6526    0.7604    1.0082
       σ_p[2]    0.2645    0.3371    0.3892    0.4572    0.6428
    ρ_p[1, 1]    1.0000    1.0000    1.0000    1.0000    1.0000
    ρ_p[2, 1]    0.1016    0.4446    0.5792    0.6973    0.8604
    ρ_p[1, 2]    0.1016    0.4446    0.5792    0.6973    0.8604
    ρ_p[2, 2]    1.0000    1.0000    1.0000    1.0000    1.0000
   ab_p[1, 1]   -0.4856   -0.2249   -0.0806    0.0790    0.3940
   ab_p[2, 1]   -0.1426    0.0260    0.1185    0.2302    0.4302
   ab_p[1, 2]    0.3573    0.6594    0.7978    0.9371    1.2324
   ab_p[2, 2]   -0.0444    0.1588    0.2637    0.3630    0.5438
   ab_p[1, 3]    0.0742    0.3472    0.4872    0.6236    0.9072
   ab_p[2, 3]   -0.0474    0.1425    0.2505    0.3502    0.5576
   ab_p[1, 4]    0.0339    0.2895    0.4353    0.5877    0.8888
   ab_p[2, 4]   -0.4644   -0.2520   -0.1575   -0.0533    0.1210
   ab_p[1, 5]   -0.2845   -0.0153    0.1406    0.2788    0.5554
   ab_p[2, 5]   -0.2338   -0.0330    0.0742    0.1716    0.3593
   ab_p[1, 6]   -0.1703    0.1036    0.2453    0.3675    0.6670
   ab_p[2, 6]    0.4270    0.6238    0.7249    0.8333    1.0131
   ab_p[1, 7]   -0.0311    0.2550    0.4004    0.5408    0.8443
   ab_p[2, 7]   -0.2715   -0.0664    0.0362    0.1391    0.3210
   ab_p[1, 8]    0.0224    0.3305    0.4737    0.6332    0.9018
   ab_p[2, 8]   -0.1783    0.0126    0.0979    0.1988    0.3989
   ab_p[1, 9]   -0.9901   -0.7111   -0.5757   -0.4251   -0.1284
   ab_p[2, 9]   -0.3521   -0.1642   -0.0610    0.0357    0.2369
  ab_p[1, 10]   -0.8932   -0.6226   -0.4799   -0.3320   -0.0523
  ab_p[2, 10]   -0.6741   -0.4623   -0.3694   -0.2763   -0.0862
  ab_p[1, 11]   -1.6384   -1.3675   -1.2160   -1.0823   -0.8189
  ab_p[2, 11]   -1.0207   -0.8230   -0.7294   -0.6168   -0.4361
  ab_p[1, 12]   -1.3152   -1.0292   -0.8945   -0.7404   -0.4417
  ab_p[2, 12]   -0.6273   -0.4420   -0.3448   -0.2341   -0.0493
       σ_e[1]    0.0251    0.2381    0.5037    0.9930    2.7682
       σ_e[2]    0.0364    0.2095    0.5164    0.9521    3.0540
    ρ_e[1, 1]    1.0000    1.0000    1.0000    1.0000    1.0000
    ρ_e[2, 1]   -0.7861   -0.3414    0.0187    0.3761    0.8507
    ρ_e[1, 2]   -0.7861   -0.3414    0.0187    0.3761    0.8507
    ρ_e[2, 2]    1.0000    1.0000    1.0000    1.0000    1.0000
   ab_e[1, 1]   -1.4591   -0.3066   -0.0368    0.1420    0.9473
   ab_e[2, 1]   -0.8083   -0.1733   -0.0011    0.2426    1.0865
          a_t   -1.1520   -0.5172   -0.2165    0.1035    0.8922
          b_t   -1.2182   -0.2651    0.0236    0.2943    0.9132
            σ    3.9969    4.0235    4.0386    4.0517    4.0802

