Chains MCMC chain (250×63×4 Array{Float64, 3}):

Iterations        = 126:1:375
Number of chains  = 4
Samples per chain = 250
Wall duration     = 1951.26 seconds
Compute duration  = 7157.18 seconds
parameters        = σ_w[1], σ_w[2], ρ_w[1, 1], ρ_w[2, 1], ρ_w[1, 2], ρ_w[2, 2], ab_w[1, 1], ab_w[2, 1], ab_w[1, 2], ab_w[2, 2], σ_p[1], σ_p[2], ρ_p[1, 1], ρ_p[2, 1], ρ_p[1, 2], ρ_p[2, 2], ab_p[1, 1], ab_p[2, 1], ab_p[1, 2], ab_p[2, 2], ab_p[1, 3], ab_p[2, 3], ab_p[1, 4], ab_p[2, 4], ab_p[1, 5], ab_p[2, 5], ab_p[1, 6], ab_p[2, 6], ab_p[1, 7], ab_p[2, 7], ab_p[1, 8], ab_p[2, 8], ab_p[1, 9], ab_p[2, 9], ab_p[1, 10], ab_p[2, 10], ab_p[1, 11], ab_p[2, 11], ab_p[1, 12], ab_p[2, 12], σ_e[1], σ_e[2], ρ_e[1, 1], ρ_e[2, 1], ρ_e[1, 2], ρ_e[2, 2], ab_e[1, 1], ab_e[2, 1], a_t, b_t, σ
internals         = lp, n_steps, is_accept, acceptance_rate, log_density, hamiltonian_energy, hamiltonian_energy_error, max_hamiltonian_energy_error, tree_depth, numerical_error, step_size, nom_step_size

Summary Statistics
   parameters      mean       std      mcse    ess_bulk   ess_tail      rhat   ess_per_sec
       Symbol   Float64   Float64   Float64     Float64    Float64   Float64       Float64

       σ_w[1]    0.3321    0.3850    0.0246    181.9996   207.5017    1.0241        0.0254
       σ_w[2]    0.4657    0.4614    0.0294    195.1849   266.8518    1.0180        0.0273
    ρ_w[1, 1]    1.0000    0.0000       NaN         NaN        NaN       NaN           NaN
    ρ_w[2, 1]   -0.0706    0.4635    0.0221    462.0683   425.2518    1.0106        0.0646
    ρ_w[1, 2]   -0.0706    0.4635    0.0221    462.0683   425.2518    1.0106        0.0646
    ρ_w[2, 2]    1.0000    0.0000    0.0000    950.9689   959.0441    1.0000        0.1329
   ab_w[1, 1]    0.0102    0.2492    0.0132    429.5345   346.2885    1.0226        0.0600
   ab_w[2, 1]   -0.0872    0.3135    0.0188    382.2670   215.7139    1.0106        0.0534
   ab_w[1, 2]   -0.0921    0.2566    0.0136    451.6789   368.3592    1.0180        0.0631
   ab_w[2, 2]    0.1191    0.3194    0.0198    370.9864   217.8350    1.0152        0.0518
       σ_p[1]    0.6772    0.1587    0.0065    762.1856   555.9153    0.9995        0.1065
       σ_p[2]    0.4031    0.0915    0.0032    864.8968   780.0609    1.0003        0.1208
    ρ_p[1, 1]    1.0000    0.0000       NaN         NaN        NaN       NaN           NaN
    ρ_p[2, 1]    0.5443    0.2017    0.0069    874.7385   617.4093    0.9994        0.1222
    ρ_p[1, 2]    0.5443    0.2017    0.0069    874.7385   617.4093    0.9994        0.1222
    ρ_p[2, 2]    1.0000    0.0000    0.0000    923.2970   988.1546    1.0021        0.1290
   ab_p[1, 1]   -0.0926    0.2034    0.0105    383.5987   444.6123    1.0063        0.0536
   ab_p[2, 1]    0.1153    0.1425    0.0050    838.6283   593.6389    1.0022        0.1172
   ab_p[1, 2]    0.7792    0.2051    0.0104    390.2324   425.2492    1.0033        0.0545
   ab_p[2, 2]    0.2556    0.1408    0.0056    650.0155   400.0381    1.0054        0.0908
   ab_p[1, 3]    0.4827    0.2018    0.0111    334.5079   425.7067    1.0091        0.0467
   ab_p[2, 3]    0.2400    0.1442    0.0055    705.9971   528.6872    1.0016        0.0986
   ab_p[1, 4]    0.4420    0.2018    0.0106    364.0629   382.5022    1.0094        0.0509
   ab_p[2, 4]   -0.1578    0.1436    0.0049    884.2645   675.7748    1.0056        0.1235
   ab_p[1, 5]    0.1315    0.2071    0.0107    375.2779   506.4390    1.0090        0.0524
   ab_p[2, 5]    0.0698    0.1405    0.0048    875.9039   846.0707    1.0023        0.1224
   ab_p[1, 6]    0.2281    0.2118    0.0113    358.0967   357.4111    1.0075        0.0500
   ab_p[2, 6]    0.7280    0.1511    0.0053    810.4564   704.1350    0.9985        0.1132
   ab_p[1, 7]    0.3974    0.2057    0.0103    397.4961   366.2049    1.0105        0.0555
   ab_p[2, 7]    0.0340    0.1474    0.0058    668.0730   691.9151    1.0046        0.0933
   ab_p[1, 8]    0.4720    0.2022    0.0106    364.3878   393.8639    1.0092        0.0509
   ab_p[2, 8]    0.1067    0.1491    0.0056    722.9378   745.2333    1.0025        0.1010
   ab_p[1, 9]   -0.5783    0.2050    0.0108    363.3215   524.5087    1.0087        0.0508
   ab_p[2, 9]   -0.0638    0.1427    0.0052    767.4009   727.8610    1.0049        0.1072
  ab_p[1, 10]   -0.4807    0.2084    0.0113    343.3721   491.0715    1.0050        0.0480
  ab_p[2, 10]   -0.3708    0.1456    0.0049    909.5346   567.7114    1.0005        0.1271
  ab_p[1, 11]   -1.2365    0.2087    0.0113    364.1984   376.3097    1.0100        0.0509
  ab_p[2, 11]   -0.7284    0.1447    0.0058    646.4277   587.2201    1.0033        0.0903
  ab_p[1, 12]   -0.9022    0.2096    0.0109    363.6661   407.3377    1.0084        0.0508
  ab_p[2, 12]   -0.3423    0.1441    0.0055    669.6227   627.7670    1.0040        0.0936
       σ_e[1]    0.7029    0.6627    0.0380    164.7976   122.1422    1.0355        0.0230
       σ_e[2]    0.6711    0.7086    0.0415    200.7750   296.5752    1.0144        0.0281
    ρ_e[1, 1]    1.0000    0.0000       NaN         NaN        NaN       NaN           NaN
    ρ_e[2, 1]   -0.0328    0.4618    0.0194    592.8023   440.6856    1.0030        0.0828
    ρ_e[1, 2]   -0.0328    0.4618    0.0194    592.8023   440.6856    1.0030        0.0828
    ρ_e[2, 2]    1.0000    0.0000    0.0000    918.4151   687.1603    1.0042        0.1283
   ab_e[1, 1]   -0.1563    0.3671    0.0157    549.7772   594.5168    1.0070        0.0768
   ab_e[2, 1]   -0.0125    0.3724    0.0235    315.9825   225.2567    1.0190        0.0441
          a_t   -0.0979    0.3455    0.0141    612.2870   596.2499    1.0072        0.0855
          b_t    0.0290    0.3081    0.0110    787.7336   725.3372    1.0037        0.1101
            σ    4.0383    0.0209    0.0006   1103.0455   865.3595    0.9987        0.1541

Quantiles
   parameters      2.5%     25.0%     50.0%     75.0%     97.5%
       Symbol   Float64   Float64   Float64   Float64   Float64

       σ_w[1]    0.0197    0.0908    0.1996    0.4368    1.4497
       σ_w[2]    0.0441    0.1739    0.3121    0.5862    1.7703
    ρ_w[1, 1]    1.0000    1.0000    1.0000    1.0000    1.0000
    ρ_w[2, 1]   -0.8524   -0.4295   -0.1114    0.2624    0.8308
    ρ_w[1, 2]   -0.8524   -0.4295   -0.1114    0.2624    0.8308
    ρ_w[2, 2]    1.0000    1.0000    1.0000    1.0000    1.0000
   ab_w[1, 1]   -0.6077   -0.0554    0.0200    0.1040    0.5278
   ab_w[2, 1]   -0.7033   -0.2366   -0.0868    0.0261    0.6324
   ab_w[1, 2]   -0.7448   -0.1674   -0.0578    0.0083    0.4104
   ab_w[2, 2]   -0.4963   -0.0222    0.0878    0.2342    0.8797
       σ_p[1]    0.4564    0.5667    0.6487    0.7548    1.0701
       σ_p[2]    0.2603    0.3399    0.3912    0.4513    0.6110
    ρ_p[1, 1]    1.0000    1.0000    1.0000    1.0000    1.0000
    ρ_p[2, 1]    0.0758    0.4187    0.5869    0.6954    0.8488
    ρ_p[1, 2]    0.0758    0.4187    0.5869    0.6954    0.8488
    ρ_p[2, 2]    1.0000    1.0000    1.0000    1.0000    1.0000
   ab_p[1, 1]   -0.5069   -0.2193   -0.0828    0.0418    0.2935
   ab_p[2, 1]   -0.1667    0.0206    0.1152    0.2094    0.4045
   ab_p[1, 2]    0.3734    0.6435    0.7818    0.9109    1.1668
   ab_p[2, 2]   -0.0274    0.1647    0.2602    0.3471    0.5347
   ab_p[1, 3]    0.0797    0.3662    0.4827    0.6168    0.8608
   ab_p[2, 3]   -0.0539    0.1428    0.2460    0.3344    0.5208
   ab_p[1, 4]    0.0318    0.3149    0.4457    0.5742    0.8387
   ab_p[2, 4]   -0.4497   -0.2526   -0.1510   -0.0608    0.1260
   ab_p[1, 5]   -0.3068    0.0063    0.1377    0.2754    0.5309
   ab_p[2, 5]   -0.2081   -0.0237    0.0715    0.1612    0.3357
   ab_p[1, 6]   -0.1885    0.0987    0.2363    0.3692    0.6261
   ab_p[2, 6]    0.4378    0.6277    0.7148    0.8338    1.0245
   ab_p[1, 7]   -0.0023    0.2637    0.3974    0.5417    0.7743
   ab_p[2, 7]   -0.2569   -0.0639    0.0380    0.1334    0.3093
   ab_p[1, 8]    0.0826    0.3378    0.4804    0.6061    0.8729
   ab_p[2, 8]   -0.1792    0.0113    0.1169    0.1961    0.3935
   ab_p[1, 9]   -0.9699   -0.7075   -0.5726   -0.4434   -0.1867
   ab_p[2, 9]   -0.3623   -0.1594   -0.0629    0.0306    0.1979
  ab_p[1, 10]   -0.9015   -0.6208   -0.4663   -0.3409   -0.0870
  ab_p[2, 10]   -0.6742   -0.4627   -0.3632   -0.2701   -0.0960
  ab_p[1, 11]   -1.6920   -1.3665   -1.2277   -1.0973   -0.8409
  ab_p[2, 11]   -1.0088   -0.8237   -0.7240   -0.6309   -0.4484
  ab_p[1, 12]   -1.3131   -1.0427   -0.9020   -0.7550   -0.5015
  ab_p[2, 12]   -0.6427   -0.4359   -0.3437   -0.2406   -0.0804
       σ_e[1]    0.0256    0.2460    0.4989    0.9399    2.6878
       σ_e[2]    0.0188    0.1777    0.4402    0.9004    2.5111
    ρ_e[1, 1]    1.0000    1.0000    1.0000    1.0000    1.0000
    ρ_e[2, 1]   -0.8234   -0.4184   -0.0547    0.3494    0.8219
    ρ_e[1, 2]   -0.8234   -0.4184   -0.0547    0.3494    0.8219
    ρ_e[2, 2]    1.0000    1.0000    1.0000    1.0000    1.0000
   ab_e[1, 1]   -0.9897   -0.3699   -0.1085    0.0555    0.4990
   ab_e[2, 1]   -0.8258   -0.1563    0.0000    0.1503    0.7713
          a_t   -0.7595   -0.3377   -0.1059    0.1196    0.6500
          b_t   -0.6005   -0.1649    0.0302    0.2200    0.6339
            σ    3.9984    4.0241    4.0379    4.0525    4.0801

