Chains MCMC chain (250×63×4 Array{Float64, 3}):

Iterations        = 126:1:375
Number of chains  = 4
Samples per chain = 250
Wall duration     = 2551.76 seconds
Compute duration  = 6869.53 seconds
parameters        = σ_w[1], σ_w[2], ρ_w[1, 1], ρ_w[2, 1], ρ_w[1, 2], ρ_w[2, 2], ab_w[1, 1], ab_w[2, 1], ab_w[1, 2], ab_w[2, 2], σ_p[1], σ_p[2], ρ_p[1, 1], ρ_p[2, 1], ρ_p[1, 2], ρ_p[2, 2], ab_p[1, 1], ab_p[2, 1], ab_p[1, 2], ab_p[2, 2], ab_p[1, 3], ab_p[2, 3], ab_p[1, 4], ab_p[2, 4], ab_p[1, 5], ab_p[2, 5], ab_p[1, 6], ab_p[2, 6], ab_p[1, 7], ab_p[2, 7], ab_p[1, 8], ab_p[2, 8], ab_p[1, 9], ab_p[2, 9], ab_p[1, 10], ab_p[2, 10], ab_p[1, 11], ab_p[2, 11], ab_p[1, 12], ab_p[2, 12], σ_e[1], σ_e[2], ρ_e[1, 1], ρ_e[2, 1], ρ_e[1, 2], ρ_e[2, 2], ab_e[1, 1], ab_e[2, 1], a_t, b_t, σ
internals         = lp, n_steps, is_accept, acceptance_rate, log_density, hamiltonian_energy, hamiltonian_energy_error, max_hamiltonian_energy_error, tree_depth, numerical_error, step_size, nom_step_size

Summary Statistics
   parameters      mean       std      mcse    ess_bulk   ess_tail      rhat   ess_per_sec
       Symbol   Float64   Float64   Float64     Float64    Float64   Float64       Float64

       σ_w[1]    0.3416    0.3644    0.0279    132.6515   238.6315    1.0247        0.0193
       σ_w[2]    0.4167    0.4861    0.0335    189.5157   245.7477    1.0210        0.0276
    ρ_w[1, 1]    1.0000    0.0000       NaN         NaN        NaN       NaN           NaN
    ρ_w[2, 1]   -0.0699    0.4449    0.0252    302.8093   341.1832    1.0138        0.0441
    ρ_w[1, 2]   -0.0699    0.4449    0.0252    302.8093   341.1832    1.0138        0.0441
    ρ_w[2, 2]    1.0000    0.0000    0.0000    966.0927   919.1602    0.9989        0.1406
   ab_w[1, 1]   -0.0159    0.2299    0.0132    366.0685   305.8224    1.0288        0.0533
   ab_w[2, 1]   -0.0425    0.4498    0.0374    334.0369   257.0710    1.0098        0.0486
   ab_w[1, 2]   -0.1242    0.2363    0.0142    304.4225   326.6789    1.0151        0.0443
   ab_w[2, 2]    0.1630    0.4501    0.0373    330.8497   217.2490    1.0092        0.0482
       σ_p[1]    0.6770    0.1620    0.0069    583.6528   622.5345    1.0213        0.0850
       σ_p[2]    0.4069    0.0970    0.0038    739.3582   554.1158    1.0004        0.1076
    ρ_p[1, 1]    1.0000    0.0000       NaN         NaN        NaN       NaN           NaN
    ρ_p[2, 1]    0.5466    0.2260    0.0089    649.8410   426.3785    1.0036        0.0946
    ρ_p[1, 2]    0.5466    0.2260    0.0089    649.8410   426.3785    1.0036        0.0946
    ρ_p[2, 2]    1.0000    0.0000    0.0000    896.7794   890.5435    1.0027        0.1305
   ab_p[1, 1]   -0.1180    0.2074    0.0118    311.7543   488.7612    1.0105        0.0454
   ab_p[2, 1]    0.1185    0.1431    0.0054    703.8656   613.9009    1.0046        0.1025
   ab_p[1, 2]    0.7647    0.2061    0.0127    267.1750   442.8878    1.0158        0.0389
   ab_p[2, 2]    0.2478    0.1356    0.0054    626.9917   617.1806    1.0093        0.0913
   ab_p[1, 3]    0.4526    0.2028    0.0118    289.7822   434.0069    1.0157        0.0422
   ab_p[2, 3]    0.2364    0.1362    0.0049    772.0591   726.7289    1.0016        0.1124
   ab_p[1, 4]    0.4197    0.2092    0.0124    283.9660   431.4211    1.0104        0.0413
   ab_p[2, 4]   -0.1514    0.1391    0.0053    683.3474   804.3857    1.0023        0.0995
   ab_p[1, 5]    0.1109    0.2091    0.0130    258.6780   354.5469    1.0109        0.0377
   ab_p[2, 5]    0.0709    0.1364    0.0056    590.2574   801.4178    1.0036        0.0859
   ab_p[1, 6]    0.2087    0.2069    0.0124    274.9703   368.3228    1.0120        0.0400
   ab_p[2, 6]    0.7245    0.1392    0.0055    627.3101   861.4891    1.0078        0.0913
   ab_p[1, 7]    0.3762    0.2049    0.0123    278.1091   496.9143    1.0139        0.0405
   ab_p[2, 7]    0.0265    0.1383    0.0055    621.6808   724.5343    1.0053        0.0905
   ab_p[1, 8]    0.4455    0.2055    0.0120    290.4848   349.5517    1.0125        0.0423
   ab_p[2, 8]    0.0948    0.1364    0.0049    775.4157   767.0792    1.0033        0.1129
   ab_p[1, 9]   -0.6002    0.2102    0.0129    265.3941   291.5567    1.0140        0.0386
   ab_p[2, 9]   -0.0703    0.1397    0.0061    532.7039   431.0859    1.0068        0.0775
  ab_p[1, 10]   -0.5022    0.2072    0.0130    254.8431   302.2100    1.0145        0.0371
  ab_p[2, 10]   -0.3763    0.1338    0.0050    721.9707   829.5912    1.0037        0.1051
  ab_p[1, 11]   -1.2573    0.2042    0.0127    264.7250   290.4584    1.0147        0.0385
  ab_p[2, 11]   -0.7354    0.1353    0.0049    773.6417   639.3242    1.0004        0.1126
  ab_p[1, 12]   -0.9199    0.2008    0.0119    288.5219   315.9523    1.0125        0.0420
  ab_p[2, 12]   -0.3473    0.1412    0.0055    670.3900   675.9643    1.0065        0.0976
       σ_e[1]    0.6388    0.6680    0.0473    136.2092   166.1637    1.0150        0.0198
       σ_e[2]    0.5235    0.6036    0.0473     94.3351   114.5768    1.0283        0.0137
    ρ_e[1, 1]    1.0000    0.0000       NaN         NaN        NaN       NaN           NaN
    ρ_e[2, 1]    0.0009    0.4485    0.0198    518.4599   520.7822    1.0154        0.0755
    ρ_e[1, 2]    0.0009    0.4485    0.0198    518.4599   520.7822    1.0154        0.0755
    ρ_e[2, 2]    1.0000    0.0000    0.0000    907.3960   799.8456    1.0011        0.1321
   ab_e[1, 1]   -0.1832    0.2626    0.0162    267.6444   337.9489    1.0177        0.0390
   ab_e[2, 1]   -0.0313    0.4595    0.0388    352.7281   221.9844    1.0207        0.0513
          a_t   -0.0191    0.0956    0.0030   1009.2895   745.4916    1.0016        0.1469
          b_t    0.0055    0.0972    0.0029   1100.8623   755.6161    1.0000        0.1603
            σ    4.0379    0.0200    0.0007    934.1855   685.5926    1.0044        0.1360

Quantiles
   parameters      2.5%     25.0%     50.0%     75.0%     97.5%
       Symbol   Float64   Float64   Float64   Float64   Float64

       σ_w[1]    0.0260    0.1135    0.2207    0.4299    1.3774
       σ_w[2]    0.0406    0.1517    0.2752    0.5007    1.7656
    ρ_w[1, 1]    1.0000    1.0000    1.0000    1.0000    1.0000
    ρ_w[2, 1]   -0.8419   -0.4147   -0.0858    0.2497    0.7725
    ρ_w[1, 2]   -0.8419   -0.4147   -0.0858    0.2497    0.7725
    ρ_w[2, 2]    1.0000    1.0000    1.0000    1.0000    1.0000
   ab_w[1, 1]   -0.5230   -0.0943    0.0079    0.0816    0.4290
   ab_w[2, 1]   -0.4830   -0.1746   -0.0761    0.0132    0.4200
   ab_w[1, 2]   -0.6509   -0.2189   -0.0864   -0.0067    0.3066
   ab_w[2, 2]   -0.2743    0.0228    0.1073    0.2276    0.7061
       σ_p[1]    0.4466    0.5648    0.6424    0.7572    1.0573
       σ_p[2]    0.2603    0.3386    0.3960    0.4564    0.6384
    ρ_p[1, 1]    1.0000    1.0000    1.0000    1.0000    1.0000
    ρ_p[2, 1]   -0.0235    0.4280    0.5919    0.7097    0.8594
    ρ_p[1, 2]   -0.0235    0.4280    0.5919    0.7097    0.8594
    ρ_p[2, 2]    1.0000    1.0000    1.0000    1.0000    1.0000
   ab_p[1, 1]   -0.5185   -0.2589   -0.1216    0.0267    0.2895
   ab_p[2, 1]   -0.1555    0.0235    0.1185    0.2129    0.3985
   ab_p[1, 2]    0.3489    0.6368    0.7649    0.9015    1.1690
   ab_p[2, 2]   -0.0132    0.1577    0.2487    0.3340    0.5027
   ab_p[1, 3]    0.0645    0.3182    0.4513    0.5823    0.8678
   ab_p[2, 3]   -0.0311    0.1441    0.2384    0.3291    0.5064
   ab_p[1, 4]    0.0046    0.2862    0.4212    0.5584    0.8147
   ab_p[2, 4]   -0.4277   -0.2454   -0.1531   -0.0582    0.1213
   ab_p[1, 5]   -0.3100   -0.0344    0.1051    0.2533    0.5241
   ab_p[2, 5]   -0.2012   -0.0217    0.0665    0.1614    0.3376
   ab_p[1, 6]   -0.2120    0.0788    0.2116    0.3453    0.6243
   ab_p[2, 6]    0.4449    0.6312    0.7256    0.8181    0.9949
   ab_p[1, 7]   -0.0171    0.2472    0.3756    0.5077    0.7895
   ab_p[2, 7]   -0.2509   -0.0659    0.0311    0.1196    0.3035
   ab_p[1, 8]    0.0408    0.3104    0.4439    0.5897    0.8540
   ab_p[2, 8]   -0.1864    0.0045    0.0974    0.1843    0.3549
   ab_p[1, 9]   -1.0018   -0.7415   -0.5965   -0.4565   -0.1950
   ab_p[2, 9]   -0.3549   -0.1545   -0.0629    0.0217    0.1966
  ab_p[1, 10]   -0.9213   -0.6367   -0.4946   -0.3663   -0.0989
  ab_p[2, 10]   -0.6257   -0.4686   -0.3818   -0.2852   -0.1018
  ab_p[1, 11]   -1.6605   -1.3871   -1.2541   -1.1165   -0.8679
  ab_p[2, 11]   -1.0087   -0.8125   -0.7371   -0.6514   -0.4733
  ab_p[1, 12]   -1.3115   -1.0498   -0.9199   -0.7784   -0.5500
  ab_p[2, 12]   -0.6338   -0.4425   -0.3460   -0.2530   -0.0696
       σ_e[1]    0.0195    0.1650    0.4292    0.8999    2.2877
       σ_e[2]    0.0070    0.1086    0.3229    0.7241    2.3603
    ρ_e[1, 1]    1.0000    1.0000    1.0000    1.0000    1.0000
    ρ_e[2, 1]   -0.8653   -0.3265    0.0287    0.3197    0.8603
    ρ_e[1, 2]   -0.8653   -0.3265    0.0287    0.3197    0.8603
    ρ_e[2, 2]    1.0000    1.0000    1.0000    1.0000    1.0000
   ab_e[1, 1]   -0.7356   -0.3429   -0.1528   -0.0087    0.2555
   ab_e[2, 1]   -0.4971   -0.0916    0.0029    0.0952    0.4036
          a_t   -0.2079   -0.0847   -0.0208    0.0459    0.1642
          b_t   -0.1816   -0.0637    0.0083    0.0719    0.1853
            σ    3.9988    4.0245    4.0377    4.0515    4.0783

