Chains MCMC chain (250×63×4 Array{Float64, 3}):

Iterations        = 126:1:375
Number of chains  = 4
Samples per chain = 250
Wall duration     = 3129.6 seconds
Compute duration  = 9652.07 seconds
parameters        = σ_w[1], σ_w[2], ρ_w[1, 1], ρ_w[2, 1], ρ_w[1, 2], ρ_w[2, 2], ab_w[1, 1], ab_w[2, 1], ab_w[1, 2], ab_w[2, 2], σ_p[1], σ_p[2], ρ_p[1, 1], ρ_p[2, 1], ρ_p[1, 2], ρ_p[2, 2], ab_p[1, 1], ab_p[2, 1], ab_p[1, 2], ab_p[2, 2], ab_p[1, 3], ab_p[2, 3], ab_p[1, 4], ab_p[2, 4], ab_p[1, 5], ab_p[2, 5], ab_p[1, 6], ab_p[2, 6], ab_p[1, 7], ab_p[2, 7], ab_p[1, 8], ab_p[2, 8], ab_p[1, 9], ab_p[2, 9], ab_p[1, 10], ab_p[2, 10], ab_p[1, 11], ab_p[2, 11], ab_p[1, 12], ab_p[2, 12], σ_e[1], σ_e[2], ρ_e[1, 1], ρ_e[2, 1], ρ_e[1, 2], ρ_e[2, 2], ab_e[1, 1], ab_e[2, 1], a_t, b_t, σ
internals         = lp, n_steps, is_accept, acceptance_rate, log_density, hamiltonian_energy, hamiltonian_energy_error, max_hamiltonian_energy_error, tree_depth, numerical_error, step_size, nom_step_size

Summary Statistics
   parameters      mean       std      mcse    ess_bulk   ess_tail      rhat   ess_per_sec
       Symbol   Float64   Float64   Float64     Float64    Float64   Float64       Float64

       σ_w[1]    0.3602    0.4346    0.0350    139.5643   342.3781    1.0070        0.0145
       σ_w[2]    0.4750    0.4396    0.0246    300.1792   486.7385    1.0044        0.0311
    ρ_w[1, 1]    1.0000    0.0000       NaN         NaN        NaN       NaN           NaN
    ρ_w[2, 1]   -0.0417    0.4653    0.0185    630.2888   429.7551    1.0019        0.0653
    ρ_w[1, 2]   -0.0417    0.4653    0.0185    630.2888   429.7551    1.0019        0.0653
    ρ_w[2, 2]    1.0000    0.0000    0.0000    923.0174   861.6823    1.0016        0.0956
   ab_w[1, 1]    0.0353    0.2817    0.0146    389.6362   309.5403    1.0125        0.0404
   ab_w[2, 1]   -0.1315    0.3658    0.0224    362.8401   230.3095    1.0158        0.0376
   ab_w[1, 2]   -0.0684    0.2887    0.0151    392.2882   292.3011    1.0124        0.0406
   ab_w[2, 2]    0.0790    0.3649    0.0221    355.6008   241.8946    1.0172        0.0368
       σ_p[1]    0.6653    0.1478    0.0053    777.2984   771.8944    1.0021        0.0805
       σ_p[2]    0.4062    0.1002    0.0037    760.5678   778.7096    1.0017        0.0788
    ρ_p[1, 1]    1.0000    0.0000       NaN         NaN        NaN       NaN           NaN
    ρ_p[2, 1]    0.5583    0.2000    0.0074    742.5184   518.0095    1.0084        0.0769
    ρ_p[1, 2]    0.5583    0.2000    0.0074    742.5184   518.0095    1.0084        0.0769
    ρ_p[2, 2]    1.0000    0.0000    0.0000    975.5636   987.0611    1.0019        0.1011
   ab_p[1, 1]   -0.0603    0.2101    0.0089    558.2898   574.8452    1.0039        0.0578
   ab_p[2, 1]    0.1277    0.1412    0.0054    677.4755   819.0554    1.0061        0.0702
   ab_p[1, 2]    0.8144    0.2079    0.0087    569.8078   499.8372    1.0042        0.0590
   ab_p[2, 2]    0.2546    0.1492    0.0052    843.4273   715.1459    1.0020        0.0874
   ab_p[1, 3]    0.5068    0.2109    0.0090    557.3525   509.1262    1.0067        0.0577
   ab_p[2, 3]    0.2445    0.1379    0.0050    795.9463   684.3775    1.0007        0.0825
   ab_p[1, 4]    0.4634    0.2067    0.0089    542.5328   556.0415    1.0076        0.0562
   ab_p[2, 4]   -0.1515    0.1432    0.0050    805.3378   873.5525    1.0027        0.0834
   ab_p[1, 5]    0.1597    0.2096    0.0087    581.2100   692.4898    1.0068        0.0602
   ab_p[2, 5]    0.0720    0.1445    0.0057    655.1513   674.8854    1.0027        0.0679
   ab_p[1, 6]    0.2543    0.2120    0.0088    576.5521   651.6122    1.0082        0.0597
   ab_p[2, 6]    0.7274    0.1493    0.0049    958.7792   752.8181    1.0027        0.0993
   ab_p[1, 7]    0.4243    0.2092    0.0086    600.5434   516.6038    1.0035        0.0622
   ab_p[2, 7]    0.0347    0.1472    0.0056    696.3943   761.2068    1.0022        0.0721
   ab_p[1, 8]    0.4995    0.2096    0.0088    570.6302   540.9491    1.0035        0.0591
   ab_p[2, 8]    0.1028    0.1448    0.0052    769.2577   710.1024    1.0033        0.0797
   ab_p[1, 9]   -0.5478    0.2041    0.0083    601.0944   673.1309    1.0036        0.0623
   ab_p[2, 9]   -0.0609    0.1434    0.0047    923.5710   669.6964    1.0017        0.0957
  ab_p[1, 10]   -0.4447    0.2073    0.0087    569.7383   456.7189    1.0062        0.0590
  ab_p[2, 10]   -0.3648    0.1427    0.0056    646.3745   784.1945    1.0035        0.0670
  ab_p[1, 11]   -1.2011    0.2050    0.0085    576.7455   589.9565    1.0070        0.0598
  ab_p[2, 11]   -0.7304    0.1438    0.0054    724.5278   829.4781    1.0033        0.0751
  ab_p[1, 12]   -0.8762    0.2089    0.0087    580.8907   549.3924    1.0038        0.0602
  ab_p[2, 12]   -0.3363    0.1415    0.0050    828.3622   705.5395    1.0040        0.0858
       σ_e[1]    0.6881    0.7448    0.0569     72.1980   122.6861    1.0558        0.0075
       σ_e[2]    0.7009    0.7111    0.0455    197.9761   228.5290    1.0153        0.0205
    ρ_e[1, 1]    1.0000    0.0000       NaN         NaN        NaN       NaN           NaN
    ρ_e[2, 1]    0.0195    0.4383    0.0161    744.1688   603.8397    1.0035        0.0771
    ρ_e[1, 2]    0.0195    0.4383    0.0161    744.1688   603.8397    1.0035        0.0771
    ρ_e[2, 2]    1.0000    0.0000    0.0000   1023.4196   936.5161    0.9996        0.1060
   ab_e[1, 1]   -0.0959    0.4815    0.0271    370.4908   255.5391    1.0390        0.0384
   ab_e[2, 1]    0.0763    0.5149    0.0307    339.0842   268.9292    1.0102        0.0351
          a_t   -0.2110    0.5017    0.0287    316.6167   255.4262    1.0196        0.0328
          b_t   -0.0200    0.5137    0.0265    415.7774   317.9782    1.0062        0.0431
            σ    4.0375    0.0190    0.0006   1067.6889   718.3106    1.0036        0.1106

Quantiles
   parameters      2.5%     25.0%     50.0%     75.0%     97.5%
       Symbol   Float64   Float64   Float64   Float64   Float64

       σ_w[1]    0.0266    0.0925    0.2108    0.4319    1.6544
       σ_w[2]    0.0669    0.1883    0.3282    0.5999    1.6660
    ρ_w[1, 1]    1.0000    1.0000    1.0000    1.0000    1.0000
    ρ_w[2, 1]   -0.8571   -0.4198   -0.0377    0.3000    0.8183
    ρ_w[1, 2]   -0.8571   -0.4198   -0.0377    0.3000    0.8183
    ρ_w[2, 2]    1.0000    1.0000    1.0000    1.0000    1.0000
   ab_w[1, 1]   -0.6843   -0.0432    0.0372    0.1321    0.6258
   ab_w[2, 1]   -0.9834   -0.2701   -0.0958    0.0383    0.5384
   ab_w[1, 2]   -0.8653   -0.1515   -0.0457    0.0287    0.5306
   ab_w[2, 2]   -0.7656   -0.0544    0.0933    0.2539    0.7782
       σ_p[1]    0.4404    0.5566    0.6378    0.7479    1.0449
       σ_p[2]    0.2563    0.3394    0.3907    0.4576    0.6426
    ρ_p[1, 1]    1.0000    1.0000    1.0000    1.0000    1.0000
    ρ_p[2, 1]    0.0945    0.4412    0.5917    0.7015    0.8577
    ρ_p[1, 2]    0.0945    0.4412    0.5917    0.7015    0.8577
    ρ_p[2, 2]    1.0000    1.0000    1.0000    1.0000    1.0000
   ab_p[1, 1]   -0.4711   -0.1987   -0.0600    0.0753    0.3727
   ab_p[2, 1]   -0.1317    0.0383    0.1287    0.2196    0.3922
   ab_p[1, 2]    0.4211    0.6735    0.8092    0.9511    1.2267
   ab_p[2, 2]   -0.0372    0.1612    0.2549    0.3481    0.5458
   ab_p[1, 3]    0.0973    0.3711    0.4984    0.6413    0.9402
   ab_p[2, 3]   -0.0308    0.1545    0.2412    0.3377    0.5183
   ab_p[1, 4]    0.0596    0.3274    0.4668    0.5897    0.8738
   ab_p[2, 4]   -0.4282   -0.2463   -0.1473   -0.0548    0.1127
   ab_p[1, 5]   -0.2299    0.0230    0.1511    0.2925    0.5864
   ab_p[2, 5]   -0.1971   -0.0238    0.0838    0.1670    0.3478
   ab_p[1, 6]   -0.1572    0.1143    0.2519    0.3859    0.6826
   ab_p[2, 6]    0.4347    0.6293    0.7278    0.8223    1.0269
   ab_p[1, 7]    0.0054    0.2810    0.4278    0.5642    0.8423
   ab_p[2, 7]   -0.2605   -0.0597    0.0336    0.1334    0.3335
   ab_p[1, 8]    0.0937    0.3597    0.4929    0.6330    0.9329
   ab_p[2, 8]   -0.1702    0.0092    0.0997    0.1979    0.3945
   ab_p[1, 9]   -0.9468   -0.6845   -0.5457   -0.4152   -0.1277
   ab_p[2, 9]   -0.3487   -0.1543   -0.0574    0.0313    0.2294
  ab_p[1, 10]   -0.8429   -0.5762   -0.4466   -0.3063   -0.0147
  ab_p[2, 10]   -0.6491   -0.4592   -0.3618   -0.2698   -0.0770
  ab_p[1, 11]   -1.6273   -1.3347   -1.2028   -1.0652   -0.7877
  ab_p[2, 11]   -1.0249   -0.8239   -0.7332   -0.6324   -0.4517
  ab_p[1, 12]   -1.3168   -0.9995   -0.8772   -0.7394   -0.4557
  ab_p[2, 12]   -0.6176   -0.4315   -0.3349   -0.2451   -0.0591
       σ_e[1]    0.0097    0.1548    0.4577    0.9456    2.7368
       σ_e[2]    0.0318    0.2146    0.4612    0.9561    2.6304
    ρ_e[1, 1]    1.0000    1.0000    1.0000    1.0000    1.0000
    ρ_e[2, 1]   -0.8230   -0.3129    0.0302    0.3518    0.8008
    ρ_e[1, 2]   -0.8230   -0.3129    0.0302    0.3518    0.8008
    ρ_e[2, 2]    1.0000    1.0000    1.0000    1.0000    1.0000
   ab_e[1, 1]   -1.2250   -0.2835   -0.0144    0.0926    0.8912
   ab_e[2, 1]   -0.8543   -0.1645    0.0139    0.2836    1.2948
          a_t   -1.1980   -0.4961   -0.2509    0.0622    0.8528
          b_t   -1.1268   -0.3067    0.0115    0.2905    0.9460
            σ    3.9990    4.0247    4.0378    4.0502    4.0759

