Chains MCMC chain (250×63×4 Array{Float64, 3}):

Iterations        = 126:1:375
Number of chains  = 4
Samples per chain = 250
Wall duration     = 2421.55 seconds
Compute duration  = 7439.25 seconds
parameters        = σ_w[1], σ_w[2], ρ_w[1, 1], ρ_w[2, 1], ρ_w[1, 2], ρ_w[2, 2], ab_w[1, 1], ab_w[2, 1], ab_w[1, 2], ab_w[2, 2], σ_p[1], σ_p[2], ρ_p[1, 1], ρ_p[2, 1], ρ_p[1, 2], ρ_p[2, 2], ab_p[1, 1], ab_p[2, 1], ab_p[1, 2], ab_p[2, 2], ab_p[1, 3], ab_p[2, 3], ab_p[1, 4], ab_p[2, 4], ab_p[1, 5], ab_p[2, 5], ab_p[1, 6], ab_p[2, 6], ab_p[1, 7], ab_p[2, 7], ab_p[1, 8], ab_p[2, 8], ab_p[1, 9], ab_p[2, 9], ab_p[1, 10], ab_p[2, 10], ab_p[1, 11], ab_p[2, 11], ab_p[1, 12], ab_p[2, 12], σ_e[1], σ_e[2], ρ_e[1, 1], ρ_e[2, 1], ρ_e[1, 2], ρ_e[2, 2], ab_e[1, 1], ab_e[2, 1], a_t, b_t, σ
internals         = lp, n_steps, is_accept, acceptance_rate, log_density, hamiltonian_energy, hamiltonian_energy_error, max_hamiltonian_energy_error, tree_depth, numerical_error, step_size, nom_step_size

Summary Statistics
   parameters      mean       std      mcse   ess_bulk   ess_tail      rhat   ess_per_sec
       Symbol   Float64   Float64   Float64    Float64    Float64   Float64       Float64

       σ_w[1]    0.4031    0.5068    0.0588    50.6541   130.9822    1.0704        0.0068
       σ_w[2]    0.5055    0.5028    0.0403   126.9146   467.5764    1.0338        0.0171
    ρ_w[1, 1]    1.0000    0.0000       NaN        NaN        NaN       NaN           NaN
    ρ_w[2, 1]   -0.0527    0.4500    0.0180   625.6326   459.8772    1.0058        0.0841
    ρ_w[1, 2]   -0.0527    0.4500    0.0180   625.6326   459.8772    1.0058        0.0841
    ρ_w[2, 2]    1.0000    0.0000    0.0000   915.8579   917.1179    1.0030        0.1231
   ab_w[1, 1]   -0.0027    0.3849    0.0316   300.6180   204.1209    1.0332        0.0404
   ab_w[2, 1]   -0.1032    0.3562    0.0206   359.2889   256.9267    1.0219        0.0483
   ab_w[1, 2]   -0.1023    0.3867    0.0322   299.2896   209.2132    1.0371        0.0402
   ab_w[2, 2]    0.1113    0.3566    0.0206   353.7836   316.8851    1.0181        0.0476
       σ_p[1]    0.6674    0.1429    0.0051   800.0873   737.9822    1.0037        0.1075
       σ_p[2]    0.3985    0.0925    0.0031   925.5208   607.9803    1.0012        0.1244
    ρ_p[1, 1]    1.0000    0.0000       NaN        NaN        NaN       NaN           NaN
    ρ_p[2, 1]    0.5518    0.1972    0.0074   760.1156   560.9295    1.0051        0.1022
    ρ_p[1, 2]    0.5518    0.1972    0.0074   760.1156   560.9295    1.0051        0.1022
    ρ_p[2, 2]    1.0000    0.0000    0.0000   907.7273   839.6777    0.9993        0.1220
   ab_p[1, 1]   -0.0779    0.2078    0.0085   598.4874   469.0605    1.0064        0.0804
   ab_p[2, 1]    0.1221    0.1396    0.0054   736.9872   344.9850    1.0057        0.0991
   ab_p[1, 2]    0.8030    0.2098    0.0085   622.7562   321.0618    1.0075        0.0837
   ab_p[2, 2]    0.2528    0.1409    0.0048   852.3855   821.0272    1.0054        0.1146
   ab_p[1, 3]    0.4941    0.2085    0.0085   614.3005   451.1709    1.0059        0.0826
   ab_p[2, 3]    0.2393    0.1464    0.0058   724.1434   401.7818    1.0041        0.0973
   ab_p[1, 4]    0.4579    0.2086    0.0095   535.0781   315.0282    1.0068        0.0719
   ab_p[2, 4]   -0.1538    0.1404    0.0048   834.4798   777.5337    1.0014        0.1122
   ab_p[1, 5]    0.1502    0.2047    0.0083   621.2334   293.3482    1.0067        0.0835
   ab_p[2, 5]    0.0683    0.1398    0.0050   802.3669   384.5739    1.0026        0.1079
   ab_p[1, 6]    0.2502    0.2116    0.0089   581.6259   328.3733    1.0042        0.0782
   ab_p[2, 6]    0.7298    0.1501    0.0052   883.1153   522.8296    1.0033        0.1187
   ab_p[1, 7]    0.4153    0.2074    0.0087   566.9382   343.6600    1.0025        0.0762
   ab_p[2, 7]    0.0275    0.1423    0.0058   663.0297   373.5437    1.0042        0.0891
   ab_p[1, 8]    0.4841    0.2043    0.0085   584.6673   409.6284    1.0054        0.0786
   ab_p[2, 8]    0.1038    0.1399    0.0053   723.4603   372.0124    1.0143        0.0972
   ab_p[1, 9]   -0.5674    0.2043    0.0079   667.6158   710.0161    1.0052        0.0897
   ab_p[2, 9]   -0.0656    0.1389    0.0049   814.1693   735.4628    1.0033        0.1094
  ab_p[1, 10]   -0.4625    0.2048    0.0089   532.0098   589.1216    1.0058        0.0715
  ab_p[2, 10]   -0.3742    0.1468    0.0053   793.6003   353.9739    1.0106        0.1067
  ab_p[1, 11]   -1.2219    0.2087    0.0086   590.1342   462.5181    1.0042        0.0793
  ab_p[2, 11]   -0.7287    0.1473    0.0057   695.5596   343.8231    1.0050        0.0935
  ab_p[1, 12]   -0.8853    0.2189    0.0091   583.1665   345.9405    1.0046        0.0784
  ab_p[2, 12]   -0.3391    0.1448    0.0056   695.3068   415.8990    1.0074        0.0935
       σ_e[1]    0.6741    0.6275    0.0407   156.5640   145.8782    1.0161        0.0210
       σ_e[2]    0.6667    0.6510    0.0332   247.0144   259.0166    1.0100        0.0332
    ρ_e[1, 1]    1.0000    0.0000       NaN        NaN        NaN       NaN           NaN
    ρ_e[2, 1]   -0.0117    0.4504    0.0164   734.4074   549.6698    1.0042        0.0987
    ρ_e[1, 2]   -0.0117    0.4504    0.0164   734.4074   549.6698    1.0042        0.0987
    ρ_e[2, 2]    1.0000    0.0000    0.0000   919.8027   789.4263    1.0052        0.1236
   ab_e[1, 1]   -0.0933    0.5040    0.0342   312.2624   271.9656    1.0163        0.0420
   ab_e[2, 1]    0.0435    0.4254    0.0218   401.6187   413.0077    1.0129        0.0540
          a_t   -0.1616    0.4296    0.0190   480.1668   463.5427    1.0027        0.0645
          b_t   -0.0133    0.4285    0.0167   621.6395   633.9886    1.0043        0.0836
            σ    4.0381    0.0198    0.0007   909.2877   812.0094    0.9986        0.1222

Quantiles
   parameters      2.5%     25.0%     50.0%     75.0%     97.5%
       Symbol   Float64   Float64   Float64   Float64   Float64

       σ_w[1]    0.0086    0.0971    0.2315    0.4978    1.8428
       σ_w[2]    0.0597    0.1931    0.3779    0.6540    1.8338
    ρ_w[1, 1]    1.0000    1.0000    1.0000    1.0000    1.0000
    ρ_w[2, 1]   -0.8374   -0.4047   -0.0796    0.3350    0.7490
    ρ_w[1, 2]   -0.8374   -0.4047   -0.0796    0.3350    0.7490
    ρ_w[2, 2]    1.0000    1.0000    1.0000    1.0000    1.0000
   ab_w[1, 1]   -0.9239   -0.0897    0.0179    0.1190    0.5825
   ab_w[2, 1]   -0.9124   -0.2390   -0.0886    0.0382    0.6021
   ab_w[1, 2]   -1.0399   -0.1920   -0.0521    0.0157    0.4561
   ab_w[2, 2]   -0.7133   -0.0192    0.0958    0.2589    0.8511
       σ_p[1]    0.4532    0.5662    0.6499    0.7422    1.0223
       σ_p[2]    0.2550    0.3326    0.3857    0.4486    0.6331
    ρ_p[1, 1]    1.0000    1.0000    1.0000    1.0000    1.0000
    ρ_p[2, 1]    0.0941    0.4378    0.5823    0.6954    0.8453
    ρ_p[1, 2]    0.0941    0.4378    0.5823    0.6954    0.8453
    ρ_p[2, 2]    1.0000    1.0000    1.0000    1.0000    1.0000
   ab_p[1, 1]   -0.4760   -0.2175   -0.0838    0.0638    0.3180
   ab_p[2, 1]   -0.1464    0.0315    0.1147    0.2048    0.4219
   ab_p[1, 2]    0.4136    0.6643    0.7976    0.9399    1.2227
   ab_p[2, 2]   -0.0156    0.1627    0.2519    0.3446    0.5248
   ab_p[1, 3]    0.0863    0.3543    0.4955    0.6341    0.8941
   ab_p[2, 3]   -0.0206    0.1434    0.2288    0.3293    0.5492
   ab_p[1, 4]    0.0619    0.3137    0.4573    0.5935    0.8751
   ab_p[2, 4]   -0.4370   -0.2413   -0.1542   -0.0617    0.1297
   ab_p[1, 5]   -0.2452    0.0124    0.1555    0.2845    0.5741
   ab_p[2, 5]   -0.1918   -0.0231    0.0583    0.1558    0.3711
   ab_p[1, 6]   -0.1566    0.1101    0.2487    0.3817    0.7142
   ab_p[2, 6]    0.4559    0.6261    0.7254    0.8252    1.0530
   ab_p[1, 7]    0.0188    0.2766    0.4097    0.5482    0.8670
   ab_p[2, 7]   -0.2488   -0.0664    0.0200    0.1145    0.3293
   ab_p[1, 8]    0.0824    0.3488    0.4825    0.6267    0.8921
   ab_p[2, 8]   -0.1744    0.0113    0.1029    0.1916    0.4037
   ab_p[1, 9]   -0.9659   -0.6972   -0.5639   -0.4236   -0.1910
   ab_p[2, 9]   -0.3294   -0.1565   -0.0655    0.0276    0.2040
  ab_p[1, 10]   -0.8650   -0.5968   -0.4639   -0.3250   -0.0714
  ab_p[2, 10]   -0.6623   -0.4658   -0.3784   -0.2790   -0.0602
  ab_p[1, 11]   -1.6342   -1.3562   -1.2267   -1.0852   -0.7968
  ab_p[2, 11]   -1.0182   -0.8233   -0.7306   -0.6349   -0.4247
  ab_p[1, 12]   -1.3217   -1.0270   -0.8825   -0.7407   -0.4489
  ab_p[2, 12]   -0.6099   -0.4316   -0.3374   -0.2520   -0.0167
       σ_e[1]    0.0150    0.1977    0.5068    0.9595    2.2234
       σ_e[2]    0.0303    0.2206    0.4816    0.9044    2.3859
    ρ_e[1, 1]    1.0000    1.0000    1.0000    1.0000    1.0000
    ρ_e[2, 1]   -0.8344   -0.3599   -0.0091    0.3269    0.8179
    ρ_e[1, 2]   -0.8344   -0.3599   -0.0091    0.3269    0.8179
    ρ_e[2, 2]    1.0000    1.0000    1.0000    1.0000    1.0000
   ab_e[1, 1]   -1.2844   -0.2615   -0.0237    0.1137    0.8272
   ab_e[2, 1]   -0.8091   -0.1694    0.0131    0.2572    0.9502
          a_t   -0.9623   -0.4360   -0.1979    0.0883    0.7965
          b_t   -0.8147   -0.2959   -0.0050    0.2406    0.8834
            σ    3.9988    4.0252    4.0386    4.0512    4.0769

