Chains MCMC chain (250×63×4 Array{Float64, 3}):

Iterations        = 126:1:375
Number of chains  = 4
Samples per chain = 250
Wall duration     = 2370.34 seconds
Compute duration  = 7978.26 seconds
parameters        = σ_w[1], σ_w[2], ρ_w[1, 1], ρ_w[2, 1], ρ_w[1, 2], ρ_w[2, 2], ab_w[1, 1], ab_w[2, 1], ab_w[1, 2], ab_w[2, 2], σ_p[1], σ_p[2], ρ_p[1, 1], ρ_p[2, 1], ρ_p[1, 2], ρ_p[2, 2], ab_p[1, 1], ab_p[2, 1], ab_p[1, 2], ab_p[2, 2], ab_p[1, 3], ab_p[2, 3], ab_p[1, 4], ab_p[2, 4], ab_p[1, 5], ab_p[2, 5], ab_p[1, 6], ab_p[2, 6], ab_p[1, 7], ab_p[2, 7], ab_p[1, 8], ab_p[2, 8], ab_p[1, 9], ab_p[2, 9], ab_p[1, 10], ab_p[2, 10], ab_p[1, 11], ab_p[2, 11], ab_p[1, 12], ab_p[2, 12], σ_e[1], σ_e[2], ρ_e[1, 1], ρ_e[2, 1], ρ_e[1, 2], ρ_e[2, 2], ab_e[1, 1], ab_e[2, 1], a_t, b_t, σ
internals         = lp, n_steps, is_accept, acceptance_rate, log_density, hamiltonian_energy, hamiltonian_energy_error, max_hamiltonian_energy_error, tree_depth, numerical_error, step_size, nom_step_size

Summary Statistics
   parameters      mean       std      mcse    ess_bulk   ess_tail      rhat   ess_per_sec
       Symbol   Float64   Float64   Float64     Float64    Float64   Float64       Float64

       σ_w[1]    0.3248    0.3639    0.0257    172.1273   210.7206    1.0127        0.0216
       σ_w[2]    0.5929    0.5616    0.0397    242.7987   416.9842    1.0129        0.0304
    ρ_w[1, 1]    1.0000    0.0000       NaN         NaN        NaN       NaN           NaN
    ρ_w[2, 1]   -0.0550    0.4390    0.0175    602.9942   506.9038    1.0074        0.0756
    ρ_w[1, 2]   -0.0550    0.4390    0.0175    602.9942   506.9038    1.0074        0.0756
    ρ_w[2, 2]    1.0000    0.0000    0.0000    970.2766   739.3572    1.0022        0.1216
   ab_w[1, 1]    0.0397    0.2538    0.0121    497.1553   361.2515    1.0078        0.0623
   ab_w[2, 1]   -0.1568    0.4608    0.0277    361.8100   264.9419    1.0239        0.0453
   ab_w[1, 2]   -0.0660    0.2551    0.0125    505.9477   342.7393    1.0073        0.0634
   ab_w[2, 2]    0.0575    0.4592    0.0274    361.2495   275.7552    1.0155        0.0453
       σ_p[1]    0.6759    0.1681    0.0060   1008.7172   733.5426    0.9994        0.1264
       σ_p[2]    0.4012    0.0967    0.0032   1053.9719   602.9567    1.0064        0.1321
    ρ_p[1, 1]    1.0000    0.0000       NaN         NaN        NaN       NaN           NaN
    ρ_p[2, 1]    0.5407    0.2127    0.0074    804.9182   582.5228    0.9978        0.1009
    ρ_p[1, 2]    0.5407    0.2127    0.0074    804.9182   582.5228    0.9978        0.1009
    ρ_p[2, 2]    1.0000    0.0000    0.0000    988.7644   923.0002    0.9998        0.1239
   ab_p[1, 1]   -0.0730    0.2163    0.0090    576.3679   485.8279    1.0070        0.0722
   ab_p[2, 1]    0.1249    0.1450    0.0047    958.5016   835.3751    1.0005        0.1201
   ab_p[1, 2]    0.8030    0.2105    0.0088    576.9582   547.7572    1.0082        0.0723
   ab_p[2, 2]    0.2612    0.1466    0.0055    723.0741   713.3439    1.0030        0.0906
   ab_p[1, 3]    0.5008    0.2136    0.0093    529.6981   495.9479    1.0165        0.0664
   ab_p[2, 3]    0.2395    0.1428    0.0050    809.9242   797.5313    1.0045        0.1015
   ab_p[1, 4]    0.4556    0.2138    0.0090    564.4786   474.0238    1.0080        0.0708
   ab_p[2, 4]   -0.1510    0.1425    0.0048    904.6549   762.3975    1.0038        0.1134
   ab_p[1, 5]    0.1516    0.2119    0.0089    566.9559   530.3395    1.0089        0.0711
   ab_p[2, 5]    0.0750    0.1446    0.0045   1012.5308   740.4869    1.0014        0.1269
   ab_p[1, 6]    0.2532    0.2145    0.0092    549.2722   546.8241    1.0145        0.0688
   ab_p[2, 6]    0.7313    0.1498    0.0049    929.7354   826.2910    1.0039        0.1165
   ab_p[1, 7]    0.4302    0.2149    0.0089    570.4107   558.8871    1.0096        0.0715
   ab_p[2, 7]    0.0309    0.1392    0.0048    845.7293   682.7888    1.0058        0.1060
   ab_p[1, 8]    0.4980    0.2150    0.0087    607.6523   395.1638    1.0110        0.0762
   ab_p[2, 8]    0.1092    0.1415    0.0050    806.1779   693.3829    1.0056        0.1010
   ab_p[1, 9]   -0.5584    0.2146    0.0086    646.6990   469.2455    1.0081        0.0811
   ab_p[2, 9]   -0.0562    0.1504    0.0049    940.7893   715.1707    1.0018        0.1179
  ab_p[1, 10]   -0.4522    0.2125    0.0085    628.8332   526.0400    1.0058        0.0788
  ab_p[2, 10]   -0.3686    0.1422    0.0048    892.5849   851.2975    0.9987        0.1119
  ab_p[1, 11]   -1.2131    0.2170    0.0090    591.2219   426.8720    1.0078        0.0741
  ab_p[2, 11]   -0.7240    0.1449    0.0048    929.2353   772.7906    1.0018        0.1165
  ab_p[1, 12]   -0.8821    0.2162    0.0088    625.1256   424.7289    1.0074        0.0784
  ab_p[2, 12]   -0.3349    0.1412    0.0047    912.9901   820.7904    1.0043        0.1144
       σ_e[1]    0.6861    0.6767    0.0384    226.9501   263.0137    1.0179        0.0284
       σ_e[2]    0.7259    0.7499    0.0414    226.2863   214.2985    1.0114        0.0284
    ρ_e[1, 1]    1.0000    0.0000       NaN         NaN        NaN       NaN           NaN
    ρ_e[2, 1]    0.0063    0.4442    0.0163    743.7270   622.3955    1.0081        0.0932
    ρ_e[1, 2]    0.0063    0.4442    0.0163    743.7270   622.3955    1.0081        0.0932
    ρ_e[2, 2]    1.0000    0.0000    0.0000    892.9033   863.0388    1.0006        0.1119
   ab_e[1, 1]   -0.0937    0.5164    0.0258    443.4828   265.9605    1.0095        0.0556
   ab_e[2, 1]    0.0145    0.5256    0.0329    291.3740   236.2680    1.0158        0.0365
          a_t   -0.2086    0.5637    0.0284    410.3252   402.0236    1.0074        0.0514
          b_t    0.0628    0.6027    0.0357    309.8842   201.3865    1.0096        0.0388
            σ    4.0373    0.0195    0.0007    805.0815   624.5803    0.9996        0.1009

Quantiles
   parameters      2.5%     25.0%     50.0%     75.0%     97.5%
       Symbol   Float64   Float64   Float64   Float64   Float64

       σ_w[1]    0.0146    0.0990    0.2021    0.4037    1.2936
       σ_w[2]    0.0707    0.2152    0.4135    0.7533    2.1882
    ρ_w[1, 1]    1.0000    1.0000    1.0000    1.0000    1.0000
    ρ_w[2, 1]   -0.8232   -0.3949   -0.0606    0.2794    0.7487
    ρ_w[1, 2]   -0.8232   -0.3949   -0.0606    0.2794    0.7487
    ρ_w[2, 2]    1.0000    1.0000    1.0000    1.0000    1.0000
   ab_w[1, 1]   -0.5785   -0.0329    0.0353    0.1317    0.5629
   ab_w[2, 1]   -1.2261   -0.3121   -0.1124    0.0569    0.7156
   ab_w[1, 2]   -0.6833   -0.1482   -0.0432    0.0225    0.4659
   ab_w[2, 2]   -1.0195   -0.1000    0.0909    0.2666    0.9342
       σ_p[1]    0.4523    0.5581    0.6510    0.7507    1.0439
       σ_p[2]    0.2614    0.3336    0.3829    0.4506    0.6413
    ρ_p[1, 1]    1.0000    1.0000    1.0000    1.0000    1.0000
    ρ_p[2, 1]    0.0621    0.4167    0.5693    0.6967    0.8632
    ρ_p[1, 2]    0.0621    0.4167    0.5693    0.6967    0.8632
    ρ_p[2, 2]    1.0000    1.0000    1.0000    1.0000    1.0000
   ab_p[1, 1]   -0.4927   -0.2121   -0.0700    0.0684    0.3421
   ab_p[2, 1]   -0.1491    0.0245    0.1224    0.2163    0.4225
   ab_p[1, 2]    0.3813    0.6693    0.8118    0.9384    1.1857
   ab_p[2, 2]   -0.0188    0.1578    0.2600    0.3538    0.5608
   ab_p[1, 3]    0.0732    0.3637    0.5053    0.6368    0.9146
   ab_p[2, 3]   -0.0354    0.1411    0.2410    0.3383    0.5123
   ab_p[1, 4]    0.0056    0.3122    0.4652    0.6000    0.8437
   ab_p[2, 4]   -0.4199   -0.2473   -0.1547   -0.0575    0.1257
   ab_p[1, 5]   -0.2871    0.0204    0.1539    0.2917    0.5374
   ab_p[2, 5]   -0.1956   -0.0178    0.0770    0.1651    0.3575
   ab_p[1, 6]   -0.1699    0.1153    0.2606    0.3947    0.6425
   ab_p[2, 6]    0.4394    0.6340    0.7219    0.8247    1.0398
   ab_p[1, 7]   -0.0295    0.3015    0.4383    0.5767    0.8321
   ab_p[2, 7]   -0.2339   -0.0588    0.0305    0.1196    0.2977
   ab_p[1, 8]    0.0653    0.3571    0.4933    0.6465    0.9244
   ab_p[2, 8]   -0.1621    0.0113    0.1083    0.1989    0.3961
   ab_p[1, 9]   -1.0056   -0.7023   -0.5469   -0.4123   -0.1767
   ab_p[2, 9]   -0.3329   -0.1570   -0.0553    0.0410    0.2566
  ab_p[1, 10]   -0.8932   -0.5806   -0.4410   -0.3041   -0.0673
  ab_p[2, 10]   -0.6490   -0.4595   -0.3674   -0.2767   -0.0847
  ab_p[1, 11]   -1.6658   -1.3527   -1.2103   -1.0676   -0.8059
  ab_p[2, 11]   -1.0092   -0.8214   -0.7213   -0.6228   -0.4524
  ab_p[1, 12]   -1.3175   -1.0165   -0.8706   -0.7334   -0.4961
  ab_p[2, 12]   -0.6064   -0.4334   -0.3354   -0.2405   -0.0453
       σ_e[1]    0.0352    0.2040    0.4776    0.9494    2.5265
       σ_e[2]    0.0206    0.2134    0.5185    0.9627    2.9945
    ρ_e[1, 1]    1.0000    1.0000    1.0000    1.0000    1.0000
    ρ_e[2, 1]   -0.7708   -0.3260    0.0121    0.3358    0.8518
    ρ_e[1, 2]   -0.7708   -0.3260    0.0121    0.3358    0.8518
    ρ_e[2, 2]    1.0000    1.0000    1.0000    1.0000    1.0000
   ab_e[1, 1]   -1.3546   -0.2859   -0.0463    0.1402    0.8341
   ab_e[2, 1]   -1.1250   -0.2061    0.0046    0.2266    1.2476
          a_t   -1.1849   -0.5403   -0.2486    0.0517    1.0619
          b_t   -1.2159   -0.2532    0.0680    0.4211    1.2642
            σ    4.0003    4.0237    4.0373    4.0504    4.0755

