Chains MCMC chain (250×63×4 Array{Float64, 3}):

Iterations        = 126:1:375
Number of chains  = 4
Samples per chain = 250
Wall duration     = 1779.3 seconds
Compute duration  = 6554.27 seconds
parameters        = σ_w[1], σ_w[2], ρ_w[1, 1], ρ_w[2, 1], ρ_w[1, 2], ρ_w[2, 2], ab_w[1, 1], ab_w[2, 1], ab_w[1, 2], ab_w[2, 2], σ_p[1], σ_p[2], ρ_p[1, 1], ρ_p[2, 1], ρ_p[1, 2], ρ_p[2, 2], ab_p[1, 1], ab_p[2, 1], ab_p[1, 2], ab_p[2, 2], ab_p[1, 3], ab_p[2, 3], ab_p[1, 4], ab_p[2, 4], ab_p[1, 5], ab_p[2, 5], ab_p[1, 6], ab_p[2, 6], ab_p[1, 7], ab_p[2, 7], ab_p[1, 8], ab_p[2, 8], ab_p[1, 9], ab_p[2, 9], ab_p[1, 10], ab_p[2, 10], ab_p[1, 11], ab_p[2, 11], ab_p[1, 12], ab_p[2, 12], σ_e[1], σ_e[2], ρ_e[1, 1], ρ_e[2, 1], ρ_e[1, 2], ρ_e[2, 2], ab_e[1, 1], ab_e[2, 1], a_t, b_t, σ
internals         = lp, n_steps, is_accept, acceptance_rate, log_density, hamiltonian_energy, hamiltonian_energy_error, max_hamiltonian_energy_error, tree_depth, numerical_error, step_size, nom_step_size

Summary Statistics
   parameters      mean       std      mcse    ess_bulk    ess_tail      rhat   ess_per_sec
       Symbol   Float64   Float64   Float64     Float64     Float64   Float64       Float64

       σ_w[1]    0.3275    0.4050    0.0266    158.6755    121.3271    1.0127        0.0242
       σ_w[2]    0.4704    0.5011    0.0254    321.4962    433.6303    1.0096        0.0491
    ρ_w[1, 1]    1.0000    0.0000       NaN         NaN         NaN       NaN           NaN
    ρ_w[2, 1]   -0.0783    0.4365    0.0205    428.8830    411.0150    1.0023        0.0654
    ρ_w[1, 2]   -0.0783    0.4365    0.0205    428.8830    411.0150    1.0023        0.0654
    ρ_w[2, 2]    1.0000    0.0000    0.0000    975.3710    939.5358    1.0017        0.1488
   ab_w[1, 1]   -0.0065    0.2908    0.0199    516.6048    304.3683    1.0112        0.0788
   ab_w[2, 1]   -0.1066    0.3042    0.0142    487.1429    339.6250    1.0109        0.0743
   ab_w[1, 2]   -0.1013    0.2983    0.0212    464.0891    323.9933    1.0048        0.0708
   ab_w[2, 2]    0.1116    0.3042    0.0144    453.7349    341.4155    1.0098        0.0692
       σ_p[1]    0.6788    0.1590    0.0054    929.0761    805.9907    0.9991        0.1418
       σ_p[2]    0.4037    0.0959    0.0035    945.5900    732.8740    1.0006        0.1443
    ρ_p[1, 1]    1.0000    0.0000       NaN         NaN         NaN       NaN           NaN
    ρ_p[2, 1]    0.5486    0.2039    0.0065   1001.0412    724.1202    1.0003        0.1527
    ρ_p[1, 2]    0.5486    0.2039    0.0065   1001.0412    724.1202    1.0003        0.1527
    ρ_p[2, 2]    1.0000    0.0000    0.0000   1045.1362   1042.7250    0.9989        0.1595
   ab_p[1, 1]   -0.0943    0.2089    0.0108    380.7870    432.7217    1.0161        0.0581
   ab_p[2, 1]    0.1179    0.1410    0.0050    796.7477    677.0153    1.0032        0.1216
   ab_p[1, 2]    0.7852    0.2013    0.0091    477.4303    453.4450    1.0123        0.0728
   ab_p[2, 2]    0.2575    0.1464    0.0052    813.7497    677.2642    1.0064        0.1242
   ab_p[1, 3]    0.4750    0.2026    0.0096    451.0442    737.8054    1.0105        0.0688
   ab_p[2, 3]    0.2400    0.1465    0.0052    795.9399    672.7364    1.0062        0.1214
   ab_p[1, 4]    0.4324    0.2088    0.0093    508.2511    441.4251    1.0123        0.0775
   ab_p[2, 4]   -0.1532    0.1446    0.0051    800.6761    714.6924    1.0099        0.1222
   ab_p[1, 5]    0.1280    0.2066    0.0091    515.3175    607.9974    1.0102        0.0786
   ab_p[2, 5]    0.0708    0.1409    0.0048    857.5674    643.6843    1.0079        0.1308
   ab_p[1, 6]    0.2287    0.2010    0.0093    474.4708    618.1334    1.0089        0.0724
   ab_p[2, 6]    0.7245    0.1473    0.0056    730.5661    707.5859    1.0096        0.1115
   ab_p[1, 7]    0.3990    0.2001    0.0095    447.3055    642.8071    1.0074        0.0682
   ab_p[2, 7]    0.0338    0.1457    0.0056    703.8396    621.3240    1.0077        0.1074
   ab_p[1, 8]    0.4673    0.1988    0.0094    451.5131    573.3981    1.0090        0.0689
   ab_p[2, 8]    0.1030    0.1401    0.0057    616.4557    422.5513    1.0104        0.0941
   ab_p[1, 9]   -0.5804    0.2077    0.0096    500.7025    535.0830    1.0135        0.0764
   ab_p[2, 9]   -0.0641    0.1481    0.0051    859.3731    661.1239    1.0087        0.1311
  ab_p[1, 10]   -0.4808    0.2091    0.0092    517.5712    622.5666    1.0110        0.0790
  ab_p[2, 10]   -0.3724    0.1451    0.0057    667.0933    509.0007    1.0080        0.1018
  ab_p[1, 11]   -1.2385    0.2027    0.0092    494.1636    549.7309    1.0111        0.0754
  ab_p[2, 11]   -0.7305    0.1394    0.0055    670.6551    600.8196    1.0108        0.1023
  ab_p[1, 12]   -0.9062    0.2084    0.0102    421.2653    546.6830    1.0171        0.0643
  ab_p[2, 12]   -0.3424    0.1441    0.0056    688.0124    579.5023    1.0119        0.1050
       σ_e[1]    0.7169    0.7082    0.0497    204.9226    248.6387    1.0129        0.0313
       σ_e[2]    0.6293    0.6478    0.0478    116.3954    104.3738    1.0175        0.0178
    ρ_e[1, 1]    1.0000    0.0000       NaN         NaN         NaN       NaN           NaN
    ρ_e[2, 1]    0.0120    0.4505    0.0186    574.1111    453.8454    1.0036        0.0876
    ρ_e[1, 2]    0.0120    0.4505    0.0186    574.1111    453.8454    1.0036        0.0876
    ρ_e[2, 2]    1.0000    0.0000    0.0000   1028.5960    849.6386    1.0007        0.1569
   ab_e[1, 1]   -0.1053    0.4358    0.0289    278.7065    246.0641    1.0123        0.0425
   ab_e[2, 1]    0.0046    0.3913    0.0184    479.4162    430.4911    1.0089        0.0731
          a_t   -0.1284    0.4141    0.0196    480.9681    336.3973    1.0070        0.0734
          b_t    0.0306    0.3874    0.0163    557.1377    546.3865    1.0075        0.0850
            σ    4.0383    0.0205    0.0006   1250.9179    809.3645    1.0104        0.1909

Quantiles
   parameters      2.5%     25.0%     50.0%     75.0%     97.5%
       Symbol   Float64   Float64   Float64   Float64   Float64

       σ_w[1]    0.0105    0.0880    0.1777    0.4246    1.5079
       σ_w[2]    0.0654    0.1866    0.3113    0.5702    1.8404
    ρ_w[1, 1]    1.0000    1.0000    1.0000    1.0000    1.0000
    ρ_w[2, 1]   -0.8398   -0.4170   -0.0935    0.2403    0.7614
    ρ_w[1, 2]   -0.8398   -0.4170   -0.0935    0.2403    0.7614
    ρ_w[2, 2]    1.0000    1.0000    1.0000    1.0000    1.0000
   ab_w[1, 1]   -0.6567   -0.0605    0.0143    0.1017    0.4873
   ab_w[2, 1]   -0.7872   -0.2263   -0.0970    0.0306    0.5186
   ab_w[1, 2]   -0.7562   -0.1611   -0.0551    0.0066    0.3621
   ab_w[2, 2]   -0.5405   -0.0146    0.1014    0.2523    0.7426
       σ_p[1]    0.4519    0.5711    0.6528    0.7493    1.0896
       σ_p[2]    0.2705    0.3375    0.3866    0.4512    0.6336
    ρ_p[1, 1]    1.0000    1.0000    1.0000    1.0000    1.0000
    ρ_p[2, 1]    0.0627    0.4337    0.5868    0.6953    0.8409
    ρ_p[1, 2]    0.0627    0.4337    0.5868    0.6953    0.8409
    ρ_p[2, 2]    1.0000    1.0000    1.0000    1.0000    1.0000
   ab_p[1, 1]   -0.4961   -0.2346   -0.0877    0.0470    0.2950
   ab_p[2, 1]   -0.1654    0.0223    0.1224    0.2085    0.4060
   ab_p[1, 2]    0.3902    0.6548    0.7779    0.9139    1.1949
   ab_p[2, 2]   -0.0323    0.1624    0.2595    0.3497    0.5471
   ab_p[1, 3]    0.0745    0.3523    0.4733    0.6089    0.8954
   ab_p[2, 3]   -0.0578    0.1400    0.2406    0.3403    0.5297
   ab_p[1, 4]    0.0132    0.2967    0.4272    0.5723    0.8400
   ab_p[2, 4]   -0.4293   -0.2566   -0.1491   -0.0580    0.1257
   ab_p[1, 5]   -0.2790   -0.0055    0.1265    0.2713    0.5197
   ab_p[2, 5]   -0.1943   -0.0242    0.0715    0.1608    0.3508
   ab_p[1, 6]   -0.1718    0.1012    0.2278    0.3674    0.5881
   ab_p[2, 6]    0.4343    0.6313    0.7239    0.8191    1.0182
   ab_p[1, 7]   -0.0072    0.2663    0.4049    0.5275    0.7841
   ab_p[2, 7]   -0.2585   -0.0560    0.0340    0.1302    0.3220
   ab_p[1, 8]    0.0695    0.3368    0.4699    0.6012    0.8673
   ab_p[2, 8]   -0.1811    0.0164    0.1003    0.1964    0.3635
   ab_p[1, 9]   -0.9903   -0.7169   -0.5770   -0.4510   -0.1720
   ab_p[2, 9]   -0.3626   -0.1629   -0.0577    0.0381    0.2269
  ab_p[1, 10]   -0.9108   -0.6130   -0.4837   -0.3442   -0.0802
  ab_p[2, 10]   -0.6652   -0.4681   -0.3740   -0.2679   -0.1017
  ab_p[1, 11]   -1.6517   -1.3662   -1.2330   -1.1015   -0.8589
  ab_p[2, 11]   -0.9956   -0.8176   -0.7318   -0.6419   -0.4455
  ab_p[1, 12]   -1.3159   -1.0339   -0.8989   -0.7776   -0.5008
  ab_p[2, 12]   -0.6322   -0.4287   -0.3471   -0.2503   -0.0626
       σ_e[1]    0.0467    0.2204    0.5093    0.9748    2.5682
       σ_e[2]    0.0102    0.1837    0.4433    0.8560    2.3407
    ρ_e[1, 1]    1.0000    1.0000    1.0000    1.0000    1.0000
    ρ_e[2, 1]   -0.8068   -0.3461    0.0163    0.3772    0.8188
    ρ_e[1, 2]   -0.8068   -0.3461    0.0163    0.3772    0.8188
    ρ_e[2, 2]    1.0000    1.0000    1.0000    1.0000    1.0000
   ab_e[1, 1]   -0.9878   -0.3328   -0.0636    0.1048    0.7297
   ab_e[2, 1]   -0.8245   -0.1927    0.0011    0.1779    0.8443
          a_t   -0.9062   -0.3970   -0.1451    0.1274    0.7373
          b_t   -0.7475   -0.2097    0.0317    0.2794    0.8251
            σ    3.9996    4.0242    4.0373    4.0529    4.0784

