Running on host compute468.bc4.acrc.priv
Time is Fri Sep 1 18:05:40 BST 2023
Directory is /user/home/em18564/BC4/Bayes/experiments/hier_e_w
Slurm job ID is 11850326
This job runs on the following machines:
compute468
    Updating registry at `~/.julia/registries/General.toml`
   Resolving package versions...
  No Changes to `~/.julia/environments/v1.8/Project.toml`
  No Changes to `~/.julia/environments/v1.8/Manifest.toml`
   Resolving package versions...
  No Changes to `~/.julia/environments/v1.8/Project.toml`
  No Changes to `~/.julia/environments/v1.8/Manifest.toml`
   Resolving package versions...
  No Changes to `~/.julia/environments/v1.8/Project.toml`
  No Changes to `~/.julia/environments/v1.8/Manifest.toml`
   Resolving package versions...
  No Changes to `~/.julia/environments/v1.8/Project.toml`
  No Changes to `~/.julia/environments/v1.8/Manifest.toml`
   Resolving package versions...
  No Changes to `~/.julia/environments/v1.8/Project.toml`
  No Changes to `~/.julia/environments/v1.8/Manifest.toml`
   Resolving package versions...
  No Changes to `~/.julia/environments/v1.8/Project.toml`
  No Changes to `~/.julia/environments/v1.8/Manifest.toml`
   Resolving package versions...
  No Changes to `~/.julia/environments/v1.8/Project.toml`
  No Changes to `~/.julia/environments/v1.8/Manifest.toml`
   Resolving package versions...
  No Changes to `~/.julia/environments/v1.8/Project.toml`
  No Changes to `~/.julia/environments/v1.8/Manifest.toml`
   Resolving package versions...
  No Changes to `~/.julia/environments/v1.8/Project.toml`
  No Changes to `~/.julia/environments/v1.8/Manifest.toml`
   Resolving package versions...
  No Changes to `~/.julia/environments/v1.8/Project.toml`
  No Changes to `~/.julia/environments/v1.8/Manifest.toml`
   Resolving package versions...
  No Changes to `~/.julia/environments/v1.8/Project.toml`
  No Changes to `~/.julia/environments/v1.8/Manifest.toml`
   Resolving package versions...
  No Changes to `~/.julia/environments/v1.8/Project.toml`
  No Changes to `~/.julia/environments/v1.8/Manifest.toml`
   Resolving package versions...
  No Changes to `~/.julia/environments/v1.8/Project.toml`
  No Changes to `~/.julia/environments/v1.8/Manifest.toml`
Sampling (4 threads)   0%|                              |  ETA: N/A
┌ Info: Found initial step size
└   ϵ = 0.00078125
┌ Info: Found initial step size
└   ϵ = 0.00078125
┌ Info: Found initial step size
└   ϵ = 0.00078125
┌ Info: Found initial step size
└   ϵ = 0.0125
Sampling (4 threads)  25%|███████▌                      |  ETA: 3:49:18
Sampling (4 threads)  50%|███████████████               |  ETA: 1:16:26
Sampling (4 threads)  75%|██████████████████████▌       |  ETA: 0:25:29
Sampling (4 threads) 100%|██████████████████████████████| Time: 1:16:25
Sampling (4 threads) 100%|██████████████████████████████| Time: 1:16:26
Chains MCMC chain (250×68×4 Array{Float64, 3}):

Iterations        = 126:1:375
Number of chains  = 4
Samples per chain = 250
Wall duration     = 4563.11 seconds
Compute duration  = 16911.41 seconds
parameters        = a, b, c, a_w, b_w, σ_w[1], σ_w[2], ρ_w[1,1], ρ_w[2,1], ρ_w[1,2], ρ_w[2,2], ab_w[1,1], ab_w[2,1], ab_w[1,2], ab_w[2,2], a_p, b_p, σ_p[1], σ_p[2], ρ_p[1,1], ρ_p[2,1], ρ_p[1,2], ρ_p[2,2], ab_p[1,1], ab_p[2,1], ab_p[1,2], ab_p[2,2], ab_p[1,3], ab_p[2,3], ab_p[1,4], ab_p[2,4], ab_p[1,5], ab_p[2,5], ab_p[1,6], ab_p[2,6], a_e, b_e, σ_e[1], σ_e[2], ρ_e[1,1], ρ_e[2,1], ρ_e[1,2], ρ_e[2,2], ab_e[1,1], ab_e[2,1], ab_e[1,2], ab_e[2,2], ab_e[1,3], ab_e[2,3], ab_e[1,4], ab_e[2,4], ab_e[1,5], ab_e[2,5], ab_e[1,6], ab_e[2,6], σ
internals         = lp, n_steps, is_accept, acceptance_rate, log_density, hamiltonian_energy, hamiltonian_energy_error, max_hamiltonian_energy_error, tree_depth, numerical_error, step_size, nom_step_size

Summary Statistics
  parameters      mean       std   naive_se      mcse         ess      rhat   ess_per_sec
      Symbol   Float64   Float64    Float64   Float64     Float64   Float64       Float64

           a    0.0395    0.8651     0.0274    0.0206   1279.3806    0.9988        0.0757
           b    0.0102    0.3254     0.0103    0.0080   1575.4297    0.9968        0.0932
           c   10.0226    9.9329     0.3141    0.2678   1324.0986    1.0003        0.0783
         a_w    0.0217    0.7976     0.0252    0.0244   1001.0589    0.9984        0.0592
         b_w   -0.0080    0.5185     0.0164    0.0139   1239.3134    0.9975        0.0733
      σ_w[1]    0.6197    0.4939     0.0156    0.0210    487.8102    1.0038        0.0288
      σ_w[2]    1.0513    1.0140     0.0321    0.0585    244.7144    1.0087        0.0145
    ρ_w[1,1]    1.0000    0.0000     0.0000    0.0000         NaN       NaN           NaN
    ρ_w[2,1]   -0.0012    0.4455     0.0141    0.0172    853.2478    1.0075        0.0505
    ρ_w[1,2]   -0.0012    0.4455     0.0141    0.0172    853.2478    1.0075        0.0505
    ρ_w[2,2]    1.0000    0.0000     0.0000    0.0000   1003.5398    0.9960        0.0593
   ab_w[1,1]    0.2308    0.8763     0.0277    0.0293    911.3422    0.9977        0.0539
   ab_w[2,1]   -0.0751    1.5005     0.0474    0.0768    417.5847    1.0027        0.0247
   ab_w[1,2]   -0.2134    0.8745     0.0277    0.0290    920.8775    0.9979        0.0545
   ab_w[2,2]   -0.0097    1.4887     0.0471    0.0634    600.1913    1.0006        0.0355
         a_p    5.4522    4.1300     0.1306    0.6172     11.5970    1.2631        0.0007
         b_p    3.8524    3.8322     0.1212    0.5547     16.8918    1.1796        0.0010
      σ_p[1]    0.9391    0.9236     0.0292    0.0756    110.1896    1.0218        0.0065
      σ_p[2]    1.1327    1.0346     0.0327    0.1012     54.9525    1.0632        0.0032
    ρ_p[1,1]    1.0000    0.0000     0.0000    0.0000         NaN       NaN           NaN
    ρ_p[2,1]    0.0207    0.4299     0.0136    0.0160    921.5167    1.0043        0.0545
    ρ_p[1,2]    0.0207    0.4299     0.0136    0.0160    921.5167    1.0043        0.0545
    ρ_p[2,2]    1.0000    0.0000     0.0000    0.0000    977.4775    0.9960        0.0578
   ab_p[1,1]    5.5211    4.2788     0.1353    0.6297     12.0200    1.2513        0.0007
   ab_p[2,1]    3.8752    4.0568     0.1283    0.5726     18.3832    1.1596        0.0011
   ab_p[1,2]    5.5836    4.3278     0.1369    0.6269     12.9784    1.2276        0.0008
   ab_p[2,2]    3.8819    4.1500     0.1312    0.5565     20.4748    1.1414        0.0012
   ab_p[1,3]    5.3972    4.3891     0.1388    0.6321     11.9262    1.2531        0.0007
   ab_p[2,3]    3.8748    4.1661     0.1317    0.5641     20.1280    1.1453        0.0012
   ab_p[1,4]    5.3343    4.3138     0.1364    0.6338     11.9962    1.2525        0.0007
   ab_p[2,4]    3.8855    4.1191     0.1303    0.5531     20.5722    1.1441        0.0012
   ab_p[1,5]    5.4749    4.2163     0.1333    0.6206     12.0363    1.2490        0.0007
   ab_p[2,5]    3.7306    4.0871     0.1292    0.5650     18.0589    1.1605        0.0011
   ab_p[1,6]    5.5264    4.3143     0.1364    0.6343     12.6590    1.2352        0.0007
   ab_p[2,6]    3.7455    4.1037     0.1298    0.5699     18.0353    1.1643        0.0011
         a_e   -0.0442    0.8373     0.0265    0.0368    503.1764    1.0029        0.0298
         b_e    0.0073    0.3292     0.0104    0.0078   1623.6629    0.9966        0.0960
      σ_e[1]    0.4144    0.1569     0.0050    0.0064    794.7830    1.0016        0.0470
      σ_e[2]    0.2755    0.1270     0.0040    0.0065    679.5873    1.0044        0.0402
    ρ_e[1,1]    1.0000    0.0000     0.0000    0.0000         NaN       NaN           NaN
    ρ_e[2,1]    0.0884    0.3536     0.0112    0.0128   1013.0476    1.0021        0.0599
    ρ_e[1,2]    0.0884    0.3536     0.0112    0.0128   1013.0476    1.0021        0.0599
    ρ_e[2,2]    1.0000    0.0000     0.0000    0.0000    891.8927    0.9960        0.0527
   ab_e[1,1]   -0.5137    0.8479     0.0268    0.0364    501.0646    1.0018        0.0296
   ab_e[2,1]   -0.0593    0.3294     0.0104    0.0087   1458.9438    0.9974        0.0863
   ab_e[1,2]    0.3956    0.8520     0.0269    0.0368    509.8943    1.0024        0.0302
   ab_e[2,2]   -0.0988    0.3317     0.0105    0.0085   1454.7065    0.9971        0.0860
   ab_e[1,3]   -0.1220    0.8494     0.0269    0.0363    518.0204    1.0017        0.0306
   ab_e[2,3]   -0.2534    0.3293     0.0104    0.0085   1437.6822    0.9967        0.0850
   ab_e[1,4]   -0.0470    0.8487     0.0268    0.0369    502.4786    1.0025        0.0297
   ab_e[2,4]    0.1598    0.3311     0.0105    0.0079   1549.0288    0.9969        0.0916
   ab_e[1,5]   -0.0829    0.8522     0.0269    0.0366    505.6711    1.0023        0.0299
   ab_e[2,5]    0.0284    0.3295     0.0104    0.0084   1429.3344    0.9967        0.0845
   ab_e[1,6]    0.1687    0.8512     0.0269    0.0367    515.7664    1.0020        0.0305
   ab_e[2,6]    0.2776    0.3329     0.0105    0.0085   1379.1008    0.9967        0.0815
           σ    4.3567    0.0196     0.0006    0.0007    984.2358    1.0016        0.0582

Quantiles
  parameters      2.5%     25.0%     50.0%     75.0%     97.5%
      Symbol   Float64   Float64   Float64   Float64   Float64

           a   -1.6074   -0.5748    0.0101    0.6588    1.6636
           b   -0.6111   -0.2032    0.0104    0.2343    0.6299
           c    0.2903    3.0000    6.8302   14.4278   37.3075
         a_w   -1.5343   -0.5438    0.0458    0.5822    1.5477
         b_w   -0.9942   -0.3693   -0.0015    0.3389    1.0088
      σ_w[1]    0.1542    0.3098    0.4696    0.7667    1.8879
      σ_w[2]    0.0316    0.3099    0.7747    1.4644    3.7710
    ρ_w[1,1]    1.0000    1.0000    1.0000    1.0000    1.0000
    ρ_w[2,1]   -0.8020   -0.3293   -0.0205    0.3391    0.7967
    ρ_w[1,2]   -0.8020   -0.3293   -0.0205    0.3391    0.7967
    ρ_w[2,2]    1.0000    1.0000    1.0000    1.0000    1.0000
   ab_w[1,1]   -1.6032   -0.3354    0.2415    0.8146    1.8889
   ab_w[2,1]   -3.8153   -0.6945   -0.0222    0.5923    3.1360
   ab_w[1,2]   -2.0084   -0.7841   -0.1987    0.3643    1.4429
   ab_w[2,2]   -3.2944   -0.6478    0.0183    0.6676    2.8369
         a_p    0.2057    1.9931    4.6355    8.0412   15.4231
         b_p    0.1030    1.0623    2.5237    5.3169   14.5125
      σ_p[1]    0.0454    0.2658    0.6811    1.2913    3.4102
      σ_p[2]    0.0795    0.3394    0.8058    1.6069    3.9524
    ρ_p[1,1]    1.0000    1.0000    1.0000    1.0000    1.0000
    ρ_p[2,1]   -0.7611   -0.3008    0.0222    0.3533    0.7910
    ρ_p[1,2]   -0.7611   -0.3008    0.0222    0.3533    0.7910
    ρ_p[2,2]    1.0000    1.0000    1.0000    1.0000    1.0000
   ab_p[1,1]   -0.2955    2.1145    4.7992    8.0853   15.9339
   ab_p[2,1]   -1.1220    0.9774    2.6154    5.6712   14.6592
   ab_p[1,2]   -0.2607    2.0745    4.8819    8.2033   15.4060
   ab_p[2,2]   -1.6266    0.9532    2.5748    5.6979   14.4414
   ab_p[1,3]   -0.4937    1.9947    4.5931    7.9275   15.9840
   ab_p[2,3]   -1.1567    0.9375    2.5216    5.7508   14.6760
   ab_p[1,4]   -0.5481    1.8948    4.6401    7.9264   15.3466
   ab_p[2,4]   -1.4917    1.0233    2.4617    5.5792   14.6504
   ab_p[1,5]   -0.2527    2.0108    4.8066    8.1384   16.0123
   ab_p[2,5]   -1.7068    0.8855    2.6239    5.4648   14.5131
   ab_p[1,6]   -0.3144    2.0409    4.7906    8.0103   15.9067
   ab_p[2,6]   -1.2823    0.8831    2.5255    5.4727   14.6798
         a_e   -1.6553   -0.6176   -0.0440    0.5502    1.5802
         b_e   -0.6410   -0.2182    0.0038    0.2283    0.6192
      σ_e[1]    0.2125    0.3048    0.3798    0.4796    0.8208
      σ_e[2]    0.1224    0.1911    0.2467    0.3305    0.6166
    ρ_e[1,1]    1.0000    1.0000    1.0000    1.0000    1.0000
    ρ_e[2,1]   -0.5837   -0.1672    0.0894    0.3776    0.7032
    ρ_e[1,2]   -0.5837   -0.1672    0.0894    0.3776    0.7032
    ρ_e[2,2]    1.0000    1.0000    1.0000    1.0000    1.0000
   ab_e[1,1]   -2.1112   -1.1046   -0.4913    0.0994    1.1377
   ab_e[2,1]   -0.6854   -0.2835   -0.0600    0.1501    0.5978
   ab_e[1,2]   -1.2239   -0.1940    0.3866    1.0195    2.0455
   ab_e[2,2]   -0.7481   -0.3197   -0.0929    0.1097    0.5480
   ab_e[1,3]   -1.7186   -0.7228   -0.1038    0.4965    1.5182
   ab_e[2,3]   -0.8688   -0.4790   -0.2458   -0.0394    0.3923
   ab_e[1,4]   -1.6637   -0.6333   -0.0533    0.5720    1.5805
   ab_e[2,4]   -0.4688   -0.0562    0.1661    0.3705    0.7997
   ab_e[1,5]   -1.6968   -0.6660   -0.0722    0.5468    1.5752
   ab_e[2,5]   -0.6256   -0.1880    0.0278    0.2406    0.6755
   ab_e[1,6]   -1.4521   -0.4254    0.1970    0.7726    1.7865
   ab_e[2,6]   -0.3728    0.0512    0.2808    0.5000    0.9044
           σ    4.3187    4.3425    4.3567    4.3696    4.3949

