Chains MCMC chain (250×67×4 Array{Float64, 3}):

Iterations        = 126:1:375
Number of chains  = 4
Samples per chain = 250
Wall duration     = 3824.59 seconds
Compute duration  = 13048.18 seconds
parameters        = a_w_s[1], a_w_s[2], b_w_s[1], b_w_s[2], a_p_s[1], a_p_s[2], a_p_s[3], a_p_s[4], a_p_s[5], a_p_s[6], a_p_s[7], a_p_s[8], a_p_s[9], a_p_s[10], a_p_s[11], a_p_s[12], a_p_s[13], a_p_s[14], a_p_s[15], a_p_s[16], a_p_s[17], a_p_s[18], a_p_s[19], a_p_s[20], a_p_s[21], a_p_s[22], a_p_s[23], a_p_s[24], b_p_s[1], b_p_s[2], b_p_s[3], b_p_s[4], b_p_s[5], b_p_s[6], b_p_s[7], b_p_s[8], b_p_s[9], b_p_s[10], b_p_s[11], b_p_s[12], b_p_s[13], b_p_s[14], b_p_s[15], b_p_s[16], b_p_s[17], b_p_s[18], b_p_s[19], b_p_s[20], b_p_s[21], b_p_s[22], b_p_s[23], b_p_s[24], a_e, b_e, σ
internals         = lp, n_steps, is_accept, acceptance_rate, log_density, hamiltonian_energy, hamiltonian_energy_error, max_hamiltonian_energy_error, tree_depth, numerical_error, step_size, nom_step_size

Summary Statistics
  parameters      mean       std   naive_se      mcse        ess      rhat   ess_per_sec
      Symbol   Float64   Float64    Float64   Float64    Float64   Float64       Float64

    a_w_s[1]    0.0456    0.5913     0.0187    0.0489   126.4356    1.0097        0.0097
    a_w_s[2]    0.1006    0.5909     0.0187    0.0487   126.8545    1.0096        0.0097
    b_w_s[1]   -0.0661    0.3048     0.0096    0.0174   243.2090    1.0057        0.0186
    b_w_s[2]   -0.0349    0.3047     0.0096    0.0174   243.8927    1.0056        0.0187
    a_p_s[1]   -0.0978    0.2126     0.0067    0.0186   108.6974    1.0373        0.0083
    a_p_s[2]   -0.2619    0.2114     0.0067    0.0186   102.6976    1.0361        0.0079
    a_p_s[3]   -0.1210    0.2116     0.0067    0.0185   105.1789    1.0388        0.0081
    a_p_s[4]   -0.2751    0.2120     0.0067    0.0186   113.0859    1.0388        0.0087
    a_p_s[5]   -0.2049    0.2114     0.0067    0.0186   112.3922    1.0365        0.0086
    a_p_s[6]    0.1200    0.2116     0.0067    0.0188   103.5322    1.0378        0.0079
    a_p_s[7]   -0.2567    0.2122     0.0067    0.0187   103.0268    1.0371        0.0079
    a_p_s[8]    0.4650    0.2117     0.0067    0.0186   110.3222    1.0373        0.0085
    a_p_s[9]    0.0627    0.2121     0.0067    0.0186   104.0681    1.0372        0.0080
   a_p_s[10]   -0.0720    0.2116     0.0067    0.0186   112.5701    1.0368        0.0086
   a_p_s[11]    0.1018    0.2131     0.0067    0.0186   108.9218    1.0377        0.0083
   a_p_s[12]    0.5721    0.2114     0.0067    0.0186   111.5481    1.0380        0.0085
   a_p_s[13]    0.0883    0.2118     0.0067    0.0185   109.9187    1.0364        0.0084
   a_p_s[14]    0.5738    0.2118     0.0067    0.0185   111.5887    1.0360        0.0086
   a_p_s[15]   -0.0050    0.2104     0.0067    0.0185   107.1634    1.0393        0.0082
   a_p_s[16]   -0.1556    0.2124     0.0067    0.0186   105.9580    1.0369        0.0081
   a_p_s[17]   -0.3236    0.2128     0.0067    0.0187   108.4421    1.0372        0.0083
   a_p_s[18]   -0.0549    0.2125     0.0067    0.0186   106.9559    1.0376        0.0082
   a_p_s[19]    0.5942    0.2119     0.0067    0.0186   109.3892    1.0366        0.0084
   a_p_s[20]   -0.0451    0.2119     0.0067    0.0188    98.9202    1.0394        0.0076
   a_p_s[21]   -0.4096    0.2123     0.0067    0.0187   103.0273    1.0367        0.0079
   a_p_s[22]   -0.2589    0.2111     0.0067    0.0188    99.3841    1.0391        0.0076
   a_p_s[23]    0.0763    0.2115     0.0067    0.0187   111.3020    1.0378        0.0085
   a_p_s[24]    0.0759    0.2131     0.0067    0.0187   108.8356    1.0372        0.0083
    b_p_s[1]   -0.0447    0.1105     0.0035    0.0054   363.2549    1.0099        0.0278
    b_p_s[2]   -0.0771    0.1101     0.0035    0.0054   368.9114    1.0117        0.0283
    b_p_s[3]    0.1491    0.1111     0.0035    0.0056   364.5947    1.0130        0.0279
    b_p_s[4]   -0.0587    0.1100     0.0035    0.0055   363.0741    1.0130        0.0278
    b_p_s[5]   -0.0497    0.1109     0.0035    0.0055   362.7934    1.0116        0.0278
    b_p_s[6]    0.0136    0.1111     0.0035    0.0053   375.6982    1.0102        0.0288
    b_p_s[7]    0.0092    0.1100     0.0035    0.0054   369.9878    1.0134        0.0284
    b_p_s[8]   -0.0293    0.1105     0.0035    0.0053   368.5036    1.0116        0.0282
    b_p_s[9]   -0.0561    0.1098     0.0035    0.0055   367.0254    1.0124        0.0281
   b_p_s[10]    0.0275    0.1113     0.0035    0.0053   372.7877    1.0096        0.0286
   b_p_s[11]    0.0640    0.1103     0.0035    0.0054   368.4491    1.0119        0.0282
   b_p_s[12]   -0.0751    0.1100     0.0035    0.0054   367.0846    1.0119        0.0281
   b_p_s[13]    0.0129    0.1114     0.0035    0.0056   365.9472    1.0127        0.0280
   b_p_s[14]   -0.0485    0.1109     0.0035    0.0054   377.0220    1.0110        0.0289
   b_p_s[15]    0.0418    0.1112     0.0035    0.0053   384.4074    1.0110        0.0295
   b_p_s[16]   -0.0126    0.1100     0.0035    0.0055   358.9945    1.0129        0.0275
   b_p_s[17]    0.0498    0.1110     0.0035    0.0055   364.4892    1.0125        0.0279
   b_p_s[18]    0.0306    0.1097     0.0035    0.0055   359.6474    1.0128        0.0276
   b_p_s[19]    0.0093    0.1104     0.0035    0.0057   352.9363    1.0149        0.0270
   b_p_s[20]    0.0399    0.1104     0.0035    0.0054   362.6659    1.0103        0.0278
   b_p_s[21]   -0.0677    0.1098     0.0035    0.0054   369.7735    1.0096        0.0283
   b_p_s[22]   -0.0605    0.1111     0.0035    0.0053   365.1737    1.0117        0.0280
   b_p_s[23]    0.0060    0.1106     0.0035    0.0054   371.0033    1.0097        0.0284
   b_p_s[24]    0.0135    0.1105     0.0035    0.0056   363.9851    1.0135        0.0279
         a_e   -0.0687    0.5963     0.0189    0.0495   113.8498    1.0125        0.0087
         b_e    0.0169    0.3055     0.0097    0.0166   251.9194    1.0024        0.0193
           σ    0.9561    0.0034     0.0001    0.0001   970.6632    0.9999        0.0744

Quantiles
  parameters      2.5%     25.0%     50.0%     75.0%     97.5%
      Symbol   Float64   Float64   Float64   Float64   Float64

    a_w_s[1]   -0.9965   -0.3913    0.0259    0.4875    1.1952
    a_w_s[2]   -0.9413   -0.3438    0.0790    0.5405    1.2539
    b_w_s[1]   -0.6747   -0.2921   -0.0783    0.1527    0.5294
    b_w_s[2]   -0.6312   -0.2604   -0.0472    0.1816    0.5726
    a_p_s[1]   -0.5040   -0.2401   -0.0974    0.0514    0.2862
    a_p_s[2]   -0.6748   -0.4075   -0.2618   -0.1128    0.1163
    a_p_s[3]   -0.5363   -0.2626   -0.1209    0.0295    0.2592
    a_p_s[4]   -0.6937   -0.4272   -0.2769   -0.1219    0.0994
    a_p_s[5]   -0.6146   -0.3514   -0.2093   -0.0535    0.1583
    a_p_s[6]   -0.2937   -0.0241    0.1183    0.2741    0.5048
    a_p_s[7]   -0.6714   -0.4032   -0.2551   -0.1040    0.1144
    a_p_s[8]    0.0421    0.3203    0.4621    0.6159    0.8401
    a_p_s[9]   -0.3642   -0.0826    0.0610    0.2122    0.4415
   a_p_s[10]   -0.4866   -0.2129   -0.0735    0.0775    0.3065
   a_p_s[11]   -0.3005   -0.0468    0.0940    0.2533    0.4869
   a_p_s[12]    0.1502    0.4270    0.5696    0.7231    0.9512
   a_p_s[13]   -0.3302   -0.0634    0.0908    0.2403    0.4666
   a_p_s[14]    0.1482    0.4279    0.5709    0.7240    0.9571
   a_p_s[15]   -0.4206   -0.1394   -0.0054    0.1463    0.3728
   a_p_s[16]   -0.5752   -0.3023   -0.1603    0.0004    0.2239
   a_p_s[17]   -0.7501   -0.4690   -0.3313   -0.1654    0.0499
   a_p_s[18]   -0.4640   -0.1973   -0.0557    0.0987    0.3212
   a_p_s[19]    0.1638    0.4535    0.5936    0.7441    0.9653
   a_p_s[20]   -0.4677   -0.1924   -0.0455    0.1059    0.3314
   a_p_s[21]   -0.8171   -0.5555   -0.4120   -0.2589   -0.0373
   a_p_s[22]   -0.6709   -0.4011   -0.2629   -0.1020    0.1286
   a_p_s[23]   -0.3360   -0.0622    0.0711    0.2317    0.4518
   a_p_s[24]   -0.3260   -0.0729    0.0732    0.2316    0.4528
    b_p_s[1]   -0.2668   -0.1181   -0.0514    0.0312    0.1665
    b_p_s[2]   -0.2981   -0.1499   -0.0807    0.0015    0.1254
    b_p_s[3]   -0.0665    0.0767    0.1464    0.2286    0.3641
    b_p_s[4]   -0.2738   -0.1312   -0.0628    0.0215    0.1429
    b_p_s[5]   -0.2733   -0.1217   -0.0539    0.0307    0.1584
    b_p_s[6]   -0.1964   -0.0607    0.0104    0.0916    0.2173
    b_p_s[7]   -0.2072   -0.0613    0.0075    0.0885    0.2129
    b_p_s[8]   -0.2423   -0.1024   -0.0320    0.0477    0.1759
    b_p_s[9]   -0.2677   -0.1256   -0.0577    0.0232    0.1448
   b_p_s[10]   -0.1872   -0.0462    0.0236    0.1049    0.2468
   b_p_s[11]   -0.1528   -0.0069    0.0589    0.1436    0.2778
   b_p_s[12]   -0.2921   -0.1490   -0.0792    0.0052    0.1394
   b_p_s[13]   -0.2068   -0.0602    0.0116    0.0912    0.2272
   b_p_s[14]   -0.2662   -0.1175   -0.0500    0.0291    0.1556
   b_p_s[15]   -0.1778   -0.0294    0.0369    0.1227    0.2428
   b_p_s[16]   -0.2305   -0.0861   -0.0175    0.0658    0.1993
   b_p_s[17]   -0.1670   -0.0230    0.0457    0.1310    0.2545
   b_p_s[18]   -0.1773   -0.0424    0.0299    0.1070    0.2430
   b_p_s[19]   -0.1987   -0.0671    0.0058    0.0870    0.2256
   b_p_s[20]   -0.1916   -0.0327    0.0362    0.1204    0.2487
   b_p_s[21]   -0.2859   -0.1406   -0.0724    0.0088    0.1385
   b_p_s[22]   -0.2831   -0.1325   -0.0618    0.0207    0.1511
   b_p_s[23]   -0.2238   -0.0661    0.0009    0.0864    0.2253
   b_p_s[24]   -0.1983   -0.0609    0.0125    0.0942    0.2258
         a_e   -1.2035   -0.4790   -0.0591    0.3324    1.0976
         b_e   -0.6095   -0.1706    0.0012    0.2147    0.6402
           σ    0.9500    0.9537    0.9561    0.9583    0.9627

