Chains MCMC chain (250×67×4 Array{Float64, 3}):

Iterations        = 126:1:375
Number of chains  = 4
Samples per chain = 250
Wall duration     = 3930.84 seconds
Compute duration  = 10632.83 seconds
parameters        = a_w_s[1], a_w_s[2], b_w_s[1], b_w_s[2], a_p_s[1], a_p_s[2], a_p_s[3], a_p_s[4], a_p_s[5], a_p_s[6], a_p_s[7], a_p_s[8], a_p_s[9], a_p_s[10], a_p_s[11], a_p_s[12], a_p_s[13], a_p_s[14], a_p_s[15], a_p_s[16], a_p_s[17], a_p_s[18], a_p_s[19], a_p_s[20], a_p_s[21], a_p_s[22], a_p_s[23], a_p_s[24], b_p_s[1], b_p_s[2], b_p_s[3], b_p_s[4], b_p_s[5], b_p_s[6], b_p_s[7], b_p_s[8], b_p_s[9], b_p_s[10], b_p_s[11], b_p_s[12], b_p_s[13], b_p_s[14], b_p_s[15], b_p_s[16], b_p_s[17], b_p_s[18], b_p_s[19], b_p_s[20], b_p_s[21], b_p_s[22], b_p_s[23], b_p_s[24], a_e, b_e, σ
internals         = lp, n_steps, is_accept, acceptance_rate, log_density, hamiltonian_energy, hamiltonian_energy_error, max_hamiltonian_energy_error, tree_depth, numerical_error, step_size, nom_step_size

Summary Statistics
  parameters      mean       std   naive_se      mcse        ess      rhat   ess_per_sec
      Symbol   Float64   Float64    Float64   Float64    Float64   Float64       Float64

    a_w_s[1]    0.0499    0.5591     0.0177    0.0415   149.2943    1.0252        0.0140
    a_w_s[2]    0.0946    0.5591     0.0177    0.0414   150.0823    1.0252        0.0141
    b_w_s[1]    0.0196    0.2848     0.0090    0.0214   191.7133    1.0167        0.0180
    b_w_s[2]   -0.0005    0.2845     0.0090    0.0213   193.2609    1.0168        0.0182
    a_p_s[1]    0.0686    0.2163     0.0068    0.0201    48.6883    1.0719        0.0046
    a_p_s[2]   -0.0556    0.2169     0.0069    0.0200    50.2196    1.0694        0.0047
    a_p_s[3]   -0.0525    0.2157     0.0068    0.0201    48.1886    1.0704        0.0045
    a_p_s[4]   -0.0697    0.2181     0.0069    0.0200    49.9994    1.0683        0.0047
    a_p_s[5]   -0.0262    0.2162     0.0068    0.0198    50.6010    1.0703        0.0048
    a_p_s[6]   -0.2053    0.2172     0.0069    0.0202    48.0132    1.0700        0.0045
    a_p_s[7]    0.2217    0.2161     0.0068    0.0199    48.1678    1.0707        0.0045
    a_p_s[8]   -0.1177    0.2160     0.0068    0.0201    49.2757    1.0698        0.0046
    a_p_s[9]   -0.1845    0.2158     0.0068    0.0200    49.8023    1.0710        0.0047
   a_p_s[10]    0.0079    0.2163     0.0068    0.0200    50.9637    1.0726        0.0048
   a_p_s[11]   -0.2202    0.2171     0.0069    0.0201    50.5190    1.0703        0.0048
   a_p_s[12]   -0.3122    0.2158     0.0068    0.0200    48.8714    1.0694        0.0046
   a_p_s[13]   -0.1608    0.2163     0.0068    0.0200    49.7016    1.0711        0.0047
   a_p_s[14]   -0.3102    0.2162     0.0068    0.0200    49.1234    1.0712        0.0046
   a_p_s[15]   -0.0124    0.2168     0.0069    0.0200    50.0729    1.0709        0.0047
   a_p_s[16]    0.0881    0.2151     0.0068    0.0200    50.9773    1.0699        0.0048
   a_p_s[17]    0.0846    0.2167     0.0069    0.0202    48.2130    1.0705        0.0045
   a_p_s[18]   -0.0225    0.2168     0.0069    0.0201    51.7370    1.0692        0.0049
   a_p_s[19]    0.1057    0.2161     0.0068    0.0198    52.6417    1.0679        0.0050
   a_p_s[20]   -0.0003    0.2173     0.0069    0.0200    52.5049    1.0693        0.0049
   a_p_s[21]    0.0366    0.2160     0.0068    0.0200    52.8887    1.0673        0.0050
   a_p_s[22]    0.0876    0.2162     0.0068    0.0198    50.0365    1.0688        0.0047
   a_p_s[23]    0.0628    0.2168     0.0069    0.0201    48.4761    1.0707        0.0046
   a_p_s[24]   -0.0087    0.2185     0.0069    0.0201    50.4764    1.0703        0.0047
    b_p_s[1]    0.0809    0.0878     0.0028    0.0057   261.9693    1.0077        0.0246
    b_p_s[2]    0.0212    0.0878     0.0028    0.0059   228.1441    1.0100        0.0215
    b_p_s[3]   -0.0152    0.0882     0.0028    0.0059   249.3886    1.0085        0.0235
    b_p_s[4]    0.0161    0.0875     0.0028    0.0059   247.2409    1.0111        0.0233
    b_p_s[5]    0.0236    0.0876     0.0028    0.0060   223.7897    1.0100        0.0210
    b_p_s[6]    0.0333    0.0881     0.0028    0.0060   244.0140    1.0108        0.0229
    b_p_s[7]    0.0452    0.0872     0.0028    0.0059   259.7803    1.0094        0.0244
    b_p_s[8]   -0.0765    0.0881     0.0028    0.0058   244.4445    1.0095        0.0230
    b_p_s[9]    0.0427    0.0867     0.0027    0.0058   250.8461    1.0092        0.0236
   b_p_s[10]   -0.0088    0.0883     0.0028    0.0059   263.9750    1.0089        0.0248
   b_p_s[11]   -0.0193    0.0887     0.0028    0.0059   237.4167    1.0100        0.0223
   b_p_s[12]   -0.0867    0.0875     0.0028    0.0059   237.9857    1.0100        0.0224
   b_p_s[13]   -0.0543    0.0873     0.0028    0.0060   232.9485    1.0100        0.0219
   b_p_s[14]   -0.1020    0.0893     0.0028    0.0060   254.2072    1.0088        0.0239
   b_p_s[15]   -0.0360    0.0885     0.0028    0.0059   241.6525    1.0122        0.0227
   b_p_s[16]    0.0756    0.0887     0.0028    0.0059   234.7521    1.0096        0.0221
   b_p_s[17]    0.0672    0.0877     0.0028    0.0060   220.3193    1.0114        0.0207
   b_p_s[18]    0.0381    0.0886     0.0028    0.0060   278.8322    1.0087        0.0262
   b_p_s[19]   -0.0315    0.0887     0.0028    0.0059   258.5284    1.0093        0.0243
   b_p_s[20]    0.0207    0.0878     0.0028    0.0059   236.9845    1.0082        0.0223
   b_p_s[21]    0.0598    0.0870     0.0028    0.0058   248.5411    1.0097        0.0234
   b_p_s[22]    0.0372    0.0878     0.0028    0.0060   240.6114    1.0093        0.0226
   b_p_s[23]   -0.0201    0.0864     0.0027    0.0059   227.8742    1.0103        0.0214
   b_p_s[24]   -0.0076    0.0883     0.0028    0.0060   255.5646    1.0085        0.0240
         a_e   -0.0323    0.5369     0.0170    0.0467   113.7608    1.0308        0.0107
         b_e    0.0147    0.2844     0.0090    0.0216   176.4694    1.0200        0.0166
           σ    0.9901    0.0035     0.0001    0.0001   923.5024    0.9981        0.0869

Quantiles
  parameters      2.5%     25.0%     50.0%     75.0%     97.5%
      Symbol   Float64   Float64   Float64   Float64   Float64

    a_w_s[1]   -1.0887   -0.2897    0.0550    0.3771    1.2397
    a_w_s[2]   -1.0590   -0.2456    0.0941    0.4174    1.2729
    b_w_s[1]   -0.5376   -0.1872    0.0250    0.2179    0.5614
    b_w_s[2]   -0.5592   -0.2073    0.0050    0.1992    0.5422
    a_p_s[1]   -0.3146   -0.0830    0.0706    0.1966    0.5132
    a_p_s[2]   -0.4558   -0.2172   -0.0545    0.0790    0.3841
    a_p_s[3]   -0.4332   -0.2043   -0.0545    0.0799    0.3824
    a_p_s[4]   -0.4597   -0.2281   -0.0661    0.0661    0.3757
    a_p_s[5]   -0.4117   -0.1860   -0.0311    0.1006    0.4162
    a_p_s[6]   -0.5922   -0.3612   -0.2069   -0.0718    0.2393
    a_p_s[7]   -0.1689    0.0689    0.2265    0.3538    0.6568
    a_p_s[8]   -0.5066   -0.2767   -0.1138    0.0139    0.3188
    a_p_s[9]   -0.5624   -0.3369   -0.1788   -0.0522    0.2597
   a_p_s[10]   -0.3698   -0.1472    0.0087    0.1324    0.4505
   a_p_s[11]   -0.5975   -0.3779   -0.2157   -0.0906    0.2296
   a_p_s[12]   -0.6877   -0.4652   -0.3083   -0.1803    0.1281
   a_p_s[13]   -0.5472   -0.3136   -0.1603   -0.0270    0.2825
   a_p_s[14]   -0.6889   -0.4627   -0.3140   -0.1782    0.1339
   a_p_s[15]   -0.3916   -0.1699   -0.0133    0.1226    0.4291
   a_p_s[16]   -0.2842   -0.0682    0.0916    0.2204    0.5210
   a_p_s[17]   -0.2966   -0.0677    0.0807    0.2192    0.5194
   a_p_s[18]   -0.4071   -0.1759   -0.0176    0.1062    0.4137
   a_p_s[19]   -0.2793   -0.0486    0.1112    0.2342    0.5594
   a_p_s[20]   -0.3895   -0.1625   -0.0019    0.1321    0.4444
   a_p_s[21]   -0.3493   -0.1228    0.0387    0.1735    0.4846
   a_p_s[22]   -0.2975   -0.0690    0.0899    0.2216    0.5207
   a_p_s[23]   -0.3198   -0.0882    0.0655    0.1929    0.5002
   a_p_s[24]   -0.3922   -0.1632   -0.0067    0.1243    0.4307
    b_p_s[1]   -0.0953    0.0259    0.0812    0.1421    0.2543
    b_p_s[2]   -0.1580   -0.0309    0.0220    0.0807    0.1927
    b_p_s[3]   -0.2035   -0.0705   -0.0126    0.0410    0.1540
    b_p_s[4]   -0.1658   -0.0390    0.0173    0.0732    0.1830
    b_p_s[5]   -0.1573   -0.0297    0.0238    0.0823    0.1898
    b_p_s[6]   -0.1443   -0.0179    0.0350    0.0933    0.2055
    b_p_s[7]   -0.1354   -0.0071    0.0461    0.1022    0.2182
    b_p_s[8]   -0.2556   -0.1268   -0.0773   -0.0191    0.0925
    b_p_s[9]   -0.1315   -0.0065    0.0417    0.0990    0.2145
   b_p_s[10]   -0.1924   -0.0607   -0.0126    0.0529    0.1614
   b_p_s[11]   -0.2026   -0.0736   -0.0182    0.0383    0.1537
   b_p_s[12]   -0.2655   -0.1402   -0.0856   -0.0306    0.0836
   b_p_s[13]   -0.2329   -0.1053   -0.0523    0.0037    0.1142
   b_p_s[14]   -0.2933   -0.1534   -0.1010   -0.0442    0.0688
   b_p_s[15]   -0.2082   -0.0888   -0.0368    0.0205    0.1357
   b_p_s[16]   -0.1078    0.0228    0.0756    0.1327    0.2478
   b_p_s[17]   -0.1178    0.0192    0.0657    0.1287    0.2371
   b_p_s[18]   -0.1471   -0.0128    0.0370    0.0980    0.2194
   b_p_s[19]   -0.2083   -0.0827   -0.0309    0.0246    0.1379
   b_p_s[20]   -0.1648   -0.0334    0.0256    0.0788    0.1893
   b_p_s[21]   -0.1189    0.0077    0.0600    0.1132    0.2326
   b_p_s[22]   -0.1387   -0.0124    0.0388    0.0957    0.2020
   b_p_s[23]   -0.1979   -0.0721   -0.0179    0.0366    0.1472
   b_p_s[24]   -0.1885   -0.0591   -0.0089    0.0514    0.1649
         a_e   -1.0883   -0.3634    0.0228    0.2813    1.0964
         b_e   -0.5099   -0.1855    0.0106    0.1971    0.6020
           σ    0.9833    0.9878    0.9901    0.9923    0.9971

