Running on host compute504.bc4.acrc.priv
Time is Tue Aug 29 12:39:19 BST 2023
Directory is /user/home/em18564/BC4/Bayes/experiments/hier
Slurm job ID is 11836943
This job runs on the following machines:
compute504
    Updating registry at `~/.julia/registries/General.toml`
   Resolving package versions...
  No Changes to `~/.julia/environments/v1.8/Project.toml`
  No Changes to `~/.julia/environments/v1.8/Manifest.toml`
   Resolving package versions...
  No Changes to `~/.julia/environments/v1.8/Project.toml`
  No Changes to `~/.julia/environments/v1.8/Manifest.toml`
   Resolving package versions...
  No Changes to `~/.julia/environments/v1.8/Project.toml`
  No Changes to `~/.julia/environments/v1.8/Manifest.toml`
   Resolving package versions...
  No Changes to `~/.julia/environments/v1.8/Project.toml`
  No Changes to `~/.julia/environments/v1.8/Manifest.toml`
   Resolving package versions...
  No Changes to `~/.julia/environments/v1.8/Project.toml`
  No Changes to `~/.julia/environments/v1.8/Manifest.toml`
   Resolving package versions...
  No Changes to `~/.julia/environments/v1.8/Project.toml`
  No Changes to `~/.julia/environments/v1.8/Manifest.toml`
   Resolving package versions...
  No Changes to `~/.julia/environments/v1.8/Project.toml`
  No Changes to `~/.julia/environments/v1.8/Manifest.toml`
   Resolving package versions...
  No Changes to `~/.julia/environments/v1.8/Project.toml`
  No Changes to `~/.julia/environments/v1.8/Manifest.toml`
   Resolving package versions...
  No Changes to `~/.julia/environments/v1.8/Project.toml`
  No Changes to `~/.julia/environments/v1.8/Manifest.toml`
   Resolving package versions...
  No Changes to `~/.julia/environments/v1.8/Project.toml`
  No Changes to `~/.julia/environments/v1.8/Manifest.toml`
   Resolving package versions...
  No Changes to `~/.julia/environments/v1.8/Project.toml`
  No Changes to `~/.julia/environments/v1.8/Manifest.toml`
   Resolving package versions...
  No Changes to `~/.julia/environments/v1.8/Project.toml`
  No Changes to `~/.julia/environments/v1.8/Manifest.toml`
   Resolving package versions...
  No Changes to `~/.julia/environments/v1.8/Project.toml`
  No Changes to `~/.julia/environments/v1.8/Manifest.toml`
Sampling (4 threads)   0%|                              |  ETA: N/A
┌ Info: Found initial step size
└   ϵ = 0.0006835937500000001
┌ Info: Found initial step size
└   ϵ = 0.0003662109375
┌ Info: Found initial step size
└   ϵ = 0.000390625
┌ Info: Found initial step size
└   ϵ = 2.44140625e-5
Sampling (4 threads)  25%|███████▌                      |  ETA: 18:46:21
Sampling (4 threads)  50%|███████████████               |  ETA: 6:15:27
Sampling (4 threads)  75%|██████████████████████▌       |  ETA: 2:05:09
Sampling (4 threads) 100%|██████████████████████████████| Time: 6:22:11
Sampling (4 threads) 100%|██████████████████████████████| Time: 6:22:12
ERROR: LoadError: SystemError: opening file "output/out.jls": No such file or directory
Stacktrace:
  [1] systemerror(p::String, errno::Int32; extrainfo::Nothing)
    @ Base ./error.jl:176
  [2] #systemerror#80
    @ ./error.jl:175 [inlined]
  [3] systemerror
    @ ./error.jl:175 [inlined]
  [4] open(fname::String; lock::Bool, read::Nothing, write::Nothing, create::Nothing, truncate::Bool, append::Nothing)
    @ Base ./iostream.jl:293
  [5] open(fname::String, mode::String; lock::Bool)
    @ Base ./iostream.jl:356
  [6] open(fname::String, mode::String)
    @ Base ./iostream.jl:355
  [7] open(::Serialization.var"#1#2"{Chains{Float64, AxisArrays.AxisArray{Float64, 3, Array{Float64, 3}, Tuple{AxisArrays.Axis{:iter, StepRange{Int64, Int64}}, AxisArrays.Axis{:var, Vector{Symbol}}, AxisArrays.Axis{:chain, UnitRange{Int64}}}}, Missing, NamedTuple{(:parameters, :internals), Tuple{Vector{Symbol}, Vector{Symbol}}}, NamedTuple{(:start_time, :stop_time), Tuple{Vector{Float64}, Vector{Float64}}}}}, ::String, ::Vararg{String}; kwargs::Base.Pairs{Symbol, Union{}, Tuple{}, NamedTuple{(), Tuple{}}})
    @ Base ./io.jl:382
  [8] open
    @ ./io.jl:381 [inlined]
  [9] serialize(filename::String, x::Chains{Float64, AxisArrays.AxisArray{Float64, 3, Array{Float64, 3}, Tuple{AxisArrays.Axis{:iter, StepRange{Int64, Int64}}, AxisArrays.Axis{:var, Vector{Symbol}}, AxisArrays.Axis{:chain, UnitRange{Int64}}}}, Missing, NamedTuple{(:parameters, :internals), Tuple{Vector{Symbol}, Vector{Symbol}}}, NamedTuple{(:start_time, :stop_time), Tuple{Vector{Float64}, Vector{Float64}}}})
    @ Serialization /mnt/storage/software/languages/julia-1.8.5/julia-1.8.5/share/julia/stdlib/v1.8/Serialization/src/Serialization.jl:787
 [10] top-level scope
    @ ~/BC4/Bayes/experiments/hier/model.jl:105
in expression starting at /user/home/em18564/BC4/Bayes/experiments/hier/model.jl:105
Chains MCMC chain (250×77×4 Array{Float64, 3}):

Iterations        = 126:1:375
Number of chains  = 4
Samples per chain = 250
Wall duration     = 22909.29 seconds
Compute duration  = 78039.23 seconds
parameters        = a_w, b_w, σ_w[1], σ_w[2], ρ_w[1,1], ρ_w[2,1], ρ_w[1,2], ρ_w[2,2], ab_w[1,1], ab_w[2,1], ab_w[1,2], ab_w[2,2], a_p, b_p, σ_p[1], σ_p[2], ρ_p[1,1], ρ_p[2,1], ρ_p[1,2], ρ_p[2,2], ab_p[1,1], ab_p[2,1], ab_p[1,2], ab_p[2,2], ab_p[1,3], ab_p[2,3], ab_p[1,4], ab_p[2,4], ab_p[1,5], ab_p[2,5], ab_p[1,6], ab_p[2,6], ab_p[1,7], ab_p[2,7], ab_p[1,8], ab_p[2,8], ab_p[1,9], ab_p[2,9], ab_p[1,10], ab_p[2,10], ab_p[1,11], ab_p[2,11], ab_p[1,12], ab_p[2,12], a_e, b_e, σ_e[1], σ_e[2], ρ_e[1,1], ρ_e[2,1], ρ_e[1,2], ρ_e[2,2], ab_e[1,1], ab_e[2,1], ab_e[1,2], ab_e[2,2], ab_e[1,3], ab_e[2,3], ab_e[1,4], ab_e[2,4], ab_e[1,5], ab_e[2,5], ab_e[1,6], ab_e[2,6], σ
internals         = lp, n_steps, is_accept, acceptance_rate, log_density, hamiltonian_energy, hamiltonian_energy_error, max_hamiltonian_energy_error, tree_depth, numerical_error, step_size, nom_step_size

Summary Statistics
  parameters      mean       std   naive_se      mcse         ess      rhat   ess_per_sec
      Symbol   Float64   Float64    Float64   Float64     Float64   Float64       Float64

         a_w   -0.1796    0.7387     0.0234    0.0664    134.7322    1.0504        0.0017
         b_w   -0.0468    0.3734     0.0118    0.0195    436.3582    1.0251        0.0056
      σ_w[1]    0.7198    0.6927     0.0219    0.0984      6.5899    1.6896        0.0001
      σ_w[2]    0.5664    0.4644     0.0147    0.0278     86.8771    1.0485        0.0011
    ρ_w[1,1]    1.0000    0.0000     0.0000    0.0000         NaN       NaN           NaN
    ρ_w[2,1]   -0.1881    0.4319     0.0137    0.0343     24.7402    1.1118        0.0003
    ρ_w[1,2]   -0.1881    0.4319     0.0137    0.0343     24.7402    1.1118        0.0003
    ρ_w[2,2]    1.0000    0.0000     0.0000    0.0000    921.7331    0.9960        0.0118
   ab_w[1,1]    0.0196    0.7706     0.0244    0.0695    138.4552    1.0494        0.0018
   ab_w[2,1]   -0.2843    0.6685     0.0211    0.0966      6.3661    1.7533        0.0001
   ab_w[1,2]   -0.3225    0.8746     0.0277    0.1015     16.5203    1.2099        0.0002
   ab_w[2,2]   -0.2290    0.6777     0.0214    0.0992      6.1797    1.8097        0.0001
         a_p    0.3436    0.8590     0.0272    0.1222      8.1481    1.4772        0.0001
         b_p    0.0391    0.3459     0.0109    0.0257    202.5812    1.0264        0.0026
      σ_p[1]    0.2838    0.1790     0.0057    0.0292      4.9100    2.6194        0.0001
      σ_p[2]    0.5555    0.6711     0.0212    0.1194      4.2203    8.9643        0.0001
    ρ_p[1,1]    1.0000    0.0000     0.0000    0.0000         NaN       NaN           NaN
    ρ_p[2,1]    0.3201    0.6868     0.0217    0.1194      4.3645    4.7835        0.0001
    ρ_p[1,2]    0.3201    0.6868     0.0217    0.1194      4.3645    4.7835        0.0001
    ρ_p[2,2]    1.0000    0.0000     0.0000    0.0000    895.0914    0.9960        0.0115
   ab_p[1,1]    0.3596    0.8548     0.0270    0.1208      8.2950    1.4624        0.0001
   ab_p[2,1]   -0.2794    1.0154     0.0321    0.1706      5.0049    2.4703        0.0001
   ab_p[1,2]    0.3060    0.8763     0.0277    0.1256      7.9265    1.4988        0.0001
   ab_p[2,2]    0.0699    0.4693     0.0148    0.0608     10.1504    1.3328        0.0001
   ab_p[1,3]    0.5935    0.7761     0.0245    0.1027     10.7356    1.3183        0.0001
   ab_p[2,3]    0.3307    0.4529     0.0143    0.0570      9.5372    1.3686        0.0001
   ab_p[1,4]    0.2800    0.8847     0.0280    0.1277      7.7422    1.5185        0.0001
   ab_p[2,4]   -0.3019    0.7475     0.0236    0.1197      5.6675    1.9715        0.0001
   ab_p[1,5]    0.1283    0.9465     0.0299    0.1409      6.9800    1.6260        0.0001
   ab_p[2,5]    0.0161    0.3626     0.0115    0.0309     50.7011    1.0706        0.0006
   ab_p[1,6]    1.0665    0.6733     0.0213    0.0752     26.3603    1.1250        0.0003
   ab_p[2,6]    0.7066    0.8627     0.0273    0.1418      5.0371    2.4477        0.0001
   ab_p[1,7]    0.2774    0.8859     0.0280    0.1280      7.7157    1.5210        0.0001
   ab_p[2,7]    0.5007    1.0631     0.0336    0.1792      4.7498    2.8963        0.0001
   ab_p[1,8]    0.4404    0.8268     0.0261    0.1144      8.9920    1.4088        0.0001
   ab_p[2,8]    0.1394    0.3588     0.0113    0.0298     82.1143    1.0538        0.0011
   ab_p[1,9]    0.2223    0.9077     0.0287    0.1327      7.4121    1.5593        0.0001
   ab_p[2,9]    0.2125    0.5436     0.0172    0.0780      6.8183    1.6450        0.0001
  ab_p[1,10]    0.1646    0.9313     0.0295    0.1377      7.1296    1.6014        0.0001
  ab_p[2,10]    0.2009    0.7314     0.0231    0.1165      5.3750    2.1574        0.0001
  ab_p[1,11]    0.0380    0.9842     0.0311    0.1489      6.6199    1.6955        0.0001
  ab_p[2,11]   -0.2227    0.3626     0.0115    0.0310     44.7992    1.0800        0.0006
  ab_p[1,12]    0.2282    0.9050     0.0286    0.1321      7.4326    1.5561        0.0001
  ab_p[2,12]    0.3041    0.9178     0.0290    0.1521      4.9243    2.5987        0.0001
         a_e   -0.3593    0.9191     0.0291    0.1275      9.1343    1.4139        0.0001
         b_e    0.4319    0.8360     0.0264    0.1347      5.1753    2.3517        0.0001
      σ_e[1]    0.4879    0.1972     0.0062    0.0127     51.7161    1.0592        0.0007
      σ_e[2]    0.2706    0.1406     0.0044    0.0203      6.2748    1.7591        0.0001
    ρ_e[1,1]    1.0000    0.0000     0.0000    0.0000         NaN       NaN           NaN
    ρ_e[2,1]    0.1434    0.3089     0.0098    0.0149    106.0763    1.0354        0.0014
    ρ_e[1,2]    0.1434    0.3089     0.0098    0.0149    106.0763    1.0354        0.0014
    ρ_e[2,2]    1.0000    0.0000     0.0000    0.0000   1037.7954    0.9960        0.0133
   ab_e[1,1]   -0.2231    0.8931     0.0282    0.1224     10.0884    1.3702        0.0001
   ab_e[2,1]    0.5294    0.7843     0.0248    0.1237      5.4066    2.1735        0.0001
   ab_e[1,2]   -0.8879    0.8676     0.0274    0.1165     11.0710    1.3286        0.0001
   ab_e[2,2]    0.2678    0.8704     0.0275    0.1406      5.1308    2.3964        0.0001
   ab_e[1,3]   -0.1855    0.9245     0.0292    0.1297      9.1542    1.4229        0.0001
   ab_e[2,3]    0.1088    0.6410     0.0203    0.0936      6.4162    1.7530        0.0001
   ab_e[1,4]   -0.5461    0.8858     0.0280    0.1205     10.4269    1.3543        0.0001
   ab_e[2,4]    0.3230    0.6509     0.0206    0.0956      6.3296    1.7780        0.0001
   ab_e[1,5]   -0.4094    0.9792     0.0310    0.1421      8.0486    1.5110        0.0001
   ab_e[2,5]    0.4664    0.7081     0.0224    0.1078      5.8400    1.9444        0.0001
   ab_e[1,6]    0.0889    1.0654     0.0337    0.1605      7.0081    1.6481        0.0001
   ab_e[2,6]    0.4168    0.6868     0.0217    0.1034      5.9741    1.8882        0.0001
           σ    7.4202    9.6973     0.3067    1.6661      6.6486    1.6637        0.0001

Quantiles
  parameters      2.5%     25.0%     50.0%     75.0%     97.5%
      Symbol   Float64   Float64   Float64   Float64   Float64

         a_w   -1.5361   -0.5428   -0.4146    0.3175    1.3812
         b_w   -0.8283   -0.2454   -0.1074    0.1839    0.7445
      σ_w[1]    0.0399    0.1497    0.3715    1.5472    1.7172
      σ_w[2]    0.0886    0.2325    0.4884    0.8017    1.6205
    ρ_w[1,1]    1.0000    1.0000    1.0000    1.0000    1.0000
    ρ_w[2,1]   -0.8335   -0.5341   -0.3264    0.1480    0.7410
    ρ_w[1,2]   -0.8335   -0.5341   -0.3264    0.1480    0.7410
    ρ_w[2,2]    1.0000    1.0000    1.0000    1.0000    1.0000
   ab_w[1,1]   -1.5239   -0.4721   -0.0129    0.5197    1.5279
   ab_w[2,1]   -1.6938   -0.5875   -0.1110    0.2098    0.7138
   ab_w[1,2]   -1.6009   -1.0089   -0.1989    0.2374    1.3906
   ab_w[2,2]   -1.5101   -0.7189   -0.1020    0.2736    0.8942
         a_p   -1.3603   -0.3259    0.3567    1.2775    1.3675
         b_p   -0.7244   -0.1323    0.0312    0.2470    0.7356
      σ_p[1]    0.0001    0.1599    0.3352    0.4023    0.5625
      σ_p[2]    0.1175    0.1531    0.1829    0.5299    1.8676
    ρ_p[1,1]    1.0000    1.0000    1.0000    1.0000    1.0000
    ρ_p[2,1]   -0.8803   -0.3354    0.6665    0.8085    0.9189
    ρ_p[1,2]   -0.8803   -0.3354    0.6665    0.8085    0.9189
    ρ_p[2,2]    1.0000    1.0000    1.0000    1.0000    1.0000
   ab_p[1,1]   -1.4142   -0.2564    0.3790    1.2778    1.4420
   ab_p[2,1]   -2.7106   -0.3490    0.0448    0.3533    0.8004
   ab_p[1,2]   -1.5040   -0.3322    0.3085    1.2775    1.3662
   ab_p[2,2]   -0.6976   -0.2721    0.1374    0.4383    0.8741
   ab_p[1,3]   -1.0968    0.0366    0.6882    1.2781    1.8103
   ab_p[2,3]   -0.5669    0.0032    0.3534    0.6113    1.0432
   ab_p[1,4]   -1.5393   -0.3768    0.2874    1.2776    1.3913
   ab_p[2,4]   -1.9759   -0.4985   -0.0911    0.2184    0.6669
   ab_p[1,5]   -1.6884   -0.5744    0.0917    1.2773    1.3489
   ab_p[2,5]   -0.7952   -0.2224    0.1013    0.2560    0.6676
   ab_p[1,6]   -0.4415    0.6586    1.2770    1.3462    2.4432
   ab_p[2,6]   -0.4140    0.1704    0.5283    0.7975    2.7229
   ab_p[1,7]   -1.5599   -0.3714    0.2695    1.2772    1.3664
   ab_p[2,7]   -0.7150   -0.1333    0.2224    0.5219    3.0636
   ab_p[1,8]   -1.2897   -0.1695    0.4894    1.2777    1.5597
   ab_p[2,8]   -0.6396   -0.0651    0.1139    0.4079    0.8501
   ab_p[1,9]   -1.6118   -0.4381    0.1851    1.2773    1.3506
   ab_p[2,9]   -0.7555   -0.1657    0.1787    0.4465    1.2637
  ab_p[1,10]   -1.7140   -0.5249    0.1248    1.2772    1.3495
  ab_p[2,10]   -0.8651   -0.2709    0.0748    0.3398    1.8389
  ab_p[1,11]   -1.8597   -0.7079   -0.0348    1.2773    1.3446
  ab_p[2,11]   -1.0252   -0.4650   -0.1200   -0.0010    0.4405
  ab_p[1,12]   -1.5602   -0.4532    0.2021    1.2772    1.3500
  ab_p[2,12]   -0.8342   -0.2653    0.0913    0.3784    2.4685
         a_e   -1.4922   -1.2814   -0.4145    0.2976    1.5527
         b_e   -0.7270   -0.1947    0.1685    1.3474    1.8307
      σ_e[1]    0.2628    0.3693    0.4156    0.5534    0.9827
      σ_e[2]    0.1056    0.1563    0.2135    0.4439    0.5041
    ρ_e[1,1]    1.0000    1.0000    1.0000    1.0000    1.0000
    ρ_e[2,1]   -0.5039   -0.0134    0.0574    0.3694    0.7356
    ρ_e[1,2]   -0.5039   -0.0134    0.0574    0.3694    0.7356
    ρ_e[2,2]    1.0000    1.0000    1.0000    1.0000    1.0000
   ab_e[1,1]   -1.3155   -1.0833   -0.3581    0.4303    1.7540
   ab_e[2,1]   -0.6315   -0.0561    0.3231    1.2462    2.0574
   ab_e[1,2]   -2.0371   -1.5946   -1.0372   -0.2712    1.0428
   ab_e[2,2]   -0.9303   -0.3673    0.0308    0.9182    2.0941
   ab_e[1,3]   -1.2795   -1.1187   -0.2680    0.4850    1.8184
   ab_e[2,3]   -0.9662   -0.3859   -0.0012    0.8065    1.0594
   ab_e[1,4]   -1.6734   -1.3495   -0.6725    0.0973    1.4133
   ab_e[2,4]   -0.7481   -0.1866    0.2075    1.0191    1.3130
   ab_e[1,5]   -1.7562   -1.3144   -0.4687    0.3302    1.6246
   ab_e[2,5]   -0.6553   -0.0699    0.3092    1.2188    1.6879
   ab_e[1,6]   -1.6466   -0.7494    0.1114    0.8815    2.1985
   ab_e[2,6]   -0.6871   -0.1067    0.2775    1.1154    1.5704
           σ    4.5353    4.5478    4.5552    4.5657   40.9891

ERROR: LoadError: ArgumentError: Package MCMCChains not found in current path, maybe you meant `import/using .MCMCChains`.
- Otherwise, run `import Pkg; Pkg.add("MCMCChains")` to install the MCMCChains package.
Stacktrace:
 [1] macro expansion
   @ ./loading.jl:1163 [inlined]
 [2] macro expansion
   @ ./lock.jl:223 [inlined]
 [3] require(into::Module, mod::Symbol)
   @ Base ./loading.jl:1144
in expression starting at /user/home/em18564/BC4/Bayes/experiments/hier/analyse.jl:15
