Running on host compute382.bc4.acrc.priv
Time is Tue Oct 10 09:51:53 BST 2023
Directory is /user/home/em18564/BC4/Bayes/experiments/ePNP_cov_large
Slurm job ID is 11996731
This job runs on the following machines:
compute382
    Updating registry at `~/.julia/registries/General.toml`
   Resolving package versions...
  No Changes to `~/.julia/environments/v1.8/Project.toml`
  No Changes to `~/.julia/environments/v1.8/Manifest.toml`
   Resolving package versions...
  No Changes to `~/.julia/environments/v1.8/Project.toml`
  No Changes to `~/.julia/environments/v1.8/Manifest.toml`
   Resolving package versions...
  No Changes to `~/.julia/environments/v1.8/Project.toml`
  No Changes to `~/.julia/environments/v1.8/Manifest.toml`
   Resolving package versions...
  No Changes to `~/.julia/environments/v1.8/Project.toml`
  No Changes to `~/.julia/environments/v1.8/Manifest.toml`
   Resolving package versions...
  No Changes to `~/.julia/environments/v1.8/Project.toml`
  No Changes to `~/.julia/environments/v1.8/Manifest.toml`
   Resolving package versions...
  No Changes to `~/.julia/environments/v1.8/Project.toml`
  No Changes to `~/.julia/environments/v1.8/Manifest.toml`
   Resolving package versions...
  No Changes to `~/.julia/environments/v1.8/Project.toml`
  No Changes to `~/.julia/environments/v1.8/Manifest.toml`
   Resolving package versions...
  No Changes to `~/.julia/environments/v1.8/Project.toml`
  No Changes to `~/.julia/environments/v1.8/Manifest.toml`
   Resolving package versions...
  No Changes to `~/.julia/environments/v1.8/Project.toml`
  No Changes to `~/.julia/environments/v1.8/Manifest.toml`
   Resolving package versions...
  No Changes to `~/.julia/environments/v1.8/Project.toml`
  No Changes to `~/.julia/environments/v1.8/Manifest.toml`
   Resolving package versions...
  No Changes to `~/.julia/environments/v1.8/Project.toml`
  No Changes to `~/.julia/environments/v1.8/Manifest.toml`
   Resolving package versions...
  No Changes to `~/.julia/environments/v1.8/Project.toml`
  No Changes to `~/.julia/environments/v1.8/Manifest.toml`
   Resolving package versions...
  No Changes to `~/.julia/environments/v1.8/Project.toml`
  No Changes to `~/.julia/environments/v1.8/Manifest.toml`
   Resolving package versions...
  No Changes to `~/.julia/environments/v1.8/Project.toml`
  No Changes to `~/.julia/environments/v1.8/Manifest.toml`
   Resolving package versions...
  No Changes to `~/.julia/environments/v1.8/Project.toml`
  No Changes to `~/.julia/environments/v1.8/Manifest.toml`
    Updating registry at `~/.julia/registries/General.toml`
   Resolving package versions...
  No Changes to `~/.julia/environments/v1.8/Project.toml`
  No Changes to `~/.julia/environments/v1.8/Manifest.toml`
   Resolving package versions...
  No Changes to `~/.julia/environments/v1.8/Project.toml`
  No Changes to `~/.julia/environments/v1.8/Manifest.toml`
   Resolving package versions...
  No Changes to `~/.julia/environments/v1.8/Project.toml`
  No Changes to `~/.julia/environments/v1.8/Manifest.toml`
   Resolving package versions...
  No Changes to `~/.julia/environments/v1.8/Project.toml`
  No Changes to `~/.julia/environments/v1.8/Manifest.toml`
   Resolving package versions...
  No Changes to `~/.julia/environments/v1.8/Project.toml`
  No Changes to `~/.julia/environments/v1.8/Manifest.toml`
   Resolving package versions...
  No Changes to `~/.julia/environments/v1.8/Project.toml`
  No Changes to `~/.julia/environments/v1.8/Manifest.toml`
   Resolving package versions...
  No Changes to `~/.julia/environments/v1.8/Project.toml`
  No Changes to `~/.julia/environments/v1.8/Manifest.toml`
   Resolving package versions...
  No Changes to `~/.julia/environments/v1.8/Project.toml`
  No Changes to `~/.julia/environments/v1.8/Manifest.toml`
   Resolving package versions...
  No Changes to `~/.julia/environments/v1.8/Project.toml`
  No Changes to `~/.julia/environments/v1.8/Manifest.toml`
   Resolving package versions...
  No Changes to `~/.julia/environments/v1.8/Project.toml`
  No Changes to `~/.julia/environments/v1.8/Manifest.toml`
   Resolving package versions...
  No Changes to `~/.julia/environments/v1.8/Project.toml`
  No Changes to `~/.julia/environments/v1.8/Manifest.toml`
   Resolving package versions...
  No Changes to `~/.julia/environments/v1.8/Project.toml`
  No Changes to `~/.julia/environments/v1.8/Manifest.toml`
   Resolving package versions...
  No Changes to `~/.julia/environments/v1.8/Project.toml`
  No Changes to `~/.julia/environments/v1.8/Manifest.toml`
Sampling (4 threads)   0%|                              |  ETA: N/A
┌ Info: Found initial step size
└   ϵ = 0.0013671875000000001
┌ Info: Found initial step size
└   ϵ = 0.0007568359375
┌ Info: Found initial step size
└   ϵ = 0.00625
┌ Info: Found initial step size
└   ϵ = 0.00078125
Sampling (4 threads)  25%|███████▌                      |  ETA: 12:49:22
Sampling (4 threads)  50%|███████████████               |  ETA: 4:16:27
Sampling (4 threads)  75%|██████████████████████▌       |  ETA: 1:25:29
Sampling (4 threads) 100%|██████████████████████████████| Time: 4:22:28
Sampling (4 threads) 100%|██████████████████████████████| Time: 4:22:28
Chains MCMC chain (200×85×4 Array{Float64, 3}):

Iterations        = 101:1:300
Number of chains  = 4
Samples per chain = 200
Wall duration     = 15728.12 seconds
Compute duration  = 51735.82 seconds
parameters        = σ_w[1], σ_w[2], ρ_w[1,1], ρ_w[2,1], ρ_w[1,2], ρ_w[2,2], ab_w[1,1], ab_w[2,1], ab_w[1,2], ab_w[2,2], σ_p[1], σ_p[2], ρ_p[1,1], ρ_p[2,1], ρ_p[1,2], ρ_p[2,2], ab_p[1,1], ab_p[2,1], ab_p[1,2], ab_p[2,2], ab_p[1,3], ab_p[2,3], ab_p[1,4], ab_p[2,4], ab_p[1,5], ab_p[2,5], ab_p[1,6], ab_p[2,6], ab_p[1,7], ab_p[2,7], ab_p[1,8], ab_p[2,8], ab_p[1,9], ab_p[2,9], ab_p[1,10], ab_p[2,10], ab_p[1,11], ab_p[2,11], ab_p[1,12], ab_p[2,12], ab_p[1,13], ab_p[2,13], ab_p[1,14], ab_p[2,14], ab_p[1,15], ab_p[2,15], ab_p[1,16], ab_p[2,16], ab_p[1,17], ab_p[2,17], ab_p[1,18], ab_p[2,18], ab_p[1,19], ab_p[2,19], ab_p[1,20], ab_p[2,20], ab_p[1,21], ab_p[2,21], ab_p[1,22], ab_p[2,22], ab_p[1,23], ab_p[2,23], ab_p[1,24], ab_p[2,24], σ_e[1], σ_e[2], ρ_e[1,1], ρ_e[2,1], ρ_e[1,2], ρ_e[2,2], ab_e[1,1], ab_e[2,1], σ
internals         = lp, n_steps, is_accept, acceptance_rate, log_density, hamiltonian_energy, hamiltonian_energy_error, max_hamiltonian_energy_error, tree_depth, numerical_error, step_size, nom_step_size

Summary Statistics
  parameters      mean       std   naive_se      mcse        ess      rhat   ess_per_sec
      Symbol   Float64   Float64    Float64   Float64    Float64   Float64       Float64

      σ_w[1]    0.5977    0.6510     0.0230    0.1034     5.8808    1.8802        0.0001
      σ_w[2]    0.7744    0.9224     0.0326    0.1616     5.0310    2.5357        0.0001
    ρ_w[1,1]    1.0000    0.0000     0.0000    0.0000        NaN       NaN           NaN
    ρ_w[2,1]   -0.1294    0.4230     0.0150    0.0220   535.9287    1.0050        0.0104
    ρ_w[1,2]   -0.1294    0.4230     0.0150    0.0220   535.9287    1.0050        0.0104
    ρ_w[2,2]    1.0000    0.0000     0.0000    0.0000   758.1602    0.9950        0.0147
   ab_w[1,1]    0.2498    0.6760     0.0239    0.1248     5.4782    2.0501        0.0001
   ab_w[2,1]    0.5873    1.1862     0.0419    0.2261     4.3595    4.8434        0.0001
   ab_w[1,2]   -0.1709    0.1923     0.0068    0.0079   576.6499    1.0092        0.0111
   ab_w[2,2]    0.6052    0.9668     0.0342    0.1827     4.4080    4.3730        0.0001
      σ_p[1]    0.5674    0.1893     0.0067    0.0307     5.9021    1.8631        0.0001
      σ_p[2]    0.6360    0.8952     0.0317    0.1685     4.3538    4.8238        0.0001
    ρ_p[1,1]    1.0000    0.0000     0.0000    0.0000        NaN       NaN           NaN
    ρ_p[2,1]    0.5134    0.2173     0.0077    0.0302     7.5720    1.5202        0.0001
    ρ_p[1,2]    0.5134    0.2173     0.0077    0.0302     7.5720    1.5202        0.0001
    ρ_p[2,2]    1.0000    0.0000     0.0000    0.0000   731.7697    0.9950        0.0141
   ab_p[1,1]   -0.2605    0.1593     0.0056    0.0149    20.7655    1.1384        0.0004
   ab_p[2,1]   -0.0895    0.4727     0.0167    0.0870     4.7763    2.8037        0.0001
   ab_p[1,2]    0.5136    0.2328     0.0082    0.0342     7.2182    1.5773        0.0001
   ab_p[2,2]    0.1955    0.1166     0.0041    0.0110    22.3720    1.1283        0.0004
   ab_p[1,3]    0.2384    0.1640     0.0058    0.0194    12.2305    1.2542        0.0002
   ab_p[2,3]   -0.1212    0.9052     0.0320    0.1708     4.5366    3.5035        0.0001
   ab_p[1,4]    0.1885    0.1768     0.0063    0.0225     9.9571    1.3344        0.0002
   ab_p[2,4]    0.1353    0.8297     0.0293    0.1563     4.5540    3.4309        0.0001
   ab_p[1,5]   -0.0710    0.1453     0.0051    0.0069   365.4353    1.0127        0.0071
   ab_p[2,5]   -0.1064    0.4039     0.0143    0.0739     4.7696    2.8181        0.0001
   ab_p[1,6]    0.0126    0.1677     0.0059    0.0171    16.2749    1.1760        0.0003
   ab_p[2,6]    0.7973    0.4459     0.0158    0.0824     4.6192    3.2078        0.0001
   ab_p[1,7]    0.1690    0.1639     0.0058    0.0173    15.1523    1.1918        0.0003
   ab_p[2,7]    0.1792    0.4952     0.0175    0.0922     4.6523    3.1012        0.0001
   ab_p[1,8]    0.2355    0.1662     0.0059    0.0188    12.9691    1.2444        0.0003
   ab_p[2,8]    0.1693    0.2780     0.0098    0.0496     5.1469    2.3115        0.0001
   ab_p[1,9]   -0.6900    0.2597     0.0092    0.0417     6.4097    1.7090        0.0001
   ab_p[2,9]    0.0336    0.3689     0.0130    0.0676     4.8657    2.6483        0.0001
  ab_p[1,10]   -0.6059    0.2450     0.0087    0.0376     7.0072    1.5936        0.0001
  ab_p[2,10]   -0.8568    1.3245     0.0468    0.2507     4.4965    3.6931        0.0001
  ab_p[1,11]   -1.2682    0.4796     0.0170    0.0871     4.8899    2.6110        0.0001
  ab_p[2,11]   -0.6064    0.3572     0.0126    0.0654     4.8099    2.7452        0.0001
  ab_p[1,12]   -0.9913    0.3230     0.0114    0.0546     5.6596    1.9736        0.0001
  ab_p[2,12]   -0.5346    0.4896     0.0173    0.0908     4.6988    2.9764        0.0001
  ab_p[1,13]    0.5905    0.2383     0.0084    0.0360     6.8094    1.6358        0.0001
  ab_p[2,13]   -0.0507    0.1993     0.0070    0.0318     6.2225    1.7557        0.0001
  ab_p[1,14]    0.1339    0.1820     0.0064    0.0209    12.5708    1.2525        0.0002
  ab_p[2,14]    0.1596    0.5081     0.0180    0.0949     4.6456    3.1188        0.0001
  ab_p[1,15]    0.6042    0.2584     0.0091    0.0414     6.1567    1.7804        0.0001
  ab_p[2,15]    0.8643    1.5614     0.0552    0.2959     4.4788    3.7890        0.0001
  ab_p[1,16]   -0.1736    0.1685     0.0060    0.0187    16.4872    1.1753        0.0003
  ab_p[2,16]    0.7763    1.6180     0.0572    0.3065     4.4827    3.7671        0.0001
  ab_p[1,17]    0.5008    0.2075     0.0073    0.0298     7.6066    1.5091        0.0001
  ab_p[2,17]    0.1637    0.1014     0.0036    0.0039   683.3496    1.0017        0.0132
  ab_p[1,18]   -0.2576    0.1715     0.0061    0.0176    19.3268    1.1481        0.0004
  ab_p[2,18]   -0.4777    0.8409     0.0297    0.1585     4.5486    3.4535        0.0001
  ab_p[1,19]   -0.7187    0.2354     0.0083    0.0371     6.4377    1.6992        0.0001
  ab_p[2,19]   -0.9459    1.7659     0.0624    0.3345     4.5012    3.6688        0.0001
  ab_p[1,20]   -0.2172    0.1537     0.0054    0.0113    44.5366    1.0740        0.0009
  ab_p[2,20]   -0.0267    0.5979     0.0211    0.1120     4.5870    3.3105        0.0001
  ab_p[1,21]    0.7685    0.2735     0.0097    0.0450     5.8056    1.9182        0.0001
  ab_p[2,21]   -0.1290    0.2880     0.0102    0.0512     5.0696    2.3826        0.0001
  ab_p[1,22]    0.5844    0.3028     0.0107    0.0507     5.6008    2.0141        0.0001
  ab_p[2,22]    0.7346    1.5095     0.0534    0.2862     4.4886    3.7353        0.0001
  ab_p[1,23]    0.2681    0.1578     0.0056    0.0162    16.7719    1.1737        0.0003
  ab_p[2,23]    0.2623    0.2044     0.0072    0.0335     5.9080    1.8645        0.0001
  ab_p[1,24]   -0.0846    0.1375     0.0049    0.0060   460.4036    1.0035        0.0089
  ab_p[2,24]   -0.3431    0.9475     0.0335    0.1787     4.5329    3.5193        0.0001
      σ_e[1]    0.4260    0.5780     0.0204    0.0461    43.0411    1.0734        0.0008
      σ_e[2]    0.7130    0.8156     0.0288    0.1214     7.3340    1.5520        0.0001
    ρ_e[1,1]    1.0000    0.0000     0.0000    0.0000        NaN       NaN           NaN
    ρ_e[2,1]   -0.0423    0.4267     0.0151    0.0251   232.7179    1.0316        0.0045
    ρ_e[1,2]   -0.0423    0.4267     0.0151    0.0251   232.7179    1.0316        0.0045
    ρ_e[2,2]    1.0000    0.0000     0.0000    0.0000   812.6726    0.9950        0.0157
   ab_e[1,1]   -0.0426    0.1972     0.0070    0.0073   633.4544    1.0032        0.0122
   ab_e[2,1]   -0.4607    0.8912     0.0315    0.1674     4.4947    3.7818        0.0001
           σ   21.4647   61.4566     2.1728   11.7798     7.6776    1.5202        0.0001

Quantiles
  parameters      2.5%     25.0%     50.0%     75.0%      97.5%
      Symbol   Float64   Float64   Float64   Float64    Float64

      σ_w[1]    0.0631    0.1652    0.2924    0.7619     2.0341
      σ_w[2]    0.0372    0.1194    0.2822    1.3461     3.0171
    ρ_w[1,1]    1.0000    1.0000    1.0000    1.0000     1.0000
    ρ_w[2,1]   -0.8232   -0.4405   -0.2215    0.1676     0.7337
    ρ_w[1,2]   -0.8232   -0.4405   -0.2215    0.1676     0.7337
    ρ_w[2,2]    1.0000    1.0000    1.0000    1.0000     1.0000
   ab_w[1,1]   -0.4178   -0.0325    0.0592    0.1788     2.1391
   ab_w[2,1]   -0.3933   -0.0974   -0.0251    0.7858     3.1243
   ab_w[1,2]   -0.5999   -0.2370   -0.1601   -0.0737     0.1770
   ab_w[2,2]   -0.2428    0.0310    0.1050    0.9645     2.8084
      σ_p[1]    0.1174    0.5300    0.6015    0.6697     0.8437
      σ_p[2]    0.2190    0.2734    0.3088    0.3625     3.1247
    ρ_p[1,1]    1.0000    1.0000    1.0000    1.0000     1.0000
    ρ_p[2,1]    0.0788    0.3988    0.5592    0.6755     0.8133
    ρ_p[1,2]    0.0788    0.3988    0.5592    0.6755     0.8133
    ρ_p[2,2]    1.0000    1.0000    1.0000    1.0000     1.0000
   ab_p[1,1]   -0.5641   -0.3756   -0.2657   -0.1291    -0.0085
   ab_p[2,1]   -1.3880   -0.0460    0.0605    0.1452     0.2995
   ab_p[1,2]    0.0201    0.4162    0.5583    0.6696     0.8602
   ab_p[2,2]    0.0135    0.1077    0.1939    0.2774     0.4292
   ab_p[1,3]   -0.0387    0.1287    0.2515    0.3558     0.5442
   ab_p[2,3]   -2.6610    0.0860    0.1878    0.2661     0.4143
   ab_p[1,4]   -0.1387    0.0791    0.2010    0.3139     0.5035
   ab_p[2,4]   -0.3661   -0.2176   -0.1395   -0.0524     2.4663
   ab_p[1,5]   -0.3485   -0.1515   -0.0910    0.0236     0.2380
   ab_p[2,5]   -1.2069   -0.0769    0.0189    0.0951     0.2338
   ab_p[1,6]   -0.2434   -0.1141    0.0125    0.1282     0.3513
   ab_p[2,6]    0.4338    0.5686    0.6593    0.7593     2.0196
   ab_p[1,7]   -0.1069    0.0493    0.1825    0.2803     0.4933
   ab_p[2,7]   -0.1927   -0.0557    0.0208    0.1139     1.5534
   ab_p[1,8]   -0.0325    0.1212    0.2422    0.3512     0.5370
   ab_p[2,8]   -0.1207    0.0188    0.0888    0.1789     0.9126
   ab_p[1,9]   -1.0483   -0.8581   -0.7417   -0.6095    -0.0652
   ab_p[2,9]   -0.3112   -0.1615   -0.0727    0.0269     1.0476
  ab_p[1,10]   -0.9617   -0.7611   -0.6582   -0.5194    -0.0408
  ab_p[2,10]   -4.5852   -0.4951   -0.3928   -0.3100    -0.1690
  ab_p[1,11]   -1.7266   -1.5300   -1.4098   -1.2762     0.0319
  ab_p[2,11]   -0.9338   -0.7929   -0.7113   -0.6195     0.3667
  ab_p[1,12]   -1.3918   -1.1854   -1.0678   -0.9353    -0.1768
  ab_p[2,12]   -1.8890   -0.4806   -0.3767   -0.2942    -0.1517
  ab_p[1,13]    0.0694    0.5002    0.6255    0.7428     0.9553
  ab_p[2,13]   -0.5227   -0.1070   -0.0068    0.0788     0.2214
  ab_p[1,14]   -0.1622    0.0149    0.1446    0.2548     0.4764
  ab_p[2,14]   -0.2210   -0.0855    0.0026    0.0959     1.5792
  ab_p[1,15]   -0.0039    0.5306    0.6532    0.7636     0.9701
  ab_p[2,15]    0.0845    0.2324    0.3211    0.4162     5.2737
  ab_p[1,16]   -0.4657   -0.2940   -0.1798   -0.0636     0.1062
  ab_p[2,16]    0.0135    0.1327    0.2024    0.2974     5.3381
  ab_p[1,17]    0.0694    0.4025    0.5355    0.6421     0.8359
  ab_p[2,17]   -0.0491    0.0981    0.1753    0.2259     0.3520
  ab_p[1,18]   -0.5681   -0.3821   -0.2713   -0.1320     0.0261
  ab_p[2,18]   -2.8383   -0.2943   -0.1902   -0.1080     0.0447
  ab_p[1,19]   -1.0667   -0.8752   -0.7655   -0.6397    -0.1607
  ab_p[2,19]   -5.9240   -0.4195   -0.3273   -0.2502    -0.0896
  ab_p[1,20]   -0.5269   -0.3170   -0.2190   -0.0842     0.0501
  ab_p[2,20]   -0.4407   -0.2986   -0.2249   -0.1232     1.6434
  ab_p[1,21]    0.1103    0.7002    0.8265    0.9403     1.1428
  ab_p[2,21]   -0.8940   -0.1494   -0.0499    0.0357     0.1750
  ab_p[1,22]   -0.1714    0.5208    0.6579    0.7728     0.9637
  ab_p[2,22]   -0.0295    0.1266    0.2095    0.2988     4.9951
  ab_p[1,23]    0.0153    0.1439    0.2747    0.3754     0.5752
  ab_p[2,23]   -0.2340    0.2145    0.3019    0.3878     0.5458
  ab_p[1,24]   -0.3684   -0.1726   -0.0696   -0.0105     0.1765
  ab_p[2,24]   -3.0010   -0.1104   -0.0248    0.0608     0.1906
      σ_e[1]    0.0022    0.0515    0.2235    0.5739     2.0278
      σ_e[2]    0.0124    0.1417    0.4525    0.8211     3.0679
    ρ_e[1,1]    1.0000    1.0000    1.0000    1.0000     1.0000
    ρ_e[2,1]   -0.7901   -0.3360   -0.1089    0.3079     0.7562
    ρ_e[1,2]   -0.7901   -0.3360   -0.1089    0.3079     0.7562
    ρ_e[2,2]    1.0000    1.0000    1.0000    1.0000     1.0000
   ab_e[1,1]   -0.4554   -0.1318   -0.0085    0.0199     0.3474
   ab_e[2,1]   -2.6636   -0.8785   -0.0190    0.0553     0.3554
           σ    4.4014    4.4198    4.4300    4.4421   260.3750

