Running on host compute082.bc4.acrc.priv
Time is Thu Sep 28 16:53:07 BST 2023
Directory is /user/home/em18564/BC4/Bayes/experiments/ePNPPNP_noCov
Slurm job ID is 11956964
This job runs on the following machines:
compute082
    Updating registry at `~/.julia/registries/General.toml`
   Resolving package versions...
  No Changes to `~/.julia/environments/v1.8/Project.toml`
  No Changes to `~/.julia/environments/v1.8/Manifest.toml`
   Resolving package versions...
  No Changes to `~/.julia/environments/v1.8/Project.toml`
  No Changes to `~/.julia/environments/v1.8/Manifest.toml`
   Resolving package versions...
  No Changes to `~/.julia/environments/v1.8/Project.toml`
  No Changes to `~/.julia/environments/v1.8/Manifest.toml`
   Resolving package versions...
  No Changes to `~/.julia/environments/v1.8/Project.toml`
  No Changes to `~/.julia/environments/v1.8/Manifest.toml`
   Resolving package versions...
  No Changes to `~/.julia/environments/v1.8/Project.toml`
  No Changes to `~/.julia/environments/v1.8/Manifest.toml`
   Resolving package versions...
  No Changes to `~/.julia/environments/v1.8/Project.toml`
  No Changes to `~/.julia/environments/v1.8/Manifest.toml`
   Resolving package versions...
  No Changes to `~/.julia/environments/v1.8/Project.toml`
  No Changes to `~/.julia/environments/v1.8/Manifest.toml`
   Resolving package versions...
  No Changes to `~/.julia/environments/v1.8/Project.toml`
  No Changes to `~/.julia/environments/v1.8/Manifest.toml`
   Resolving package versions...
  No Changes to `~/.julia/environments/v1.8/Project.toml`
  No Changes to `~/.julia/environments/v1.8/Manifest.toml`
   Resolving package versions...
  No Changes to `~/.julia/environments/v1.8/Project.toml`
  No Changes to `~/.julia/environments/v1.8/Manifest.toml`
   Resolving package versions...
  No Changes to `~/.julia/environments/v1.8/Project.toml`
  No Changes to `~/.julia/environments/v1.8/Manifest.toml`
   Resolving package versions...
  No Changes to `~/.julia/environments/v1.8/Project.toml`
  No Changes to `~/.julia/environments/v1.8/Manifest.toml`
   Resolving package versions...
  No Changes to `~/.julia/environments/v1.8/Project.toml`
  No Changes to `~/.julia/environments/v1.8/Manifest.toml`
   Resolving package versions...
  No Changes to `~/.julia/environments/v1.8/Project.toml`
  No Changes to `~/.julia/environments/v1.8/Manifest.toml`
   Resolving package versions...
  No Changes to `~/.julia/environments/v1.8/Project.toml`
  No Changes to `~/.julia/environments/v1.8/Manifest.toml`
    Updating registry at `~/.julia/registries/General.toml`
   Resolving package versions...
  No Changes to `~/.julia/environments/v1.8/Project.toml`
  No Changes to `~/.julia/environments/v1.8/Manifest.toml`
   Resolving package versions...
  No Changes to `~/.julia/environments/v1.8/Project.toml`
  No Changes to `~/.julia/environments/v1.8/Manifest.toml`
   Resolving package versions...
  No Changes to `~/.julia/environments/v1.8/Project.toml`
  No Changes to `~/.julia/environments/v1.8/Manifest.toml`
   Resolving package versions...
  No Changes to `~/.julia/environments/v1.8/Project.toml`
  No Changes to `~/.julia/environments/v1.8/Manifest.toml`
   Resolving package versions...
  No Changes to `~/.julia/environments/v1.8/Project.toml`
  No Changes to `~/.julia/environments/v1.8/Manifest.toml`
   Resolving package versions...
  No Changes to `~/.julia/environments/v1.8/Project.toml`
  No Changes to `~/.julia/environments/v1.8/Manifest.toml`
   Resolving package versions...
  No Changes to `~/.julia/environments/v1.8/Project.toml`
  No Changes to `~/.julia/environments/v1.8/Manifest.toml`
   Resolving package versions...
  No Changes to `~/.julia/environments/v1.8/Project.toml`
  No Changes to `~/.julia/environments/v1.8/Manifest.toml`
   Resolving package versions...
  No Changes to `~/.julia/environments/v1.8/Project.toml`
  No Changes to `~/.julia/environments/v1.8/Manifest.toml`
   Resolving package versions...
  No Changes to `~/.julia/environments/v1.8/Project.toml`
  No Changes to `~/.julia/environments/v1.8/Manifest.toml`
   Resolving package versions...
  No Changes to `~/.julia/environments/v1.8/Project.toml`
  No Changes to `~/.julia/environments/v1.8/Manifest.toml`
   Resolving package versions...
  No Changes to `~/.julia/environments/v1.8/Project.toml`
  No Changes to `~/.julia/environments/v1.8/Manifest.toml`
   Resolving package versions...
  No Changes to `~/.julia/environments/v1.8/Project.toml`
  No Changes to `~/.julia/environments/v1.8/Manifest.toml`
Sampling (4 threads)   0%|                              |  ETA: N/A
┌ Info: Found initial step size
└   ϵ = 0.0015625
┌ Info: Found initial step size
└   ϵ = 0.00078125
┌ Info: Found initial step size
└   ϵ = 0.0015625
┌ Info: Found initial step size
└   ϵ = 0.00078125
Sampling (4 threads)  25%|███████▌                      |  ETA: 4:31:14
Sampling (4 threads)  50%|███████████████               |  ETA: 1:30:25
Sampling (4 threads)  75%|██████████████████████▌       |  ETA: 0:30:08
Sampling (4 threads) 100%|██████████████████████████████| Time: 1:31:19
Sampling (4 threads) 100%|██████████████████████████████| Time: 1:31:19
Chains MCMC chain (250×74×4 Array{Float64, 3}):

Iterations        = 126:1:375
Number of chains  = 4
Samples per chain = 250
Wall duration     = 5459.75 seconds
Compute duration  = 15154.95 seconds
parameters        = a_w_s1[1], a_w_s1[2], b_w_s1[1], b_w_s1[2], a_p_s1[1], a_p_s1[2], a_p_s1[3], a_p_s1[4], a_p_s1[5], a_p_s1[6], a_p_s1[7], a_p_s1[8], a_p_s1[9], a_p_s1[10], a_p_s1[11], a_p_s1[12], b_p_s1[1], b_p_s1[2], b_p_s1[3], b_p_s1[4], b_p_s1[5], b_p_s1[6], b_p_s1[7], b_p_s1[8], b_p_s1[9], b_p_s1[10], b_p_s1[11], b_p_s1[12], a_e_e, b_e_e, a_w_s2[1], a_w_s2[2], b_w_s2[1], b_w_s2[2], a_p_s2[1], a_p_s2[2], a_p_s2[3], a_p_s2[4], a_p_s2[5], a_p_s2[6], a_p_s2[7], a_p_s2[8], a_p_s2[9], a_p_s2[10], a_p_s2[11], a_p_s2[12], b_p_s2[1], b_p_s2[2], b_p_s2[3], b_p_s2[4], b_p_s2[5], b_p_s2[6], b_p_s2[7], b_p_s2[8], b_p_s2[9], b_p_s2[10], b_p_s2[11], b_p_s2[12], a_e_p, b_e_p, σ_ePNP, σ_pNP
internals         = lp, n_steps, is_accept, acceptance_rate, log_density, hamiltonian_energy, hamiltonian_energy_error, max_hamiltonian_energy_error, tree_depth, numerical_error, step_size, nom_step_size

Summary Statistics
  parameters      mean       std   naive_se      mcse         ess      rhat   ess_per_sec
      Symbol   Float64   Float64    Float64   Float64     Float64   Float64       Float64

   a_w_s1[1]   -0.0726    0.5651     0.0179    0.0646     28.2558    1.1267        0.0019
   a_w_s1[2]   -0.1871    0.5683     0.0180    0.0647     27.5457    1.1278        0.0018
   b_w_s1[1]   -0.1521    0.2821     0.0089    0.0238     84.7235    1.0493        0.0056
   b_w_s1[2]    0.0657    0.2843     0.0090    0.0241    102.4286    1.0443        0.0068
   a_p_s1[1]   -0.0692    0.2776     0.0088    0.0237    121.9953    1.0146        0.0080
   a_p_s1[2]    0.8281    0.2741     0.0087    0.0233    126.6536    1.0114        0.0084
   a_p_s1[3]    0.5145    0.2754     0.0087    0.0240    117.2817    1.0157        0.0077
   a_p_s1[4]    0.4860    0.2828     0.0089    0.0239    125.0267    1.0124        0.0082
   a_p_s1[5]    0.1650    0.2756     0.0087    0.0236    118.8676    1.0159        0.0078
   a_p_s1[6]    0.2380    0.2784     0.0088    0.0239    123.7470    1.0134        0.0082
   a_p_s1[7]    0.4377    0.2748     0.0087    0.0235    121.4777    1.0142        0.0080
   a_p_s1[8]    0.5086    0.2849     0.0090    0.0248    118.5761    1.0110        0.0078
   a_p_s1[9]   -0.5616    0.2822     0.0089    0.0240    123.6755    1.0123        0.0082
  a_p_s1[10]   -0.4483    0.2729     0.0086    0.0232    121.1630    1.0121        0.0080
  a_p_s1[11]   -1.2148    0.2748     0.0087    0.0228    126.7298    1.0135        0.0084
  a_p_s1[12]   -0.8865    0.2779     0.0088    0.0234    121.6201    1.0128        0.0080
   b_p_s1[1]    0.1426    0.1648     0.0052    0.0108    241.4023    1.0182        0.0159
   b_p_s1[2]    0.2574    0.1703     0.0054    0.0103    267.3378    1.0126        0.0176
   b_p_s1[3]    0.2521    0.1657     0.0052    0.0107    235.6113    1.0190        0.0155
   b_p_s1[4]   -0.1662    0.1638     0.0052    0.0104    241.9207    1.0151        0.0160
   b_p_s1[5]    0.0793    0.1642     0.0052    0.0104    226.8678    1.0144        0.0150
   b_p_s1[6]    0.7801    0.1630     0.0052    0.0102    241.6370    1.0219        0.0159
   b_p_s1[7]    0.0338    0.1635     0.0052    0.0105    239.1255    1.0201        0.0158
   b_p_s1[8]    0.1046    0.1657     0.0052    0.0103    239.6306    1.0214        0.0158
   b_p_s1[9]   -0.0272    0.1664     0.0053    0.0108    229.1007    1.0177        0.0151
  b_p_s1[10]   -0.3659    0.1628     0.0051    0.0102    247.2466    1.0168        0.0163
  b_p_s1[11]   -0.7246    0.1663     0.0053    0.0107    218.1964    1.0218        0.0144
  b_p_s1[12]   -0.3168    0.1707     0.0054    0.0105    250.4135    1.0143        0.0165
       a_e_e   -0.1929    0.6029     0.0191    0.0670     23.7464    1.1259        0.0016
       b_e_e    0.0611    0.2977     0.0094    0.0266     61.8575    1.0588        0.0041
   a_w_s2[1]    0.2357    0.6365     0.0201    0.0738     22.3002    1.1298        0.0015
   a_w_s2[2]   -0.0264    0.6403     0.0202    0.0739     22.3891    1.1291        0.0015
   b_w_s2[1]   -0.0909    0.2834     0.0090    0.0179    229.5115    1.0200        0.0151
   b_w_s2[2]    0.1326    0.2861     0.0090    0.0177    240.0792    1.0169        0.0158
   a_p_s2[1]   -0.5457    0.2891     0.0091    0.0280    101.6065    1.0114        0.0067
   a_p_s2[2]    0.4902    0.2900     0.0092    0.0282    102.5014    1.0068        0.0068
   a_p_s2[3]   -0.3839    0.2906     0.0092    0.0278    101.2158    1.0128        0.0067
   a_p_s2[4]    0.7924    0.2870     0.0091    0.0278     99.8314    1.0097        0.0066
   a_p_s2[5]    0.1027    0.2935     0.0093    0.0278    103.5882    1.0095        0.0068
   a_p_s2[6]   -0.9916    0.2861     0.0090    0.0277    104.2075    1.0089        0.0069
   a_p_s2[7]    0.3024    0.2869     0.0091    0.0278    101.1265    1.0129        0.0067
   a_p_s2[8]    0.8801    0.2878     0.0091    0.0274    105.7933    1.0088        0.0070
   a_p_s2[9]   -0.3268    0.2907     0.0092    0.0282    103.9637    1.0078        0.0069
  a_p_s2[10]   -0.1808    0.2853     0.0090    0.0274    102.6593    1.0081        0.0068
  a_p_s2[11]    0.4177    0.2909     0.0092    0.0279    102.5367    1.0084        0.0068
  a_p_s2[12]    0.1102    0.2852     0.0090    0.0276     99.0319    1.0095        0.0065
   b_p_s2[1]    0.1891    0.1591     0.0050    0.0100    217.9805    1.0134        0.0144
   b_p_s2[2]    0.6666    0.1618     0.0051    0.0098    215.3866    1.0138        0.0142
   b_p_s2[3]    0.1370    0.1625     0.0051    0.0097    244.7417    1.0140        0.0161
   b_p_s2[4]   -0.0901    0.1547     0.0049    0.0093    265.3529    1.0110        0.0175
   b_p_s2[5]    0.1020    0.1637     0.0052    0.0106    218.9566    1.0142        0.0144
   b_p_s2[6]    0.5241    0.1606     0.0051    0.0106    186.2994    1.0175        0.0123
   b_p_s2[7]    0.0759    0.1639     0.0052    0.0105    208.0262    1.0186        0.0137
   b_p_s2[8]    0.2048    0.1528     0.0048    0.0102    171.2945    1.0173        0.0113
   b_p_s2[9]   -0.1741    0.1594     0.0050    0.0102    192.3645    1.0171        0.0127
  b_p_s2[10]   -0.4161    0.1543     0.0049    0.0106    188.7447    1.0220        0.0125
  b_p_s2[11]   -0.7540    0.1599     0.0051    0.0101    234.6848    1.0127        0.0155
  b_p_s2[12]   -0.2909    0.1596     0.0050    0.0097    211.5303    1.0148        0.0140
       a_e_p    0.2787    0.6514     0.0206    0.0752     22.2903    1.1369        0.0015
       b_e_p    0.0222    0.2956     0.0093    0.0149    281.1522    1.0077        0.0186
      σ_ePNP    4.0383    0.0211     0.0007    0.0006   1005.0636    0.9988        0.0663
       σ_pNP    4.4117    0.0201     0.0006    0.0007    907.5196    1.0014        0.0599

Quantiles
  parameters      2.5%     25.0%     50.0%     75.0%     97.5%
      Symbol   Float64   Float64   Float64   Float64   Float64

   a_w_s1[1]   -1.1819   -0.4108   -0.0983    0.3406    0.9734
   a_w_s1[2]   -1.2903   -0.5428   -0.1995    0.2196    0.8706
   b_w_s1[1]   -0.7201   -0.3341   -0.1438    0.0434    0.3665
   b_w_s1[2]   -0.5087   -0.1353    0.0799    0.2603    0.5966
   a_p_s1[1]   -0.6027   -0.2633   -0.0624    0.1260    0.4331
   a_p_s1[2]    0.3065    0.6373    0.8292    1.0240    1.3623
   a_p_s1[3]   -0.0298    0.3244    0.5207    0.7074    1.0354
   a_p_s1[4]   -0.0553    0.2751    0.4751    0.7015    1.0230
   a_p_s1[5]   -0.3568   -0.0245    0.1620    0.3604    0.7024
   a_p_s1[6]   -0.3042    0.0447    0.2434    0.4259    0.7471
   a_p_s1[7]   -0.0731    0.2388    0.4418    0.6345    0.9493
   a_p_s1[8]   -0.0099    0.2995    0.5086    0.7104    1.0432
   a_p_s1[9]   -1.1175   -0.7649   -0.5599   -0.3669   -0.0198
  a_p_s1[10]   -0.9604   -0.6411   -0.4510   -0.2559    0.0748
  a_p_s1[11]   -1.7389   -1.4211   -1.2052   -1.0205   -0.7057
  a_p_s1[12]   -1.4354   -1.0841   -0.8797   -0.6843   -0.3692
   b_p_s1[1]   -0.1616    0.0294    0.1379    0.2478    0.4746
   b_p_s1[2]   -0.0625    0.1471    0.2495    0.3656    0.5921
   b_p_s1[3]   -0.0533    0.1392    0.2405    0.3653    0.6012
   b_p_s1[4]   -0.4768   -0.2732   -0.1694   -0.0604    0.1705
   b_p_s1[5]   -0.2365   -0.0291    0.0789    0.1807    0.4146
   b_p_s1[6]    0.4680    0.6712    0.7761    0.8899    1.1290
   b_p_s1[7]   -0.2670   -0.0751    0.0232    0.1412    0.3657
   b_p_s1[8]   -0.2148   -0.0065    0.1003    0.2142    0.4624
   b_p_s1[9]   -0.3473   -0.1443   -0.0321    0.0862    0.2977
  b_p_s1[10]   -0.6714   -0.4724   -0.3754   -0.2641   -0.0298
  b_p_s1[11]   -1.0261   -0.8375   -0.7269   -0.6190   -0.3863
  b_p_s1[12]   -0.6404   -0.4303   -0.3194   -0.2039    0.0277
       a_e_e   -1.4737   -0.6174   -0.2033    0.1959    0.9728
       b_e_e   -0.5182   -0.1324    0.0695    0.2622    0.6402
   a_w_s2[1]   -1.0727   -0.1829    0.2948    0.6956    1.4190
   a_w_s2[2]   -1.3111   -0.4622    0.0432    0.4288    1.1605
   b_w_s2[1]   -0.6473   -0.2853   -0.0859    0.0896    0.4602
   b_w_s2[2]   -0.4338   -0.0567    0.1432    0.3228    0.6957
   a_p_s2[1]   -1.1161   -0.7267   -0.5453   -0.3361    0.0045
   a_p_s2[2]   -0.0766    0.2886    0.4871    0.6905    1.0474
   a_p_s2[3]   -0.9492   -0.5700   -0.3714   -0.1842    0.1766
   a_p_s2[4]    0.2375    0.5941    0.7986    0.9901    1.3202
   a_p_s2[5]   -0.4688   -0.0999    0.1057    0.3124    0.6426
   a_p_s2[6]   -1.5307   -1.1883   -0.9897   -0.7987   -0.4212
   a_p_s2[7]   -0.2478    0.1067    0.2991    0.5080    0.8410
   a_p_s2[8]    0.3053    0.6871    0.8830    1.0700    1.4385
   a_p_s2[9]   -0.8844   -0.5138   -0.3378   -0.1165    0.2268
  a_p_s2[10]   -0.7488   -0.3713   -0.1749    0.0241    0.3667
  a_p_s2[11]   -0.1422    0.2155    0.4279    0.6300    0.9788
  a_p_s2[12]   -0.4289   -0.0783    0.1160    0.3076    0.6455
   b_p_s2[1]   -0.1438    0.0884    0.1913    0.2904    0.5027
   b_p_s2[2]    0.3360    0.5591    0.6667    0.7734    0.9916
   b_p_s2[3]   -0.1840    0.0266    0.1395    0.2405    0.4626
   b_p_s2[4]   -0.4107   -0.1970   -0.0860    0.0195    0.2024
   b_p_s2[5]   -0.2209   -0.0092    0.1006    0.2123    0.4220
   b_p_s2[6]    0.2076    0.4226    0.5257    0.6303    0.8315
   b_p_s2[7]   -0.2357   -0.0352    0.0743    0.1941    0.3915
   b_p_s2[8]   -0.0942    0.1027    0.2015    0.3029    0.5141
   b_p_s2[9]   -0.4730   -0.2761   -0.1769   -0.0680    0.1502
  b_p_s2[10]   -0.7292   -0.5135   -0.4106   -0.3144   -0.1227
  b_p_s2[11]   -1.0744   -0.8611   -0.7601   -0.6398   -0.4470
  b_p_s2[12]   -0.6134   -0.3912   -0.2917   -0.1869    0.0169
       a_e_p   -0.8926   -0.2032    0.2599    0.7364    1.5564
       b_e_p   -0.5540   -0.1737    0.0198    0.2247    0.5909
      σ_ePNP    3.9990    4.0230    4.0382    4.0541    4.0785
       σ_pNP    4.3744    4.3974    4.4114    4.4254    4.4521

