cpu-bind=MASK - bp1-compute056, task  0  0 [2047270]: mask 0xc00000c set
Running on host bp1-compute058
Time is Thu May 21 17:25:59 BST 2026
Directory is /user/home/em18564/bayesian/BC4/Bayes/wordType_experiments/models/9_partial_pooling
Slurm job ID is 17421840
This job runs on the following machines:
Running on host bp1-compute058
Running on host bp1-compute058
Time is Thu May 21 17:25:59 BST 2026
bp1-compute058
Running on host bp1-compute056
Time is Thu May 21 17:25:59 BST 2026
Directory is /user/home/em18564/bayesian/BC4/Bayes/wordType_experiments/models/9_partial_pooling
Time is Thu May 21 17:25:59 BST 2026
Slurm job ID is 17421839
Directory is /user/home/em18564/bayesian/BC4/Bayes/wordType_experiments/models/9_partial_pooling
This job runs on the following machines:
Slurm job ID is 17421778
This job runs on the following machines:
Directory is /user/home/em18564/bayesian/BC4/Bayes/wordType_experiments/models/9_partial_pooling
bp1-compute058
bp1-compute058
Slurm job ID is 17421838
This job runs on the following machines:
bp1-compute056
slurmstepd: error: *** JOB 17421775 ON bp1-compute015 CANCELLED AT 2026-05-24T17:23:11 DUE TO TIME LIMIT ***
slurmstepd: error: *** JOB 17421777 ON bp1-compute016 CANCELLED AT 2026-05-24T17:23:11 DUE TO TIME LIMIT ***
slurmstepd: error: *** JOB 17421776 ON bp1-compute015 CANCELLED AT 2026-05-24T17:23:11 DUE TO TIME LIMIT ***
slurmstepd: error: *** JOB 17421774 ON bp1-compute016 CANCELLED AT 2026-05-24T17:23:11 DUE TO TIME LIMIT ***
slurmstepd: error: *** JOB 17421838 ON bp1-compute056 CANCELLED AT 2026-05-24T17:26:11 DUE TO TIME LIMIT ***
slurmstepd: error: *** JOB 17421839 ON bp1-compute058 CANCELLED AT 2026-05-24T17:26:11 DUE TO TIME LIMIT ***
slurmstepd: error: *** JOB 17421778 ON bp1-compute058 CANCELLED AT 2026-05-24T17:26:11 DUE TO TIME LIMIT ***
slurmstepd: error: *** JOB 17421840 ON bp1-compute058 CANCELLED AT 2026-05-24T17:26:11 DUE TO TIME LIMIT ***
