Running on host compute083.bc4.acrc.priv
Time is Fri May 31 15:43:49 BST 2024
Directory is /user/home/em18564/BC4/Bayes/experiments/MLM_mult_a_sep
Slurm job ID is 10000389
This job runs on the following machines:
compute083
   Resolving package versions...
  No Changes to `~/.julia/environments/v1.10/Project.toml`
  No Changes to `~/.julia/environments/v1.10/Manifest.toml`
   Resolving package versions...
  No Changes to `~/.julia/environments/v1.10/Project.toml`
  No Changes to `~/.julia/environments/v1.10/Manifest.toml`
   Resolving package versions...
  No Changes to `~/.julia/environments/v1.10/Project.toml`
  No Changes to `~/.julia/environments/v1.10/Manifest.toml`
   Resolving package versions...
    Updating `~/.julia/environments/v1.10/Project.toml`
  [f3b207a7] + StatsPlots v0.15.7
    Updating `~/.julia/environments/v1.10/Manifest.toml`
  [621f4979] + AbstractFFTs v1.5.0
  [79e6a3ab] + Adapt v4.0.4
  [7d9fca2a] + Arpack v0.5.4
  [13072b0f] + AxisAlgorithms v1.1.0
  [d1d4a3ce] + BitFlags v0.1.8
  [d360d2e6] + ChainRulesCore v1.23.0
  [aaaa29a8] + Clustering v0.15.7
  [944b1d66] + CodecZlib v0.7.4
  [35d6a980] + ColorSchemes v3.25.0
  [3da002f7] + ColorTypes v0.11.5
  [c3611d14] + ColorVectorSpace v0.10.0
  [5ae59095] + Colors v0.12.11
  [f0e56b4a] + ConcurrentUtilities v2.4.1
  [d38c429a] + Contour v0.6.3
  [e2d170a0] + DataValueInterfaces v1.0.0
  [8bb1440f] + DelimitedFiles v1.9.1
  [b4f34e82] + Distances v0.10.11
  [460bff9d] + ExceptionUnwrapping v0.1.10
  [c87230d0] + FFMPEG v0.4.1
  [7a1cc6ca] + FFTW v1.8.0
  [53c48c17] + FixedPointNumbers v0.8.5
  [1fa38f19] + Format v1.3.7
  [28b8d3ca] + GR v0.73.5
  [42e2da0e] + Grisu v1.0.2
  [cd3eb016] + HTTP v1.10.8
  [a98d9a8b] + Interpolations v0.15.1
  [82899510] + IteratorInterfaceExtensions v1.0.0
  [1019f520] + JLFzf v0.1.7
  [682c06a0] + JSON v0.21.4
  [5ab0869b] + KernelDensity v0.6.9
  [b964fa9f] + LaTeXStrings v1.3.1
  [23fbe1c1] + Latexify v0.16.3
  [e6f89c97] + LoggingExtras v1.0.3
  [1914dd2f] + MacroTools v0.5.13
  [739be429] + MbedTLS v1.1.9
  [442fdcdd] + Measures v0.3.2
  [6f286f6a] + MultivariateStats v0.10.2
  [b8a86587] + NearestNeighbors v0.4.16
  [510215fc] + Observables v0.5.5
  [6fe1bfb0] + OffsetArrays v1.14.0
  [4d8831e6] + OpenSSL v1.4.3
  [69de0a69] + Parsers v2.8.1
  [b98c9c47] + Pipe v1.3.0
  [ccf2f8ad] + PlotThemes v3.2.0
  [995b91a9] + PlotUtils v1.4.1
  [91a5bcdd] + Plots v1.40.4
  [aea7be01] + PrecompileTools v1.2.1
  [c84ed2f1] + Ratios v0.4.5
  [3cdcf5f2] + RecipesBase v1.3.4
  [01d81517] + RecipesPipeline v0.6.12
  [05181044] + RelocatableFolders v1.0.1
  [ae029012] + Requires v1.3.0
  [6c6a2e73] + Scratch v1.2.1
  [91c51154] + SentinelArrays v1.4.3
  [992d4aef] + Showoff v1.0.3
  [777ac1f9] + SimpleBufferStream v1.1.0
  [90137ffa] + StaticArrays v1.9.4
  [1e83bf80] + StaticArraysCore v1.4.2
  [f3b207a7] + StatsPlots v0.15.7
  [ab02a1b2] + TableOperations v1.2.0
  [3783bdb8] + TableTraits v1.0.1
  [bd369af6] + Tables v1.11.1
  [62fd8b95] + TensorCore v0.1.1
  [3bb67fe8] + TranscodingStreams v0.10.8
  [5c2747f8] + URIs v1.5.1
  [1cfade01] + UnicodeFun v0.4.1
  [1986cc42] + Unitful v1.20.0
  [45397f5d] + UnitfulLatexify v1.6.3
  [41fe7b60] + Unzip v0.2.0
  [cc8bc4a8] + Widgets v0.6.6
  [efce3f68] + WoodburyMatrices v1.0.0
⌅ [68821587] + Arpack_jll v3.5.1+1
  [6e34b625] + Bzip2_jll v1.0.8+1
  [83423d85] + Cairo_jll v1.18.0+2
  [2702e6a9] + EpollShim_jll v0.0.20230411+0
  [2e619515] + Expat_jll v2.6.2+0
⌅ [b22a6f82] + FFMPEG_jll v4.4.4+1
  [f5851436] + FFTW_jll v3.3.10+0
  [a3f928ae] + Fontconfig_jll v2.13.96+0
  [d7e528f0] + FreeType2_jll v2.13.2+0
  [559328eb] + FriBidi_jll v1.0.14+0
  [0656b61e] + GLFW_jll v3.3.9+0
  [d2c73de3] + GR_jll v0.73.5+0
  [78b55507] + Gettext_jll v0.21.0+0
  [7746bdde] + Glib_jll v2.80.2+0
  [3b182d85] + Graphite2_jll v1.3.14+0
  [2e76f6c2] + HarfBuzz_jll v2.8.1+1
  [1d5cc7b8] + IntelOpenMP_jll v2024.1.0+0
  [aacddb02] + JpegTurbo_jll v3.0.3+0
  [c1c5ebd0] + LAME_jll v3.100.2+0
⌅ [88015f11] + LERC_jll v3.0.0+1
  [1d63c593] + LLVMOpenMP_jll v15.0.7+0
  [dd4b983a] + LZO_jll v2.10.2+0
⌅ [e9f186c6] + Libffi_jll v3.2.2+1
  [d4300ac3] + Libgcrypt_jll v1.8.11+0
  [7e76a0d4] + Libglvnd_jll v1.6.0+0
  [7add5ba3] + Libgpg_error_jll v1.49.0+0
  [94ce4f54] + Libiconv_jll v1.17.0+0
  [4b2f31a3] + Libmount_jll v2.40.1+0
⌅ [89763e89] + Libtiff_jll v4.5.1+1
  [38a345b3] + Libuuid_jll v2.40.1+0
  [856f044c] + MKL_jll v2024.1.0+0
  [e7412a2a] + Ogg_jll v1.3.5+1
  [458c3c95] + OpenSSL_jll v3.0.13+1
  [91d4177d] + Opus_jll v1.3.2+0
  [30392449] + Pixman_jll v0.43.4+0
⌅ [c0090381] + Qt6Base_jll v6.5.3+1
  [a44049a8] + Vulkan_Loader_jll v1.3.243+0
  [a2964d1f] + Wayland_jll v1.21.0+1
  [2381bf8a] + Wayland_protocols_jll v1.31.0+0
  [02c8fc9c] + XML2_jll v2.12.7+0
  [aed1982a] + XSLT_jll v1.1.34+0
  [ffd25f8a] + XZ_jll v5.4.6+0
  [f67eecfb] + Xorg_libICE_jll v1.1.1+0
  [c834827a] + Xorg_libSM_jll v1.2.4+0
  [4f6342f7] + Xorg_libX11_jll v1.8.6+0
  [0c0b7dd1] + Xorg_libXau_jll v1.0.11+0
  [935fb764] + Xorg_libXcursor_jll v1.2.0+4
  [a3789734] + Xorg_libXdmcp_jll v1.1.4+0
  [1082639a] + Xorg_libXext_jll v1.3.6+0
  [d091e8ba] + Xorg_libXfixes_jll v5.0.3+4
  [a51aa0fd] + Xorg_libXi_jll v1.7.10+4
  [d1454406] + Xorg_libXinerama_jll v1.1.4+4
  [ec84b674] + Xorg_libXrandr_jll v1.5.2+4
  [ea2f1a96] + Xorg_libXrender_jll v0.9.11+0
  [14d82f49] + Xorg_libpthread_stubs_jll v0.1.1+0
  [c7cfdc94] + Xorg_libxcb_jll v1.15.0+0
  [cc61e674] + Xorg_libxkbfile_jll v1.1.2+0
  [e920d4aa] + Xorg_xcb_util_cursor_jll v0.1.4+0
  [12413925] + Xorg_xcb_util_image_jll v0.4.0+1
  [2def613f] + Xorg_xcb_util_jll v0.4.0+1
  [975044d2] + Xorg_xcb_util_keysyms_jll v0.4.0+1
  [0d47668e] + Xorg_xcb_util_renderutil_jll v0.3.9+1
  [c22f9ab0] + Xorg_xcb_util_wm_jll v0.4.1+1
  [35661453] + Xorg_xkbcomp_jll v1.4.6+0
  [33bec58e] + Xorg_xkeyboard_config_jll v2.39.0+0
  [c5fb5394] + Xorg_xtrans_jll v1.5.0+0
  [3161d3a3] + Zstd_jll v1.5.6+0
  [35ca27e7] + eudev_jll v3.2.9+0
⌅ [214eeab7] + fzf_jll v0.43.0+0
  [1a1c6b14] + gperf_jll v3.1.1+0
  [a4ae2306] + libaom_jll v3.9.0+0
  [0ac62f75] + libass_jll v0.15.1+0
  [2db6ffa8] + libevdev_jll v1.11.0+0
  [f638f0a6] + libfdk_aac_jll v2.0.2+0
  [36db933b] + libinput_jll v1.18.0+0
  [b53b4c65] + libpng_jll v1.6.43+1
  [f27f6e37] + libvorbis_jll v1.3.7+1
  [009596ad] + mtdev_jll v1.1.6+0
  [1317d2d5] + oneTBB_jll v2021.12.0+0
  [1270edf5] + x264_jll v2021.5.5+0
  [dfaa095f] + x265_jll v3.5.0+0
  [d8fb68d0] + xkbcommon_jll v1.4.1+1
  [8ba89e20] + Distributed
  [4af54fe1] + LazyArtifacts
  [a63ad114] + Mmap
  [1a1011a3] + SharedArrays
  [8dfed614] + Test
  [efcefdf7] + PCRE2_jll v10.42.0+1
        Info Packages marked with ⌅ have new versions available but compatibility constraints restrict them from upgrading. To see why use `status --outdated -m`
Precompiling project...
  ✓ IteratorInterfaceExtensions
  ✓ Pipe
  ✓ LaTeXStrings
  ✓ Contour
  ✓ AbstractFFTs
  ✓ Requires
  ✓ Observables
  ✓ TensorCore
  ✓ Measures
  ✓ DataValueInterfaces
  ✓ Grisu
  ✓ ConcurrentUtilities
  ✓ OffsetArrays
  ✓ MbedTLS
  ✓ Unzip
  ✓ Format
  ✓ SentinelArrays
  ✓ SimpleBufferStream
  ✓ URIs
  ✓ Ratios
  ✓ ExceptionUnwrapping
  ✓ Adapt
  ✓ Showoff
  ✓ DelimitedFiles
  ✓ Scratch
  ✓ PrecompileTools
  ✓ BitFlags
  ✓ StaticArraysCore
  ✓ MacroTools
  ✓ EpollShim_jll
  ✓ LoggingExtras
  ✓ OpenSSL_jll
  ✓ Graphite2_jll
  ✓ Libmount_jll
  ✓ Xorg_libICE_jll
  ✓ Xorg_libXau_jll
  ✓ LLVMOpenMP_jll
  ✓ WoodburyMatrices
  ✓ libpng_jll
  ✓ RelocatableFolders
  ✓ Bzip2_jll
  ✓ LERC_jll
  ✓ LAME_jll
  ✓ IntelOpenMP_jll
  ✓ JpegTurbo_jll
  ✓ fzf_jll
  ✓ ChainRulesCore
  ✓ XZ_jll
  ✓ Ogg_jll
  ✓ Xorg_libSM_jll
  ✓ gperf_jll
  ✓ oneTBB_jll
  ✓ mtdev_jll
  ✓ AxisAlgorithms
  ✓ x265_jll
  ✓ Expat_jll
  ✓ Xorg_libXdmcp_jll
  ✓ Pixman_jll
  ✓ LZO_jll
  ✓ Zstd_jll
  ✓ Opus_jll
  ✓ libevdev_jll
    Unitful Being precompiled by another machine (hostname: compute082.bc4.acrc.priv, pid: 1964845, pidfile: /user/home/em18564/.julia/compiled/v1.10/Unitful/5WYj5_4RpdW.ji.pidfile)
  ✓ Xorg_xtrans_jll
  ✓ Libffi_jll
  ✓ JLFzf
    Parsers Being precompiled by another machine (hostname: compute082.bc4.acrc.priv, pid: 1964845, pidfile: /user/home/em18564/.julia/compiled/v1.10/Parsers/833b9_4RpdW.ji.pidfile)
  ✓ Libgpg_error_jll
  ✓ Wayland_protocols_jll
  ✓ eudev_jll
  ✓ Xorg_libpthread_stubs_jll
  ✓ Libuuid_jll
    StaticArrays Being precompiled by another machine (hostname: compute082.bc4.acrc.priv, pid: 1964845, pidfile: /user/home/em18564/.julia/compiled/v1.10/StaticArrays/yY9vm_4RpdW.ji.pidfile)
    Latexify Being precompiled by another machine (hostname: compute080.bc4.acrc.priv, pid: 1980372, pidfile: /user/home/em18564/.julia/compiled/v1.10/Latexify/AItXo_4RpdW.ji.pidfile)
    OpenSSL Being precompiled by another machine (hostname: compute080.bc4.acrc.priv, pid: 1980372, pidfile: /user/home/em18564/.julia/compiled/v1.10/OpenSSL/B4VRP_4RpdW.ji.pidfile)
  ✓ FriBidi_jll
  ✓ TableTraits
  ✓ UnicodeFun
  ✓ Distances
  ✓ TranscodingStreams
  ✓ libfdk_aac_jll
  ✓ Libtiff_jll
  ✓ Libgcrypt_jll
  ✓ Arpack_jll
  ✓ libinput_jll
  ✓ FreeType2_jll
  ✓ AbstractFFTs → AbstractFFTsChainRulesCoreExt
  ✓ RecipesBase
  ✓ ChainRulesCore → ChainRulesCoreSparseArraysExt
  ✓ Libiconv_jll
  ✓ libvorbis_jll
  ✓ FFTW_jll
  ✓ x264_jll
  ✓ OffsetArrays → OffsetArraysAdaptExt
  ✓ libaom_jll
  ✓ TranscodingStreams → TestExt
  ✓ FixedPointNumbers
  ✓ Distances → DistancesSparseArraysExt
  ✓ LogExpFunctions → LogExpFunctionsChainRulesCoreExt
  ✓ Arpack
  ✓ Tables
    TableOperations Being precompiled by another machine (hostname: compute080.bc4.acrc.priv, pid: 1980372, pidfile: /user/home/em18564/.julia/compiled/v1.10/TableOperations/5GGWt_4RpdW.ji.pidfile)
  ✓ XML2_jll
  ✓ CodecZlib
  ✓ Fontconfig_jll
  ✓ Ratios → RatiosFixedPointNumbersExt
  ✓ AbstractFFTs → AbstractFFTsTestExt
  ✓ Gettext_jll
  ✓ XSLT_jll
  ✓ MultivariateStats
  ✓ SpecialFunctions → SpecialFunctionsChainRulesCoreExt
  ✓ Distances → DistancesChainRulesCoreExt
  ✓ Wayland_jll
  ✓ ColorTypes
  ✓ StaticArrays
  ✓ OpenSSL
  ✓ Glib_jll
  ✓ StaticArrays → StaticArraysStatisticsExt
  ✓ Adapt → AdaptStaticArraysExt
  ✓ ColorVectorSpace
  ✓ StatsFuns → StatsFunsChainRulesCoreExt
  ✓ StaticArrays → StaticArraysChainRulesCoreExt
  ✓ Colors
  ✓ Distributions → DistributionsTestExt
  ✓ HTTP
  ✓ NearestNeighbors
  ✓ Interpolations
  ✓ Parsers
    JSON Being precompiled by another machine (hostname: compute082.bc4.acrc.priv, pid: 1964845, pidfile: /user/home/em18564/.julia/compiled/v1.10/JSON/uf6oy_4RpdW.ji.pidfile)
  ? Xorg_libxcb_jll
  ✓ Widgets
  ✓ Clustering
MKL_jll Waiting for background task / IO / timer.
[pid 1990729] waiting for IO to finish:
 Handle type        uv_handle_t->data
 timer              0x196aee0->0x7ff87a9cc430
This means that a package has started a background task or event source that has not finished running. For precompilation to complete successfully, the event source needs to be closed explicitly. See the developer documentation on fixing precompilation hangs for more help.
  ? Xorg_xcb_util_jll
  ✓ TableOperations
  ✓ Unitful
    InterpolationsUnitfulExt Being precompiled by another machine (hostname: compute082.bc4.acrc.priv, pid: 1964845, pidfile: /user/home/em18564/.julia/compiled/v1.10/InterpolationsUnitfulExt/FTO3m_4RpdW.ji.pidfile)
  ✓ JSON
  ✓ Latexify
  ✓ Distributions → DistributionsChainRulesCoreExt
  ✓ UnitfulLatexify
  ✓ Xorg_libX11_jll
  ✓ Xorg_xcb_util_renderutil_jll
  ✓ Xorg_xcb_util_keysyms_jll
  ✓ Xorg_xcb_util_wm_jll
  ✓ Xorg_xcb_util_image_jll
  ✓ ColorVectorSpace → SpecialFunctionsExt

[pid 1990729] waiting for IO to finish:
 Handle type        uv_handle_t->data
 timer              0x196aee0->0x7ff87a9cc430
This means that a package has started a background task or event source that has not finished running. For precompilation to complete successfully, the event source needs to be closed explicitly. See the developer documentation on fixing precompilation hangs for more help.
  ✓ Interpolations → InterpolationsUnitfulExt
  ✓ ColorSchemes
  ✓ MKL_jll
  ✓ Xorg_libXfixes_jll
  ✓ Xorg_libXrender_jll
  ✓ Xorg_libxkbfile_jll
  ✓ Xorg_libXext_jll
  ✓ Xorg_xcb_util_cursor_jll
  ✓ Xorg_libXcursor_jll
  ✓ Xorg_xkbcomp_jll
  ✓ Xorg_libXi_jll
  ✓ Libglvnd_jll
  ✓ Xorg_libXrandr_jll
  ✓ Xorg_libXinerama_jll
  ✓ Xorg_xkeyboard_config_jll
  ✓ Cairo_jll
  ✓ GLFW_jll
  ✓ xkbcommon_jll
  ✓ HarfBuzz_jll
  ✓ Vulkan_Loader_jll
  ✓ libass_jll
  ✓ FFTW
  ✓ Qt6Base_jll
  ✓ FFMPEG_jll
  ✓ KernelDensity
  ✓ FFMPEG
  ✓ PlotUtils
  ✓ GR_jll
  ✓ PlotThemes
  ✓ RecipesPipeline
  ✓ GR
  ✗ Plots
  ✓ Plots → UnitfulExt
  ✓ StatsPlots
  169 dependencies successfully precompiled in 174 seconds. 45 already precompiled.
  2 dependencies failed but may be precompilable after restarting julia
  4 dependencies had output during precompilation:
┌ MKL_jll
│  Downloading artifact: MKL
│  
│  [pid 1990729] waiting for IO to finish:
│   Handle type        uv_handle_t->data
│   timer              0x196aee0->0x7ff87a9cc430
│  This means that a package has started a background task or event source that has not finished running. For precompilation to complete successfully, the event source needs to be closed explicitly. See the developer documentation on fixing precompilation hangs for more help.
│  
│  [pid 1990729] waiting for IO to finish:
│   Handle type        uv_handle_t->data
│   timer              0x196aee0->0x7ff87a9cc430
│  This means that a package has started a background task or event source that has not finished running. For precompilation to complete successfully, the event source needs to be closed explicitly. See the developer documentation on fixing precompilation hangs for more help.
└  
┌ Xorg_xcb_util_jll
│  ┌ Warning: The call to compilecache failed to create a usable precompiled cache file for Xorg_libxcb_jll [c7cfdc94-dc32-55de-ac96-5a1b8d977c5b]
│  │   exception = Required dependency Libgcrypt_jll [d4300ac3-e22c-5743-9152-c294e39db1e4] failed to load from a cache file.
│  └ @ Base loading.jl:1992
└  
┌ Xorg_libxcb_jll
│  ┌ Warning: The call to compilecache failed to create a usable precompiled cache file for XSLT_jll [aed1982a-8fda-507f-9586-7b0439959a61]
│  │   exception = Required dependency Libgpg_error_jll [7add5ba3-2f88-524e-9cd5-f83b8a55f7b8] failed to load from a cache file.
│  └ @ Base loading.jl:1992
└  
┌ Distributions → DistributionsChainRulesCoreExt
│  ┌ Warning: Module LogExpFunctionsChainRulesCoreExt with build ID fafbfcfd-c086-89f5-0003-6cd7a9d6c761 is missing from the cache.
│  │ This may mean LogExpFunctionsChainRulesCoreExt [1bf5f11d-9a0a-5d25-85d0-d1d9a28a239c] does not support precompilation but is imported by a module that does.
│  └ @ Base loading.jl:1948
│  ┌ Error: Error during loading of extension LogExpFunctionsChainRulesCoreExt of LogExpFunctions, use `Base.retry_load_extensions()` to retry.
│  │   exception =
│  │    1-element ExceptionStack:
│  │    Declaring __precompile__(false) is not allowed in files that are being precompiled.
│  │    Stacktrace:
│  │      [1] _require(pkg::Base.PkgId, env::Nothing)
│  │        @ Base ./loading.jl:1952
│  │      [2] __require_prelocked(uuidkey::Base.PkgId, env::Nothing)
│  │        @ Base ./loading.jl:1812
│  │      [3] #invoke_in_world#3
│  │        @ ./essentials.jl:926 [inlined]
│  │      [4] invoke_in_world
│  │        @ ./essentials.jl:923 [inlined]
│  │      [5] _require_prelocked
│  │        @ ./loading.jl:1803 [inlined]
│  │      [6] _require_prelocked
│  │        @ ./loading.jl:1802 [inlined]
│  │      [7] run_extension_callbacks(extid::Base.ExtensionId)
│  │        @ Base ./loading.jl:1295
│  │      [8] run_extension_callbacks(pkgid::Base.PkgId)
│  │        @ Base ./loading.jl:1330
│  │      [9] run_package_callbacks(modkey::Base.PkgId)
│  │        @ Base ./loading.jl:1164
│  │     [10] __require_prelocked(uuidkey::Base.PkgId, env::String)
│  │        @ Base ./loading.jl:1819
│  │     [11] #invoke_in_world#3
│  │        @ ./essentials.jl:926 [inlined]
│  │     [12] invoke_in_world
│  │        @ ./essentials.jl:923 [inlined]
│  │     [13] _require_prelocked(uuidkey::Base.PkgId, env::String)
│  │        @ Base ./loading.jl:1803
│  │     [14] macro expansion
│  │        @ ./loading.jl:1790 [inlined]
│  │     [15] macro expansion
│  │        @ ./lock.jl:267 [inlined]
│  │     [16] __require(into::Module, mod::Symbol)
│  │        @ Base ./loading.jl:1753
│  │     [17] #invoke_in_world#3
│  │        @ ./essentials.jl:926 [inlined]
│  │     [18] invoke_in_world
│  │        @ ./essentials.jl:923 [inlined]
│  │     [19] require(into::Module, mod::Symbol)
│  │        @ Base ./loading.jl:1746
│  │     [20] include
│  │        @ ./Base.jl:495 [inlined]
│  │     [21] include_package_for_output(pkg::Base.PkgId, input::String, depot_path::Vector{String}, dl_load_path::Vector{String}, load_path::Vector{String}, concrete_deps::Vector{Pair{Base.PkgId, UInt128}}, source::String)
│  │        @ Base ./loading.jl:2222
│  │     [22] top-level scope
│  │        @ stdin:3
│  │     [23] eval
│  │        @ ./boot.jl:385 [inlined]
│  │     [24] include_string(mapexpr::typeof(identity), mod::Module, code::String, filename::String)
│  │        @ Base ./loading.jl:2076
│  │     [25] include_string
│  │        @ ./loading.jl:2086 [inlined]
│  │     [26] exec_options(opts::Base.JLOptions)
│  │        @ Base ./client.jl:316
│  │     [27] _start()
│  │        @ Base ./client.jl:552
│  └ @ Base loading.jl:1301
│  ┌ Warning: Module LogExpFunctionsChainRulesCoreExt with build ID fafbfcfd-c086-89f5-0003-6cd7a9d6c761 is missing from the cache.
│  │ This may mean LogExpFunctionsChainRulesCoreExt [1bf5f11d-9a0a-5d25-85d0-d1d9a28a239c] does not support precompilation but is imported by a module that does.
│  └ @ Base loading.jl:1948
│  ┌ Error: Error during loading of extension LogExpFunctionsChainRulesCoreExt of LogExpFunctions, use `Base.retry_load_extensions()` to retry.
│  │   exception =
│  │    1-element ExceptionStack:
│  │    Declaring __precompile__(false) is not allowed in files that are being precompiled.
│  │    Stacktrace:
│  │      [1] _require(pkg::Base.PkgId, env::Nothing)
│  │        @ Base ./loading.jl:1952
│  │      [2] __require_prelocked(uuidkey::Base.PkgId, env::Nothing)
│  │        @ Base ./loading.jl:1812
│  │      [3] #invoke_in_world#3
│  │        @ ./essentials.jl:926 [inlined]
│  │      [4] invoke_in_world
│  │        @ ./essentials.jl:923 [inlined]
│  │      [5] _require_prelocked
│  │        @ ./loading.jl:1803 [inlined]
│  │      [6] _require_prelocked
│  │        @ ./loading.jl:1802 [inlined]
│  │      [7] run_extension_callbacks(extid::Base.ExtensionId)
│  │        @ Base ./loading.jl:1295
│  │      [8] run_extension_callbacks(pkgid::Base.PkgId)
│  │        @ Base ./loading.jl:1330
│  │      [9] run_package_callbacks(modkey::Base.PkgId)
│  │        @ Base ./loading.jl:1164
│  │     [10] __require_prelocked(uuidkey::Base.PkgId, env::String)
│  │        @ Base ./loading.jl:1819
│  │     [11] #invoke_in_world#3
│  │        @ ./essentials.jl:926 [inlined]
│  │     [12] invoke_in_world
│  │        @ ./essentials.jl:923 [inlined]
│  │     [13] _require_prelocked(uuidkey::Base.PkgId, env::String)
│  │        @ Base ./loading.jl:1803
│  │     [14] macro expansion
│  │        @ ./loading.jl:1790 [inlined]
│  │     [15] macro expansion
│  │        @ ./lock.jl:267 [inlined]
│  │     [16] __require(into::Module, mod::Symbol)
│  │        @ Base ./loading.jl:1753
│  │     [17] #invoke_in_world#3
│  │        @ ./essentials.jl:926 [inlined]
│  │     [18] invoke_in_world
│  │        @ ./essentials.jl:923 [inlined]
│  │     [19] require(into::Module, mod::Symbol)
│  │        @ Base ./loading.jl:1746
│  │     [20] include
│  │        @ ./Base.jl:495 [inlined]
│  │     [21] include_package_for_output(pkg::Base.PkgId, input::String, depot_path::Vector{String}, dl_load_path::Vector{String}, load_path::Vector{String}, concrete_deps::Vector{Pair{Base.PkgId, UInt128}}, source::String)
│  │        @ Base ./loading.jl:2222
│  │     [22] top-level scope
│  │        @ stdin:3
│  │     [23] eval
│  │        @ ./boot.jl:385 [inlined]
│  │     [24] include_string(mapexpr::typeof(identity), mod::Module, code::String, filename::String)
│  │        @ Base ./loading.jl:2076
│  │     [25] include_string
│  │        @ ./loading.jl:2086 [inlined]
│  │     [26] exec_options(opts::Base.JLOptions)
│  │        @ Base ./client.jl:316
│  │     [27] _start()
│  │        @ Base ./client.jl:552
│  └ @ Base loading.jl:1301
└  
   Resolving package versions...
    Updating `~/.julia/environments/v1.10/Project.toml`
  [4c63d2b9] + StatsFuns v1.3.1
  No Changes to `~/.julia/environments/v1.10/Manifest.toml`
Precompiling project...
  ✓ Xorg_libxcb_jll
  ✓ Xorg_xcb_util_jll
  ✓ Xorg_libX11_jll
  ✓ Xorg_xcb_util_image_jll
  ✓ Xorg_xcb_util_wm_jll
  ✓ Xorg_xcb_util_renderutil_jll
  ✓ Xorg_xcb_util_keysyms_jll
  ✓ Xorg_libXext_jll
  ✓ Xorg_libXrender_jll
  ✓ Xorg_libXfixes_jll
  ✓ Xorg_libxkbfile_jll
  ✓ Xorg_libXinerama_jll
  ✓ Xorg_xcb_util_cursor_jll
  ✓ Xorg_libXrandr_jll
  ✓ Libglvnd_jll
  ✓ Cairo_jll
  ✓ Xorg_libXcursor_jll
  ✓ Xorg_xkbcomp_jll
  ✓ Xorg_libXi_jll
  ✓ HarfBuzz_jll
  ✓ Xorg_xkeyboard_config_jll
  ✓ GLFW_jll
  ✓ libass_jll
  ✓ xkbcommon_jll
  ✓ Vulkan_Loader_jll
  ✓ FFMPEG_jll
    FFMPEG Being precompiled by another machine (hostname: compute082.bc4.acrc.priv, pid: 1966415, pidfile: /user/home/em18564/.julia/compiled/v1.10/FFMPEG/TGvga_4RpdW.ji.pidfile)
  ✓ Qt6Base_jll
  ✓ GR_jll
  ✓ GR
  ✓ FFMPEG
  ✓ Plots → UnitfulExt
  31 dependencies successfully precompiled in 81 seconds. 185 already precompiled. 1 skipped during auto due to previous errors.
   Resolving package versions...
    Updating `~/.julia/environments/v1.10/Project.toml`
  [56ddb016] + Logging
  No Changes to `~/.julia/environments/v1.10/Manifest.toml`
   Resolving package versions...
   Installed ProgressMeter ───────────── v1.10.0
   Installed LRUCache ────────────────── v1.6.1
   Installed AxisArrays ──────────────── v0.4.7
   Installed AbstractMCMC ────────────── v5.2.0
   Installed Accessors ───────────────── v0.1.36
   Installed AdvancedPS ──────────────── v0.6.0
   Installed Turing ──────────────────── v0.32.2
   Installed NNlib ───────────────────── v0.9.17
   Installed CEnum ───────────────────── v0.5.0
   Installed ZygoteRules ─────────────── v0.2.5
   Installed LogDensityProblemsAD ────── v1.9.0
   Installed RecursiveArrayTools ─────── v3.21.0
   Installed EllipticalSliceSampling ─── v2.0.0
   Installed Optimisers ──────────────── v0.3.3
   Installed Roots ───────────────────── v2.1.5
   Installed LLVM ────────────────────── v7.1.0
   Installed MicroCollections ────────── v0.2.0
   Installed ADTypes ─────────────────── v1.2.1
   Installed MCMCDiagnosticTools ─────── v0.3.10
   Installed Bijectors ───────────────── v0.13.12
   Installed UnsafeAtomicsLLVM ───────── v0.1.4
   Installed SciMLBase ───────────────── v2.39.0
   Installed Functors ────────────────── v0.4.10
   Installed DynamicPPL ──────────────── v0.27.1
   Installed MappedArrays ────────────── v0.4.2
   Installed ExprTools ───────────────── v0.1.10
   Installed Random123 ───────────────── v1.7.0
   Installed MCMCChains ──────────────── v6.0.6
   Installed Tracker ─────────────────── v0.2.34
   Installed BangBang ────────────────── v0.4.2
   Installed Libtask ─────────────────── v0.8.7
   Installed DistributionsAD ─────────── v0.6.55
   Installed SciMLStructures ─────────── v1.2.0
   Installed ChainRules ──────────────── v1.66.0
   Installed DiffRules ───────────────── v1.15.1
   Installed ConstructionBase ────────── v1.5.5
   Installed AdvancedMH ──────────────── v0.8.1
   Installed SciMLOperators ──────────── v0.3.8
   Installed NamedArrays ─────────────── v0.10.2
   Installed AbstractPPL ─────────────── v0.8.4
   Installed AdvancedVI ──────────────── v0.2.6
   Installed PrettyTables ────────────── v2.3.2
   Installed LLVMExtra_jll ───────────── v0.0.29+0
   Installed SparseInverseSubset ─────── v0.1.2
   Installed CompositionsBase ────────── v0.1.2
   Installed AbstractTrees ───────────── v0.4.5
   Installed ArrayInterface ──────────── v7.10.0
   Installed KernelAbstractions ──────── v0.9.19
   Installed InverseFunctions ────────── v0.1.14
   Installed CommonSolve ─────────────── v0.2.4
   Installed GPUArraysCore ───────────── v0.1.6
   Installed MLJModelInterface ───────── v1.9.6
   Installed RuntimeGeneratedFunctions ─ v0.5.13
   Installed Transducers ─────────────── v0.4.82
   Installed IterTools ───────────────── v1.10.0
   Installed IntervalSets ────────────── v0.7.10
   Installed SSMProblems ─────────────── v0.1.1
   Installed AdvancedHMC ─────────────── v0.6.1
   Installed StructArrays ────────────── v0.6.18
   Installed SymbolicIndexingInterface ─ v0.3.22
   Installed StringManipulation ──────── v0.3.4
   Installed ForwardDiff ─────────────── v0.10.36
   Installed ChangesOfVariables ──────── v0.1.8
    Updating `~/.julia/environments/v1.10/Project.toml`
  [fce5fe82] + Turing v0.32.2
    Updating `~/.julia/environments/v1.10/Manifest.toml`
  [47edcb42] + ADTypes v1.2.1
  [80f14c24] + AbstractMCMC v5.2.0
  [7a57a42e] + AbstractPPL v0.8.4
  [1520ce14] + AbstractTrees v0.4.5
  [7d9f7c33] + Accessors v0.1.36
  [0bf59076] + AdvancedHMC v0.6.1
  [5b7e9947] + AdvancedMH v0.8.1
  [576499cb] + AdvancedPS v0.6.0
  [b5ca4192] + AdvancedVI v0.2.6
  [dce04be8] + ArgCheck v2.3.0
  [4fba245c] + ArrayInterface v7.10.0
  [a9b6321e] + Atomix v0.1.0
  [39de3d68] + AxisArrays v0.4.7
  [198e06fe] + BangBang v0.4.2
  [9718e550] + Baselet v0.1.1
  [76274a88] + Bijectors v0.13.12
  [fa961155] + CEnum v0.5.0
  [082447d4] + ChainRules v1.66.0
  [9e997f8a] + ChangesOfVariables v0.1.8
  [861a8166] + Combinatorics v1.0.2
  [38540f10] + CommonSolve v0.2.4
  [bbf7d656] + CommonSubexpressions v0.3.0
  [a33af91c] + CompositionsBase v0.1.2
  [88cd18e8] + ConsoleProgressMonitor v0.1.2
  [187b0558] + ConstructionBase v1.5.5
  [a8cc5b0e] + Crayons v4.1.1
  [244e2a9f] + DefineSingletons v0.1.2
  [b429d917] + DensityInterface v0.4.0
  [163ba53b] + DiffResults v1.1.0
  [b552c78f] + DiffRules v1.15.1
  [ced4e74d] + DistributionsAD v0.6.55
  [366bfd00] + DynamicPPL v0.27.1
  [cad2338a] + EllipticalSliceSampling v2.0.0
  [4e289a0a] + EnumX v1.0.4
  [e2ba6199] + ExprTools v0.1.10
  [f6369f11] + ForwardDiff v0.10.36
  [069b7b12] + FunctionWrappers v1.1.3
  [77dc65aa] + FunctionWrappersWrappers v0.1.3
  [d9f16b24] + Functors v0.4.10
  [46192b85] + GPUArraysCore v0.1.6
  [22cec73e] + InitialValues v0.3.1
  [505f98c9] + InplaceOps v0.3.0
  [8197267c] + IntervalSets v0.7.10
  [3587e190] + InverseFunctions v0.1.14
  [41ab1584] + InvertedIndices v1.3.0
  [c8e1da08] + IterTools v1.10.0
  [63c18a36] + KernelAbstractions v0.9.19
  [929cbde3] + LLVM v7.1.0
  [8ac3fa9e] + LRUCache v1.6.1
  [1d6d02ad] + LeftChildRightSiblingTrees v0.2.0
  [6f1fad26] + Libtask v0.8.7
  [6fdf6af0] + LogDensityProblems v2.1.1
  [996a588d] + LogDensityProblemsAD v1.9.0
  [c7f686f2] + MCMCChains v6.0.6
  [be115224] + MCMCDiagnosticTools v0.3.10
  [e80e1ace] + MLJModelInterface v1.9.6
  [dbb5928d] + MappedArrays v0.4.2
  [128add7d] + MicroCollections v0.2.0
  [872c559c] + NNlib v0.9.17
  [86f7a689] + NamedArrays v0.10.2
  [c020b1a1] + NaturalSort v1.0.0
  [3bd65402] + Optimisers v0.3.3
  [08abe8d2] + PrettyTables v2.3.2
  [33c8b6b6] + ProgressLogging v0.1.4
  [92933f4c] + ProgressMeter v1.10.0
  [74087812] + Random123 v1.7.0
  [e6cf234a] + RandomNumbers v1.5.3
  [b3c3ace0] + RangeArrays v0.3.2
  [c1ae055f] + RealDot v0.1.0
  [731186ca] + RecursiveArrayTools v3.21.0
  [f2b01f46] + Roots v2.1.5
  [7e49a35a] + RuntimeGeneratedFunctions v0.5.13
  [26aad666] + SSMProblems v0.1.1
  [0bca4576] + SciMLBase v2.39.0
  [c0aeaf25] + SciMLOperators v0.3.8
  [53ae85a6] + SciMLStructures v1.2.0
  [30f210dd] + ScientificTypesBase v3.0.0
  [efcf1570] + Setfield v1.1.1
  [ce78b400] + SimpleUnPack v1.1.0
  [dc90abb0] + SparseInverseSubset v0.1.2
  [171d559e] + SplittablesBase v0.1.15
  [64bff920] + StatisticalTraits v3.2.0
  [892a3eda] + StringManipulation v0.3.4
  [09ab397b] + StructArrays v0.6.18
  [2efcf032] + SymbolicIndexingInterface v0.3.22
  [5d786b92] + TerminalLoggers v0.1.7
  [9f7883ad] + Tracker v0.2.34
  [28d57a85] + Transducers v0.4.82
  [fce5fe82] + Turing v0.32.2
  [013be700] + UnsafeAtomics v0.2.1
  [d80eeb9a] + UnsafeAtomicsLLVM v0.1.4
  [700de1a5] + ZygoteRules v0.2.5
  [dad2f222] + LLVMExtra_jll v0.0.29+0
  [9fa8497b] + Future
Precompiling project...
  ✓ RangeArrays
  ✓ SimpleUnPack
  ✓ InplaceOps
  ✓ ArgCheck
  ✓ IterTools
  ✓ CEnum
  ✓ ScientificTypesBase
  ✓ ExprTools
  ✓ NaturalSort
  ✓ InverseFunctions
  ✓ CommonSolve
  ✓ ADTypes
  ✓ FunctionWrappers
  ✓ InitialValues
  ✓ Combinatorics
  ✓ RealDot
  ✓ EnumX
  ✓ UnsafeAtomics
  ✓ LogDensityProblems
  ✓ CompositionsBase
  ✓ StatisticalTraits
  ✓ DefineSingletons
  ✓ InverseFunctions → DatesExt
  ✓ InvertedIndices
  ✓ IntervalSets
  ✓ AbstractTrees
  ✓ SciMLStructures
  ✓ LRUCache
  ✓ RuntimeGeneratedFunctions
  ✓ ProgressLogging
  ✓ ProgressMeter
  ✓ CommonSubexpressions
  ✓ ChangesOfVariables
  ✓ DiffResults
  ✓ Baselet
    MappedArrays Being precompiled by another machine (hostname: compute081.bc4.acrc.priv, pid: 1987267, pidfile: /user/home/em18564/.julia/compiled/v1.10/MappedArrays/xJB11_4RpdW.ji.pidfile)
    Atomix Being precompiled by another machine (hostname: compute081.bc4.acrc.priv, pid: 1987267, pidfile: /user/home/em18564/.julia/compiled/v1.10/Atomix/3LdQ4_4RpdW.ji.pidfile)
  ✓ SparseInverseSubset
  ✓ GPUArraysCore
  ✓ ConstructionBase
  ✓ ADTypes → ADTypesChainRulesCoreExt
  ✓ ConsoleProgressMonitor
  ✓ MLJModelInterface
  ✓ RandomNumbers
  ✓ LogExpFunctions → LogExpFunctionsInverseFunctionsExt
  ✓ LLVMExtra_jll
  ✓ IntervalSets → IntervalSetsRecipesBaseExt
  ✓ LogDensityProblemsAD
  ✓ CompositionsBase → CompositionsBaseInverseFunctionsExt
  ✓ ArrayInterface
  ✓ MappedArrays
  ✓ DensityInterface
  ✓ Crayons
  ✓ StringManipulation
  ✓ LeftChildRightSiblingTrees
  ✓ IntervalSets → IntervalSetsRandomExt
  ✓ Functors
  ✓ FunctionWrappersWrappers
  ✓ ChangesOfVariables → ChangesOfVariablesInverseFunctionsExt
  ✓ Unitful → InverseFunctionsUnitfulExt
  ✓ LogExpFunctions → LogExpFunctionsChangesOfVariablesExt
  ✓ LRUCache → SerializationExt
  ✓ ZygoteRules
  ✓ ConstructionBase → ConstructionBaseStaticArraysExt
  ✓ IntervalSets → IntervalSetsStatisticsExt
  ✓ NamedArrays
  ✓ Random123
  ✓ TerminalLoggers
  ✓ Unitful → ConstructionBaseUnitfulExt
  ✓ Optimisers
  ✓ Libtask
  ✓ ConstructionBase → ConstructionBaseIntervalSetsExt
  ✓ DiffRules
  ✓ StatsFuns → StatsFunsInverseFunctionsExt
  ✓ AxisArrays
  ✓ StructArrays
  ✓ Setfield
  ✓ Distributions → DistributionsDensityInterfaceExt
  ✓ Atomix
  ✓ StructArrays → StructArraysGPUArraysCoreExt
  ✓ SplittablesBase
  ✓ Accessors
  ✓ LLVM
  ✓ ForwardDiff
  ✓ StructArrays → StructArraysStaticArraysExt
  ✓ MCMCDiagnosticTools
  ✓ StructArrays → StructArraysSparseArraysExt
  ✓ Accessors → AccessorsIntervalSetsExt
  ✓ StructArrays → StructArraysAdaptExt
  ✓ Accessors → AccessorsStructArraysExt
  ✓ Accessors → AccessorsStaticArraysExt
  ✓ Accessors → AccessorsUnitfulExt
  ✓ ForwardDiff → ForwardDiffStaticArraysExt
  ✓ BangBang
  ✓ BangBang → BangBangChainRulesCoreExt
  ✓ UnsafeAtomicsLLVM
  ✓ ChainRules
  ✓ BangBang → BangBangStaticArraysExt
  ✓ Roots
  ✓ PrettyTables
  ✓ Roots → RootsForwardDiffExt
  ✓ BangBang → BangBangStructArraysExt
  ✓ BangBang → BangBangTablesExt
  ✓ MicroCollections
  ✓ KernelAbstractions
  ✓ Transducers
  ✓ NNlib
Bijectors Waiting for background task / IO / timer.
[pid 1993956] waiting for IO to finish:
 Handle type        uv_handle_t->data
 fs_event           0x21aa330->0x7fd29dcf13c0
 timer              0x2584040->0x7fd29dcf13f0
This means that a package has started a background task or event source that has not finished running. For precompilation to complete successfully, the event source needs to be closed explicitly. See the developer documentation on fixing precompilation hangs for more help.
DistributionsAD Waiting for background task / IO / timer.
[pid 1993917] waiting for IO to finish:
 Handle type        uv_handle_t->data
 fs_event           0xfb6250->0x7f276110efb0
 timer              0xa1e500->0x7f276110efe0
This means that a package has started a background task or event source that has not finished running. For precompilation to complete successfully, the event source needs to be closed explicitly. See the developer documentation on fixing precompilation hangs for more help.
  ? ArrayInterface → ArrayInterfaceChainRulesExt
  ✓ Bijectors
  ✓ DistributionsAD
  ✓ ArrayInterface → ArrayInterfaceGPUArraysCoreExt
  ✓ ArrayInterface → ArrayInterfaceStaticArraysCoreExt
  ✓ AbstractMCMC
  ✓ Tracker
AbstractPPL Waiting for background task / IO / timer.
[pid 1994143] waiting for IO to finish:
 Handle type        uv_handle_t->data
 fs_event           0xf72c50->0x7fe1d9f27fd0
 timer              0x8a50c0->0x7fe1d9ef8010
This means that a package has started a background task or event source that has not finished running. For precompilation to complete successfully, the event source needs to be closed explicitly. See the developer documentation on fixing precompilation hangs for more help.
SSMProblems Waiting for background task / IO / timer.
[pid 1994141] waiting for IO to finish:
 Handle type        uv_handle_t->data
 fs_event           0x141ad20->0x7f9265f50190
 timer              0x13eac20->0x7f9265f501c0
This means that a package has started a background task or event source that has not finished running. For precompilation to complete successfully, the event source needs to be closed explicitly. See the developer documentation on fixing precompilation hangs for more help.
  ✓ AbstractPPL
AdvancedMH Waiting for background task / IO / timer.
[pid 1994145] waiting for IO to finish:
 Handle type        uv_handle_t->data
 fs_event           0x277df20->0x7f21fee5ebc0
 timer              0x27f7f00->0x7f21fee5ebf0
This means that a package has started a background task or event source that has not finished running. For precompilation to complete successfully, the event source needs to be closed explicitly. See the developer documentation on fixing precompilation hangs for more help.
  ✓ SSMProblems
  ✓ AdvancedMH
  ✓ ArrayInterface → ArrayInterfaceTrackerExt
  ✓ Tracker → TrackerPDMatsExt
  ✓ LogDensityProblemsAD → LogDensityProblemsADTrackerExt
  ✓ AdvancedPS
  ✓ SymbolicIndexingInterface
  ✓ EllipticalSliceSampling
  ✓ LogDensityProblemsAD → LogDensityProblemsADADTypesExt
  ✓ SciMLOperators
  ✓ MCMCChains
  ✓ AdvancedPS → AdvancedPSLibtaskExt
  ✓ LogDensityProblemsAD → LogDensityProblemsADForwardDiffExt
  ✓ DistributionsAD → DistributionsADTrackerExt
  ✓ Bijectors → BijectorsTrackerExt
  ✓ RecursiveArrayTools
  ✓ DistributionsAD → DistributionsADForwardDiffExt
  ✓ AdvancedMH → AdvancedMHMCMCChainsExt
  ✓ Bijectors → BijectorsForwardDiffExt
  ✓ AdvancedHMC
  ✓ AdvancedMH → AdvancedMHForwardDiffExt
  ✓ Bijectors → BijectorsDistributionsADExt
  ✓ AdvancedHMC → AdvancedHMCMCMCChainsExt
  ✓ AdvancedMH → AdvancedMHStructArraysExt
  ✓ DynamicPPL
  ✓ RecursiveArrayTools → RecursiveArrayToolsForwardDiffExt
  ✓ RecursiveArrayTools → RecursiveArrayToolsTrackerExt
  ✓ SciMLBase
  ✓ AdvancedVI
  ? DynamicPPL → DynamicPPLZygoteRulesExt
  ✓ SciMLBase → SciMLBaseChainRulesCoreExt
  ✓ DynamicPPL → DynamicPPLMCMCChainsExt
  ✓ DynamicPPL → DynamicPPLChainRulesCoreExt
  ✓ DynamicPPL → DynamicPPLForwardDiffExt
  ✓ Turing
  146 dependencies successfully precompiled in 141 seconds. 216 already precompiled. 1 skipped during auto due to previous errors.
  2 dependencies failed but may be precompilable after restarting julia
  9 dependencies had output during precompilation:
┌ AdvancedVI
│  ┌ Warning: Module BijectorsForwardDiffExt with build ID fafbfcfd-d9a6-8739-0003-6d233da4d44d is missing from the cache.
│  │ This may mean BijectorsForwardDiffExt [3a7fc820-e393-5860-a13a-c57035ee8759] does not support precompilation but is imported by a module that does.
│  └ @ Base loading.jl:1948
│  ┌ Error: Error during loading of extension BijectorsForwardDiffExt of Bijectors, use `Base.retry_load_extensions()` to retry.
│  │   exception =
│  │    1-element ExceptionStack:
│  │    Declaring __precompile__(false) is not allowed in files that are being precompiled.
│  │    Stacktrace:
│  │      [1] _require(pkg::Base.PkgId, env::Nothing)
│  │        @ Base ./loading.jl:1952
│  │      [2] __require_prelocked(uuidkey::Base.PkgId, env::Nothing)
│  │        @ Base ./loading.jl:1812
│  │      [3] #invoke_in_world#3
│  │        @ ./essentials.jl:926 [inlined]
│  │      [4] invoke_in_world
│  │        @ ./essentials.jl:923 [inlined]
│  │      [5] _require_prelocked
│  │        @ ./loading.jl:1803 [inlined]
│  │      [6] _require_prelocked
│  │        @ ./loading.jl:1802 [inlined]
│  │      [7] run_extension_callbacks(extid::Base.ExtensionId)
│  │        @ Base ./loading.jl:1295
│  │      [8] run_extension_callbacks(pkgid::Base.PkgId)
│  │        @ Base ./loading.jl:1330
│  │      [9] run_package_callbacks(modkey::Base.PkgId)
│  │        @ Base ./loading.jl:1164
│  │     [10] __require_prelocked(uuidkey::Base.PkgId, env::String)
│  │        @ Base ./loading.jl:1819
│  │     [11] #invoke_in_world#3
│  │        @ ./essentials.jl:926 [inlined]
│  │     [12] invoke_in_world
│  │        @ ./essentials.jl:923 [inlined]
│  │     [13] _require_prelocked(uuidkey::Base.PkgId, env::String)
│  │        @ Base ./loading.jl:1803
│  │     [14] macro expansion
│  │        @ ./loading.jl:1790 [inlined]
│  │     [15] macro expansion
│  │        @ ./lock.jl:267 [inlined]
│  │     [16] __require(into::Module, mod::Symbol)
│  │        @ Base ./loading.jl:1753
│  │     [17] #invoke_in_world#3
│  │        @ ./essentials.jl:926 [inlined]
│  │     [18] invoke_in_world
│  │        @ ./essentials.jl:923 [inlined]
│  │     [19] require(into::Module, mod::Symbol)
│  │        @ Base ./loading.jl:1746
│  │     [20] top-level scope
│  │        @ ~/.julia/packages/Bijectors/YlpHf/ext/BijectorsTrackerExt.jl:16
│  │     [21] include
│  │        @ ./Base.jl:495 [inlined]
│  │     [22] include_package_for_output(pkg::Base.PkgId, input::String, depot_path::Vector{String}, dl_load_path::Vector{String}, load_path::Vector{String}, concrete_deps::Vector{Pair{Base.PkgId, UInt128}}, source::String)
│  │        @ Base ./loading.jl:2222
│  │     [23] top-level scope
│  │        @ stdin:3
│  │     [24] eval
│  │        @ ./boot.jl:385 [inlined]
│  │     [25] include_string(mapexpr::typeof(identity), mod::Module, code::String, filename::String)
│  │        @ Base ./loading.jl:2076
│  │     [26] include_string
│  │        @ ./loading.jl:2086 [inlined]
│  │     [27] exec_options(opts::Base.JLOptions)
│  │        @ Base ./client.jl:316
│  │     [28] _start()
│  │        @ Base ./client.jl:552
│  └ @ Base loading.jl:1301
└  
┌ Bijectors
│  [pid 1993956] waiting for IO to finish:
│   Handle type        uv_handle_t->data
│   fs_event           0x21aa330->0x7fd29dcf13c0
│   timer              0x2584040->0x7fd29dcf13f0
│  This means that a package has started a background task or event source that has not finished running. For precompilation to complete successfully, the event source needs to be closed explicitly. See the developer documentation on fixing precompilation hangs for more help.
└  
┌ SSMProblems
│  [pid 1994141] waiting for IO to finish:
│   Handle type        uv_handle_t->data
│   fs_event           0x141ad20->0x7f9265f50190
│   timer              0x13eac20->0x7f9265f501c0
│  This means that a package has started a background task or event source that has not finished running. For precompilation to complete successfully, the event source needs to be closed explicitly. See the developer documentation on fixing precompilation hangs for more help.
└  
┌ AbstractPPL
│  [pid 1994143] waiting for IO to finish:
│   Handle type        uv_handle_t->data
│   fs_event           0xf72c50->0x7fe1d9f27fd0
│   timer              0x8a50c0->0x7fe1d9ef8010
│  This means that a package has started a background task or event source that has not finished running. For precompilation to complete successfully, the event source needs to be closed explicitly. See the developer documentation on fixing precompilation hangs for more help.
└  
┌ ArrayInterface → ArrayInterfaceChainRulesExt
│  ┌ Warning: The call to compilecache failed to create a usable precompiled cache file for ChainRules [082447d4-558c-5d27-93f4-14fc19e9eca2]
│  │   exception = Invalid input in module list: expected StructArraysAdaptExt.
│  └ @ Base loading.jl:1992
└  
┌ Turing
│  ┌ Warning: Module DynamicPPLChainRulesCoreExt with build ID fafbfcfd-ed72-f1eb-0003-6d2b139b9438 is missing from the cache.
│  │ This may mean DynamicPPLChainRulesCoreExt [1ee84b97-14c3-5fc7-ac52-67ea3f2b0f6c] does not support precompilation but is imported by a module that does.
│  └ @ Base loading.jl:1948
│  ┌ Error: Error during loading of extension DynamicPPLChainRulesCoreExt of DynamicPPL, use `Base.retry_load_extensions()` to retry.
│  │   exception =
│  │    1-element ExceptionStack:
│  │    Declaring __precompile__(false) is not allowed in files that are being precompiled.
│  │    Stacktrace:
│  │      [1] _require(pkg::Base.PkgId, env::Nothing)
│  │        @ Base ./loading.jl:1952
│  │      [2] __require_prelocked(uuidkey::Base.PkgId, env::Nothing)
│  │        @ Base ./loading.jl:1812
│  │      [3] #invoke_in_world#3
│  │        @ ./essentials.jl:926 [inlined]
│  │      [4] invoke_in_world
│  │        @ ./essentials.jl:923 [inlined]
│  │      [5] _require_prelocked
│  │        @ ./loading.jl:1803 [inlined]
│  │      [6] _require_prelocked
│  │        @ ./loading.jl:1802 [inlined]
│  │      [7] run_extension_callbacks(extid::Base.ExtensionId)
│  │        @ Base ./loading.jl:1295
│  │      [8] run_extension_callbacks(pkgid::Base.PkgId)
│  │        @ Base ./loading.jl:1330
│  │      [9] run_package_callbacks(modkey::Base.PkgId)
│  │        @ Base ./loading.jl:1164
│  │     [10] __require_prelocked(uuidkey::Base.PkgId, env::String)
│  │        @ Base ./loading.jl:1819
│  │     [11] #invoke_in_world#3
│  │        @ ./essentials.jl:926 [inlined]
│  │     [12] invoke_in_world
│  │        @ ./essentials.jl:923 [inlined]
│  │     [13] _require_prelocked(uuidkey::Base.PkgId, env::String)
│  │        @ Base ./loading.jl:1803
│  │     [14] macro expansion
│  │        @ ./loading.jl:1790 [inlined]
│  │     [15] macro expansion
│  │        @ ./lock.jl:267 [inlined]
│  │     [16] __require(into::Module, mod::Symbol)
│  │        @ Base ./loading.jl:1753
│  │     [17] #invoke_in_world#3
│  │        @ ./essentials.jl:926 [inlined]
│  │     [18] invoke_in_world
│  │        @ ./essentials.jl:923 [inlined]
│  │     [19] require(into::Module, mod::Symbol)
│  │        @ Base ./loading.jl:1746
│  │     [20] top-level scope
│  │        @ ~/.julia/packages/DynamicPPL/E4kDs/ext/DynamicPPLForwardDiffExt.jl:4
│  │     [21] include
│  │        @ ./Base.jl:495 [inlined]
│  │     [22] include_package_for_output(pkg::Base.PkgId, input::String, depot_path::Vector{String}, dl_load_path::Vector{String}, load_path::Vector{String}, concrete_deps::Vector{Pair{Base.PkgId, UInt128}}, source::String)
│  │        @ Base ./loading.jl:2222
│  │     [23] top-level scope
│  │        @ stdin:3
│  │     [24] eval
│  │        @ ./boot.jl:385 [inlined]
│  │     [25] include_string(mapexpr::typeof(identity), mod::Module, code::String, filename::String)
│  │        @ Base ./loading.jl:2076
│  │     [26] include_string
│  │        @ ./loading.jl:2086 [inlined]
│  │     [27] exec_options(opts::Base.JLOptions)
│  │        @ Base ./client.jl:316
│  │     [28] _start()
│  │        @ Base ./client.jl:552
│  └ @ Base loading.jl:1301
└  
┌ AdvancedMH
│  [pid 1994145] waiting for IO to finish:
│   Handle type        uv_handle_t->data
│   fs_event           0x277df20->0x7f21fee5ebc0
│   timer              0x27f7f00->0x7f21fee5ebf0
│  This means that a package has started a background task or event source that has not finished running. For precompilation to complete successfully, the event source needs to be closed explicitly. See the developer documentation on fixing precompilation hangs for more help.
└  
┌ DynamicPPL → DynamicPPLZygoteRulesExt
│  ┌ Warning: The call to compilecache failed to create a usable precompiled cache file for DynamicPPL [366bfd00-2699-11ea-058f-f148b4cae6d8]
│  │   exception = Invalid input in module list: expected LogDensityProblemsADADTypesExt.
│  └ @ Base loading.jl:1992
└  
┌ DistributionsAD
│  [pid 1993917] waiting for IO to finish:
│   Handle type        uv_handle_t->data
│   fs_event           0xfb6250->0x7f276110efb0
│   timer              0xa1e500->0x7f276110efe0
│  This means that a package has started a background task or event source that has not finished running. For precompilation to complete successfully, the event source needs to be closed explicitly. See the developer documentation on fixing precompilation hangs for more help.
└  
   Resolving package versions...
   Installed FilePathsBase ─ v0.9.21
   Installed PooledArrays ── v1.4.3
   Installed CSV ─────────── v0.10.14
    Updating `~/.julia/environments/v1.10/Project.toml`
  [336ed68f] + CSV v0.10.14
    Updating `~/.julia/environments/v1.10/Manifest.toml`
  [336ed68f] + CSV v0.10.14
  [48062228] + FilePathsBase v0.9.21
  [842dd82b] + InlineStrings v1.4.0
  [2dfb63ee] + PooledArrays v1.4.3
  [ea10d353] + WeakRefStrings v1.4.2
  [76eceee3] + WorkerUtilities v1.6.1
Precompiling project...
  ✓ WorkerUtilities
  ✓ PooledArrays
  ✓ InlineStrings
  ✓ FilePathsBase
  ✓ ArrayInterface → ArrayInterfaceChainRulesExt
  ✓ WeakRefStrings
  ✓ DynamicPPL → DynamicPPLZygoteRulesExt
  ✓ DynamicPPL → DynamicPPLMCMCChainsExt
    Turing Being precompiled by another machine (hostname: compute081.bc4.acrc.priv, pid: 1987267, pidfile: /user/home/em18564/.julia/compiled/v1.10/Turing/gm4QC_4RpdW.ji.pidfile)
  ✓ CSV
  ✓ Turing
  10 dependencies successfully precompiled in 38 seconds. 360 already precompiled. 1 skipped during auto due to previous errors.
   Resolving package versions...
  No Changes to `~/.julia/environments/v1.10/Project.toml`
  No Changes to `~/.julia/environments/v1.10/Manifest.toml`
Precompiling project...
    DataFrames Being precompiled by another machine (hostname: compute081.bc4.acrc.priv, pid: 1987267, pidfile: /user/home/em18564/.julia/compiled/v1.10/DataFrames/AR9oZ_4RpdW.ji.pidfile)
  ✓ DataFrames
    DataFramesExt Being precompiled by another machine (hostname: compute082.bc4.acrc.priv, pid: 1964845, pidfile: /user/home/em18564/.julia/compiled/v1.10/DataFramesExt/8XGBh_4RpdW.ji.pidfile)
    BangBangDataFramesExt Being precompiled by another machine (hostname: compute082.bc4.acrc.priv, pid: 1964845, pidfile: /user/home/em18564/.julia/compiled/v1.10/BangBangDataFramesExt/sNKPH_4RpdW.ji.pidfile)
  ✓ BangBang → BangBangDataFramesExt
  ✓ Latexify → DataFramesExt
  ✓ Transducers → TransducersDataFramesExt
  4 dependencies successfully precompiled in 35 seconds. 371 already precompiled.
   Resolving package versions...
  No Changes to `~/.julia/environments/v1.10/Project.toml`
  No Changes to `~/.julia/environments/v1.10/Manifest.toml`
Precompiling project...
    Optim Being precompiled by another machine (hostname: compute081.bc4.acrc.priv, pid: 1990433, pidfile: /user/home/em18564/.julia/compiled/v1.10/Optim/R5uoh_4RpdW.ji.pidfile)
  ✓ Optim
  ✓ Turing → TuringOptimExt
  2 dependencies successfully precompiled in 18 seconds. 382 already precompiled.
   Resolving package versions...
  No Changes to `~/.julia/environments/v1.10/Project.toml`
  No Changes to `~/.julia/environments/v1.10/Manifest.toml`
Precompiling project...
    Documenter Being precompiled by another machine (hostname: compute081.bc4.acrc.priv, pid: 1987267, pidfile: /user/home/em18564/.julia/compiled/v1.10/Documenter/sHGjf_4RpdW.ji.pidfile)
    LayoutPointers Being precompiled by another machine (hostname: compute082.bc4.acrc.priv, pid: 1964845, pidfile: /user/home/em18564/.julia/compiled/v1.10/LayoutPointers/SicMc_4RpdW.ji.pidfile)
  ✓ LayoutPointers
    VectorizationBase Being precompiled by another machine (hostname: compute081.bc4.acrc.priv, pid: 1990807, pidfile: /user/home/em18564/.julia/compiled/v1.10/VectorizationBase/Dto5m_4RpdW.ji.pidfile)
  ✓ VectorizationBase
  ✓ SLEEFPirates
  ✓ MonteCarloMeasurements
    RecursiveArrayToolsMonteCarloMeasurementsExt Being precompiled by another machine (hostname: compute081.bc4.acrc.priv, pid: 1987267, pidfile: /user/home/em18564/.julia/compiled/v1.10/RecursiveArrayToolsMonteCarloMeasurementsExt/npOiN_4RpdW.ji.pidfile)
  ✓ Documenter
  ✓ StatisticalRethinking
  ✓ RecursiveArrayTools → RecursiveArrayToolsMonteCarloMeasurementsExt
  7 dependencies successfully precompiled in 49 seconds. 406 already precompiled.
   Resolving package versions...
  No Changes to `~/.julia/environments/v1.10/Project.toml`
  No Changes to `~/.julia/environments/v1.10/Manifest.toml`
   Resolving package versions...
    Updating `~/.julia/environments/v1.10/Project.toml`
  [9e88b42a] + Serialization
  No Changes to `~/.julia/environments/v1.10/Manifest.toml`
   Resolving package versions...
   Installed TransformVariables ─ v0.8.10
    Updating `~/.julia/environments/v1.10/Project.toml`
  [84d833dd] + TransformVariables v0.8.10
    Updating `~/.julia/environments/v1.10/Manifest.toml`
  [84d833dd] + TransformVariables v0.8.10
Precompiling project...
  ✓ TransformVariables
  1 dependency successfully precompiled in 4 seconds. 413 already precompiled.
   Resolving package versions...
    Updating `~/.julia/environments/v1.10/Project.toml`
  [90014a1f] + PDMats v0.11.31
  No Changes to `~/.julia/environments/v1.10/Manifest.toml`
   Resolving package versions...
  No Changes to `~/.julia/environments/v1.10/Project.toml`
  No Changes to `~/.julia/environments/v1.10/Manifest.toml`
   Resolving package versions...
  No Changes to `~/.julia/environments/v1.10/Project.toml`
  No Changes to `~/.julia/environments/v1.10/Manifest.toml`
   Resolving package versions...
  No Changes to `~/.julia/environments/v1.10/Project.toml`
  No Changes to `~/.julia/environments/v1.10/Manifest.toml`
   Resolving package versions...
  No Changes to `~/.julia/environments/v1.10/Project.toml`
  No Changes to `~/.julia/environments/v1.10/Manifest.toml`
   Resolving package versions...
  No Changes to `~/.julia/environments/v1.10/Project.toml`
  No Changes to `~/.julia/environments/v1.10/Manifest.toml`
   Resolving package versions...
  No Changes to `~/.julia/environments/v1.10/Project.toml`
  No Changes to `~/.julia/environments/v1.10/Manifest.toml`
   Resolving package versions...
  No Changes to `~/.julia/environments/v1.10/Project.toml`
  No Changes to `~/.julia/environments/v1.10/Manifest.toml`
   Resolving package versions...
  No Changes to `~/.julia/environments/v1.10/Project.toml`
  No Changes to `~/.julia/environments/v1.10/Manifest.toml`
   Resolving package versions...
  No Changes to `~/.julia/environments/v1.10/Project.toml`
  No Changes to `~/.julia/environments/v1.10/Manifest.toml`
   Resolving package versions...
  No Changes to `~/.julia/environments/v1.10/Project.toml`
  No Changes to `~/.julia/environments/v1.10/Manifest.toml`
   Resolving package versions...
  No Changes to `~/.julia/environments/v1.10/Project.toml`
  No Changes to `~/.julia/environments/v1.10/Manifest.toml`
   Resolving package versions...
  No Changes to `~/.julia/environments/v1.10/Project.toml`
  No Changes to `~/.julia/environments/v1.10/Manifest.toml`
   Resolving package versions...
  No Changes to `~/.julia/environments/v1.10/Project.toml`
  No Changes to `~/.julia/environments/v1.10/Manifest.toml`
┌ Warning: Error requiring `Turing` from `StatisticalRethinking`
│   exception =
│    LoadError: UndefVarError: `TuringOptimExt` not defined
│    Stacktrace:
│      [1] include(mod::Module, _path::String)
│        @ Base ./Base.jl:495
│      [2] include(x::String)
│        @ StatisticalRethinking ~/.julia/packages/StatisticalRethinking/Bzph1/src/StatisticalRethinking.jl:1
│      [3] top-level scope
│        @ ~/.julia/packages/StatisticalRethinking/Bzph1/src/require/turing/turing.jl:7
│      [4] include(mod::Module, _path::String)
│        @ Base ./Base.jl:495
│      [5] include(x::String)
│        @ StatisticalRethinking ~/.julia/packages/StatisticalRethinking/Bzph1/src/StatisticalRethinking.jl:1
│      [6] top-level scope
│        @ ~/.julia/packages/Requires/Z8rfN/src/Requires.jl:40
│      [7] eval
│        @ ./boot.jl:385 [inlined]
│      [8] eval
│        @ ~/.julia/packages/StatisticalRethinking/Bzph1/src/StatisticalRethinking.jl:1 [inlined]
│      [9] (::StatisticalRethinking.var"#3#12")()
│        @ StatisticalRethinking ~/.julia/packages/Requires/Z8rfN/src/require.jl:101
│     [10] macro expansion
│        @ timing.jl:395 [inlined]
│     [11] err(f::Any, listener::Module, modname::String, file::String, line::Any)
│        @ Requires ~/.julia/packages/Requires/Z8rfN/src/require.jl:47
│     [12] (::StatisticalRethinking.var"#2#11")()
│        @ StatisticalRethinking ~/.julia/packages/Requires/Z8rfN/src/require.jl:100
│     [13] withpath(f::Any, path::String)
│        @ Requires ~/.julia/packages/Requires/Z8rfN/src/require.jl:37
│     [14] (::StatisticalRethinking.var"#1#10")()
│        @ StatisticalRethinking ~/.julia/packages/Requires/Z8rfN/src/require.jl:99
│     [15] listenpkg(f::Any, pkg::Base.PkgId)
│        @ Requires ~/.julia/packages/Requires/Z8rfN/src/require.jl:20
│     [16] macro expansion
│        @ ~/.julia/packages/Requires/Z8rfN/src/require.jl:98 [inlined]
│     [17] __init__()
│        @ StatisticalRethinking ~/.julia/packages/StatisticalRethinking/Bzph1/src/StatisticalRethinking.jl:31
│     [18] run_module_init(mod::Module, i::Int64)
│        @ Base ./loading.jl:1134
│     [19] register_restored_modules(sv::Core.SimpleVector, pkg::Base.PkgId, path::String)
│        @ Base ./loading.jl:1122
│     [20] _include_from_serialized(pkg::Base.PkgId, path::String, ocachepath::String, depmods::Vector{Any})
│        @ Base ./loading.jl:1067
│     [21] _require_search_from_serialized(pkg::Base.PkgId, sourcepath::String, build_id::UInt128)
│        @ Base ./loading.jl:1581
│     [22] _require(pkg::Base.PkgId, env::String)
│        @ Base ./loading.jl:1938
│     [23] __require_prelocked(uuidkey::Base.PkgId, env::String)
│        @ Base ./loading.jl:1812
│     [24] #invoke_in_world#3
│        @ ./essentials.jl:926 [inlined]
│     [25] invoke_in_world
│        @ ./essentials.jl:923 [inlined]
│     [26] _require_prelocked(uuidkey::Base.PkgId, env::String)
│        @ Base ./loading.jl:1803
│     [27] macro expansion
│        @ ./loading.jl:1790 [inlined]
│     [28] macro expansion
│        @ ./lock.jl:267 [inlined]
│     [29] __require(into::Module, mod::Symbol)
│        @ Base ./loading.jl:1753
│     [30] #invoke_in_world#3
│        @ ./essentials.jl:926 [inlined]
│     [31] invoke_in_world
│        @ ./essentials.jl:923 [inlined]
│     [32] require(into::Module, mod::Symbol)
│        @ Base ./loading.jl:1746
│     [33] include(mod::Module, _path::String)
│        @ Base ./Base.jl:495
│     [34] exec_options(opts::Base.JLOptions)
│        @ Base ./client.jl:318
│     [35] _start()
│        @ Base ./client.jl:552
│    in expression starting at /user/home/em18564/.julia/packages/StatisticalRethinking/Bzph1/src/require/turing/turing_optim_sample.jl:3
│    in expression starting at /user/home/em18564/.julia/packages/StatisticalRethinking/Bzph1/src/require/turing/turing.jl:7
└ @ Requires ~/.julia/packages/Requires/Z8rfN/src/require.jl:51
Sampling (4 threads)   0%|                              |  ETA: N/A
┌ Info: Found initial step size
└   ϵ = 0.000732421875
┌ Info: Found initial step size
└   ϵ = 0.0013671875000000001
┌ Info: Found initial step size
└   ϵ = 0.0013671875000000001
┌ Info: Found initial step size
└   ϵ = 0.00078125
Sampling (4 threads)  25%|███████▌                      |  ETA: 4:53:06
Sampling (4 threads)  50%|███████████████               |  ETA: 1:37:42
Sampling (4 threads)  75%|██████████████████████▌       |  ETA: 0:32:34
Sampling (4 threads) 100%|██████████████████████████████| Time: 2:02:26
Sampling (4 threads) 100%|██████████████████████████████| Time: 2:02:26
Chains MCMC chain (250×67×4 Array{Float64, 3}):

Iterations        = 126:1:375
Number of chains  = 4
Samples per chain = 250
Wall duration     = 7334.02 seconds
Compute duration  = 24207.22 seconds
parameters        = σ_w[1], σ_w[2], ρ_w[1, 1], ρ_w[2, 1], ρ_w[1, 2], ρ_w[2, 2], ab_w[1, 1], ab_w[2, 1], ab_w[1, 2], ab_w[2, 2], σ_p[1], σ_p[2], ρ_p[1, 1], ρ_p[2, 1], ρ_p[1, 2], ρ_p[2, 2], ab_p[1, 1], ab_p[2, 1], ab_p[1, 2], ab_p[2, 2], ab_p[1, 3], ab_p[2, 3], ab_p[1, 4], ab_p[2, 4], ab_p[1, 5], ab_p[2, 5], ab_p[1, 6], ab_p[2, 6], ab_p[1, 7], ab_p[2, 7], ab_p[1, 8], ab_p[2, 8], ab_p[1, 9], ab_p[2, 9], ab_p[1, 10], ab_p[2, 10], ab_p[1, 11], ab_p[2, 11], ab_p[1, 12], ab_p[2, 12], σ_e[1], σ_e[2], ρ_e[1, 1], ρ_e[2, 1], ρ_e[1, 2], ρ_e[2, 2], ab_e[1, 1], ab_e[2, 1], ab_e[1, 2], ab_e[2, 2], ae, be, ap, bp, σ
internals         = lp, n_steps, is_accept, acceptance_rate, log_density, hamiltonian_energy, hamiltonian_energy_error, max_hamiltonian_energy_error, tree_depth, numerical_error, step_size, nom_step_size

Summary Statistics
   parameters      mean       std      mcse    ess_bulk   ess_tail      rhat   ess_per_sec
       Symbol   Float64   Float64   Float64     Float64    Float64   Float64       Float64

       σ_w[1]    0.4797    0.5643    0.0504     89.2436   103.3868    1.0482        0.0037
       σ_w[2]    1.2154    0.7778    0.0841     81.3063   293.6160    1.0273        0.0034
    ρ_w[1, 1]    1.0000    0.0000       NaN         NaN        NaN       NaN           NaN
    ρ_w[2, 1]   -0.0830    0.4118    0.0160    649.2833   601.8823    1.0153        0.0268
    ρ_w[1, 2]   -0.0830    0.4118    0.0160    649.2833   601.8823    1.0153        0.0268
    ρ_w[2, 2]    1.0000    0.0000    0.0000   1012.6663        NaN    0.9982        0.0418
   ab_w[1, 1]   -0.0239    0.5472    0.1285     12.4129   102.8712    1.2631        0.0005
   ab_w[2, 1]   -0.1898    0.8158    0.2308     13.2416    52.1704    1.2597        0.0005
   ab_w[1, 2]   -0.0647    0.5309    0.1102     21.8395    47.7743    1.1479        0.0009
   ab_w[2, 2]    0.6095    1.1709    0.4098      7.4891    46.4369    1.5189        0.0003
       σ_p[1]    0.4425    0.3864    0.1539      7.8927    32.9296    1.5050        0.0003
       σ_p[2]    2.1049    1.0283    0.2106     25.4545    58.5543    1.1060        0.0011
    ρ_p[1, 1]    1.0000    0.0000       NaN         NaN        NaN       NaN           NaN
    ρ_p[2, 1]    0.0152    0.5628    0.2591      5.2889    39.1289    2.2081        0.0002
    ρ_p[1, 2]    0.0152    0.5628    0.2591      5.2889    39.1289    2.2081        0.0002
    ρ_p[2, 2]    1.0000    0.0000    0.0000   1014.2732        NaN    1.0199        0.0419
   ab_p[1, 1]   -0.0360    0.3270    0.1300      5.6480    29.2293    2.0121        0.0002
   ab_p[2, 1]    0.3959    1.1878    0.4442      7.4753    24.2552    1.5431        0.0003
   ab_p[1, 2]    0.2941    0.7327    0.3244      5.4772    34.0658    2.1300        0.0002
   ab_p[2, 2]    1.4399    2.7137    1.1716      6.4931    23.3161    1.6908        0.0003
   ab_p[1, 3]    0.1538    0.2837    0.1017      7.2327    68.1834    1.5706        0.0003
   ab_p[2, 3]    0.5209    1.3713    0.5269      7.2519    31.4102    1.5719        0.0003
   ab_p[1, 4]    0.1863    0.6441    0.2844      5.1160    33.5723    2.3925        0.0002
   ab_p[2, 4]   -0.4845    0.9605    0.3007      9.5812    63.9224    1.3451        0.0004
   ab_p[1, 5]    0.0600    0.2113    0.0623     11.7175    37.3345    1.2838        0.0005
   ab_p[2, 5]    0.1969    0.8604    0.2499     11.5411    40.0964    1.2926        0.0005
   ab_p[1, 6]    0.0529    0.4055    0.1621      5.6055    36.6495    2.0226        0.0002
   ab_p[2, 6]    1.8625    3.6425    1.5944      6.4460    25.5886    1.7038        0.0003
   ab_p[1, 7]    0.1556    0.4223    0.1752      5.7502    42.3775    1.9745        0.0002
   ab_p[2, 7]    0.0720    0.7626    0.1538     24.3773    96.6734    1.1341        0.0010
   ab_p[1, 8]    0.1951    0.6890    0.3054      5.0788    31.6701    2.4382        0.0002
   ab_p[2, 8]    0.3998    1.1221    0.3994      8.0257    31.8558    1.4777        0.0003
   ab_p[1, 9]   -0.1885    0.4840    0.2125      5.4797    32.4568    2.0815        0.0002
   ab_p[2, 9]   -0.5084    0.9220    0.2546     11.7554    44.6353    1.2587        0.0005
  ab_p[1, 10]   -0.1529    0.3812    0.1594      5.5712    37.7635    2.0326        0.0002
  ab_p[2, 10]   -1.3451    2.2470    0.9304      6.6934    32.1779    1.6465        0.0003
  ab_p[1, 11]   -0.3792    0.6624    0.2885      5.2319    31.7209    2.2912        0.0002
  ab_p[2, 11]   -2.5120    4.1733    1.7935      6.5576    22.8195    1.6789        0.0003
  ab_p[1, 12]   -0.2798    0.5339    0.2324      5.0141    38.9495    2.5034        0.0002
  ab_p[2, 12]   -1.1415    1.8506    0.7392      6.8232    25.7897    1.6204        0.0003
       σ_e[1]    1.7859    1.1165    0.2684     11.4421    41.8506    1.2933        0.0005
       σ_e[2]    0.4636    0.4790    0.0417     90.6924   364.5925    1.0323        0.0037
    ρ_e[1, 1]    1.0000    0.0000       NaN         NaN        NaN       NaN           NaN
    ρ_e[2, 1]    0.0950    0.3977    0.0749     29.7051   471.4004    1.0955        0.0012
    ρ_e[1, 2]    0.0950    0.3977    0.0749     29.7051   471.4004    1.0955        0.0012
    ρ_e[2, 2]    1.0000    0.0000    0.0000    928.3996        NaN    0.9982        0.0384
   ab_e[1, 1]    0.1394    2.5504    1.1521      4.7856    28.8989    2.8609        0.0002
   ab_e[2, 1]    0.1205    0.2734    0.1039      6.5282    23.7458    1.6885        0.0003
   ab_e[1, 2]   -0.5402    1.3730    0.5790      5.0815    27.9969    2.4063        0.0002
   ab_e[2, 2]    0.1332    0.2932    0.1114      6.5743    22.6417    1.6776        0.0003
           ae   -0.6091    0.9278    0.3748      6.4968    51.1234    1.7242        0.0003
           be   -0.0837    0.6024    0.0375    263.3946   350.6120    1.0193        0.0109
           ap    0.3147    1.7102    0.7816      5.2750    38.6364    2.2351        0.0002
           bp    0.3017    0.6388    0.0687     87.7795   353.1942    1.0672        0.0036
            σ    4.2465    0.0153    0.0006    642.1320   505.4262    1.0197        0.0265

Quantiles
   parameters       2.5%     25.0%     50.0%     75.0%     97.5%
       Symbol    Float64   Float64   Float64   Float64   Float64

       σ_w[1]     0.0118    0.1022    0.2853    0.6117    2.1031
       σ_w[2]     0.2675    0.6397    1.0410    1.5641    3.2484
    ρ_w[1, 1]     1.0000    1.0000    1.0000    1.0000    1.0000
    ρ_w[2, 1]    -0.8204   -0.3945   -0.0858    0.2367    0.6807
    ρ_w[1, 2]    -0.8204   -0.3945   -0.0858    0.2367    0.6807
    ρ_w[2, 2]     1.0000    1.0000    1.0000    1.0000    1.0000
   ab_w[1, 1]    -1.3071   -0.1372   -0.0029    0.1148    1.2405
   ab_w[2, 1]    -1.6323   -0.7157   -0.2870    0.2919    1.6608
   ab_w[1, 2]    -1.3081   -0.2086   -0.0123    0.0640    1.2694
   ab_w[2, 2]    -1.5070   -0.0333    0.5347    1.2293    3.1221
       σ_p[1]     0.0920    0.1844    0.2757    0.5964    1.4493
       σ_p[2]     0.4751    1.3686    1.9788    2.7633    4.3019
    ρ_p[1, 1]     1.0000    1.0000    1.0000    1.0000    1.0000
    ρ_p[2, 1]    -0.8555   -0.5387    0.0630    0.5465    0.8433
    ρ_p[1, 2]    -0.8555   -0.5387    0.0630    0.5465    0.8433
    ρ_p[2, 2]     1.0000    1.0000    1.0000    1.0000    1.0000
   ab_p[1, 1]    -0.8339   -0.1174    0.0071    0.1094    0.5277
   ab_p[2, 1]    -2.3223   -0.2696    0.4769    1.1547    2.5526
   ab_p[1, 2]    -0.5813   -0.2061    0.0360    0.5593    2.0445
   ab_p[2, 2]    -4.8425    0.0947    1.9215    3.3264    5.9312
   ab_p[1, 3]    -0.3230   -0.0483    0.1454    0.2994    0.8250
   ab_p[2, 3]    -2.8048   -0.1924    0.6422    1.3751    2.9928
   ab_p[1, 4]    -0.8293   -0.1790   -0.0128    0.3909    1.7576
   ab_p[2, 4]    -2.5156   -1.0763   -0.3892    0.0942    1.2711
   ab_p[1, 5]    -0.2505   -0.0499    0.0130    0.1132    0.6323
   ab_p[2, 5]    -1.7677   -0.2396    0.1993    0.6976    1.9079
   ab_p[1, 6]    -0.7228   -0.1493    0.0188    0.2356    0.9633
   ab_p[2, 6]    -6.3851    0.1805    2.6162    4.3054    7.4053
   ab_p[1, 7]    -0.3842   -0.0971    0.0258    0.2779    1.2184
   ab_p[2, 7]    -1.6000   -0.3350    0.0813    0.5056    1.5814
   ab_p[1, 8]    -0.8455   -0.1959   -0.0103    0.4274    1.8201
   ab_p[2, 8]    -2.1387   -0.2196    0.4190    1.0744    2.6214
   ab_p[1, 9]    -1.3954   -0.3727   -0.0486    0.1533    0.3782
   ab_p[2, 9]    -2.5157   -1.0091   -0.3993    0.0795    1.1214
  ab_p[1, 10]    -1.1150   -0.2962   -0.0594    0.1080    0.3096
  ab_p[2, 10]    -5.3765   -2.8964   -1.5675   -0.0260    3.0473
  ab_p[1, 11]    -1.8480   -0.7577   -0.3280    0.0615    0.7045
  ab_p[2, 11]   -10.0703   -5.3438   -3.3142   -0.0663    5.7585
  ab_p[1, 12]    -1.5701   -0.5538   -0.2045    0.1116    0.4973
  ab_p[2, 12]    -4.7591   -2.3688   -1.2386   -0.0206    2.3491
       σ_e[1]     0.3447    0.9597    1.5921    2.3049    4.4622
       σ_e[2]     0.0792    0.1821    0.3047    0.5502    1.8175
    ρ_e[1, 1]     1.0000    1.0000    1.0000    1.0000    1.0000
    ρ_e[2, 1]    -0.6532   -0.2074    0.1011    0.4096    0.7782
    ρ_e[1, 2]    -0.6532   -0.2074    0.1011    0.4096    0.7782
    ρ_e[2, 2]     1.0000    1.0000    1.0000    1.0000    1.0000
   ab_e[1, 1]    -5.4721   -0.2047    0.3426    1.3901    4.7656
   ab_e[2, 1]    -0.3515    0.0209    0.1356    0.2109    0.7158
   ab_e[1, 2]    -4.6171   -0.5509   -0.0058    0.2642    0.5505
   ab_e[2, 2]    -0.3595    0.0207    0.1487    0.2287    0.8006
           ae    -2.6775   -1.2336   -0.3557    0.0184    0.8906
           be    -1.3925   -0.4427   -0.0582    0.3024    1.0265
           ap    -2.9364   -0.6858    0.5217    1.6057    3.1865
           bp    -1.0297   -0.0975    0.3080    0.7469    1.5026
            σ     4.2135    4.2362    4.2466    4.2570    4.2753

