Chains MCMC chain (250×85×4 Array{Float64, 3}):

Iterations        = 126:1:375
Number of chains  = 4
Samples per chain = 250
Wall duration     = 3938.07 seconds
Compute duration  = 14630.35 seconds
parameters        = σ_w[1], σ_w[2], ρ_w[1,1], ρ_w[2,1], ρ_w[1,2], ρ_w[2,2], ab_w[1,1], ab_w[2,1], ab_w[1,2], ab_w[2,2], σ_p[1], σ_p[2], ρ_p[1,1], ρ_p[2,1], ρ_p[1,2], ρ_p[2,2], ab_p[1,1], ab_p[2,1], ab_p[1,2], ab_p[2,2], ab_p[1,3], ab_p[2,3], ab_p[1,4], ab_p[2,4], ab_p[1,5], ab_p[2,5], ab_p[1,6], ab_p[2,6], ab_p[1,7], ab_p[2,7], ab_p[1,8], ab_p[2,8], ab_p[1,9], ab_p[2,9], ab_p[1,10], ab_p[2,10], ab_p[1,11], ab_p[2,11], ab_p[1,12], ab_p[2,12], ab_p[1,13], ab_p[2,13], ab_p[1,14], ab_p[2,14], ab_p[1,15], ab_p[2,15], ab_p[1,16], ab_p[2,16], ab_p[1,17], ab_p[2,17], ab_p[1,18], ab_p[2,18], ab_p[1,19], ab_p[2,19], ab_p[1,20], ab_p[2,20], ab_p[1,21], ab_p[2,21], ab_p[1,22], ab_p[2,22], ab_p[1,23], ab_p[2,23], ab_p[1,24], ab_p[2,24], σ_e[1], σ_e[2], ρ_e[1,1], ρ_e[2,1], ρ_e[1,2], ρ_e[2,2], ab_e[1,1], ab_e[2,1], σ
internals         = lp, n_steps, is_accept, acceptance_rate, log_density, hamiltonian_energy, hamiltonian_energy_error, max_hamiltonian_energy_error, tree_depth, numerical_error, step_size, nom_step_size

Summary Statistics
  parameters      mean       std      mcse    ess_bulk   ess_tail      rhat   ess_per_sec
      Symbol   Float64   Float64   Float64     Float64    Float64   Float64       Float64

      σ_w[1]    0.1869    0.2910    0.0317     98.9432   164.7523    1.0339        0.0068
      σ_w[2]    0.1412    0.2287    0.0185    140.3536   148.1717    1.0192        0.0096
    ρ_w[1,1]    1.0000    0.0000       NaN         NaN        NaN       NaN           NaN
    ρ_w[2,1]   -0.0103    0.4744    0.0227    428.3804   395.3635    1.0140        0.0293
    ρ_w[1,2]   -0.0103    0.4744    0.0227    428.3804   395.3635    1.0140        0.0293
    ρ_w[2,2]    1.0000    0.0000    0.0000    913.9824   902.2391    0.9986        0.0625
   ab_w[1,1]   -0.0133    0.1287    0.0060    723.8988   379.2461    1.0232        0.0495
   ab_w[2,1]    0.0152    0.1066    0.0040    749.7037   339.4751    1.0071        0.0512
   ab_w[1,2]   -0.0019    0.1283    0.0060    712.0436   365.8881    1.0158        0.0487
   ab_w[2,2]    0.0085    0.1061    0.0040    841.0072   310.5886    1.0101        0.0575
      σ_p[1]    0.1184    0.0205    0.0008    749.1383   593.6636    1.0132        0.0512
      σ_p[2]    0.0600    0.0151    0.0008    375.3203   491.8408    1.0093        0.0257
    ρ_p[1,1]    1.0000    0.0000       NaN         NaN        NaN       NaN           NaN
    ρ_p[2,1]   -0.2587    0.2361    0.0087    759.4537   518.7675    1.0044        0.0519
    ρ_p[1,2]   -0.2587    0.2361    0.0087    759.4537   518.7675    1.0044        0.0519
    ρ_p[2,2]    1.0000    0.0000    0.0000    800.7717   847.7597    1.0015        0.0547
   ab_p[1,1]   -0.1140    0.0451    0.0014   1021.7467   613.4463    1.0053        0.0698
   ab_p[2,1]    0.0138    0.0366    0.0011   1183.0042   567.2241    1.0120        0.0809
   ab_p[1,2]    0.0096    0.0446    0.0014   1080.5745   866.7333    0.9995        0.0739
   ab_p[2,2]    0.0922    0.0395    0.0014    794.7284   951.6299    1.0015        0.0543
   ab_p[1,3]   -0.0927    0.0444    0.0015    933.0709   790.7182    1.0021        0.0638
   ab_p[2,3]    0.0086    0.0354    0.0010   1187.9658   839.9472    1.0094        0.0812
   ab_p[1,4]    0.1114    0.0452    0.0014   1089.7978   804.8925    1.0096        0.0745
   ab_p[2,4]   -0.0201    0.0359    0.0010   1223.9811   611.4945    1.0059        0.0837
   ab_p[1,5]    0.0160    0.0432    0.0014    990.7089   581.6641    1.0168        0.0677
   ab_p[2,5]   -0.0011    0.0342    0.0011   1018.1584   780.8637    1.0050        0.0696
   ab_p[1,6]   -0.2246    0.0445    0.0013   1109.6865   726.6669    1.0023        0.0758
   ab_p[2,6]    0.1105    0.0402    0.0013    997.4050   927.3945    0.9993        0.0682
   ab_p[1,7]    0.0282    0.0411    0.0012   1095.4170   779.2608    1.0099        0.0749
   ab_p[2,7]   -0.0149    0.0328    0.0010   1104.0326   771.4413    1.0064        0.0755
   ab_p[1,8]    0.1538    0.0436    0.0014   1013.8804   771.1234    1.0065        0.0693
   ab_p[2,8]   -0.0144    0.0342    0.0010   1111.1749   767.5208    1.0032        0.0759
   ab_p[1,9]   -0.1120    0.0444    0.0013   1121.8378   841.6037    1.0009        0.0767
   ab_p[2,9]   -0.0463    0.0394    0.0011   1190.2340   754.0128    1.0023        0.0814
  ab_p[1,10]   -0.1029    0.0436    0.0013   1095.9595   896.4786    1.0059        0.0749
  ab_p[2,10]   -0.0587    0.0385    0.0013    813.4116   803.6859    1.0040        0.0556
  ab_p[1,11]    0.0857    0.0417    0.0012   1156.4121   664.7679    0.9985        0.0790
  ab_p[2,11]   -0.0886    0.0369    0.0013    812.1678   647.9879    1.0049        0.0555
  ab_p[1,12]    0.0069    0.0429    0.0013   1058.8229   647.2910    1.0102        0.0724
  ab_p[2,12]   -0.0136    0.0339    0.0010   1267.1385   901.0627    1.0029        0.0866
  ab_p[1,13]   -0.0090    0.0428    0.0012   1224.5991   672.9053    1.0035        0.0837
  ab_p[2,13]   -0.0311    0.0348    0.0010   1133.4913   662.3957    1.0050        0.0775
  ab_p[1,14]    0.0359    0.0419    0.0013   1056.2111   846.3784    1.0038        0.0722
  ab_p[2,14]   -0.0021    0.0358    0.0010   1228.5271   612.8714    1.0112        0.0840
  ab_p[1,15]   -0.0978    0.0434    0.0013   1052.2045   686.6930    1.0027        0.0719
  ab_p[2,15]    0.0518    0.0352    0.0011    990.9186   691.4441    1.0014        0.0677
  ab_p[1,16]   -0.0304    0.0429    0.0013   1094.1926   615.8650    1.0036        0.0748
  ab_p[2,16]    0.0243    0.0357    0.0010   1203.1865   635.9486    1.0040        0.0822
  ab_p[1,17]   -0.0192    0.0429    0.0012   1274.9957   771.3959    1.0108        0.0871
  ab_p[2,17]    0.0329    0.0373    0.0011   1168.9249   600.0264    0.9978        0.0799
  ab_p[1,18]   -0.0527    0.0435    0.0014    934.8623   842.9727    1.0091        0.0639
  ab_p[2,18]   -0.0191    0.0363    0.0011   1173.3867   913.5769    1.0033        0.0802
  ab_p[1,19]    0.1407    0.0441    0.0014    954.7464   674.4340    1.0020        0.0653
  ab_p[2,19]   -0.0608    0.0373    0.0012   1027.4774   705.2375    0.9995        0.0702
  ab_p[1,20]    0.0391    0.0459    0.0014   1022.9174   753.7921    1.0042        0.0699
  ab_p[2,20]   -0.0317    0.0374    0.0012   1049.9400   775.7129    0.9998        0.0718
  ab_p[1,21]    0.2574    0.0443    0.0013   1185.8131   738.1501    1.0080        0.0811
  ab_p[2,21]    0.0089    0.0379    0.0011   1123.3620   945.4550    1.0018        0.0768
  ab_p[1,22]   -0.0628    0.0460    0.0014   1071.4849   831.4800    1.0055        0.0732
  ab_p[2,22]    0.0192    0.0360    0.0013    755.0108   741.7206    1.0062        0.0516
  ab_p[1,23]   -0.0487    0.0433    0.0014    990.9733   627.0033    1.0058        0.0677
  ab_p[2,23]    0.0363    0.0373    0.0011   1068.4284   742.5615    1.0037        0.0730
  ab_p[1,24]    0.0489    0.0446    0.0014    955.7074   802.2235    1.0026        0.0653
  ab_p[2,24]    0.0147    0.0356    0.0010   1193.1806   805.7054    1.0017        0.0816
      σ_e[1]    0.4150    0.5821    0.0402    145.7617   212.5580    1.0140        0.0100
      σ_e[2]    0.3441    0.4671    0.0297    146.2313   183.4429    1.0210        0.0100
    ρ_e[1,1]    1.0000    0.0000       NaN         NaN        NaN       NaN           NaN
    ρ_e[2,1]   -0.0059    0.4640    0.0234    401.8248   361.8799    1.0123        0.0275
    ρ_e[1,2]   -0.0059    0.4640    0.0234    401.8248   361.8799    1.0123        0.0275
    ρ_e[2,2]    1.0000    0.0000    0.0000   1021.1185   928.5103    1.0004        0.0698
   ab_e[1,1]   -0.0160    0.1288    0.0058    699.0707   350.9174    1.0297        0.0478
   ab_e[2,1]    0.0136    0.1062    0.0039    855.7950   347.5594    1.0062        0.0585
           σ    0.9943    0.0054    0.0002    914.2950   767.0490    1.0034        0.0625

Quantiles
  parameters      2.5%     25.0%     50.0%     75.0%     97.5%
      Symbol   Float64   Float64   Float64   Float64   Float64

      σ_w[1]    0.0050    0.0255    0.0771    0.2042    1.0673
      σ_w[2]    0.0072    0.0298    0.0620    0.1445    0.8258
    ρ_w[1,1]    1.0000    1.0000    1.0000    1.0000    1.0000
    ρ_w[2,1]   -0.8487   -0.4017    0.0093    0.3706    0.8006
    ρ_w[1,2]   -0.8487   -0.4017    0.0093    0.3706    0.8006
    ρ_w[2,2]    1.0000    1.0000    1.0000    1.0000    1.0000
   ab_w[1,1]   -0.2934   -0.0365   -0.0061    0.0153    0.2052
   ab_w[2,1]   -0.1851   -0.0134    0.0086    0.0382    0.2322
   ab_w[1,2]   -0.2739   -0.0247    0.0007    0.0270    0.2203
   ab_w[2,2]   -0.1984   -0.0194    0.0028    0.0283    0.2219
      σ_p[1]    0.0853    0.1037    0.1158    0.1313    0.1641
      σ_p[2]    0.0350    0.0497    0.0592    0.0698    0.0907
    ρ_p[1,1]    1.0000    1.0000    1.0000    1.0000    1.0000
    ρ_p[2,1]   -0.6928   -0.4307   -0.2674   -0.0884    0.2253
    ρ_p[1,2]   -0.6928   -0.4307   -0.2674   -0.0884    0.2253
    ρ_p[2,2]    1.0000    1.0000    1.0000    1.0000    1.0000
   ab_p[1,1]   -0.2028   -0.1433   -0.1145   -0.0841   -0.0252
   ab_p[2,1]   -0.0576   -0.0099    0.0143    0.0380    0.0859
   ab_p[1,2]   -0.0782   -0.0225    0.0106    0.0409    0.0940
   ab_p[2,2]    0.0193    0.0646    0.0911    0.1173    0.1753
   ab_p[1,3]   -0.1863   -0.1212   -0.0918   -0.0636   -0.0089
   ab_p[2,3]   -0.0595   -0.0146    0.0084    0.0328    0.0787
   ab_p[1,4]    0.0273    0.0783    0.1116    0.1420    0.1994
   ab_p[2,4]   -0.0899   -0.0420   -0.0196    0.0043    0.0483
   ab_p[1,5]   -0.0723   -0.0134    0.0163    0.0467    0.0946
   ab_p[2,5]   -0.0657   -0.0237   -0.0026    0.0217    0.0667
   ab_p[1,6]   -0.3140   -0.2528   -0.2246   -0.1951   -0.1404
   ab_p[2,6]    0.0368    0.0828    0.1103    0.1363    0.1902
   ab_p[1,7]   -0.0591    0.0036    0.0293    0.0542    0.1069
   ab_p[2,7]   -0.0849   -0.0356   -0.0151    0.0070    0.0494
   ab_p[1,8]    0.0700    0.1233    0.1535    0.1832    0.2403
   ab_p[2,8]   -0.0816   -0.0377   -0.0136    0.0078    0.0526
   ab_p[1,9]   -0.2013   -0.1400   -0.1126   -0.0805   -0.0280
   ab_p[2,9]   -0.1277   -0.0722   -0.0456   -0.0196    0.0283
  ab_p[1,10]   -0.1863   -0.1322   -0.1023   -0.0729   -0.0169
  ab_p[2,10]   -0.1393   -0.0831   -0.0570   -0.0330    0.0099
  ab_p[1,11]    0.0079    0.0582    0.0847    0.1119    0.1704
  ab_p[2,11]   -0.1603   -0.1124   -0.0863   -0.0649   -0.0170
  ab_p[1,12]   -0.0765   -0.0222    0.0076    0.0357    0.0889
  ab_p[2,12]   -0.0819   -0.0352   -0.0117    0.0080    0.0496
  ab_p[1,13]   -0.0902   -0.0362   -0.0101    0.0202    0.0763
  ab_p[2,13]   -0.1015   -0.0532   -0.0305   -0.0077    0.0359
  ab_p[1,14]   -0.0451    0.0060    0.0381    0.0638    0.1158
  ab_p[2,14]   -0.0759   -0.0241   -0.0019    0.0203    0.0720
  ab_p[1,15]   -0.1823   -0.1249   -0.0977   -0.0681   -0.0187
  ab_p[2,15]   -0.0150    0.0284    0.0505    0.0741    0.1270
  ab_p[1,16]   -0.1177   -0.0581   -0.0299   -0.0021    0.0517
  ab_p[2,16]   -0.0435    0.0005    0.0243    0.0489    0.0935
  ab_p[1,17]   -0.1019   -0.0464   -0.0191    0.0087    0.0639
  ab_p[2,17]   -0.0379    0.0085    0.0311    0.0576    0.1123
  ab_p[1,18]   -0.1381   -0.0830   -0.0518   -0.0242    0.0289
  ab_p[2,18]   -0.0959   -0.0422   -0.0188    0.0061    0.0470
  ab_p[1,19]    0.0579    0.1108    0.1404    0.1704    0.2257
  ab_p[2,19]   -0.1347   -0.0848   -0.0607   -0.0343    0.0136
  ab_p[1,20]   -0.0538    0.0109    0.0393    0.0684    0.1286
  ab_p[2,20]   -0.1059   -0.0572   -0.0325   -0.0057    0.0392
  ab_p[1,21]    0.1743    0.2278    0.2561    0.2856    0.3407
  ab_p[2,21]   -0.0630   -0.0152    0.0084    0.0341    0.0801
  ab_p[1,22]   -0.1568   -0.0925   -0.0619   -0.0330    0.0250
  ab_p[2,22]   -0.0510   -0.0044    0.0182    0.0432    0.0932
  ab_p[1,23]   -0.1313   -0.0770   -0.0485   -0.0213    0.0395
  ab_p[2,23]   -0.0371    0.0132    0.0360    0.0593    0.1158
  ab_p[1,24]   -0.0374    0.0187    0.0492    0.0799    0.1338
  ab_p[2,24]   -0.0530   -0.0096    0.0139    0.0373    0.0922
      σ_e[1]    0.0107    0.0711    0.1871    0.4721    2.1703
      σ_e[2]    0.0103    0.0610    0.1722    0.4531    1.6668
    ρ_e[1,1]    1.0000    1.0000    1.0000    1.0000    1.0000
    ρ_e[2,1]   -0.8337   -0.3826   -0.0086    0.3779    0.8403
    ρ_e[1,2]   -0.8337   -0.3826   -0.0086    0.3779    0.8403
    ρ_e[2,2]    1.0000    1.0000    1.0000    1.0000    1.0000
   ab_e[1,1]   -0.2226   -0.0511   -0.0159    0.0141    0.2548
   ab_e[2,1]   -0.1791   -0.0073    0.0160    0.0423    0.2196
           σ    0.9843    0.9905    0.9943    0.9979    1.0054

