Chains MCMC chain (250×85×4 Array{Float64, 3}):

Iterations        = 126:1:375
Number of chains  = 4
Samples per chain = 250
Wall duration     = 1735.27 seconds
Compute duration  = 6570.86 seconds
parameters        = σ_w[1], σ_w[2], ρ_w[1,1], ρ_w[2,1], ρ_w[1,2], ρ_w[2,2], ab_w[1,1], ab_w[2,1], ab_w[1,2], ab_w[2,2], σ_p[1], σ_p[2], ρ_p[1,1], ρ_p[2,1], ρ_p[1,2], ρ_p[2,2], ab_p[1,1], ab_p[2,1], ab_p[1,2], ab_p[2,2], ab_p[1,3], ab_p[2,3], ab_p[1,4], ab_p[2,4], ab_p[1,5], ab_p[2,5], ab_p[1,6], ab_p[2,6], ab_p[1,7], ab_p[2,7], ab_p[1,8], ab_p[2,8], ab_p[1,9], ab_p[2,9], ab_p[1,10], ab_p[2,10], ab_p[1,11], ab_p[2,11], ab_p[1,12], ab_p[2,12], ab_p[1,13], ab_p[2,13], ab_p[1,14], ab_p[2,14], ab_p[1,15], ab_p[2,15], ab_p[1,16], ab_p[2,16], ab_p[1,17], ab_p[2,17], ab_p[1,18], ab_p[2,18], ab_p[1,19], ab_p[2,19], ab_p[1,20], ab_p[2,20], ab_p[1,21], ab_p[2,21], ab_p[1,22], ab_p[2,22], ab_p[1,23], ab_p[2,23], ab_p[1,24], ab_p[2,24], σ_e[1], σ_e[2], ρ_e[1,1], ρ_e[2,1], ρ_e[1,2], ρ_e[2,2], ab_e[1,1], ab_e[2,1], σ
internals         = lp, n_steps, is_accept, acceptance_rate, log_density, hamiltonian_energy, hamiltonian_energy_error, max_hamiltonian_energy_error, tree_depth, numerical_error, step_size, nom_step_size

Summary Statistics
  parameters      mean       std      mcse    ess_bulk   ess_tail      rhat   ess_per_sec
      Symbol   Float64   Float64   Float64     Float64    Float64   Float64       Float64

      σ_w[1]    0.1424    0.1833    0.0129    131.2944   276.4718    1.0333        0.0200
      σ_w[2]    0.1400    0.2784    0.0243     66.8223   115.9409    1.0587        0.0102
    ρ_w[1,1]    1.0000    0.0000       NaN         NaN        NaN       NaN           NaN
    ρ_w[2,1]    0.0439    0.4847    0.0232    407.6992   422.3565    1.0024        0.0620
    ρ_w[1,2]    0.0439    0.4847    0.0232    407.6992   422.3565    1.0024        0.0620
    ρ_w[2,2]    1.0000    0.0000    0.0000    952.5186   886.6092    0.9988        0.1450
   ab_w[1,1]    0.0234    0.0825    0.0028    855.1489   582.2199    1.0297        0.1301
   ab_w[2,1]   -0.0077    0.1066    0.0040    974.3527   236.1884    1.0398        0.1483
   ab_w[1,2]   -0.0019    0.0819    0.0028    874.0040   523.5790    1.0294        0.1330
   ab_w[2,2]   -0.0154    0.1056    0.0041    988.8608   267.0602    1.0287        0.1505
      σ_p[1]    0.3622    0.0583    0.0020    846.8415   676.1365    1.0028        0.1289
      σ_p[2]    0.0456    0.0134    0.0008    293.5367   329.4219    1.0052        0.0447
    ρ_p[1,1]    1.0000    0.0000       NaN         NaN        NaN       NaN           NaN
    ρ_p[2,1]    0.0430    0.2541    0.0089    830.0685   575.4462    1.0110        0.1263
    ρ_p[1,2]    0.0430    0.2541    0.0089    830.0685   575.4462    1.0110        0.1263
    ρ_p[2,2]    1.0000    0.0000    0.0000    870.3105   846.0298    1.0032        0.1325
   ab_p[1,1]   -0.1426    0.0799    0.0029    759.7929   542.2999    1.0075        0.1156
   ab_p[2,1]   -0.0433    0.0314    0.0012    655.7807   575.8771    1.0053        0.0998
   ab_p[1,2]   -0.2620    0.0800    0.0028    836.7243   544.1576    1.0044        0.1273
   ab_p[2,2]   -0.0377    0.0321    0.0012    743.2470   686.3388    1.0063        0.1131
   ab_p[1,3]   -0.4159    0.0815    0.0029    818.7894   535.5039    1.0122        0.1246
   ab_p[2,3]    0.0784    0.0373    0.0016    542.0624   458.5622    0.9995        0.0825
   ab_p[1,4]   -0.1391    0.0816    0.0028    856.0837   410.4342    1.0117        0.1303
   ab_p[2,4]    0.0110    0.0303    0.0010    983.8798   609.8646    1.0060        0.1497
   ab_p[1,5]   -0.1332    0.0817    0.0029    789.1482   548.3029    1.0119        0.1201
   ab_p[2,5]   -0.0264    0.0325    0.0010    967.2721   506.2379    1.0047        0.1472
   ab_p[1,6]   -0.1756    0.0803    0.0029    785.6246   565.2271    1.0047        0.1196
   ab_p[2,6]    0.0027    0.0305    0.0010    897.0194   503.4249    1.0015        0.1365
   ab_p[1,7]   -0.2754    0.0822    0.0029    788.1836   573.6546    1.0094        0.1200
   ab_p[2,7]   -0.0158    0.0297    0.0010    834.3500   712.1025    1.0028        0.1270
   ab_p[1,8]    0.6261    0.0800    0.0028    824.6622   579.8934    1.0118        0.1255
   ab_p[2,8]   -0.0237    0.0305    0.0009   1102.6976   862.4817    1.0049        0.1678
   ab_p[1,9]    0.0481    0.0811    0.0029    795.5750   588.0824    1.0128        0.1211
   ab_p[2,9]    0.0075    0.0307    0.0009   1090.7764   677.4600    1.0078        0.1660
  ab_p[1,10]    0.0274    0.0807    0.0029    795.4904   513.5674    1.0067        0.1211
  ab_p[2,10]   -0.0147    0.0308    0.0010    899.9319   478.3819    1.0079        0.1370
  ab_p[1,11]    0.3987    0.0816    0.0029    818.8992   471.7854    1.0092        0.1246
  ab_p[2,11]    0.0078    0.0310    0.0009   1094.7032   780.4383    1.0007        0.1666
  ab_p[1,12]    0.6867    0.0818    0.0028    865.8660   543.4731    1.0078        0.1318
  ab_p[2,12]   -0.0188    0.0322    0.0009   1167.9978   753.7675    1.0029        0.1778
  ab_p[1,13]    0.0651    0.0812    0.0028    819.6684   565.8470    1.0058        0.1247
  ab_p[2,13]   -0.0083    0.0302    0.0009   1044.8371   769.4932    1.0068        0.1590
  ab_p[1,14]    0.5959    0.0790    0.0028    820.1912   617.9400    1.0045        0.1248
  ab_p[2,14]    0.0269    0.0344    0.0012    899.4551   563.1209    1.0055        0.1369
  ab_p[1,15]   -0.2259    0.0806    0.0028    809.5866   573.9828    1.0155        0.1232
  ab_p[2,15]   -0.0078    0.0303    0.0009   1060.0136   811.6013    1.0027        0.1613
  ab_p[1,16]   -0.1412    0.0807    0.0029    793.3700   580.5690    1.0074        0.1207
  ab_p[2,16]   -0.0298    0.0312    0.0011    871.4138   530.0050    1.0111        0.1326
  ab_p[1,17]   -0.2766    0.0815    0.0028    840.2230   548.6788    1.0055        0.1279
  ab_p[2,17]    0.0200    0.0306    0.0010    954.6503   757.2614    1.0093        0.1453
  ab_p[1,18]   -0.0333    0.0821    0.0029    787.3839   587.1960    1.0066        0.1198
  ab_p[2,18]    0.0023    0.0300    0.0009   1055.6573   649.7175    1.0040        0.1607
  ab_p[1,19]    0.5978    0.0812    0.0028    853.9478   546.5907    1.0127        0.1300
  ab_p[2,19]    0.0277    0.0319    0.0010   1038.7200   826.9033    0.9986        0.1581
  ab_p[1,20]    0.0182    0.0809    0.0028    847.8923   559.7574    1.0136        0.1290
  ab_p[2,20]    0.0132    0.0299    0.0010    874.3566   560.6231    1.0064        0.1331
  ab_p[1,21]   -0.3740    0.0794    0.0027    885.7813   656.6911    1.0158        0.1348
  ab_p[2,21]   -0.0186    0.0311    0.0009   1115.0186   629.9083    1.0019        0.1697
  ab_p[1,22]   -0.3942    0.0804    0.0029    808.1663   466.5365    1.0120        0.1230
  ab_p[2,22]   -0.0491    0.0347    0.0012    869.6047   505.6205    1.0048        0.1323
  ab_p[1,23]   -0.0538    0.0800    0.0028    822.7756   574.3357    1.0058        0.1252
  ab_p[2,23]    0.0510    0.0319    0.0012    657.2533   516.8507    1.0060        0.1000
  ab_p[1,24]   -0.0104    0.0822    0.0029    807.0370   567.7330    1.0053        0.1228
  ab_p[2,24]    0.0395    0.0325    0.0012    818.0385   710.3218    1.0009        0.1245
      σ_e[1]    0.4272    0.5516    0.0332    212.6860   236.9845    1.0092        0.0324
      σ_e[2]    0.3160    0.4226    0.0296     92.6605   115.1888    1.0421        0.0141
    ρ_e[1,1]    1.0000    0.0000       NaN         NaN        NaN       NaN           NaN
    ρ_e[2,1]    0.0170    0.4614    0.0225    426.8420   461.1592    1.0100        0.0650
    ρ_e[1,2]    0.0170    0.4614    0.0225    426.8420   461.1592    1.0100        0.0650
    ρ_e[2,2]    1.0000    0.0000    0.0000   1134.5168   877.8151    0.9992        0.1727
   ab_e[1,1]    0.0193    0.0983    0.0034    843.2471   517.7320    1.0222        0.1283
   ab_e[2,1]    0.0000    0.1057    0.0041   1050.3690   244.6514    1.0236        0.1599
           σ    0.9348    0.0053    0.0002    987.5950   768.0573    1.0010        0.1503

Quantiles
  parameters      2.5%     25.0%     50.0%     75.0%     97.5%
      Symbol   Float64   Float64   Float64   Float64   Float64

      σ_w[1]    0.0068    0.0373    0.0822    0.1782    0.6143
      σ_w[2]    0.0057    0.0209    0.0532    0.1299    0.9860
    ρ_w[1,1]    1.0000    1.0000    1.0000    1.0000    1.0000
    ρ_w[2,1]   -0.8629   -0.3291    0.0452    0.4369    0.8777
    ρ_w[1,2]   -0.8629   -0.3291    0.0452    0.4369    0.8777
    ρ_w[2,2]    1.0000    1.0000    1.0000    1.0000    1.0000
   ab_w[1,1]   -0.1330   -0.0094    0.0114    0.0511    0.2246
   ab_w[2,1]   -0.3040   -0.0200    0.0007    0.0198    0.1816
   ab_w[1,2]   -0.1599   -0.0362   -0.0066    0.0252    0.1881
   ab_w[2,2]   -0.3027   -0.0269   -0.0032    0.0129    0.1681
      σ_p[1]    0.2698    0.3213    0.3555    0.3956    0.4990
      σ_p[2]    0.0225    0.0365    0.0447    0.0537    0.0735
    ρ_p[1,1]    1.0000    1.0000    1.0000    1.0000    1.0000
    ρ_p[2,1]   -0.4641   -0.1260    0.0475    0.2092    0.5296
    ρ_p[1,2]   -0.4641   -0.1260    0.0475    0.2092    0.5296
    ρ_p[2,2]    1.0000    1.0000    1.0000    1.0000    1.0000
   ab_p[1,1]   -0.3150   -0.1898   -0.1380   -0.0910    0.0053
   ab_p[2,1]   -0.1075   -0.0656   -0.0407   -0.0204    0.0135
   ab_p[1,2]   -0.4322   -0.3075   -0.2590   -0.2108   -0.1147
   ab_p[2,2]   -0.1008   -0.0588   -0.0371   -0.0150    0.0213
   ab_p[1,3]   -0.5901   -0.4627   -0.4136   -0.3664   -0.2582
   ab_p[2,3]    0.0113    0.0523    0.0771    0.1031    0.1558
   ab_p[1,4]   -0.3006   -0.1872   -0.1377   -0.0870    0.0226
   ab_p[2,4]   -0.0449   -0.0088    0.0102    0.0298    0.0740
   ab_p[1,5]   -0.2920   -0.1841   -0.1319   -0.0774    0.0132
   ab_p[2,5]   -0.0947   -0.0470   -0.0250   -0.0032    0.0323
   ab_p[1,6]   -0.3344   -0.2262   -0.1752   -0.1209   -0.0171
   ab_p[2,6]   -0.0553   -0.0181    0.0017    0.0233    0.0672
   ab_p[1,7]   -0.4554   -0.3247   -0.2711   -0.2199   -0.1223
   ab_p[2,7]   -0.0711   -0.0359   -0.0158    0.0050    0.0398
   ab_p[1,8]    0.4613    0.5768    0.6246    0.6785    0.7818
   ab_p[2,8]   -0.0883   -0.0439   -0.0227   -0.0029    0.0325
   ab_p[1,9]   -0.1239   -0.0029    0.0494    0.1007    0.1987
   ab_p[2,9]   -0.0516   -0.0132    0.0055    0.0278    0.0693
  ab_p[1,10]   -0.1411   -0.0208    0.0299    0.0803    0.1765
  ab_p[2,10]   -0.0751   -0.0345   -0.0152    0.0053    0.0462
  ab_p[1,11]    0.2321    0.3453    0.4017    0.4534    0.5509
  ab_p[2,11]   -0.0495   -0.0127    0.0081    0.0284    0.0715
  ab_p[1,12]    0.5154    0.6362    0.6918    0.7377    0.8367
  ab_p[2,12]   -0.0811   -0.0407   -0.0178    0.0024    0.0453
  ab_p[1,13]   -0.1069    0.0162    0.0671    0.1180    0.2185
  ab_p[2,13]   -0.0663   -0.0293   -0.0083    0.0109    0.0546
  ab_p[1,14]    0.4328    0.5478    0.5961    0.6448    0.7536
  ab_p[2,14]   -0.0398    0.0035    0.0262    0.0486    0.0996
  ab_p[1,15]   -0.3883   -0.2783   -0.2223   -0.1751   -0.0730
  ab_p[2,15]   -0.0700   -0.0274   -0.0074    0.0126    0.0499
  ab_p[1,16]   -0.3070   -0.1910   -0.1375   -0.0884    0.0059
  ab_p[2,16]   -0.0874   -0.0515   -0.0298   -0.0084    0.0297
  ab_p[1,17]   -0.4578   -0.3238   -0.2700   -0.2253   -0.1179
  ab_p[2,17]   -0.0386   -0.0007    0.0183    0.0405    0.0851
  ab_p[1,18]   -0.2051   -0.0838   -0.0327    0.0198    0.1167
  ab_p[2,18]   -0.0580   -0.0163    0.0022    0.0229    0.0588
  ab_p[1,19]    0.4262    0.5487    0.6002    0.6504    0.7555
  ab_p[2,19]   -0.0313    0.0048    0.0271    0.0483    0.0904
  ab_p[1,20]   -0.1462   -0.0335    0.0204    0.0728    0.1702
  ab_p[2,20]   -0.0448   -0.0070    0.0138    0.0325    0.0719
  ab_p[1,21]   -0.5503   -0.4259   -0.3686   -0.3192   -0.2267
  ab_p[2,21]   -0.0827   -0.0389   -0.0178    0.0016    0.0442
  ab_p[1,22]   -0.5598   -0.4420   -0.3930   -0.3436   -0.2388
  ab_p[2,22]   -0.1217   -0.0705   -0.0475   -0.0244    0.0110
  ab_p[1,23]   -0.2176   -0.0999   -0.0526   -0.0022    0.0972
  ab_p[2,23]   -0.0055    0.0287    0.0497    0.0723    0.1154
  ab_p[1,24]   -0.1732   -0.0602   -0.0092    0.0454    0.1443
  ab_p[2,24]   -0.0168    0.0174    0.0374    0.0599    0.1080
      σ_e[1]    0.0140    0.0910    0.2300    0.5488    1.9197
      σ_e[2]    0.0111    0.0580    0.1769    0.4145    1.5245
    ρ_e[1,1]    1.0000    1.0000    1.0000    1.0000    1.0000
    ρ_e[2,1]   -0.8420   -0.3340    0.0314    0.3874    0.8238
    ρ_e[1,2]   -0.8420   -0.3340    0.0314    0.3874    0.8238
    ρ_e[2,2]    1.0000    1.0000    1.0000    1.0000    1.0000
   ab_e[1,1]   -0.1821   -0.0333    0.0156    0.0672    0.2207
   ab_e[2,1]   -0.1867   -0.0316   -0.0093    0.0127    0.2865
           σ    0.9250    0.9312    0.9346    0.9385    0.9453

