Chains MCMC chain (250×85×4 Array{Float64, 3}):

Iterations        = 126:1:375
Number of chains  = 4
Samples per chain = 250
Wall duration     = 1959.27 seconds
Compute duration  = 6852.24 seconds
parameters        = σ_w[1], σ_w[2], ρ_w[1,1], ρ_w[2,1], ρ_w[1,2], ρ_w[2,2], ab_w[1,1], ab_w[2,1], ab_w[1,2], ab_w[2,2], σ_p[1], σ_p[2], ρ_p[1,1], ρ_p[2,1], ρ_p[1,2], ρ_p[2,2], ab_p[1,1], ab_p[2,1], ab_p[1,2], ab_p[2,2], ab_p[1,3], ab_p[2,3], ab_p[1,4], ab_p[2,4], ab_p[1,5], ab_p[2,5], ab_p[1,6], ab_p[2,6], ab_p[1,7], ab_p[2,7], ab_p[1,8], ab_p[2,8], ab_p[1,9], ab_p[2,9], ab_p[1,10], ab_p[2,10], ab_p[1,11], ab_p[2,11], ab_p[1,12], ab_p[2,12], ab_p[1,13], ab_p[2,13], ab_p[1,14], ab_p[2,14], ab_p[1,15], ab_p[2,15], ab_p[1,16], ab_p[2,16], ab_p[1,17], ab_p[2,17], ab_p[1,18], ab_p[2,18], ab_p[1,19], ab_p[2,19], ab_p[1,20], ab_p[2,20], ab_p[1,21], ab_p[2,21], ab_p[1,22], ab_p[2,22], ab_p[1,23], ab_p[2,23], ab_p[1,24], ab_p[2,24], σ_e[1], σ_e[2], ρ_e[1,1], ρ_e[2,1], ρ_e[1,2], ρ_e[2,2], ab_e[1,1], ab_e[2,1], σ
internals         = lp, n_steps, is_accept, acceptance_rate, log_density, hamiltonian_energy, hamiltonian_energy_error, max_hamiltonian_energy_error, tree_depth, numerical_error, step_size, nom_step_size

Summary Statistics
  parameters      mean       std      mcse    ess_bulk   ess_tail      rhat   ess_per_sec
      Symbol   Float64   Float64   Float64     Float64    Float64   Float64       Float64

      σ_w[1]    0.2092    0.2713    0.0299     71.7112   202.8463    1.0681        0.0105
      σ_w[2]    0.2317    0.3001    0.0338     56.3400   218.3203    1.0684        0.0082
    ρ_w[1,1]    1.0000    0.0000       NaN         NaN        NaN       NaN           NaN
    ρ_w[2,1]    0.0763    0.4326    0.0197    501.7418   517.5711    1.0037        0.0732
    ρ_w[1,2]    0.0763    0.4326    0.0197    501.7418   517.5711    1.0037        0.0732
    ρ_w[2,2]    1.0000    0.0000    0.0000    794.1864   799.0715    1.0032        0.1159
   ab_w[1,1]   -0.0346    0.1474    0.0088    429.1485   231.5153    1.0375        0.0626
   ab_w[2,1]   -0.0509    0.1096    0.0040    784.1386   228.1880    1.0331        0.1144
   ab_w[1,2]    0.0107    0.1460    0.0088    446.4837   231.0242    1.0396        0.0652
   ab_w[2,2]    0.0336    0.1086    0.0040    783.8063   206.3893    1.0392        0.1144
      σ_p[1]    0.1954    0.0319    0.0010    974.2621   563.9147    1.0022        0.1422
      σ_p[2]    0.0402    0.0130    0.0010    161.6170   190.5368    1.0242        0.0236
    ρ_p[1,1]    1.0000    0.0000       NaN         NaN        NaN       NaN           NaN
    ρ_p[2,1]    0.4326    0.2542    0.0101    643.8849   436.0925    1.0050        0.0940
    ρ_p[1,2]    0.4326    0.2542    0.0101    643.8849   436.0925    1.0050        0.0940
    ρ_p[2,2]    1.0000    0.0000    0.0000    869.2756   732.7523    1.0041        0.1269
   ab_p[1,1]   -0.0127    0.0528    0.0017    991.8309   700.1606    1.0042        0.1447
   ab_p[2,1]   -0.0399    0.0308    0.0013    547.2237   725.7276    1.0074        0.0799
   ab_p[1,2]   -0.1058    0.0545    0.0018    953.9721   709.8155    1.0041        0.1392
   ab_p[2,2]    0.0091    0.0271    0.0009    896.4081   720.1516    1.0069        0.1308
   ab_p[1,3]   -0.2022    0.0547    0.0017    984.5252   716.2243    1.0013        0.1437
   ab_p[2,3]   -0.0178    0.0282    0.0007   1386.8365   685.8585    1.0045        0.2024
   ab_p[1,4]   -0.0192    0.0557    0.0018    947.4072   764.4764    1.0021        0.1383
   ab_p[2,4]   -0.0088    0.0271    0.0009   1012.1172   673.3416    1.0073        0.1477
   ab_p[1,5]    0.0170    0.0558    0.0017   1024.7862   801.5883    1.0039        0.1496
   ab_p[2,5]   -0.0257    0.0294    0.0011    787.6844   779.9662    1.0065        0.1150
   ab_p[1,6]    0.1339    0.0555    0.0018    935.4078   821.2019    1.0019        0.1365
   ab_p[2,6]   -0.0138    0.0299    0.0011    739.7506   474.2632    1.0081        0.1080
   ab_p[1,7]   -0.0861    0.0546    0.0017   1005.8070   804.9584    1.0016        0.1468
   ab_p[2,7]   -0.0116    0.0271    0.0008   1147.7365   769.0251    1.0099        0.1675
   ab_p[1,8]   -0.0199    0.0540    0.0018    908.3626   815.5749    1.0040        0.1326
   ab_p[2,8]    0.0279    0.0289    0.0012    553.9641   762.2521    1.0018        0.0808
   ab_p[1,9]    0.1970    0.0528    0.0017    912.6233   734.4983    1.0040        0.1332
   ab_p[2,9]    0.0223    0.0286    0.0009   1079.9378   437.3674    1.0015        0.1576
  ab_p[1,10]    0.2026    0.0530    0.0018    929.4986   858.5829    1.0061        0.1356
  ab_p[2,10]    0.0307    0.0290    0.0009   1113.6622   648.4631    1.0106        0.1625
  ab_p[1,11]    0.5053    0.0548    0.0017   1000.4910   618.0321    1.0010        0.1460
  ab_p[2,11]    0.0734    0.0348    0.0014    634.6803   741.2595    1.0024        0.0926
  ab_p[1,12]    0.3043    0.0555    0.0018    915.6050   756.0916    1.0069        0.1336
  ab_p[2,12]    0.0273    0.0299    0.0010    897.2723   668.4579    1.0022        0.1309
  ab_p[1,13]   -0.0520    0.0543    0.0018    868.1095   757.4312    1.0017        0.1267
  ab_p[2,13]   -0.0097    0.0260    0.0008   1053.9548   491.3828    1.0151        0.1538
  ab_p[1,14]    0.0146    0.0532    0.0018    899.7098   808.2177    1.0027        0.1313
  ab_p[2,14]    0.0250    0.0282    0.0011    671.9241   716.8701    1.0110        0.0981
  ab_p[1,15]   -0.2034    0.0555    0.0017   1109.0774   779.1642    1.0050        0.1619
  ab_p[2,15]   -0.0314    0.0297    0.0009   1057.9142   556.1379    1.0038        0.1544
  ab_p[1,16]    0.1268    0.0542    0.0017   1011.6988   744.9682    1.0013        0.1476
  ab_p[2,16]   -0.0003    0.0262    0.0008    954.8504   648.8956    1.0014        0.1393
  ab_p[1,17]   -0.0295    0.0517    0.0015   1119.3363   880.3614    1.0015        0.1634
  ab_p[2,17]   -0.0157    0.0267    0.0008   1108.7105   727.6338    1.0140        0.1618
  ab_p[1,18]    0.0409    0.0549    0.0018    923.6330   721.4063    1.0030        0.1348
  ab_p[2,18]   -0.0153    0.0274    0.0009   1034.0477   665.6708    1.0038        0.1509
  ab_p[1,19]    0.0059    0.0544    0.0018    939.8315   809.5297    1.0065        0.1372
  ab_p[2,19]    0.0331    0.0300    0.0011    794.1583   840.8173    1.0015        0.1159
  ab_p[1,20]   -0.0778    0.0537    0.0017   1003.6727   834.4174    1.0036        0.1465
  ab_p[2,20]    0.0039    0.0279    0.0008   1233.3590   753.2687    1.0196        0.1800
  ab_p[1,21]   -0.1906    0.0563    0.0018   1027.6514   882.4559    1.0037        0.1500
  ab_p[2,21]   -0.0052    0.0288    0.0009   1007.4227   701.3286    1.0094        0.1470
  ab_p[1,22]   -0.2445    0.0549    0.0017   1095.2279   687.1820    1.0100        0.1598
  ab_p[2,22]    0.0052    0.0301    0.0010    849.0527   804.6699    1.0053        0.1239
  ab_p[1,23]   -0.2554    0.0563    0.0018    997.9025   737.8480    1.0072        0.1456
  ab_p[2,23]   -0.0477    0.0299    0.0012    655.2752   891.9315    1.0045        0.0956
  ab_p[1,24]   -0.1160    0.0533    0.0017    945.1138   849.7001    1.0044        0.1379
  ab_p[2,24]   -0.0187    0.0269    0.0008   1167.4204   748.1965    1.0160        0.1704
      σ_e[1]    0.3733    0.4946    0.0330    162.0589   334.8697    1.0269        0.0237
      σ_e[2]    0.3705    0.5740    0.0368    102.8115   124.1125    1.0319        0.0150
    ρ_e[1,1]    1.0000    0.0000       NaN         NaN        NaN       NaN           NaN
    ρ_e[2,1]   -0.0004    0.4428    0.0222    399.7893   320.6340    1.0159        0.0583
    ρ_e[1,2]   -0.0004    0.4428    0.0222    399.7893   320.6340    1.0159        0.0583
    ρ_e[2,2]    1.0000    0.0000    0.0000    984.7235   917.4740    1.0035        0.1437
   ab_e[1,1]   -0.0282    0.1499    0.0089    386.3665   185.8548    1.0363        0.0564
   ab_e[2,1]   -0.0185    0.1081    0.0040    775.6916   222.2901    1.0398        0.1132
           σ    0.9670    0.0054    0.0002   1068.5550   883.4674    1.0012        0.1559

Quantiles
  parameters      2.5%     25.0%     50.0%     75.0%     97.5%
      Symbol   Float64   Float64   Float64   Float64   Float64

      σ_w[1]    0.0086    0.0446    0.1011    0.2614    0.9748
      σ_w[2]    0.0293    0.0696    0.1274    0.2726    1.0916
    ρ_w[1,1]    1.0000    1.0000    1.0000    1.0000    1.0000
    ρ_w[2,1]   -0.7414   -0.2813    0.1151    0.4082    0.8010
    ρ_w[1,2]   -0.7414   -0.2813    0.1151    0.4082    0.8010
    ρ_w[2,2]    1.0000    1.0000    1.0000    1.0000    1.0000
   ab_w[1,1]   -0.3767   -0.0735   -0.0300   -0.0017    0.3069
   ab_w[2,1]   -0.2859   -0.0939   -0.0493   -0.0067    0.2001
   ab_w[1,2]   -0.3361   -0.0285    0.0086    0.0411    0.3663
   ab_w[2,2]   -0.1842   -0.0064    0.0286    0.0715    0.2876
      σ_p[1]    0.1421    0.1724    0.1920    0.2146    0.2695
      σ_p[2]    0.0167    0.0315    0.0391    0.0484    0.0676
    ρ_p[1,1]    1.0000    1.0000    1.0000    1.0000    1.0000
    ρ_p[2,1]   -0.1179    0.2720    0.4643    0.6257    0.8231
    ρ_p[1,2]   -0.1179    0.2720    0.4643    0.6257    0.8231
    ρ_p[2,2]    1.0000    1.0000    1.0000    1.0000    1.0000
   ab_p[1,1]   -0.1139   -0.0485   -0.0126    0.0235    0.0857
   ab_p[2,1]   -0.1059   -0.0597   -0.0384   -0.0166    0.0147
   ab_p[1,2]   -0.2157   -0.1402   -0.1042   -0.0676   -0.0017
   ab_p[2,2]   -0.0432   -0.0094    0.0074    0.0258    0.0660
   ab_p[1,3]   -0.3088   -0.2367   -0.2034   -0.1686   -0.0936
   ab_p[2,3]   -0.0735   -0.0351   -0.0173    0.0002    0.0398
   ab_p[1,4]   -0.1257   -0.0583   -0.0188    0.0179    0.0912
   ab_p[2,4]   -0.0640   -0.0263   -0.0077    0.0095    0.0427
   ab_p[1,5]   -0.0882   -0.0219    0.0161    0.0524    0.1285
   ab_p[2,5]   -0.0886   -0.0438   -0.0231   -0.0058    0.0255
   ab_p[1,6]    0.0257    0.0985    0.1313    0.1695    0.2470
   ab_p[2,6]   -0.0760   -0.0314   -0.0119    0.0060    0.0408
   ab_p[1,7]   -0.1874   -0.1251   -0.0885   -0.0458    0.0172
   ab_p[2,7]   -0.0663   -0.0283   -0.0105    0.0057    0.0400
   ab_p[1,8]   -0.1253   -0.0559   -0.0188    0.0150    0.0895
   ab_p[2,8]   -0.0217    0.0073    0.0253    0.0473    0.0888
   ab_p[1,9]    0.0954    0.1606    0.1950    0.2310    0.2985
   ab_p[2,9]   -0.0340    0.0041    0.0223    0.0403    0.0790
  ab_p[1,10]    0.1047    0.1634    0.2023    0.2381    0.3029
  ab_p[2,10]   -0.0264    0.0127    0.0289    0.0489    0.0913
  ab_p[1,11]    0.4016    0.4687    0.5048    0.5416    0.6124
  ab_p[2,11]    0.0057    0.0494    0.0720    0.0962    0.1433
  ab_p[1,12]    0.1999    0.2668    0.3021    0.3420    0.4117
  ab_p[2,12]   -0.0280    0.0078    0.0263    0.0461    0.0864
  ab_p[1,13]   -0.1632   -0.0883   -0.0530   -0.0145    0.0548
  ab_p[2,13]   -0.0619   -0.0256   -0.0108    0.0074    0.0408
  ab_p[1,14]   -0.0873   -0.0214    0.0144    0.0493    0.1219
  ab_p[2,14]   -0.0261    0.0058    0.0237    0.0431    0.0819
  ab_p[1,15]   -0.3119   -0.2430   -0.2015   -0.1654   -0.0899
  ab_p[2,15]   -0.0897   -0.0513   -0.0292   -0.0127    0.0239
  ab_p[1,16]    0.0199    0.0918    0.1252    0.1611    0.2432
  ab_p[2,16]   -0.0544   -0.0168   -0.0009    0.0162    0.0528
  ab_p[1,17]   -0.1260   -0.0637   -0.0313    0.0016    0.0793
  ab_p[2,17]   -0.0705   -0.0314   -0.0147    0.0011    0.0381
  ab_p[1,18]   -0.0681    0.0039    0.0413    0.0763    0.1457
  ab_p[2,18]   -0.0723   -0.0334   -0.0148    0.0045    0.0355
  ab_p[1,19]   -0.0977   -0.0302    0.0041    0.0427    0.1190
  ab_p[2,19]   -0.0212    0.0117    0.0314    0.0520    0.0947
  ab_p[1,20]   -0.1811   -0.1141   -0.0798   -0.0431    0.0246
  ab_p[2,20]   -0.0505   -0.0147    0.0024    0.0220    0.0600
  ab_p[1,21]   -0.2999   -0.2287   -0.1904   -0.1537   -0.0797
  ab_p[2,21]   -0.0644   -0.0222   -0.0066    0.0127    0.0530
  ab_p[1,22]   -0.3518   -0.2785   -0.2440   -0.2081   -0.1353
  ab_p[2,22]   -0.0503   -0.0156    0.0036    0.0242    0.0679
  ab_p[1,23]   -0.3635   -0.2946   -0.2558   -0.2162   -0.1464
  ab_p[2,23]   -0.1122   -0.0670   -0.0460   -0.0270    0.0059
  ab_p[1,24]   -0.2137   -0.1530   -0.1173   -0.0793   -0.0098
  ab_p[2,24]   -0.0752   -0.0348   -0.0176    0.0003    0.0290
      σ_e[1]    0.0182    0.0746    0.1991    0.4439    1.8382
      σ_e[2]    0.0081    0.0645    0.1764    0.4494    1.7907
    ρ_e[1,1]    1.0000    1.0000    1.0000    1.0000    1.0000
    ρ_e[2,1]   -0.8001   -0.3431    0.0089    0.3506    0.7857
    ρ_e[1,2]   -0.8001   -0.3431    0.0089    0.3506    0.7857
    ρ_e[2,2]    1.0000    1.0000    1.0000    1.0000    1.0000
   ab_e[1,1]   -0.3995   -0.0715   -0.0229    0.0195    0.3113
   ab_e[2,1]   -0.2787   -0.0557   -0.0119    0.0191    0.2054
           σ    0.9567    0.9633    0.9672    0.9710    0.9775

