Chains MCMC chain (250×89×4 Array{Float64, 3}):

Iterations        = 126:1:375
Number of chains  = 4
Samples per chain = 250
Wall duration     = 4243.71 seconds
Compute duration  = 15685.76 seconds
parameters        = σ_w[1], σ_w[2], ρ_w[1,1], ρ_w[2,1], ρ_w[1,2], ρ_w[2,2], ab_w[1,1], ab_w[2,1], ab_w[1,2], ab_w[2,2], ab_w[1,3], ab_w[2,3], ab_w[1,4], ab_w[2,4], σ_p[1], σ_p[2], ρ_p[1,1], ρ_p[2,1], ρ_p[1,2], ρ_p[2,2], ab_p[1,1], ab_p[2,1], ab_p[1,2], ab_p[2,2], ab_p[1,3], ab_p[2,3], ab_p[1,4], ab_p[2,4], ab_p[1,5], ab_p[2,5], ab_p[1,6], ab_p[2,6], ab_p[1,7], ab_p[2,7], ab_p[1,8], ab_p[2,8], ab_p[1,9], ab_p[2,9], ab_p[1,10], ab_p[2,10], ab_p[1,11], ab_p[2,11], ab_p[1,12], ab_p[2,12], ab_p[1,13], ab_p[2,13], ab_p[1,14], ab_p[2,14], ab_p[1,15], ab_p[2,15], ab_p[1,16], ab_p[2,16], ab_p[1,17], ab_p[2,17], ab_p[1,18], ab_p[2,18], ab_p[1,19], ab_p[2,19], ab_p[1,20], ab_p[2,20], ab_p[1,21], ab_p[2,21], ab_p[1,22], ab_p[2,22], ab_p[1,23], ab_p[2,23], ab_p[1,24], ab_p[2,24], σ_e[1], σ_e[2], ρ_e[1,1], ρ_e[2,1], ρ_e[1,2], ρ_e[2,2], ab_e[1,1], ab_e[2,1], σ
internals         = lp, n_steps, is_accept, acceptance_rate, log_density, hamiltonian_energy, hamiltonian_energy_error, max_hamiltonian_energy_error, tree_depth, numerical_error, step_size, nom_step_size

Summary Statistics
  parameters      mean       std      mcse    ess_bulk   ess_tail      rhat   ess_per_sec
      Symbol   Float64   Float64   Float64     Float64    Float64   Float64       Float64

      σ_w[1]    0.1314    0.0836    0.0046    409.1787   446.0427    1.0118        0.0261
      σ_w[2]    0.0488    0.0534    0.0058    191.7307   123.3149    1.0304        0.0122
    ρ_w[1,1]    1.0000    0.0000       NaN         NaN        NaN       NaN           NaN
    ρ_w[2,1]   -0.0341    0.4010    0.0160    638.6856   536.6891    1.0044        0.0407
    ρ_w[1,2]   -0.0341    0.4010    0.0160    638.6856   536.6891    1.0044        0.0407
    ρ_w[2,2]    1.0000    0.0000    0.0000    983.1160   926.6313    1.0003        0.0627
   ab_w[1,1]   -0.0562    0.0680    0.0023    904.7124   610.4912    1.0055        0.0577
   ab_w[2,1]   -0.0144    0.0302    0.0010    909.3190   425.8061    1.0217        0.0580
   ab_w[1,2]    0.1165    0.0664    0.0022    937.6866   646.7202    1.0126        0.0598
   ab_w[2,2]   -0.0056    0.0286    0.0010    926.4481   539.5229    1.0174        0.0591
   ab_w[1,3]   -0.0154    0.0660    0.0022    941.0215   602.2910    1.0177        0.0600
   ab_w[2,3]    0.0256    0.0292    0.0010    860.0854   369.6818    1.0271        0.0548
   ab_w[1,4]   -0.0220    0.0672    0.0022    919.1117   574.1322    1.0091        0.0586
   ab_w[2,4]   -0.0145    0.0322    0.0011    940.1806   349.1843    1.0248        0.0599
      σ_p[1]    0.1971    0.0314    0.0012    727.1949   648.5973    1.0071        0.0464
      σ_p[2]    0.0381    0.0096    0.0004    545.2035   687.3898    1.0088        0.0348
    ρ_p[1,1]    1.0000    0.0000       NaN         NaN        NaN       NaN           NaN
    ρ_p[2,1]    0.5988    0.1935    0.0079    541.1342   350.6420    1.0101        0.0345
    ρ_p[1,2]    0.5988    0.1935    0.0079    541.1342   350.6420    1.0101        0.0345
    ρ_p[2,2]    1.0000    0.0000    0.0000    949.8494   969.6440    1.0011        0.0606
   ab_p[1,1]   -0.0241    0.0478    0.0016    958.5408   687.5927    1.0046        0.0611
   ab_p[2,1]   -0.0308    0.0234    0.0008    832.3051   833.3643    1.0076        0.0531
   ab_p[1,2]   -0.1569    0.0477    0.0016    876.1579   708.9597    1.0050        0.0559
   ab_p[2,2]   -0.0061    0.0227    0.0007   1010.2328   806.4681    1.0060        0.0644
   ab_p[1,3]   -0.1823    0.0493    0.0017    812.5153   786.6558    1.0048        0.0518
   ab_p[2,3]   -0.0288    0.0219    0.0007   1047.4534   749.0022    1.0028        0.0668
   ab_p[1,4]    0.0891    0.0487    0.0017    787.3687   581.3172    1.0045        0.0502
   ab_p[2,4]    0.0180    0.0210    0.0007    831.1252   608.9488    1.0012        0.0530
   ab_p[1,5]   -0.0724    0.0478    0.0016    878.8382   700.8409    1.0040        0.0560
   ab_p[2,5]   -0.0189    0.0211    0.0007    940.6495   579.6216    1.0024        0.0600
   ab_p[1,6]    0.0979    0.0494    0.0018    755.7584   705.0749    1.0018        0.0482
   ab_p[2,6]   -0.0163    0.0243    0.0009    709.4116   769.0687    1.0020        0.0452
   ab_p[1,7]   -0.1620    0.0490    0.0016    889.1329   698.0327    1.0042        0.0567
   ab_p[2,7]   -0.0269    0.0221    0.0007   1036.7996   666.5761    1.0010        0.0661
   ab_p[1,8]    0.0857    0.0486    0.0017    860.6087   718.6729    1.0021        0.0549
   ab_p[2,8]    0.0190    0.0200    0.0007    951.4271   674.2801    1.0082        0.0607
   ab_p[1,9]    0.1678    0.0506    0.0016   1002.9515   747.3479    1.0004        0.0639
   ab_p[2,9]    0.0282    0.0228    0.0007   1127.5651   755.7366    1.0048        0.0719
  ab_p[1,10]    0.2139    0.0493    0.0018    750.7166   687.0280    1.0046        0.0479
  ab_p[2,10]    0.0187    0.0217    0.0007    968.1430   862.3324    1.0054        0.0617
  ab_p[1,11]    0.4700    0.0485    0.0017    813.0869   564.9592    1.0021        0.0518
  ab_p[2,11]    0.0832    0.0259    0.0008   1032.5494   826.9248    1.0046        0.0658
  ab_p[1,12]    0.3892    0.0499    0.0018    731.2801   759.7879    1.0047        0.0466
  ab_p[2,12]    0.0472    0.0249    0.0007   1106.9766   862.5718    1.0039        0.0706
  ab_p[1,13]   -0.0453    0.0470    0.0016    833.2946   712.6217    1.0009        0.0531
  ab_p[2,13]    0.0146    0.0220    0.0007    969.7797   721.3789    1.0096        0.0618
  ab_p[1,14]    0.1838    0.0503    0.0017    870.6154   651.3017    1.0048        0.0555
  ab_p[2,14]    0.0322    0.0236    0.0007   1083.7363   611.8817    1.0040        0.0691
  ab_p[1,15]   -0.1169    0.0482    0.0017    832.4947   794.8593    1.0023        0.0531
  ab_p[2,15]   -0.0255    0.0210    0.0007    931.6547   818.6343    1.0012        0.0594
  ab_p[1,16]    0.0004    0.0491    0.0016    891.6670   869.0075    0.9982        0.0568
  ab_p[2,16]   -0.0280    0.0245    0.0009    890.1516   773.8030    1.0053        0.0567
  ab_p[1,17]   -0.0927    0.0489    0.0016    891.9497   820.7469    1.0001        0.0569
  ab_p[2,17]   -0.0286    0.0227    0.0007   1038.2287   857.6232    1.0031        0.0662
  ab_p[1,18]    0.0226    0.0485    0.0017    877.6573   701.2878    1.0007        0.0560
  ab_p[2,18]   -0.0145    0.0227    0.0008    811.6776   562.8352    1.0010        0.0517
  ab_p[1,19]   -0.0068    0.0491    0.0016    916.8971   787.5857    1.0033        0.0585
  ab_p[2,19]    0.0298    0.0235    0.0008    891.3510   725.4037    0.9996        0.0568
  ab_p[1,20]   -0.1066    0.0507    0.0017    857.5566   702.8716    1.0010        0.0547
  ab_p[2,20]    0.0040    0.0219    0.0007    978.0657   849.9210    1.0044        0.0624
  ab_p[1,21]   -0.2150    0.0491    0.0016    984.7560   698.1284    1.0017        0.0628
  ab_p[2,21]   -0.0359    0.0224    0.0007   1141.5211   952.3399    1.0002        0.0728
  ab_p[1,22]   -0.2934    0.0511    0.0017    884.1288   742.7881    1.0045        0.0564
  ab_p[2,22]   -0.0174    0.0230    0.0007    982.1787   667.5274    0.9994        0.0626
  ab_p[1,23]   -0.2321    0.0486    0.0017    789.3244   833.0340    1.0014        0.0503
  ab_p[2,23]   -0.0296    0.0217    0.0007   1055.1225   747.6548    1.0027        0.0673
  ab_p[1,24]   -0.0841    0.0476    0.0016    846.6873   766.6296    1.0065        0.0540
  ab_p[2,24]   -0.0054    0.0201    0.0006   1096.0751   783.3986    1.0016        0.0699
      σ_e[1]    0.3329    0.5319    0.0340    108.8841   146.6321    1.0369        0.0069
      σ_e[2]    0.2561    0.4302    0.0322    106.9262   157.6392    1.0407        0.0068
    ρ_e[1,1]    1.0000    0.0000       NaN         NaN        NaN       NaN           NaN
    ρ_e[2,1]    0.0053    0.4549    0.0201    510.4124   311.4368    1.0253        0.0325
    ρ_e[1,2]    0.0053    0.4549    0.0201    510.4124   311.4368    1.0253        0.0325
    ρ_e[2,2]    1.0000    0.0000    0.0000    924.3765   833.2116    1.0058        0.0589
   ab_e[1,1]    0.0003    0.0705    0.0023    980.7912   609.9902    1.0327        0.0625
   ab_e[2,1]   -0.0146    0.0285    0.0010    856.8309   593.7498    1.0189        0.0546
           σ    0.9948    0.0045    0.0001   1068.8154   695.5467    1.0026        0.0681

Quantiles
  parameters      2.5%     25.0%     50.0%     75.0%     97.5%
      Symbol   Float64   Float64   Float64   Float64   Float64

      σ_w[1]    0.0491    0.0757    0.1062    0.1575    0.3405
      σ_w[2]    0.0066    0.0216    0.0325    0.0547    0.1992
    ρ_w[1,1]    1.0000    1.0000    1.0000    1.0000    1.0000
    ρ_w[2,1]   -0.8092   -0.3310   -0.0320    0.2583    0.7232
    ρ_w[1,2]   -0.8092   -0.3310   -0.0320    0.2583    0.7232
    ρ_w[2,2]    1.0000    1.0000    1.0000    1.0000    1.0000
   ab_w[1,1]   -0.1834   -0.0914   -0.0563   -0.0219    0.0840
   ab_w[2,1]   -0.0796   -0.0290   -0.0119    0.0011    0.0389
   ab_w[1,2]    0.0054    0.0823    0.1132    0.1442    0.2699
   ab_w[2,2]   -0.0576   -0.0185   -0.0054    0.0060    0.0537
   ab_w[1,3]   -0.1340   -0.0483   -0.0195    0.0138    0.1394
   ab_w[2,3]   -0.0172    0.0103    0.0227    0.0382    0.0895
   ab_w[1,4]   -0.1483   -0.0554   -0.0242    0.0103    0.1233
   ab_w[2,4]   -0.0813   -0.0293   -0.0115    0.0019    0.0401
      σ_p[1]    0.1445    0.1760    0.1934    0.2154    0.2653
      σ_p[2]    0.0219    0.0310    0.0376    0.0440    0.0583
    ρ_p[1,1]    1.0000    1.0000    1.0000    1.0000    1.0000
    ρ_p[2,1]    0.1489    0.4827    0.6309    0.7382    0.8970
    ρ_p[1,2]    0.1489    0.4827    0.6309    0.7382    0.8970
    ρ_p[2,2]    1.0000    1.0000    1.0000    1.0000    1.0000
   ab_p[1,1]   -0.1169   -0.0554   -0.0249    0.0085    0.0702
   ab_p[2,1]   -0.0807   -0.0465   -0.0293   -0.0149    0.0116
   ab_p[1,2]   -0.2490   -0.1882   -0.1553   -0.1268   -0.0662
   ab_p[2,2]   -0.0500   -0.0208   -0.0064    0.0083    0.0397
   ab_p[1,3]   -0.2735   -0.2144   -0.1830   -0.1525   -0.0836
   ab_p[2,3]   -0.0752   -0.0418   -0.0280   -0.0145    0.0120
   ab_p[1,4]   -0.0010    0.0549    0.0899    0.1206    0.1852
   ab_p[2,4]   -0.0228    0.0047    0.0178    0.0312    0.0610
   ab_p[1,5]   -0.1603   -0.1038   -0.0717   -0.0422    0.0222
   ab_p[2,5]   -0.0612   -0.0316   -0.0194   -0.0052    0.0230
   ab_p[1,6]   -0.0026    0.0660    0.0978    0.1301    0.1981
   ab_p[2,6]   -0.0710   -0.0316   -0.0142    0.0009    0.0267
   ab_p[1,7]   -0.2641   -0.1926   -0.1632   -0.1302   -0.0625
   ab_p[2,7]   -0.0698   -0.0408   -0.0268   -0.0119    0.0125
   ab_p[1,8]   -0.0103    0.0512    0.0861    0.1187    0.1824
   ab_p[2,8]   -0.0203    0.0069    0.0180    0.0316    0.0599
   ab_p[1,9]    0.0705    0.1325    0.1705    0.2017    0.2626
   ab_p[2,9]   -0.0148    0.0134    0.0279    0.0423    0.0746
  ab_p[1,10]    0.1120    0.1792    0.2123    0.2467    0.3104
  ab_p[2,10]   -0.0239    0.0042    0.0185    0.0341    0.0601
  ab_p[1,11]    0.3725    0.4395    0.4716    0.5003    0.5646
  ab_p[2,11]    0.0360    0.0654    0.0817    0.0997    0.1379
  ab_p[1,12]    0.2920    0.3562    0.3896    0.4201    0.4852
  ab_p[2,12]   -0.0018    0.0302    0.0476    0.0633    0.0967
  ab_p[1,13]   -0.1456   -0.0744   -0.0438   -0.0140    0.0502
  ab_p[2,13]   -0.0252   -0.0006    0.0133    0.0291    0.0574
  ab_p[1,14]    0.0876    0.1498    0.1826    0.2164    0.2869
  ab_p[2,14]   -0.0129    0.0152    0.0321    0.0474    0.0810
  ab_p[1,15]   -0.2098   -0.1498   -0.1170   -0.0854   -0.0227
  ab_p[2,15]   -0.0705   -0.0387   -0.0239   -0.0114    0.0115
  ab_p[1,16]   -0.0939   -0.0327    0.0015    0.0312    0.1026
  ab_p[2,16]   -0.0801   -0.0432   -0.0265   -0.0097    0.0135
  ab_p[1,17]   -0.1871   -0.1248   -0.0944   -0.0594    0.0037
  ab_p[2,17]   -0.0731   -0.0436   -0.0268   -0.0131    0.0123
  ab_p[1,18]   -0.0766   -0.0097    0.0196    0.0547    0.1194
  ab_p[2,18]   -0.0618   -0.0291   -0.0131    0.0009    0.0281
  ab_p[1,19]   -0.1022   -0.0403   -0.0083    0.0244    0.0870
  ab_p[2,19]   -0.0127    0.0136    0.0286    0.0449    0.0788
  ab_p[1,20]   -0.2021   -0.1418   -0.1075   -0.0740   -0.0064
  ab_p[2,20]   -0.0356   -0.0101    0.0032    0.0181    0.0493
  ab_p[1,21]   -0.3059   -0.2464   -0.2169   -0.1837   -0.1164
  ab_p[2,21]   -0.0838   -0.0511   -0.0353   -0.0206    0.0048
  ab_p[1,22]   -0.3908   -0.3282   -0.2928   -0.2583   -0.1869
  ab_p[2,22]   -0.0611   -0.0331   -0.0177   -0.0026    0.0311
  ab_p[1,23]   -0.3251   -0.2631   -0.2312   -0.2010   -0.1353
  ab_p[2,23]   -0.0739   -0.0427   -0.0293   -0.0156    0.0105
  ab_p[1,24]   -0.1755   -0.1168   -0.0835   -0.0519    0.0106
  ab_p[2,24]   -0.0467   -0.0185   -0.0054    0.0073    0.0362
      σ_e[1]    0.0080    0.0637    0.1496    0.3715    1.8892
      σ_e[2]    0.0052    0.0299    0.0976    0.2727    1.6322
    ρ_e[1,1]    1.0000    1.0000    1.0000    1.0000    1.0000
    ρ_e[2,1]   -0.8243   -0.3521   -0.0032    0.3518    0.8195
    ρ_e[1,2]   -0.8243   -0.3521   -0.0032    0.3518    0.8195
    ρ_e[2,2]    1.0000    1.0000    1.0000    1.0000    1.0000
   ab_e[1,1]   -0.1457   -0.0304    0.0018    0.0352    0.1257
   ab_e[2,1]   -0.0759   -0.0268   -0.0125   -0.0013    0.0316
           σ    0.9857    0.9921    0.9948    0.9978    1.0036

