Chains MCMC chain (250×89×4 Array{Float64, 3}):

Iterations        = 126:1:375
Number of chains  = 4
Samples per chain = 250
Wall duration     = 4672.05 seconds
Compute duration  = 14037.76 seconds
parameters        = σ_w[1], σ_w[2], ρ_w[1,1], ρ_w[2,1], ρ_w[1,2], ρ_w[2,2], ab_w[1,1], ab_w[2,1], ab_w[1,2], ab_w[2,2], ab_w[1,3], ab_w[2,3], ab_w[1,4], ab_w[2,4], σ_p[1], σ_p[2], ρ_p[1,1], ρ_p[2,1], ρ_p[1,2], ρ_p[2,2], ab_p[1,1], ab_p[2,1], ab_p[1,2], ab_p[2,2], ab_p[1,3], ab_p[2,3], ab_p[1,4], ab_p[2,4], ab_p[1,5], ab_p[2,5], ab_p[1,6], ab_p[2,6], ab_p[1,7], ab_p[2,7], ab_p[1,8], ab_p[2,8], ab_p[1,9], ab_p[2,9], ab_p[1,10], ab_p[2,10], ab_p[1,11], ab_p[2,11], ab_p[1,12], ab_p[2,12], ab_p[1,13], ab_p[2,13], ab_p[1,14], ab_p[2,14], ab_p[1,15], ab_p[2,15], ab_p[1,16], ab_p[2,16], ab_p[1,17], ab_p[2,17], ab_p[1,18], ab_p[2,18], ab_p[1,19], ab_p[2,19], ab_p[1,20], ab_p[2,20], ab_p[1,21], ab_p[2,21], ab_p[1,22], ab_p[2,22], ab_p[1,23], ab_p[2,23], ab_p[1,24], ab_p[2,24], σ_e[1], σ_e[2], ρ_e[1,1], ρ_e[2,1], ρ_e[1,2], ρ_e[2,2], ab_e[1,1], ab_e[2,1], σ
internals         = lp, n_steps, is_accept, acceptance_rate, log_density, hamiltonian_energy, hamiltonian_energy_error, max_hamiltonian_energy_error, tree_depth, numerical_error, step_size, nom_step_size

Summary Statistics
  parameters      mean       std      mcse   ess_bulk   ess_tail      rhat   ess_per_sec
      Symbol   Float64   Float64   Float64    Float64    Float64   Float64       Float64

      σ_w[1]    0.0488    0.0503    0.0035   235.0129   229.1408    1.5669        0.0167
      σ_w[2]    0.0301    0.0357    0.0062    13.5277   222.9495    1.2382        0.0010
    ρ_w[1,1]    1.0000    0.0000       NaN        NaN        NaN       NaN           NaN
    ρ_w[2,1]   -0.3589    0.5137    0.1696     7.4024    11.5213    1.5474        0.0005
    ρ_w[1,2]   -0.3589    0.5137    0.1696     7.4024    11.5213    1.5474        0.0005
    ρ_w[2,2]    1.0000    0.0000    0.0000   806.2018   240.3371    1.0333        0.0574
   ab_w[1,1]   -0.0341    0.0321    0.0016   173.1604   355.2913    1.3027        0.0123
   ab_w[2,1]    0.0027    0.0229    0.0007   777.8779   597.1643    1.3102        0.0554
   ab_w[1,2]    0.0102    0.0281    0.0010   869.1571   500.0605    1.3710        0.0619
   ab_w[2,2]   -0.0119    0.0207    0.0012   409.4218   594.3102    1.2824        0.0292
   ab_w[1,3]    0.0240    0.0283    0.0010   844.2665   505.4984    1.4297        0.0601
   ab_w[2,3]   -0.0115    0.0205    0.0009   384.6983   370.9475    1.3387        0.0274
   ab_w[1,4]   -0.0042    0.0287    0.0009   975.3717   568.0435    1.1698        0.0695
   ab_w[2,4]    0.0148    0.0254    0.0035    37.8432   486.0773    1.0776        0.0027
      σ_p[1]    0.2051    0.0367    0.0131     9.4736   384.4482    1.3654        0.0007
      σ_p[2]    0.0139    0.0086    0.0027     8.9314    15.0034    1.3986        0.0006
    ρ_p[1,1]    1.0000    0.0000       NaN        NaN        NaN       NaN           NaN
    ρ_p[2,1]    0.2420    0.3345    0.0773    23.6807   153.2251    1.1255        0.0017
    ρ_p[1,2]    0.2420    0.3345    0.0773    23.6807   153.2251    1.1255        0.0017
    ρ_p[2,2]    1.0000    0.0000    0.0000   879.7319   637.5601    1.0332        0.0627
   ab_p[1,1]   -0.1777    0.0422    0.0019   459.4406   601.4865    1.3494        0.0327
   ab_p[2,1]   -0.0067    0.0155    0.0027    32.1157   412.9684    1.0935        0.0023
   ab_p[1,2]    0.1899    0.0423    0.0062    56.8174   541.7373    1.0975        0.0040
   ab_p[2,2]   -0.0015    0.0135    0.0005   725.9710   428.7642    1.2939        0.0517
   ab_p[1,3]    0.2174    0.0410    0.0016   615.4724   545.2097    1.4574        0.0438
   ab_p[2,3]    0.0114    0.0159    0.0030    31.1163   458.7047    1.0940        0.0022
   ab_p[1,4]    0.0656    0.0463    0.0075    41.7676   459.7871    1.0755        0.0030
   ab_p[2,4]   -0.0101    0.0140    0.0016   123.1303   291.6417    1.3428        0.0088
   ab_p[1,5]    0.1840    0.0435    0.0057    56.1432   669.5474    1.0831        0.0040
   ab_p[2,5]   -0.0012    0.0128    0.0004   855.9397   581.7107    1.2646        0.0610
   ab_p[1,6]   -0.1889    0.0426    0.0016   583.5177   693.8186    1.3987        0.0416
   ab_p[2,6]   -0.0056    0.0144    0.0017    51.8694   496.6847    1.1136        0.0037
   ab_p[1,7]   -0.1861    0.0488    0.0118    19.4468   777.4459    1.1415        0.0014
   ab_p[2,7]   -0.0004    0.0146    0.0008   278.1569   486.9403    1.0736        0.0198
   ab_p[1,8]   -0.0118    0.0433    0.0023   376.7812   707.3835    1.3765        0.0268
   ab_p[2,8]   -0.0029    0.0128    0.0005   465.3842   408.3442    1.1822        0.0332
   ab_p[1,9]    0.0266    0.0434    0.0018   560.5013   663.1886    1.1833        0.0399
   ab_p[2,9]   -0.0088    0.0144    0.0019    66.9252   504.8045    1.0576        0.0048
  ab_p[1,10]   -0.2228    0.0417    0.0016   606.9159   505.7868    1.4388        0.0432
  ab_p[2,10]   -0.0038    0.0131    0.0005   838.2040   479.4464    1.4280        0.0597
  ab_p[1,11]   -0.2325    0.0422    0.0018   470.4984   701.6946    1.4895        0.0335
  ab_p[2,11]   -0.0035    0.0138    0.0006   576.3587   415.8031    1.2094        0.0411
  ab_p[1,12]   -0.0352    0.0473    0.0087    35.4893   597.5042    1.0838        0.0025
  ab_p[2,12]    0.0115    0.0152    0.0026    46.8499   404.0171    1.3303        0.0033
  ab_p[1,13]    0.1520    0.0437    0.0015   801.7393   548.3528    1.3967        0.0571
  ab_p[2,13]    0.0037    0.0147    0.0018    53.3257   513.3022    1.1408        0.0038
  ab_p[1,14]    0.1255    0.0419    0.0017   473.2134   574.6038    1.3239        0.0337
  ab_p[2,14]    0.0016    0.0132    0.0005   469.5142   323.5849    1.1266        0.0334
  ab_p[1,15]    0.0309    0.0448    0.0057    90.2138   415.6894    1.1837        0.0064
  ab_p[2,15]    0.0043    0.0128    0.0018    53.0617   401.8049    1.1271        0.0038
  ab_p[1,16]   -0.2910    0.0440    0.0051    90.9633   689.3749    1.1684        0.0065
  ab_p[2,16]   -0.0088    0.0150    0.0022    65.8941   310.2529    1.1256        0.0047
  ab_p[1,17]   -0.1413    0.0420    0.0014   834.5266   741.6566    1.3750        0.0594
  ab_p[2,17]   -0.0037    0.0138    0.0008   246.2293   311.0427    1.0713        0.0175
  ab_p[1,18]   -0.0077    0.0416    0.0043   131.1534   690.3196    1.2631        0.0093
  ab_p[2,18]   -0.0012    0.0140    0.0007   343.0205   428.7136    1.3584        0.0244
  ab_p[1,19]   -0.3733    0.0418    0.0017   659.0125   576.7043    1.4139        0.0469
  ab_p[2,19]    0.0008    0.0153    0.0006   725.7669   706.6312    1.2407        0.0517
  ab_p[1,20]    0.0977    0.0477    0.0104    25.6699   652.0223    1.1130        0.0018
  ab_p[2,20]    0.0024    0.0138    0.0013   105.9882   583.8362    1.1099        0.0076
  ab_p[1,21]    0.2702    0.0434    0.0019   556.3467   419.5839    1.2409        0.0396
  ab_p[2,21]    0.0094    0.0148    0.0010   224.7583   260.6162    1.2241        0.0160
  ab_p[1,22]    0.1236    0.0410    0.0019   444.0656   661.5623    1.4549        0.0316
  ab_p[2,22]    0.0000    0.0128    0.0005   759.7494   278.1071    1.4801        0.0541
  ab_p[1,23]    0.1104    0.0414    0.0017   567.9405   569.2894    1.4717        0.0405
  ab_p[2,23]    0.0002    0.0128    0.0004   824.7092   358.8859    1.3984        0.0587
  ab_p[1,24]    0.0781    0.0424    0.0041   105.4456   659.2508    1.2120        0.0075
  ab_p[2,24]    0.0019    0.0131    0.0004   599.9212   383.6671    1.1900        0.0427
      σ_e[1]    0.2598    0.3798    0.0428    92.6308   163.6350    1.5040        0.0066
      σ_e[2]    0.2441    0.3694    0.0328    66.6237   187.4640    1.5778        0.0047
    ρ_e[1,1]    1.0000    0.0000       NaN        NaN        NaN       NaN           NaN
    ρ_e[2,1]    0.0632    0.4184    0.0232   347.2524   281.8638    1.5312        0.0247
    ρ_e[1,2]    0.0632    0.4184    0.0232   347.2524   281.8638    1.5312        0.0247
    ρ_e[2,2]    1.0000    0.0000    0.0000   924.2797   725.2580    1.0286        0.0658
   ab_e[1,1]   -0.0191    0.0383    0.0016   453.2691   583.5046    1.3424        0.0323
   ab_e[2,1]   -0.0178    0.0203    0.0010   119.4036   445.6494    1.2386        0.0085
           σ    0.9773    0.0041    0.0006    46.5318   627.9481    1.0695        0.0033

Quantiles
  parameters      2.5%     25.0%     50.0%     75.0%     97.5%
      Symbol   Float64   Float64   Float64   Float64   Float64

      σ_w[1]    0.0095    0.0285    0.0368    0.0521    0.1487
      σ_w[2]    0.0046    0.0074    0.0173    0.0377    0.1304
    ρ_w[1,1]    1.0000    1.0000    1.0000    1.0000    1.0000
    ρ_w[2,1]   -0.9592   -0.9557   -0.3886    0.0101    0.6887
    ρ_w[1,2]   -0.9592   -0.9557   -0.3886    0.0101    0.6887
    ρ_w[2,2]    1.0000    1.0000    1.0000    1.0000    1.0000
   ab_w[1,1]   -0.0982   -0.0497   -0.0366   -0.0154    0.0181
   ab_w[2,1]   -0.0523   -0.0053    0.0065    0.0103    0.0471
   ab_w[1,2]   -0.0364   -0.0017    0.0111    0.0163    0.0615
   ab_w[2,2]   -0.0620   -0.0185   -0.0063   -0.0014    0.0191
   ab_w[1,3]   -0.0175    0.0135    0.0196    0.0337    0.0795
   ab_w[2,3]   -0.0586   -0.0192   -0.0056   -0.0018    0.0179
   ab_w[1,4]   -0.0571   -0.0154   -0.0021    0.0034    0.0466
   ab_w[2,4]   -0.0184    0.0006    0.0062    0.0255    0.0794
      σ_p[1]    0.1400    0.1752    0.2012    0.2502    0.2521
      σ_p[2]    0.0050    0.0050    0.0129    0.0196    0.0351
    ρ_p[1,1]    1.0000    1.0000    1.0000    1.0000    1.0000
    ρ_p[2,1]   -0.4902    0.0146    0.3017    0.5257    0.7238
    ρ_p[1,2]   -0.4902    0.0146    0.3017    0.5257    0.7238
    ρ_p[2,2]    1.0000    1.0000    1.0000    1.0000    1.0000
   ab_p[1,1]   -0.2657   -0.2041   -0.1715   -0.1600   -0.0921
   ab_p[2,1]   -0.0433   -0.0146   -0.0020    0.0053    0.0168
   ab_p[1,2]    0.0995    0.1624    0.2020    0.2161    0.2678
   ab_p[2,2]   -0.0327   -0.0069   -0.0014    0.0041    0.0260
   ab_p[1,3]    0.1316    0.1952    0.2171    0.2400    0.3062
   ab_p[2,3]   -0.0125    0.0006    0.0064    0.0197    0.0509
   ab_p[1,4]   -0.0370    0.0354    0.0790    0.0962    0.1480
   ab_p[2,4]   -0.0458   -0.0163   -0.0059   -0.0029    0.0111
   ab_p[1,5]    0.0950    0.1530    0.1952    0.2088    0.2673
   ab_p[2,5]   -0.0312   -0.0064   -0.0006    0.0047    0.0262
   ab_p[1,6]   -0.2741   -0.2055   -0.1976   -0.1649   -0.0951
   ab_p[2,6]   -0.0406   -0.0119   -0.0014    0.0029    0.0192
   ab_p[1,7]   -0.2899   -0.2246   -0.1776   -0.1453   -0.1131
   ab_p[2,7]   -0.0276   -0.0069   -0.0026    0.0064    0.0336
   ab_p[1,8]   -0.0932   -0.0318   -0.0241    0.0136    0.0865
   ab_p[2,8]   -0.0308   -0.0073   -0.0041    0.0030    0.0224
   ab_p[1,9]   -0.0548    0.0089    0.0211    0.0509    0.1230
   ab_p[2,9]   -0.0442   -0.0161   -0.0076    0.0006    0.0126
  ab_p[1,10]   -0.3127   -0.2436   -0.2214   -0.2018   -0.1379
  ab_p[2,10]   -0.0343   -0.0090   -0.0021    0.0014    0.0219
  ab_p[1,11]   -0.3276   -0.2559   -0.2199   -0.2175   -0.1474
  ab_p[2,11]   -0.0316   -0.0086   -0.0035    0.0029    0.0256
  ab_p[1,12]   -0.1164   -0.0674   -0.0490   -0.0043    0.0659
  ab_p[2,12]   -0.0099    0.0024    0.0052    0.0191    0.0499
  ab_p[1,13]    0.0630    0.1317    0.1468    0.1769    0.2475
  ab_p[2,13]   -0.0201   -0.0047    0.0003    0.0106    0.0395
  ab_p[1,14]    0.0428    0.1025    0.1272    0.1476    0.2210
  ab_p[2,14]   -0.0243   -0.0033   -0.0006    0.0078    0.0316
  ab_p[1,15]   -0.0534    0.0059    0.0164    0.0595    0.1335
  ab_p[2,15]   -0.0182   -0.0028    0.0004    0.0109    0.0346
  ab_p[1,16]   -0.3696   -0.3131   -0.3048   -0.2648   -0.1901
  ab_p[2,16]   -0.0449   -0.0170   -0.0043    0.0014    0.0152
  ab_p[1,17]   -0.2269   -0.1631   -0.1396   -0.1207   -0.0496
  ab_p[2,17]   -0.0373   -0.0100   -0.0033    0.0040    0.0232
  ab_p[1,18]   -0.0925   -0.0315   -0.0204    0.0197    0.0843
  ab_p[2,18]   -0.0371   -0.0068    0.0027    0.0053    0.0265
  ab_p[1,19]   -0.4544   -0.3957   -0.3794   -0.3520   -0.2797
  ab_p[2,19]   -0.0279   -0.0064    0.0001    0.0076    0.0370
  ab_p[1,20]    0.0262    0.0593    0.0901    0.1293    0.2007
  ab_p[2,20]   -0.0242   -0.0067    0.0002    0.0089    0.0353
  ab_p[1,21]    0.1890    0.2504    0.2620    0.2967    0.3688
  ab_p[2,21]   -0.0185   -0.0004    0.0082    0.0169    0.0428
  ab_p[1,22]    0.0416    0.0975    0.1309    0.1423    0.2087
  ab_p[2,22]   -0.0265   -0.0050   -0.0009    0.0061    0.0293
  ab_p[1,23]    0.0249    0.0914    0.1059    0.1315    0.2002
  ab_p[2,23]   -0.0297   -0.0039    0.0017    0.0047    0.0266
  ab_p[1,24]   -0.0001    0.0564    0.0640    0.1039    0.1709
  ab_p[2,24]   -0.0259   -0.0035    0.0014    0.0085    0.0302
      σ_e[1]    0.0097    0.0746    0.0752    0.2853    1.3790
      σ_e[2]    0.0096    0.0583    0.1819    0.2146    1.2711
    ρ_e[1,1]    1.0000    1.0000    1.0000    1.0000    1.0000
    ρ_e[2,1]   -0.8180   -0.2103    0.1899    0.2763    0.8229
    ρ_e[1,2]   -0.8180   -0.2103    0.1899    0.2763    0.8229
    ρ_e[2,2]    1.0000    1.0000    1.0000    1.0000    1.0000
   ab_e[1,1]   -0.1040   -0.0342   -0.0177    0.0007    0.0581
   ab_e[2,1]   -0.0490   -0.0293   -0.0194   -0.0110    0.0301
           σ    0.9696    0.9749    0.9763    0.9800    0.9868

