Chains MCMC chain (250×89×4 Array{Float64, 3}):

Iterations        = 126:1:375
Number of chains  = 4
Samples per chain = 250
Wall duration     = 4088.43 seconds
Compute duration  = 15285.55 seconds
parameters        = σ_w[1], σ_w[2], ρ_w[1,1], ρ_w[2,1], ρ_w[1,2], ρ_w[2,2], ab_w[1,1], ab_w[2,1], ab_w[1,2], ab_w[2,2], ab_w[1,3], ab_w[2,3], ab_w[1,4], ab_w[2,4], σ_p[1], σ_p[2], ρ_p[1,1], ρ_p[2,1], ρ_p[1,2], ρ_p[2,2], ab_p[1,1], ab_p[2,1], ab_p[1,2], ab_p[2,2], ab_p[1,3], ab_p[2,3], ab_p[1,4], ab_p[2,4], ab_p[1,5], ab_p[2,5], ab_p[1,6], ab_p[2,6], ab_p[1,7], ab_p[2,7], ab_p[1,8], ab_p[2,8], ab_p[1,9], ab_p[2,9], ab_p[1,10], ab_p[2,10], ab_p[1,11], ab_p[2,11], ab_p[1,12], ab_p[2,12], ab_p[1,13], ab_p[2,13], ab_p[1,14], ab_p[2,14], ab_p[1,15], ab_p[2,15], ab_p[1,16], ab_p[2,16], ab_p[1,17], ab_p[2,17], ab_p[1,18], ab_p[2,18], ab_p[1,19], ab_p[2,19], ab_p[1,20], ab_p[2,20], ab_p[1,21], ab_p[2,21], ab_p[1,22], ab_p[2,22], ab_p[1,23], ab_p[2,23], ab_p[1,24], ab_p[2,24], σ_e[1], σ_e[2], ρ_e[1,1], ρ_e[2,1], ρ_e[1,2], ρ_e[2,2], ab_e[1,1], ab_e[2,1], σ
internals         = lp, n_steps, is_accept, acceptance_rate, log_density, hamiltonian_energy, hamiltonian_energy_error, max_hamiltonian_energy_error, tree_depth, numerical_error, step_size, nom_step_size

Summary Statistics
  parameters      mean       std      mcse    ess_bulk   ess_tail      rhat   ess_per_sec
      Symbol   Float64   Float64   Float64     Float64    Float64   Float64       Float64

      σ_w[1]    0.0782    0.0549    0.0025    532.5992   496.6613    1.0052        0.0348
      σ_w[2]    0.0793    0.0595    0.0031    443.2074   426.8436    1.0037        0.0290
    ρ_w[1,1]    1.0000    0.0000       NaN         NaN        NaN       NaN           NaN
    ρ_w[2,1]   -0.1932    0.4217    0.0178    549.2510   524.8409    1.0056        0.0359
    ρ_w[1,2]   -0.1932    0.4217    0.0178    549.2510   524.8409    1.0056        0.0359
    ρ_w[2,2]    1.0000    0.0000    0.0000    944.7215   916.5215    1.0023        0.0618
   ab_w[1,1]   -0.0192    0.0457    0.0015    972.6240   693.2264    1.0125        0.0636
   ab_w[2,1]    0.0145    0.0433    0.0014   1000.4120   616.5218    1.0136        0.0654
   ab_w[1,2]    0.0492    0.0427    0.0014    967.0036   629.3978    1.0134        0.0633
   ab_w[2,2]   -0.0659    0.0411    0.0014    827.6991   587.4451    1.0063        0.0541
   ab_w[1,3]   -0.0449    0.0426    0.0014    908.7331   628.9062    1.0084        0.0595
   ab_w[2,3]    0.0019    0.0407    0.0014    796.1530   546.3989    1.0132        0.0521
   ab_w[1,4]    0.0243    0.0445    0.0015    961.4380   637.9444    1.0058        0.0629
   ab_w[2,4]    0.0203    0.0444    0.0015    901.8379   632.4802    1.0220        0.0590
      σ_p[1]    0.2753    0.0437    0.0016    785.9572   636.2307    1.0064        0.0514
      σ_p[2]    0.0330    0.0111    0.0007    234.9578   115.1251    1.0191        0.0154
    ρ_p[1,1]    1.0000    0.0000       NaN         NaN        NaN       NaN           NaN
    ρ_p[2,1]    0.0500    0.2533    0.0080    980.7965   606.5676    1.0000        0.0642
    ρ_p[1,2]    0.0500    0.2533    0.0080    980.7965   606.5676    1.0000        0.0642
    ρ_p[2,2]    1.0000    0.0000    0.0000   1092.4947        NaN    1.0006        0.0715
   ab_p[1,1]    0.0927    0.0602    0.0020    950.5900   758.0418    0.9986        0.0622
   ab_p[2,1]   -0.0177    0.0238    0.0008    952.2420   882.6959    1.0045        0.0623
   ab_p[1,2]   -0.1382    0.0592    0.0019    983.4026   645.9557    1.0059        0.0643
   ab_p[2,2]   -0.0275    0.0239    0.0008    823.8398   841.7419    1.0055        0.0539
   ab_p[1,3]    0.4003    0.0592    0.0017   1145.9702   776.0708    1.0038        0.0750
   ab_p[2,3]    0.0314    0.0252    0.0009    723.1668   857.4410    1.0068        0.0473
   ab_p[1,4]   -0.2418    0.0601    0.0019    990.0048   776.8347    1.0029        0.0648
   ab_p[2,4]   -0.0208    0.0235    0.0008    925.3569   883.0483    1.0008        0.0605
   ab_p[1,5]   -0.1515    0.0581    0.0018   1045.2499   748.5230    1.0004        0.0684
   ab_p[2,5]   -0.0262    0.0240    0.0009    750.4069   810.1457    1.0022        0.0491
   ab_p[1,6]    0.7351    0.0612    0.0020    953.8316   511.6744    1.0048        0.0624
   ab_p[2,6]   -0.0037    0.0256    0.0008   1014.6237   866.5500    1.0048        0.0664
   ab_p[1,7]   -0.1457    0.0583    0.0018   1095.4528   711.5367    1.0081        0.0717
   ab_p[2,7]    0.0048    0.0225    0.0007   1000.3272   750.8620    1.0093        0.0654
   ab_p[1,8]    0.0122    0.0590    0.0017   1177.3410   779.3615    1.0008        0.0770
   ab_p[2,8]   -0.0014    0.0233    0.0007   1076.6404   766.0189    1.0063        0.0704
   ab_p[1,9]   -0.0060    0.0566    0.0019    926.9288   830.2248    1.0031        0.0606
   ab_p[2,9]   -0.0185    0.0236    0.0007   1080.1396   664.3043    1.0028        0.0707
  ab_p[1,10]   -0.1547    0.0580    0.0018   1047.5956   704.1268    1.0078        0.0685
  ab_p[2,10]    0.0208    0.0241    0.0009    767.6311   843.1919    1.0019        0.0502
  ab_p[1,11]   -0.4252    0.0613    0.0019   1028.4381   761.6085    1.0035        0.0673
  ab_p[2,11]    0.0256    0.0254    0.0010    749.4314   706.2140    1.0005        0.0490
  ab_p[1,12]    0.0007    0.0600    0.0020    921.7532   692.0046    1.0026        0.0603
  ab_p[2,12]   -0.0072    0.0228    0.0007   1143.7358   721.9043    1.0078        0.0748
  ab_p[1,13]    0.0972    0.0577    0.0018   1083.2240   642.3659    0.9994        0.0709
  ab_p[2,13]    0.0178    0.0232    0.0007    989.2469   705.8933    1.0067        0.0647
  ab_p[1,14]    0.2108    0.0614    0.0019   1052.4377   633.9727    1.0028        0.0689
  ab_p[2,14]   -0.0126    0.0248    0.0008   1016.2520   683.5558    1.0005        0.0665
  ab_p[1,15]    0.4247    0.0607    0.0020    953.9541   713.2577    1.0020        0.0624
  ab_p[2,15]   -0.0082    0.0232    0.0008    810.5779   586.2361    1.0128        0.0530
  ab_p[1,16]   -0.0576    0.0579    0.0018   1002.6515   702.2799    1.0018        0.0656
  ab_p[2,16]    0.0270    0.0243    0.0009    663.0873   819.5135    1.0096        0.0434
  ab_p[1,17]   -0.1169    0.0589    0.0018   1022.6744   646.0877    0.9985        0.0669
  ab_p[2,17]   -0.0031    0.0232    0.0007   1035.4061   695.3418    1.0065        0.0677
  ab_p[1,18]   -0.0964    0.0597    0.0019   1028.4365   636.7016    1.0091        0.0673
  ab_p[2,18]    0.0167    0.0220    0.0007    943.7490   734.0520    1.0000        0.0617
  ab_p[1,19]   -0.0253    0.0587    0.0018   1022.7366   507.6979    1.0123        0.0669
  ab_p[2,19]    0.0152    0.0224    0.0007   1025.7779   780.4523    1.0141        0.0671
  ab_p[1,20]   -0.1925    0.0593    0.0019    987.6277   691.8095    1.0012        0.0646
  ab_p[2,20]   -0.0031    0.0242    0.0007   1360.7285   922.1599    0.9989        0.0890
  ab_p[1,21]   -0.3181    0.0610    0.0020    987.7170   496.1219    1.0018        0.0646
  ab_p[2,21]   -0.0563    0.0303    0.0016    353.2766   225.5100    1.0017        0.0231
  ab_p[1,22]   -0.0087    0.0579    0.0018   1056.2005   913.2397    1.0014        0.0691
  ab_p[2,22]    0.0083    0.0238    0.0007   1070.8104   762.7271    1.0025        0.0701
  ab_p[1,23]    0.2243    0.0599    0.0019   1022.5308   683.8010    0.9995        0.0669
  ab_p[2,23]    0.0025    0.0224    0.0007   1008.2003   729.2198    1.0069        0.0660
  ab_p[1,24]   -0.0812    0.0584    0.0018   1090.6085   775.5721    1.0039        0.0713
  ab_p[2,24]    0.0328    0.0251    0.0011    540.8419   577.5446    1.0017        0.0354
      σ_e[1]    0.3814    0.5220    0.0345    178.5763   248.1299    1.0313        0.0117
      σ_e[2]    0.3193    0.4448    0.0286    156.2355   212.5874    1.0166        0.0102
    ρ_e[1,1]    1.0000    0.0000       NaN         NaN        NaN       NaN           NaN
    ρ_e[2,1]   -0.0059    0.4531    0.0199    498.7042   446.8185    1.0093        0.0326
    ρ_e[1,2]   -0.0059    0.4531    0.0199    498.7042   446.8185    1.0093        0.0326
    ρ_e[2,2]    1.0000    0.0000    0.0000    966.3274   813.6984    0.9976        0.0632
   ab_e[1,1]    0.0095    0.0609    0.0019   1029.5895   728.1570    1.0111        0.0674
   ab_e[2,1]   -0.0283    0.0406    0.0014    761.0940   515.2237    1.0094        0.0498
           σ    1.0037    0.0046    0.0001   1196.7322   748.0353    0.9995        0.0783

Quantiles
  parameters      2.5%     25.0%     50.0%     75.0%     97.5%
      Symbol   Float64   Float64   Float64   Float64   Float64

      σ_w[1]    0.0265    0.0445    0.0623    0.0933    0.2187
      σ_w[2]    0.0227    0.0430    0.0614    0.0930    0.2693
    ρ_w[1,1]    1.0000    1.0000    1.0000    1.0000    1.0000
    ρ_w[2,1]   -0.8661   -0.5462   -0.2258    0.1042    0.6719
    ρ_w[1,2]   -0.8661   -0.5462   -0.2258    0.1042    0.6719
    ρ_w[2,2]    1.0000    1.0000    1.0000    1.0000    1.0000
   ab_w[1,1]   -0.1146   -0.0425   -0.0180    0.0065    0.0692
   ab_w[2,1]   -0.0696   -0.0074    0.0139    0.0353    0.1034
   ab_w[1,2]   -0.0429    0.0283    0.0493    0.0707    0.1338
   ab_w[2,2]   -0.1427   -0.0877   -0.0637   -0.0450    0.0149
   ab_w[1,3]   -0.1344   -0.0658   -0.0430   -0.0223    0.0348
   ab_w[2,3]   -0.0697   -0.0195    0.0022    0.0216    0.0840
   ab_w[1,4]   -0.0648    0.0013    0.0225    0.0478    0.1148
   ab_w[2,4]   -0.0604   -0.0029    0.0185    0.0425    0.1185
      σ_p[1]    0.2031    0.2438    0.2699    0.3017    0.3759
      σ_p[2]    0.0106    0.0260    0.0322    0.0395    0.0559
    ρ_p[1,1]    1.0000    1.0000    1.0000    1.0000    1.0000
    ρ_p[2,1]   -0.4481   -0.1262    0.0503    0.2278    0.5320
    ρ_p[1,2]   -0.4481   -0.1262    0.0503    0.2278    0.5320
    ρ_p[2,2]    1.0000    1.0000    1.0000    1.0000    1.0000
   ab_p[1,1]   -0.0184    0.0530    0.0916    0.1332    0.2108
   ab_p[2,1]   -0.0670   -0.0328   -0.0165   -0.0016    0.0294
   ab_p[1,2]   -0.2579   -0.1756   -0.1389   -0.0995   -0.0261
   ab_p[2,2]   -0.0768   -0.0440   -0.0267   -0.0105    0.0174
   ab_p[1,3]    0.2809    0.3614    0.3990    0.4385    0.5163
   ab_p[2,3]   -0.0133    0.0152    0.0302    0.0477    0.0812
   ab_p[1,4]   -0.3534   -0.2840   -0.2425   -0.2027   -0.1286
   ab_p[2,4]   -0.0689   -0.0365   -0.0188   -0.0046    0.0213
   ab_p[1,5]   -0.2580   -0.1907   -0.1523   -0.1142   -0.0387
   ab_p[2,5]   -0.0744   -0.0429   -0.0248   -0.0085    0.0176
   ab_p[1,6]    0.6181    0.6948    0.7356    0.7730    0.8535
   ab_p[2,6]   -0.0566   -0.0195   -0.0026    0.0128    0.0464
   ab_p[1,7]   -0.2547   -0.1839   -0.1480   -0.1097   -0.0296
   ab_p[2,7]   -0.0396   -0.0096    0.0041    0.0185    0.0502
   ab_p[1,8]   -0.1022   -0.0262    0.0110    0.0505    0.1269
   ab_p[2,8]   -0.0457   -0.0163   -0.0028    0.0130    0.0475
   ab_p[1,9]   -0.1126   -0.0416   -0.0069    0.0304    0.1066
   ab_p[2,9]   -0.0687   -0.0329   -0.0172   -0.0028    0.0257
  ab_p[1,10]   -0.2663   -0.1931   -0.1552   -0.1183   -0.0401
  ab_p[2,10]   -0.0222    0.0043    0.0192    0.0373    0.0711
  ab_p[1,11]   -0.5406   -0.4655   -0.4253   -0.3859   -0.3032
  ab_p[2,11]   -0.0188    0.0066    0.0239    0.0419    0.0785
  ab_p[1,12]   -0.1107   -0.0408   -0.0010    0.0422    0.1195
  ab_p[2,12]   -0.0533   -0.0211   -0.0060    0.0074    0.0381
  ab_p[1,13]   -0.0075    0.0575    0.0947    0.1368    0.2109
  ab_p[2,13]   -0.0278    0.0017    0.0174    0.0335    0.0618
  ab_p[1,14]    0.0859    0.1722    0.2099    0.2459    0.3287
  ab_p[2,14]   -0.0620   -0.0285   -0.0111    0.0042    0.0332
  ab_p[1,15]    0.3027    0.3841    0.4225    0.4641    0.5465
  ab_p[2,15]   -0.0551   -0.0231   -0.0071    0.0070    0.0369
  ab_p[1,16]   -0.1761   -0.0937   -0.0573   -0.0189    0.0528
  ab_p[2,16]   -0.0162    0.0092    0.0253    0.0440    0.0768
  ab_p[1,17]   -0.2233   -0.1573   -0.1171   -0.0781    0.0047
  ab_p[2,17]   -0.0499   -0.0183   -0.0031    0.0126    0.0430
  ab_p[1,18]   -0.2118   -0.1347   -0.0971   -0.0591    0.0220
  ab_p[2,18]   -0.0221    0.0017    0.0154    0.0304    0.0647
  ab_p[1,19]   -0.1347   -0.0676   -0.0261    0.0129    0.0927
  ab_p[2,19]   -0.0273    0.0004    0.0151    0.0292    0.0605
  ab_p[1,20]   -0.3010   -0.2348   -0.1922   -0.1523   -0.0782
  ab_p[2,20]   -0.0504   -0.0192   -0.0021    0.0118    0.0470
  ab_p[1,21]   -0.4405   -0.3608   -0.3179   -0.2769   -0.2011
  ab_p[2,21]   -0.1138   -0.0766   -0.0566   -0.0341   -0.0002
  ab_p[1,22]   -0.1213   -0.0472   -0.0095    0.0306    0.1075
  ab_p[2,22]   -0.0387   -0.0073    0.0076    0.0237    0.0540
  ab_p[1,23]    0.1083    0.1868    0.2251    0.2631    0.3406
  ab_p[2,23]   -0.0449   -0.0115    0.0028    0.0171    0.0458
  ab_p[1,24]   -0.1906   -0.1223   -0.0825   -0.0415    0.0433
  ab_p[2,24]   -0.0145    0.0151    0.0322    0.0497    0.0817
      σ_e[1]    0.0118    0.0744    0.2088    0.4770    1.8954
      σ_e[2]    0.0089    0.0647    0.1518    0.4099    1.5695
    ρ_e[1,1]    1.0000    1.0000    1.0000    1.0000    1.0000
    ρ_e[2,1]   -0.8034   -0.3474   -0.0075    0.3618    0.8198
    ρ_e[1,2]   -0.8034   -0.3474   -0.0075    0.3618    0.8198
    ρ_e[2,2]    1.0000    1.0000    1.0000    1.0000    1.0000
   ab_e[1,1]   -0.1195   -0.0257    0.0067    0.0415    0.1391
   ab_e[2,1]   -0.1096   -0.0486   -0.0270   -0.0064    0.0502
           σ    0.9953    1.0007    1.0037    1.0065    1.0130

