Running on host compute318.bc4.acrc.priv
Time is Thu Sep 28 16:52:37 BST 2023
Directory is /user/home/em18564/BC4/Bayes/experiments/ePNPPNP_cov
Slurm job ID is 11956962
This job runs on the following machines:
compute318
    Updating registry at `~/.julia/registries/General.toml`
   Resolving package versions...
  No Changes to `~/.julia/environments/v1.8/Project.toml`
  No Changes to `~/.julia/environments/v1.8/Manifest.toml`
   Resolving package versions...
  No Changes to `~/.julia/environments/v1.8/Project.toml`
  No Changes to `~/.julia/environments/v1.8/Manifest.toml`
   Resolving package versions...
  No Changes to `~/.julia/environments/v1.8/Project.toml`
  No Changes to `~/.julia/environments/v1.8/Manifest.toml`
   Resolving package versions...
  No Changes to `~/.julia/environments/v1.8/Project.toml`
  No Changes to `~/.julia/environments/v1.8/Manifest.toml`
   Resolving package versions...
  No Changes to `~/.julia/environments/v1.8/Project.toml`
  No Changes to `~/.julia/environments/v1.8/Manifest.toml`
   Resolving package versions...
  No Changes to `~/.julia/environments/v1.8/Project.toml`
  No Changes to `~/.julia/environments/v1.8/Manifest.toml`
   Resolving package versions...
  No Changes to `~/.julia/environments/v1.8/Project.toml`
  No Changes to `~/.julia/environments/v1.8/Manifest.toml`
   Resolving package versions...
  No Changes to `~/.julia/environments/v1.8/Project.toml`
  No Changes to `~/.julia/environments/v1.8/Manifest.toml`
   Resolving package versions...
  No Changes to `~/.julia/environments/v1.8/Project.toml`
  No Changes to `~/.julia/environments/v1.8/Manifest.toml`
   Resolving package versions...
  No Changes to `~/.julia/environments/v1.8/Project.toml`
  No Changes to `~/.julia/environments/v1.8/Manifest.toml`
   Resolving package versions...
  No Changes to `~/.julia/environments/v1.8/Project.toml`
  No Changes to `~/.julia/environments/v1.8/Manifest.toml`
   Resolving package versions...
  No Changes to `~/.julia/environments/v1.8/Project.toml`
  No Changes to `~/.julia/environments/v1.8/Manifest.toml`
   Resolving package versions...
  No Changes to `~/.julia/environments/v1.8/Project.toml`
  No Changes to `~/.julia/environments/v1.8/Manifest.toml`
   Resolving package versions...
  No Changes to `~/.julia/environments/v1.8/Project.toml`
  No Changes to `~/.julia/environments/v1.8/Manifest.toml`
   Resolving package versions...
  No Changes to `~/.julia/environments/v1.8/Project.toml`
  No Changes to `~/.julia/environments/v1.8/Manifest.toml`
    Updating registry at `~/.julia/registries/General.toml`
   Resolving package versions...
  No Changes to `~/.julia/environments/v1.8/Project.toml`
  No Changes to `~/.julia/environments/v1.8/Manifest.toml`
   Resolving package versions...
  No Changes to `~/.julia/environments/v1.8/Project.toml`
  No Changes to `~/.julia/environments/v1.8/Manifest.toml`
   Resolving package versions...
  No Changes to `~/.julia/environments/v1.8/Project.toml`
  No Changes to `~/.julia/environments/v1.8/Manifest.toml`
   Resolving package versions...
  No Changes to `~/.julia/environments/v1.8/Project.toml`
  No Changes to `~/.julia/environments/v1.8/Manifest.toml`
   Resolving package versions...
  No Changes to `~/.julia/environments/v1.8/Project.toml`
  No Changes to `~/.julia/environments/v1.8/Manifest.toml`
   Resolving package versions...
  No Changes to `~/.julia/environments/v1.8/Project.toml`
  No Changes to `~/.julia/environments/v1.8/Manifest.toml`
   Resolving package versions...
  No Changes to `~/.julia/environments/v1.8/Project.toml`
  No Changes to `~/.julia/environments/v1.8/Manifest.toml`
   Resolving package versions...
  No Changes to `~/.julia/environments/v1.8/Project.toml`
  No Changes to `~/.julia/environments/v1.8/Manifest.toml`
   Resolving package versions...
  No Changes to `~/.julia/environments/v1.8/Project.toml`
  No Changes to `~/.julia/environments/v1.8/Manifest.toml`
   Resolving package versions...
  No Changes to `~/.julia/environments/v1.8/Project.toml`
  No Changes to `~/.julia/environments/v1.8/Manifest.toml`
   Resolving package versions...
  No Changes to `~/.julia/environments/v1.8/Project.toml`
  No Changes to `~/.julia/environments/v1.8/Manifest.toml`
   Resolving package versions...
  No Changes to `~/.julia/environments/v1.8/Project.toml`
  No Changes to `~/.julia/environments/v1.8/Manifest.toml`
   Resolving package versions...
  No Changes to `~/.julia/environments/v1.8/Project.toml`
  No Changes to `~/.julia/environments/v1.8/Manifest.toml`
Sampling (4 threads)   0%|                              |  ETA: N/A
┌ Info: Found initial step size
└   ϵ = 0.0013671875000000001
┌ Info: Found initial step size
└   ϵ = 0.0125
┌ Info: Found initial step size
└   ϵ = 0.00078125
┌ Info: Found initial step size
└   ϵ = 0.0015625
Sampling (4 threads)  25%|███████▌                      |  ETA: 1 days, 2:37:29
Sampling (4 threads)  50%|███████████████               |  ETA: 8:52:30
Sampling (4 threads)  75%|██████████████████████▌       |  ETA: 3:01:18
Sampling (4 threads) 100%|██████████████████████████████| Time: 9:15:37
Sampling (4 threads) 100%|██████████████████████████████| Time: 9:15:37
Chains MCMC chain (250×122×4 Array{Float64, 3}):

Iterations        = 126:1:375
Number of chains  = 4
Samples per chain = 250
Wall duration     = 33311.41 seconds
Compute duration  = 129203.6 seconds
parameters        = a_w_e, b_w_e, σ_w_e[1], σ_w_e[2], ρ_w_e[1,1], ρ_w_e[2,1], ρ_w_e[1,2], ρ_w_e[2,2], ab_w_e[1,1], ab_w_e[2,1], ab_w_e[1,2], ab_w_e[2,2], a_p_e, b_p_e, σ_p_e[1], σ_p_e[2], ρ_p_e[1,1], ρ_p_e[2,1], ρ_p_e[1,2], ρ_p_e[2,2], ab_p_e[1,1], ab_p_e[2,1], ab_p_e[1,2], ab_p_e[2,2], ab_p_e[1,3], ab_p_e[2,3], ab_p_e[1,4], ab_p_e[2,4], ab_p_e[1,5], ab_p_e[2,5], ab_p_e[1,6], ab_p_e[2,6], ab_p_e[1,7], ab_p_e[2,7], ab_p_e[1,8], ab_p_e[2,8], ab_p_e[1,9], ab_p_e[2,9], ab_p_e[1,10], ab_p_e[2,10], ab_p_e[1,11], ab_p_e[2,11], ab_p_e[1,12], ab_p_e[2,12], a_e_e, b_e_e, σ_e_e[1], σ_e_e[2], ρ_e_e[1,1], ρ_e_e[2,1], ρ_e_e[1,2], ρ_e_e[2,2], ab_e_e[1,1], ab_e_e[2,1], a_w_p, b_w_p, σ_w_p[1], σ_w_p[2], ρ_w_p[1,1], ρ_w_p[2,1], ρ_w_p[1,2], ρ_w_p[2,2], ab_w_p[1,1], ab_w_p[2,1], ab_w_p[1,2], ab_w_p[2,2], a_p_p, b_p_p, σ_p_p[1], σ_p_p[2], ρ_p_p[1,1], ρ_p_p[2,1], ρ_p_p[1,2], ρ_p_p[2,2], ab_p_p[1,1], ab_p_p[2,1], ab_p_p[1,2], ab_p_p[2,2], ab_p_p[1,3], ab_p_p[2,3], ab_p_p[1,4], ab_p_p[2,4], ab_p_p[1,5], ab_p_p[2,5], ab_p_p[1,6], ab_p_p[2,6], ab_p_p[1,7], ab_p_p[2,7], ab_p_p[1,8], ab_p_p[2,8], ab_p_p[1,9], ab_p_p[2,9], ab_p_p[1,10], ab_p_p[2,10], ab_p_p[1,11], ab_p_p[2,11], ab_p_p[1,12], ab_p_p[2,12], a_e_p, b_e_p, σ_e_p[1], σ_e_p[2], ρ_e_p[1,1], ρ_e_p[2,1], ρ_e_p[1,2], ρ_e_p[2,2], ab_e_p[1,1], ab_e_p[2,1], σ_ePNP, σ_pNP
internals         = lp, n_steps, is_accept, acceptance_rate, log_density, hamiltonian_energy, hamiltonian_energy_error, max_hamiltonian_energy_error, tree_depth, numerical_error, step_size, nom_step_size

Summary Statistics
    parameters      mean       std   naive_se      mcse         ess      rhat   ess_per_sec
        Symbol   Float64   Float64    Float64   Float64     Float64   Float64       Float64

         a_w_e   -0.1499    0.8592     0.0272    0.0282    584.6829    1.0008        0.0045
         b_w_e    0.0086    0.4722     0.0149    0.0124   1315.9054    0.9979        0.0102
      σ_w_e[1]    0.4116    0.5211     0.0165    0.0268    458.9720    1.0094        0.0036
      σ_w_e[2]    0.4902    0.4717     0.0149    0.0149    647.6544    1.0011        0.0050
    ρ_w_e[1,1]    1.0000    0.0000     0.0000    0.0000         NaN       NaN           NaN
    ρ_w_e[2,1]   -0.0269    0.4494     0.0142    0.0146   1187.3389    1.0004        0.0092
    ρ_w_e[1,2]   -0.0269    0.4494     0.0142    0.0146   1187.3389    1.0004        0.0092
    ρ_w_e[2,2]    1.0000    0.0000     0.0000    0.0000   1000.6249    0.9960        0.0077
   ab_w_e[1,1]   -0.1111    0.9041     0.0286    0.0303    569.4090    1.0018        0.0044
   ab_w_e[2,1]   -0.1028    0.5323     0.0168    0.0123   1361.8671    0.9973        0.0105
   ab_w_e[1,2]   -0.2119    0.9071     0.0287    0.0303    565.3782    1.0015        0.0044
   ab_w_e[2,2]    0.1121    0.5336     0.0169    0.0119   1424.7962    0.9970        0.0110
         a_p_e   -0.0465    0.8596     0.0272    0.0482    244.5682    1.0118        0.0019
         b_p_e   -0.0067    0.4604     0.0146    0.0149    772.2457    1.0009        0.0060
      σ_p_e[1]    0.6766    0.1552     0.0049    0.0066    660.7449    1.0037        0.0051
      σ_p_e[2]    0.4081    0.1047     0.0033    0.0044    604.3788    0.9989        0.0047
    ρ_p_e[1,1]    1.0000    0.0000     0.0000    0.0000         NaN       NaN           NaN
    ρ_p_e[2,1]    0.5450    0.2107     0.0067    0.0092    577.6079    1.0131        0.0045
    ρ_p_e[1,2]    0.5450    0.2107     0.0067    0.0092    577.6079    1.0131        0.0045
    ρ_p_e[2,2]    1.0000    0.0000     0.0000    0.0000    951.5347    0.9960        0.0074
   ab_p_e[1,1]   -0.1133    0.8698     0.0275    0.0494    228.1946    1.0131        0.0018
   ab_p_e[2,1]    0.1227    0.4753     0.0150    0.0148    818.1542    1.0016        0.0063
   ab_p_e[1,2]    0.7682    0.8668     0.0274    0.0492    246.8718    1.0123        0.0019
   ab_p_e[2,2]    0.2544    0.4727     0.0149    0.0149    807.7348    1.0013        0.0063
   ab_p_e[1,3]    0.4562    0.8653     0.0274    0.0491    244.3275    1.0128        0.0019
   ab_p_e[2,3]    0.2429    0.4765     0.0151    0.0151    802.3034    1.0008        0.0062
   ab_p_e[1,4]    0.4162    0.8653     0.0274    0.0490    226.0005    1.0124        0.0017
   ab_p_e[2,4]   -0.1489    0.4777     0.0151    0.0151    814.0015    1.0009        0.0063
   ab_p_e[1,5]    0.1129    0.8637     0.0273    0.0480    252.5713    1.0124        0.0020
   ab_p_e[2,5]    0.0720    0.4787     0.0151    0.0156    819.2601    1.0010        0.0063
   ab_p_e[1,6]    0.2064    0.8690     0.0275    0.0488    230.8230    1.0137        0.0018
   ab_p_e[2,6]    0.7264    0.4807     0.0152    0.0149    837.9721    1.0006        0.0065
   ab_p_e[1,7]    0.3801    0.8661     0.0274    0.0495    209.5851    1.0135        0.0016
   ab_p_e[2,7]    0.0305    0.4729     0.0150    0.0155    816.6379    1.0010        0.0063
   ab_p_e[1,8]    0.4536    0.8675     0.0274    0.0485    253.0061    1.0121        0.0020
   ab_p_e[2,8]    0.1079    0.4780     0.0151    0.0155    814.6592    1.0013        0.0063
   ab_p_e[1,9]   -0.5969    0.8703     0.0275    0.0485    262.2795    1.0129        0.0020
   ab_p_e[2,9]   -0.0614    0.4753     0.0150    0.0157    806.9157    1.0006        0.0062
  ab_p_e[1,10]   -0.4956    0.8767     0.0277    0.0495    253.5929    1.0116        0.0020
  ab_p_e[2,10]   -0.3672    0.4757     0.0150    0.0160    808.1776    1.0012        0.0063
  ab_p_e[1,11]   -1.2555    0.8664     0.0274    0.0482    256.4310    1.0128        0.0020
  ab_p_e[2,11]   -0.7287    0.4821     0.0152    0.0149    820.7521    1.0007        0.0064
  ab_p_e[1,12]   -0.9241    0.8695     0.0275    0.0495    232.4138    1.0125        0.0018
  ab_p_e[2,12]   -0.3456    0.4742     0.0150    0.0144    799.5347    0.9995        0.0062
         a_e_e   -0.0628    0.8693     0.0275    0.0337    692.3931    0.9998        0.0054
         b_e_e    0.0041    0.4346     0.0137    0.0123   1215.4467    0.9993        0.0094
      σ_e_e[1]    0.7953    0.8100     0.0256    0.0395    480.3748    1.0051        0.0037
      σ_e_e[2]    0.7030    0.7211     0.0228    0.0259    745.6024    1.0049        0.0058
    ρ_e_e[1,1]    1.0000    0.0000     0.0000    0.0000         NaN       NaN           NaN
    ρ_e_e[2,1]   -0.0112    0.4318     0.0137    0.0125   1106.6307    0.9982        0.0086
    ρ_e_e[1,2]   -0.0112    0.4318     0.0137    0.0125   1106.6307    0.9982        0.0086
    ρ_e_e[2,2]    1.0000    0.0000     0.0000    0.0000    949.0902    0.9960        0.0073
   ab_e_e[1,1]   -0.1130    1.0149     0.0321    0.0438    512.4191    1.0025        0.0040
   ab_e_e[2,1]    0.0277    0.5630     0.0178    0.0158   1345.9301    0.9986        0.0104
         a_w_p    0.0948    0.8454     0.0267    0.0331    728.0302    1.0001        0.0056
         b_w_p   -0.0020    0.4435     0.0140    0.0131   1458.1631    1.0025        0.0113
      σ_w_p[1]    0.5517    0.5086     0.0161    0.0178    761.6379    1.0037        0.0059
      σ_w_p[2]    0.4795    0.4761     0.0151    0.0160    733.8662    0.9994        0.0057
    ρ_w_p[1,1]    1.0000    0.0000     0.0000    0.0000         NaN       NaN           NaN
    ρ_w_p[2,1]   -0.0939    0.4589     0.0145    0.0110   1264.8884    0.9983        0.0098
    ρ_w_p[1,2]   -0.0939    0.4589     0.0145    0.0110   1264.8884    0.9983        0.0098
    ρ_w_p[2,2]    1.0000    0.0000     0.0000    0.0000   1021.2276    0.9960        0.0079
   ab_w_p[1,1]    0.2366    0.9045     0.0286    0.0353    730.2564    0.9990        0.0057
   ab_w_p[2,1]   -0.0761    0.5119     0.0162    0.0184   1213.5938    1.0067        0.0094
   ab_w_p[1,2]   -0.0183    0.9048     0.0286    0.0349    736.4114    0.9989        0.0057
   ab_w_p[2,2]    0.1279    0.5149     0.0163    0.0183   1257.6368    1.0062        0.0097
         a_p_p    0.1869    0.8478     0.0268    0.0512    263.8294    1.0064        0.0020
         b_p_p    0.0252    0.4441     0.0140    0.0205    637.0726    1.0123        0.0049
      σ_p_p[1]    0.6196    0.1543     0.0049    0.0046    951.5292    0.9991        0.0074
      σ_p_p[2]    0.4454    0.1091     0.0035    0.0037    890.8775    1.0017        0.0069
    ρ_p_p[1,1]    1.0000    0.0000     0.0000    0.0000         NaN       NaN           NaN
    ρ_p_p[2,1]   -0.1203    0.2605     0.0082    0.0094   1007.1725    1.0004        0.0078
    ρ_p_p[1,2]   -0.1203    0.2605     0.0082    0.0094   1007.1725    1.0004        0.0078
    ρ_p_p[2,2]    1.0000    0.0000     0.0000    0.0000   1113.8323    0.9960        0.0086
   ab_p_p[1,1]   -0.3992    0.8502     0.0269    0.0533    248.8915    1.0063        0.0019
   ab_p_p[2,1]    0.1950    0.4609     0.0146    0.0210    668.2941    1.0123        0.0052
   ab_p_p[1,2]    0.6156    0.8584     0.0271    0.0533    254.7793    1.0074        0.0020
   ab_p_p[2,2]    0.6590    0.4594     0.0145    0.0206    628.3851    1.0080        0.0049
   ab_p_p[1,3]   -0.2335    0.8546     0.0270    0.0528    251.1944    1.0076        0.0019
   ab_p_p[2,3]    0.1404    0.4701     0.0149    0.0226    502.6190    1.0121        0.0039
   ab_p_p[1,4]    0.9122    0.8587     0.0272    0.0534    250.8843    1.0078        0.0019
   ab_p_p[2,4]   -0.0858    0.4619     0.0146    0.0210    671.1822    1.0095        0.0052
   ab_p_p[1,5]    0.2400    0.8534     0.0270    0.0530    253.5546    1.0055        0.0020
   ab_p_p[2,5]    0.1083    0.4679     0.0148    0.0212    590.5639    1.0102        0.0046
   ab_p_p[1,6]   -0.8339    0.8617     0.0272    0.0524    253.5688    1.0071        0.0020
   ab_p_p[2,6]    0.5230    0.4685     0.0148    0.0219    655.6495    1.0133        0.0051
   ab_p_p[1,7]    0.4306    0.8589     0.0272    0.0542    244.0157    1.0069        0.0019
   ab_p_p[2,7]    0.0832    0.4626     0.0146    0.0214    635.4095    1.0126        0.0049
   ab_p_p[1,8]    0.9969    0.8585     0.0271    0.0544    240.9519    1.0073        0.0019
   ab_p_p[2,8]    0.2076    0.4664     0.0147    0.0214    645.3810    1.0107        0.0050
   ab_p_p[1,9]   -0.1848    0.8610     0.0272    0.0538    246.7248    1.0073        0.0019
   ab_p_p[2,9]   -0.1598    0.4616     0.0146    0.0213    641.6260    1.0112        0.0050
  ab_p_p[1,10]   -0.0354    0.8567     0.0271    0.0546    226.7663    1.0070        0.0018
  ab_p_p[2,10]   -0.3987    0.4664     0.0148    0.0205    654.7501    1.0109        0.0051
  ab_p_p[1,11]    0.5477    0.8609     0.0272    0.0539    244.4068    1.0065        0.0019
  ab_p_p[2,11]   -0.7287    0.4668     0.0148    0.0222    533.2128    1.0134        0.0041
  ab_p_p[1,12]    0.2477    0.8602     0.0272    0.0542    242.0169    1.0065        0.0019
  ab_p_p[2,12]   -0.2747    0.4639     0.0147    0.0210    627.4174    1.0106        0.0049
         a_e_p    0.0950    0.8718     0.0276    0.0374    581.1909    0.9999        0.0045
         b_e_p   -0.0114    0.4230     0.0134    0.0117   1157.0845    0.9983        0.0090
      σ_e_p[1]    0.8394    0.7811     0.0247    0.0318    695.3841    1.0045        0.0054
      σ_e_p[2]    0.7166    0.7317     0.0231    0.0278    846.9778    0.9992        0.0066
    ρ_e_p[1,1]    1.0000    0.0000     0.0000    0.0000         NaN       NaN           NaN
    ρ_e_p[2,1]    0.0170    0.4694     0.0148    0.0132   1126.7903    1.0004        0.0087
    ρ_e_p[1,2]    0.0170    0.4694     0.0148    0.0132   1126.7903    1.0004        0.0087
    ρ_e_p[2,2]    1.0000    0.0000     0.0000    0.0000   1017.8724    0.9960        0.0079
   ab_e_p[1,1]    0.1324    1.0063     0.0318    0.0549    313.4554    1.0042        0.0024
   ab_e_p[2,1]    0.0058    0.5463     0.0173    0.0193   1094.1283    1.0012        0.0085
        σ_ePNP    4.0393    0.0190     0.0006    0.0006   1011.0532    0.9996        0.0078
         σ_pNP    4.4110    0.0206     0.0007    0.0007    877.3897    1.0011        0.0068

Quantiles
    parameters      2.5%     25.0%     50.0%     75.0%     97.5%
        Symbol   Float64   Float64   Float64   Float64   Float64

         a_w_e   -1.8452   -0.7285   -0.1383    0.4394    1.5585
         b_w_e   -0.8965   -0.3156    0.0068    0.3195    0.9354
      σ_w_e[1]    0.0165    0.0968    0.2231    0.5063    1.9234
      σ_w_e[2]    0.0679    0.1870    0.3396    0.6190    1.9365
    ρ_w_e[1,1]    1.0000    1.0000    1.0000    1.0000    1.0000
    ρ_w_e[2,1]   -0.8184   -0.3829   -0.0341    0.3021    0.8210
    ρ_w_e[1,2]   -0.8184   -0.3829   -0.0341    0.3021    0.8210
    ρ_w_e[2,2]    1.0000    1.0000    1.0000    1.0000    1.0000
   ab_w_e[1,1]   -1.8114   -0.7290   -0.1392    0.4894    1.6748
   ab_w_e[2,1]   -1.1461   -0.4463   -0.0941    0.2314    0.8737
   ab_w_e[1,2]   -1.9123   -0.8322   -0.2431    0.4087    1.6051
   ab_w_e[2,2]   -0.9588   -0.2403    0.1110    0.4399    1.1366
         a_p_e   -1.7438   -0.6107   -0.0437    0.5327    1.6152
         b_p_e   -0.8645   -0.3136   -0.0049    0.2970    0.8640
      σ_p_e[1]    0.4513    0.5684    0.6520    0.7543    1.0443
      σ_p_e[2]    0.2559    0.3379    0.3895    0.4566    0.6714
    ρ_p_e[1,1]    1.0000    1.0000    1.0000    1.0000    1.0000
    ρ_p_e[2,1]    0.0422    0.4310    0.5823    0.6994    0.8465
    ρ_p_e[1,2]    0.0422    0.4310    0.5823    0.6994    0.8465
    ρ_p_e[2,2]    1.0000    1.0000    1.0000    1.0000    1.0000
   ab_p_e[1,1]   -1.8303   -0.6788   -0.1146    0.4809    1.5379
   ab_p_e[2,1]   -0.7756   -0.1966    0.1180    0.4479    1.0427
   ab_p_e[1,2]   -0.9675    0.1889    0.7688    1.3420    2.4579
   ab_p_e[2,2]   -0.6315   -0.0615    0.2625    0.5580    1.1693
   ab_p_e[1,3]   -1.1826   -0.1276    0.4593    1.0426    2.1161
   ab_p_e[2,3]   -0.6922   -0.0687    0.2626    0.5571    1.1928
   ab_p_e[1,4]   -1.2641   -0.1680    0.4259    1.0115    2.1350
   ab_p_e[2,4]   -1.0897   -0.4481   -0.1449    0.1673    0.7970
   ab_p_e[1,5]   -1.6447   -0.4838    0.1132    0.7077    1.7915
   ab_p_e[2,5]   -0.8354   -0.2367    0.0603    0.3967    1.0019
   ab_p_e[1,6]   -1.5127   -0.3810    0.2059    0.7904    1.8529
   ab_p_e[2,6]   -0.2209    0.4038    0.7250    1.0457    1.7037
   ab_p_e[1,7]   -1.2974   -0.2108    0.3786    0.9697    2.0463
   ab_p_e[2,7]   -0.8610   -0.2729    0.0148    0.3404    0.9232
   ab_p_e[1,8]   -1.2170   -0.1135    0.4501    1.0454    2.1218
   ab_p_e[2,8]   -0.8063   -0.2058    0.1162    0.4342    1.0394
   ab_p_e[1,9]   -2.3342   -1.1780   -0.6121   -0.0092    1.0738
   ab_p_e[2,9]   -1.0133   -0.3763   -0.0608    0.2474    0.9099
  ab_p_e[1,10]   -2.2561   -1.1013   -0.4992    0.1223    1.1804
  ab_p_e[2,10]   -1.3010   -0.6825   -0.3513   -0.0614    0.5804
  ab_p_e[1,11]   -2.9551   -1.8365   -1.2557   -0.6689    0.3868
  ab_p_e[2,11]   -1.6661   -1.0545   -0.7251   -0.4177    0.2113
  ab_p_e[1,12]   -2.6372   -1.5292   -0.9239   -0.3248    0.7660
  ab_p_e[2,12]   -1.2391   -0.6583   -0.3324   -0.0508    0.5950
         a_e_e   -1.6997   -0.6466   -0.0445    0.5438    1.6618
         b_e_e   -0.8365   -0.3004    0.0026    0.3190    0.7984
      σ_e_e[1]    0.0235    0.2387    0.5394    1.0792    2.8961
      σ_e_e[2]    0.0213    0.2106    0.4764    0.9742    2.5816
    ρ_e_e[1,1]    1.0000    1.0000    1.0000    1.0000    1.0000
    ρ_e_e[2,1]   -0.7885   -0.3451   -0.0170    0.3271    0.7868
    ρ_e_e[1,2]   -0.7885   -0.3451   -0.0170    0.3271    0.7868
    ρ_e_e[2,2]    1.0000    1.0000    1.0000    1.0000    1.0000
   ab_e_e[1,1]   -2.2813   -0.7284   -0.0918    0.5578    1.7996
   ab_e_e[2,1]   -1.0962   -0.3536    0.0410    0.3815    1.1080
         a_w_p   -1.5748   -0.4860    0.1289    0.6671    1.6989
         b_w_p   -0.8585   -0.3116   -0.0042    0.3004    0.8597
      σ_w_p[1]    0.0777    0.2197    0.3825    0.7168    1.9441
      σ_w_p[2]    0.0501    0.1754    0.3211    0.6037    1.8843
    ρ_w_p[1,1]    1.0000    1.0000    1.0000    1.0000    1.0000
    ρ_w_p[2,1]   -0.8926   -0.4508   -0.1195    0.2544    0.7704
    ρ_w_p[1,2]   -0.8926   -0.4508   -0.1195    0.2544    0.7704
    ρ_w_p[2,2]    1.0000    1.0000    1.0000    1.0000    1.0000
   ab_w_p[1,1]   -1.5984   -0.3293    0.2652    0.8778    1.8125
   ab_w_p[2,1]   -1.0538   -0.4199   -0.0920    0.2394    0.9213
   ab_w_p[1,2]   -1.8170   -0.5936    0.0113    0.6019    1.5997
   ab_w_p[2,2]   -0.8558   -0.2194    0.1030    0.4506    1.1737
         a_p_p   -1.4402   -0.3758    0.1507    0.7473    2.0032
         b_p_p   -0.8128   -0.2721    0.0285    0.3080    0.9589
      σ_p_p[1]    0.3862    0.5126    0.5922    0.6910    0.9836
      σ_p_p[2]    0.2947    0.3676    0.4285    0.5007    0.7048
    ρ_p_p[1,1]    1.0000    1.0000    1.0000    1.0000    1.0000
    ρ_p_p[2,1]   -0.6080   -0.3032   -0.1310    0.0476    0.4125
    ρ_p_p[1,2]   -0.6080   -0.3032   -0.1310    0.0476    0.4125
    ρ_p_p[2,2]    1.0000    1.0000    1.0000    1.0000    1.0000
   ab_p_p[1,1]   -1.9279   -0.9615   -0.4483    0.1261    1.3551
   ab_p_p[2,1]   -0.6463   -0.1071    0.1913    0.4822    1.0947
   ab_p_p[1,2]   -0.9834    0.0050    0.5773    1.1500    2.4473
   ab_p_p[2,2]   -0.2537    0.3516    0.6548    0.9484    1.5863
   ab_p_p[1,3]   -1.7934   -0.8264   -0.2652    0.2965    1.5139
   ab_p_p[2,3]   -0.7262   -0.1769    0.1147    0.4431    1.0904
   ab_p_p[1,4]   -0.6403    0.3041    0.8753    1.4397    2.7129
   ab_p_p[2,4]   -0.9238   -0.3962   -0.1031    0.2025    0.8717
   ab_p_p[1,5]   -1.3110   -0.3306    0.2032    0.7609    2.1198
   ab_p_p[2,5]   -0.7555   -0.2119    0.0945    0.4177    1.0356
   ab_p_p[1,6]   -2.3266   -1.4423   -0.8716   -0.2931    0.9408
   ab_p_p[2,6]   -0.3407    0.2252    0.5156    0.8285    1.4637
   ab_p_p[1,7]   -1.0979   -0.1566    0.3955    0.9487    2.2919
   ab_p_p[2,7]   -0.7979   -0.2218    0.0837    0.3760    1.0224
   ab_p_p[1,8]   -0.4969    0.4041    0.9780    1.5508    2.7744
   ab_p_p[2,8]   -0.6594   -0.0981    0.1986    0.5087    1.1347
   ab_p_p[1,9]   -1.6843   -0.7632   -0.2321    0.3543    1.5770
   ab_p_p[2,9]   -0.9939   -0.4742   -0.1668    0.1249    0.7691
  ab_p_p[1,10]   -1.5692   -0.6257   -0.0613    0.4788    1.6887
  ab_p_p[2,10]   -1.2922   -0.7067   -0.4125   -0.0988    0.5311
  ab_p_p[1,11]   -1.0221   -0.0386    0.5094    1.0893    2.3144
  ab_p_p[2,11]   -1.6037   -1.0409   -0.7427   -0.4380    0.2065
  ab_p_p[1,12]   -1.3380   -0.3365    0.2108    0.7719    2.0874
  ab_p_p[2,12]   -1.1323   -0.5796   -0.2791    0.0275    0.6563
         a_e_p   -1.6395   -0.4981    0.1362    0.7172    1.7135
         b_e_p   -0.8493   -0.2996   -0.0181    0.2645    0.8412
      σ_e_p[1]    0.0276    0.2677    0.6231    1.1519    2.8454
      σ_e_p[2]    0.0212    0.1863    0.4723    0.9822    2.7473
    ρ_e_p[1,1]    1.0000    1.0000    1.0000    1.0000    1.0000
    ρ_e_p[2,1]   -0.8239   -0.3639    0.0343    0.3935    0.8382
    ρ_e_p[1,2]   -0.8239   -0.3639    0.0343    0.3935    0.8382
    ρ_e_p[2,2]    1.0000    1.0000    1.0000    1.0000    1.0000
   ab_e_p[1,1]   -1.7797   -0.5005    0.1401    0.7514    2.0329
   ab_e_p[2,1]   -1.0420   -0.3436    0.0050    0.3660    1.0801
        σ_ePNP    4.0032    4.0260    4.0384    4.0517    4.0786
         σ_pNP    4.3715    4.3965    4.4109    4.4260    4.4519

