Running on host compute520.bc4.acrc.priv
Time is Tue Dec 12 16:52:07 GMT 2023
Directory is /user/home/em18564/BC4/Bayes/experiments/ePNPPNP_cov2attempt2
Slurm job ID is 12151848
This job runs on the following machines:
compute520
    Updating registry at `~/.julia/registries/General.toml`
   Resolving package versions...
   Installed libpng_jll ─ v1.6.38+1
  No Changes to `~/.julia/environments/v1.8/Project.toml`
    Updating `~/.julia/environments/v1.8/Manifest.toml`
⌃ [b53b4c65] ↑ libpng_jll v1.6.38+0 ⇒ v1.6.38+1
        Info Packages marked with ⌃ have new versions available and may be upgradable.
Precompiling project...
[32m  ✓ [39m[90mlibpng_jll[39m
[32m  ✓ [39m[90mCairo_jll[39m
[32m  ✓ [39m[90mHarfBuzz_jll[39m
[32m  ✓ [39m[90mlibass_jll[39m
[32m  ✓ [39m[90mFFMPEG_jll[39m
[32m  ✓ [39m[90mFFMPEG[39m
[32m  ✓ [39m[90mGR_jll[39m
[32m  ✓ [39m[90mGR[39m
[32m  ✓ [39m[90mPlots[39m
[32m  ✓ [39mStatsPlots
  10 dependencies successfully precompiled in 81 seconds. 290 already precompiled.
   Resolving package versions...
  No Changes to `~/.julia/environments/v1.8/Project.toml`
  No Changes to `~/.julia/environments/v1.8/Manifest.toml`
   Resolving package versions...
  No Changes to `~/.julia/environments/v1.8/Project.toml`
  No Changes to `~/.julia/environments/v1.8/Manifest.toml`
   Resolving package versions...
  No Changes to `~/.julia/environments/v1.8/Project.toml`
  No Changes to `~/.julia/environments/v1.8/Manifest.toml`
   Resolving package versions...
  No Changes to `~/.julia/environments/v1.8/Project.toml`
  No Changes to `~/.julia/environments/v1.8/Manifest.toml`
   Resolving package versions...
  No Changes to `~/.julia/environments/v1.8/Project.toml`
  No Changes to `~/.julia/environments/v1.8/Manifest.toml`
   Resolving package versions...
  No Changes to `~/.julia/environments/v1.8/Project.toml`
  No Changes to `~/.julia/environments/v1.8/Manifest.toml`
   Resolving package versions...
  No Changes to `~/.julia/environments/v1.8/Project.toml`
  No Changes to `~/.julia/environments/v1.8/Manifest.toml`
   Resolving package versions...
  No Changes to `~/.julia/environments/v1.8/Project.toml`
  No Changes to `~/.julia/environments/v1.8/Manifest.toml`
   Resolving package versions...
  No Changes to `~/.julia/environments/v1.8/Project.toml`
  No Changes to `~/.julia/environments/v1.8/Manifest.toml`
   Resolving package versions...
  No Changes to `~/.julia/environments/v1.8/Project.toml`
  No Changes to `~/.julia/environments/v1.8/Manifest.toml`
   Resolving package versions...
  No Changes to `~/.julia/environments/v1.8/Project.toml`
  No Changes to `~/.julia/environments/v1.8/Manifest.toml`
   Resolving package versions...
  No Changes to `~/.julia/environments/v1.8/Project.toml`
  No Changes to `~/.julia/environments/v1.8/Manifest.toml`
   Resolving package versions...
  No Changes to `~/.julia/environments/v1.8/Project.toml`
  No Changes to `~/.julia/environments/v1.8/Manifest.toml`
   Resolving package versions...
  No Changes to `~/.julia/environments/v1.8/Project.toml`
  No Changes to `~/.julia/environments/v1.8/Manifest.toml`
    Updating registry at `~/.julia/registries/General.toml`
   Resolving package versions...
  No Changes to `~/.julia/environments/v1.8/Project.toml`
  No Changes to `~/.julia/environments/v1.8/Manifest.toml`
   Resolving package versions...
  No Changes to `~/.julia/environments/v1.8/Project.toml`
  No Changes to `~/.julia/environments/v1.8/Manifest.toml`
   Resolving package versions...
  No Changes to `~/.julia/environments/v1.8/Project.toml`
  No Changes to `~/.julia/environments/v1.8/Manifest.toml`
   Resolving package versions...
  No Changes to `~/.julia/environments/v1.8/Project.toml`
  No Changes to `~/.julia/environments/v1.8/Manifest.toml`
   Resolving package versions...
  No Changes to `~/.julia/environments/v1.8/Project.toml`
  No Changes to `~/.julia/environments/v1.8/Manifest.toml`
   Resolving package versions...
  No Changes to `~/.julia/environments/v1.8/Project.toml`
  No Changes to `~/.julia/environments/v1.8/Manifest.toml`
   Resolving package versions...
  No Changes to `~/.julia/environments/v1.8/Project.toml`
  No Changes to `~/.julia/environments/v1.8/Manifest.toml`
   Resolving package versions...
  No Changes to `~/.julia/environments/v1.8/Project.toml`
  No Changes to `~/.julia/environments/v1.8/Manifest.toml`
   Resolving package versions...
  No Changes to `~/.julia/environments/v1.8/Project.toml`
  No Changes to `~/.julia/environments/v1.8/Manifest.toml`
   Resolving package versions...
  No Changes to `~/.julia/environments/v1.8/Project.toml`
  No Changes to `~/.julia/environments/v1.8/Manifest.toml`
   Resolving package versions...
  No Changes to `~/.julia/environments/v1.8/Project.toml`
  No Changes to `~/.julia/environments/v1.8/Manifest.toml`
   Resolving package versions...
  No Changes to `~/.julia/environments/v1.8/Project.toml`
  No Changes to `~/.julia/environments/v1.8/Manifest.toml`
   Resolving package versions...
  No Changes to `~/.julia/environments/v1.8/Project.toml`
  No Changes to `~/.julia/environments/v1.8/Manifest.toml`
   Resolving package versions...
  No Changes to `~/.julia/environments/v1.8/Project.toml`
  No Changes to `~/.julia/environments/v1.8/Manifest.toml`
   Resolving package versions...
  No Changes to `~/.julia/environments/v1.8/Project.toml`
  No Changes to `~/.julia/environments/v1.8/Manifest.toml`
   Resolving package versions...
  No Changes to `~/.julia/environments/v1.8/Project.toml`
  No Changes to `~/.julia/environments/v1.8/Manifest.toml`
Sampling (4 threads)   0%|                              |  ETA: N/A
┌ Info: Found initial step size
└   ϵ = 0.00625
┌ Info: Found initial step size
└   ϵ = 0.00625
┌ Info: Found initial step size
└   ϵ = 0.0015625
┌ Info: Found initial step size
└   ϵ = 0.00625
Sampling (4 threads)  25%|███████▌                      |  ETA: 13.73 days
Sampling (4 threads)  50%|███████████████               |  ETA: 4 days, 13:48:21
Sampling (4 threads)  75%|██████████████████████▌       |  ETA: 1 days, 12:36:07
Sampling (4 threads) 100%|██████████████████████████████| Time: 4 days, 14:17:50
Sampling (4 threads) 100%|██████████████████████████████| Time: 4 days, 14:17:50
Chains MCMC chain (250×159×4 Array{Float64, 3}):

Iterations        = 126:1:375
Number of chains  = 4
Samples per chain = 250
Wall duration     = 397051.78 seconds
Compute duration  = 1.57501974e6 seconds
parameters        = σ_w_e[1], σ_w_e[2], ρ_w_e[1,1], ρ_w_e[2,1], ρ_w_e[1,2], ρ_w_e[2,2], ab_w_e[1,1], ab_w_e[2,1], ab_w_e[1,2], ab_w_e[2,2], σ_p_e[1], σ_p_e[2], ρ_p_e[1,1], ρ_p_e[2,1], ρ_p_e[1,2], ρ_p_e[2,2], ab_p_e[1,1], ab_p_e[2,1], ab_p_e[1,2], ab_p_e[2,2], ab_p_e[1,3], ab_p_e[2,3], ab_p_e[1,4], ab_p_e[2,4], ab_p_e[1,5], ab_p_e[2,5], ab_p_e[1,6], ab_p_e[2,6], ab_p_e[1,7], ab_p_e[2,7], ab_p_e[1,8], ab_p_e[2,8], ab_p_e[1,9], ab_p_e[2,9], ab_p_e[1,10], ab_p_e[2,10], ab_p_e[1,11], ab_p_e[2,11], ab_p_e[1,12], ab_p_e[2,12], ab_p_e[1,13], ab_p_e[2,13], ab_p_e[1,14], ab_p_e[2,14], ab_p_e[1,15], ab_p_e[2,15], ab_p_e[1,16], ab_p_e[2,16], ab_p_e[1,17], ab_p_e[2,17], ab_p_e[1,18], ab_p_e[2,18], ab_p_e[1,19], ab_p_e[2,19], ab_p_e[1,20], ab_p_e[2,20], ab_p_e[1,21], ab_p_e[2,21], ab_p_e[1,22], ab_p_e[2,22], ab_p_e[1,23], ab_p_e[2,23], ab_p_e[1,24], ab_p_e[2,24], σ_e_e[1], σ_e_e[2], ρ_e_e[1,1], ρ_e_e[2,1], ρ_e_e[1,2], ρ_e_e[2,2], ab_e_e[1,1], ab_e_e[2,1], σ_w_p[1], σ_w_p[2], ρ_w_p[1,1], ρ_w_p[2,1], ρ_w_p[1,2], ρ_w_p[2,2], ab_w_p[1,1], ab_w_p[2,1], ab_w_p[1,2], ab_w_p[2,2], σ_p_p[1], σ_p_p[2], ρ_p_p[1,1], ρ_p_p[2,1], ρ_p_p[1,2], ρ_p_p[2,2], ab_p_p[1,1], ab_p_p[2,1], ab_p_p[1,2], ab_p_p[2,2], ab_p_p[1,3], ab_p_p[2,3], ab_p_p[1,4], ab_p_p[2,4], ab_p_p[1,5], ab_p_p[2,5], ab_p_p[1,6], ab_p_p[2,6], ab_p_p[1,7], ab_p_p[2,7], ab_p_p[1,8], ab_p_p[2,8], ab_p_p[1,9], ab_p_p[2,9], ab_p_p[1,10], ab_p_p[2,10], ab_p_p[1,11], ab_p_p[2,11], ab_p_p[1,12], ab_p_p[2,12], ab_p_p[1,13], ab_p_p[2,13], ab_p_p[1,14], ab_p_p[2,14], ab_p_p[1,15], ab_p_p[2,15], ab_p_p[1,16], ab_p_p[2,16], ab_p_p[1,17], ab_p_p[2,17], ab_p_p[1,18], ab_p_p[2,18], ab_p_p[1,19], ab_p_p[2,19], ab_p_p[1,20], ab_p_p[2,20], ab_p_p[1,21], ab_p_p[2,21], ab_p_p[1,22], ab_p_p[2,22], ab_p_p[1,23], ab_p_p[2,23], ab_p_p[1,24], ab_p_p[2,24], σ_e_p[1], σ_e_p[2], ρ_e_p[1,1], ρ_e_p[2,1], ρ_e_p[1,2], ρ_e_p[2,2], ab_e_p[1,1], ab_e_p[2,1], sigma[1], sigma[2], R_tilde[1]
internals         = lp, n_steps, is_accept, acceptance_rate, log_density, hamiltonian_energy, hamiltonian_energy_error, max_hamiltonian_energy_error, tree_depth, numerical_error, step_size, nom_step_size

Summary Statistics
    parameters      mean       std   naive_se      mcse         ess      rhat   ess_per_sec
        Symbol   Float64   Float64    Float64   Float64     Float64   Float64       Float64

      σ_w_e[1]    0.3961    0.4133     0.0131    0.0153    690.1742    1.0005        0.0004
      σ_w_e[2]    0.3062    0.3639     0.0115    0.0113    677.1385    1.0007        0.0004
    ρ_w_e[1,1]    1.0000    0.0000     0.0000    0.0000         NaN       NaN           NaN
    ρ_w_e[2,1]   -0.0904    0.4460     0.0141    0.0087   2171.0458    0.9979        0.0014
    ρ_w_e[1,2]   -0.0904    0.4460     0.0141    0.0087   2171.0458    0.9979        0.0014
    ρ_w_e[2,2]    1.0000    0.0000     0.0000    0.0000   1008.6706    0.9960        0.0006
   ab_w_e[1,1]    0.0557    0.2182     0.0069    0.0074    802.3851    1.0015        0.0005
   ab_w_e[2,1]   -0.0539    0.1770     0.0056    0.0042   1305.0242    0.9978        0.0008
   ab_w_e[1,2]   -0.1406    0.2180     0.0069    0.0067    848.6401    1.0009        0.0005
   ab_w_e[2,2]    0.0706    0.1774     0.0056    0.0038   1270.2309    0.9991        0.0008
      σ_p_e[1]    0.6235    0.0948     0.0030    0.0033    819.8986    0.9992        0.0005
      σ_p_e[2]    0.2842    0.0496     0.0016    0.0017    748.3458    0.9999        0.0005
    ρ_p_e[1,1]    1.0000    0.0000     0.0000    0.0000         NaN       NaN           NaN
    ρ_p_e[2,1]    0.5751    0.1535     0.0049    0.0054   1037.3725    0.9999        0.0007
    ρ_p_e[1,2]    0.5751    0.1535     0.0049    0.0054   1037.3725    0.9999        0.0007
    ρ_p_e[2,2]    1.0000    0.0000     0.0000    0.0000    958.1724    0.9960        0.0006
   ab_p_e[1,1]   -0.2692    0.1564     0.0049    0.0039   2133.6300    0.9990        0.0014
   ab_p_e[2,1]    0.0730    0.1085     0.0034    0.0038    909.3021    0.9971        0.0006
   ab_p_e[1,2]    0.5654    0.1509     0.0048    0.0042   1798.2806    0.9982        0.0011
   ab_p_e[2,2]    0.1712    0.1098     0.0035    0.0033   1077.9494    1.0022        0.0007
   ab_p_e[1,3]    0.2976    0.1589     0.0050    0.0056   1230.8926    0.9981        0.0008
   ab_p_e[2,3]    0.1906    0.1121     0.0035    0.0035    950.6261    1.0006        0.0006
   ab_p_e[1,4]    0.2118    0.1566     0.0050    0.0050   1325.0058    0.9987        0.0008
   ab_p_e[2,4]   -0.1538    0.1037     0.0033    0.0035    908.0852    0.9980        0.0006
   ab_p_e[1,5]   -0.0630    0.1604     0.0051    0.0043   1405.8572    0.9976        0.0009
   ab_p_e[2,5]    0.0355    0.1011     0.0032    0.0031   1003.4434    0.9991        0.0006
   ab_p_e[1,6]    0.0826    0.1547     0.0049    0.0045   1522.8446    0.9986        0.0010
   ab_p_e[2,6]    0.6025    0.1164     0.0037    0.0038   1043.4528    0.9981        0.0007
   ab_p_e[1,7]    0.1943    0.1563     0.0049    0.0038   1718.4878    0.9978        0.0011
   ab_p_e[2,7]    0.0080    0.1044     0.0033    0.0027   1083.4255    0.9977        0.0007
   ab_p_e[1,8]    0.2480    0.1561     0.0049    0.0046   1604.6766    0.9993        0.0010
   ab_p_e[2,8]    0.0551    0.1047     0.0033    0.0041    917.8511    1.0045        0.0006
   ab_p_e[1,9]   -0.7593    0.1559     0.0049    0.0044   1901.1190    0.9992        0.0012
   ab_p_e[2,9]   -0.0758    0.1099     0.0035    0.0040   1051.8880    1.0031        0.0007
  ab_p_e[1,10]   -0.6602    0.1603     0.0051    0.0041   1681.2109    0.9972        0.0011
  ab_p_e[2,10]   -0.3401    0.1046     0.0033    0.0033   1333.9475    0.9977        0.0008
  ab_p_e[1,11]   -1.4332    0.1619     0.0051    0.0041   1708.0796    0.9977        0.0011
  ab_p_e[2,11]   -0.6596    0.1122     0.0035    0.0043   1018.6846    0.9974        0.0006
  ab_p_e[1,12]   -1.0920    0.1556     0.0049    0.0037   1683.3096    0.9987        0.0011
  ab_p_e[2,12]   -0.3326    0.1069     0.0034    0.0039   1020.1284    0.9998        0.0006
  ab_p_e[1,13]    0.6530    0.1511     0.0048    0.0041   1552.5788    0.9987        0.0010
  ab_p_e[2,13]    0.0093    0.1117     0.0035    0.0037    963.6758    1.0012        0.0006
  ab_p_e[1,14]    0.1651    0.1560     0.0049    0.0040   1702.4395    1.0005        0.0011
  ab_p_e[2,14]   -0.0255    0.1103     0.0035    0.0036   1057.7704    0.9987        0.0007
  ab_p_e[1,15]    0.6918    0.1538     0.0049    0.0045   1373.2866    0.9995        0.0009
  ab_p_e[2,15]    0.2693    0.1041     0.0033    0.0032   1008.8920    1.0028        0.0006
  ab_p_e[1,16]   -0.2073    0.1581     0.0050    0.0044   1584.8680    0.9991        0.0010
  ab_p_e[2,16]    0.1766    0.1078     0.0034    0.0033   1218.8052    0.9992        0.0008
  ab_p_e[1,17]    0.5621    0.1550     0.0049    0.0035   1533.6484    0.9994        0.0010
  ab_p_e[2,17]    0.1364    0.1030     0.0033    0.0037    989.8999    1.0018        0.0006
  ab_p_e[1,18]   -0.2765    0.1598     0.0051    0.0045   1622.2886    0.9985        0.0010
  ab_p_e[2,18]   -0.1527    0.1010     0.0032    0.0032   1047.8607    1.0008        0.0007
  ab_p_e[1,19]   -0.7989    0.1570     0.0050    0.0039   1742.8085    0.9983        0.0011
  ab_p_e[2,19]   -0.2720    0.1102     0.0035    0.0042   1039.8001    1.0002        0.0007
  ab_p_e[1,20]   -0.2505    0.1571     0.0050    0.0046   1282.6383    1.0001        0.0008
  ab_p_e[2,20]   -0.2164    0.1076     0.0034    0.0039    898.1324    0.9992        0.0006
  ab_p_e[1,21]    0.8138    0.1560     0.0049    0.0049   1274.6852    1.0007        0.0008
  ab_p_e[2,21]   -0.0462    0.1094     0.0035    0.0035    968.1962    0.9999        0.0006
  ab_p_e[1,22]    0.6899    0.1542     0.0049    0.0043   2040.0416    0.9995        0.0013
  ab_p_e[2,22]    0.1659    0.1074     0.0034    0.0031   1047.0619    0.9986        0.0007
  ab_p_e[1,23]    0.2988    0.1573     0.0050    0.0051   1478.6597    0.9981        0.0009
  ab_p_e[2,23]    0.2997    0.1061     0.0034    0.0038   1059.1552    1.0018        0.0007
  ab_p_e[1,24]   -0.0991    0.1626     0.0051    0.0046   1132.6028    0.9985        0.0007
  ab_p_e[2,24]   -0.0078    0.1023     0.0032    0.0026    891.8747    0.9971        0.0006
      σ_e_e[1]    0.5065    0.5861     0.0185    0.0202    766.8945    0.9992        0.0005
      σ_e_e[2]    0.4524    0.5762     0.0182    0.0220    626.2165    0.9993        0.0004
    ρ_e_e[1,1]    1.0000    0.0000     0.0000    0.0000         NaN       NaN           NaN
    ρ_e_e[2,1]    0.0024    0.4507     0.0143    0.0110   2415.3011    0.9983        0.0015
    ρ_e_e[1,2]    0.0024    0.4507     0.0143    0.0110   2415.3011    0.9983        0.0015
    ρ_e_e[2,2]    1.0000    0.0000     0.0000    0.0000   1027.3271    0.9960        0.0007
   ab_e_e[1,1]   -0.0765    0.2309     0.0073    0.0071    941.1515    0.9999        0.0006
   ab_e_e[2,1]    0.0112    0.1797     0.0057    0.0045   1366.8383    0.9983        0.0009
      σ_w_p[1]    0.6450    0.5164     0.0163    0.0203    589.5711    1.0020        0.0004
      σ_w_p[2]    0.4053    0.4071     0.0129    0.0198    517.8056    1.0061        0.0003
    ρ_w_p[1,1]    1.0000    0.0000     0.0000    0.0000         NaN       NaN           NaN
    ρ_w_p[2,1]   -0.0792    0.4179     0.0132    0.0115   1377.8871    1.0006        0.0009
    ρ_w_p[1,2]   -0.0792    0.4179     0.0132    0.0115   1377.8871    1.0006        0.0009
    ρ_w_p[2,2]    1.0000    0.0000     0.0000    0.0000    937.5326    0.9960        0.0006
   ab_w_p[1,1]    0.3898    0.3686     0.0117    0.0113    666.5196    0.9987        0.0004
   ab_w_p[2,1]   -0.0551    0.2352     0.0074    0.0094    734.4076    1.0063        0.0005
   ab_w_p[1,2]    0.0577    0.3687     0.0117    0.0113    689.1371    0.9986        0.0004
   ab_w_p[2,2]    0.1543    0.2416     0.0076    0.0094    772.0071    1.0058        0.0005
      σ_p_p[1]    0.5153    0.0874     0.0028    0.0028    869.0432    0.9987        0.0006
      σ_p_p[2]    0.3247    0.0585     0.0018    0.0020    897.5504    1.0024        0.0006
    ρ_p_p[1,1]    1.0000    0.0000     0.0000    0.0000         NaN       NaN           NaN
    ρ_p_p[2,1]   -0.0249    0.2098     0.0066    0.0051   1084.1143    0.9973        0.0007
    ρ_p_p[1,2]   -0.0249    0.2098     0.0066    0.0051   1084.1143    0.9973        0.0007
    ρ_p_p[2,2]    1.0000    0.0000     0.0000    0.0000    962.0643    0.9960        0.0006
   ab_p_p[1,1]   -0.6629    0.1476     0.0047    0.0035   1552.6712    0.9972        0.0010
   ab_p_p[2,1]    0.0734    0.1196     0.0038    0.0033    954.3715    0.9972        0.0006
   ab_p_p[1,2]    0.3112    0.1453     0.0046    0.0031   1563.8795    0.9990        0.0010
   ab_p_p[2,2]    0.5268    0.1255     0.0040    0.0038    957.8449    1.0019        0.0006
   ab_p_p[1,3]   -0.5150    0.1487     0.0047    0.0050   1339.8491    0.9993        0.0009
   ab_p_p[2,3]    0.0210    0.1182     0.0037    0.0038    885.0456    1.0013        0.0006
   ab_p_p[1,4]    0.5998    0.1506     0.0048    0.0044   1542.3126    0.9973        0.0010
   ab_p_p[2,4]   -0.1286    0.1165     0.0037    0.0043    976.3171    0.9985        0.0006
   ab_p_p[1,5]   -0.0436    0.1485     0.0047    0.0037   1525.5892    0.9991        0.0010
   ab_p_p[2,5]    0.0072    0.1199     0.0038    0.0031   1102.8223    0.9991        0.0007
   ab_p_p[1,6]   -1.0669    0.1544     0.0049    0.0052   1542.9663    1.0008        0.0010
   ab_p_p[2,6]    0.3105    0.1161     0.0037    0.0039   1027.5294    0.9986        0.0007
   ab_p_p[1,7]    0.1389    0.1445     0.0046    0.0041   1343.0666    0.9971        0.0009
   ab_p_p[2,7]    0.0013    0.1145     0.0036    0.0041   1014.1917    1.0016        0.0006
   ab_p_p[1,8]    0.6902    0.1479     0.0047    0.0035   1703.4159    0.9977        0.0011
   ab_p_p[2,8]    0.1043    0.1183     0.0037    0.0034    956.4560    1.0012        0.0006
   ab_p_p[1,9]   -0.4382    0.1498     0.0047    0.0038   1577.2875    0.9970        0.0010
   ab_p_p[2,9]   -0.2537    0.1197     0.0038    0.0046    982.2612    1.0064        0.0006
  ab_p_p[1,10]   -0.3065    0.1518     0.0048    0.0037   1609.3842    0.9984        0.0010
  ab_p_p[2,10]   -0.4310    0.1193     0.0038    0.0042   1121.1119    0.9986        0.0007
  ab_p_p[1,11]    0.2870    0.1512     0.0048    0.0039   1466.7037    0.9976        0.0009
  ab_p_p[2,11]   -0.7303    0.1238     0.0039    0.0046   1037.5075    1.0015        0.0007
  ab_p_p[1,12]   -0.0123    0.1497     0.0047    0.0036   1706.2397    0.9985        0.0011
  ab_p_p[2,12]   -0.3443    0.1185     0.0037    0.0034    966.1852    0.9980        0.0006
  ab_p_p[1,13]    0.2860    0.1458     0.0046    0.0030   1745.8026    0.9984        0.0011
  ab_p_p[2,13]    0.0711    0.1217     0.0038    0.0050    934.4757    0.9979        0.0006
  ab_p_p[1,14]    0.2158    0.1455     0.0046    0.0040   1669.7733    0.9989        0.0011
  ab_p_p[2,14]    0.1412    0.1205     0.0038    0.0049    692.5028    1.0006        0.0004
  ab_p_p[1,15]   -0.2632    0.1482     0.0047    0.0039   1274.9901    0.9993        0.0008
  ab_p_p[2,15]    0.3710    0.1176     0.0037    0.0038   1033.0720    0.9997        0.0007
  ab_p_p[1,16]   -0.0124    0.1465     0.0046    0.0037   1419.2900    0.9972        0.0009
  ab_p_p[2,16]    0.0832    0.1126     0.0036    0.0033   1145.2319    1.0008        0.0007
  ab_p_p[1,17]   -0.1488    0.1455     0.0046    0.0036   1314.8978    0.9983        0.0008
  ab_p_p[2,17]    0.2353    0.1144     0.0036    0.0038   1099.2294    0.9981        0.0007
  ab_p_p[1,18]   -0.3166    0.1585     0.0050    0.0041   1401.4522    0.9994        0.0009
  ab_p_p[2,18]   -0.2083    0.1141     0.0036    0.0047   1105.9724    1.0084        0.0007
  ab_p_p[1,19]    0.3936    0.1453     0.0046    0.0045   1641.4564    0.9977        0.0010
  ab_p_p[2,19]   -0.2698    0.1245     0.0039    0.0052    891.4065    1.0025        0.0006
  ab_p_p[1,20]    0.2047    0.1499     0.0047    0.0030   1801.8273    0.9969        0.0011
  ab_p_p[2,20]   -0.2236    0.1176     0.0037    0.0040   1128.5362    1.0001        0.0007
  ab_p_p[1,21]    1.1627    0.1471     0.0047    0.0038   1421.9976    0.9984        0.0009
  ab_p_p[2,21]    0.2155    0.1222     0.0039    0.0033   1016.1328    0.9983        0.0006
  ab_p_p[1,22]   -0.0860    0.1444     0.0046    0.0050   1424.9116    0.9979        0.0009
  ab_p_p[2,22]    0.2607    0.1211     0.0038    0.0032   1131.8874    1.0009        0.0007
  ab_p_p[1,23]   -0.2139    0.1496     0.0047    0.0045   1352.6031    0.9977        0.0009
  ab_p_p[2,23]    0.2500    0.1148     0.0036    0.0037    988.6288    0.9998        0.0006
  ab_p_p[1,24]    0.1871    0.1560     0.0049    0.0026   1378.2185    0.9967        0.0009
  ab_p_p[2,24]    0.0743    0.1169     0.0037    0.0034    996.5894    1.0011        0.0006
      σ_e_p[1]    0.7871    0.7832     0.0248    0.0292    727.5987    0.9974        0.0005
      σ_e_p[2]    0.4959    0.5836     0.0185    0.0265    616.5805    1.0045        0.0004
    ρ_e_p[1,1]    1.0000    0.0000     0.0000    0.0000         NaN       NaN           NaN
    ρ_e_p[2,1]    0.0284    0.4590     0.0145    0.0101   2686.3047    0.9972        0.0017
    ρ_e_p[1,2]    0.0284    0.4590     0.0145    0.0101   2686.3047    0.9972        0.0017
    ρ_e_p[2,2]    1.0000    0.0000     0.0000    0.0000    925.6397    0.9960        0.0006
   ab_e_p[1,1]    0.3010    0.3786     0.0120    0.0117    658.8275    0.9988        0.0004
   ab_e_p[2,1]    0.0617    0.2364     0.0075    0.0094    733.9640    1.0058        0.0005
      sigma[1]    4.4287    0.0163     0.0005    0.0005   1006.8682    0.9968        0.0006
      sigma[2]    4.7142    0.0173     0.0005    0.0005   1058.8788    1.0004        0.0007
    R_tilde[1]    1.6913    0.0099     0.0003    0.0004    962.7683    0.9996        0.0006

Quantiles
    parameters      2.5%     25.0%     50.0%     75.0%     97.5%
        Symbol   Float64   Float64   Float64   Float64   Float64

      σ_w_e[1]    0.0559    0.1545    0.2625    0.4815    1.4997
      σ_w_e[2]    0.0161    0.0976    0.1784    0.3765    1.3607
    ρ_w_e[1,1]    1.0000    1.0000    1.0000    1.0000    1.0000
    ρ_w_e[2,1]   -0.8407   -0.4669   -0.0995    0.2645    0.7150
    ρ_w_e[1,2]   -0.8407   -0.4669   -0.0995    0.2645    0.7150
    ρ_w_e[2,2]    1.0000    1.0000    1.0000    1.0000    1.0000
   ab_w_e[1,1]   -0.4130   -0.0389    0.0522    0.1530    0.4629
   ab_w_e[2,1]   -0.4575   -0.1166   -0.0480    0.0098    0.3268
   ab_w_e[1,2]   -0.6202   -0.2358   -0.1282   -0.0422    0.2615
   ab_w_e[2,2]   -0.3110    0.0022    0.0612    0.1388    0.4626
      σ_p_e[1]    0.4641    0.5561    0.6156    0.6751    0.8484
      σ_p_e[2]    0.1984    0.2491    0.2807    0.3160    0.3874
    ρ_p_e[1,1]    1.0000    1.0000    1.0000    1.0000    1.0000
    ρ_p_e[2,1]    0.2344    0.4874    0.5958    0.6841    0.8153
    ρ_p_e[1,2]    0.2344    0.4874    0.5958    0.6841    0.8153
    ρ_p_e[2,2]    1.0000    1.0000    1.0000    1.0000    1.0000
   ab_p_e[1,1]   -0.5712   -0.3752   -0.2664   -0.1619    0.0344
   ab_p_e[2,1]   -0.1391    0.0013    0.0733    0.1451    0.2835
   ab_p_e[1,2]    0.2790    0.4592    0.5589    0.6668    0.8752
   ab_p_e[2,2]   -0.0406    0.1011    0.1693    0.2378    0.3895
   ab_p_e[1,3]   -0.0021    0.1891    0.2907    0.4088    0.6337
   ab_p_e[2,3]   -0.0305    0.1144    0.1895    0.2672    0.4068
   ab_p_e[1,4]   -0.0820    0.1013    0.2084    0.3120    0.5319
   ab_p_e[2,4]   -0.3579   -0.2255   -0.1562   -0.0871    0.0522
   ab_p_e[1,5]   -0.3700   -0.1629   -0.0731    0.0413    0.2683
   ab_p_e[2,5]   -0.1739   -0.0331    0.0364    0.1062    0.2315
   ab_p_e[1,6]   -0.2192   -0.0241    0.0830    0.1892    0.3765
   ab_p_e[2,6]    0.3797    0.5255    0.6030    0.6798    0.8240
   ab_p_e[1,7]   -0.0958    0.0874    0.1894    0.2984    0.4926
   ab_p_e[2,7]   -0.2038   -0.0596    0.0109    0.0773    0.2087
   ab_p_e[1,8]   -0.0666    0.1473    0.2522    0.3472    0.5477
   ab_p_e[2,8]   -0.1465   -0.0165    0.0557    0.1252    0.2506
   ab_p_e[1,9]   -1.0728   -0.8621   -0.7596   -0.6499   -0.4715
   ab_p_e[2,9]   -0.3024   -0.1464   -0.0703   -0.0067    0.1354
  ab_p_e[1,10]   -0.9643   -0.7655   -0.6624   -0.5519   -0.3629
  ab_p_e[2,10]   -0.5501   -0.4095   -0.3358   -0.2687   -0.1395
  ab_p_e[1,11]   -1.7417   -1.5428   -1.4289   -1.3301   -1.1127
  ab_p_e[2,11]   -0.8804   -0.7335   -0.6575   -0.5810   -0.4521
  ab_p_e[1,12]   -1.4089   -1.1968   -1.0911   -0.9848   -0.7896
  ab_p_e[2,12]   -0.5461   -0.4055   -0.3264   -0.2619   -0.1270
  ab_p_e[1,13]    0.3586    0.5483    0.6457    0.7579    0.9727
  ab_p_e[2,13]   -0.2175   -0.0641    0.0106    0.0823    0.2291
  ab_p_e[1,14]   -0.1376    0.0560    0.1585    0.2760    0.4792
  ab_p_e[2,14]   -0.2315   -0.0957   -0.0276    0.0498    0.1889
  ab_p_e[1,15]    0.3949    0.5839    0.6929    0.7906    0.9946
  ab_p_e[2,15]    0.0613    0.1982    0.2663    0.3412    0.4871
  ab_p_e[1,16]   -0.5151   -0.3096   -0.2129   -0.1040    0.1161
  ab_p_e[2,16]   -0.0292    0.1054    0.1737    0.2507    0.3924
  ab_p_e[1,17]    0.2736    0.4525    0.5592    0.6660    0.8640
  ab_p_e[2,17]   -0.0689    0.0697    0.1345    0.2017    0.3432
  ab_p_e[1,18]   -0.5661   -0.3830   -0.2838   -0.1764    0.0468
  ab_p_e[2,18]   -0.3426   -0.2249   -0.1530   -0.0797    0.0331
  ab_p_e[1,19]   -1.0985   -0.9107   -0.8005   -0.6834   -0.4977
  ab_p_e[2,19]   -0.4803   -0.3479   -0.2751   -0.1957   -0.0651
  ab_p_e[1,20]   -0.5507   -0.3572   -0.2502   -0.1430    0.0577
  ab_p_e[2,20]   -0.4253   -0.2864   -0.2187   -0.1420   -0.0184
  ab_p_e[1,21]    0.5235    0.7038    0.8094    0.9195    1.1277
  ab_p_e[2,21]   -0.2552   -0.1212   -0.0470    0.0301    0.1636
  ab_p_e[1,22]    0.3920    0.5925    0.6784    0.7892    0.9956
  ab_p_e[2,22]   -0.0395    0.0945    0.1627    0.2403    0.3673
  ab_p_e[1,23]    0.0054    0.1863    0.2999    0.4054    0.6062
  ab_p_e[2,23]    0.1047    0.2257    0.2986    0.3696    0.5107
  ab_p_e[1,24]   -0.4077   -0.2075   -0.1031    0.0116    0.2110
  ab_p_e[2,24]   -0.2015   -0.0763   -0.0079    0.0608    0.1900
      σ_e_e[1]    0.0178    0.1384    0.3016    0.6158    2.1873
      σ_e_e[2]    0.0111    0.0985    0.2462    0.5980    2.0688
    ρ_e_e[1,1]    1.0000    1.0000    1.0000    1.0000    1.0000
    ρ_e_e[2,1]   -0.8157   -0.3510    0.0016    0.3716    0.7854
    ρ_e_e[1,2]   -0.8157   -0.3510    0.0016    0.3716    0.7854
    ρ_e_e[2,2]    1.0000    1.0000    1.0000    1.0000    1.0000
   ab_e_e[1,1]   -0.5517   -0.1842   -0.0535    0.0237    0.3694
   ab_e_e[2,1]   -0.3375   -0.0455    0.0035    0.0692    0.4021
      σ_w_p[1]    0.1277    0.3007    0.5040    0.8017    2.0950
      σ_w_p[2]    0.0575    0.1606    0.2752    0.4986    1.5743
    ρ_w_p[1,1]    1.0000    1.0000    1.0000    1.0000    1.0000
    ρ_w_p[2,1]   -0.8011   -0.4145   -0.1000    0.2396    0.6905
    ρ_w_p[1,2]   -0.8011   -0.4145   -0.1000    0.2396    0.6905
    ρ_w_p[2,2]    1.0000    1.0000    1.0000    1.0000    1.0000
   ab_w_p[1,1]   -0.3160    0.1462    0.3747    0.6304    1.0977
   ab_w_p[2,1]   -0.5008   -0.1483   -0.0582    0.0339    0.4412
   ab_w_p[1,2]   -0.6329   -0.1702    0.0296    0.3001    0.7486
   ab_w_p[2,2]   -0.2930    0.0487    0.1402    0.2488    0.6622
      σ_p_p[1]    0.3814    0.4500    0.5024    0.5676    0.7218
      σ_p_p[2]    0.2338    0.2822    0.3177    0.3597    0.4533
    ρ_p_p[1,1]    1.0000    1.0000    1.0000    1.0000    1.0000
    ρ_p_p[2,1]   -0.4167   -0.1736   -0.0192    0.1258    0.3755
    ρ_p_p[1,2]   -0.4167   -0.1736   -0.0192    0.1258    0.3755
    ρ_p_p[2,2]    1.0000    1.0000    1.0000    1.0000    1.0000
   ab_p_p[1,1]   -0.9558   -0.7626   -0.6688   -0.5580   -0.3755
   ab_p_p[2,1]   -0.1483   -0.0108    0.0660    0.1514    0.3211
   ab_p_p[1,2]    0.0223    0.2128    0.3108    0.4069    0.5909
   ab_p_p[2,2]    0.2886    0.4442    0.5281    0.6081    0.7786
   ab_p_p[1,3]   -0.8196   -0.6073   -0.5170   -0.4212   -0.2283
   ab_p_p[2,3]   -0.2103   -0.0545    0.0210    0.0935    0.2609
   ab_p_p[1,4]    0.2965    0.5030    0.6008    0.7105    0.8824
   ab_p_p[2,4]   -0.3526   -0.2098   -0.1307   -0.0496    0.1006
   ab_p_p[1,5]   -0.3383   -0.1405   -0.0411    0.0573    0.2339
   ab_p_p[2,5]   -0.2325   -0.0700    0.0090    0.0849    0.2444
   ab_p_p[1,6]   -1.3795   -1.1633   -1.0661   -0.9673   -0.7677
   ab_p_p[2,6]    0.0835    0.2323    0.3087    0.3881    0.5378
   ab_p_p[1,7]   -0.1524    0.0436    0.1428    0.2320    0.4189
   ab_p_p[2,7]   -0.2110   -0.0810    0.0005    0.0775    0.2272
   ab_p_p[1,8]    0.4169    0.5831    0.6921    0.7897    0.9916
   ab_p_p[2,8]   -0.1188    0.0184    0.1057    0.1854    0.3399
   ab_p_p[1,9]   -0.7351   -0.5391   -0.4331   -0.3364   -0.1475
   ab_p_p[2,9]   -0.4898   -0.3365   -0.2515   -0.1722   -0.0303
  ab_p_p[1,10]   -0.6071   -0.4051   -0.3078   -0.2055    0.0162
  ab_p_p[2,10]   -0.6627   -0.5115   -0.4333   -0.3476   -0.1886
  ab_p_p[1,11]   -0.0069    0.1824    0.2862    0.3915    0.5683
  ab_p_p[2,11]   -0.9817   -0.8150   -0.7319   -0.6399   -0.4824
  ab_p_p[1,12]   -0.3087   -0.1100   -0.0157    0.0850    0.2846
  ab_p_p[2,12]   -0.5865   -0.4221   -0.3458   -0.2607   -0.1191
  ab_p_p[1,13]    0.0109    0.1851    0.2836    0.3922    0.5628
  ab_p_p[2,13]   -0.1476   -0.0152    0.0703    0.1473    0.3215
  ab_p_p[1,14]   -0.0705    0.1110    0.2172    0.3140    0.4950
  ab_p_p[2,14]   -0.1001    0.0643    0.1413    0.2108    0.3772
  ab_p_p[1,15]   -0.5484   -0.3641   -0.2677   -0.1651    0.0233
  ab_p_p[2,15]    0.1381    0.2900    0.3690    0.4526    0.6019
  ab_p_p[1,16]   -0.3011   -0.1145   -0.0101    0.0876    0.2743
  ab_p_p[2,16]   -0.1279    0.0080    0.0816    0.1615    0.3029
  ab_p_p[1,17]   -0.4455   -0.2557   -0.1465   -0.0535    0.1466
  ab_p_p[2,17]    0.0199    0.1541    0.2325    0.3155    0.4605
  ab_p_p[1,18]   -0.6339   -0.4208   -0.3094   -0.2114   -0.0181
  ab_p_p[2,18]   -0.4370   -0.2819   -0.2081   -0.1330    0.0013
  ab_p_p[1,19]    0.1197    0.2915    0.3963    0.4932    0.6634
  ab_p_p[2,19]   -0.5092   -0.3534   -0.2722   -0.1845   -0.0259
  ab_p_p[1,20]   -0.0818    0.0983    0.2037    0.3041    0.5078
  ab_p_p[2,20]   -0.4550   -0.3023   -0.2226   -0.1418   -0.0070
  ab_p_p[1,21]    0.8957    1.0649    1.1610    1.2603    1.4415
  ab_p_p[2,21]   -0.0275    0.1350    0.2181    0.3022    0.4531
  ab_p_p[1,22]   -0.3680   -0.1805   -0.0894    0.0139    0.1906
  ab_p_p[2,22]    0.0349    0.1785    0.2572    0.3395    0.4897
  ab_p_p[1,23]   -0.5068   -0.3097   -0.2110   -0.1153    0.1030
  ab_p_p[2,23]    0.0256    0.1752    0.2493    0.3243    0.4639
  ab_p_p[1,24]   -0.1056    0.0818    0.1848    0.2831    0.4927
  ab_p_p[2,24]   -0.1553   -0.0097    0.0768    0.1528    0.2995
      σ_e_p[1]    0.0241    0.2651    0.5514    1.0698    2.9703
      σ_e_p[2]    0.0099    0.1248    0.2969    0.6491    2.2597
    ρ_e_p[1,1]    1.0000    1.0000    1.0000    1.0000    1.0000
    ρ_e_p[2,1]   -0.8100   -0.3167    0.0319    0.3876    0.8382
    ρ_e_p[1,2]   -0.8100   -0.3167    0.0319    0.3876    0.8382
    ρ_e_p[2,2]    1.0000    1.0000    1.0000    1.0000    1.0000
   ab_e_p[1,1]   -0.4249    0.0216    0.3086    0.5487    1.0750
   ab_e_p[2,1]   -0.4432   -0.0169    0.0461    0.1662    0.5210
      sigma[1]    4.3976    4.4176    4.4290    4.4393    4.4602
      sigma[2]    4.6812    4.7029    4.7145    4.7252    4.7480
    R_tilde[1]    1.6734    1.6848    1.6913    1.6983    1.7108

