Chains MCMC chain (250×85×4 Array{Float64, 3}):

Iterations        = 126:1:375
Number of chains  = 4
Samples per chain = 250
Wall duration     = 2153.77 seconds
Compute duration  = 8106.38 seconds
parameters        = σ_w[1], σ_w[2], ρ_w[1,1], ρ_w[2,1], ρ_w[1,2], ρ_w[2,2], ab_w[1,1], ab_w[2,1], ab_w[1,2], ab_w[2,2], σ_p[1], σ_p[2], ρ_p[1,1], ρ_p[2,1], ρ_p[1,2], ρ_p[2,2], ab_p[1,1], ab_p[2,1], ab_p[1,2], ab_p[2,2], ab_p[1,3], ab_p[2,3], ab_p[1,4], ab_p[2,4], ab_p[1,5], ab_p[2,5], ab_p[1,6], ab_p[2,6], ab_p[1,7], ab_p[2,7], ab_p[1,8], ab_p[2,8], ab_p[1,9], ab_p[2,9], ab_p[1,10], ab_p[2,10], ab_p[1,11], ab_p[2,11], ab_p[1,12], ab_p[2,12], ab_p[1,13], ab_p[2,13], ab_p[1,14], ab_p[2,14], ab_p[1,15], ab_p[2,15], ab_p[1,16], ab_p[2,16], ab_p[1,17], ab_p[2,17], ab_p[1,18], ab_p[2,18], ab_p[1,19], ab_p[2,19], ab_p[1,20], ab_p[2,20], ab_p[1,21], ab_p[2,21], ab_p[1,22], ab_p[2,22], ab_p[1,23], ab_p[2,23], ab_p[1,24], ab_p[2,24], σ_e[1], σ_e[2], ρ_e[1,1], ρ_e[2,1], ρ_e[1,2], ρ_e[2,2], ab_e[1,1], ab_e[2,1], σ
internals         = lp, n_steps, is_accept, acceptance_rate, log_density, hamiltonian_energy, hamiltonian_energy_error, max_hamiltonian_energy_error, tree_depth, numerical_error, step_size, nom_step_size

Summary Statistics
  parameters      mean       std      mcse    ess_bulk   ess_tail      rhat   ess_per_sec
      Symbol   Float64   Float64   Float64     Float64    Float64   Float64       Float64

      σ_w[1]    0.1294    0.2184    0.0165    128.0532   278.7040    1.0217        0.0158
      σ_w[2]    0.1701    0.2304    0.0150    163.3450   227.4295    1.0041        0.0202
    ρ_w[1,1]    1.0000    0.0000       NaN         NaN        NaN       NaN           NaN
    ρ_w[2,1]    0.0107    0.4819    0.0207    546.4818   443.6629    1.0064        0.0674
    ρ_w[1,2]    0.0107    0.4819    0.0207    546.4818   443.6629    1.0064        0.0674
    ρ_w[2,2]    1.0000    0.0000    0.0000    814.0411   670.9935    1.0041        0.1004
   ab_w[1,1]   -0.0153    0.0968    0.0047    537.2775   258.3535    1.0173        0.0663
   ab_w[2,1]   -0.0189    0.1116    0.0047    767.5599   342.0353    1.0048        0.0947
   ab_w[1,2]   -0.0035    0.0966    0.0046    617.4312   266.7034    1.0151        0.0762
   ab_w[2,2]    0.0047    0.1112    0.0045    767.6709   305.4281    1.0039        0.0947
      σ_p[1]    0.2260    0.0387    0.0016    700.6556   483.5819    1.0082        0.0864
      σ_p[2]    0.0246    0.0114    0.0013     58.4853    23.7460    1.0519        0.0072
    ρ_p[1,1]    1.0000    0.0000       NaN         NaN        NaN       NaN           NaN
    ρ_p[2,1]    0.4248    0.3125    0.0142    495.9676   389.9614    1.0224        0.0612
    ρ_p[1,2]    0.4248    0.3125    0.0142    495.9676   389.9614    1.0224        0.0612
    ρ_p[2,2]    1.0000    0.0000    0.0000    988.7640   950.7180    1.0020        0.1220
   ab_p[1,1]    0.0664    0.0590    0.0021    817.1123   632.9409    1.0014        0.1008
   ab_p[2,1]   -0.0067    0.0200    0.0008    626.8764   480.1718    1.0189        0.0773
   ab_p[1,2]   -0.0533    0.0571    0.0020    795.5029   612.1470    1.0098        0.0981
   ab_p[2,2]    0.0056    0.0185    0.0006   1015.9007   447.1434    1.0068        0.1253
   ab_p[1,3]    0.2487    0.0582    0.0019    904.4794   592.5217    0.9990        0.1116
   ab_p[2,3]    0.0355    0.0278    0.0023    121.1344   478.4175    1.0297        0.0149
   ab_p[1,4]   -0.2103    0.0568    0.0022    672.2990   533.7161    1.0001        0.0829
   ab_p[2,4]   -0.0130    0.0200    0.0008    680.1322   731.0061    1.0069        0.0839
   ab_p[1,5]   -0.1109    0.0578    0.0022    717.1303   508.5811    1.0016        0.0885
   ab_p[2,5]   -0.0116    0.0204    0.0008    762.0008   418.1802    1.0099        0.0940
   ab_p[1,6]    0.6195    0.0591    0.0020    830.4794   793.6182    1.0039        0.1024
   ab_p[2,6]    0.0260    0.0287    0.0010    805.0974   685.8173    1.0073        0.0993
   ab_p[1,7]   -0.1257    0.0583    0.0022    733.8127   632.8448    1.0033        0.0905
   ab_p[2,7]   -0.0055    0.0199    0.0006   1109.8804   578.4053    1.0066        0.1369
   ab_p[1,8]   -0.0035    0.0556    0.0020    749.9717   831.6843    1.0000        0.0925
   ab_p[2,8]    0.0014    0.0180    0.0006    983.8314   562.9260    1.0522        0.1214
   ab_p[1,9]   -0.0092    0.0568    0.0021    787.0523   666.5284    1.0032        0.0971
   ab_p[2,9]   -0.0037    0.0197    0.0007    834.2516   485.2773    1.0395        0.1029
  ab_p[1,10]   -0.1612    0.0574    0.0021    725.0652   700.7434    1.0027        0.0894
  ab_p[2,10]    0.0020    0.0214    0.0007    864.0956   681.1145    1.0138        0.1066
  ab_p[1,11]   -0.3981    0.0567    0.0020    773.9620   605.7935    1.0035        0.0955
  ab_p[2,11]   -0.0204    0.0227    0.0010    564.8644   637.4836    1.0057        0.0697
  ab_p[1,12]    0.0185    0.0550    0.0019    797.5684   797.8317    1.0060        0.0984
  ab_p[2,12]    0.0030    0.0186    0.0006    938.4127   480.5522    1.0119        0.1158
  ab_p[1,13]    0.0378    0.0588    0.0023    655.3731   582.3714    1.0061        0.0808
  ab_p[2,13]    0.0033    0.0184    0.0006   1004.3489   573.0342    1.0182        0.1239
  ab_p[1,14]    0.2210    0.0575    0.0022    709.4431   636.5755    1.0083        0.0875
  ab_p[2,14]    0.0092    0.0205    0.0007    879.2519   430.4194    1.0128        0.1085
  ab_p[1,15]    0.2982    0.0583    0.0021    743.2797   537.1526    1.0054        0.0917
  ab_p[2,15]    0.0125    0.0215    0.0007   1000.6705   485.1768    1.0178        0.1234
  ab_p[1,16]   -0.0398    0.0564    0.0020    798.5763   713.8817    1.0053        0.0985
  ab_p[2,16]    0.0092    0.0196    0.0008    668.1529   636.3629    1.0262        0.0824
  ab_p[1,17]   -0.1023    0.0575    0.0020    824.4372   673.1813    1.0029        0.1017
  ab_p[2,17]   -0.0059    0.0193    0.0006    939.2910   568.3589    1.0132        0.1159
  ab_p[1,18]   -0.0586    0.0580    0.0023    615.8233   491.4508    1.0078        0.0760
  ab_p[2,18]    0.0072    0.0209    0.0008    676.5477   460.1751    1.0192        0.0835
  ab_p[1,19]   -0.0202    0.0573    0.0021    781.6019   680.0176    0.9987        0.0964
  ab_p[2,19]   -0.0005    0.0192    0.0006    890.2768   505.8073    1.0168        0.1098
  ab_p[1,20]   -0.1828    0.0579    0.0021    760.3124   587.3924    1.0037        0.0938
  ab_p[2,20]   -0.0181    0.0209    0.0011    390.2191   602.2010    1.0058        0.0481
  ab_p[1,21]   -0.3245    0.0552    0.0022    654.9798   547.3098    1.0029        0.0808
  ab_p[2,21]   -0.0369    0.0280    0.0021    170.2879   496.9249    1.0140        0.0210
  ab_p[1,22]    0.0006    0.0587    0.0021    822.0121   691.9656    1.0006        0.1014
  ab_p[2,22]   -0.0074    0.0200    0.0007    867.0848   403.6324    1.0155        0.1070
  ab_p[1,23]    0.1498    0.0571    0.0020    818.3992   488.6125    1.0064        0.1010
  ab_p[2,23]    0.0065    0.0200    0.0008    627.3151   443.8509    1.0092        0.0774
  ab_p[1,24]   -0.0145    0.0577    0.0021    779.4075   591.8903    1.0011        0.0961
  ab_p[2,24]    0.0007    0.0187    0.0006   1031.3354   546.7031    1.0358        0.1272
      σ_e[1]    0.4263    0.5728    0.0399    129.8378   147.5489    1.0251        0.0160
      σ_e[2]    0.4522    0.5534    0.0348    175.3551   235.4311    1.0181        0.0216
    ρ_e[1,1]    1.0000    0.0000       NaN         NaN        NaN       NaN           NaN
    ρ_e[2,1]   -0.0033    0.4669    0.0211    465.2840   350.2607    1.0037        0.0574
    ρ_e[1,2]   -0.0033    0.4669    0.0211    465.2840   350.2607    1.0037        0.0574
    ρ_e[2,2]    1.0000    0.0000    0.0000    779.4033   584.3740    1.0012        0.0961
   ab_e[1,1]   -0.0057    0.1033    0.0049    533.2976   240.4753    1.0121        0.0658
   ab_e[2,1]   -0.0340    0.1114    0.0046    760.9790   318.3537    1.0019        0.0939
           σ    0.9761    0.0053    0.0002    987.7985   734.9229    1.0021        0.1219

Quantiles
  parameters      2.5%     25.0%     50.0%     75.0%     97.5%
      Symbol   Float64   Float64   Float64   Float64   Float64

      σ_w[1]    0.0053    0.0225    0.0526    0.1402    0.7483
      σ_w[2]    0.0070    0.0353    0.0874    0.2101    0.7951
    ρ_w[1,1]    1.0000    1.0000    1.0000    1.0000    1.0000
    ρ_w[2,1]   -0.8604   -0.3614   -0.0068    0.3908    0.8668
    ρ_w[1,2]   -0.8604   -0.3614   -0.0068    0.3908    0.8668
    ρ_w[2,2]    1.0000    1.0000    1.0000    1.0000    1.0000
   ab_w[1,1]   -0.2194   -0.0344   -0.0072    0.0080    0.1635
   ab_w[2,1]   -0.2606   -0.0500   -0.0143    0.0086    0.1935
   ab_w[1,2]   -0.1960   -0.0220    0.0019    0.0188    0.1809
   ab_w[2,2]   -0.2221   -0.0285    0.0023    0.0362    0.2233
      σ_p[1]    0.1645    0.1979    0.2222    0.2468    0.3171
      σ_p[2]    0.0054    0.0161    0.0234    0.0322    0.0482
    ρ_p[1,1]    1.0000    1.0000    1.0000    1.0000    1.0000
    ρ_p[2,1]   -0.2806    0.2272    0.4765    0.6563    0.8999
    ρ_p[1,2]   -0.2806    0.2272    0.4765    0.6563    0.8999
    ρ_p[2,2]    1.0000    1.0000    1.0000    1.0000    1.0000
   ab_p[1,1]   -0.0554    0.0273    0.0673    0.1057    0.1801
   ab_p[2,1]   -0.0532   -0.0177   -0.0037    0.0059    0.0279
   ab_p[1,2]   -0.1657   -0.0934   -0.0526   -0.0148    0.0611
   ab_p[2,2]   -0.0260   -0.0052    0.0037    0.0146    0.0478
   ab_p[1,3]    0.1316    0.2127    0.2502    0.2860    0.3647
   ab_p[2,3]   -0.0038    0.0138    0.0305    0.0524    0.0998
   ab_p[1,4]   -0.3212   -0.2484   -0.2096   -0.1708   -0.1025
   ab_p[2,4]   -0.0578   -0.0248   -0.0111   -0.0007    0.0243
   ab_p[1,5]   -0.2266   -0.1471   -0.1107   -0.0725   -0.0011
   ab_p[2,5]   -0.0596   -0.0219   -0.0093    0.0017    0.0218
   ab_p[1,6]    0.5016    0.5801    0.6197    0.6595    0.7331
   ab_p[2,6]   -0.0272    0.0053    0.0254    0.0439    0.0830
   ab_p[1,7]   -0.2451   -0.1667   -0.1233   -0.0865   -0.0113
   ab_p[2,7]   -0.0452   -0.0170   -0.0047    0.0059    0.0345
   ab_p[1,8]   -0.1142   -0.0403   -0.0034    0.0335    0.1018
   ab_p[2,8]   -0.0363   -0.0082    0.0004    0.0116    0.0395
   ab_p[1,9]   -0.1209   -0.0451   -0.0096    0.0273    0.1012
   ab_p[2,9]   -0.0472   -0.0151   -0.0025    0.0084    0.0361
  ab_p[1,10]   -0.2757   -0.1988   -0.1588   -0.1258   -0.0479
  ab_p[2,10]   -0.0362   -0.0108   -0.0002    0.0144    0.0486
  ab_p[1,11]   -0.5129   -0.4346   -0.3954   -0.3604   -0.2908
  ab_p[2,11]   -0.0703   -0.0354   -0.0173   -0.0049    0.0192
  ab_p[1,12]   -0.0975   -0.0195    0.0178    0.0575    0.1204
  ab_p[2,12]   -0.0320   -0.0081    0.0010    0.0128    0.0450
  ab_p[1,13]   -0.0723   -0.0016    0.0363    0.0768    0.1521
  ab_p[2,13]   -0.0343   -0.0073    0.0026    0.0135    0.0417
  ab_p[1,14]    0.1088    0.1827    0.2231    0.2603    0.3337
  ab_p[2,14]   -0.0314   -0.0028    0.0088    0.0213    0.0515
  ab_p[1,15]    0.1766    0.2607    0.2980    0.3356    0.4148
  ab_p[2,15]   -0.0276   -0.0012    0.0117    0.0256    0.0575
  ab_p[1,16]   -0.1554   -0.0743   -0.0401   -0.0018    0.0679
  ab_p[2,16]   -0.0254   -0.0026    0.0067    0.0200    0.0531
  ab_p[1,17]   -0.2135   -0.1402   -0.1017   -0.0644    0.0081
  ab_p[2,17]   -0.0486   -0.0169   -0.0044    0.0059    0.0309
  ab_p[1,18]   -0.1725   -0.0944   -0.0576   -0.0228    0.0595
  ab_p[2,18]   -0.0301   -0.0053    0.0047    0.0165    0.0556
  ab_p[1,19]   -0.1369   -0.0580   -0.0166    0.0180    0.0882
  ab_p[2,19]   -0.0399   -0.0111   -0.0010    0.0099    0.0382
  ab_p[1,20]   -0.2989   -0.2212   -0.1805   -0.1451   -0.0677
  ab_p[2,20]   -0.0651   -0.0308   -0.0149   -0.0036    0.0173
  ab_p[1,21]   -0.4255   -0.3612   -0.3273   -0.2848   -0.2167
  ab_p[2,21]   -0.1015   -0.0550   -0.0324   -0.0158    0.0053
  ab_p[1,22]   -0.1267   -0.0383    0.0011    0.0406    0.1163
  ab_p[2,22]   -0.0521   -0.0172   -0.0054    0.0043    0.0301
  ab_p[1,23]    0.0361    0.1116    0.1495    0.1900    0.2546
  ab_p[2,23]   -0.0324   -0.0046    0.0060    0.0174    0.0512
  ab_p[1,24]   -0.1254   -0.0545   -0.0125    0.0218    0.1030
  ab_p[2,24]   -0.0364   -0.0099    0.0005    0.0106    0.0395
      σ_e[1]    0.0072    0.0807    0.2114    0.5518    2.0190
      σ_e[2]    0.0106    0.0809    0.2628    0.6148    2.0489
    ρ_e[1,1]    1.0000    1.0000    1.0000    1.0000    1.0000
    ρ_e[2,1]   -0.8714   -0.3627   -0.0136    0.3569    0.8346
    ρ_e[1,2]   -0.8714   -0.3627   -0.0136    0.3569    0.8346
    ρ_e[2,2]    1.0000    1.0000    1.0000    1.0000    1.0000
   ab_e[1,1]   -0.1877   -0.0466   -0.0060    0.0259    0.2200
   ab_e[2,1]   -0.2470   -0.0656   -0.0329   -0.0010    0.1985
           σ    0.9663    0.9726    0.9760    0.9798    0.9860

