Chains MCMC chain (250×85×4 Array{Float64, 3}):

Iterations        = 126:1:375
Number of chains  = 4
Samples per chain = 250
Wall duration     = 1826.37 seconds
Compute duration  = 7107.98 seconds
parameters        = σ_w[1], σ_w[2], ρ_w[1,1], ρ_w[2,1], ρ_w[1,2], ρ_w[2,2], ab_w[1,1], ab_w[2,1], ab_w[1,2], ab_w[2,2], σ_p[1], σ_p[2], ρ_p[1,1], ρ_p[2,1], ρ_p[1,2], ρ_p[2,2], ab_p[1,1], ab_p[2,1], ab_p[1,2], ab_p[2,2], ab_p[1,3], ab_p[2,3], ab_p[1,4], ab_p[2,4], ab_p[1,5], ab_p[2,5], ab_p[1,6], ab_p[2,6], ab_p[1,7], ab_p[2,7], ab_p[1,8], ab_p[2,8], ab_p[1,9], ab_p[2,9], ab_p[1,10], ab_p[2,10], ab_p[1,11], ab_p[2,11], ab_p[1,12], ab_p[2,12], ab_p[1,13], ab_p[2,13], ab_p[1,14], ab_p[2,14], ab_p[1,15], ab_p[2,15], ab_p[1,16], ab_p[2,16], ab_p[1,17], ab_p[2,17], ab_p[1,18], ab_p[2,18], ab_p[1,19], ab_p[2,19], ab_p[1,20], ab_p[2,20], ab_p[1,21], ab_p[2,21], ab_p[1,22], ab_p[2,22], ab_p[1,23], ab_p[2,23], ab_p[1,24], ab_p[2,24], σ_e[1], σ_e[2], ρ_e[1,1], ρ_e[2,1], ρ_e[1,2], ρ_e[2,2], ab_e[1,1], ab_e[2,1], σ
internals         = lp, n_steps, is_accept, acceptance_rate, log_density, hamiltonian_energy, hamiltonian_energy_error, max_hamiltonian_energy_error, tree_depth, numerical_error, step_size, nom_step_size

Summary Statistics
  parameters      mean       std      mcse    ess_bulk   ess_tail      rhat   ess_per_sec
      Symbol   Float64   Float64   Float64     Float64    Float64   Float64       Float64

      σ_w[1]    0.1216    0.2429    0.0219     89.6922   195.3066    1.0502        0.0126
      σ_w[2]    0.1317    0.1838    0.0190     74.1140   237.4629    1.0639        0.0104
    ρ_w[1,1]    1.0000    0.0000       NaN         NaN        NaN       NaN           NaN
    ρ_w[2,1]    0.0423    0.4478    0.0230    400.7073   563.9504    1.0083        0.0564
    ρ_w[1,2]    0.0423    0.4478    0.0230    400.7073   563.9504    1.0083        0.0564
    ρ_w[2,2]    1.0000    0.0000    0.0000    994.1575   862.6964    1.0004        0.1399
   ab_w[1,1]    0.0013    0.1239    0.0087    472.7730   193.7287    1.0256        0.0665
   ab_w[2,1]   -0.0236    0.0691    0.0028    552.9922   456.1283    1.0126        0.0778
   ab_w[1,2]    0.0122    0.1241    0.0087    472.7645   200.7298    1.0271        0.0665
   ab_w[2,2]    0.0006    0.0690    0.0024    694.2173   461.1569    1.0202        0.0977
      σ_p[1]    0.3576    0.0539    0.0020    825.0463   555.9985    1.0030        0.1161
      σ_p[2]    0.0450    0.0143    0.0008    270.6754   441.0423    1.0116        0.0381
    ρ_p[1,1]    1.0000    0.0000       NaN         NaN        NaN       NaN           NaN
    ρ_p[2,1]    0.0517    0.2558    0.0092    774.5645   243.8025    1.0124        0.1090
    ρ_p[1,2]    0.0517    0.2558    0.0092    774.5645   243.8025    1.0124        0.1090
    ρ_p[2,2]    1.0000    0.0000    0.0000    900.9707   899.1598    1.0019        0.1268
   ab_p[1,1]   -0.1401    0.0762    0.0029    738.2635   488.8995    1.0082        0.1039
   ab_p[2,1]   -0.0437    0.0313    0.0012    626.6773   632.2786    1.0065        0.0882
   ab_p[1,2]   -0.2561    0.0774    0.0029    749.5737   433.4854    1.0121        0.1055
   ab_p[2,2]   -0.0387    0.0324    0.0011    858.3731   744.8748    1.0026        0.1208
   ab_p[1,3]   -0.4115    0.0781    0.0028    806.3654   749.2626    1.0064        0.1134
   ab_p[2,3]    0.0771    0.0366    0.0019    357.8456   621.6449    1.0144        0.0503
   ab_p[1,4]   -0.1363    0.0775    0.0027    837.2898   772.4306    1.0138        0.1178
   ab_p[2,4]    0.0086    0.0307    0.0009   1002.0241   544.0748    1.0070        0.1410
   ab_p[1,5]   -0.1266    0.0754    0.0027    798.3725   559.4945    1.0106        0.1123
   ab_p[2,5]   -0.0233    0.0308    0.0010   1005.8577   692.1885    1.0045        0.1415
   ab_p[1,6]   -0.1710    0.0784    0.0029    741.9842   651.4315    1.0101        0.1044
   ab_p[2,6]    0.0020    0.0304    0.0009   1049.9217   785.0656    1.0034        0.1477
   ab_p[1,7]   -0.2707    0.0773    0.0027    812.7683   669.9851    1.0057        0.1143
   ab_p[2,7]   -0.0163    0.0323    0.0010    956.2663   623.6826    1.0116        0.1345
   ab_p[1,8]    0.6308    0.0765    0.0028    771.9772   690.6902    1.0104        0.1086
   ab_p[2,8]   -0.0247    0.0310    0.0010    896.9774   764.0741    1.0047        0.1262
   ab_p[1,9]    0.0565    0.0773    0.0027    787.4091   639.5145    1.0054        0.1108
   ab_p[2,9]    0.0075    0.0304    0.0009   1149.4888   777.7129    1.0040        0.1617
  ab_p[1,10]    0.0321    0.0764    0.0026    893.9187   775.8632    1.0088        0.1258
  ab_p[2,10]   -0.0149    0.0304    0.0009   1035.6623   621.1806    1.0170        0.1457
  ab_p[1,11]    0.4033    0.0757    0.0027    783.3490   828.7373    1.0090        0.1102
  ab_p[2,11]    0.0073    0.0311    0.0010    971.0757   628.5345    1.0052        0.1366
  ab_p[1,12]    0.6928    0.0763    0.0026    876.6102   822.1334    1.0125        0.1233
  ab_p[2,12]   -0.0202    0.0351    0.0012    860.2048   582.4911    1.0054        0.1210
  ab_p[1,13]    0.0734    0.0790    0.0029    751.1104   669.0546    1.0088        0.1057
  ab_p[2,13]   -0.0064    0.0279    0.0009   1005.5156   659.6572    1.0025        0.1415
  ab_p[1,14]    0.5987    0.0762    0.0026    837.6941   728.9539    1.0034        0.1179
  ab_p[2,14]    0.0242    0.0319    0.0010   1060.8059   554.7813    1.0016        0.1492
  ab_p[1,15]   -0.2215    0.0777    0.0028    769.9700   820.5244    1.0081        0.1083
  ab_p[2,15]   -0.0085    0.0314    0.0009   1144.7826   622.1182    1.0036        0.1611
  ab_p[1,16]   -0.1359    0.0772    0.0027    830.4029   715.8426    1.0093        0.1168
  ab_p[2,16]   -0.0273    0.0323    0.0010   1073.4697   700.2839    1.0012        0.1510
  ab_p[1,17]   -0.2724    0.0765    0.0027    841.9753   590.0024    1.0149        0.1185
  ab_p[2,17]    0.0223    0.0320    0.0010   1005.1000   810.2516    1.0059        0.1414
  ab_p[1,18]   -0.0249    0.0759    0.0026    869.8197   709.3027    1.0045        0.1224
  ab_p[2,18]    0.0026    0.0283    0.0009    998.2542   784.7764    1.0088        0.1404
  ab_p[1,19]    0.6020    0.0778    0.0027    873.4757   599.3681    1.0190        0.1229
  ab_p[2,19]    0.0276    0.0307    0.0010    912.4427   488.8213    1.0103        0.1284
  ab_p[1,20]    0.0224    0.0753    0.0026    832.9012   713.9033    1.0066        0.1172
  ab_p[2,20]    0.0156    0.0306    0.0009   1091.7286   804.6108    1.0209        0.1536
  ab_p[1,21]   -0.3696    0.0767    0.0028    739.8876   738.7217    1.0066        0.1041
  ab_p[2,21]   -0.0193    0.0303    0.0009   1113.8572   730.1293    1.0072        0.1567
  ab_p[1,22]   -0.3865    0.0779    0.0028    805.6697   709.9125    1.0065        0.1133
  ab_p[2,22]   -0.0482    0.0330    0.0013    689.1762   537.8541    1.0054        0.0970
  ab_p[1,23]   -0.0460    0.0786    0.0029    748.2610   529.3745    1.0051        0.1053
  ab_p[2,23]    0.0479    0.0321    0.0013    609.7042   587.3610    1.0100        0.0858
  ab_p[1,24]   -0.0075    0.0761    0.0027    787.7413   653.3624    1.0099        0.1108
  ab_p[2,24]    0.0383    0.0306    0.0010    978.3606   629.6244    1.0010        0.1376
      σ_e[1]    0.4059    0.5389    0.0303    180.5668   232.0727    1.0175        0.0254
      σ_e[2]    0.3327    0.5010    0.0321    153.3357   189.5818    1.0074        0.0216
    ρ_e[1,1]    1.0000    0.0000       NaN         NaN        NaN       NaN           NaN
    ρ_e[2,1]    0.0114    0.4464    0.0190    568.6808   480.0734    1.0060        0.0800
    ρ_e[1,2]    0.0114    0.4464    0.0190    568.6808   480.0734    1.0060        0.0800
    ρ_e[2,2]    1.0000    0.0000    0.0000   1002.0669   880.1251    1.0029        0.1410
   ab_e[1,1]    0.0100    0.1373    0.0091    463.1402   252.0443    1.0227        0.0652
   ab_e[2,1]   -0.0126    0.0694    0.0025    688.4014   466.3265    1.0109        0.0968
           σ    0.9346    0.0053    0.0002   1017.9134   661.1839    1.0064        0.1432

Quantiles
  parameters      2.5%     25.0%     50.0%     75.0%     97.5%
      Symbol   Float64   Float64   Float64   Float64   Float64

      σ_w[1]    0.0058    0.0175    0.0443    0.1184    0.7170
      σ_w[2]    0.0059    0.0250    0.0734    0.1532    0.6558
    ρ_w[1,1]    1.0000    1.0000    1.0000    1.0000    1.0000
    ρ_w[2,1]   -0.7828   -0.3111    0.0682    0.4042    0.7950
    ρ_w[1,2]   -0.7828   -0.3111    0.0682    0.4042    0.7950
    ρ_w[2,2]    1.0000    1.0000    1.0000    1.0000    1.0000
   ab_w[1,1]   -0.2147   -0.0233   -0.0026    0.0141    0.1980
   ab_w[2,1]   -0.1614   -0.0451   -0.0167    0.0030    0.0930
   ab_w[1,2]   -0.2103   -0.0120    0.0051    0.0279    0.2033
   ab_w[2,2]   -0.1384   -0.0170    0.0025    0.0239    0.1376
      σ_p[1]    0.2729    0.3193    0.3516    0.3882    0.4760
      σ_p[2]    0.0204    0.0350    0.0430    0.0540    0.0770
    ρ_p[1,1]    1.0000    1.0000    1.0000    1.0000    1.0000
    ρ_p[2,1]   -0.4353   -0.1129    0.0496    0.2248    0.5857
    ρ_p[1,2]   -0.4353   -0.1129    0.0496    0.2248    0.5857
    ρ_p[2,2]    1.0000    1.0000    1.0000    1.0000    1.0000
   ab_p[1,1]   -0.2893   -0.1917   -0.1364   -0.0888    0.0001
   ab_p[2,1]   -0.1118   -0.0628   -0.0419   -0.0242    0.0160
   ab_p[1,2]   -0.4111   -0.3062   -0.2527   -0.2017   -0.1176
   ab_p[2,2]   -0.1055   -0.0603   -0.0382   -0.0168    0.0207
   ab_p[1,3]   -0.5747   -0.4626   -0.4071   -0.3575   -0.2625
   ab_p[2,3]    0.0087    0.0523    0.0756    0.1020    0.1523
   ab_p[1,4]   -0.2888   -0.1899   -0.1328   -0.0815    0.0050
   ab_p[2,4]   -0.0521   -0.0122    0.0091    0.0274    0.0705
   ab_p[1,5]   -0.2807   -0.1783   -0.1234   -0.0766    0.0132
   ab_p[2,5]   -0.0844   -0.0434   -0.0229   -0.0020    0.0358
   ab_p[1,6]   -0.3391   -0.2217   -0.1656   -0.1176   -0.0226
   ab_p[2,6]   -0.0566   -0.0175    0.0023    0.0222    0.0605
   ab_p[1,7]   -0.4354   -0.3214   -0.2686   -0.2156   -0.1226
   ab_p[2,7]   -0.0794   -0.0379   -0.0158    0.0067    0.0429
   ab_p[1,8]    0.4830    0.5792    0.6326    0.6854    0.7746
   ab_p[2,8]   -0.0886   -0.0457   -0.0223   -0.0026    0.0312
   ab_p[1,9]   -0.0959    0.0078    0.0604    0.1073    0.2089
   ab_p[2,9]   -0.0521   -0.0143    0.0082    0.0277    0.0630
  ab_p[1,10]   -0.1231   -0.0181    0.0354    0.0852    0.1732
  ab_p[2,10]   -0.0803   -0.0329   -0.0138    0.0046    0.0424
  ab_p[1,11]    0.2541    0.3516    0.4060    0.4564    0.5445
  ab_p[2,11]   -0.0523   -0.0132    0.0068    0.0272    0.0696
  ab_p[1,12]    0.5389    0.6443    0.6968    0.7443    0.8282
  ab_p[2,12]   -0.0900   -0.0438   -0.0193    0.0047    0.0453
  ab_p[1,13]   -0.0897    0.0202    0.0762    0.1248    0.2163
  ab_p[2,13]   -0.0621   -0.0239   -0.0068    0.0115    0.0501
  ab_p[1,14]    0.4443    0.5480    0.5982    0.6484    0.7471
  ab_p[2,14]   -0.0376    0.0028    0.0219    0.0453    0.0865
  ab_p[1,15]   -0.3747   -0.2738   -0.2169   -0.1697   -0.0788
  ab_p[2,15]   -0.0685   -0.0294   -0.0093    0.0123    0.0532
  ab_p[1,16]   -0.2993   -0.1859   -0.1340   -0.0821    0.0056
  ab_p[2,16]   -0.0920   -0.0496   -0.0248   -0.0055    0.0313
  ab_p[1,17]   -0.4298   -0.3240   -0.2693   -0.2195   -0.1392
  ab_p[2,17]   -0.0395    0.0008    0.0211    0.0419    0.0887
  ab_p[1,18]   -0.1805   -0.0725   -0.0193    0.0252    0.1271
  ab_p[2,18]   -0.0538   -0.0148    0.0025    0.0204    0.0595
  ab_p[1,19]    0.4444    0.5523    0.6043    0.6527    0.7478
  ab_p[2,19]   -0.0281    0.0059    0.0265    0.0481    0.0913
  ab_p[1,20]   -0.1328   -0.0268    0.0234    0.0726    0.1682
  ab_p[2,20]   -0.0432   -0.0059    0.0150    0.0355    0.0746
  ab_p[1,21]   -0.5323   -0.4212   -0.3655   -0.3179   -0.2275
  ab_p[2,21]   -0.0804   -0.0396   -0.0174    0.0008    0.0400
  ab_p[1,22]   -0.5508   -0.4377   -0.3847   -0.3347   -0.2331
  ab_p[2,22]   -0.1195   -0.0694   -0.0473   -0.0244    0.0116
  ab_p[1,23]   -0.2062   -0.0965   -0.0461    0.0064    0.1040
  ab_p[2,23]   -0.0090    0.0256    0.0454    0.0681    0.1171
  ab_p[1,24]   -0.1590   -0.0587   -0.0043    0.0419    0.1400
  ab_p[2,24]   -0.0140    0.0176    0.0361    0.0564    0.1049
      σ_e[1]    0.0183    0.0938    0.2352    0.5061    1.7594
      σ_e[2]    0.0104    0.0688    0.1642    0.3722    1.9462
    ρ_e[1,1]    1.0000    1.0000    1.0000    1.0000    1.0000
    ρ_e[2,1]   -0.7814   -0.3417    0.0221    0.3522    0.8520
    ρ_e[1,2]   -0.7814   -0.3417    0.0221    0.3522    0.8520
    ρ_e[2,2]    1.0000    1.0000    1.0000    1.0000    1.0000
   ab_e[1,1]   -0.2317   -0.0335    0.0081    0.0611    0.2361
   ab_e[2,1]   -0.1403   -0.0388   -0.0152    0.0065    0.1257
           σ    0.9243    0.9309    0.9347    0.9385    0.9446

