Chains MCMC chain (250×85×4 Array{Float64, 3}):

Iterations        = 126:1:375
Number of chains  = 4
Samples per chain = 250
Wall duration     = 2110.67 seconds
Compute duration  = 7426.16 seconds
parameters        = σ_w[1], σ_w[2], ρ_w[1,1], ρ_w[2,1], ρ_w[1,2], ρ_w[2,2], ab_w[1,1], ab_w[2,1], ab_w[1,2], ab_w[2,2], σ_p[1], σ_p[2], ρ_p[1,1], ρ_p[2,1], ρ_p[1,2], ρ_p[2,2], ab_p[1,1], ab_p[2,1], ab_p[1,2], ab_p[2,2], ab_p[1,3], ab_p[2,3], ab_p[1,4], ab_p[2,4], ab_p[1,5], ab_p[2,5], ab_p[1,6], ab_p[2,6], ab_p[1,7], ab_p[2,7], ab_p[1,8], ab_p[2,8], ab_p[1,9], ab_p[2,9], ab_p[1,10], ab_p[2,10], ab_p[1,11], ab_p[2,11], ab_p[1,12], ab_p[2,12], ab_p[1,13], ab_p[2,13], ab_p[1,14], ab_p[2,14], ab_p[1,15], ab_p[2,15], ab_p[1,16], ab_p[2,16], ab_p[1,17], ab_p[2,17], ab_p[1,18], ab_p[2,18], ab_p[1,19], ab_p[2,19], ab_p[1,20], ab_p[2,20], ab_p[1,21], ab_p[2,21], ab_p[1,22], ab_p[2,22], ab_p[1,23], ab_p[2,23], ab_p[1,24], ab_p[2,24], σ_e[1], σ_e[2], ρ_e[1,1], ρ_e[2,1], ρ_e[1,2], ρ_e[2,2], ab_e[1,1], ab_e[2,1], σ
internals         = lp, n_steps, is_accept, acceptance_rate, log_density, hamiltonian_energy, hamiltonian_energy_error, max_hamiltonian_energy_error, tree_depth, numerical_error, step_size, nom_step_size

Summary Statistics
  parameters      mean       std      mcse    ess_bulk   ess_tail      rhat   ess_per_sec
      Symbol   Float64   Float64   Float64     Float64    Float64   Float64       Float64

      σ_w[1]    0.1339    0.2739    0.0247    103.1358   119.8430    1.0243        0.0139
      σ_w[2]    0.1366    0.2419    0.0302     42.8999    91.6624    1.1044        0.0058
    ρ_w[1,1]    1.0000    0.0000       NaN         NaN        NaN       NaN           NaN
    ρ_w[2,1]    0.0471    0.4876    0.0319    233.0887   405.1527    1.0136        0.0314
    ρ_w[1,2]    0.0471    0.4876    0.0319    233.0887   405.1527    1.0136        0.0314
    ρ_w[2,2]    1.0000    0.0000    0.0000    374.3089   206.2577    1.0071        0.0504
   ab_w[1,1]    0.0180    0.1736    0.0167    437.3876   252.0494    1.0070        0.0589
   ab_w[2,1]   -0.0110    0.1504    0.0112    186.9729    47.7327    1.1183        0.0252
   ab_w[1,2]    0.0075    0.1729    0.0173    371.9553   278.5445    1.0110        0.0501
   ab_w[2,2]   -0.0183    0.1508    0.0108    178.1641    48.6531    1.1312        0.0240
      σ_p[1]    0.1761    0.0289    0.0032    103.3519   211.4495    1.0390        0.0139
      σ_p[2]    0.0184    0.0107    0.0027     10.6413    14.5519    1.3229        0.0014
    ρ_p[1,1]    1.0000    0.0000       NaN         NaN        NaN       NaN           NaN
    ρ_p[2,1]    0.2550    0.3962    0.0230    288.3420   224.6111    1.0374        0.0388
    ρ_p[1,2]    0.2550    0.3962    0.0230    288.3420   224.6111    1.0374        0.0388
    ρ_p[2,2]    1.0000    0.0000    0.0000    781.0377   806.0361    1.0084        0.1052
   ab_p[1,1]   -0.1790    0.0475    0.0023    436.3237   607.8750    1.0022        0.0588
   ab_p[2,1]   -0.0115    0.0196    0.0010    558.7648   457.9348    1.0589        0.0752
   ab_p[1,2]    0.2029    0.0462    0.0021    477.2318   300.6545    1.0152        0.0643
   ab_p[2,2]    0.0036    0.0177    0.0006   1005.3406   664.6908    1.0955        0.1354
   ab_p[1,3]    0.1710    0.0481    0.0020    574.3842   594.2850    1.0043        0.0773
   ab_p[2,3]    0.0034    0.0168    0.0006    790.6003   546.3940    1.0796        0.1065
   ab_p[1,4]    0.0099    0.0483    0.0027    336.1750   294.8047    1.0034        0.0453
   ab_p[2,4]   -0.0069    0.0181    0.0008    704.3539   394.7349    1.0943        0.0948
   ab_p[1,5]    0.1262    0.0504    0.0031    273.4149   281.3044    1.0024        0.0368
   ab_p[2,5]    0.0123    0.0189    0.0015    236.1907   352.6683    1.0334        0.0318
   ab_p[1,6]   -0.1412    0.0531    0.0030    346.1579   291.3945    1.0104        0.0466
   ab_p[2,6]   -0.0142    0.0203    0.0016    193.3571   409.2641    1.0301        0.0260
   ab_p[1,7]   -0.1897    0.0494    0.0023    487.9203   290.7415    0.9994        0.0657
   ab_p[2,7]    0.0008    0.0177    0.0007    719.9151   656.7031    1.0825        0.0969
   ab_p[1,8]   -0.0176    0.0479    0.0027    331.0031   299.3234    1.0170        0.0446
   ab_p[2,8]   -0.0008    0.0159    0.0005   1002.6096   544.3028    1.1281        0.1350
   ab_p[1,9]    0.0604    0.0515    0.0074     48.3554   161.5288    1.0669        0.0065
   ab_p[2,9]   -0.0014    0.0167    0.0006    798.8478   206.5938    1.0528        0.1076
  ab_p[1,10]   -0.1923    0.0476    0.0022    478.9141   306.4573    1.0136        0.0645
  ab_p[2,10]   -0.0017    0.0175    0.0007    684.8578   552.3553    1.0894        0.0922
  ab_p[1,11]   -0.2245    0.0510    0.0029    350.0218   228.1899    1.0109        0.0471
  ab_p[2,11]   -0.0140    0.0198    0.0013    238.2727   614.4278    1.0390        0.0321
  ab_p[1,12]   -0.1086    0.0470    0.0025    349.7263   301.5019    1.0082        0.0471
  ab_p[2,12]    0.0093    0.0208    0.0018    151.5132   443.9565    1.0351        0.0204
  ab_p[1,13]    0.1664    0.0503    0.0025    411.5809   619.5733    1.0072        0.0554
  ab_p[2,13]    0.0030    0.0171    0.0005   1072.9010   637.5909    1.1328        0.1445
  ab_p[1,14]    0.1602    0.0494    0.0021    574.0821   850.3659    1.0236        0.0773
  ab_p[2,14]    0.0104    0.0185    0.0008    342.1886   490.6427    1.0953        0.0461
  ab_p[1,15]    0.0424    0.0480    0.0021    560.6052   339.5639    1.0360        0.0755
  ab_p[2,15]   -0.0012    0.0163    0.0005    996.1625   522.1185    1.1236        0.1341
  ab_p[1,16]   -0.2343    0.0520    0.0043    176.4601   201.7156    1.0285        0.0238
  ab_p[2,16]   -0.0098    0.0193    0.0009    573.6708   501.8894    1.0304        0.0772
  ab_p[1,17]   -0.0724    0.0489    0.0030    292.7581   364.7469    1.0047        0.0394
  ab_p[2,17]   -0.0049    0.0163    0.0006    800.5666   434.5611    1.0444        0.1078
  ab_p[1,18]    0.0068    0.0440    0.0023    354.4612   571.2645    1.0193        0.0477
  ab_p[2,18]   -0.0022    0.0166    0.0006    931.0545   377.4042    1.1295        0.1254
  ab_p[1,19]   -0.2769    0.0513    0.0037    214.4665   315.7631    1.0108        0.0289
  ab_p[2,19]   -0.0011    0.0205    0.0008    695.7445   479.8349    1.0629        0.0937
  ab_p[1,20]    0.1233    0.0498    0.0024    440.6483   261.2124    1.0114        0.0593
  ab_p[2,20]    0.0001    0.0163    0.0006    784.5921   482.3811    1.0588        0.1057
  ab_p[1,21]    0.2750    0.0486    0.0021    470.6822   526.9110    1.0133        0.0634
  ab_p[2,21]    0.0168    0.0216    0.0020    166.9099   492.4612    1.0308        0.0225
  ab_p[1,22]    0.1216    0.0508    0.0031    221.2645   289.9330    1.0262        0.0298
  ab_p[2,22]   -0.0066    0.0192    0.0011    395.2927   466.1175    1.0744        0.0532
  ab_p[1,23]    0.0704    0.0492    0.0025    392.8963   270.1835    1.0071        0.0529
  ab_p[2,23]    0.0022    0.0176    0.0006    931.9521   356.8041    1.1381        0.1255
  ab_p[1,24]    0.1257    0.0505    0.0039    167.7298   395.6514    1.0351        0.0226
  ab_p[2,24]    0.0088    0.0184    0.0010    434.3365   528.2226    1.0543        0.0585
      σ_e[1]    0.3596    0.4822    0.0387     62.6057   100.9533    1.0541        0.0084
      σ_e[2]    0.4090    0.6240    0.0562    102.9354   244.0178    1.0877        0.0139
    ρ_e[1,1]    1.0000    0.0000       NaN         NaN        NaN       NaN           NaN
    ρ_e[2,1]    0.0510    0.4816    0.0299    269.6429   251.3406    1.0044        0.0363
    ρ_e[1,2]    0.0510    0.4816    0.0299    269.6429   251.3406    1.0044        0.0363
    ρ_e[2,2]    1.0000    0.0000    0.0000    108.7702        NaN    1.0608        0.0146
   ab_e[1,1]   -0.0050    0.1765    0.0191    273.6643   262.2266    1.0234        0.0369
   ab_e[2,1]   -0.0219    0.1505    0.0110    176.6193    31.0250    1.1222        0.0238
           σ    0.9816    0.0056    0.0002    713.9339   704.9339    1.0045        0.0961

Quantiles
  parameters      2.5%     25.0%     50.0%     75.0%     97.5%
      Symbol   Float64   Float64   Float64   Float64   Float64

      σ_w[1]    0.0056    0.0183    0.0504    0.1326    0.8347
      σ_w[2]    0.0047    0.0205    0.0451    0.1184    0.8916
    ρ_w[1,1]    1.0000    1.0000    1.0000    1.0000    1.0000
    ρ_w[2,1]   -0.7922   -0.3656    0.0779    0.4667    0.8459
    ρ_w[1,2]   -0.7922   -0.3656    0.0779    0.4667    0.8459
    ρ_w[2,2]    1.0000    1.0000    1.0000    1.0000    1.0000
   ab_w[1,1]   -0.1503   -0.0154    0.0053    0.0235    0.1861
   ab_w[2,1]   -0.2821   -0.0248    0.0001    0.0176    0.1543
   ab_w[1,2]   -0.1615   -0.0265   -0.0038    0.0148    0.1730
   ab_w[2,2]   -0.2924   -0.0336   -0.0053    0.0104    0.1493
      σ_p[1]    0.1291    0.1543    0.1735    0.1929    0.2347
      σ_p[2]    0.0043    0.0095    0.0175    0.0254    0.0429
    ρ_p[1,1]    1.0000    1.0000    1.0000    1.0000    1.0000
    ρ_p[2,1]   -0.6011   -0.0176    0.2898    0.5748    0.8366
    ρ_p[1,2]   -0.6011   -0.0176    0.2898    0.5748    0.8366
    ρ_p[2,2]    1.0000    1.0000    1.0000    1.0000    1.0000
   ab_p[1,1]   -0.2746   -0.2109   -0.1779   -0.1476   -0.0892
   ab_p[2,1]   -0.0574   -0.0206   -0.0071    0.0003    0.0211
   ab_p[1,2]    0.1042    0.1748    0.2036    0.2340    0.2928
   ab_p[2,2]   -0.0319   -0.0054    0.0036    0.0129    0.0412
   ab_p[1,3]    0.0768    0.1400    0.1721    0.2034    0.2636
   ab_p[2,3]   -0.0333   -0.0055    0.0040    0.0119    0.0391
   ab_p[1,4]   -0.0907   -0.0198    0.0109    0.0398    0.1012
   ab_p[2,4]   -0.0529   -0.0149   -0.0040    0.0024    0.0262
   ab_p[1,5]    0.0157    0.0961    0.1277    0.1580    0.2207
   ab_p[2,5]   -0.0183    0.0001    0.0080    0.0218    0.0599
   ab_p[1,6]   -0.2442   -0.1760   -0.1395   -0.1100   -0.0322
   ab_p[2,6]   -0.0630   -0.0236   -0.0091   -0.0010    0.0173
   ab_p[1,7]   -0.2947   -0.2203   -0.1858   -0.1586   -0.0897
   ab_p[2,7]   -0.0322   -0.0096   -0.0009    0.0098    0.0401
   ab_p[1,8]   -0.1136   -0.0456   -0.0163    0.0137    0.0785
   ab_p[2,8]   -0.0378   -0.0084   -0.0008    0.0067    0.0337
   ab_p[1,9]   -0.0400    0.0257    0.0585    0.0954    0.1607
   ab_p[2,9]   -0.0382   -0.0083   -0.0014    0.0064    0.0351
  ab_p[1,10]   -0.2930   -0.2236   -0.1931   -0.1582   -0.1032
  ab_p[2,10]   -0.0371   -0.0112   -0.0021    0.0074    0.0332
  ab_p[1,11]   -0.3349   -0.2564   -0.2195   -0.1900   -0.1335
  ab_p[2,11]   -0.0600   -0.0238   -0.0098   -0.0019    0.0211
  ab_p[1,12]   -0.2005   -0.1412   -0.1078   -0.0788   -0.0168
  ab_p[2,12]   -0.0215   -0.0054    0.0044    0.0196    0.0580
  ab_p[1,13]    0.0663    0.1325    0.1690    0.1972    0.2620
  ab_p[2,13]   -0.0349   -0.0056    0.0032    0.0126    0.0378
  ab_p[1,14]    0.0585    0.1284    0.1634    0.1952    0.2480
  ab_p[2,14]   -0.0222    0.0002    0.0070    0.0199    0.0536
  ab_p[1,15]   -0.0498    0.0104    0.0422    0.0755    0.1356
  ab_p[2,15]   -0.0356   -0.0088   -0.0012    0.0069    0.0323
  ab_p[1,16]   -0.3453   -0.2691   -0.2310   -0.1999   -0.1386
  ab_p[2,16]   -0.0540   -0.0195   -0.0067    0.0014    0.0233
  ab_p[1,17]   -0.1725   -0.1077   -0.0693   -0.0413    0.0162
  ab_p[2,17]   -0.0439   -0.0117   -0.0024    0.0030    0.0263
  ab_p[1,18]   -0.0793   -0.0228    0.0083    0.0348    0.0959
  ab_p[2,18]   -0.0392   -0.0097   -0.0014    0.0059    0.0330
  ab_p[1,19]   -0.3897   -0.3079   -0.2769   -0.2420   -0.1794
  ab_p[2,19]   -0.0395   -0.0114   -0.0027    0.0083    0.0488
  ab_p[1,20]    0.0193    0.0923    0.1248    0.1569    0.2162
  ab_p[2,20]   -0.0364   -0.0079    0.0017    0.0087    0.0325
  ab_p[1,21]    0.1784    0.2442    0.2760    0.3061    0.3730
  ab_p[2,21]   -0.0179    0.0021    0.0125    0.0297    0.0644
  ab_p[1,22]    0.0170    0.0912    0.1198    0.1534    0.2253
  ab_p[2,22]   -0.0564   -0.0149   -0.0024    0.0048    0.0245
  ab_p[1,23]   -0.0343    0.0398    0.0733    0.1027    0.1607
  ab_p[2,23]   -0.0345   -0.0067    0.0017    0.0123    0.0405
  ab_p[1,24]    0.0296    0.0906    0.1243    0.1582    0.2160
  ab_p[2,24]   -0.0250   -0.0018    0.0055    0.0178    0.0540
      σ_e[1]    0.0061    0.0590    0.1729    0.4669    1.5616
      σ_e[2]    0.0183    0.0812    0.1756    0.4951    2.2462
    ρ_e[1,1]    1.0000    1.0000    1.0000    1.0000    1.0000
    ρ_e[2,1]   -0.8370   -0.3178    0.0760    0.4371    0.8606
    ρ_e[1,2]   -0.8370   -0.3178    0.0760    0.4371    0.8606
    ρ_e[2,2]    1.0000    1.0000    1.0000    1.0000    1.0000
   ab_e[1,1]   -0.1644   -0.0217    0.0005    0.0342    0.1887
   ab_e[2,1]   -0.1846   -0.0515   -0.0316   -0.0048    0.2361
           σ    0.9707    0.9779    0.9816    0.9852    0.9928

