cpu-bind=MASK - bp1-compute015, task  0  0 [2255964]: mask 0x18000001800000 set
Running on host bp1-compute015
Running on host bp1-compute015
Time is Thu Jun 4 14:14:22 BST 2026
Directory is /user/home/em18564/bayesian/BC4/Bayes/wordType_experiments/models/11_LKJ_Reintroduced
Slurm job ID is 17587133
This job runs on the following machines:
Time is Thu Jun 4 14:14:22 BST 2026
bp1-compute015
Directory is /user/home/em18564/bayesian/BC4/Bayes/wordType_experiments/models/11_LKJ_Reintroduced
Slurm job ID is 17587134
This job runs on the following machines:
bp1-compute015
Running on host bp1-compute015
Time is Thu Jun 4 14:14:22 BST 2026
Directory is /user/home/em18564/bayesian/BC4/Bayes/wordType_experiments/models/11_LKJ_Reintroduced
Slurm job ID is 17587131
This job runs on the following machines:
bp1-compute015
Running on host bp1-compute019
Time is Thu Jun 4 14:14:25 BST 2026
Directory is /user/home/em18564/bayesian/BC4/Bayes/wordType_experiments/models/11_LKJ_Reintroduced
Slurm job ID is 17587132
This job runs on the following machines:
bp1-compute019
Sampling (4 threads)   0%|                              |  ETA: N/A
┌ Info: Found initial step size
└   ϵ = 0.0015625
┌ Info: Found initial step size
└   ϵ = 0.0015625
┌ Info: Found initial step size
└   ϵ = 0.0015625
┌ Info: Found initial step size
└   ϵ = 0.0015625
Sampling (4 threads)   0%|▏                             |  ETA: 4:18:51
Sampling (4 threads)   1%|▎                             |  ETA: 2:08:56
Sampling (4 threads)   2%|▌                             |  ETA: 1:25:31
Sampling (4 threads)   2%|▋                             |  ETA: 1:10:07
Sampling (4 threads)   2%|▊                             |  ETA: 0:55:48
Sampling (4 threads)   3%|▉                             |  ETA: 0:46:16
Sampling (4 threads)   4%|█                             |  ETA: 0:39:27
Sampling (4 threads)   4%|█▎                            |  ETA: 0:56:53
Sampling (4 threads)   4%|█▍                            |  ETA: 0:50:18
Sampling (4 threads)   5%|█▌                            |  ETA: 2:32:12
Sampling (4 threads)   6%|█▋                            |  ETA: 2:17:38
Sampling (4 threads)   6%|█▊                            |  ETA: 2:05:30
Sampling (4 threads)   6%|██                            |  ETA: 2:46:20
Sampling (4 threads)   7%|██▏                           |  ETA: 2:33:37
Sampling (4 threads)   8%|██▎                           |  ETA: 3:05:03
Sampling (4 threads)   8%|██▍                           |  ETA: 2:52:33
Sampling (4 threads)   8%|██▌                           |  ETA: 3:35:03
Sampling (4 threads)   9%|██▊                           |  ETA: 3:21:59
Sampling (4 threads)  10%|██▉                           |  ETA: 3:10:18
Sampling (4 threads)  10%|███                           |  ETA: 3:50:34
Sampling (4 threads)  10%|███▏                          |  ETA: 3:38:22
Sampling (4 threads)  11%|███▎                          |  ETA: 3:27:16
Sampling (4 threads)  12%|███▌                          |  ETA: 3:17:09
Sampling (4 threads)  12%|███▋                          |  ETA: 3:40:35
Sampling (4 threads)  12%|███▊                          |  ETA: 3:30:34
Sampling (4 threads)  13%|███▉                          |  ETA: 3:44:18
Sampling (4 threads)  14%|████                          |  ETA: 3:34:45
Sampling (4 threads)  14%|████▎                         |  ETA: 4:07:11
Sampling (4 threads)  14%|████▍                         |  ETA: 3:57:16
Sampling (4 threads)  15%|████▌                         |  ETA: 3:48:01
Sampling (4 threads)  16%|████▋                         |  ETA: 3:39:22
Sampling (4 threads)  16%|████▊                         |  ETA: 3:56:52
Sampling (4 threads)  16%|█████                         |  ETA: 3:48:19
Sampling (4 threads)  17%|█████▏                        |  ETA: 4:05:53
Sampling (4 threads)  18%|█████▎                        |  ETA: 3:57:25
Sampling (4 threads)  18%|█████▍                        |  ETA: 3:49:25
Sampling (4 threads)  18%|█████▌                        |  ETA: 4:01:48
Sampling (4 threads)  19%|█████▊                        |  ETA: 3:53:59
Sampling (4 threads)  20%|█████▉                        |  ETA: 3:46:35
Sampling (4 threads)  20%|██████                        |  ETA: 3:56:44
Sampling (4 threads)  20%|██████▏                       |  ETA: 3:49:31
Sampling (4 threads)  21%|██████▎                       |  ETA: 3:55:17
Sampling (4 threads)  22%|██████▌                       |  ETA: 3:48:21
Sampling (4 threads)  22%|██████▋                       |  ETA: 4:00:05
Sampling (4 threads)  22%|██████▊                       |  ETA: 3:53:14
Sampling (4 threads)  23%|██████▉                       |  ETA: 3:46:42
Sampling (4 threads)  24%|███████                       |  ETA: 3:40:26
Sampling (4 threads)  24%|███████▎                      |  ETA: 3:51:19
Sampling (4 threads)  24%|███████▍                      |  ETA: 3:45:06
Sampling (4 threads)  25%|███████▌                      |  ETA: 3:39:08
Sampling (4 threads)  26%|███████▋                      |  ETA: 3:47:43
Sampling (4 threads)  26%|███████▊                      |  ETA: 3:41:50
Sampling (4 threads)  26%|████████                      |  ETA: 3:36:11
Sampling (4 threads)  27%|████████▏                     |  ETA: 3:46:15
Sampling (4 threads)  28%|████████▎                     |  ETA: 3:40:37
Sampling (4 threads)  28%|████████▍                     |  ETA: 3:35:11
Sampling (4 threads)  28%|████████▌                     |  ETA: 3:29:57
Sampling (4 threads)  29%|████████▊                     |  ETA: 3:39:36
Sampling (4 threads)  30%|████████▉                     |  ETA: 3:34:21
Sampling (4 threads)  30%|█████████                     |  ETA: 3:40:17
Sampling (4 threads)  30%|█████████▏                    |  ETA: 3:35:07
Sampling (4 threads)  31%|█████████▎                    |  ETA: 3:30:08
Sampling (4 threads)  32%|█████████▌                    |  ETA: 3:31:49
Sampling (4 threads)  32%|█████████▋                    |  ETA: 3:26:59
Sampling (4 threads)  32%|█████████▊                    |  ETA: 3:22:18
Sampling (4 threads)  33%|█████████▉                    |  ETA: 3:25:23
Sampling (4 threads)  34%|██████████                    |  ETA: 3:20:49
Sampling (4 threads)  34%|██████████▎                   |  ETA: 3:27:03
Sampling (4 threads)  34%|██████████▍                   |  ETA: 3:22:30
Sampling (4 threads)  35%|██████████▌                   |  ETA: 3:18:05
Sampling (4 threads)  36%|██████████▋                   |  ETA: 3:13:48
Sampling (4 threads)  36%|██████████▊                   |  ETA: 3:15:29
Sampling (4 threads)  36%|███████████                   |  ETA: 3:11:18
Sampling (4 threads)  37%|███████████▏                  |  ETA: 3:15:52
Sampling (4 threads)  38%|███████████▎                  |  ETA: 3:11:43
Sampling (4 threads)  38%|███████████▍                  |  ETA: 3:07:41
Sampling (4 threads)  38%|███████████▌                  |  ETA: 3:11:30
Sampling (4 threads)  39%|███████████▊                  |  ETA: 3:07:30
Sampling (4 threads)  40%|███████████▉                  |  ETA: 3:08:46
Sampling (4 threads)  40%|████████████                  |  ETA: 3:04:52
Sampling (4 threads)  40%|████████████▏                 |  ETA: 3:08:37
Sampling (4 threads)  41%|████████████▎                 |  ETA: 3:04:46
Sampling (4 threads)  42%|████████████▌                 |  ETA: 3:00:59
Sampling (4 threads)  42%|████████████▋                 |  ETA: 2:57:18
Sampling (4 threads)  42%|████████████▊                 |  ETA: 3:01:34
Sampling (4 threads)  43%|████████████▉                 |  ETA: 2:57:54
Sampling (4 threads)  44%|█████████████                 |  ETA: 2:54:18
Sampling (4 threads)  44%|█████████████▎                |  ETA: 2:57:34
Sampling (4 threads)  44%|█████████████▍                |  ETA: 2:54:01
Sampling (4 threads)  45%|█████████████▌                |  ETA: 2:50:32
Sampling (4 threads)  46%|█████████████▋                |  ETA: 2:50:15
Sampling (4 threads)  46%|█████████████▊                |  ETA: 2:46:52
Sampling (4 threads)  46%|██████████████                |  ETA: 2:48:44
Sampling (4 threads)  47%|██████████████▏               |  ETA: 2:45:23
Sampling (4 threads)  48%|██████████████▎               |  ETA: 2:42:06
Sampling (4 threads)  48%|██████████████▍               |  ETA: 2:44:44
Sampling (4 threads)  48%|██████████████▌               |  ETA: 2:41:28
Sampling (4 threads)  49%|██████████████▊               |  ETA: 2:38:16
Sampling (4 threads)  50%|██████████████▉               |  ETA: 2:38:14
Sampling (4 threads)  50%|███████████████               |  ETA: 2:35:06
Sampling (4 threads)  50%|███████████████▏              |  ETA: 2:37:05
Sampling (4 threads)  51%|███████████████▎              |  ETA: 2:33:59
Sampling (4 threads)  52%|███████████████▌              |  ETA: 2:30:56
Sampling (4 threads)  52%|███████████████▋              |  ETA: 2:33:11
Sampling (4 threads)  52%|███████████████▊              |  ETA: 2:30:09
Sampling (4 threads)  53%|███████████████▉              |  ETA: 2:27:10
Sampling (4 threads)  54%|████████████████              |  ETA: 2:28:44
Sampling (4 threads)  54%|████████████████▎             |  ETA: 2:25:46
Sampling (4 threads)  55%|████████████████▍             |  ETA: 2:22:52
Sampling (4 threads)  55%|████████████████▌             |  ETA: 2:25:27
Sampling (4 threads)  56%|████████████████▋             |  ETA: 2:22:32
Sampling (4 threads)  56%|████████████████▊             |  ETA: 2:19:40
Sampling (4 threads)  56%|█████████████████             |  ETA: 2:16:52
Sampling (4 threads)  57%|█████████████████▏            |  ETA: 2:17:14
Sampling (4 threads)  57%|█████████████████▎            |  ETA: 2:14:27
Sampling (4 threads)  58%|█████████████████▍            |  ETA: 2:15:22
Sampling (4 threads)  58%|█████████████████▌            |  ETA: 2:12:37
Sampling (4 threads)  59%|█████████████████▊            |  ETA: 2:12:04
Sampling (4 threads)  60%|█████████████████▉            |  ETA: 2:09:21
Sampling (4 threads)  60%|██████████████████            |  ETA: 2:09:00
Sampling (4 threads)  60%|██████████████████▏           |  ETA: 2:06:21
Sampling (4 threads)  61%|██████████████████▎           |  ETA: 2:03:43
Sampling (4 threads)  62%|██████████████████▌           |  ETA: 2:03:53
Sampling (4 threads)  62%|██████████████████▋           |  ETA: 2:01:18
Sampling (4 threads)  62%|██████████████████▊           |  ETA: 1:58:44
Sampling (4 threads)  63%|██████████████████▉           |  ETA: 1:59:48
Sampling (4 threads)  64%|███████████████████           |  ETA: 1:57:15
Sampling (4 threads)  64%|███████████████████▎          |  ETA: 1:54:45
Sampling (4 threads)  64%|███████████████████▍          |  ETA: 1:52:17
Sampling (4 threads)  65%|███████████████████▌          |  ETA: 1:52:55
Sampling (4 threads)  66%|███████████████████▋          |  ETA: 1:50:27
Sampling (4 threads)  66%|███████████████████▊          |  ETA: 1:49:38
Sampling (4 threads)  66%|████████████████████          |  ETA: 1:47:12
Sampling (4 threads)  67%|████████████████████▏         |  ETA: 1:44:49
Sampling (4 threads)  68%|████████████████████▎         |  ETA: 1:45:14
Sampling (4 threads)  68%|████████████████████▍         |  ETA: 1:42:52
Sampling (4 threads)  68%|████████████████████▌         |  ETA: 1:40:31
Sampling (4 threads)  69%|████████████████████▊         |  ETA: 1:39:39
Sampling (4 threads)  70%|████████████████████▉         |  ETA: 1:37:20
Sampling (4 threads)  70%|█████████████████████         |  ETA: 1:37:31
Sampling (4 threads)  70%|█████████████████████▏        |  ETA: 1:35:13
Sampling (4 threads)  71%|█████████████████████▎        |  ETA: 1:32:57
Sampling (4 threads)  72%|█████████████████████▌        |  ETA: 1:32:44
Sampling (4 threads)  72%|█████████████████████▋        |  ETA: 1:30:28
Sampling (4 threads)  72%|█████████████████████▊        |  ETA: 1:28:14
Sampling (4 threads)  73%|█████████████████████▉        |  ETA: 1:26:03
Sampling (4 threads)  74%|██████████████████████        |  ETA: 1:25:03
Sampling (4 threads)  74%|██████████████████████▎       |  ETA: 1:22:53
Sampling (4 threads)  74%|██████████████████████▍       |  ETA: 1:22:32
Sampling (4 threads)  75%|██████████████████████▌       |  ETA: 1:20:23
Sampling (4 threads)  76%|██████████████████████▋       |  ETA: 1:18:15
Sampling (4 threads)  76%|██████████████████████▊       |  ETA: 1:17:25
Sampling (4 threads)  76%|███████████████████████       |  ETA: 1:15:19
Sampling (4 threads)  77%|███████████████████████▏      |  ETA: 1:14:48
Sampling (4 threads)  78%|███████████████████████▎      |  ETA: 1:12:42
Sampling (4 threads)  78%|███████████████████████▍      |  ETA: 1:10:38
Sampling (4 threads)  78%|███████████████████████▌      |  ETA: 1:08:35
Sampling (4 threads)  79%|███████████████████████▊      |  ETA: 1:07:56
Sampling (4 threads)  80%|███████████████████████▉      |  ETA: 1:05:54
Sampling (4 threads)  80%|████████████████████████      |  ETA: 1:03:53
Sampling (4 threads)  80%|████████████████████████▏     |  ETA: 1:02:49
Sampling (4 threads)  81%|████████████████████████▎     |  ETA: 1:00:50
Sampling (4 threads)  82%|████████████████████████▌     |  ETA: 0:59:33
Sampling (4 threads)  82%|████████████████████████▋     |  ETA: 0:57:35
Sampling (4 threads)  82%|████████████████████████▊     |  ETA: 0:56:35
Sampling (4 threads)  83%|████████████████████████▉     |  ETA: 0:54:39
Sampling (4 threads)  84%|█████████████████████████     |  ETA: 0:52:43
Sampling (4 threads)  84%|█████████████████████████▎    |  ETA: 0:51:45
Sampling (4 threads)  84%|█████████████████████████▍    |  ETA: 0:49:50
Sampling (4 threads)  85%|█████████████████████████▌    |  ETA: 0:47:57
Sampling (4 threads)  86%|█████████████████████████▋    |  ETA: 0:46:42
Sampling (4 threads)  86%|█████████████████████████▊    |  ETA: 0:44:50
Sampling (4 threads)  86%|██████████████████████████    |  ETA: 0:42:59
Sampling (4 threads)  87%|██████████████████████████▏   |  ETA: 0:42:01
Sampling (4 threads)  88%|██████████████████████████▎   |  ETA: 0:40:10
Sampling (4 threads)  88%|██████████████████████████▍   |  ETA: 0:38:58
Sampling (4 threads)  88%|██████████████████████████▌   |  ETA: 0:37:08
Sampling (4 threads)  89%|██████████████████████████▊   |  ETA: 0:35:19
Sampling (4 threads)  90%|██████████████████████████▉   |  ETA: 0:33:32
Sampling (4 threads)  90%|███████████████████████████   |  ETA: 0:32:15
Sampling (4 threads)  90%|███████████████████████████▏  |  ETA: 0:30:28
Sampling (4 threads)  91%|███████████████████████████▎  |  ETA: 0:29:02
Sampling (4 threads)  92%|███████████████████████████▌  |  ETA: 0:27:16
Sampling (4 threads)  92%|███████████████████████████▋  |  ETA: 0:25:59
Sampling (4 threads)  92%|███████████████████████████▊  |  ETA: 0:24:13
Sampling (4 threads)  93%|███████████████████████████▉  |  ETA: 0:22:29
Sampling (4 threads)  94%|████████████████████████████  |  ETA: 0:20:59
Sampling (4 threads)  94%|████████████████████████████▎ |  ETA: 0:19:16
Sampling (4 threads)  94%|████████████████████████████▍ |  ETA: 0:17:34
Sampling (4 threads)  95%|████████████████████████████▌ |  ETA: 0:16:00
Sampling (4 threads)  96%|████████████████████████████▋ |  ETA: 0:14:26
Sampling (4 threads)  96%|████████████████████████████▊ |  ETA: 0:12:47
Sampling (4 threads)  96%|█████████████████████████████ |  ETA: 0:11:14
Sampling (4 threads)  97%|█████████████████████████████▏|  ETA: 0:09:36
Sampling (4 threads)  98%|█████████████████████████████▎|  ETA: 0:08:00
Sampling (4 threads)  98%|█████████████████████████████▍|  ETA: 0:06:24
Sampling (4 threads)  98%|█████████████████████████████▌|  ETA: 0:04:49
Sampling (4 threads)  99%|█████████████████████████████▊|  ETA: 0:03:13
Sampling (4 threads) 100%|█████████████████████████████▉|  ETA: 0:01:37
Sampling (4 threads) 100%|██████████████████████████████| Time: 5:23:10
Sampling (4 threads) 100%|██████████████████████████████| Time: 5:23:10
Sampling (4 threads)   0%|                              |  ETA: N/A
┌ Info: Found initial step size
└   ϵ = 0.0015625
┌ Info: Found initial step size
└   ϵ = 0.00078125
┌ Info: Found initial step size
└   ϵ = 0.000390625
┌ Info: Found initial step size
└   ϵ = 0.000390625
Sampling (4 threads)   0%|▏                             |  ETA: 3:44:37
Sampling (4 threads)   1%|▎                             |  ETA: 1:51:54
Sampling (4 threads)   2%|▌                             |  ETA: 1:14:14
Sampling (4 threads)   2%|▋                             |  ETA: 1:02:15
Sampling (4 threads)   2%|▊                             |  ETA: 0:49:33
Sampling (4 threads)   3%|▉                             |  ETA: 0:41:05
Sampling (4 threads)   4%|█                             |  ETA: 0:55:46
Sampling (4 threads)   4%|█▎                            |  ETA: 0:48:32
Sampling (4 threads)   4%|█▍                            |  ETA: 0:42:55
Sampling (4 threads)   5%|█▌                            |  ETA: 2:29:45
Sampling (4 threads)   6%|█▋                            |  ETA: 2:15:26
Sampling (4 threads)   6%|█▊                            |  ETA: 2:03:29
Sampling (4 threads)   6%|██                            |  ETA: 3:10:46
Sampling (4 threads)   7%|██▏                           |  ETA: 2:56:12
Sampling (4 threads)   8%|██▎                           |  ETA: 2:43:34
Sampling (4 threads)   8%|██▍                           |  ETA: 3:24:27
Sampling (4 threads)   8%|██▌                           |  ETA: 3:11:23
Sampling (4 threads)   9%|██▊                           |  ETA: 4:05:18
Sampling (4 threads)  10%|██▉                           |  ETA: 3:51:07
Sampling (4 threads)  10%|███                           |  ETA: 3:38:21
Sampling (4 threads)  10%|███▏                          |  ETA: 4:02:22
Sampling (4 threads)  11%|███▎                          |  ETA: 3:50:03
Sampling (4 threads)  12%|███▌                          |  ETA: 4:19:11
Sampling (4 threads)  12%|███▋                          |  ETA: 4:06:59
Sampling (4 threads)  12%|███▊                          |  ETA: 3:55:45
Sampling (4 threads)  13%|███▉                          |  ETA: 4:24:51
Sampling (4 threads)  14%|████                          |  ETA: 4:13:35
Sampling (4 threads)  14%|████▎                         |  ETA: 4:03:07
Sampling (4 threads)  14%|████▍                         |  ETA: 4:26:37
Sampling (4 threads)  15%|████▌                         |  ETA: 4:16:14
Sampling (4 threads)  16%|████▋                         |  ETA: 4:06:30
Sampling (4 threads)  16%|████▊                         |  ETA: 3:57:23
Sampling (4 threads)  16%|█████                         |  ETA: 4:17:04
Sampling (4 threads)  17%|█████▏                        |  ETA: 4:08:01
Sampling (4 threads)  18%|█████▎                        |  ETA: 4:17:59
Sampling (4 threads)  18%|█████▍                        |  ETA: 4:09:18
Sampling (4 threads)  18%|█████▌                        |  ETA: 4:01:05
Sampling (4 threads)  19%|█████▊                        |  ETA: 4:20:36
Sampling (4 threads)  20%|█████▉                        |  ETA: 4:12:21
Sampling (4 threads)  20%|██████                        |  ETA: 4:04:31
Sampling (4 threads)  20%|██████▏                       |  ETA: 4:23:55
Sampling (4 threads)  21%|██████▎                       |  ETA: 4:16:00
Sampling (4 threads)  22%|██████▌                       |  ETA: 4:08:28
Sampling (4 threads)  22%|██████▋                       |  ETA: 4:01:17
Sampling (4 threads)  22%|██████▊                       |  ETA: 4:15:06
Sampling (4 threads)  23%|██████▉                       |  ETA: 4:07:57
Sampling (4 threads)  24%|███████                       |  ETA: 4:12:23
Sampling (4 threads)  24%|███████▎                      |  ETA: 4:05:31
Sampling (4 threads)  24%|███████▍                      |  ETA: 4:09:12
Sampling (4 threads)  25%|███████▌                      |  ETA: 4:02:36
Sampling (4 threads)  26%|███████▋                      |  ETA: 3:56:15
Sampling (4 threads)  26%|███████▊                      |  ETA: 4:02:11
Sampling (4 threads)  26%|████████                      |  ETA: 3:56:01
Sampling (4 threads)  27%|████████▏                     |  ETA: 3:50:04
Sampling (4 threads)  28%|████████▎                     |  ETA: 3:51:20
Sampling (4 threads)  28%|████████▍                     |  ETA: 3:45:38
Sampling (4 threads)  28%|████████▌                     |  ETA: 3:51:07
Sampling (4 threads)  29%|████████▊                     |  ETA: 3:45:33
Sampling (4 threads)  30%|████████▉                     |  ETA: 3:51:27
Sampling (4 threads)  30%|█████████                     |  ETA: 3:45:58
Sampling (4 threads)  30%|█████████▏                    |  ETA: 3:52:19
Sampling (4 threads)  31%|█████████▎                    |  ETA: 3:46:56
Sampling (4 threads)  32%|█████████▌                    |  ETA: 3:41:42
Sampling (4 threads)  32%|█████████▋                    |  ETA: 3:36:39
Sampling (4 threads)  32%|█████████▊                    |  ETA: 3:45:52
Sampling (4 threads)  33%|█████████▉                    |  ETA: 3:40:48
Sampling (4 threads)  34%|██████████                    |  ETA: 3:35:53
Sampling (4 threads)  34%|██████████▎                   |  ETA: 3:43:12
Sampling (4 threads)  34%|██████████▍                   |  ETA: 3:38:18
Sampling (4 threads)  35%|██████████▌                   |  ETA: 3:33:32
Sampling (4 threads)  36%|██████████▋                   |  ETA: 3:28:54
Sampling (4 threads)  36%|██████████▊                   |  ETA: 3:34:34
Sampling (4 threads)  36%|███████████                   |  ETA: 3:29:58
Sampling (4 threads)  37%|███████████▏                  |  ETA: 3:25:30
Sampling (4 threads)  38%|███████████▎                  |  ETA: 3:30:32
Sampling (4 threads)  38%|███████████▍                  |  ETA: 3:26:06
Sampling (4 threads)  38%|███████████▌                  |  ETA: 3:21:47
Sampling (4 threads)  39%|███████████▊                  |  ETA: 3:27:54
Sampling (4 threads)  40%|███████████▉                  |  ETA: 3:23:35
Sampling (4 threads)  40%|████████████                  |  ETA: 3:19:23
Sampling (4 threads)  40%|████████████▏                 |  ETA: 3:24:31
Sampling (4 threads)  41%|████████████▎                 |  ETA: 3:20:19
Sampling (4 threads)  42%|████████████▌                 |  ETA: 3:16:14
Sampling (4 threads)  42%|████████████▋                 |  ETA: 3:18:58
Sampling (4 threads)  42%|████████████▊                 |  ETA: 3:14:56
Sampling (4 threads)  43%|████████████▉                 |  ETA: 3:11:00
Sampling (4 threads)  44%|█████████████                 |  ETA: 3:14:05
Sampling (4 threads)  44%|█████████████▎                |  ETA: 3:10:11
Sampling (4 threads)  44%|█████████████▍                |  ETA: 3:06:22
Sampling (4 threads)  45%|█████████████▌                |  ETA: 3:06:25
Sampling (4 threads)  46%|█████████████▋                |  ETA: 3:02:41
Sampling (4 threads)  46%|█████████████▊                |  ETA: 3:05:53
Sampling (4 threads)  46%|██████████████                |  ETA: 3:02:11
Sampling (4 threads)  47%|██████████████▏               |  ETA: 2:58:34
Sampling (4 threads)  48%|██████████████▎               |  ETA: 2:59:15
Sampling (4 threads)  48%|██████████████▍               |  ETA: 2:55:41
Sampling (4 threads)  48%|██████████████▌               |  ETA: 2:58:30
Sampling (4 threads)  49%|██████████████▊               |  ETA: 2:54:57
Sampling (4 threads)  50%|██████████████▉               |  ETA: 2:51:30
Sampling (4 threads)  50%|███████████████               |  ETA: 2:54:30
Sampling (4 threads)  50%|███████████████▏              |  ETA: 2:51:03
Sampling (4 threads)  51%|███████████████▎              |  ETA: 2:47:40
Sampling (4 threads)  52%|███████████████▌              |  ETA: 2:44:21
Sampling (4 threads)  52%|███████████████▋              |  ETA: 2:46:19
Sampling (4 threads)  52%|███████████████▊              |  ETA: 2:43:01
Sampling (4 threads)  53%|███████████████▉              |  ETA: 2:45:07
Sampling (4 threads)  54%|████████████████              |  ETA: 2:41:50
Sampling (4 threads)  54%|████████████████▎             |  ETA: 2:38:37
Sampling (4 threads)  55%|████████████████▍             |  ETA: 2:35:27
Sampling (4 threads)  55%|████████████████▌             |  ETA: 2:36:40
Sampling (4 threads)  56%|████████████████▋             |  ETA: 2:33:31
Sampling (4 threads)  56%|████████████████▊             |  ETA: 2:34:55
Sampling (4 threads)  56%|█████████████████             |  ETA: 2:31:48
Sampling (4 threads)  57%|█████████████████▏            |  ETA: 2:28:44
Sampling (4 threads)  57%|█████████████████▎            |  ETA: 2:29:25
Sampling (4 threads)  58%|█████████████████▍            |  ETA: 2:26:23
Sampling (4 threads)  58%|█████████████████▌            |  ETA: 2:23:25
Sampling (4 threads)  59%|█████████████████▊            |  ETA: 2:23:48
Sampling (4 threads)  60%|█████████████████▉            |  ETA: 2:20:51
Sampling (4 threads)  60%|██████████████████            |  ETA: 2:17:57
Sampling (4 threads)  60%|██████████████████▏           |  ETA: 2:19:18
Sampling (4 threads)  61%|██████████████████▎           |  ETA: 2:16:25
Sampling (4 threads)  62%|██████████████████▌           |  ETA: 2:13:34
Sampling (4 threads)  62%|██████████████████▋           |  ETA: 2:15:01
Sampling (4 threads)  62%|██████████████████▊           |  ETA: 2:12:11
Sampling (4 threads)  63%|██████████████████▉           |  ETA: 2:09:23
Sampling (4 threads)  64%|███████████████████           |  ETA: 2:08:49
Sampling (4 threads)  64%|███████████████████▎          |  ETA: 2:06:04
Sampling (4 threads)  64%|███████████████████▍          |  ETA: 2:05:36
Sampling (4 threads)  65%|███████████████████▌          |  ETA: 2:02:53
Sampling (4 threads)  66%|███████████████████▋          |  ETA: 2:02:00
Sampling (4 threads)  66%|███████████████████▊          |  ETA: 1:59:19
Sampling (4 threads)  66%|████████████████████          |  ETA: 1:58:46
Sampling (4 threads)  67%|████████████████████▏         |  ETA: 1:56:07
Sampling (4 threads)  68%|████████████████████▎         |  ETA: 1:55:51
Sampling (4 threads)  68%|████████████████████▍         |  ETA: 1:53:13
Sampling (4 threads)  68%|████████████████████▌         |  ETA: 1:50:38
Sampling (4 threads)  69%|████████████████████▊         |  ETA: 1:51:18
Sampling (4 threads)  70%|████████████████████▉         |  ETA: 1:48:43
Sampling (4 threads)  70%|█████████████████████         |  ETA: 1:46:11
Sampling (4 threads)  70%|█████████████████████▏        |  ETA: 1:45:54
Sampling (4 threads)  71%|█████████████████████▎        |  ETA: 1:43:23
Sampling (4 threads)  72%|█████████████████████▌        |  ETA: 1:40:53
Sampling (4 threads)  72%|█████████████████████▋        |  ETA: 1:40:12
Sampling (4 threads)  72%|█████████████████████▊        |  ETA: 1:37:44
Sampling (4 threads)  73%|█████████████████████▉        |  ETA: 1:35:18
Sampling (4 threads)  74%|██████████████████████        |  ETA: 1:34:48
Sampling (4 threads)  74%|██████████████████████▎       |  ETA: 1:32:23
Sampling (4 threads)  74%|██████████████████████▍       |  ETA: 1:30:00
Sampling (4 threads)  75%|██████████████████████▌       |  ETA: 1:29:27
Sampling (4 threads)  76%|██████████████████████▋       |  ETA: 1:27:05
Sampling (4 threads)  76%|██████████████████████▊       |  ETA: 1:24:45
Sampling (4 threads)  76%|███████████████████████       |  ETA: 1:23:56
Sampling (4 threads)  77%|███████████████████████▏      |  ETA: 1:21:36
Sampling (4 threads)  78%|███████████████████████▎      |  ETA: 1:19:19
Sampling (4 threads)  78%|███████████████████████▍      |  ETA: 1:18:54
Sampling (4 threads)  78%|███████████████████████▌      |  ETA: 1:16:37
Sampling (4 threads)  79%|███████████████████████▊      |  ETA: 1:14:22
Sampling (4 threads)  80%|███████████████████████▉      |  ETA: 1:13:26
Sampling (4 threads)  80%|████████████████████████      |  ETA: 1:11:11
Sampling (4 threads)  80%|████████████████████████▏     |  ETA: 1:10:07
Sampling (4 threads)  81%|████████████████████████▎     |  ETA: 1:07:54
Sampling (4 threads)  82%|████████████████████████▌     |  ETA: 1:06:45
Sampling (4 threads)  82%|████████████████████████▋     |  ETA: 1:04:33
Sampling (4 threads)  82%|████████████████████████▊     |  ETA: 1:02:23
Sampling (4 threads)  83%|████████████████████████▉     |  ETA: 1:00:57
Sampling (4 threads)  84%|█████████████████████████     |  ETA: 0:58:48
Sampling (4 threads)  84%|█████████████████████████▎    |  ETA: 0:57:37
Sampling (4 threads)  84%|█████████████████████████▍    |  ETA: 0:55:29
Sampling (4 threads)  85%|█████████████████████████▌    |  ETA: 0:54:02
Sampling (4 threads)  86%|█████████████████████████▋    |  ETA: 0:51:55
Sampling (4 threads)  86%|█████████████████████████▊    |  ETA: 0:49:50
Sampling (4 threads)  86%|██████████████████████████    |  ETA: 0:48:45
Sampling (4 threads)  87%|██████████████████████████▏   |  ETA: 0:46:40
Sampling (4 threads)  88%|██████████████████████████▎   |  ETA: 0:44:37
Sampling (4 threads)  88%|██████████████████████████▍   |  ETA: 0:43:13
Sampling (4 threads)  88%|██████████████████████████▌   |  ETA: 0:41:11
Sampling (4 threads)  89%|██████████████████████████▊   |  ETA: 0:39:10
Sampling (4 threads)  90%|██████████████████████████▉   |  ETA: 0:37:47
Sampling (4 threads)  90%|███████████████████████████   |  ETA: 0:35:47
Sampling (4 threads)  90%|███████████████████████████▏  |  ETA: 0:33:49
Sampling (4 threads)  91%|███████████████████████████▎  |  ETA: 0:32:21
Sampling (4 threads)  92%|███████████████████████████▌  |  ETA: 0:30:23
Sampling (4 threads)  92%|███████████████████████████▋  |  ETA: 0:28:27
Sampling (4 threads)  92%|███████████████████████████▊  |  ETA: 0:26:31
Sampling (4 threads)  93%|███████████████████████████▉  |  ETA: 0:25:00
Sampling (4 threads)  94%|████████████████████████████  |  ETA: 0:23:06
Sampling (4 threads)  94%|████████████████████████████▎ |  ETA: 0:21:12
Sampling (4 threads)  94%|████████████████████████████▍ |  ETA: 0:19:27
Sampling (4 threads)  95%|████████████████████████████▌ |  ETA: 0:17:36
Sampling (4 threads)  96%|████████████████████████████▋ |  ETA: 0:15:51
Sampling (4 threads)  96%|████████████████████████████▊ |  ETA: 0:14:05
Sampling (4 threads)  96%|█████████████████████████████ |  ETA: 0:12:18
Sampling (4 threads)  97%|█████████████████████████████▏|  ETA: 0:10:33
Sampling (4 threads)  98%|█████████████████████████████▎|  ETA: 0:08:46
Sampling (4 threads)  98%|█████████████████████████████▍|  ETA: 0:07:01
Sampling (4 threads)  98%|█████████████████████████████▌|  ETA: 0:05:16
Sampling (4 threads)  99%|█████████████████████████████▊|  ETA: 0:03:30
Sampling (4 threads) 100%|█████████████████████████████▉|  ETA: 0:01:45
Sampling (4 threads) 100%|██████████████████████████████| Time: 5:51:24
Sampling (4 threads) 100%|██████████████████████████████| Time: 5:51:24
Sampling (4 threads)   0%|                              |  ETA: N/A
┌ Info: Found initial step size
└   ϵ = 0.0001953125
┌ Info: Found initial step size
└   ϵ = 0.00625
┌ Info: Found initial step size
└   ϵ = 9.765625e-5
┌ Info: Found initial step size
└   ϵ = 0.00078125
Sampling (4 threads)   0%|▏                             |  ETA: 3:54:06
Sampling (4 threads)   1%|▎                             |  ETA: 1:56:36
Sampling (4 threads)   2%|▌                             |  ETA: 1:17:20
Sampling (4 threads)   2%|▋                             |  ETA: 1:01:58
Sampling (4 threads)   2%|▊                             |  ETA: 0:49:19
Sampling (4 threads)   3%|▉                             |  ETA: 0:40:53
Sampling (4 threads)   4%|█                             |  ETA: 0:48:04
Sampling (4 threads)   4%|█▎                            |  ETA: 0:41:51
Sampling (4 threads)   4%|█▍                            |  ETA: 0:37:00
Sampling (4 threads)   5%|█▌                            |  ETA: 0:33:08
Sampling (4 threads)   6%|█▋                            |  ETA: 1:27:47
Sampling (4 threads)   6%|█▊                            |  ETA: 1:20:02
Sampling (4 threads)   6%|██                            |  ETA: 2:55:26
Sampling (4 threads)   7%|██▏                           |  ETA: 2:42:02
Sampling (4 threads)   8%|██▎                           |  ETA: 2:30:25
Sampling (4 threads)   8%|██▍                           |  ETA: 3:34:30
Sampling (4 threads)   8%|██▌                           |  ETA: 3:20:47
Sampling (4 threads)   9%|██▊                           |  ETA: 3:35:31
Sampling (4 threads)  10%|██▉                           |  ETA: 3:23:03
Sampling (4 threads)  10%|███                           |  ETA: 3:50:49
Sampling (4 threads)  10%|███▏                          |  ETA: 3:38:36
Sampling (4 threads)  11%|███▎                          |  ETA: 4:17:20
Sampling (4 threads)  12%|███▌                          |  ETA: 4:04:46
Sampling (4 threads)  12%|███▋                          |  ETA: 3:53:14
Sampling (4 threads)  12%|███▊                          |  ETA: 4:20:04
Sampling (4 threads)  13%|███▉                          |  ETA: 4:08:38
Sampling (4 threads)  14%|████                          |  ETA: 4:25:43
Sampling (4 threads)  14%|████▎                         |  ETA: 4:14:45
Sampling (4 threads)  14%|████▍                         |  ETA: 4:36:42
Sampling (4 threads)  15%|████▌                         |  ETA: 4:25:55
Sampling (4 threads)  16%|████▋                         |  ETA: 4:15:50
Sampling (4 threads)  16%|████▊                         |  ETA: 4:37:19
Sampling (4 threads)  16%|█████                         |  ETA: 4:27:19
Sampling (4 threads)  17%|█████▏                        |  ETA: 4:17:54
Sampling (4 threads)  18%|█████▎                        |  ETA: 4:36:43
Sampling (4 threads)  18%|█████▍                        |  ETA: 4:27:24
Sampling (4 threads)  18%|█████▌                        |  ETA: 4:33:53
Sampling (4 threads)  19%|█████▊                        |  ETA: 4:25:02
Sampling (4 threads)  20%|█████▉                        |  ETA: 4:34:30
Sampling (4 threads)  20%|██████                        |  ETA: 4:25:59
Sampling (4 threads)  20%|██████▏                       |  ETA: 4:17:52
Sampling (4 threads)  21%|██████▎                       |  ETA: 4:29:27
Sampling (4 threads)  22%|██████▌                       |  ETA: 4:21:31
Sampling (4 threads)  22%|██████▋                       |  ETA: 4:35:53
Sampling (4 threads)  22%|██████▊                       |  ETA: 4:28:01
Sampling (4 threads)  23%|██████▉                       |  ETA: 4:20:30
Sampling (4 threads)  24%|███████                       |  ETA: 4:27:14
Sampling (4 threads)  24%|███████▎                      |  ETA: 4:19:57
Sampling (4 threads)  24%|███████▍                      |  ETA: 4:30:10
Sampling (4 threads)  25%|███████▌                      |  ETA: 4:23:00
Sampling (4 threads)  26%|███████▋                      |  ETA: 4:16:08
Sampling (4 threads)  26%|███████▊                      |  ETA: 4:27:54
Sampling (4 threads)  26%|████████                      |  ETA: 4:21:04
Sampling (4 threads)  27%|████████▏                     |  ETA: 4:14:30
Sampling (4 threads)  28%|████████▎                     |  ETA: 4:21:13
Sampling (4 threads)  28%|████████▍                     |  ETA: 4:14:47
Sampling (4 threads)  28%|████████▌                     |  ETA: 4:19:12
Sampling (4 threads)  29%|████████▊                     |  ETA: 4:12:57
Sampling (4 threads)  30%|████████▉                     |  ETA: 4:06:55
Sampling (4 threads)  30%|█████████                     |  ETA: 4:13:50
Sampling (4 threads)  30%|█████████▏                    |  ETA: 4:07:53
Sampling (4 threads)  31%|█████████▎                    |  ETA: 4:14:54
Sampling (4 threads)  32%|█████████▌                    |  ETA: 4:09:03
Sampling (4 threads)  32%|█████████▋                    |  ETA: 4:03:22
Sampling (4 threads)  32%|█████████▊                    |  ETA: 4:09:22
Sampling (4 threads)  33%|█████████▉                    |  ETA: 4:03:46
Sampling (4 threads)  34%|██████████                    |  ETA: 3:58:20
Sampling (4 threads)  34%|██████████▎                   |  ETA: 4:05:32
Sampling (4 threads)  34%|██████████▍                   |  ETA: 4:00:08
Sampling (4 threads)  35%|██████████▌                   |  ETA: 3:54:54
Sampling (4 threads)  36%|██████████▋                   |  ETA: 3:59:26
Sampling (4 threads)  36%|██████████▊                   |  ETA: 3:54:17
Sampling (4 threads)  36%|███████████                   |  ETA: 3:56:17
Sampling (4 threads)  37%|███████████▏                  |  ETA: 3:51:15
Sampling (4 threads)  38%|███████████▎                  |  ETA: 3:55:45
Sampling (4 threads)  38%|███████████▍                  |  ETA: 3:50:47
Sampling (4 threads)  38%|███████████▌                  |  ETA: 3:45:57
Sampling (4 threads)  39%|███████████▊                  |  ETA: 3:41:14
Sampling (4 threads)  40%|███████████▉                  |  ETA: 3:44:53
Sampling (4 threads)  40%|████████████                  |  ETA: 3:40:15
Sampling (4 threads)  40%|████████████▏                 |  ETA: 3:44:01
Sampling (4 threads)  41%|████████████▎                 |  ETA: 3:39:26
Sampling (4 threads)  42%|████████████▌                 |  ETA: 3:34:57
Sampling (4 threads)  42%|████████████▋                 |  ETA: 3:38:26
Sampling (4 threads)  42%|████████████▊                 |  ETA: 3:34:00
Sampling (4 threads)  43%|████████████▉                 |  ETA: 3:34:13
Sampling (4 threads)  44%|█████████████                 |  ETA: 3:29:53
Sampling (4 threads)  44%|█████████████▎                |  ETA: 3:32:39
Sampling (4 threads)  44%|█████████████▍                |  ETA: 3:28:23
Sampling (4 threads)  45%|█████████████▌                |  ETA: 3:24:13
Sampling (4 threads)  46%|█████████████▋                |  ETA: 3:27:34
Sampling (4 threads)  46%|█████████████▊                |  ETA: 3:23:25
Sampling (4 threads)  46%|██████████████                |  ETA: 3:19:22
Sampling (4 threads)  47%|██████████████▏               |  ETA: 3:22:15
Sampling (4 threads)  48%|██████████████▎               |  ETA: 3:18:14
Sampling (4 threads)  48%|██████████████▍               |  ETA: 3:14:18
Sampling (4 threads)  48%|██████████████▌               |  ETA: 3:10:27
Sampling (4 threads)  49%|██████████████▊               |  ETA: 3:12:46
Sampling (4 threads)  50%|██████████████▉               |  ETA: 3:08:56
Sampling (4 threads)  50%|███████████████               |  ETA: 3:08:12
Sampling (4 threads)  50%|███████████████▏              |  ETA: 3:04:29
Sampling (4 threads)  51%|███████████████▎              |  ETA: 3:05:40
Sampling (4 threads)  52%|███████████████▌              |  ETA: 3:01:59
Sampling (4 threads)  52%|███████████████▋              |  ETA: 2:58:23
Sampling (4 threads)  52%|███████████████▊              |  ETA: 3:00:01
Sampling (4 threads)  53%|███████████████▉              |  ETA: 2:56:26
Sampling (4 threads)  54%|████████████████              |  ETA: 2:57:20
Sampling (4 threads)  54%|████████████████▎             |  ETA: 2:53:48
Sampling (4 threads)  55%|████████████████▍             |  ETA: 2:50:20
Sampling (4 threads)  55%|████████████████▌             |  ETA: 2:49:35
Sampling (4 threads)  56%|████████████████▋             |  ETA: 2:46:11
Sampling (4 threads)  56%|████████████████▊             |  ETA: 2:47:43
Sampling (4 threads)  56%|█████████████████             |  ETA: 2:44:21
Sampling (4 threads)  57%|█████████████████▏            |  ETA: 2:41:02
Sampling (4 threads)  57%|█████████████████▎            |  ETA: 2:41:59
Sampling (4 threads)  58%|█████████████████▍            |  ETA: 2:38:42
Sampling (4 threads)  58%|█████████████████▌            |  ETA: 2:39:32
Sampling (4 threads)  59%|█████████████████▊            |  ETA: 2:36:16
Sampling (4 threads)  60%|█████████████████▉            |  ETA: 2:33:04
Sampling (4 threads)  60%|██████████████████            |  ETA: 2:29:55
Sampling (4 threads)  60%|██████████████████▏           |  ETA: 2:30:45
Sampling (4 threads)  61%|██████████████████▎           |  ETA: 2:27:37
Sampling (4 threads)  62%|██████████████████▌           |  ETA: 2:28:19
Sampling (4 threads)  62%|██████████████████▋           |  ETA: 2:25:12
Sampling (4 threads)  62%|██████████████████▊           |  ETA: 2:22:09
Sampling (4 threads)  63%|██████████████████▉           |  ETA: 2:22:19
Sampling (4 threads)  64%|███████████████████           |  ETA: 2:19:17
Sampling (4 threads)  64%|███████████████████▎          |  ETA: 2:19:38
Sampling (4 threads)  64%|███████████████████▍          |  ETA: 2:16:38
Sampling (4 threads)  65%|███████████████████▌          |  ETA: 2:13:40
Sampling (4 threads)  66%|███████████████████▋          |  ETA: 2:13:35
Sampling (4 threads)  66%|███████████████████▊          |  ETA: 2:10:39
Sampling (4 threads)  66%|████████████████████          |  ETA: 2:09:19
Sampling (4 threads)  67%|████████████████████▏         |  ETA: 2:06:27
Sampling (4 threads)  68%|████████████████████▎         |  ETA: 2:05:05
Sampling (4 threads)  68%|████████████████████▍         |  ETA: 2:02:16
Sampling (4 threads)  68%|████████████████████▌         |  ETA: 2:01:43
Sampling (4 threads)  69%|████████████████████▊         |  ETA: 1:58:55
Sampling (4 threads)  70%|████████████████████▉         |  ETA: 1:56:10
Sampling (4 threads)  70%|█████████████████████         |  ETA: 1:55:56
Sampling (4 threads)  70%|█████████████████████▏        |  ETA: 1:53:12
Sampling (4 threads)  71%|█████████████████████▎        |  ETA: 1:50:30
Sampling (4 threads)  72%|█████████████████████▌        |  ETA: 1:50:03
Sampling (4 threads)  72%|█████████████████████▋        |  ETA: 1:47:22
Sampling (4 threads)  72%|█████████████████████▊        |  ETA: 1:44:43
Sampling (4 threads)  73%|█████████████████████▉        |  ETA: 1:43:20
Sampling (4 threads)  74%|██████████████████████        |  ETA: 1:40:44
Sampling (4 threads)  74%|██████████████████████▎       |  ETA: 1:40:04
Sampling (4 threads)  74%|██████████████████████▍       |  ETA: 1:37:29
Sampling (4 threads)  75%|██████████████████████▌       |  ETA: 1:36:57
Sampling (4 threads)  76%|██████████████████████▋       |  ETA: 1:34:23
Sampling (4 threads)  76%|██████████████████████▊       |  ETA: 1:31:51
Sampling (4 threads)  76%|███████████████████████       |  ETA: 1:31:00
Sampling (4 threads)  77%|███████████████████████▏      |  ETA: 1:28:29
Sampling (4 threads)  78%|███████████████████████▎      |  ETA: 1:26:01
Sampling (4 threads)  78%|███████████████████████▍      |  ETA: 1:24:25
Sampling (4 threads)  78%|███████████████████████▌      |  ETA: 1:21:58
Sampling (4 threads)  79%|███████████████████████▊      |  ETA: 1:19:34
Sampling (4 threads)  80%|███████████████████████▉      |  ETA: 1:17:56
Sampling (4 threads)  80%|████████████████████████      |  ETA: 1:16:05
Sampling (4 threads)  80%|████████████████████████▏     |  ETA: 1:14:21
Sampling (4 threads)  81%|████████████████████████▎     |  ETA: 1:12:36
Sampling (4 threads)  82%|████████████████████████▌     |  ETA: 1:10:53
Sampling (4 threads)  82%|████████████████████████▋     |  ETA: 1:08:57
Sampling (4 threads)  82%|████████████████████████▊     |  ETA: 1:06:52
Sampling (4 threads)  83%|████████████████████████▉     |  ETA: 1:05:14
Sampling (4 threads)  84%|█████████████████████████     |  ETA: 1:03:44
Sampling (4 threads)  84%|█████████████████████████▎    |  ETA: 1:01:51
Sampling (4 threads)  84%|█████████████████████████▍    |  ETA: 1:00:11
Sampling (4 threads)  85%|█████████████████████████▌    |  ETA: 0:58:25
Sampling (4 threads)  86%|█████████████████████████▋    |  ETA: 0:57:47
Sampling (4 threads)  86%|█████████████████████████▊    |  ETA: 0:57:18
Sampling (4 threads)  86%|██████████████████████████    |  ETA: 0:56:44
Sampling (4 threads)  87%|██████████████████████████▏   |  ETA: 0:55:48
Sampling (4 threads)  88%|██████████████████████████▎   |  ETA: 0:55:07
Sampling (4 threads)  88%|██████████████████████████▍   |  ETA: 0:54:14
Sampling (4 threads)  88%|██████████████████████████▌   |  ETA: 0:53:17
Sampling (4 threads)  89%|██████████████████████████▊   |  ETA: 0:51:52
Sampling (4 threads)  90%|██████████████████████████▉   |  ETA: 0:50:30
Sampling (4 threads)  90%|███████████████████████████   |  ETA: 0:49:04
Sampling (4 threads)  90%|███████████████████████████▏  |  ETA: 0:47:48
Sampling (4 threads)  91%|███████████████████████████▎  |  ETA: 0:46:07
Sampling (4 threads)  92%|███████████████████████████▌  |  ETA: 0:44:21
Sampling (4 threads)  92%|███████████████████████████▋  |  ETA: 0:42:25
Sampling (4 threads)  92%|███████████████████████████▊  |  ETA: 0:40:40
Sampling (4 threads)  93%|███████████████████████████▉  |  ETA: 0:38:36
Sampling (4 threads)  94%|████████████████████████████  |  ETA: 0:36:30
Sampling (4 threads)  94%|████████████████████████████▎ |  ETA: 0:34:16
Sampling (4 threads)  94%|████████████████████████████▍ |  ETA: 0:32:03
Sampling (4 threads)  95%|████████████████████████████▌ |  ETA: 0:29:37
Sampling (4 threads)  96%|████████████████████████████▋ |  ETA: 0:27:07
Sampling (4 threads)  96%|████████████████████████████▊ |  ETA: 0:24:28
Sampling (4 threads)  96%|█████████████████████████████ |  ETA: 0:21:46
Sampling (4 threads)  97%|█████████████████████████████▏|  ETA: 0:18:55
Sampling (4 threads)  98%|█████████████████████████████▎|  ETA: 0:15:59
Sampling (4 threads)  98%|█████████████████████████████▍|  ETA: 0:12:58
Sampling (4 threads)  98%|█████████████████████████████▌|  ETA: 0:09:53
Sampling (4 threads)  99%|█████████████████████████████▊|  ETA: 0:06:41
Sampling (4 threads) 100%|█████████████████████████████▉|  ETA: 0:03:24
Sampling (4 threads) 100%|██████████████████████████████| Time: 11:30:02
Sampling (4 threads) 100%|██████████████████████████████| Time: 11:30:02
Sampling (4 threads)   0%|                              |  ETA: N/A
┌ Info: Found initial step size
└   ϵ = 0.00078125
┌ Info: Found initial step size
└   ϵ = 0.003125
┌ Info: Found initial step size
└   ϵ = 0.00078125
┌ Info: Found initial step size
└   ϵ = 0.0015625
Sampling (4 threads)   0%|▏                             |  ETA: 4:05:36
Sampling (4 threads)   1%|▎                             |  ETA: 2:02:15
Sampling (4 threads)   2%|▌                             |  ETA: 1:21:06
Sampling (4 threads)   2%|▋                             |  ETA: 1:06:50
Sampling (4 threads)   2%|▊                             |  ETA: 0:53:11
Sampling (4 threads)   3%|▉                             |  ETA: 0:44:06
Sampling (4 threads)   4%|█                             |  ETA: 0:50:36
Sampling (4 threads)   4%|█▎                            |  ETA: 0:44:03
Sampling (4 threads)   4%|█▍                            |  ETA: 1:31:16
Sampling (4 threads)   5%|█▌                            |  ETA: 1:21:43
Sampling (4 threads)   6%|█▋                            |  ETA: 2:53:15
Sampling (4 threads)   6%|█▊                            |  ETA: 2:37:58
Sampling (4 threads)   6%|██                            |  ETA: 2:25:02
Sampling (4 threads)   7%|██▏                           |  ETA: 3:19:36
Sampling (4 threads)   8%|██▎                           |  ETA: 3:05:17
Sampling (4 threads)   8%|██▍                           |  ETA: 2:52:46
Sampling (4 threads)   8%|██▌                           |  ETA: 3:55:34
Sampling (4 threads)   9%|██▊                           |  ETA: 3:41:15
Sampling (4 threads)  10%|██▉                           |  ETA: 3:28:28
Sampling (4 threads)  10%|███                           |  ETA: 4:22:58
Sampling (4 threads)  10%|███▏                          |  ETA: 4:09:03
Sampling (4 threads)  11%|███▎                          |  ETA: 3:56:24
Sampling (4 threads)  12%|███▌                          |  ETA: 4:39:56
Sampling (4 threads)  12%|███▋                          |  ETA: 4:26:46
Sampling (4 threads)  12%|███▊                          |  ETA: 4:14:38
Sampling (4 threads)  13%|███▉                          |  ETA: 4:36:46
Sampling (4 threads)  14%|████                          |  ETA: 4:24:59
Sampling (4 threads)  14%|████▎                         |  ETA: 4:14:02
Sampling (4 threads)  14%|████▍                         |  ETA: 4:47:58
Sampling (4 threads)  15%|████▌                         |  ETA: 4:36:44
Sampling (4 threads)  16%|████▋                         |  ETA: 4:26:14
Sampling (4 threads)  16%|████▊                         |  ETA: 4:16:24
Sampling (4 threads)  16%|█████                         |  ETA: 4:40:58
Sampling (4 threads)  17%|█████▏                        |  ETA: 4:31:04
Sampling (4 threads)  18%|█████▎                        |  ETA: 4:21:44
Sampling (4 threads)  18%|█████▍                        |  ETA: 4:40:47
Sampling (4 threads)  18%|█████▌                        |  ETA: 4:31:32
Sampling (4 threads)  19%|█████▊                        |  ETA: 4:22:46
Sampling (4 threads)  20%|█████▉                        |  ETA: 4:14:27
Sampling (4 threads)  20%|██████                        |  ETA: 4:29:02
Sampling (4 threads)  20%|██████▏                       |  ETA: 4:20:50
Sampling (4 threads)  21%|██████▎                       |  ETA: 4:36:23
Sampling (4 threads)  22%|██████▌                       |  ETA: 4:28:15
Sampling (4 threads)  22%|██████▋                       |  ETA: 4:20:29
Sampling (4 threads)  22%|██████▊                       |  ETA: 4:29:40
Sampling (4 threads)  23%|██████▉                       |  ETA: 4:22:06
Sampling (4 threads)  24%|███████                       |  ETA: 4:14:52
Sampling (4 threads)  24%|███████▎                      |  ETA: 4:19:40
Sampling (4 threads)  24%|███████▍                      |  ETA: 4:12:42
Sampling (4 threads)  25%|███████▌                      |  ETA: 4:21:33
Sampling (4 threads)  26%|███████▋                      |  ETA: 4:14:43
Sampling (4 threads)  26%|███████▊                      |  ETA: 4:08:08
Sampling (4 threads)  26%|████████                      |  ETA: 4:16:43
Sampling (4 threads)  27%|████████▏                     |  ETA: 4:10:15
Sampling (4 threads)  28%|████████▎                     |  ETA: 4:04:01
Sampling (4 threads)  28%|████████▍                     |  ETA: 3:58:00
Sampling (4 threads)  28%|████████▌                     |  ETA: 4:05:09
Sampling (4 threads)  29%|████████▊                     |  ETA: 3:59:15
Sampling (4 threads)  30%|████████▉                     |  ETA: 4:07:11
Sampling (4 threads)  30%|█████████                     |  ETA: 4:01:21
Sampling (4 threads)  30%|█████████▏                    |  ETA: 3:55:41
Sampling (4 threads)  31%|█████████▎                    |  ETA: 4:01:20
Sampling (4 threads)  32%|█████████▌                    |  ETA: 3:55:47
Sampling (4 threads)  32%|█████████▋                    |  ETA: 3:50:24
Sampling (4 threads)  32%|█████████▊                    |  ETA: 3:57:17
Sampling (4 threads)  33%|█████████▉                    |  ETA: 3:51:58
Sampling (4 threads)  34%|██████████                    |  ETA: 3:46:47
Sampling (4 threads)  34%|██████████▎                   |  ETA: 3:50:46
Sampling (4 threads)  34%|██████████▍                   |  ETA: 3:45:42
Sampling (4 threads)  35%|██████████▌                   |  ETA: 3:40:46
Sampling (4 threads)  36%|██████████▋                   |  ETA: 3:46:23
Sampling (4 threads)  36%|██████████▊                   |  ETA: 3:41:31
Sampling (4 threads)  36%|███████████                   |  ETA: 3:36:46
Sampling (4 threads)  37%|███████████▏                  |  ETA: 3:40:57
Sampling (4 threads)  38%|███████████▎                  |  ETA: 3:36:16
Sampling (4 threads)  38%|███████████▍                  |  ETA: 3:31:43
Sampling (4 threads)  38%|███████████▌                  |  ETA: 3:27:17
Sampling (4 threads)  39%|███████████▊                  |  ETA: 3:31:42
Sampling (4 threads)  40%|███████████▉                  |  ETA: 3:27:18
Sampling (4 threads)  40%|████████████                  |  ETA: 3:23:01
Sampling (4 threads)  40%|████████████▏                 |  ETA: 3:26:12
Sampling (4 threads)  41%|████████████▎                 |  ETA: 3:21:59
Sampling (4 threads)  42%|████████████▌                 |  ETA: 3:17:51
Sampling (4 threads)  42%|████████████▋                 |  ETA: 3:19:56
Sampling (4 threads)  42%|████████████▊                 |  ETA: 3:15:53
Sampling (4 threads)  43%|████████████▉                 |  ETA: 3:11:55
Sampling (4 threads)  44%|█████████████                 |  ETA: 3:15:05
Sampling (4 threads)  44%|█████████████▎                |  ETA: 3:11:09
Sampling (4 threads)  44%|█████████████▍                |  ETA: 3:07:19
Sampling (4 threads)  45%|█████████████▌                |  ETA: 3:09:16
Sampling (4 threads)  46%|█████████████▋                |  ETA: 3:05:29
Sampling (4 threads)  46%|█████████████▊                |  ETA: 3:01:47
Sampling (4 threads)  46%|██████████████                |  ETA: 3:04:23
Sampling (4 threads)  47%|██████████████▏               |  ETA: 3:00:43
Sampling (4 threads)  48%|██████████████▎               |  ETA: 2:57:08
Sampling (4 threads)  48%|██████████████▍               |  ETA: 2:58:29
Sampling (4 threads)  48%|██████████████▌               |  ETA: 2:54:56
Sampling (4 threads)  49%|██████████████▊               |  ETA: 2:51:28
Sampling (4 threads)  50%|██████████████▉               |  ETA: 2:53:16
Sampling (4 threads)  50%|███████████████               |  ETA: 2:49:50
Sampling (4 threads)  50%|███████████████▏              |  ETA: 2:46:29
Sampling (4 threads)  51%|███████████████▎              |  ETA: 2:47:27
Sampling (4 threads)  52%|███████████████▌              |  ETA: 2:44:08
Sampling (4 threads)  52%|███████████████▋              |  ETA: 2:40:53
Sampling (4 threads)  52%|███████████████▊              |  ETA: 2:42:10
Sampling (4 threads)  53%|███████████████▉              |  ETA: 2:38:57
Sampling (4 threads)  54%|████████████████              |  ETA: 2:35:47
Sampling (4 threads)  54%|████████████████▎             |  ETA: 2:36:45
Sampling (4 threads)  55%|████████████████▍             |  ETA: 2:33:38
Sampling (4 threads)  55%|████████████████▌             |  ETA: 2:30:33
Sampling (4 threads)  56%|████████████████▋             |  ETA: 2:31:29
Sampling (4 threads)  56%|████████████████▊             |  ETA: 2:28:26
Sampling (4 threads)  56%|█████████████████             |  ETA: 2:25:27
Sampling (4 threads)  57%|█████████████████▏            |  ETA: 2:26:09
Sampling (4 threads)  57%|█████████████████▎            |  ETA: 2:23:11
Sampling (4 threads)  58%|█████████████████▍            |  ETA: 2:20:17
Sampling (4 threads)  58%|█████████████████▌            |  ETA: 2:19:32
Sampling (4 threads)  59%|█████████████████▊            |  ETA: 2:16:41
Sampling (4 threads)  60%|█████████████████▉            |  ETA: 2:17:09
Sampling (4 threads)  60%|██████████████████            |  ETA: 2:14:20
Sampling (4 threads)  60%|██████████████████▏           |  ETA: 2:11:33
Sampling (4 threads)  61%|██████████████████▎           |  ETA: 2:11:58
Sampling (4 threads)  62%|██████████████████▌           |  ETA: 2:09:13
Sampling (4 threads)  62%|██████████████████▋           |  ETA: 2:06:30
Sampling (4 threads)  62%|██████████████████▊           |  ETA: 2:06:35
Sampling (4 threads)  63%|██████████████████▉           |  ETA: 2:03:55
Sampling (4 threads)  64%|███████████████████           |  ETA: 2:01:16
Sampling (4 threads)  64%|███████████████████▎          |  ETA: 2:01:19
Sampling (4 threads)  64%|███████████████████▍          |  ETA: 1:58:42
Sampling (4 threads)  65%|███████████████████▌          |  ETA: 1:56:08
Sampling (4 threads)  66%|███████████████████▋          |  ETA: 1:56:02
Sampling (4 threads)  66%|███████████████████▊          |  ETA: 1:53:30
Sampling (4 threads)  66%|████████████████████          |  ETA: 1:50:59
Sampling (4 threads)  67%|████████████████████▏         |  ETA: 1:49:49
Sampling (4 threads)  68%|████████████████████▎         |  ETA: 1:47:22
Sampling (4 threads)  68%|████████████████████▍         |  ETA: 1:46:11
Sampling (4 threads)  68%|████████████████████▌         |  ETA: 1:43:46
Sampling (4 threads)  69%|████████████████████▊         |  ETA: 1:43:26
Sampling (4 threads)  70%|████████████████████▉         |  ETA: 1:41:02
Sampling (4 threads)  70%|█████████████████████         |  ETA: 1:38:40
Sampling (4 threads)  70%|█████████████████████▏        |  ETA: 1:38:34
Sampling (4 threads)  71%|█████████████████████▎        |  ETA: 1:36:13
Sampling (4 threads)  72%|█████████████████████▌        |  ETA: 1:33:54
Sampling (4 threads)  72%|█████████████████████▋        |  ETA: 1:33:34
Sampling (4 threads)  72%|█████████████████████▊        |  ETA: 1:31:15
Sampling (4 threads)  73%|█████████████████████▉        |  ETA: 1:28:59
Sampling (4 threads)  74%|██████████████████████        |  ETA: 1:28:23
Sampling (4 threads)  74%|██████████████████████▎       |  ETA: 1:26:08
Sampling (4 threads)  74%|██████████████████████▍       |  ETA: 1:23:55
Sampling (4 threads)  75%|██████████████████████▌       |  ETA: 1:21:43
Sampling (4 threads)  76%|██████████████████████▋       |  ETA: 1:21:09
Sampling (4 threads)  76%|██████████████████████▊       |  ETA: 1:18:58
Sampling (4 threads)  76%|███████████████████████       |  ETA: 1:18:03
Sampling (4 threads)  77%|███████████████████████▏      |  ETA: 1:15:54
Sampling (4 threads)  78%|███████████████████████▎      |  ETA: 1:13:46
Sampling (4 threads)  78%|███████████████████████▍      |  ETA: 1:11:40
Sampling (4 threads)  78%|███████████████████████▌      |  ETA: 1:11:10
Sampling (4 threads)  79%|███████████████████████▊      |  ETA: 1:09:04
Sampling (4 threads)  80%|███████████████████████▉      |  ETA: 1:07:00
Sampling (4 threads)  80%|████████████████████████      |  ETA: 1:05:49
Sampling (4 threads)  80%|████████████████████████▏     |  ETA: 1:03:46
Sampling (4 threads)  81%|████████████████████████▎     |  ETA: 1:02:53
Sampling (4 threads)  82%|████████████████████████▌     |  ETA: 1:00:51
Sampling (4 threads)  82%|████████████████████████▋     |  ETA: 0:58:51
Sampling (4 threads)  82%|████████████████████████▊     |  ETA: 0:56:55
Sampling (4 threads)  83%|████████████████████████▉     |  ETA: 0:55:29
Sampling (4 threads)  84%|█████████████████████████     |  ETA: 0:53:42
Sampling (4 threads)  84%|█████████████████████████▎    |  ETA: 0:52:06
Sampling (4 threads)  84%|█████████████████████████▍    |  ETA: 0:50:48
Sampling (4 threads)  85%|█████████████████████████▌    |  ETA: 0:48:56
Sampling (4 threads)  86%|█████████████████████████▋    |  ETA: 0:47:28
Sampling (4 threads)  86%|█████████████████████████▊    |  ETA: 0:45:51
Sampling (4 threads)  86%|██████████████████████████    |  ETA: 0:44:22
Sampling (4 threads)  87%|██████████████████████████▏   |  ETA: 0:42:31
Sampling (4 threads)  88%|██████████████████████████▎   |  ETA: 0:40:59
Sampling (4 threads)  88%|██████████████████████████▍   |  ETA: 0:39:23
Sampling (4 threads)  88%|██████████████████████████▌   |  ETA: 0:37:53
Sampling (4 threads)  89%|██████████████████████████▊   |  ETA: 0:36:03
Sampling (4 threads)  90%|██████████████████████████▉   |  ETA: 0:34:32
Sampling (4 threads)  90%|███████████████████████████   |  ETA: 0:32:53
Sampling (4 threads)  90%|███████████████████████████▏  |  ETA: 0:31:20
Sampling (4 threads)  91%|███████████████████████████▎  |  ETA: 0:29:42
Sampling (4 threads)  92%|███████████████████████████▌  |  ETA: 0:28:05
Sampling (4 threads)  92%|███████████████████████████▋  |  ETA: 0:26:27
Sampling (4 threads)  92%|███████████████████████████▊  |  ETA: 0:24:48
Sampling (4 threads)  93%|███████████████████████████▉  |  ETA: 0:23:13
Sampling (4 threads)  94%|████████████████████████████  |  ETA: 0:21:30
Sampling (4 threads)  94%|████████████████████████████▎ |  ETA: 0:19:52
Sampling (4 threads)  94%|████████████████████████████▍ |  ETA: 0:18:15
Sampling (4 threads)  95%|████████████████████████████▌ |  ETA: 0:16:35
Sampling (4 threads)  96%|████████████████████████████▋ |  ETA: 0:14:56
Sampling (4 threads)  96%|████████████████████████████▊ |  ETA: 0:13:17
Sampling (4 threads)  96%|█████████████████████████████ |  ETA: 0:11:37
Sampling (4 threads)  97%|█████████████████████████████▏|  ETA: 0:09:58
Sampling (4 threads)  98%|█████████████████████████████▎|  ETA: 0:08:19
Sampling (4 threads)  98%|█████████████████████████████▍|  ETA: 0:06:39
Sampling (4 threads)  98%|█████████████████████████████▌|  ETA: 0:05:00
Sampling (4 threads)  99%|█████████████████████████████▊|  ETA: 0:03:20
Sampling (4 threads) 100%|█████████████████████████████▉|  ETA: 0:01:40
Sampling (4 threads) 100%|██████████████████████████████| Time: 5:33:43
Sampling (4 threads) 100%|██████████████████████████████| Time: 5:33:44
ERROR: LoadError: ArgumentError: column name "a_ws[1]" not found in the data frame; existing most similar names are: "σ_w[1]"
Stacktrace:
 [1] lookupname
   @ ~/.julia/packages/DataFrames/b4w9K/src/other/index.jl:434 [inlined]
 [2] getindex
   @ ~/.julia/packages/DataFrames/b4w9K/src/other/index.jl:440 [inlined]
 [3] getindex
   @ ~/.julia/packages/DataFrames/b4w9K/src/other/index.jl:441 [inlined]
 [4] getindex(df::DataFrame, ::Colon, col_ind::String)
   @ DataFrames ~/.julia/packages/DataFrames/b4w9K/src/dataframe/dataframe.jl:543
 [5] plotGraphs(outputDir::String, wordTypes::Vector{String}, cols::Vector{RGB{Float64}})
   @ Main ~/bayesian/BC4/Bayes/wordType_experiments/plottingFuncs.jl:224
 [6] concludeAndPlot(m::Chains{Float64, AxisArray{Float64, 3, Array{Float64, 3}, Tuple{Axis{:iter, StepRange{Int64, Int64}}, Axis{:var, Vector{Symbol}}, Axis{:chain, UnitRange{Int64}}}}, Missing, @NamedTuple{parameters::Vector{Symbol}, internals::Vector{Symbol}}, @NamedTuple{varname_to_symbol::OrderedDict{AbstractPPL.VarName, Symbol}, start_time::Vector{Float64}, stop_time::Vector{Float64}, samplerstate::Vector{Nothing}}}, output_loc::String, pc::Int64, wordTypes::Vector{String}, cols::Vector{RGB{Float64}})
   @ Main ~/bayesian/BC4/Bayes/wordType_experiments/plottingFuncs.jl:22
 [7] runModel(model::DynamicPPL.Model{typeof(model_11), (:participant, :word, :surprisal, :tags, :PCA, :ExpMean, :cauchyMean, :NUM_TYPES, :NUM_PARTICIPANTS), (), (), Tuple{Vector{Int64}, Vector{Float64}, Vector{Float64}, Vector{Int64}, Vector{Float64}, Float64, Float64, Int64, Int64}, Tuple{}, DynamicPPL.DefaultContext}, df_modified::DataFrame, dfPCA::DataFrame, pc::Int64, NUM_PARTICIPANTS::Int64, NUM_WORDS::Int64, TYPE_STRUCTURE::String, NUM_TYPES::Int64, wordTypes::Vector{String}, cols::Vector{RGB{Float64}}, isPlotting::Int64, analyseEssRhat::Int64, output_loc::String, expMean::Float64, cauchyMean::Float64)
   @ Main ~/bayesian/BC4/Bayes/wordType_experiments/model_master.jl:83
 [8] top-level scope
   @ ~/bayesian/BC4/Bayes/wordType_experiments/models/11_LKJ_Reintroduced/model.jl:12
in expression starting at /user/home/em18564/bayesian/BC4/Bayes/wordType_experiments/models/11_LKJ_Reintroduced/model.jl:12

caused by: ArgumentError: column name "ab_w[1, 1]" not found in the data frame; existing most similar names are: "z_ab_w[1, 1]"
Stacktrace:
 [1] lookupname
   @ ~/.julia/packages/DataFrames/b4w9K/src/other/index.jl:434 [inlined]
 [2] getindex
   @ ~/.julia/packages/DataFrames/b4w9K/src/other/index.jl:440 [inlined]
 [3] getindex
   @ ~/.julia/packages/DataFrames/b4w9K/src/other/index.jl:441 [inlined]
 [4] getindex(df::DataFrame, ::Colon, col_ind::String)
   @ DataFrames ~/.julia/packages/DataFrames/b4w9K/src/dataframe/dataframe.jl:543
 [5] plotGraphs(outputDir::String, wordTypes::Vector{String}, cols::Vector{RGB{Float64}})
   @ Main ~/bayesian/BC4/Bayes/wordType_experiments/plottingFuncs.jl:218
 [6] concludeAndPlot(m::Chains{Float64, AxisArray{Float64, 3, Array{Float64, 3}, Tuple{Axis{:iter, StepRange{Int64, Int64}}, Axis{:var, Vector{Symbol}}, Axis{:chain, UnitRange{Int64}}}}, Missing, @NamedTuple{parameters::Vector{Symbol}, internals::Vector{Symbol}}, @NamedTuple{varname_to_symbol::OrderedDict{AbstractPPL.VarName, Symbol}, start_time::Vector{Float64}, stop_time::Vector{Float64}, samplerstate::Vector{Nothing}}}, output_loc::String, pc::Int64, wordTypes::Vector{String}, cols::Vector{RGB{Float64}})
   @ Main ~/bayesian/BC4/Bayes/wordType_experiments/plottingFuncs.jl:22
 [7] runModel(model::DynamicPPL.Model{typeof(model_11), (:participant, :word, :surprisal, :tags, :PCA, :ExpMean, :cauchyMean, :NUM_TYPES, :NUM_PARTICIPANTS), (), (), Tuple{Vector{Int64}, Vector{Float64}, Vector{Float64}, Vector{Int64}, Vector{Float64}, Float64, Float64, Int64, Int64}, Tuple{}, DynamicPPL.DefaultContext}, df_modified::DataFrame, dfPCA::DataFrame, pc::Int64, NUM_PARTICIPANTS::Int64, NUM_WORDS::Int64, TYPE_STRUCTURE::String, NUM_TYPES::Int64, wordTypes::Vector{String}, cols::Vector{RGB{Float64}}, isPlotting::Int64, analyseEssRhat::Int64, output_loc::String, expMean::Float64, cauchyMean::Float64)
   @ Main ~/bayesian/BC4/Bayes/wordType_experiments/model_master.jl:83
 [8] top-level scope
   @ ~/bayesian/BC4/Bayes/wordType_experiments/models/11_LKJ_Reintroduced/model.jl:12
