Chains MCMC chain (250×85×4 Array{Float64, 3}):

Iterations        = 126:1:375
Number of chains  = 4
Samples per chain = 250
Wall duration     = 2083.45 seconds
Compute duration  = 7414.04 seconds
parameters        = σ_w[1], σ_w[2], ρ_w[1,1], ρ_w[2,1], ρ_w[1,2], ρ_w[2,2], ab_w[1,1], ab_w[2,1], ab_w[1,2], ab_w[2,2], σ_p[1], σ_p[2], ρ_p[1,1], ρ_p[2,1], ρ_p[1,2], ρ_p[2,2], ab_p[1,1], ab_p[2,1], ab_p[1,2], ab_p[2,2], ab_p[1,3], ab_p[2,3], ab_p[1,4], ab_p[2,4], ab_p[1,5], ab_p[2,5], ab_p[1,6], ab_p[2,6], ab_p[1,7], ab_p[2,7], ab_p[1,8], ab_p[2,8], ab_p[1,9], ab_p[2,9], ab_p[1,10], ab_p[2,10], ab_p[1,11], ab_p[2,11], ab_p[1,12], ab_p[2,12], ab_p[1,13], ab_p[2,13], ab_p[1,14], ab_p[2,14], ab_p[1,15], ab_p[2,15], ab_p[1,16], ab_p[2,16], ab_p[1,17], ab_p[2,17], ab_p[1,18], ab_p[2,18], ab_p[1,19], ab_p[2,19], ab_p[1,20], ab_p[2,20], ab_p[1,21], ab_p[2,21], ab_p[1,22], ab_p[2,22], ab_p[1,23], ab_p[2,23], ab_p[1,24], ab_p[2,24], σ_e[1], σ_e[2], ρ_e[1,1], ρ_e[2,1], ρ_e[1,2], ρ_e[2,2], ab_e[1,1], ab_e[2,1], σ
internals         = lp, n_steps, is_accept, acceptance_rate, log_density, hamiltonian_energy, hamiltonian_energy_error, max_hamiltonian_energy_error, tree_depth, numerical_error, step_size, nom_step_size

Summary Statistics
  parameters      mean       std      mcse   ess_bulk   ess_tail      rhat   ess_per_sec
      Symbol   Float64   Float64   Float64    Float64    Float64   Float64       Float64

      σ_w[1]    0.1389    0.2774    0.0230   104.0528   178.9876    1.0577        0.0140
      σ_w[2]    0.1518    0.2457    0.0225    89.5120   189.9970    1.0324        0.0121
    ρ_w[1,1]    1.0000    0.0000       NaN        NaN        NaN       NaN           NaN
    ρ_w[2,1]    0.0167    0.4680    0.0289   296.4163   328.7766    1.0154        0.0400
    ρ_w[1,2]    0.0167    0.4680    0.0289   296.4163   328.7766    1.0154        0.0400
    ρ_w[2,2]    1.0000    0.0000    0.0000   261.1769   228.1433    1.0074        0.0352
   ab_w[1,1]   -0.0063    0.1085    0.0042   391.5146    87.2684    1.0260        0.0528
   ab_w[2,1]    0.0001    0.1061    0.0059   453.1786   157.6391    1.0377        0.0611
   ab_w[1,2]    0.0153    0.1091    0.0043   335.3265   113.7445    1.0245        0.0452
   ab_w[2,2]    0.0000    0.1057    0.0057   495.0659   175.2783    1.0353        0.0668
      σ_p[1]    0.1800    0.0300    0.0028   100.1420    63.1973    1.0180        0.0135
      σ_p[2]    0.0161    0.0104    0.0033     9.0811    94.8817    1.3829        0.0012
    ρ_p[1,1]    1.0000    0.0000       NaN        NaN        NaN       NaN           NaN
    ρ_p[2,1]   -0.3930    0.3762    0.0243   227.2193   253.5661    1.0200        0.0306
    ρ_p[1,2]   -0.3930    0.3762    0.0243   227.2193   253.5661    1.0200        0.0306
    ρ_p[2,2]    1.0000    0.0000    0.0000   815.0768   740.6773    1.0036        0.1099
   ab_p[1,1]   -0.0110    0.0527    0.0025   453.8741   678.0341    1.0089        0.0612
   ab_p[2,1]    0.0004    0.0144    0.0005   978.7208   414.5115    1.1772        0.1320
   ab_p[1,2]   -0.1892    0.0580    0.0044   209.4979    62.5980    1.0099        0.0283
   ab_p[2,2]    0.0027    0.0156    0.0006   570.9268   253.0325    1.1130        0.0770
   ab_p[1,3]    0.0778    0.0513    0.0024   454.9971   452.7021    1.0086        0.0614
   ab_p[2,3]    0.0002    0.0145    0.0006   753.0422   443.1913    1.1009        0.1016
   ab_p[1,4]   -0.1372    0.0530    0.0029   349.9370   275.4787    1.0101        0.0472
   ab_p[2,4]    0.0062    0.0169    0.0006   777.2973   218.7426    1.1406        0.1048
   ab_p[1,5]   -0.1860    0.0523    0.0022   557.2019   705.7260    1.0083        0.0752
   ab_p[2,5]    0.0038    0.0157    0.0005   866.8656   537.8385    1.1127        0.1169
   ab_p[1,6]    0.0469    0.0505    0.0018   774.4916   842.7561    1.0198        0.1045
   ab_p[2,6]   -0.0048    0.0145    0.0006   768.2894   507.1123    1.0916        0.1036
   ab_p[1,7]   -0.0491    0.0543    0.0021   680.5966   514.9009    1.0044        0.0918
   ab_p[2,7]    0.0047    0.0162    0.0006   792.5536   495.4941    1.2115        0.1069
   ab_p[1,8]    0.0734    0.0548    0.0029   360.9813   482.2609    1.0310        0.0487
   ab_p[2,8]   -0.0048    0.0145    0.0005   870.5219   367.6673    1.0986        0.1174
   ab_p[1,9]    0.1263    0.0528    0.0025   459.3386   602.5209    1.0080        0.0620
   ab_p[2,9]   -0.0125    0.0174    0.0030    38.1650   578.2945    1.0804        0.0051
  ab_p[1,10]   -0.0394    0.0554    0.0033   284.1046   632.6860    1.0093        0.0383
  ab_p[2,10]    0.0006    0.0146    0.0005   882.0363   435.6824    1.1277        0.1190
  ab_p[1,11]    0.1059    0.0519    0.0021   574.6829   581.5337    1.0128        0.0775
  ab_p[2,11]    0.0047    0.0158    0.0016   150.3015   511.6806    1.0951        0.0203
  ab_p[1,12]    0.2584    0.0572    0.0040   212.9217   116.1697    1.0287        0.0287
  ab_p[2,12]   -0.0115    0.0170    0.0016   125.2604   737.3506    1.0824        0.0169
  ab_p[1,13]   -0.1475    0.0520    0.0036   209.8040   314.1262    1.0067        0.0283
  ab_p[2,13]    0.0053    0.0144    0.0005   714.2734   703.7447    1.1151        0.0963
  ab_p[1,14]    0.0481    0.0550    0.0037   248.4271   520.9298    1.0220        0.0335
  ab_p[2,14]   -0.0054    0.0146    0.0007   652.7503   476.5043    1.1190        0.0880
  ab_p[1,15]    0.0210    0.0516    0.0025   409.3361   502.3950    0.9999        0.0552
  ab_p[2,15]   -0.0017    0.0146    0.0007   523.6783   256.2094    1.0894        0.0706
  ab_p[1,16]   -0.0000    0.0495    0.0022   529.9841   269.3906    1.0043        0.0715
  ab_p[2,16]    0.0035    0.0140    0.0006   642.0098   223.7339    1.1613        0.0866
  ab_p[1,17]   -0.3867    0.0537    0.0028   354.6506   670.0507    1.0118        0.0478
  ab_p[2,17]    0.0165    0.0213    0.0018   261.1413   661.4102    1.0880        0.0352
  ab_p[1,18]   -0.0320    0.0525    0.0034   250.1598    63.4426    1.0217        0.0337
  ab_p[2,18]    0.0078    0.0167    0.0019   171.4698   349.6892    1.1277        0.0231
  ab_p[1,19]    0.4676    0.0501    0.0018   783.8809   735.5746    1.0082        0.1057
  ab_p[2,19]   -0.0219    0.0238    0.0041    40.1302   710.8689    1.0817        0.0054
  ab_p[1,20]    0.0632    0.0533    0.0031   298.5710   138.5293    1.0334        0.0403
  ab_p[2,20]    0.0034    0.0156    0.0008   337.9985   221.2034    1.1287        0.0456
  ab_p[1,21]   -0.0694    0.0550    0.0023   575.5343   238.1006    1.0148        0.0776
  ab_p[2,21]    0.0061    0.0142    0.0007   435.0830   446.2965    1.1063        0.0587
  ab_p[1,22]   -0.1707    0.0557    0.0031   340.0219   393.0255    1.0094        0.0459
  ab_p[2,22]    0.0055    0.0164    0.0005   933.3464   468.3036    1.1318        0.1259
  ab_p[1,23]    0.0882    0.0517    0.0033   253.0883   633.8710    1.0067        0.0341
  ab_p[2,23]   -0.0069    0.0141    0.0010   422.7035   252.9205    1.1276        0.0570
  ab_p[1,24]    0.1627    0.0504    0.0022   511.1592   669.9128    1.0203        0.0689
  ab_p[2,24]   -0.0027    0.0151    0.0005   799.5709   477.1493    1.1602        0.1078
      σ_e[1]    0.3511    0.4932    0.0359   104.4850   230.1088    1.0309        0.0141
      σ_e[2]    0.3272    0.4914    0.0437    38.9757   306.1353    1.0884        0.0053
    ρ_e[1,1]    1.0000    0.0000       NaN        NaN        NaN       NaN           NaN
    ρ_e[2,1]    0.0395    0.5067    0.0309   256.6557   105.9815    1.0230        0.0346
    ρ_e[1,2]    0.0395    0.5067    0.0309   256.6557   105.9815    1.0230        0.0346
    ρ_e[2,2]    1.0000    0.0000    0.0000   495.9716   360.3309    1.0095        0.0669
   ab_e[1,1]    0.0042    0.1147    0.0045   485.7999   142.7623    1.0336        0.0655
   ab_e[2,1]    0.0065    0.1057    0.0057   489.2383   159.0523    1.0342        0.0660
           σ    1.0013    0.0054    0.0002   766.3035   680.8284    1.0094        0.1034

Quantiles
  parameters      2.5%     25.0%     50.0%     75.0%     97.5%
      Symbol   Float64   Float64   Float64   Float64   Float64

      σ_w[1]    0.0070    0.0256    0.0598    0.1189    0.8906
      σ_w[2]    0.0060    0.0219    0.0666    0.1831    0.8769
    ρ_w[1,1]    1.0000    1.0000    1.0000    1.0000    1.0000
    ρ_w[2,1]   -0.7907   -0.3754    0.0516    0.3900    0.8434
    ρ_w[1,2]   -0.7907   -0.3754    0.0516    0.3900    0.8434
    ρ_w[2,2]    1.0000    1.0000    1.0000    1.0000    1.0000
   ab_w[1,1]   -0.2295   -0.0326   -0.0078    0.0128    0.1804
   ab_w[2,1]   -0.2546   -0.0189    0.0008    0.0285    0.1909
   ab_w[1,2]   -0.2053   -0.0105    0.0076    0.0371    0.2176
   ab_w[2,2]   -0.2679   -0.0169    0.0032    0.0245    0.1909
      σ_p[1]    0.1312    0.1569    0.1748    0.2003    0.2433
      σ_p[2]    0.0043    0.0064    0.0140    0.0232    0.0389
    ρ_p[1,1]    1.0000    1.0000    1.0000    1.0000    1.0000
    ρ_p[2,1]   -0.9141   -0.6918   -0.4850   -0.1744    0.5093
    ρ_p[1,2]   -0.9141   -0.6918   -0.4850   -0.1744    0.5093
    ρ_p[2,2]    1.0000    1.0000    1.0000    1.0000    1.0000
   ab_p[1,1]   -0.1144   -0.0485   -0.0091    0.0254    0.0860
   ab_p[2,1]   -0.0309   -0.0054    0.0005    0.0065    0.0306
   ab_p[1,2]   -0.2887   -0.2262   -0.1924   -0.1546   -0.0625
   ab_p[2,2]   -0.0306   -0.0038    0.0028    0.0093    0.0367
   ab_p[1,3]   -0.0283    0.0447    0.0778    0.1144    0.1812
   ab_p[2,3]   -0.0266   -0.0076   -0.0008    0.0059    0.0335
   ab_p[1,4]   -0.2435   -0.1720   -0.1385   -0.0992   -0.0372
   ab_p[2,4]   -0.0231   -0.0023    0.0037    0.0126    0.0476
   ab_p[1,5]   -0.2936   -0.2187   -0.1866   -0.1516   -0.0823
   ab_p[2,5]   -0.0307   -0.0031    0.0021    0.0110    0.0412
   ab_p[1,6]   -0.0516    0.0153    0.0476    0.0812    0.1462
   ab_p[2,6]   -0.0378   -0.0111   -0.0032    0.0026    0.0224
   ab_p[1,7]   -0.1518   -0.0850   -0.0490   -0.0128    0.0585
   ab_p[2,7]   -0.0273   -0.0025    0.0029    0.0107    0.0443
   ab_p[1,8]   -0.0340    0.0319    0.0735    0.1135    0.1786
   ab_p[2,8]   -0.0380   -0.0108   -0.0028    0.0030    0.0224
   ab_p[1,9]    0.0263    0.0895    0.1252    0.1659    0.2268
   ab_p[2,9]   -0.0596   -0.0213   -0.0080   -0.0005    0.0104
  ab_p[1,10]   -0.1481   -0.0757   -0.0395   -0.0015    0.0654
  ab_p[2,10]   -0.0303   -0.0060    0.0008    0.0074    0.0336
  ab_p[1,11]    0.0024    0.0748    0.1028    0.1393    0.2087
  ab_p[2,11]   -0.0203   -0.0044    0.0013    0.0112    0.0451
  ab_p[1,12]    0.1438    0.2202    0.2597    0.2975    0.3614
  ab_p[2,12]   -0.0510   -0.0198   -0.0084   -0.0016    0.0193
  ab_p[1,13]   -0.2501   -0.1815   -0.1472   -0.1110   -0.0502
  ab_p[2,13]   -0.0217   -0.0022    0.0041    0.0122    0.0391
  ab_p[1,14]   -0.0553    0.0113    0.0473    0.0822    0.1576
  ab_p[2,14]   -0.0388   -0.0118   -0.0031    0.0025    0.0216
  ab_p[1,15]   -0.0839   -0.0121    0.0193    0.0543    0.1227
  ab_p[2,15]   -0.0361   -0.0083   -0.0007    0.0056    0.0265
  ab_p[1,16]   -0.0942   -0.0322   -0.0000    0.0330    0.0983
  ab_p[2,16]   -0.0228   -0.0040    0.0016    0.0090    0.0374
  ab_p[1,17]   -0.4901   -0.4222   -0.3860   -0.3500   -0.2850
  ab_p[2,17]   -0.0196    0.0029    0.0126    0.0288    0.0652
  ab_p[1,18]   -0.1358   -0.0683   -0.0313    0.0044    0.0716
  ab_p[2,18]   -0.0185   -0.0015    0.0039    0.0148    0.0485
  ab_p[1,19]    0.3648    0.4330    0.4703    0.5016    0.5617
  ab_p[2,19]   -0.0773   -0.0339   -0.0158   -0.0054    0.0127
  ab_p[1,20]   -0.0384    0.0248    0.0638    0.1001    0.1630
  ab_p[2,20]   -0.0222   -0.0047    0.0013    0.0083    0.0425
  ab_p[1,21]   -0.1706   -0.1056   -0.0693   -0.0347    0.0410
  ab_p[2,21]   -0.0189   -0.0022    0.0039    0.0128    0.0396
  ab_p[1,22]   -0.2731   -0.2045   -0.1723   -0.1336   -0.0526
  ab_p[2,22]   -0.0264   -0.0030    0.0043    0.0128    0.0436
  ab_p[1,23]   -0.0135    0.0521    0.0865    0.1264    0.1891
  ab_p[2,23]   -0.0438   -0.0119   -0.0049    0.0004    0.0168
  ab_p[1,24]    0.0711    0.1258    0.1632    0.1974    0.2642
  ab_p[2,24]   -0.0343   -0.0103   -0.0026    0.0048    0.0295
      σ_e[1]    0.0136    0.0676    0.1626    0.4356    1.7890
      σ_e[2]    0.0132    0.0346    0.1365    0.4456    1.8169
    ρ_e[1,1]    1.0000    1.0000    1.0000    1.0000    1.0000
    ρ_e[2,1]   -0.8423   -0.3798    0.0471    0.4507    0.9170
    ρ_e[1,2]   -0.8423   -0.3798    0.0471    0.4507    0.9170
    ρ_e[2,2]    1.0000    1.0000    1.0000    1.0000    1.0000
   ab_e[1,1]   -0.1923   -0.0264    0.0052    0.0405    0.2273
   ab_e[2,1]   -0.1817   -0.0175    0.0025    0.0226    0.2629
           σ    0.9915    0.9972    1.0011    1.0051    1.0117

