Chains MCMC chain (250×85×4 Array{Float64, 3}):

Iterations        = 126:1:375
Number of chains  = 4
Samples per chain = 250
Wall duration     = 4106.83 seconds
Compute duration  = 15149.33 seconds
parameters        = σ_w[1], σ_w[2], ρ_w[1,1], ρ_w[2,1], ρ_w[1,2], ρ_w[2,2], ab_w[1,1], ab_w[2,1], ab_w[1,2], ab_w[2,2], σ_p[1], σ_p[2], ρ_p[1,1], ρ_p[2,1], ρ_p[1,2], ρ_p[2,2], ab_p[1,1], ab_p[2,1], ab_p[1,2], ab_p[2,2], ab_p[1,3], ab_p[2,3], ab_p[1,4], ab_p[2,4], ab_p[1,5], ab_p[2,5], ab_p[1,6], ab_p[2,6], ab_p[1,7], ab_p[2,7], ab_p[1,8], ab_p[2,8], ab_p[1,9], ab_p[2,9], ab_p[1,10], ab_p[2,10], ab_p[1,11], ab_p[2,11], ab_p[1,12], ab_p[2,12], ab_p[1,13], ab_p[2,13], ab_p[1,14], ab_p[2,14], ab_p[1,15], ab_p[2,15], ab_p[1,16], ab_p[2,16], ab_p[1,17], ab_p[2,17], ab_p[1,18], ab_p[2,18], ab_p[1,19], ab_p[2,19], ab_p[1,20], ab_p[2,20], ab_p[1,21], ab_p[2,21], ab_p[1,22], ab_p[2,22], ab_p[1,23], ab_p[2,23], ab_p[1,24], ab_p[2,24], σ_e[1], σ_e[2], ρ_e[1,1], ρ_e[2,1], ρ_e[1,2], ρ_e[2,2], ab_e[1,1], ab_e[2,1], σ
internals         = lp, n_steps, is_accept, acceptance_rate, log_density, hamiltonian_energy, hamiltonian_energy_error, max_hamiltonian_energy_error, tree_depth, numerical_error, step_size, nom_step_size

Summary Statistics
  parameters      mean       std      mcse    ess_bulk   ess_tail      rhat   ess_per_sec
      Symbol   Float64   Float64   Float64     Float64    Float64   Float64       Float64

      σ_w[1]    0.2152    0.2992    0.0230    200.8383   234.8921    1.0219        0.0133
      σ_w[2]    0.1366    0.2103    0.0134    132.6829   129.4700    1.0140        0.0088
    ρ_w[1,1]    1.0000    0.0000       NaN         NaN        NaN       NaN           NaN
    ρ_w[2,1]    0.0316    0.4529    0.0203    492.3290   380.1763    1.0051        0.0325
    ρ_w[1,2]    0.0316    0.4529    0.0203    492.3290   380.1763    1.0051        0.0325
    ρ_w[2,2]    1.0000    0.0000    0.0000    858.2102   957.1937    1.0041        0.0567
   ab_w[1,1]    0.0467    0.1996    0.0172    487.3694   140.3830    1.0081        0.0322
   ab_w[2,1]   -0.0041    0.1012    0.0045    811.0223   319.0833    1.0098        0.0535
   ab_w[1,2]   -0.0026    0.1987    0.0171    482.2873   140.7274    1.0037        0.0318
   ab_w[2,2]   -0.0008    0.1014    0.0046    710.1464   329.6329    1.0156        0.0469
      σ_p[1]    0.2225    0.0367    0.0016    403.5626   162.2610    1.0154        0.0266
      σ_p[2]    0.0273    0.0114    0.0010    121.9586   137.9467    1.0417        0.0081
    ρ_p[1,1]    1.0000    0.0000       NaN         NaN        NaN       NaN           NaN
    ρ_p[2,1]    0.4350    0.2723    0.0118    514.4033   409.9817    1.0124        0.0340
    ρ_p[1,2]    0.4350    0.2723    0.0118    514.4033   409.9817    1.0124        0.0340
    ρ_p[2,2]    1.0000    0.0000    0.0000    945.6597   943.4267    1.0009        0.0624
   ab_p[1,1]    0.0763    0.0596    0.0021    809.0845   762.7166    1.0042        0.0534
   ab_p[2,1]   -0.0099    0.0235    0.0011    556.1036   401.2830    1.0108        0.0367
   ab_p[1,2]   -0.0496    0.0550    0.0018    949.5336   634.7843    1.0206        0.0627
   ab_p[2,2]    0.0075    0.0192    0.0007    850.7624   673.1884    1.0060        0.0562
   ab_p[1,3]    0.2545    0.0571    0.0020    855.0342   708.3121    1.0012        0.0564
   ab_p[2,3]    0.0416    0.0291    0.0020    217.6311   607.3300    1.0173        0.0144
   ab_p[1,4]   -0.2060    0.0578    0.0019    908.5338   733.5865    1.0005        0.0600
   ab_p[2,4]   -0.0152    0.0212    0.0007    855.0980   749.0748    1.0043        0.0564
   ab_p[1,5]   -0.1048    0.0563    0.0021    736.3522   561.4822    1.0050        0.0486
   ab_p[2,5]   -0.0115    0.0220    0.0007    926.8726   640.1836    1.0131        0.0612
   ab_p[1,6]    0.6252    0.0569    0.0018    943.4780   815.7952    1.0046        0.0623
   ab_p[2,6]    0.0273    0.0268    0.0009    921.2741   783.2084    1.0006        0.0608
   ab_p[1,7]   -0.1236    0.0571    0.0020    845.2961   541.2352    1.0103        0.0558
   ab_p[2,7]   -0.0063    0.0231    0.0008    889.8726   487.4690    1.0136        0.0587
   ab_p[1,8]    0.0039    0.0558    0.0020    822.4504   776.5331    1.0072        0.0543
   ab_p[2,8]    0.0023    0.0213    0.0007    865.9380   575.2632    1.0135        0.0572
   ab_p[1,9]   -0.0042    0.0571    0.0018   1004.9997   651.2980    1.0042        0.0663
   ab_p[2,9]   -0.0051    0.0231    0.0007   1069.9157   515.1266    1.0158        0.0706
  ab_p[1,10]   -0.1572    0.0551    0.0018    950.8199   686.1245    1.0046        0.0628
  ab_p[2,10]    0.0037    0.0211    0.0009    558.5269   534.7167    1.0124        0.0369
  ab_p[1,11]   -0.3912    0.0582    0.0019    902.7265   772.2258    1.0053        0.0596
  ab_p[2,11]   -0.0230    0.0241    0.0009    782.2617   442.7264    1.0036        0.0516
  ab_p[1,12]    0.0229    0.0575    0.0019    942.0903   661.9951    1.0013        0.0622
  ab_p[2,12]    0.0032    0.0209    0.0008    646.1796   639.8282    1.0109        0.0427
  ab_p[1,13]    0.0432    0.0557    0.0017   1026.1502   715.8144    1.0023        0.0677
  ab_p[2,13]    0.0034    0.0211    0.0007    837.6783   550.0302    1.0157        0.0553
  ab_p[1,14]    0.2255    0.0575    0.0019    952.0153   774.4899    1.0011        0.0628
  ab_p[2,14]    0.0103    0.0213    0.0007    861.8261   586.0074    1.0058        0.0569
  ab_p[1,15]    0.3050    0.0577    0.0019    983.7468   687.4692    1.0094        0.0649
  ab_p[2,15]    0.0133    0.0227    0.0007    947.5309   631.7807    1.0118        0.0625
  ab_p[1,16]   -0.0361    0.0567    0.0018   1005.7261   748.7353    1.0040        0.0664
  ab_p[2,16]    0.0115    0.0226    0.0009    671.6058   633.6405    1.0151        0.0443
  ab_p[1,17]   -0.0978    0.0587    0.0022    734.3319   616.4423    1.0146        0.0485
  ab_p[2,17]   -0.0062    0.0227    0.0007    945.4605   546.0391    1.0049        0.0624
  ab_p[1,18]   -0.0530    0.0564    0.0019    854.1367   766.3941    1.0068        0.0564
  ab_p[2,18]    0.0093    0.0238    0.0008    804.8237   558.5162    1.0154        0.0531
  ab_p[1,19]   -0.0169    0.0565    0.0018    997.9841   834.6241    1.0007        0.0659
  ab_p[2,19]   -0.0011    0.0200    0.0006   1156.2818   782.5584    1.0079        0.0763
  ab_p[1,20]   -0.1769    0.0573    0.0019    893.5838   807.6037    1.0112        0.0590
  ab_p[2,20]   -0.0195    0.0231    0.0009    749.1990   557.6412    1.0045        0.0495
  ab_p[1,21]   -0.3168    0.0566    0.0019    888.4726   794.6265    1.0035        0.0586
  ab_p[2,21]   -0.0417    0.0273    0.0018    233.7420   420.9746    1.0157        0.0154
  ab_p[1,22]    0.0061    0.0555    0.0018    968.7468   794.9532    1.0050        0.0639
  ab_p[2,22]   -0.0080    0.0191    0.0007    784.4663   753.5501    1.0199        0.0518
  ab_p[1,23]    0.1563    0.0582    0.0021    793.0965   615.8279    1.0120        0.0524
  ab_p[2,23]    0.0066    0.0208    0.0006   1146.1298   551.3297    1.0081        0.0757
  ab_p[1,24]   -0.0123    0.0588    0.0019    985.7949   816.3525    1.0152        0.0651
  ab_p[2,24]    0.0010    0.0215    0.0008    674.6663   587.1976    1.0194        0.0445
      σ_e[1]    0.4092    0.5160    0.0326    182.7974   260.3131    1.0139        0.0121
      σ_e[2]    0.3556    0.5268    0.0431    142.7059   180.3978    1.0194        0.0094
    ρ_e[1,1]    1.0000    0.0000       NaN         NaN        NaN       NaN           NaN
    ρ_e[2,1]   -0.0146    0.4479    0.0178    631.9641   607.9835    1.0057        0.0417
    ρ_e[1,2]   -0.0146    0.4479    0.0178    631.9641   607.9835    1.0057        0.0417
    ρ_e[2,2]    1.0000    0.0000    0.0000    768.6037   679.5120    1.0082        0.0507
   ab_e[1,1]   -0.0316    0.1999    0.0172    523.9146   145.6053    1.0100        0.0346
   ab_e[2,1]   -0.0243    0.1022    0.0047    695.9836   328.5863    1.0142        0.0459
           σ    0.9754    0.0051    0.0002    804.5314   593.5939    1.0075        0.0531

Quantiles
  parameters      2.5%     25.0%     50.0%     75.0%     97.5%
      Symbol   Float64   Float64   Float64   Float64   Float64

      σ_w[1]    0.0149    0.0476    0.1101    0.2568    1.0364
      σ_w[2]    0.0049    0.0247    0.0627    0.1604    0.7449
    ρ_w[1,1]    1.0000    1.0000    1.0000    1.0000    1.0000
    ρ_w[2,1]   -0.8130   -0.3220    0.0682    0.4041    0.8201
    ρ_w[1,2]   -0.8130   -0.3220    0.0682    0.4041    0.8201
    ρ_w[2,2]    1.0000    1.0000    1.0000    1.0000    1.0000
   ab_w[1,1]   -0.2360   -0.0112    0.0216    0.0680    0.4771
   ab_w[2,1]   -0.2246   -0.0276   -0.0024    0.0211    0.1621
   ab_w[1,2]   -0.2854   -0.0592   -0.0242    0.0161    0.4236
   ab_w[2,2]   -0.2253   -0.0251   -0.0006    0.0244    0.1649
      σ_p[1]    0.1622    0.1971    0.2180    0.2423    0.3113
      σ_p[2]    0.0075    0.0194    0.0259    0.0338    0.0526
    ρ_p[1,1]    1.0000    1.0000    1.0000    1.0000    1.0000
    ρ_p[2,1]   -0.2004    0.2687    0.4644    0.6250    0.8839
    ρ_p[1,2]   -0.2004    0.2687    0.4644    0.6250    0.8839
    ρ_p[2,2]    1.0000    1.0000    1.0000    1.0000    1.0000
   ab_p[1,1]   -0.0352    0.0367    0.0748    0.1147    0.1915
   ab_p[2,1]   -0.0648   -0.0234   -0.0076    0.0054    0.0319
   ab_p[1,2]   -0.1544   -0.0876   -0.0489   -0.0127    0.0569
   ab_p[2,2]   -0.0270   -0.0044    0.0060    0.0178    0.0481
   ab_p[1,3]    0.1488    0.2164    0.2533    0.2923    0.3702
   ab_p[2,3]   -0.0027    0.0211    0.0375    0.0585    0.1101
   ab_p[1,4]   -0.3184   -0.2423   -0.2072   -0.1667   -0.0892
   ab_p[2,4]   -0.0582   -0.0295   -0.0145   -0.0002    0.0218
   ab_p[1,5]   -0.2224   -0.1422   -0.1038   -0.0667   -0.0017
   ab_p[2,5]   -0.0593   -0.0248   -0.0097    0.0026    0.0292
   ab_p[1,6]    0.5136    0.5867    0.6261    0.6618    0.7379
   ab_p[2,6]   -0.0287    0.0101    0.0280    0.0450    0.0776
   ab_p[1,7]   -0.2368   -0.1605   -0.1252   -0.0873   -0.0114
   ab_p[2,7]   -0.0558   -0.0195   -0.0057    0.0067    0.0416
   ab_p[1,8]   -0.1097   -0.0319    0.0037    0.0396    0.1155
   ab_p[2,8]   -0.0398   -0.0103    0.0020    0.0140    0.0465
   ab_p[1,9]   -0.1097   -0.0413   -0.0058    0.0349    0.1091
   ab_p[2,9]   -0.0535   -0.0174   -0.0046    0.0079    0.0399
  ab_p[1,10]   -0.2653   -0.1930   -0.1580   -0.1222   -0.0438
  ab_p[2,10]   -0.0333   -0.0096    0.0016    0.0156    0.0509
  ab_p[1,11]   -0.5034   -0.4316   -0.3900   -0.3503   -0.2822
  ab_p[2,11]   -0.0710   -0.0378   -0.0230   -0.0073    0.0223
  ab_p[1,12]   -0.0826   -0.0168    0.0224    0.0641    0.1354
  ab_p[2,12]   -0.0383   -0.0094    0.0030    0.0159    0.0469
  ab_p[1,13]   -0.0741    0.0098    0.0438    0.0798    0.1532
  ab_p[2,13]   -0.0377   -0.0086    0.0030    0.0149    0.0484
  ab_p[1,14]    0.1147    0.1854    0.2239    0.2625    0.3449
  ab_p[2,14]   -0.0322   -0.0031    0.0099    0.0234    0.0544
  ab_p[1,15]    0.1981    0.2669    0.3047    0.3412    0.4250
  ab_p[2,15]   -0.0304   -0.0009    0.0124    0.0275    0.0603
  ab_p[1,16]   -0.1450   -0.0750   -0.0356    0.0019    0.0751
  ab_p[2,16]   -0.0293   -0.0035    0.0089    0.0249    0.0617
  ab_p[1,17]   -0.2089   -0.1391   -0.0999   -0.0588    0.0167
  ab_p[2,17]   -0.0552   -0.0193   -0.0053    0.0074    0.0380
  ab_p[1,18]   -0.1632   -0.0898   -0.0534   -0.0119    0.0500
  ab_p[2,18]   -0.0326   -0.0057    0.0060    0.0226    0.0654
  ab_p[1,19]   -0.1297   -0.0539   -0.0167    0.0216    0.0971
  ab_p[2,19]   -0.0433   -0.0118   -0.0003    0.0111    0.0365
  ab_p[1,20]   -0.2819   -0.2151   -0.1808   -0.1372   -0.0640
  ab_p[2,20]   -0.0722   -0.0314   -0.0162   -0.0036    0.0185
  ab_p[1,21]   -0.4298   -0.3549   -0.3161   -0.2788   -0.2070
  ab_p[2,21]   -0.1039   -0.0575   -0.0387   -0.0218    0.0026
  ab_p[1,22]   -0.1066   -0.0304    0.0058    0.0447    0.1115
  ab_p[2,22]   -0.0473   -0.0190   -0.0060    0.0036    0.0284
  ab_p[1,23]    0.0464    0.1163    0.1563    0.1944    0.2687
  ab_p[2,23]   -0.0368   -0.0052    0.0064    0.0191    0.0483
  ab_p[1,24]   -0.1237   -0.0528   -0.0142    0.0268    0.1059
  ab_p[2,24]   -0.0461   -0.0106    0.0008    0.0133    0.0454
      σ_e[1]    0.0127    0.0803    0.2195    0.5678    1.7473
      σ_e[2]    0.0117    0.0737    0.1691    0.3909    1.9701
    ρ_e[1,1]    1.0000    1.0000    1.0000    1.0000    1.0000
    ρ_e[2,1]   -0.7886   -0.3651   -0.0329    0.3334    0.7889
    ρ_e[1,2]   -0.7886   -0.3651   -0.0329    0.3334    0.7889
    ρ_e[2,2]    1.0000    1.0000    1.0000    1.0000    1.0000
   ab_e[1,1]   -0.4456   -0.0541   -0.0095    0.0332    0.2498
   ab_e[2,1]   -0.1981   -0.0501   -0.0223   -0.0006    0.1989
           σ    0.9655    0.9720    0.9755    0.9789    0.9853

