Chains MCMC chain (250×85×4 Array{Float64, 3}):

Iterations        = 126:1:375
Number of chains  = 4
Samples per chain = 250
Wall duration     = 2280.7 seconds
Compute duration  = 8476.34 seconds
parameters        = σ_w[1], σ_w[2], ρ_w[1,1], ρ_w[2,1], ρ_w[1,2], ρ_w[2,2], ab_w[1,1], ab_w[2,1], ab_w[1,2], ab_w[2,2], σ_p[1], σ_p[2], ρ_p[1,1], ρ_p[2,1], ρ_p[1,2], ρ_p[2,2], ab_p[1,1], ab_p[2,1], ab_p[1,2], ab_p[2,2], ab_p[1,3], ab_p[2,3], ab_p[1,4], ab_p[2,4], ab_p[1,5], ab_p[2,5], ab_p[1,6], ab_p[2,6], ab_p[1,7], ab_p[2,7], ab_p[1,8], ab_p[2,8], ab_p[1,9], ab_p[2,9], ab_p[1,10], ab_p[2,10], ab_p[1,11], ab_p[2,11], ab_p[1,12], ab_p[2,12], ab_p[1,13], ab_p[2,13], ab_p[1,14], ab_p[2,14], ab_p[1,15], ab_p[2,15], ab_p[1,16], ab_p[2,16], ab_p[1,17], ab_p[2,17], ab_p[1,18], ab_p[2,18], ab_p[1,19], ab_p[2,19], ab_p[1,20], ab_p[2,20], ab_p[1,21], ab_p[2,21], ab_p[1,22], ab_p[2,22], ab_p[1,23], ab_p[2,23], ab_p[1,24], ab_p[2,24], σ_e[1], σ_e[2], ρ_e[1,1], ρ_e[2,1], ρ_e[1,2], ρ_e[2,2], ab_e[1,1], ab_e[2,1], σ
internals         = lp, n_steps, is_accept, acceptance_rate, log_density, hamiltonian_energy, hamiltonian_energy_error, max_hamiltonian_energy_error, tree_depth, numerical_error, step_size, nom_step_size

Summary Statistics
  parameters      mean       std      mcse    ess_bulk    ess_tail      rhat   ess_per_sec
      Symbol   Float64   Float64   Float64     Float64     Float64   Float64       Float64

      σ_w[1]    0.0979    0.1627    0.0111    160.0070    268.9377    1.0106        0.0189
      σ_w[2]    0.1919    0.3421    0.0280    129.3753    133.3884    1.0103        0.0153
    ρ_w[1,1]    1.0000    0.0000       NaN         NaN         NaN       NaN           NaN
    ρ_w[2,1]    0.0166    0.4676    0.0239    365.1844    287.2535    1.0058        0.0431
    ρ_w[1,2]    0.0166    0.4676    0.0239    365.1844    287.2535    1.0058        0.0431
    ρ_w[2,2]    1.0000    0.0000    0.0000    940.6754    889.5030    0.9985        0.1110
   ab_w[1,1]    0.0007    0.0731    0.0030    785.7088    402.3836    1.0073        0.0927
   ab_w[2,1]   -0.0124    0.1565    0.0085    615.7168    238.8575    1.0045        0.0726
   ab_w[1,2]   -0.0033    0.0732    0.0030    752.1838    380.2638    1.0142        0.0887
   ab_w[2,2]    0.0029    0.1569    0.0086    600.7495    239.2037    1.0024        0.0709
      σ_p[1]    0.1740    0.0275    0.0009    959.3769    587.1709    1.0069        0.1132
      σ_p[2]    0.0202    0.0100    0.0012     80.2855    173.1104    1.0332        0.0095
    ρ_p[1,1]    1.0000    0.0000       NaN         NaN         NaN       NaN           NaN
    ρ_p[2,1]    0.2380    0.3454    0.0131    662.1611    452.7344    1.0081        0.0781
    ρ_p[1,2]    0.2380    0.3454    0.0131    662.1611    452.7344    1.0081        0.0781
    ρ_p[2,2]    1.0000    0.0000    0.0000   1069.9060   1049.6813    1.0039        0.1262
   ab_p[1,1]   -0.1819    0.0481    0.0017    814.0402    619.8703    1.0054        0.0960
   ab_p[2,1]   -0.0118    0.0197    0.0008    750.8777    524.3919    1.0113        0.0886
   ab_p[1,2]    0.1980    0.0493    0.0017    795.5719    652.0632    1.0042        0.0939
   ab_p[2,2]    0.0037    0.0187    0.0006   1026.2761    611.9481    1.0134        0.1211
   ab_p[1,3]    0.1719    0.0465    0.0015    959.5977    878.8520    1.0020        0.1132
   ab_p[2,3]    0.0041    0.0177    0.0005   1142.5097    656.2778    1.0144        0.1348
   ab_p[1,4]    0.0046    0.0467    0.0014   1085.1880    942.3525    1.0027        0.1280
   ab_p[2,4]   -0.0067    0.0185    0.0007    716.8155    479.1085    1.0048        0.0846
   ab_p[1,5]    0.1257    0.0502    0.0016   1001.6502    694.9912    1.0022        0.1182
   ab_p[2,5]    0.0149    0.0189    0.0013    254.9567    348.2108    1.0127        0.0301
   ab_p[1,6]   -0.1456    0.0497    0.0016   1011.9573    609.7524    1.0016        0.1194
   ab_p[2,6]   -0.0148    0.0203    0.0011    367.1916    518.1743    1.0083        0.0433
   ab_p[1,7]   -0.1899    0.0507    0.0016    956.7520    644.6878    0.9999        0.1129
   ab_p[2,7]    0.0010    0.0185    0.0006    977.4708    427.7648    1.0052        0.1153
   ab_p[1,8]   -0.0185    0.0484    0.0016    922.4293    868.4479    1.0105        0.1088
   ab_p[2,8]   -0.0016    0.0171    0.0005   1071.5193    486.8991    1.0134        0.1264
   ab_p[1,9]    0.0642    0.0478    0.0015   1028.6195    630.0894    1.0003        0.1214
   ab_p[2,9]   -0.0017    0.0171    0.0006    825.1213    502.5848    1.0004        0.0973
  ab_p[1,10]   -0.1934    0.0469    0.0016    914.1111    858.3248    1.0042        0.1078
  ab_p[2,10]   -0.0017    0.0198    0.0006    976.3430    538.9403    1.0164        0.1152
  ab_p[1,11]   -0.2258    0.0465    0.0015    970.4394    768.7239    1.0060        0.1145
  ab_p[2,11]   -0.0156    0.0213    0.0010    483.3928    419.3387    1.0143        0.0570
  ab_p[1,12]   -0.1075    0.0485    0.0015    990.5038    800.9167    1.0018        0.1169
  ab_p[2,12]    0.0109    0.0212    0.0011    496.6162    232.2947    1.0092        0.0586
  ab_p[1,13]    0.1623    0.0488    0.0016    886.2388    685.4777    1.0008        0.1046
  ab_p[2,13]    0.0026    0.0176    0.0006   1010.5949    621.3308    1.0016        0.1192
  ab_p[1,14]    0.1590    0.0503    0.0017    920.9235    822.5112    1.0008        0.1086
  ab_p[2,14]    0.0126    0.0200    0.0009    497.6523    408.9830    1.0107        0.0587
  ab_p[1,15]    0.0406    0.0497    0.0017    882.7296    815.4990    1.0005        0.1041
  ab_p[2,15]   -0.0018    0.0179    0.0005   1105.5023    422.2150    1.0057        0.1304
  ab_p[1,16]   -0.2353    0.0477    0.0016    918.5442    806.6905    1.0074        0.1084
  ab_p[2,16]   -0.0113    0.0189    0.0007    879.5297    686.5466    1.0128        0.1038
  ab_p[1,17]   -0.0773    0.0486    0.0017    860.6713    732.1101    1.0058        0.1015
  ab_p[2,17]   -0.0061    0.0172    0.0006    950.7396    600.2871    1.0135        0.1122
  ab_p[1,18]    0.0057    0.0475    0.0016    833.2578    596.8794    1.0060        0.0983
  ab_p[2,18]   -0.0036    0.0165    0.0005   1055.7713    683.1451    1.0130        0.1246
  ab_p[1,19]   -0.2769    0.0505    0.0018    806.8473    653.6297    1.0022        0.0952
  ab_p[2,19]    0.0002    0.0210    0.0008    814.6494    512.5264    1.0005        0.0961
  ab_p[1,20]    0.1258    0.0485    0.0018    767.3458    851.1288    1.0070        0.0905
  ab_p[2,20]   -0.0003    0.0194    0.0007    709.7460    334.5697    1.0211        0.0837
  ab_p[1,21]    0.2762    0.0484    0.0017    815.7669    613.1022    1.0071        0.0962
  ab_p[2,21]    0.0190    0.0220    0.0012    348.9792    471.9352    1.0115        0.0412
  ab_p[1,22]    0.1243    0.0498    0.0018    806.8754    666.7511    1.0019        0.0952
  ab_p[2,22]   -0.0070    0.0197    0.0010    531.2718    391.8079    1.0136        0.0627
  ab_p[1,23]    0.0709    0.0466    0.0017    757.1921    521.6083    0.9995        0.0893
  ab_p[2,23]    0.0018    0.0168    0.0005    945.2405    618.7637    1.0023        0.1115
  ab_p[1,24]    0.1196    0.0513    0.0018    800.4471    855.4887    1.0037        0.0944
  ab_p[2,24]    0.0110    0.0188    0.0008    617.0705    584.4100    1.0075        0.0728
      σ_e[1]    0.2785    0.4093    0.0240    174.8876    284.3130    1.0326        0.0206
      σ_e[2]    0.3693    0.4892    0.0317    150.4243    117.3696    1.0150        0.0177
    ρ_e[1,1]    1.0000    0.0000       NaN         NaN         NaN       NaN           NaN
    ρ_e[2,1]    0.0067    0.4554    0.0188    566.4458    421.8724    1.0181        0.0668
    ρ_e[1,2]    0.0067    0.4554    0.0188    566.4458    421.8724    1.0181        0.0668
    ρ_e[2,2]    1.0000    0.0000    0.0000    989.1571    894.5732    1.0003        0.1167
   ab_e[1,1]    0.0065    0.0752    0.0031    742.4917    432.0061    1.0122        0.0876
   ab_e[2,1]   -0.0368    0.1569    0.0085    607.0940    236.9083    1.0047        0.0716
           σ    0.9819    0.0057    0.0002    942.1262    669.0411    1.0108        0.1111

Quantiles
  parameters      2.5%     25.0%     50.0%     75.0%     97.5%
      Symbol   Float64   Float64   Float64   Float64   Float64

      σ_w[1]    0.0068    0.0201    0.0443    0.1025    0.5509
      σ_w[2]    0.0064    0.0326    0.0758    0.2008    1.1622
    ρ_w[1,1]    1.0000    1.0000    1.0000    1.0000    1.0000
    ρ_w[2,1]   -0.8545   -0.3417    0.0112    0.3593    0.8379
    ρ_w[1,2]   -0.8545   -0.3417    0.0112    0.3593    0.8379
    ρ_w[2,2]    1.0000    1.0000    1.0000    1.0000    1.0000
   ab_w[1,1]   -0.1349   -0.0151    0.0014    0.0191    0.1359
   ab_w[2,1]   -0.3038   -0.0535   -0.0114    0.0120    0.2960
   ab_w[1,2]   -0.1550   -0.0204   -0.0008    0.0163    0.1209
   ab_w[2,2]   -0.2866   -0.0369   -0.0019    0.0234    0.2899
      σ_p[1]    0.1272    0.1555    0.1715    0.1912    0.2391
      σ_p[2]    0.0059    0.0121    0.0190    0.0259    0.0423
    ρ_p[1,1]    1.0000    1.0000    1.0000    1.0000    1.0000
    ρ_p[2,1]   -0.4429   -0.0164    0.2857    0.5040    0.8080
    ρ_p[1,2]   -0.4429   -0.0164    0.2857    0.5040    0.8080
    ρ_p[2,2]    1.0000    1.0000    1.0000    1.0000    1.0000
   ab_p[1,1]   -0.2776   -0.2120   -0.1816   -0.1489   -0.0892
   ab_p[2,1]   -0.0566   -0.0227   -0.0093    0.0012    0.0227
   ab_p[1,2]    0.1018    0.1651    0.1976    0.2313    0.2951
   ab_p[2,2]   -0.0357   -0.0071    0.0036    0.0143    0.0422
   ab_p[1,3]    0.0830    0.1403    0.1711    0.2010    0.2686
   ab_p[2,3]   -0.0340   -0.0057    0.0040    0.0141    0.0403
   ab_p[1,4]   -0.0833   -0.0271    0.0050    0.0354    0.0930
   ab_p[2,4]   -0.0493   -0.0154   -0.0052    0.0044    0.0260
   ab_p[1,5]    0.0307    0.0896    0.1251    0.1604    0.2189
   ab_p[2,5]   -0.0123    0.0014    0.0116    0.0244    0.0607
   ab_p[1,6]   -0.2443   -0.1790   -0.1447   -0.1129   -0.0496
   ab_p[2,6]   -0.0653   -0.0253   -0.0116   -0.0016    0.0179
   ab_p[1,7]   -0.2914   -0.2239   -0.1888   -0.1572   -0.0885
   ab_p[2,7]   -0.0349   -0.0101   -0.0003    0.0109    0.0420
   ab_p[1,8]   -0.1164   -0.0507   -0.0160    0.0116    0.0773
   ab_p[2,8]   -0.0350   -0.0113   -0.0014    0.0078    0.0322
   ab_p[1,9]   -0.0326    0.0321    0.0653    0.0972    0.1552
   ab_p[2,9]   -0.0382   -0.0110   -0.0013    0.0081    0.0332
  ab_p[1,10]   -0.2868   -0.2246   -0.1929   -0.1629   -0.0997
  ab_p[2,10]   -0.0409   -0.0124   -0.0020    0.0087    0.0394
  ab_p[1,11]   -0.3208   -0.2554   -0.2246   -0.1958   -0.1343
  ab_p[2,11]   -0.0637   -0.0273   -0.0129   -0.0018    0.0228
  ab_p[1,12]   -0.2028   -0.1406   -0.1080   -0.0733   -0.0169
  ab_p[2,12]   -0.0243   -0.0031    0.0078    0.0214    0.0633
  ab_p[1,13]    0.0720    0.1275    0.1604    0.1953    0.2519
  ab_p[2,13]   -0.0337   -0.0074    0.0022    0.0134    0.0387
  ab_p[1,14]    0.0651    0.1246    0.1571    0.1933    0.2557
  ab_p[2,14]   -0.0209    0.0006    0.0100    0.0234    0.0565
  ab_p[1,15]   -0.0530    0.0059    0.0389    0.0763    0.1368
  ab_p[2,15]   -0.0406   -0.0108   -0.0005    0.0075    0.0358
  ab_p[1,16]   -0.3264   -0.2642   -0.2335   -0.2039   -0.1415
  ab_p[2,16]   -0.0532   -0.0228   -0.0096    0.0012    0.0222
  ab_p[1,17]   -0.1735   -0.1095   -0.0795   -0.0429    0.0159
  ab_p[2,17]   -0.0471   -0.0148   -0.0048    0.0037    0.0274
  ab_p[1,18]   -0.0876   -0.0267    0.0057    0.0386    0.0971
  ab_p[2,18]   -0.0407   -0.0115   -0.0026    0.0058    0.0261
  ab_p[1,19]   -0.3756   -0.3109   -0.2774   -0.2406   -0.1851
  ab_p[2,19]   -0.0401   -0.0125   -0.0016    0.0114    0.0481
  ab_p[1,20]    0.0296    0.0933    0.1262    0.1580    0.2199
  ab_p[2,20]   -0.0409   -0.0102   -0.0002    0.0106    0.0398
  ab_p[1,21]    0.1833    0.2451    0.2752    0.3065    0.3739
  ab_p[2,21]   -0.0140    0.0042    0.0149    0.0314    0.0694
  ab_p[1,22]    0.0179    0.0921    0.1243    0.1599    0.2209
  ab_p[2,22]   -0.0549   -0.0153   -0.0040    0.0046    0.0242
  ab_p[1,23]   -0.0186    0.0382    0.0712    0.1024    0.1627
  ab_p[2,23]   -0.0294   -0.0085    0.0010    0.0119    0.0366
  ab_p[1,24]    0.0201    0.0859    0.1200    0.1537    0.2147
  ab_p[2,24]   -0.0220   -0.0018    0.0080    0.0219    0.0542
      σ_e[1]    0.0084    0.0397    0.1188    0.3595    1.3223
      σ_e[2]    0.0096    0.0806    0.2035    0.4531    1.9720
    ρ_e[1,1]    1.0000    1.0000    1.0000    1.0000    1.0000
    ρ_e[2,1]   -0.8206   -0.3385    0.0203    0.3355    0.8457
    ρ_e[1,2]   -0.8206   -0.3385    0.0203    0.3355    0.8457
    ρ_e[2,2]    1.0000    1.0000    1.0000    1.0000    1.0000
   ab_e[1,1]   -0.1192   -0.0203    0.0019    0.0290    0.1691
   ab_e[2,1]   -0.3195   -0.0620   -0.0305    0.0004    0.2614
           σ    0.9710    0.9780    0.9820    0.9854    0.9935

