Running on host compute520.bc4.acrc.priv
Time is Tue Dec 5 15:47:08 GMT 2023
Directory is /user/home/em18564/BC4/Bayes/experiments/pNP_noCov
Slurm job ID is 12148464
This job runs on the following machines:
compute520
    Updating registry at `~/.julia/registries/General.toml`
   Resolving package versions...
  No Changes to `~/.julia/environments/v1.8/Project.toml`
  No Changes to `~/.julia/environments/v1.8/Manifest.toml`
   Resolving package versions...
  No Changes to `~/.julia/environments/v1.8/Project.toml`
  No Changes to `~/.julia/environments/v1.8/Manifest.toml`
   Resolving package versions...
  No Changes to `~/.julia/environments/v1.8/Project.toml`
  No Changes to `~/.julia/environments/v1.8/Manifest.toml`
   Resolving package versions...
  No Changes to `~/.julia/environments/v1.8/Project.toml`
  No Changes to `~/.julia/environments/v1.8/Manifest.toml`
   Resolving package versions...
  No Changes to `~/.julia/environments/v1.8/Project.toml`
  No Changes to `~/.julia/environments/v1.8/Manifest.toml`
   Resolving package versions...
  No Changes to `~/.julia/environments/v1.8/Project.toml`
  No Changes to `~/.julia/environments/v1.8/Manifest.toml`
   Resolving package versions...
  No Changes to `~/.julia/environments/v1.8/Project.toml`
  No Changes to `~/.julia/environments/v1.8/Manifest.toml`
   Resolving package versions...
  No Changes to `~/.julia/environments/v1.8/Project.toml`
  No Changes to `~/.julia/environments/v1.8/Manifest.toml`
   Resolving package versions...
  No Changes to `~/.julia/environments/v1.8/Project.toml`
  No Changes to `~/.julia/environments/v1.8/Manifest.toml`
   Resolving package versions...
  No Changes to `~/.julia/environments/v1.8/Project.toml`
  No Changes to `~/.julia/environments/v1.8/Manifest.toml`
   Resolving package versions...
  No Changes to `~/.julia/environments/v1.8/Project.toml`
  No Changes to `~/.julia/environments/v1.8/Manifest.toml`
   Resolving package versions...
  No Changes to `~/.julia/environments/v1.8/Project.toml`
  No Changes to `~/.julia/environments/v1.8/Manifest.toml`
   Resolving package versions...
  No Changes to `~/.julia/environments/v1.8/Project.toml`
  No Changes to `~/.julia/environments/v1.8/Manifest.toml`
   Resolving package versions...
  No Changes to `~/.julia/environments/v1.8/Project.toml`
  No Changes to `~/.julia/environments/v1.8/Manifest.toml`
   Resolving package versions...
  No Changes to `~/.julia/environments/v1.8/Project.toml`
  No Changes to `~/.julia/environments/v1.8/Manifest.toml`
    Updating registry at `~/.julia/registries/General.toml`
   Resolving package versions...
  No Changes to `~/.julia/environments/v1.8/Project.toml`
  No Changes to `~/.julia/environments/v1.8/Manifest.toml`
   Resolving package versions...
  No Changes to `~/.julia/environments/v1.8/Project.toml`
  No Changes to `~/.julia/environments/v1.8/Manifest.toml`
   Resolving package versions...
  No Changes to `~/.julia/environments/v1.8/Project.toml`
  No Changes to `~/.julia/environments/v1.8/Manifest.toml`
   Resolving package versions...
  No Changes to `~/.julia/environments/v1.8/Project.toml`
  No Changes to `~/.julia/environments/v1.8/Manifest.toml`
   Resolving package versions...
  No Changes to `~/.julia/environments/v1.8/Project.toml`
  No Changes to `~/.julia/environments/v1.8/Manifest.toml`
   Resolving package versions...
  No Changes to `~/.julia/environments/v1.8/Project.toml`
  No Changes to `~/.julia/environments/v1.8/Manifest.toml`
   Resolving package versions...
  No Changes to `~/.julia/environments/v1.8/Project.toml`
  No Changes to `~/.julia/environments/v1.8/Manifest.toml`
   Resolving package versions...
  No Changes to `~/.julia/environments/v1.8/Project.toml`
  No Changes to `~/.julia/environments/v1.8/Manifest.toml`
   Resolving package versions...
  No Changes to `~/.julia/environments/v1.8/Project.toml`
  No Changes to `~/.julia/environments/v1.8/Manifest.toml`
   Resolving package versions...
  No Changes to `~/.julia/environments/v1.8/Project.toml`
  No Changes to `~/.julia/environments/v1.8/Manifest.toml`
   Resolving package versions...
  No Changes to `~/.julia/environments/v1.8/Project.toml`
  No Changes to `~/.julia/environments/v1.8/Manifest.toml`
   Resolving package versions...
  No Changes to `~/.julia/environments/v1.8/Project.toml`
  No Changes to `~/.julia/environments/v1.8/Manifest.toml`
   Resolving package versions...
  No Changes to `~/.julia/environments/v1.8/Project.toml`
  No Changes to `~/.julia/environments/v1.8/Manifest.toml`
Sampling (4 threads)   0%|                              |  ETA: N/A
┌ Info: Found initial step size
└   ϵ = 0.001513671875
┌ Info: Found initial step size
└   ϵ = 0.00078125
┌ Info: Found initial step size
└   ϵ = 0.0125
┌ Info: Found initial step size
└   ϵ = 0.00078125
Sampling (4 threads)  25%|███████▌                      |  ETA: 3:47:42
Sampling (4 threads)  50%|███████████████               |  ETA: 1:15:54
Sampling (4 threads)  75%|██████████████████████▌       |  ETA: 0:25:18
Sampling (4 threads) 100%|██████████████████████████████| Time: 1:15:53
Sampling (4 threads) 100%|██████████████████████████████| Time: 1:15:54
Chains MCMC chain (250×67×4 Array{Float64, 3}):

Iterations        = 126:1:375
Number of chains  = 4
Samples per chain = 250
Wall duration     = 4536.41 seconds
Compute duration  = 10153.52 seconds
parameters        = a_w_s[1], a_w_s[2], b_w_s[1], b_w_s[2], a_p_s[1], a_p_s[2], a_p_s[3], a_p_s[4], a_p_s[5], a_p_s[6], a_p_s[7], a_p_s[8], a_p_s[9], a_p_s[10], a_p_s[11], a_p_s[12], a_p_s[13], a_p_s[14], a_p_s[15], a_p_s[16], a_p_s[17], a_p_s[18], a_p_s[19], a_p_s[20], a_p_s[21], a_p_s[22], a_p_s[23], a_p_s[24], b_p_s[1], b_p_s[2], b_p_s[3], b_p_s[4], b_p_s[5], b_p_s[6], b_p_s[7], b_p_s[8], b_p_s[9], b_p_s[10], b_p_s[11], b_p_s[12], b_p_s[13], b_p_s[14], b_p_s[15], b_p_s[16], b_p_s[17], b_p_s[18], b_p_s[19], b_p_s[20], b_p_s[21], b_p_s[22], b_p_s[23], b_p_s[24], a_e, b_e, σ
internals         = lp, n_steps, is_accept, acceptance_rate, log_density, hamiltonian_energy, hamiltonian_energy_error, max_hamiltonian_energy_error, tree_depth, numerical_error, step_size, nom_step_size

Summary Statistics
  parameters      mean       std   naive_se      mcse         ess      rhat   ess_per_sec
      Symbol   Float64   Float64    Float64   Float64     Float64   Float64       Float64

    a_w_s[1]    0.6216    0.6307     0.0199    0.0890     21.8059    1.1691        0.0021
    a_w_s[2]    0.2872    0.6309     0.0200    0.0893     21.3135    1.1715        0.0021
    b_w_s[1]   -0.0518    0.2532     0.0080    0.0202    149.2112    1.0161        0.0147
    b_w_s[2]    0.1797    0.2549     0.0081    0.0203    151.9615    1.0169        0.0150
    a_p_s[1]   -0.7897    0.2364     0.0075    0.0297     14.9716    1.1905        0.0015
    a_p_s[2]    0.2441    0.2364     0.0075    0.0296     14.7212    1.1937        0.0014
    a_p_s[3]   -0.6279    0.2373     0.0075    0.0297     15.2090    1.1904        0.0015
    a_p_s[4]    0.5492    0.2339     0.0074    0.0295     14.1027    1.2045        0.0014
    a_p_s[5]   -0.1444    0.2316     0.0073    0.0296     14.6800    1.1943        0.0014
    a_p_s[6]   -1.2377    0.2434     0.0077    0.0308     14.6737    1.1988        0.0014
    a_p_s[7]    0.0530    0.2358     0.0075    0.0298     14.5285    1.1960        0.0014
    a_p_s[8]    0.6327    0.2363     0.0075    0.0295     15.0599    1.1905        0.0015
    a_p_s[9]   -0.5704    0.2369     0.0075    0.0299     15.2732    1.1878        0.0015
   a_p_s[10]   -0.4281    0.2448     0.0077    0.0308     14.4140    1.2062        0.0014
   a_p_s[11]    0.1642    0.2356     0.0075    0.0298     14.4740    1.1957        0.0014
   a_p_s[12]   -0.1363    0.2352     0.0074    0.0296     15.0667    1.1894        0.0015
   a_p_s[13]    0.2228    0.2376     0.0075    0.0302     14.4727    1.1972        0.0014
   a_p_s[14]    0.1374    0.2349     0.0074    0.0295     15.3081    1.1850        0.0015
   a_p_s[15]   -0.3613    0.2363     0.0075    0.0301     14.5680    1.1958        0.0014
   a_p_s[16]   -0.1280    0.2343     0.0074    0.0296     15.3064    1.1870        0.0015
   a_p_s[17]   -0.2389    0.2383     0.0075    0.0298     15.2479    1.1877        0.0015
   a_p_s[18]   -0.4325    0.2372     0.0075    0.0301     15.5208    1.1843        0.0015
   a_p_s[19]    0.2974    0.2347     0.0074    0.0294     14.7421    1.1933        0.0015
   a_p_s[20]    0.1165    0.2316     0.0073    0.0295     13.6278    1.2113        0.0013
   a_p_s[21]    1.1390    0.2391     0.0076    0.0299     15.4943    1.1817        0.0015
   a_p_s[22]   -0.1708    0.2388     0.0076    0.0305     14.9972    1.1935        0.0015
   a_p_s[23]   -0.3145    0.2371     0.0075    0.0292     15.2814    1.1840        0.0015
   a_p_s[24]    0.0954    0.2339     0.0074    0.0298     14.5189    1.1956        0.0014
    b_p_s[1]    0.0895    0.1410     0.0045    0.0091    208.0138    1.0206        0.0205
    b_p_s[2]    0.5782    0.1470     0.0046    0.0082    248.1058    1.0117        0.0244
    b_p_s[3]    0.0448    0.1433     0.0045    0.0077    261.4782    1.0098        0.0258
    b_p_s[4]   -0.1844    0.1425     0.0045    0.0085    241.7687    1.0135        0.0238
    b_p_s[5]    0.0107    0.1458     0.0046    0.0085    230.4170    1.0116        0.0227
    b_p_s[6]    0.4250    0.1536     0.0049    0.0081    283.0595    1.0164        0.0279
    b_p_s[7]   -0.0175    0.1485     0.0047    0.0088    234.3457    1.0165        0.0231
    b_p_s[8]    0.1101    0.1450     0.0046    0.0082    263.8801    1.0181        0.0260
    b_p_s[9]   -0.2638    0.1523     0.0048    0.0084    272.7017    1.0147        0.0269
   b_p_s[10]   -0.5009    0.1454     0.0046    0.0087    248.4824    1.0151        0.0245
   b_p_s[11]   -0.8389    0.1445     0.0046    0.0082    266.0737    1.0173        0.0262
   b_p_s[12]   -0.3863    0.1464     0.0046    0.0085    249.8292    1.0134        0.0246
   b_p_s[13]    0.0438    0.1457     0.0046    0.0088    233.1700    1.0147        0.0230
   b_p_s[14]    0.1335    0.1528     0.0048    0.0100    205.6518    1.0265        0.0203
   b_p_s[15]    0.4024    0.1501     0.0047    0.0088    247.5232    1.0168        0.0244
   b_p_s[16]    0.1237    0.1458     0.0046    0.0094    203.8297    1.0234        0.0201
   b_p_s[17]    0.2538    0.1389     0.0044    0.0086    234.9814    1.0224        0.0231
   b_p_s[18]   -0.2460    0.1425     0.0045    0.0081    241.3370    1.0131        0.0238
   b_p_s[19]   -0.3131    0.1514     0.0048    0.0080    261.7746    1.0091        0.0258
   b_p_s[20]   -0.2727    0.1424     0.0045    0.0077    256.5672    1.0089        0.0253
   b_p_s[21]    0.1892    0.1484     0.0047    0.0082    251.0362    1.0108        0.0247
   b_p_s[22]    0.2752    0.1450     0.0046    0.0088    245.5252    1.0170        0.0242
   b_p_s[23]    0.3016    0.1416     0.0045    0.0086    234.6274    1.0160        0.0231
   b_p_s[24]    0.0732    0.1428     0.0045    0.0081    264.0295    1.0126        0.0260
         a_e    0.1734    0.6387     0.0202    0.0874     19.6500    1.1782        0.0019
         b_e    0.0577    0.2806     0.0089    0.0234    134.6177    1.0119        0.0133
           σ    4.7139    0.0164     0.0005    0.0004   1108.5813    0.9986        0.1092

Quantiles
  parameters      2.5%     25.0%     50.0%     75.0%     97.5%
      Symbol   Float64   Float64   Float64   Float64   Float64

    a_w_s[1]   -0.8026    0.2051    0.7275    1.0655    1.6488
    a_w_s[2]   -1.1285   -0.1143    0.4050    0.7183    1.3028
    b_w_s[1]   -0.5300   -0.2220   -0.0649    0.1088    0.4710
    b_w_s[2]   -0.2940    0.0140    0.1636    0.3484    0.7041
    a_p_s[1]   -1.2703   -0.9392   -0.7926   -0.6380   -0.3264
    a_p_s[2]   -0.2286    0.0928    0.2433    0.4003    0.7237
    a_p_s[3]   -1.0904   -0.7895   -0.6278   -0.4770   -0.1121
    a_p_s[4]    0.0921    0.3988    0.5429    0.7080    1.0135
    a_p_s[5]   -0.5943   -0.2988   -0.1493    0.0139    0.3020
    a_p_s[6]   -1.7191   -1.3931   -1.2375   -1.0817   -0.7606
    a_p_s[7]   -0.4121   -0.1014    0.0549    0.2080    0.5419
    a_p_s[8]    0.1789    0.4757    0.6323    0.7881    1.1162
    a_p_s[9]   -1.0328   -0.7343   -0.5721   -0.4115   -0.1111
   a_p_s[10]   -0.8828   -0.5949   -0.4320   -0.2719    0.0672
   a_p_s[11]   -0.2926   -0.0002    0.1585    0.3259    0.6444
   a_p_s[12]   -0.5865   -0.2953   -0.1380    0.0172    0.3478
   a_p_s[13]   -0.2482    0.0710    0.2178    0.3831    0.7062
   a_p_s[14]   -0.3103   -0.0145    0.1180    0.2918    0.6265
   a_p_s[15]   -0.8276   -0.5067   -0.3637   -0.2042    0.1187
   a_p_s[16]   -0.5762   -0.2842   -0.1224    0.0221    0.3269
   a_p_s[17]   -0.7041   -0.3919   -0.2476   -0.0804    0.2478
   a_p_s[18]   -0.8960   -0.5864   -0.4373   -0.2838    0.0735
   a_p_s[19]   -0.1375    0.1331    0.2920    0.4529    0.7935
   a_p_s[20]   -0.3387   -0.0305    0.1133    0.2629    0.5873
   a_p_s[21]    0.6731    0.9808    1.1477    1.2910    1.6342
   a_p_s[22]   -0.6279   -0.3320   -0.1753   -0.0186    0.3243
   a_p_s[23]   -0.7769   -0.4816   -0.3256   -0.1672    0.1580
   a_p_s[24]   -0.3237   -0.0564    0.0898    0.2465    0.6160
    b_p_s[1]   -0.1947   -0.0032    0.0886    0.1823    0.3792
    b_p_s[2]    0.2641    0.4855    0.5809    0.6749    0.8659
    b_p_s[3]   -0.2378   -0.0499    0.0429    0.1427    0.3229
    b_p_s[4]   -0.4832   -0.2727   -0.1816   -0.0937    0.0928
    b_p_s[5]   -0.2763   -0.0827    0.0109    0.1087    0.2887
    b_p_s[6]    0.1228    0.3205    0.4248    0.5239    0.7388
    b_p_s[7]   -0.3198   -0.1204   -0.0134    0.0830    0.2580
    b_p_s[8]   -0.1700    0.0112    0.1107    0.2053    0.4037
    b_p_s[9]   -0.5754   -0.3609   -0.2625   -0.1591    0.0239
   b_p_s[10]   -0.7781   -0.5982   -0.5033   -0.4092   -0.1936
   b_p_s[11]   -1.1270   -0.9369   -0.8417   -0.7433   -0.5605
   b_p_s[12]   -0.6627   -0.4856   -0.3854   -0.2876   -0.0982
   b_p_s[13]   -0.2447   -0.0501    0.0444    0.1443    0.3274
   b_p_s[14]   -0.1637    0.0346    0.1345    0.2359    0.4351
   b_p_s[15]    0.1145    0.3041    0.4066    0.4967    0.7042
   b_p_s[16]   -0.1647    0.0306    0.1258    0.2196    0.4040
   b_p_s[17]   -0.0311    0.1642    0.2582    0.3460    0.5227
   b_p_s[18]   -0.5241   -0.3421   -0.2422   -0.1527    0.0389
   b_p_s[19]   -0.6011   -0.4149   -0.3120   -0.2155   -0.0094
   b_p_s[20]   -0.5501   -0.3686   -0.2702   -0.1818   -0.0019
   b_p_s[21]   -0.1008    0.0865    0.1913    0.2931    0.4692
   b_p_s[22]   -0.0098    0.1811    0.2801    0.3704    0.5717
   b_p_s[23]    0.0084    0.2048    0.3061    0.4019    0.5615
   b_p_s[24]   -0.1964   -0.0224    0.0678    0.1667    0.3635
         a_e   -0.9711   -0.2610    0.1349    0.6350    1.4078
         b_e   -0.4956   -0.1291    0.0705    0.2587    0.5760
           σ    4.6797    4.7034    4.7142    4.7256    4.7451

