Running on host compute517.bc4.acrc.priv
Time is Tue Dec 12 16:52:06 GMT 2023
Directory is /user/home/em18564/BC4/Bayes/experiments/PNP_cov
Slurm job ID is 12151615
This job runs on the following machines:
compute517
    Updating registry at `~/.julia/registries/General.toml`
┌ Error: Some registries failed to update:
│     — /user/home/em18564/.julia/registries/General.toml — failed to download from https://pkg.julialang.org/registry/23338594-aafe-5451-b93e-139f81909106/aa8c9aae9ef8a7b02c582efd719c7965e18733e2. Exception: HTTP/2 200 (Operation too slow. Less than 1 bytes/sec transferred the last 20 seconds) while requesting https://pkg.julialang.org/registry/23338594-aafe-5451-b93e-139f81909106/aa8c9aae9ef8a7b02c582efd719c7965e18733e2
└ @ Pkg.Registry /cache/build/default-amdci4-2/julialang/julia-release-1-dot-8/usr/share/julia/stdlib/v1.8/Pkg/src/Registry/Registry.jl:449
   Resolving package versions...
  No Changes to `~/.julia/environments/v1.8/Project.toml`
  No Changes to `~/.julia/environments/v1.8/Manifest.toml`
   Resolving package versions...
  No Changes to `~/.julia/environments/v1.8/Project.toml`
  No Changes to `~/.julia/environments/v1.8/Manifest.toml`
   Resolving package versions...
  No Changes to `~/.julia/environments/v1.8/Project.toml`
  No Changes to `~/.julia/environments/v1.8/Manifest.toml`
   Resolving package versions...
  No Changes to `~/.julia/environments/v1.8/Project.toml`
  No Changes to `~/.julia/environments/v1.8/Manifest.toml`
   Resolving package versions...
  No Changes to `~/.julia/environments/v1.8/Project.toml`
  No Changes to `~/.julia/environments/v1.8/Manifest.toml`
   Resolving package versions...
  No Changes to `~/.julia/environments/v1.8/Project.toml`
  No Changes to `~/.julia/environments/v1.8/Manifest.toml`
   Resolving package versions...
  No Changes to `~/.julia/environments/v1.8/Project.toml`
  No Changes to `~/.julia/environments/v1.8/Manifest.toml`
   Resolving package versions...
  No Changes to `~/.julia/environments/v1.8/Project.toml`
  No Changes to `~/.julia/environments/v1.8/Manifest.toml`
   Resolving package versions...
  No Changes to `~/.julia/environments/v1.8/Project.toml`
  No Changes to `~/.julia/environments/v1.8/Manifest.toml`
   Resolving package versions...
  No Changes to `~/.julia/environments/v1.8/Project.toml`
  No Changes to `~/.julia/environments/v1.8/Manifest.toml`
   Resolving package versions...
  No Changes to `~/.julia/environments/v1.8/Project.toml`
  No Changes to `~/.julia/environments/v1.8/Manifest.toml`
   Resolving package versions...
  No Changes to `~/.julia/environments/v1.8/Project.toml`
  No Changes to `~/.julia/environments/v1.8/Manifest.toml`
   Resolving package versions...
  No Changes to `~/.julia/environments/v1.8/Project.toml`
  No Changes to `~/.julia/environments/v1.8/Manifest.toml`
   Resolving package versions...
  No Changes to `~/.julia/environments/v1.8/Project.toml`
  No Changes to `~/.julia/environments/v1.8/Manifest.toml`
   Resolving package versions...
  No Changes to `~/.julia/environments/v1.8/Project.toml`
  No Changes to `~/.julia/environments/v1.8/Manifest.toml`
    Updating registry at `~/.julia/registries/General.toml`
┌ Error: Some registries failed to update:
│     — /user/home/em18564/.julia/registries/General.toml — failed to download from https://pkg.julialang.org/registry/23338594-aafe-5451-b93e-139f81909106/aa8c9aae9ef8a7b02c582efd719c7965e18733e2. Exception: HTTP/2 200 (Operation too slow. Less than 1 bytes/sec transferred the last 20 seconds) while requesting https://pkg.julialang.org/registry/23338594-aafe-5451-b93e-139f81909106/aa8c9aae9ef8a7b02c582efd719c7965e18733e2
└ @ Pkg.Registry /cache/build/default-amdci4-2/julialang/julia-release-1-dot-8/usr/share/julia/stdlib/v1.8/Pkg/src/Registry/Registry.jl:449
   Resolving package versions...
  No Changes to `~/.julia/environments/v1.8/Project.toml`
    Updating `~/.julia/environments/v1.8/Manifest.toml`
⌃ [b53b4c65] ↑ libpng_jll v1.6.38+0 ⇒ v1.6.38+1
        Info Packages marked with ⌃ have new versions available and may be upgradable.
   Resolving package versions...
  No Changes to `~/.julia/environments/v1.8/Project.toml`
  No Changes to `~/.julia/environments/v1.8/Manifest.toml`
   Resolving package versions...
  No Changes to `~/.julia/environments/v1.8/Project.toml`
  No Changes to `~/.julia/environments/v1.8/Manifest.toml`
   Resolving package versions...
  No Changes to `~/.julia/environments/v1.8/Project.toml`
  No Changes to `~/.julia/environments/v1.8/Manifest.toml`
   Resolving package versions...
  No Changes to `~/.julia/environments/v1.8/Project.toml`
  No Changes to `~/.julia/environments/v1.8/Manifest.toml`
   Resolving package versions...
  No Changes to `~/.julia/environments/v1.8/Project.toml`
  No Changes to `~/.julia/environments/v1.8/Manifest.toml`
   Resolving package versions...
  No Changes to `~/.julia/environments/v1.8/Project.toml`
  No Changes to `~/.julia/environments/v1.8/Manifest.toml`
   Resolving package versions...
  No Changes to `~/.julia/environments/v1.8/Project.toml`
  No Changes to `~/.julia/environments/v1.8/Manifest.toml`
   Resolving package versions...
  No Changes to `~/.julia/environments/v1.8/Project.toml`
  No Changes to `~/.julia/environments/v1.8/Manifest.toml`
   Resolving package versions...
  No Changes to `~/.julia/environments/v1.8/Project.toml`
  No Changes to `~/.julia/environments/v1.8/Manifest.toml`
   Resolving package versions...
  No Changes to `~/.julia/environments/v1.8/Project.toml`
  No Changes to `~/.julia/environments/v1.8/Manifest.toml`
   Resolving package versions...
  No Changes to `~/.julia/environments/v1.8/Project.toml`
  No Changes to `~/.julia/environments/v1.8/Manifest.toml`
   Resolving package versions...
  No Changes to `~/.julia/environments/v1.8/Project.toml`
  No Changes to `~/.julia/environments/v1.8/Manifest.toml`
Sampling (4 threads)   0%|                              |  ETA: N/A
┌ Info: Found initial step size
└   ϵ = 0.00078125
┌ Info: Found initial step size
└   ϵ = 0.00078125
┌ Info: Found initial step size
└   ϵ = 0.00078125
┌ Info: Found initial step size
└   ϵ = 0.00078125
Sampling (4 threads)  25%|███████▌                      |  ETA: 14:34:04
Sampling (4 threads)  50%|███████████████               |  ETA: 4:51:21
Sampling (4 threads)  75%|██████████████████████▌       |  ETA: 1:37:07
Sampling (4 threads) 100%|██████████████████████████████| Time: 5:38:08
Sampling (4 threads) 100%|██████████████████████████████| Time: 5:38:08
Chains MCMC chain (250×85×4 Array{Float64, 3}):

Iterations        = 126:1:375
Number of chains  = 4
Samples per chain = 250
Wall duration     = 20268.2 seconds
Compute duration  = 67199.04 seconds
parameters        = σ_w[1], σ_w[2], ρ_w[1,1], ρ_w[2,1], ρ_w[1,2], ρ_w[2,2], ab_w[1,1], ab_w[2,1], ab_w[1,2], ab_w[2,2], σ_p[1], σ_p[2], ρ_p[1,1], ρ_p[2,1], ρ_p[1,2], ρ_p[2,2], ab_p[1,1], ab_p[2,1], ab_p[1,2], ab_p[2,2], ab_p[1,3], ab_p[2,3], ab_p[1,4], ab_p[2,4], ab_p[1,5], ab_p[2,5], ab_p[1,6], ab_p[2,6], ab_p[1,7], ab_p[2,7], ab_p[1,8], ab_p[2,8], ab_p[1,9], ab_p[2,9], ab_p[1,10], ab_p[2,10], ab_p[1,11], ab_p[2,11], ab_p[1,12], ab_p[2,12], ab_p[1,13], ab_p[2,13], ab_p[1,14], ab_p[2,14], ab_p[1,15], ab_p[2,15], ab_p[1,16], ab_p[2,16], ab_p[1,17], ab_p[2,17], ab_p[1,18], ab_p[2,18], ab_p[1,19], ab_p[2,19], ab_p[1,20], ab_p[2,20], ab_p[1,21], ab_p[2,21], ab_p[1,22], ab_p[2,22], ab_p[1,23], ab_p[2,23], ab_p[1,24], ab_p[2,24], σ_e[1], σ_e[2], ρ_e[1,1], ρ_e[2,1], ρ_e[1,2], ρ_e[2,2], ab_e[1,1], ab_e[2,1], σ
internals         = lp, n_steps, is_accept, acceptance_rate, log_density, hamiltonian_energy, hamiltonian_energy_error, max_hamiltonian_energy_error, tree_depth, numerical_error, step_size, nom_step_size

Summary Statistics
  parameters      mean       std   naive_se      mcse         ess      rhat   ess_per_sec
      Symbol   Float64   Float64    Float64   Float64     Float64   Float64       Float64

      σ_w[1]    0.5998    0.5170     0.0163    0.0227    668.8303    1.0011        0.0100
      σ_w[2]    0.4125    0.4126     0.0130    0.0176    596.7226    1.0036        0.0089
    ρ_w[1,1]    1.0000    0.0000     0.0000    0.0000         NaN       NaN           NaN
    ρ_w[2,1]   -0.1252    0.4404     0.0139    0.0152    890.5309    0.9997        0.0133
    ρ_w[1,2]   -0.1252    0.4404     0.0139    0.0152    890.5309    0.9997        0.0133
    ρ_w[2,2]    1.0000    0.0000     0.0000    0.0000    975.1617    0.9960        0.0145
   ab_w[1,1]    0.3578    0.3388     0.0107    0.0115    820.4161    0.9997        0.0122
   ab_w[2,1]   -0.0575    0.2307     0.0073    0.0065    826.4335    0.9994        0.0123
   ab_w[1,2]    0.0230    0.3370     0.0107    0.0112    831.5198    0.9991        0.0124
   ab_w[2,2]    0.1644    0.2325     0.0074    0.0067    843.2087    0.9992        0.0125
      σ_p[1]    0.5251    0.0861     0.0027    0.0026    998.4415    0.9977        0.0149
      σ_p[2]    0.3486    0.0608     0.0019    0.0017    894.7573    0.9980        0.0133
    ρ_p[1,1]    1.0000    0.0000     0.0000    0.0000         NaN       NaN           NaN
    ρ_p[2,1]   -0.0791    0.2034     0.0064    0.0055   1114.6286    1.0020        0.0166
    ρ_p[1,2]   -0.0791    0.2034     0.0064    0.0055   1114.6286    1.0020        0.0166
    ρ_p[2,2]    1.0000    0.0000     0.0000    0.0000   1095.4525    0.9960        0.0163
   ab_p[1,1]   -0.6751    0.1510     0.0048    0.0047   1055.4136    1.0017        0.0157
   ab_p[2,1]    0.0985    0.1256     0.0040    0.0038   1018.8926    0.9999        0.0152
   ab_p[1,2]    0.3270    0.1443     0.0046    0.0051   1068.7946    1.0015        0.0159
   ab_p[2,2]    0.5455    0.1268     0.0040    0.0052    886.9274    1.0008        0.0132
   ab_p[1,3]   -0.5156    0.1524     0.0048    0.0041   1131.9551    0.9981        0.0168
   ab_p[2,3]    0.0545    0.1244     0.0039    0.0034   1096.4982    1.0009        0.0163
   ab_p[1,4]    0.6286    0.1596     0.0050    0.0063   1050.0685    0.9997        0.0156
   ab_p[2,4]   -0.1648    0.1287     0.0041    0.0043   1066.3695    1.0004        0.0159
   ab_p[1,5]   -0.0502    0.1497     0.0047    0.0053   1060.9240    1.0028        0.0158
   ab_p[2,5]    0.0216    0.1271     0.0040    0.0036   1050.3093    0.9996        0.0156
   ab_p[1,6]   -1.0951    0.1528     0.0048    0.0063   1053.1185    1.0027        0.0157
   ab_p[2,6]    0.4128    0.1299     0.0041    0.0040   1040.4892    0.9970        0.0155
   ab_p[1,7]    0.1440    0.1530     0.0048    0.0059   1044.2233    1.0098        0.0155
   ab_p[2,7]   -0.0003    0.1277     0.0040    0.0045   1140.8141    1.0028        0.0170
   ab_p[1,8]    0.7007    0.1516     0.0048    0.0059   1090.6590    0.9999        0.0162
   ab_p[2,8]    0.1057    0.1244     0.0039    0.0037    939.3741    0.9993        0.0140
   ab_p[1,9]   -0.4585    0.1473     0.0047    0.0046   1056.4967    0.9984        0.0157
   ab_p[2,9]   -0.2380    0.1274     0.0040    0.0034   1169.0613    0.9990        0.0174
  ab_p[1,10]   -0.3072    0.1588     0.0050    0.0054   1118.8728    0.9994        0.0167
  ab_p[2,10]   -0.4714    0.1247     0.0039    0.0036   1124.1120    0.9975        0.0167
  ab_p[1,11]    0.2611    0.1527     0.0048    0.0044   1068.3978    0.9995        0.0159
  ab_p[2,11]   -0.7850    0.1261     0.0040    0.0033   1038.5357    0.9976        0.0155
  ab_p[1,12]   -0.0419    0.1481     0.0047    0.0052   1156.8095    0.9999        0.0172
  ab_p[2,12]   -0.3530    0.1325     0.0042    0.0040   1078.3149    0.9985        0.0160
  ab_p[1,13]    0.3070    0.1590     0.0050    0.0049   1096.9622    0.9988        0.0163
  ab_p[2,13]    0.0476    0.1246     0.0039    0.0043    957.4180    0.9997        0.0142
  ab_p[1,14]    0.2241    0.1552     0.0049    0.0049   1077.8733    1.0014        0.0160
  ab_p[2,14]    0.1285    0.1230     0.0039    0.0031   1052.2642    0.9993        0.0157
  ab_p[1,15]   -0.2558    0.1598     0.0051    0.0047   1069.8712    1.0033        0.0159
  ab_p[2,15]    0.3873    0.1317     0.0042    0.0044   1024.8910    1.0005        0.0153
  ab_p[1,16]   -0.0449    0.1554     0.0049    0.0052   1253.5661    1.0005        0.0187
  ab_p[2,16]    0.1261    0.1300     0.0041    0.0039   1101.4085    0.9983        0.0164
  ab_p[1,17]   -0.1323    0.1535     0.0049    0.0048   1073.5354    0.9994        0.0160
  ab_p[2,17]    0.2539    0.1249     0.0040    0.0042    939.9044    1.0020        0.0140
  ab_p[1,18]   -0.3235    0.1569     0.0050    0.0047   1018.0855    0.9985        0.0152
  ab_p[2,18]   -0.2292    0.1203     0.0038    0.0043    979.1646    0.9990        0.0146
  ab_p[1,19]    0.3745    0.1539     0.0049    0.0056    946.9179    1.0050        0.0141
  ab_p[2,19]   -0.2863    0.1227     0.0039    0.0035   1100.2958    0.9975        0.0164
  ab_p[1,20]    0.2043    0.1493     0.0047    0.0052    909.1455    1.0010        0.0135
  ab_p[2,20]   -0.2572    0.1260     0.0040    0.0049   1003.5891    1.0009        0.0149
  ab_p[1,21]    1.1859    0.1518     0.0048    0.0051    970.0093    1.0007        0.0144
  ab_p[2,21]    0.1792    0.1244     0.0039    0.0036   1125.8711    1.0001        0.0168
  ab_p[1,22]   -0.0744    0.1617     0.0051    0.0054   1109.8459    1.0030        0.0165
  ab_p[2,22]    0.2665    0.1362     0.0043    0.0047   1084.5435    1.0002        0.0161
  ab_p[1,23]   -0.2138    0.1556     0.0049    0.0048   1193.0879    1.0016        0.0178
  ab_p[2,23]    0.2950    0.1342     0.0042    0.0037   1379.7319    0.9983        0.0205
  ab_p[1,24]    0.1852    0.1507     0.0048    0.0049    994.2920    1.0006        0.0148
  ab_p[2,24]    0.0757    0.1272     0.0040    0.0052    864.2114    0.9980        0.0129
      σ_e[1]    0.7789    0.7177     0.0227    0.0254    787.2473    1.0028        0.0117
      σ_e[2]    0.4910    0.6387     0.0202    0.0242    647.5483    0.9982        0.0096
    ρ_e[1,1]    1.0000    0.0000     0.0000    0.0000         NaN       NaN           NaN
    ρ_e[2,1]    0.0211    0.4423     0.0140    0.0118    950.0983    1.0016        0.0141
    ρ_e[1,2]    0.0211    0.4423     0.0140    0.0118    950.0983    1.0016        0.0141
    ρ_e[2,2]    1.0000    0.0000     0.0000    0.0000   1041.0485    0.9960        0.0155
   ab_e[1,1]    0.3382    0.3378     0.0107    0.0118    828.1893    0.9991        0.0123
   ab_e[2,1]    0.0578    0.2298     0.0073    0.0066    840.1940    0.9995        0.0125
           σ    4.7143    0.0167     0.0005    0.0006    851.7978    1.0002        0.0127

Quantiles
  parameters      2.5%     25.0%     50.0%     75.0%     97.5%
      Symbol   Float64   Float64   Float64   Float64   Float64

      σ_w[1]    0.1254    0.2613    0.4324    0.7595    1.9927
      σ_w[2]    0.0697    0.1644    0.2843    0.4912    1.5572
    ρ_w[1,1]    1.0000    1.0000    1.0000    1.0000    1.0000
    ρ_w[2,1]   -0.8564   -0.4875   -0.1587    0.2165    0.7213
    ρ_w[1,2]   -0.8564   -0.4875   -0.1587    0.2165    0.7213
    ρ_w[2,2]    1.0000    1.0000    1.0000    1.0000    1.0000
   ab_w[1,1]   -0.2525    0.1251    0.3041    0.5761    1.0533
   ab_w[2,1]   -0.4523   -0.1552   -0.0644    0.0319    0.4499
   ab_w[1,2]   -0.5790   -0.1979   -0.0174    0.2278    0.7097
   ab_w[2,2]   -0.2383    0.0593    0.1536    0.2518    0.6431
      σ_p[1]    0.3879    0.4652    0.5149    0.5767    0.7228
      σ_p[2]    0.2496    0.3069    0.3420    0.3811    0.4975
    ρ_p[1,1]    1.0000    1.0000    1.0000    1.0000    1.0000
    ρ_p[2,1]   -0.4591   -0.2275   -0.0853    0.0682    0.3303
    ρ_p[1,2]   -0.4591   -0.2275   -0.0853    0.0682    0.3303
    ρ_p[2,2]    1.0000    1.0000    1.0000    1.0000    1.0000
   ab_p[1,1]   -0.9551   -0.7744   -0.6848   -0.5743   -0.3685
   ab_p[2,1]   -0.1545    0.0151    0.0989    0.1859    0.3434
   ab_p[1,2]    0.0380    0.2376    0.3290    0.4249    0.6157
   ab_p[2,2]    0.3125    0.4546    0.5419    0.6227    0.8068
   ab_p[1,3]   -0.8171   -0.6129   -0.5186   -0.4142   -0.2098
   ab_p[2,3]   -0.1931   -0.0276    0.0529    0.1363    0.2983
   ab_p[1,4]    0.2882    0.5271    0.6295    0.7372    0.9210
   ab_p[2,4]   -0.4163   -0.2547   -0.1656   -0.0779    0.0825
   ab_p[1,5]   -0.3582   -0.1483   -0.0464    0.0512    0.2350
   ab_p[2,5]   -0.2365   -0.0666    0.0162    0.1073    0.2736
   ab_p[1,6]   -1.4013   -1.1911   -1.0924   -0.9903   -0.8028
   ab_p[2,6]    0.1608    0.3209    0.4139    0.5038    0.6589
   ab_p[1,7]   -0.1552    0.0341    0.1433    0.2448    0.4632
   ab_p[2,7]   -0.2340   -0.0877   -0.0013    0.0863    0.2517
   ab_p[1,8]    0.4126    0.5963    0.7033    0.7988    1.0101
   ab_p[2,8]   -0.1223    0.0260    0.0984    0.1891    0.3635
   ab_p[1,9]   -0.7508   -0.5548   -0.4603   -0.3629   -0.1682
   ab_p[2,9]   -0.4843   -0.3231   -0.2391   -0.1508    0.0026
  ab_p[1,10]   -0.6183   -0.4199   -0.3077   -0.1975    0.0021
  ab_p[2,10]   -0.7018   -0.5583   -0.4750   -0.3865   -0.2230
  ab_p[1,11]   -0.0292    0.1599    0.2596    0.3667    0.5523
  ab_p[2,11]   -1.0195   -0.8744   -0.7848   -0.7034   -0.5218
  ab_p[1,12]   -0.3263   -0.1357   -0.0436    0.0524    0.2630
  ab_p[2,12]   -0.6096   -0.4381   -0.3523   -0.2637   -0.1020
  ab_p[1,13]   -0.0073    0.2049    0.3041    0.4102    0.6200
  ab_p[2,13]   -0.1842   -0.0392    0.0443    0.1319    0.3070
  ab_p[1,14]   -0.0752    0.1208    0.2289    0.3288    0.5383
  ab_p[2,14]   -0.1167    0.0380    0.1331    0.2082    0.3705
  ab_p[1,15]   -0.5865   -0.3649   -0.2522   -0.1494    0.0553
  ab_p[2,15]    0.1287    0.2982    0.3918    0.4764    0.6448
  ab_p[1,16]   -0.3465   -0.1497   -0.0429    0.0588    0.2600
  ab_p[2,16]   -0.1222    0.0377    0.1249    0.2060    0.3926
  ab_p[1,17]   -0.4420   -0.2344   -0.1306   -0.0275    0.1780
  ab_p[2,17]    0.0079    0.1679    0.2561    0.3418    0.4969
  ab_p[1,18]   -0.6415   -0.4332   -0.3252   -0.2050   -0.0399
  ab_p[2,18]   -0.4496   -0.3072   -0.2311   -0.1484    0.0123
  ab_p[1,19]    0.0608    0.2747    0.3721    0.4806    0.6833
  ab_p[2,19]   -0.5321   -0.3702   -0.2845   -0.1976   -0.0583
  ab_p[1,20]   -0.0975    0.1093    0.2105    0.3104    0.4887
  ab_p[2,20]   -0.5019   -0.3388   -0.2561   -0.1712   -0.0088
  ab_p[1,21]    0.9097    1.0828    1.1803    1.2816    1.5013
  ab_p[2,21]   -0.0425    0.0927    0.1786    0.2598    0.4266
  ab_p[1,22]   -0.4048   -0.1742   -0.0681    0.0321    0.2304
  ab_p[2,22]   -0.0021    0.1764    0.2657    0.3593    0.5306
  ab_p[1,23]   -0.5222   -0.3202   -0.2112   -0.1094    0.0806
  ab_p[2,23]    0.0374    0.2085    0.2935    0.3832    0.5664
  ab_p[1,24]   -0.1106    0.0861    0.1909    0.2840    0.4684
  ab_p[2,24]   -0.1712   -0.0113    0.0813    0.1620    0.3268
      σ_e[1]    0.0369    0.2827    0.5821    1.0343    2.6730
      σ_e[2]    0.0117    0.1131    0.2732    0.6222    2.1271
    ρ_e[1,1]    1.0000    1.0000    1.0000    1.0000    1.0000
    ρ_e[2,1]   -0.7855   -0.3336    0.0311    0.3732    0.8210
    ρ_e[1,2]   -0.7855   -0.3336    0.0311    0.3732    0.8210
    ρ_e[2,2]    1.0000    1.0000    1.0000    1.0000    1.0000
   ab_e[1,1]   -0.3041    0.0877    0.3626    0.5730    0.9825
   ab_e[2,1]   -0.4141   -0.0199    0.0434    0.1563    0.4782
           σ    4.6815    4.7030    4.7140    4.7256    4.7446

