Running on host compute481.bc4.acrc.priv
Time is Wed Aug 30 10:16:00 BST 2023
Directory is /user/home/em18564/BC4/Bayes/experiments/hier_e
Slurm job ID is 11838037
This job runs on the following machines:
compute481
    Updating registry at `~/.julia/registries/General.toml`
   Resolving package versions...
  No Changes to `~/.julia/environments/v1.8/Project.toml`
  No Changes to `~/.julia/environments/v1.8/Manifest.toml`
   Resolving package versions...
  No Changes to `~/.julia/environments/v1.8/Project.toml`
  No Changes to `~/.julia/environments/v1.8/Manifest.toml`
   Resolving package versions...
  No Changes to `~/.julia/environments/v1.8/Project.toml`
  No Changes to `~/.julia/environments/v1.8/Manifest.toml`
   Resolving package versions...
  No Changes to `~/.julia/environments/v1.8/Project.toml`
  No Changes to `~/.julia/environments/v1.8/Manifest.toml`
   Resolving package versions...
  No Changes to `~/.julia/environments/v1.8/Project.toml`
  No Changes to `~/.julia/environments/v1.8/Manifest.toml`
   Resolving package versions...
  No Changes to `~/.julia/environments/v1.8/Project.toml`
  No Changes to `~/.julia/environments/v1.8/Manifest.toml`
   Resolving package versions...
  No Changes to `~/.julia/environments/v1.8/Project.toml`
  No Changes to `~/.julia/environments/v1.8/Manifest.toml`
   Resolving package versions...
  No Changes to `~/.julia/environments/v1.8/Project.toml`
  No Changes to `~/.julia/environments/v1.8/Manifest.toml`
   Resolving package versions...
  No Changes to `~/.julia/environments/v1.8/Project.toml`
  No Changes to `~/.julia/environments/v1.8/Manifest.toml`
   Resolving package versions...
  No Changes to `~/.julia/environments/v1.8/Project.toml`
  No Changes to `~/.julia/environments/v1.8/Manifest.toml`
   Resolving package versions...
  No Changes to `~/.julia/environments/v1.8/Project.toml`
  No Changes to `~/.julia/environments/v1.8/Manifest.toml`
   Resolving package versions...
  No Changes to `~/.julia/environments/v1.8/Project.toml`
  No Changes to `~/.julia/environments/v1.8/Manifest.toml`
   Resolving package versions...
  No Changes to `~/.julia/environments/v1.8/Project.toml`
  No Changes to `~/.julia/environments/v1.8/Manifest.toml`
Sampling (4 threads)   0%|                              |  ETA: N/A
┌ Info: Found initial step size
└   ϵ = 0.0013671875000000001
┌ Info: Found initial step size
└   ϵ = 0.0125
┌ Info: Found initial step size
└   ϵ = 0.0015625
┌ Info: Found initial step size
└   ϵ = 0.0015625
Sampling (4 threads)  25%|███████▌                      |  ETA: 7:48:55
Sampling (4 threads)  50%|███████████████               |  ETA: 2:36:19
Sampling (4 threads)  75%|██████████████████████▌       |  ETA: 0:52:25
Sampling (4 threads) 100%|██████████████████████████████| Time: 2:59:49
Sampling (4 threads) 100%|██████████████████████████████| Time: 2:59:49
Chains MCMC chain (250×67×4 Array{Float64, 3}):

Iterations        = 126:1:375
Number of chains  = 4
Samples per chain = 250
Wall duration     = 10767.04 seconds
Compute duration  = 38562.4 seconds
parameters        = a, b, a_w, b_w, σ_w[1], σ_w[2], ρ_w[1,1], ρ_w[2,1], ρ_w[1,2], ρ_w[2,2], ab_w[1,1], ab_w[2,1], ab_w[1,2], ab_w[2,2], a_p, b_p, σ_p[1], σ_p[2], ρ_p[1,1], ρ_p[2,1], ρ_p[1,2], ρ_p[2,2], ab_p[1,1], ab_p[2,1], ab_p[1,2], ab_p[2,2], ab_p[1,3], ab_p[2,3], ab_p[1,4], ab_p[2,4], ab_p[1,5], ab_p[2,5], ab_p[1,6], ab_p[2,6], a_e, b_e, σ_e[1], σ_e[2], ρ_e[1,1], ρ_e[2,1], ρ_e[1,2], ρ_e[2,2], ab_e[1,1], ab_e[2,1], ab_e[1,2], ab_e[2,2], ab_e[1,3], ab_e[2,3], ab_e[1,4], ab_e[2,4], ab_e[1,5], ab_e[2,5], ab_e[1,6], ab_e[2,6], σ
internals         = lp, n_steps, is_accept, acceptance_rate, log_density, hamiltonian_energy, hamiltonian_energy_error, max_hamiltonian_energy_error, tree_depth, numerical_error, step_size, nom_step_size

Summary Statistics
  parameters      mean       std   naive_se      mcse        ess      rhat   ess_per_sec
      Symbol   Float64   Float64    Float64   Float64    Float64   Float64       Float64

           a    0.2026    0.7101     0.0225    0.0779    50.6481    1.0981        0.0013
           b    0.0458    0.3625     0.0115    0.0214   187.1803    1.0170        0.0049
         a_w    1.0828    1.1579     0.0366    0.1558     8.5800    1.4213        0.0002
         b_w    0.0323    0.4325     0.0137    0.0310   161.0829    1.0333        0.0042
      σ_w[1]    1.7932    1.5731     0.0497    0.2297     6.2769    1.7497        0.0002
      σ_w[2]    0.9828    1.4135     0.0447    0.2282     5.1793    2.3231        0.0001
    ρ_w[1,1]    1.0000    0.0000     0.0000    0.0000        NaN       NaN           NaN
    ρ_w[2,1]   -0.0545    0.4346     0.0137    0.0211   428.4837    1.0090        0.0111
    ρ_w[1,2]   -0.0545    0.4346     0.0137    0.0211   428.4837    1.0090        0.0111
    ρ_w[2,2]    1.0000    0.0000     0.0000    0.0000   870.3209    0.9960        0.0226
   ab_w[1,1]    3.2164    1.2632     0.0399    0.1961     6.8670    1.6342        0.0002
   ab_w[2,1]   -0.0739    0.4314     0.0136    0.0333   133.9645    1.0249        0.0035
   ab_w[1,2]   -0.1168    2.9710     0.0940    0.5139     4.4764    3.8912        0.0001
   ab_w[2,2]    1.3797    2.4868     0.0786    0.4408     4.2946    6.0339        0.0001
         a_p    1.4306    1.3198     0.0417    0.2069     6.4862    1.7139        0.0002
         b_p    0.0738    0.4313     0.0136    0.0332   134.1477    1.0252        0.0035
      σ_p[1]    0.0176    0.0178     0.0006    0.0014   172.3231    1.0274        0.0045
      σ_p[2]    0.0165    0.0215     0.0007    0.0012   325.7396    1.0026        0.0084
    ρ_p[1,1]    1.0000    0.0000     0.0000    0.0000        NaN       NaN           NaN
    ρ_p[2,1]   -0.0253    0.4138     0.0131    0.0218   469.2709    1.0034        0.0122
    ρ_p[1,2]   -0.0253    0.4138     0.0131    0.0218   469.2709    1.0034        0.0122
    ρ_p[2,2]    1.0000    0.0000     0.0000    0.0000   896.1545    0.9960        0.0232
   ab_p[1,1]    1.4305    1.3212     0.0418    0.2070     6.4891    1.7132        0.0002
   ab_p[2,1]    0.0737    0.4318     0.0137    0.0333   133.9539    1.0256        0.0035
   ab_p[1,2]    1.4310    1.3202     0.0417    0.2069     6.4847    1.7143        0.0002
   ab_p[2,2]    0.0745    0.4323     0.0137    0.0333   134.3805    1.0248        0.0035
   ab_p[1,3]    1.4301    1.3211     0.0418    0.2071     6.4864    1.7140        0.0002
   ab_p[2,3]    0.0730    0.4312     0.0136    0.0332   134.3782    1.0248        0.0035
   ab_p[1,4]    1.4314    1.3203     0.0418    0.2069     6.4876    1.7135        0.0002
   ab_p[2,4]    0.0731    0.4322     0.0137    0.0333   134.4212    1.0254        0.0035
   ab_p[1,5]    1.4310    1.3210     0.0418    0.2072     6.4755    1.7164        0.0002
   ab_p[2,5]    0.0737    0.4309     0.0136    0.0332   134.0238    1.0251        0.0035
   ab_p[1,6]    1.4304    1.3199     0.0417    0.2069     6.4826    1.7148        0.0002
   ab_p[2,6]    0.0741    0.4315     0.0136    0.0331   134.7442    1.0252        0.0035
         a_e   -0.1358    0.7189     0.0227    0.0776    52.9611    1.0953        0.0014
         b_e    0.0841    0.3584     0.0113    0.0198   206.1458    1.0133        0.0053
      σ_e[1]    0.4202    0.1718     0.0054    0.0069   561.2849    1.0035        0.0146
      σ_e[2]    0.2657    0.1169     0.0037    0.0039   795.1044    0.9977        0.0206
    ρ_e[1,1]    1.0000    0.0000     0.0000    0.0000        NaN       NaN           NaN
    ρ_e[2,1]    0.0828    0.3377     0.0107    0.0111   945.1094    0.9985        0.0245
    ρ_e[1,2]    0.0828    0.3377     0.0107    0.0111   945.1094    0.9985        0.0245
    ρ_e[2,2]    1.0000    0.0000     0.0000    0.0000   963.3989    0.9960        0.0250
   ab_e[1,1]   -0.6219    0.7136     0.0226    0.0775    53.5980    1.0956        0.0014
   ab_e[2,1]    0.0151    0.3701     0.0117    0.0215   188.9362    1.0152        0.0049
   ab_e[1,2]    0.2863    0.7121     0.0225    0.0780    51.2536    1.0980        0.0013
   ab_e[2,2]   -0.0189    0.3699     0.0117    0.0218   189.2962    1.0177        0.0049
   ab_e[1,3]   -0.2311    0.7153     0.0226    0.0785    52.4489    1.0975        0.0014
   ab_e[2,3]   -0.1753    0.3663     0.0116    0.0220   187.5422    1.0180        0.0049
   ab_e[1,4]   -0.1540    0.7136     0.0226    0.0775    51.8542    1.0963        0.0013
   ab_e[2,4]    0.2330    0.3690     0.0117    0.0213   191.8538    1.0169        0.0050
   ab_e[1,5]   -0.1897    0.7159     0.0226    0.0781    52.7245    1.0980        0.0014
   ab_e[2,5]    0.1078    0.3662     0.0116    0.0221   180.3560    1.0170        0.0047
   ab_e[1,6]    0.0616    0.7126     0.0225    0.0777    49.1166    1.0982        0.0013
   ab_e[2,6]    0.3487    0.3710     0.0117    0.0216   192.7820    1.0154        0.0050
           σ    4.6549    0.0907     0.0029    0.0154     4.4471    4.0492        0.0001

Quantiles
  parameters      2.5%     25.0%     50.0%     75.0%     97.5%
      Symbol   Float64   Float64   Float64   Float64   Float64

           a   -1.2146   -0.2852    0.2257    0.7208    1.4844
           b   -0.6922   -0.1713    0.0392    0.2559    0.7900
         a_w   -1.2503    0.2515    1.1163    1.9280    3.2098
         b_w   -0.8515   -0.2604    0.0275    0.3016    0.9739
      σ_w[1]    0.0192    0.1939    1.7147    2.8501    5.1453
      σ_w[2]    0.0036    0.0513    0.2068    1.7599    4.7517
    ρ_w[1,1]    1.0000    1.0000    1.0000    1.0000    1.0000
    ρ_w[2,1]   -0.8412   -0.3876   -0.0646    0.2486    0.7914
    ρ_w[1,2]   -0.8412   -0.3876   -0.0646    0.2486    0.7914
    ρ_w[2,2]    1.0000    1.0000    1.0000    1.0000    1.0000
   ab_w[1,1]    0.9356    2.2882    3.2173    4.1345    5.7108
   ab_w[2,1]   -0.9881   -0.3510   -0.0406    0.2304    0.6885
   ab_w[1,2]   -5.7007   -2.8749    0.5626    2.3339    4.0242
   ab_w[2,2]   -0.8388   -0.1976    0.1710    1.9773    6.3316
         a_p   -1.1445    0.4439    1.4183    2.4295    3.8080
         b_p   -0.6953   -0.2225    0.0426    0.3503    0.9945
      σ_p[1]    0.0027    0.0071    0.0122    0.0224    0.0635
      σ_p[2]    0.0030    0.0070    0.0123    0.0199    0.0479
    ρ_p[1,1]    1.0000    1.0000    1.0000    1.0000    1.0000
    ρ_p[2,1]   -0.7967   -0.3471   -0.0238    0.2845    0.7175
    ρ_p[1,2]   -0.7967   -0.3471   -0.0238    0.2845    0.7175
    ρ_p[2,2]    1.0000    1.0000    1.0000    1.0000    1.0000
   ab_p[1,1]   -1.1471    0.4367    1.4160    2.4284    3.8062
   ab_p[2,1]   -0.6917   -0.2261    0.0417    0.3524    1.0005
   ab_p[1,2]   -1.1497    0.4440    1.4129    2.4264    3.8130
   ab_p[2,2]   -0.6953   -0.2214    0.0455    0.3479    1.0069
   ab_p[1,3]   -1.1505    0.4412    1.4181    2.4271    3.8068
   ab_p[2,3]   -0.6933   -0.2303    0.0435    0.3477    1.0028
   ab_p[1,4]   -1.1483    0.4366    1.4192    2.4261    3.8065
   ab_p[2,4]   -0.6932   -0.2262    0.0443    0.3482    0.9977
   ab_p[1,5]   -1.1531    0.4444    1.4131    2.4288    3.8118
   ab_p[2,5]   -0.6958   -0.2246    0.0465    0.3536    1.0003
   ab_p[1,6]   -1.1512    0.4489    1.4206    2.4252    3.8006
   ab_p[2,6]   -0.6915   -0.2209    0.0403    0.3504    1.0047
         a_e   -1.5454   -0.6466   -0.1628    0.3700    1.2532
         b_e   -0.6476   -0.1489    0.1038    0.3061    0.7781
      σ_e[1]    0.2089    0.3000    0.3843    0.4988    0.9107
      σ_e[2]    0.1234    0.1882    0.2417    0.3114    0.5911
    ρ_e[1,1]    1.0000    1.0000    1.0000    1.0000    1.0000
    ρ_e[2,1]   -0.5923   -0.1601    0.1091    0.3349    0.7009
    ρ_e[1,2]   -0.5923   -0.1601    0.1091    0.3349    0.7009
    ρ_e[2,2]    1.0000    1.0000    1.0000    1.0000    1.0000
   ab_e[1,1]   -1.9316   -1.1486   -0.6512   -0.1439    0.7870
   ab_e[2,1]   -0.7642   -0.2096    0.0279    0.2441    0.7029
   ab_e[1,2]   -0.9941   -0.2248    0.2685    0.7906    1.6978
   ab_e[2,2]   -0.7965   -0.2409   -0.0043    0.2039    0.6874
   ab_e[1,3]   -1.5353   -0.7531   -0.2471    0.2561    1.1977
   ab_e[2,3]   -0.9263   -0.3960   -0.1608    0.0549    0.5582
   ab_e[1,4]   -1.4625   -0.6783   -0.1737    0.3221    1.2738
   ab_e[2,4]   -0.5550    0.0155    0.2413    0.4575    0.9281
   ab_e[1,5]   -1.4780   -0.7242   -0.2051    0.2973    1.2379
   ab_e[2,5]   -0.6743   -0.1075    0.1264    0.3276    0.8162
   ab_e[1,6]   -1.2536   -0.4500    0.0328    0.5388    1.4828
   ab_e[2,6]   -0.4410    0.1347    0.3595    0.5876    1.0908
           σ    4.5246    4.5682    4.6606    4.7421    4.7800

