cpu-bind=MASK - bp1-compute015, task  0  0 [3011681]: mask 0x90000009 set
cpu-bind=MASK - bp1-compute015, task  0  0 [3011682]: mask 0x30000003000 set
cpu-bind=MASK - bp1-compute015, task  0  0 [3011680]: mask 0x300000030 set
cpu-bind=MASK - bp1-compute015, task  0  0 [3011683]: mask 0x1100000110000 set
/tmp/slurmd/job16958131/slurm_script: line 12: export: `=': not a valid identifier
/tmp/slurmd/job16958129/slurm_script: line 12: export: `=': not a valid identifier
/tmp/slurmd/job16958131/slurm_script: line 12: export: `2': not a valid identifier
/tmp/slurmd/job16958129/slurm_script: line 12: export: `2': not a valid identifier
/tmp/slurmd/job16958131/slurm_script: line 13: export: `=': not a valid identifier
/tmp/slurmd/job16958129/slurm_script: line 13: export: `=': not a valid identifier
/tmp/slurmd/job16958131/slurm_script: line 13: export: `100': not a valid identifier
/tmp/slurmd/job16958129/slurm_script: line 13: export: `100': not a valid identifier
/tmp/slurmd/job16958131/slurm_script: line 14: export: `=': not a valid identifier
/tmp/slurmd/job16958129/slurm_script: line 14: export: `=': not a valid identifier
/tmp/slurmd/job16958130/slurm_script: line 12: export: `=': not a valid identifier
/tmp/slurmd/job16958130/slurm_script: line 12: export: `2': not a valid identifier
/tmp/slurmd/job16958130/slurm_script: line 13: export: `=': not a valid identifier
/tmp/slurmd/job16958130/slurm_script: line 13: export: `100': not a valid identifier
/tmp/slurmd/job16958130/slurm_script: line 14: export: `=': not a valid identifier
/tmp/slurmd/job16958128/slurm_script: line 12: export: `=': not a valid identifier
/tmp/slurmd/job16958128/slurm_script: line 12: export: `2': not a valid identifier
/tmp/slurmd/job16958128/slurm_script: line 13: export: `=': not a valid identifier
/tmp/slurmd/job16958128/slurm_script: line 13: export: `100': not a valid identifier
/tmp/slurmd/job16958128/slurm_script: line 14: export: `=': not a valid identifier
Running on host bp1-compute015
Running on host bp1-compute015
Time is Thu Apr 23 22:02:16 BST 2026
Directory is /user/home/em18564/bayesian/BC4/Bayes/wordType_experiments/models/baseModel
Slurm job ID is 16958130
This job runs on the following machines:
Time is Thu Apr 23 22:02:16 BST 2026
Running on host bp1-compute015
Directory is /user/home/em18564/bayesian/BC4/Bayes/wordType_experiments/models/baseModel
Slurm job ID is 16958128
This job runs on the following machines:
bp1-compute015
Time is Thu Apr 23 22:02:16 BST 2026
vars = 2
vars = echo 2   
vars = echo 2   
Running on host bp1-compute015
Directory is /user/home/em18564/bayesian/BC4/Bayes/wordType_experiments/models/baseModel
Slurm job ID is 16958131
This job runs on the following machines:
bp1-compute015
vars = 2
vars = 4
vars = echo 4   
vars = echo 4   
Time is Thu Apr 23 22:02:16 BST 2026
vars = 4
Directory is /user/home/em18564/bayesian/BC4/Bayes/wordType_experiments/models/baseModel
Slurm job ID is 16958129
This job runs on the following machines:
bp1-compute015
vars = 3
vars = echo 3   
vars = echo 3   
vars = 3
bp1-compute015
vars = 1
vars = echo 1   
vars = echo 1   
vars = 1
