Chains MCMC chain (250×87×4 Array{Float64, 3}):

Iterations        = 126:1:375
Number of chains  = 4
Samples per chain = 250
Wall duration     = 3089.6 seconds
Compute duration  = 11923.08 seconds
parameters        = σ_w[1], σ_w[2], ρ_w[1,1], ρ_w[2,1], ρ_w[1,2], ρ_w[2,2], ab_w[1,1], ab_w[2,1], ab_w[1,2], ab_w[2,2], ab_w[1,3], ab_w[2,3], σ_p[1], σ_p[2], ρ_p[1,1], ρ_p[2,1], ρ_p[1,2], ρ_p[2,2], ab_p[1,1], ab_p[2,1], ab_p[1,2], ab_p[2,2], ab_p[1,3], ab_p[2,3], ab_p[1,4], ab_p[2,4], ab_p[1,5], ab_p[2,5], ab_p[1,6], ab_p[2,6], ab_p[1,7], ab_p[2,7], ab_p[1,8], ab_p[2,8], ab_p[1,9], ab_p[2,9], ab_p[1,10], ab_p[2,10], ab_p[1,11], ab_p[2,11], ab_p[1,12], ab_p[2,12], ab_p[1,13], ab_p[2,13], ab_p[1,14], ab_p[2,14], ab_p[1,15], ab_p[2,15], ab_p[1,16], ab_p[2,16], ab_p[1,17], ab_p[2,17], ab_p[1,18], ab_p[2,18], ab_p[1,19], ab_p[2,19], ab_p[1,20], ab_p[2,20], ab_p[1,21], ab_p[2,21], ab_p[1,22], ab_p[2,22], ab_p[1,23], ab_p[2,23], ab_p[1,24], ab_p[2,24], σ_e[1], σ_e[2], ρ_e[1,1], ρ_e[2,1], ρ_e[1,2], ρ_e[2,2], ab_e[1,1], ab_e[2,1], σ
internals         = lp, n_steps, is_accept, acceptance_rate, log_density, hamiltonian_energy, hamiltonian_energy_error, max_hamiltonian_energy_error, tree_depth, numerical_error, step_size, nom_step_size

Summary Statistics
  parameters      mean       std      mcse    ess_bulk   ess_tail      rhat   ess_per_sec
      Symbol   Float64   Float64   Float64     Float64    Float64   Float64       Float64

      σ_w[1]    0.1244    0.1463    0.0091    263.5022   367.7071    1.0225        0.0221
      σ_w[2]    0.1035    0.1045    0.0058    358.3938   363.3806    1.0065        0.0301
    ρ_w[1,1]    1.0000    0.0000       NaN         NaN        NaN       NaN           NaN
    ρ_w[2,1]   -0.2293    0.4223    0.0214    384.4688   441.0972    1.0138        0.0322
    ρ_w[1,2]   -0.2293    0.4223    0.0214    384.4688   441.0972    1.0138        0.0322
    ρ_w[2,2]    1.0000    0.0000    0.0000    991.0274   834.2488    1.0025        0.0831
   ab_w[1,1]   -0.0147    0.0760    0.0024   1050.1783   533.2096    1.0150        0.0881
   ab_w[2,1]    0.0198    0.0715    0.0031    657.5428   477.7141    1.0110        0.0551
   ab_w[1,2]    0.0569    0.0733    0.0023   1020.5647   462.1172    1.0145        0.0856
   ab_w[2,2]   -0.0614    0.0699    0.0030    633.9955   466.7569    1.0117        0.0532
   ab_w[1,3]   -0.0390    0.0732    0.0022   1041.5363   447.5645    1.0196        0.0874
   ab_w[2,3]    0.0080    0.0694    0.0030    671.0175   340.4045    1.0130        0.0563
      σ_p[1]    0.2811    0.0444    0.0019    638.6090   553.1443    1.0082        0.0536
      σ_p[2]    0.0341    0.0115    0.0007    240.8089   295.5647    1.0039        0.0202
    ρ_p[1,1]    1.0000    0.0000       NaN         NaN        NaN       NaN           NaN
    ρ_p[2,1]   -0.0649    0.2732    0.0084   1042.4679   453.3079    1.0106        0.0874
    ρ_p[1,2]   -0.0649    0.2732    0.0084   1042.4679   453.3079    1.0106        0.0874
    ρ_p[2,2]    1.0000    0.0000    0.0000    947.9513   916.7703    1.0003        0.0795
   ab_p[1,1]    0.0941    0.0659    0.0020   1096.4524   785.3703    1.0098        0.0920
   ab_p[2,1]   -0.0201    0.0239    0.0008    886.4051   791.6984    1.0065        0.0743
   ab_p[1,2]   -0.1543    0.0630    0.0020   1012.0327   671.0571    1.0113        0.0849
   ab_p[2,2]   -0.0253    0.0243    0.0008    957.7458   767.6244    0.9991        0.0803
   ab_p[1,3]    0.4074    0.0651    0.0019   1139.4621   729.5186    0.9984        0.0956
   ab_p[2,3]    0.0253    0.0255    0.0010    685.3211   496.8024    0.9997        0.0575
   ab_p[1,4]   -0.2651    0.0654    0.0020   1093.5934   700.9125    1.0058        0.0917
   ab_p[2,4]   -0.0179    0.0238    0.0007   1123.3936   750.8710    1.0049        0.0942
   ab_p[1,5]   -0.1491    0.0649    0.0021    973.1782   763.2779    1.0014        0.0816
   ab_p[2,5]   -0.0255    0.0244    0.0008    950.9073   553.9774    1.0131        0.0798
   ab_p[1,6]    0.7347    0.0644    0.0020   1057.5900   671.7288    1.0111        0.0887
   ab_p[2,6]   -0.0126    0.0275    0.0008   1085.7881   876.2328    1.0006        0.0911
   ab_p[1,7]   -0.1458    0.0639    0.0019   1135.7287   673.9149    1.0022        0.0953
   ab_p[2,7]    0.0035    0.0244    0.0007   1082.5920   670.1110    1.0069        0.0908
   ab_p[1,8]    0.0047    0.0636    0.0019   1180.8205   675.0151    1.0002        0.0990
   ab_p[2,8]    0.0006    0.0228    0.0007   1007.9831   651.1052    1.0036        0.0845
   ab_p[1,9]   -0.0110    0.0639    0.0020   1040.2791   708.7045    1.0087        0.0872
   ab_p[2,9]   -0.0140    0.0241    0.0008    900.8727   648.9318    1.0009        0.0756
  ab_p[1,10]   -0.1699    0.0637    0.0019   1112.5013   732.4627    1.0025        0.0933
  ab_p[2,10]    0.0282    0.0269    0.0010    787.3792   577.6770    1.0038        0.0660
  ab_p[1,11]   -0.4395    0.0652    0.0020   1089.6436   642.1171    1.0011        0.0914
  ab_p[2,11]    0.0288    0.0274    0.0010    774.1220   720.7106    0.9994        0.0649
  ab_p[1,12]   -0.0020    0.0648    0.0020   1087.5419   755.8454    1.0032        0.0912
  ab_p[2,12]   -0.0060    0.0250    0.0007   1144.8304   659.6351    1.0007        0.0960
  ab_p[1,13]    0.1023    0.0608    0.0018   1118.8983   693.8019    1.0073        0.0938
  ab_p[2,13]    0.0147    0.0231    0.0007    998.8073   523.9294    1.0058        0.0838
  ab_p[1,14]    0.2302    0.0637    0.0019   1105.6160   750.3817    1.0031        0.0927
  ab_p[2,14]   -0.0229    0.0243    0.0008    957.2660   725.4016    1.0030        0.0803
  ab_p[1,15]    0.4430    0.0647    0.0019   1153.6625   728.3169    1.0013        0.0968
  ab_p[2,15]   -0.0181    0.0259    0.0008   1056.9703   575.2625    1.0048        0.0886
  ab_p[1,16]   -0.0473    0.0632    0.0019   1153.5818   771.7010    1.0096        0.0968
  ab_p[2,16]    0.0232    0.0259    0.0010    704.6431   827.0364    1.0064        0.0591
  ab_p[1,17]   -0.1358    0.0638    0.0020   1046.0883   879.7356    1.0029        0.0877
  ab_p[2,17]   -0.0001    0.0241    0.0008    891.3697   499.4220    1.0025        0.0748
  ab_p[1,18]   -0.0904    0.0642    0.0019   1101.3476   594.1551    1.0045        0.0924
  ab_p[2,18]    0.0134    0.0238    0.0007   1043.7620   648.5695    1.0016        0.0875
  ab_p[1,19]   -0.0503    0.0646    0.0020   1109.1576   810.5149    1.0051        0.0930
  ab_p[2,19]    0.0204    0.0249    0.0010    702.4471   572.3998    1.0092        0.0589
  ab_p[1,20]   -0.2113    0.0620    0.0019   1094.6490   685.4740    1.0030        0.0918
  ab_p[2,20]    0.0046    0.0244    0.0007   1252.3554   746.0785    1.0056        0.1050
  ab_p[1,21]   -0.3228    0.0641    0.0018   1211.8250   713.8820    1.0081        0.1016
  ab_p[2,21]   -0.0545    0.0305    0.0013    508.4252   859.2816    0.9994        0.0426
  ab_p[1,22]   -0.0380    0.0628    0.0019   1084.5808   629.0784    1.0057        0.0910
  ab_p[2,22]    0.0136    0.0239    0.0007   1161.4923   733.6248    1.0039        0.0974
  ab_p[1,23]    0.2070    0.0658    0.0020   1127.4291   859.9008    1.0044        0.0946
  ab_p[2,23]    0.0030    0.0235    0.0008    975.5862   805.4380    1.0000        0.0818
  ab_p[1,24]   -0.0903    0.0626    0.0019   1153.4154   642.2099    1.0116        0.0967
  ab_p[2,24]    0.0382    0.0266    0.0010    702.6384   696.9679    1.0013        0.0589
      σ_e[1]    0.4478    0.5983    0.0372    186.4315   208.9703    1.0245        0.0156
      σ_e[2]    0.4391    0.5545    0.0354    119.0673   199.1563    1.0350        0.0100
    ρ_e[1,1]    1.0000    0.0000       NaN         NaN        NaN       NaN           NaN
    ρ_e[2,1]    0.0163    0.4723    0.0228    451.8642   366.9577    1.0041        0.0379
    ρ_e[1,2]    0.0163    0.4723    0.0228    451.8642   366.9577    1.0041        0.0379
    ρ_e[2,2]    1.0000    0.0000    0.0000    984.9066   845.4735    1.0008        0.0826
   ab_e[1,1]    0.0080    0.0854    0.0027    992.4876   473.1149    1.0306        0.0832
   ab_e[2,1]   -0.0338    0.0699    0.0030    650.6208   384.3340    1.0118        0.0546
           σ    1.0091    0.0047    0.0001   1025.9835   847.5532    1.0033        0.0861

Quantiles
  parameters      2.5%     25.0%     50.0%     75.0%     97.5%
      Symbol   Float64   Float64   Float64   Float64   Float64

      σ_w[1]    0.0290    0.0525    0.0836    0.1369    0.5549
      σ_w[2]    0.0222    0.0471    0.0765    0.1248    0.3386
    ρ_w[1,1]    1.0000    1.0000    1.0000    1.0000    1.0000
    ρ_w[2,1]   -0.8680   -0.5722   -0.2921    0.0857    0.6875
    ρ_w[1,2]   -0.8680   -0.5722   -0.2921    0.0857    0.6875
    ρ_w[2,2]    1.0000    1.0000    1.0000    1.0000    1.0000
   ab_w[1,1]   -0.1712   -0.0452   -0.0139    0.0173    0.1277
   ab_w[2,1]   -0.0832   -0.0069    0.0200    0.0483    0.1471
   ab_w[1,2]   -0.0907    0.0282    0.0566    0.0850    0.2104
   ab_w[2,2]   -0.1584   -0.0872   -0.0582   -0.0295    0.0567
   ab_w[1,3]   -0.1798   -0.0672   -0.0381   -0.0093    0.1109
   ab_w[2,3]   -0.0951   -0.0171    0.0103    0.0384    0.1264
      σ_p[1]    0.2083    0.2493    0.2749    0.3071    0.3824
      σ_p[2]    0.0135    0.0262    0.0338    0.0419    0.0582
    ρ_p[1,1]    1.0000    1.0000    1.0000    1.0000    1.0000
    ρ_p[2,1]   -0.5738   -0.2704   -0.0646    0.1212    0.4709
    ρ_p[1,2]   -0.5738   -0.2704   -0.0646    0.1212    0.4709
    ρ_p[2,2]    1.0000    1.0000    1.0000    1.0000    1.0000
   ab_p[1,1]   -0.0335    0.0496    0.0930    0.1368    0.2311
   ab_p[2,1]   -0.0698   -0.0354   -0.0187   -0.0040    0.0235
   ab_p[1,2]   -0.2799   -0.1939   -0.1552   -0.1129   -0.0319
   ab_p[2,2]   -0.0788   -0.0399   -0.0241   -0.0087    0.0198
   ab_p[1,3]    0.2841    0.3631    0.4058    0.4503    0.5368
   ab_p[2,3]   -0.0245    0.0070    0.0248    0.0425    0.0773
   ab_p[1,4]   -0.3908   -0.3070   -0.2668   -0.2242   -0.1275
   ab_p[2,4]   -0.0694   -0.0331   -0.0160   -0.0017    0.0254
   ab_p[1,5]   -0.2828   -0.1882   -0.1514   -0.1055   -0.0151
   ab_p[2,5]   -0.0782   -0.0406   -0.0237   -0.0078    0.0174
   ab_p[1,6]    0.6118    0.6939    0.7319    0.7775    0.8703
   ab_p[2,6]   -0.0701   -0.0296   -0.0125    0.0060    0.0402
   ab_p[1,7]   -0.2681   -0.1889   -0.1448   -0.1025   -0.0252
   ab_p[2,7]   -0.0452   -0.0118    0.0040    0.0182    0.0519
   ab_p[1,8]   -0.1185   -0.0375    0.0030    0.0468    0.1295
   ab_p[2,8]   -0.0427   -0.0138    0.0008    0.0144    0.0482
   ab_p[1,9]   -0.1353   -0.0527   -0.0128    0.0303    0.1192
   ab_p[2,9]   -0.0628   -0.0297   -0.0129    0.0026    0.0308
  ab_p[1,10]   -0.2910   -0.2111   -0.1707   -0.1281   -0.0437
  ab_p[2,10]   -0.0187    0.0105    0.0254    0.0453    0.0865
  ab_p[1,11]   -0.5661   -0.4826   -0.4419   -0.3946   -0.3133
  ab_p[2,11]   -0.0241    0.0099    0.0275    0.0459    0.0857
  ab_p[1,12]   -0.1258   -0.0485   -0.0030    0.0397    0.1278
  ab_p[2,12]   -0.0567   -0.0219   -0.0056    0.0097    0.0429
  ab_p[1,13]   -0.0254    0.0675    0.1011    0.1396    0.2307
  ab_p[2,13]   -0.0274   -0.0014    0.0143    0.0307    0.0598
  ab_p[1,14]    0.1107    0.1868    0.2307    0.2715    0.3562
  ab_p[2,14]   -0.0731   -0.0384   -0.0209   -0.0066    0.0211
  ab_p[1,15]    0.3170    0.4009    0.4434    0.4822    0.5700
  ab_p[2,15]   -0.0735   -0.0344   -0.0163   -0.0010    0.0292
  ab_p[1,16]   -0.1733   -0.0895   -0.0497   -0.0055    0.0765
  ab_p[2,16]   -0.0217    0.0051    0.0213    0.0400    0.0782
  ab_p[1,17]   -0.2556   -0.1815   -0.1356   -0.0935   -0.0058
  ab_p[2,17]   -0.0503   -0.0149   -0.0002    0.0161    0.0457
  ab_p[1,18]   -0.2113   -0.1331   -0.0893   -0.0511    0.0469
  ab_p[2,18]   -0.0301   -0.0023    0.0125    0.0280    0.0643
  ab_p[1,19]   -0.1732   -0.0913   -0.0484   -0.0056    0.0747
  ab_p[2,19]   -0.0219    0.0033    0.0181    0.0350    0.0740
  ab_p[1,20]   -0.3378   -0.2504   -0.2133   -0.1713   -0.0926
  ab_p[2,20]   -0.0435   -0.0118    0.0045    0.0201    0.0524
  ab_p[1,21]   -0.4444   -0.3641   -0.3260   -0.2800   -0.1998
  ab_p[2,21]   -0.1175   -0.0745   -0.0535   -0.0315   -0.0003
  ab_p[1,22]   -0.1691   -0.0774   -0.0399    0.0046    0.0874
  ab_p[2,22]   -0.0317   -0.0024    0.0137    0.0280    0.0621
  ab_p[1,23]    0.0843    0.1627    0.2053    0.2493    0.3430
  ab_p[2,23]   -0.0406   -0.0123    0.0024    0.0174    0.0481
  ab_p[1,24]   -0.2091   -0.1319   -0.0925   -0.0515    0.0327
  ab_p[2,24]   -0.0078    0.0188    0.0364    0.0545    0.0948
      σ_e[1]    0.0109    0.0823    0.2242    0.5698    2.0953
      σ_e[2]    0.0129    0.0804    0.2487    0.5884    2.1313
    ρ_e[1,1]    1.0000    1.0000    1.0000    1.0000    1.0000
    ρ_e[2,1]   -0.8619   -0.3287   -0.0074    0.3861    0.8559
    ρ_e[1,2]   -0.8619   -0.3287   -0.0074    0.3861    0.8559
    ρ_e[2,2]    1.0000    1.0000    1.0000    1.0000    1.0000
   ab_e[1,1]   -0.1558   -0.0315    0.0064    0.0488    0.1827
   ab_e[2,1]   -0.1485   -0.0652   -0.0358   -0.0069    0.0660
           σ    1.0002    1.0059    1.0089    1.0123    1.0184

