Chains MCMC chain (250×87×4 Array{Float64, 3}):

Iterations        = 126:1:375
Number of chains  = 4
Samples per chain = 250
Wall duration     = 3459.27 seconds
Compute duration  = 13458.69 seconds
parameters        = σ_w[1], σ_w[2], ρ_w[1,1], ρ_w[2,1], ρ_w[1,2], ρ_w[2,2], ab_w[1,1], ab_w[2,1], ab_w[1,2], ab_w[2,2], ab_w[1,3], ab_w[2,3], σ_p[1], σ_p[2], ρ_p[1,1], ρ_p[2,1], ρ_p[1,2], ρ_p[2,2], ab_p[1,1], ab_p[2,1], ab_p[1,2], ab_p[2,2], ab_p[1,3], ab_p[2,3], ab_p[1,4], ab_p[2,4], ab_p[1,5], ab_p[2,5], ab_p[1,6], ab_p[2,6], ab_p[1,7], ab_p[2,7], ab_p[1,8], ab_p[2,8], ab_p[1,9], ab_p[2,9], ab_p[1,10], ab_p[2,10], ab_p[1,11], ab_p[2,11], ab_p[1,12], ab_p[2,12], ab_p[1,13], ab_p[2,13], ab_p[1,14], ab_p[2,14], ab_p[1,15], ab_p[2,15], ab_p[1,16], ab_p[2,16], ab_p[1,17], ab_p[2,17], ab_p[1,18], ab_p[2,18], ab_p[1,19], ab_p[2,19], ab_p[1,20], ab_p[2,20], ab_p[1,21], ab_p[2,21], ab_p[1,22], ab_p[2,22], ab_p[1,23], ab_p[2,23], ab_p[1,24], ab_p[2,24], σ_e[1], σ_e[2], ρ_e[1,1], ρ_e[2,1], ρ_e[1,2], ρ_e[2,2], ab_e[1,1], ab_e[2,1], σ
internals         = lp, n_steps, is_accept, acceptance_rate, log_density, hamiltonian_energy, hamiltonian_energy_error, max_hamiltonian_energy_error, tree_depth, numerical_error, step_size, nom_step_size

Summary Statistics
  parameters      mean       std      mcse    ess_bulk    ess_tail      rhat   ess_per_sec
      Symbol   Float64   Float64   Float64     Float64     Float64   Float64       Float64

      σ_w[1]    0.1616    0.1535    0.0084    364.6021    360.7124    1.0028        0.0271
      σ_w[2]    0.0879    0.0906    0.0047    346.0906    450.1913    1.0081        0.0257
    ρ_w[1,1]    1.0000    0.0000       NaN         NaN         NaN       NaN           NaN
    ρ_w[2,1]   -0.2145    0.4258    0.0190    458.9192    442.2947    1.0050        0.0341
    ρ_w[1,2]   -0.2145    0.4258    0.0190    458.9192    442.2947    1.0050        0.0341
    ρ_w[2,2]    1.0000    0.0000    0.0000   1001.8116    935.8000    1.0019        0.0744
   ab_w[1,1]    0.0212    0.0932    0.0036    765.1381    445.3584    1.0014        0.0569
   ab_w[2,1]    0.0140    0.0466    0.0015   1057.6012    652.7995    1.0033        0.0786
   ab_w[1,2]    0.0813    0.0921    0.0036    730.5516    428.5210    1.0018        0.0543
   ab_w[2,2]   -0.0449    0.0453    0.0015    934.4362    672.8477    1.0023        0.0694
   ab_w[1,3]   -0.0576    0.0920    0.0036    757.3350    490.9099    1.0028        0.0563
   ab_w[2,3]    0.0190    0.0448    0.0015    961.2201    541.5432    1.0038        0.0714
      σ_p[1]    0.1186    0.0201    0.0007    960.8042    476.7166    1.0044        0.0714
      σ_p[2]    0.0622    0.0136    0.0006    600.9799    560.6995    1.0047        0.0447
    ρ_p[1,1]    1.0000    0.0000       NaN         NaN         NaN       NaN           NaN
    ρ_p[2,1]    0.0414    0.2330    0.0079    887.1626    734.4069    1.0058        0.0659
    ρ_p[1,2]    0.0414    0.2330    0.0079    887.1626    734.4069    1.0058        0.0659
    ρ_p[2,2]    1.0000    0.0000    0.0000    928.4700         NaN    1.0020        0.0690
   ab_p[1,1]   -0.1042    0.0451    0.0013   1167.1372    862.4548    1.0047        0.0867
   ab_p[2,1]   -0.0017    0.0300    0.0010    809.6850    629.7447    1.0036        0.0602
   ab_p[1,2]    0.1477    0.0412    0.0013    980.6138    848.9496    1.0025        0.0729
   ab_p[2,2]    0.0572    0.0312    0.0011    787.2920    833.2205    1.0061        0.0585
   ab_p[1,3]   -0.1276    0.0423    0.0013   1058.4811    704.8375    0.9978        0.0786
   ab_p[2,3]    0.0348    0.0320    0.0010   1016.4794    750.6083    0.9988        0.0755
   ab_p[1,4]    0.1347    0.0417    0.0013    994.7065    605.9736    0.9999        0.0739
   ab_p[2,4]   -0.0306    0.0324    0.0010    961.2446    849.0658    1.0008        0.0714
   ab_p[1,5]   -0.0161    0.0412    0.0012   1084.7270    608.4434    1.0021        0.0806
   ab_p[2,5]   -0.0063    0.0321    0.0010   1051.0850    757.0718    1.0046        0.0781
   ab_p[1,6]   -0.2015    0.0463    0.0014   1130.5221    945.3407    1.0057        0.0840
   ab_p[2,6]    0.0781    0.0338    0.0012    858.4320    771.5831    1.0041        0.0638
   ab_p[1,7]    0.0184    0.0422    0.0013   1022.3366    909.2933    1.0004        0.0760
   ab_p[2,7]    0.0213    0.0321    0.0010    966.3363    924.3792    0.9987        0.0718
   ab_p[1,8]    0.1284    0.0416    0.0012   1205.9913    764.9280    0.9995        0.0896
   ab_p[2,8]    0.0342    0.0307    0.0010    972.8709    914.0506    1.0019        0.0723
   ab_p[1,9]   -0.0893    0.0408    0.0013    993.8623    729.2976    1.0032        0.0738
   ab_p[2,9]   -0.0759    0.0324    0.0011    862.7080    739.6438    1.0019        0.0641
  ab_p[1,10]   -0.1366    0.0422    0.0013   1049.3284    915.2854    0.9988        0.0780
  ab_p[2,10]   -0.0696    0.0330    0.0011    922.8445    671.0968    1.0006        0.0686
  ab_p[1,11]   -0.0577    0.0410    0.0012   1255.5351    734.8590    1.0046        0.0933
  ab_p[2,11]   -0.1218    0.0350    0.0011   1042.4692    708.3704    1.0061        0.0775
  ab_p[1,12]   -0.0556    0.0422    0.0013   1013.6827    878.2503    1.0018        0.0753
  ab_p[2,12]   -0.0372    0.0320    0.0010    967.8662    783.3872    1.0097        0.0719
  ab_p[1,13]    0.0846    0.0427    0.0013   1011.6824    733.0872    0.9991        0.0752
  ab_p[2,13]    0.0123    0.0306    0.0010   1027.0291    746.3038    0.9989        0.0763
  ab_p[1,14]    0.0430    0.0388    0.0012   1084.1196    911.6474    1.0009        0.0806
  ab_p[2,14]    0.0220    0.0310    0.0010   1030.0114    715.2866    1.0018        0.0765
  ab_p[1,15]    0.0208    0.0429    0.0013   1024.7931    789.4515    1.0018        0.0761
  ab_p[2,15]    0.0399    0.0332    0.0010   1034.7826    774.1435    1.0071        0.0769
  ab_p[1,16]    0.0109    0.0433    0.0013   1201.8045    763.5031    1.0012        0.0893
  ab_p[2,16]    0.0190    0.0334    0.0011    871.6228    708.1616    0.9994        0.0648
  ab_p[1,17]    0.0220    0.0404    0.0012   1150.6443    692.6803    1.0016        0.0855
  ab_p[2,17]    0.0284    0.0296    0.0009   1037.6681    736.8027    1.0037        0.0771
  ab_p[1,18]   -0.0905    0.0400    0.0012   1039.0457    761.9757    0.9999        0.0772
  ab_p[2,18]   -0.0307    0.0314    0.0009   1094.5279    902.2227    0.9993        0.0813
  ab_p[1,19]    0.0597    0.0432    0.0015    882.2506    705.8477    1.0026        0.0656
  ab_p[2,19]   -0.0586    0.0322    0.0010    992.0829    623.9702    1.0044        0.0737
  ab_p[1,20]    0.0188    0.0418    0.0012   1145.9097    849.9880    0.9998        0.0851
  ab_p[2,20]   -0.0358    0.0313    0.0010    948.1026    850.6621    1.0035        0.0704
  ab_p[1,21]    0.2627    0.0422    0.0012   1239.6844    914.9214    1.0003        0.0921
  ab_p[2,21]    0.0080    0.0314    0.0010   1025.3532    685.5127    1.0005        0.0762
  ab_p[1,22]    0.0055    0.0418    0.0012   1148.8275    729.0849    1.0108        0.0854
  ab_p[2,22]    0.0667    0.0319    0.0011    828.5445    695.1369    1.0034        0.0616
  ab_p[1,23]   -0.0601    0.0429    0.0013   1059.7279    985.2341    0.9986        0.0787
  ab_p[2,23]    0.0708    0.0324    0.0012    685.8027    805.7492    1.0048        0.0510
  ab_p[1,24]    0.0524    0.0423    0.0013   1069.1967    686.6669    0.9983        0.0794
  ab_p[2,24]   -0.0131    0.0304    0.0010    918.4924    728.4617    1.0015        0.0682
      σ_e[1]    0.3910    0.4567    0.0215    236.6919    199.4023    1.0130        0.0176
      σ_e[2]    0.3045    0.4767    0.0331    161.8528    343.2878    1.0196        0.0120
    ρ_e[1,1]    1.0000    0.0000       NaN         NaN         NaN       NaN           NaN
    ρ_e[2,1]   -0.0076    0.4540    0.0160    840.2385    674.8788    1.0030        0.0624
    ρ_e[1,2]   -0.0076    0.4540    0.0160    840.2385    674.8788    1.0030        0.0624
    ρ_e[2,2]    1.0000    0.0000    0.0000   1195.8182   1004.2023    0.9977        0.0889
   ab_e[1,1]    0.0376    0.0928    0.0035    790.7997    460.3492    1.0009        0.0588
   ab_e[2,1]    0.0014    0.0450    0.0015    963.3681    544.7291    1.0045        0.0716
           σ    1.0302    0.0049    0.0002   1001.0472    668.5209    1.0104        0.0744

Quantiles
  parameters      2.5%     25.0%     50.0%     75.0%     97.5%
      Symbol   Float64   Float64   Float64   Float64   Float64

      σ_w[1]    0.0458    0.0717    0.1159    0.1822    0.5985
      σ_w[2]    0.0190    0.0383    0.0589    0.1043    0.3358
    ρ_w[1,1]    1.0000    1.0000    1.0000    1.0000    1.0000
    ρ_w[2,1]   -0.8945   -0.5586   -0.2580    0.1089    0.6533
    ρ_w[1,2]   -0.8945   -0.5586   -0.2580    0.1089    0.6533
    ρ_w[2,2]    1.0000    1.0000    1.0000    1.0000    1.0000
   ab_w[1,1]   -0.1742   -0.0200    0.0201    0.0608    0.2318
   ab_w[2,1]   -0.0827   -0.0065    0.0137    0.0359    0.1005
   ab_w[1,2]   -0.0896    0.0425    0.0812    0.1187    0.2895
   ab_w[2,2]   -0.1505   -0.0621   -0.0425   -0.0241    0.0370
   ab_w[1,3]   -0.2335   -0.0953   -0.0571   -0.0206    0.1424
   ab_w[2,3]   -0.0882    0.0007    0.0196    0.0400    0.1019
      σ_p[1]    0.0870    0.1052    0.1156    0.1301    0.1646
      σ_p[2]    0.0389    0.0527    0.0607    0.0699    0.0924
    ρ_p[1,1]    1.0000    1.0000    1.0000    1.0000    1.0000
    ρ_p[2,1]   -0.3946   -0.1311    0.0487    0.1975    0.4945
    ρ_p[1,2]   -0.3946   -0.1311    0.0487    0.1975    0.4945
    ρ_p[2,2]    1.0000    1.0000    1.0000    1.0000    1.0000
   ab_p[1,1]   -0.1958   -0.1333   -0.1052   -0.0719   -0.0195
   ab_p[2,1]   -0.0553   -0.0219   -0.0031    0.0182    0.0590
   ab_p[1,2]    0.0661    0.1197    0.1487    0.1746    0.2319
   ab_p[2,2]   -0.0076    0.0356    0.0576    0.0784    0.1207
   ab_p[1,3]   -0.2176   -0.1542   -0.1280   -0.1007   -0.0449
   ab_p[2,3]   -0.0298    0.0129    0.0353    0.0561    0.0988
   ab_p[1,4]    0.0530    0.1055    0.1359    0.1642    0.2140
   ab_p[2,4]   -0.0948   -0.0514   -0.0303   -0.0084    0.0294
   ab_p[1,5]   -0.0961   -0.0443   -0.0158    0.0114    0.0623
   ab_p[2,5]   -0.0683   -0.0274   -0.0058    0.0150    0.0579
   ab_p[1,6]   -0.2873   -0.2339   -0.2003   -0.1690   -0.1134
   ab_p[2,6]    0.0152    0.0547    0.0779    0.0995    0.1484
   ab_p[1,7]   -0.0601   -0.0099    0.0182    0.0471    0.1013
   ab_p[2,7]   -0.0423   -0.0002    0.0205    0.0431    0.0829
   ab_p[1,8]    0.0449    0.1016    0.1286    0.1548    0.2130
   ab_p[2,8]   -0.0272    0.0142    0.0351    0.0550    0.0924
   ab_p[1,9]   -0.1691   -0.1162   -0.0894   -0.0621   -0.0088
   ab_p[2,9]   -0.1419   -0.0977   -0.0746   -0.0543   -0.0185
  ab_p[1,10]   -0.2159   -0.1665   -0.1360   -0.1048   -0.0592
  ab_p[2,10]   -0.1357   -0.0915   -0.0692   -0.0472   -0.0051
  ab_p[1,11]   -0.1368   -0.0854   -0.0567   -0.0296    0.0198
  ab_p[2,11]   -0.1930   -0.1448   -0.1216   -0.0973   -0.0549
  ab_p[1,12]   -0.1427   -0.0860   -0.0536   -0.0270    0.0208
  ab_p[2,12]   -0.0973   -0.0598   -0.0378   -0.0141    0.0285
  ab_p[1,13]    0.0018    0.0563    0.0841    0.1138    0.1654
  ab_p[2,13]   -0.0455   -0.0083    0.0111    0.0322    0.0769
  ab_p[1,14]   -0.0356    0.0167    0.0423    0.0692    0.1214
  ab_p[2,14]   -0.0382    0.0007    0.0233    0.0423    0.0817
  ab_p[1,15]   -0.0647   -0.0095    0.0206    0.0486    0.1050
  ab_p[2,15]   -0.0265    0.0195    0.0391    0.0613    0.1068
  ab_p[1,16]   -0.0732   -0.0189    0.0100    0.0398    0.0954
  ab_p[2,16]   -0.0462   -0.0031    0.0180    0.0403    0.0863
  ab_p[1,17]   -0.0562   -0.0062    0.0221    0.0483    0.0983
  ab_p[2,17]   -0.0287    0.0081    0.0285    0.0475    0.0874
  ab_p[1,18]   -0.1690   -0.1158   -0.0917   -0.0646   -0.0114
  ab_p[2,18]   -0.0926   -0.0508   -0.0302   -0.0086    0.0299
  ab_p[1,19]   -0.0262    0.0308    0.0581    0.0876    0.1466
  ab_p[2,19]   -0.1240   -0.0799   -0.0584   -0.0377    0.0047
  ab_p[1,20]   -0.0631   -0.0072    0.0201    0.0477    0.0976
  ab_p[2,20]   -0.0957   -0.0557   -0.0365   -0.0159    0.0273
  ab_p[1,21]    0.1805    0.2349    0.2616    0.2894    0.3459
  ab_p[2,21]   -0.0521   -0.0127    0.0074    0.0285    0.0674
  ab_p[1,22]   -0.0783   -0.0218    0.0058    0.0347    0.0847
  ab_p[2,22]    0.0070    0.0450    0.0654    0.0889    0.1324
  ab_p[1,23]   -0.1471   -0.0884   -0.0596   -0.0300    0.0230
  ab_p[2,23]    0.0117    0.0482    0.0693    0.0923    0.1352
  ab_p[1,24]   -0.0270    0.0232    0.0518    0.0834    0.1329
  ab_p[2,24]   -0.0748   -0.0346   -0.0127    0.0076    0.0457
      σ_e[1]    0.0099    0.1005    0.2378    0.5063    1.6363
      σ_e[2]    0.0093    0.0415    0.1170    0.3702    1.6955
    ρ_e[1,1]    1.0000    1.0000    1.0000    1.0000    1.0000
    ρ_e[2,1]   -0.8086   -0.3610   -0.0232    0.3428    0.8285
    ρ_e[1,2]   -0.8086   -0.3610   -0.0232    0.3428    0.8285
    ρ_e[2,2]    1.0000    1.0000    1.0000    1.0000    1.0000
   ab_e[1,1]   -0.1667   -0.0004    0.0354    0.0769    0.2196
   ab_e[2,1]   -0.0832   -0.0183    0.0005    0.0180    0.1051
           σ    1.0207    1.0271    1.0300    1.0335    1.0399

