Chains MCMC chain (250×85×4 Array{Float64, 3}):

Iterations        = 126:1:375
Number of chains  = 4
Samples per chain = 250
Wall duration     = 8773.49 seconds
Compute duration  = 30718.1 seconds
parameters        = σ_w[1], σ_w[2], ρ_w[1,1], ρ_w[2,1], ρ_w[1,2], ρ_w[2,2], ab_w[1,1], ab_w[2,1], ab_w[1,2], ab_w[2,2], σ_p[1], σ_p[2], ρ_p[1,1], ρ_p[2,1], ρ_p[1,2], ρ_p[2,2], ab_p[1,1], ab_p[2,1], ab_p[1,2], ab_p[2,2], ab_p[1,3], ab_p[2,3], ab_p[1,4], ab_p[2,4], ab_p[1,5], ab_p[2,5], ab_p[1,6], ab_p[2,6], ab_p[1,7], ab_p[2,7], ab_p[1,8], ab_p[2,8], ab_p[1,9], ab_p[2,9], ab_p[1,10], ab_p[2,10], ab_p[1,11], ab_p[2,11], ab_p[1,12], ab_p[2,12], ab_p[1,13], ab_p[2,13], ab_p[1,14], ab_p[2,14], ab_p[1,15], ab_p[2,15], ab_p[1,16], ab_p[2,16], ab_p[1,17], ab_p[2,17], ab_p[1,18], ab_p[2,18], ab_p[1,19], ab_p[2,19], ab_p[1,20], ab_p[2,20], ab_p[1,21], ab_p[2,21], ab_p[1,22], ab_p[2,22], ab_p[1,23], ab_p[2,23], ab_p[1,24], ab_p[2,24], σ_e[1], σ_e[2], ρ_e[1,1], ρ_e[2,1], ρ_e[1,2], ρ_e[2,2], ab_e[1,1], ab_e[2,1], σ
internals         = lp, n_steps, is_accept, acceptance_rate, log_density, hamiltonian_energy, hamiltonian_energy_error, max_hamiltonian_energy_error, tree_depth, numerical_error, step_size, nom_step_size

Summary Statistics
  parameters      mean       std      mcse    ess_bulk   ess_tail      rhat   ess_per_sec
      Symbol   Float64   Float64   Float64     Float64    Float64   Float64       Float64

      σ_w[1]    0.1291    0.2188    0.0171     66.8750   131.2089    1.0325        0.0022
      σ_w[2]    0.1655    0.2758    0.0180    121.5160    87.1393    1.0482        0.0040
    ρ_w[1,1]    1.0000    0.0000       NaN         NaN        NaN       NaN           NaN
    ρ_w[2,1]    0.0146    0.4797    0.0262    370.1320   362.7456    1.0253        0.0120
    ρ_w[1,2]    0.0146    0.4797    0.0262    370.1320   362.7456    1.0253        0.0120
    ρ_w[2,2]    1.0000    0.0000    0.0000    918.5813   851.2663    1.0019        0.0299
   ab_w[1,1]    0.0052    0.1000    0.0038    685.3339   193.0816    1.0271        0.0223
   ab_w[2,1]   -0.0145    0.1125    0.0062    425.5932   185.2208    1.0291        0.0139
   ab_w[1,2]    0.0028    0.0996    0.0038    713.1197   186.6389    1.0255        0.0232
   ab_w[2,2]    0.0087    0.1129    0.0062    435.5960   201.8390    1.0161        0.0142
      σ_p[1]    0.2324    0.0360    0.0014    658.4622   472.3034    1.0037        0.0214
      σ_p[2]    0.0389    0.0084    0.0003    589.1265   524.3596    1.0038        0.0192
    ρ_p[1,1]    1.0000    0.0000       NaN         NaN        NaN       NaN           NaN
    ρ_p[2,1]    0.5620    0.1843    0.0076    583.6505   412.5245    1.0054        0.0190
    ρ_p[1,2]    0.5620    0.1843    0.0076    583.6505   412.5245    1.0054        0.0190
    ρ_p[2,2]    1.0000    0.0000    0.0000    976.8523   728.4723    1.0043        0.0318
   ab_p[1,1]    0.0743    0.0513    0.0022    529.0225   547.5151    1.0103        0.0172
   ab_p[2,1]   -0.0024    0.0201    0.0006   1014.4546   839.3085    1.0009        0.0330
   ab_p[1,2]   -0.1033    0.0513    0.0022    537.2237   423.5759    1.0090        0.0175
   ab_p[2,2]   -0.0432    0.0210    0.0006   1174.9719   869.8506    1.0009        0.0383
   ab_p[1,3]    0.3116    0.0505    0.0021    575.5960   501.3821    1.0105        0.0187
   ab_p[2,3]    0.0710    0.0217    0.0007   1006.5679   915.8752    1.0019        0.0328
   ab_p[1,4]   -0.2293    0.0517    0.0021    607.7479   493.9970    1.0055        0.0198
   ab_p[2,4]   -0.0332    0.0201    0.0007    910.5581   493.8388    1.0010        0.0296
   ab_p[1,5]   -0.1473    0.0510    0.0022    537.9387   496.6382    1.0071        0.0175
   ab_p[2,5]   -0.0294    0.0193    0.0006   1020.9043   760.9089    1.0022        0.0332
   ab_p[1,6]    0.6505    0.0522    0.0021    633.5277   574.2575    1.0041        0.0206
   ab_p[2,6]    0.0504    0.0219    0.0008    797.1742   701.3673    1.0001        0.0260
   ab_p[1,7]   -0.1516    0.0508    0.0020    626.1844   605.0584    1.0041        0.0204
   ab_p[2,7]    0.0022    0.0192    0.0007    872.5906   776.6481    1.0075        0.0284
   ab_p[1,8]   -0.0006    0.0508    0.0022    534.3140   568.7124    1.0068        0.0174
   ab_p[2,8]    0.0009    0.0195    0.0006   1000.5797   683.4832    1.0101        0.0326
   ab_p[1,9]    0.0141    0.0503    0.0020    636.3111   545.8844    1.0070        0.0207
   ab_p[2,9]   -0.0015    0.0202    0.0007    940.4439   715.9725    1.0039        0.0306
  ab_p[1,10]   -0.1565    0.0507    0.0020    624.5956   521.3419    1.0054        0.0203
  ab_p[2,10]    0.0126    0.0190    0.0006   1079.8778   808.5540    1.0016        0.0352
  ab_p[1,11]   -0.3416    0.0507    0.0019    668.7597   479.9120    1.0056        0.0218
  ab_p[2,11]   -0.0110    0.0209    0.0007    907.0516   571.7020    1.0051        0.0295
  ab_p[1,12]   -0.0061    0.0516    0.0020    607.9743   502.8465    1.0090        0.0198
  ab_p[2,12]   -0.0027    0.0182    0.0006   1016.8435   733.2428    1.0021        0.0331
  ab_p[1,13]    0.0950    0.0498    0.0019    643.0705   538.7262    1.0078        0.0209
  ab_p[2,13]    0.0197    0.0203    0.0006   1070.7502   564.0528    1.0060        0.0349
  ab_p[1,14]    0.2186    0.0501    0.0022    539.5499   535.5249    1.0064        0.0176
  ab_p[2,14]   -0.0107    0.0210    0.0007   1014.2425   686.9698    1.0002        0.0330
  ab_p[1,15]    0.3416    0.0511    0.0020    641.3368   530.1477    1.0077        0.0209
  ab_p[2,15]    0.0356    0.0199    0.0006    984.5927   619.7549    0.9996        0.0321
  ab_p[1,16]   -0.0606    0.0519    0.0021    575.3706   377.6430    1.0036        0.0187
  ab_p[2,16]    0.0192    0.0202    0.0007    880.3116   717.6592    1.0033        0.0287
  ab_p[1,17]   -0.0703    0.0504    0.0021    595.8266   455.7961    1.0110        0.0194
  ab_p[2,17]   -0.0271    0.0195    0.0007    849.9062   670.8729    1.0021        0.0277
  ab_p[1,18]   -0.0605    0.0499    0.0021    551.2193   536.6960    1.0046        0.0179
  ab_p[2,18]   -0.0039    0.0198    0.0006   1079.6914   686.9351    1.0075        0.0351
  ab_p[1,19]   -0.0791    0.0509    0.0022    538.0822   502.0729    1.0055        0.0175
  ab_p[2,19]    0.0096    0.0202    0.0006   1029.1463   910.5451    1.0028        0.0335
  ab_p[1,20]   -0.1789    0.0505    0.0020    624.9513   488.6110    1.0052        0.0203
  ab_p[2,20]   -0.0175    0.0200    0.0006   1097.0958   584.5462    1.0036        0.0357
  ab_p[1,21]   -0.2868    0.0523    0.0022    544.9659   462.6898    1.0073        0.0177
  ab_p[2,21]   -0.0877    0.0229    0.0008    883.0935   775.9823    1.0012        0.0287
  ab_p[1,22]    0.0017    0.0498    0.0021    529.0158   578.4443    1.0080        0.0172
  ab_p[2,22]    0.0013    0.0198    0.0006    938.9947   623.4869    1.0012        0.0306
  ab_p[1,23]    0.1791    0.0513    0.0022    539.2196   414.6498    1.0097        0.0176
  ab_p[2,23]    0.0305    0.0202    0.0006   1072.0609   832.4511    1.0028        0.0349
  ab_p[1,24]   -0.0150    0.0506    0.0019    661.5182   476.3560    1.0052        0.0215
  ab_p[2,24]    0.0121    0.0204    0.0007    951.7257   674.6014    1.0005        0.0310
      σ_e[1]    0.3149    0.4694    0.0324     91.6603   254.6116    1.0221        0.0030
      σ_e[2]    0.4211    0.5641    0.0490     47.0194   239.8385    1.0813        0.0015
    ρ_e[1,1]    1.0000    0.0000       NaN         NaN        NaN       NaN           NaN
    ρ_e[2,1]    0.0319    0.4616    0.0279    249.2866   240.8868    1.0125        0.0081
    ρ_e[1,2]    0.0319    0.4616    0.0279    249.2866   240.8868    1.0125        0.0081
    ρ_e[2,2]    1.0000    0.0000    0.0000    951.9211   841.2392    1.0070        0.0310
   ab_e[1,1]    0.0022    0.1027    0.0039    683.5715   190.6171    1.0345        0.0223
   ab_e[2,1]   -0.0371    0.1124    0.0062    447.3300   199.4718    1.0228        0.0146
           σ    0.9750    0.0035    0.0001    935.8483   562.0492    0.9990        0.0305

Quantiles
  parameters      2.5%     25.0%     50.0%     75.0%     97.5%
      Symbol   Float64   Float64   Float64   Float64   Float64

      σ_w[1]    0.0029    0.0140    0.0506    0.1430    0.7564
      σ_w[2]    0.0059    0.0333    0.0661    0.1787    1.0192
    ρ_w[1,1]    1.0000    1.0000    1.0000    1.0000    1.0000
    ρ_w[2,1]   -0.8246   -0.3614    0.0167    0.4266    0.8278
    ρ_w[1,2]   -0.8246   -0.3614    0.0167    0.4266    0.8278
    ρ_w[2,2]    1.0000    1.0000    1.0000    1.0000    1.0000
   ab_w[1,1]   -0.1576   -0.0145    0.0010    0.0193    0.2370
   ab_w[2,1]   -0.2238   -0.0523   -0.0187    0.0039    0.2680
   ab_w[1,2]   -0.1630   -0.0160   -0.0006    0.0167    0.2483
   ab_w[2,2]   -0.2033   -0.0272    0.0031    0.0290    0.3039
      σ_p[1]    0.1729    0.2077    0.2300    0.2528    0.3145
      σ_p[2]    0.0248    0.0325    0.0383    0.0438    0.0567
    ρ_p[1,1]    1.0000    1.0000    1.0000    1.0000    1.0000
    ρ_p[2,1]    0.1434    0.4567    0.5868    0.6873    0.8613
    ρ_p[1,2]    0.1434    0.4567    0.5868    0.6873    0.8613
    ρ_p[2,2]    1.0000    1.0000    1.0000    1.0000    1.0000
   ab_p[1,1]   -0.0299    0.0406    0.0745    0.1091    0.1757
   ab_p[2,1]   -0.0424   -0.0161   -0.0021    0.0109    0.0390
   ab_p[1,2]   -0.2064   -0.1361   -0.1026   -0.0705   -0.0034
   ab_p[2,2]   -0.0845   -0.0576   -0.0427   -0.0288   -0.0026
   ab_p[1,3]    0.2083    0.2804    0.3117    0.3441    0.4142
   ab_p[2,3]    0.0315    0.0558    0.0713    0.0851    0.1127
   ab_p[1,4]   -0.3401   -0.2619   -0.2297   -0.1926   -0.1343
   ab_p[2,4]   -0.0740   -0.0460   -0.0333   -0.0202    0.0089
   ab_p[1,5]   -0.2550   -0.1803   -0.1476   -0.1141   -0.0469
   ab_p[2,5]   -0.0663   -0.0428   -0.0293   -0.0163    0.0063
   ab_p[1,6]    0.5426    0.6172    0.6513    0.6825    0.7543
   ab_p[2,6]    0.0088    0.0352    0.0510    0.0667    0.0918
   ab_p[1,7]   -0.2546   -0.1836   -0.1521   -0.1195   -0.0534
   ab_p[2,7]   -0.0351   -0.0110    0.0020    0.0147    0.0428
   ab_p[1,8]   -0.1018   -0.0345    0.0016    0.0320    0.0979
   ab_p[2,8]   -0.0383   -0.0112    0.0009    0.0124    0.0398
   ab_p[1,9]   -0.0912   -0.0196    0.0145    0.0456    0.1170
   ab_p[2,9]   -0.0425   -0.0159   -0.0011    0.0129    0.0349
  ab_p[1,10]   -0.2629   -0.1896   -0.1559   -0.1244   -0.0548
  ab_p[2,10]   -0.0226   -0.0012    0.0112    0.0253    0.0508
  ab_p[1,11]   -0.4493   -0.3743   -0.3423   -0.3084   -0.2373
  ab_p[2,11]   -0.0510   -0.0254   -0.0116    0.0031    0.0290
  ab_p[1,12]   -0.1112   -0.0378   -0.0057    0.0254    0.0931
  ab_p[2,12]   -0.0411   -0.0138   -0.0032    0.0087    0.0346
  ab_p[1,13]   -0.0060    0.0639    0.0954    0.1266    0.1945
  ab_p[2,13]   -0.0178    0.0056    0.0189    0.0342    0.0602
  ab_p[1,14]    0.1124    0.1875    0.2182    0.2502    0.3187
  ab_p[2,14]   -0.0498   -0.0247   -0.0105    0.0036    0.0288
  ab_p[1,15]    0.2322    0.3107    0.3416    0.3738    0.4436
  ab_p[2,15]   -0.0046    0.0230    0.0361    0.0480    0.0765
  ab_p[1,16]   -0.1589   -0.0946   -0.0601   -0.0284    0.0414
  ab_p[2,16]   -0.0195    0.0050    0.0186    0.0324    0.0592
  ab_p[1,17]   -0.1769   -0.1023   -0.0687   -0.0395    0.0346
  ab_p[2,17]   -0.0644   -0.0401   -0.0268   -0.0132    0.0097
  ab_p[1,18]   -0.1603   -0.0921   -0.0610   -0.0303    0.0440
  ab_p[2,18]   -0.0418   -0.0177   -0.0042    0.0097    0.0339
  ab_p[1,19]   -0.1798   -0.1103   -0.0789   -0.0482    0.0268
  ab_p[2,19]   -0.0286   -0.0051    0.0088    0.0238    0.0495
  ab_p[1,20]   -0.2811   -0.2105   -0.1784   -0.1464   -0.0786
  ab_p[2,20]   -0.0564   -0.0300   -0.0177   -0.0042    0.0229
  ab_p[1,21]   -0.3949   -0.3194   -0.2879   -0.2524   -0.1823
  ab_p[2,21]   -0.1349   -0.1024   -0.0865   -0.0717   -0.0455
  ab_p[1,22]   -0.0984   -0.0275    0.0017    0.0341    0.1007
  ab_p[2,22]   -0.0377   -0.0122    0.0019    0.0144    0.0394
  ab_p[1,23]    0.0752    0.1463    0.1791    0.2123    0.2800
  ab_p[2,23]   -0.0078    0.0170    0.0309    0.0436    0.0704
  ab_p[1,24]   -0.1235   -0.0459   -0.0150    0.0189    0.0810
  ab_p[2,24]   -0.0253   -0.0017    0.0117    0.0255    0.0521
      σ_e[1]    0.0105    0.0499    0.1302    0.3623    1.8011
      σ_e[2]    0.0094    0.0762    0.2224    0.5471    2.1323
    ρ_e[1,1]    1.0000    1.0000    1.0000    1.0000    1.0000
    ρ_e[2,1]   -0.8023   -0.3465    0.0354    0.4171    0.8173
    ρ_e[1,2]   -0.8023   -0.3465    0.0354    0.4171    0.8173
    ρ_e[2,2]    1.0000    1.0000    1.0000    1.0000    1.0000
   ab_e[1,1]   -0.2307   -0.0269    0.0057    0.0387    0.1705
   ab_e[2,1]   -0.3246   -0.0574   -0.0325    0.0001    0.1755
           σ    0.9679    0.9728    0.9749    0.9774    0.9816

