Chains MCMC chain (250×85×4 Array{Float64, 3}):

Iterations        = 126:1:375
Number of chains  = 4
Samples per chain = 250
Wall duration     = 18132.08 seconds
Compute duration  = 66379.78 seconds
parameters        = σ_w[1], σ_w[2], ρ_w[1,1], ρ_w[2,1], ρ_w[1,2], ρ_w[2,2], ab_w[1,1], ab_w[2,1], ab_w[1,2], ab_w[2,2], σ_p[1], σ_p[2], ρ_p[1,1], ρ_p[2,1], ρ_p[1,2], ρ_p[2,2], ab_p[1,1], ab_p[2,1], ab_p[1,2], ab_p[2,2], ab_p[1,3], ab_p[2,3], ab_p[1,4], ab_p[2,4], ab_p[1,5], ab_p[2,5], ab_p[1,6], ab_p[2,6], ab_p[1,7], ab_p[2,7], ab_p[1,8], ab_p[2,8], ab_p[1,9], ab_p[2,9], ab_p[1,10], ab_p[2,10], ab_p[1,11], ab_p[2,11], ab_p[1,12], ab_p[2,12], ab_p[1,13], ab_p[2,13], ab_p[1,14], ab_p[2,14], ab_p[1,15], ab_p[2,15], ab_p[1,16], ab_p[2,16], ab_p[1,17], ab_p[2,17], ab_p[1,18], ab_p[2,18], ab_p[1,19], ab_p[2,19], ab_p[1,20], ab_p[2,20], ab_p[1,21], ab_p[2,21], ab_p[1,22], ab_p[2,22], ab_p[1,23], ab_p[2,23], ab_p[1,24], ab_p[2,24], σ_e[1], σ_e[2], ρ_e[1,1], ρ_e[2,1], ρ_e[1,2], ρ_e[2,2], ab_e[1,1], ab_e[2,1], σ
internals         = lp, n_steps, is_accept, acceptance_rate, log_density, hamiltonian_energy, hamiltonian_energy_error, max_hamiltonian_energy_error, tree_depth, numerical_error, step_size, nom_step_size

Summary Statistics
  parameters      mean       std      mcse    ess_bulk   ess_tail      rhat   ess_per_sec
      Symbol   Float64   Float64   Float64     Float64    Float64   Float64       Float64

      σ_w[1]    0.2204    0.2801    0.0164    209.3784   571.6900    1.0144        0.0032
      σ_w[2]    0.2072    0.3027    0.0223    207.6083   327.3060    1.0190        0.0031
    ρ_w[1,1]    1.0000    0.0000       NaN         NaN        NaN       NaN           NaN
    ρ_w[2,1]   -0.0835    0.4509    0.0167    725.3060   419.1068    1.0056        0.0109
    ρ_w[1,2]   -0.0835    0.4509    0.0167    725.3060   419.1068    1.0056        0.0109
    ρ_w[2,2]    1.0000    0.0000    0.0000   1081.3978   993.7325    1.0008        0.0163
   ab_w[1,1]    0.0373    0.1255    0.0059    632.4571   246.6683    1.0126        0.0095
   ab_w[2,1]   -0.0280    0.1730    0.0091    798.9075   199.6291    1.0037        0.0120
   ab_w[1,2]   -0.0333    0.1255    0.0058    611.3562   248.8717    1.0082        0.0092
   ab_w[2,2]    0.0198    0.1739    0.0092    787.1331   199.6291    1.0038        0.0119
      σ_p[1]    0.1083    0.0202    0.0007    983.7415   548.8592    1.0042        0.0148
      σ_p[2]    0.0728    0.0128    0.0005    925.7629   529.3823    1.0070        0.0139
    ρ_p[1,1]    1.0000    0.0000       NaN         NaN        NaN       NaN           NaN
    ρ_p[2,1]   -0.0470    0.1980    0.0065    936.3402   656.1306    1.0073        0.0141
    ρ_p[1,2]   -0.0470    0.1980    0.0065    936.3402   656.1306    1.0073        0.0141
    ρ_p[2,2]    1.0000    0.0000    0.0000   1000.7412   951.8755    1.0012        0.0151
   ab_p[1,1]   -0.1421    0.0322    0.0011    918.6761   763.4948    1.0041        0.0138
   ab_p[2,1]    0.0181    0.0273    0.0008   1130.1017   949.0783    1.0004        0.0170
   ab_p[1,2]    0.0719    0.0316    0.0011    883.4219   912.8581    0.9986        0.0133
   ab_p[2,2]    0.1133    0.0268    0.0009    980.2735   789.7220    0.9987        0.0148
   ab_p[1,3]   -0.0998    0.0313    0.0010   1057.3809   928.6317    1.0033        0.0159
   ab_p[2,3]    0.0103    0.0273    0.0009   1013.8257   752.0280    1.0057        0.0153
   ab_p[1,4]    0.1277    0.0318    0.0010    988.5117   737.1396    1.0068        0.0149
   ab_p[2,4]   -0.0348    0.0270    0.0009    938.0937   652.3313    1.0041        0.0141
   ab_p[1,5]   -0.0119    0.0328    0.0010    985.7374   713.2117    1.0066        0.0148
   ab_p[2,5]    0.0022    0.0254    0.0008    947.9171   872.0762    1.0043        0.0143
   ab_p[1,6]   -0.2175    0.0321    0.0011    908.3198   768.1054    1.0038        0.0137
   ab_p[2,6]    0.0877    0.0261    0.0007   1236.5597   842.3234    1.0015        0.0186
   ab_p[1,7]    0.0248    0.0314    0.0010   1033.9082   813.4168    1.0026        0.0156
   ab_p[2,7]   -0.0029    0.0253    0.0008    930.1506   688.0852    1.0019        0.0140
   ab_p[1,8]    0.1378    0.0321    0.0010    976.8670   839.2264    0.9991        0.0147
   ab_p[2,8]    0.0225    0.0255    0.0008   1022.4569   833.3798    1.0030        0.0154
   ab_p[1,9]   -0.0974    0.0300    0.0010    851.7224   846.5675    1.0030        0.0128
   ab_p[2,9]   -0.0506    0.0259    0.0008    975.7042   682.2280    1.0007        0.0147
  ab_p[1,10]   -0.0717    0.0310    0.0010    957.8435   773.6737    1.0007        0.0144
  ab_p[2,10]   -0.0986    0.0257    0.0007   1186.7198   759.3561    1.0081        0.0179
  ab_p[1,11]    0.0388    0.0319    0.0009   1136.8453   815.7620    1.0100        0.0171
  ab_p[2,11]   -0.1671    0.0276    0.0009   1021.4150   755.8975    1.0069        0.0154
  ab_p[1,12]   -0.0202    0.0299    0.0011    742.2451   752.6869    1.0018        0.0112
  ab_p[2,12]   -0.0729    0.0267    0.0009    924.7061   649.6733    1.0009        0.0139
  ab_p[1,13]    0.0660    0.0318    0.0011    808.8047   849.9210    1.0003        0.0122
  ab_p[2,13]    0.0087    0.0258    0.0009    890.9020   685.8790    1.0009        0.0134
  ab_p[1,14]    0.0434    0.0314    0.0010   1069.5461   800.6624    1.0037        0.0161
  ab_p[2,14]    0.0269    0.0262    0.0008   1123.6604   815.7353    0.9985        0.0169
  ab_p[1,15]   -0.0475    0.0316    0.0010    985.1626   823.4693    1.0061        0.0148
  ab_p[2,15]    0.0811    0.0274    0.0009   1004.8007   690.2763    1.0076        0.0151
  ab_p[1,16]   -0.0108    0.0301    0.0009   1082.8680   734.1066    1.0012        0.0163
  ab_p[2,16]    0.0260    0.0253    0.0008    955.1196   777.1725    0.9986        0.0144
  ab_p[1,17]   -0.0255    0.0313    0.0011    761.5803   602.3667    1.0005        0.0115
  ab_p[2,17]    0.0488    0.0261    0.0008   1041.0072   666.1891    1.0043        0.0157
  ab_p[1,18]   -0.0700    0.0317    0.0009   1147.5233   820.0510    1.0037        0.0173
  ab_p[2,18]   -0.0495    0.0264    0.0008    969.3129   654.9542    1.0017        0.0146
  ab_p[1,19]    0.0603    0.0312    0.0010    925.3100   618.9951    1.0015        0.0139
  ab_p[2,19]   -0.0604    0.0253    0.0008    946.4496   675.2941    1.0004        0.0143
  ab_p[1,20]    0.0377    0.0321    0.0010    981.2224   786.1402    1.0048        0.0148
  ab_p[2,20]   -0.0553    0.0263    0.0008   1041.7225   709.4305    0.9982        0.0157
  ab_p[1,21]    0.2471    0.0328    0.0011    924.7627   772.6394    0.9990        0.0139
  ab_p[2,21]    0.0346    0.0270    0.0009   1009.6759   646.1979    1.0066        0.0152
  ab_p[1,22]   -0.0131    0.0313    0.0009   1179.5147   936.3973    1.0007        0.0178
  ab_p[2,22]    0.0543    0.0257    0.0008   1040.7437   810.4325    1.0023        0.0157
  ab_p[1,23]   -0.0452    0.0308    0.0010    949.0128   890.5382    1.0006        0.0143
  ab_p[2,23]    0.0607    0.0266    0.0009    961.8227   768.6015    0.9979        0.0145
  ab_p[1,24]    0.0335    0.0308    0.0010   1026.1264   727.3149    1.0013        0.0155
  ab_p[2,24]    0.0160    0.0261    0.0009    822.7771   814.7376    1.0066        0.0124
      σ_e[1]    0.3677    0.4709    0.0293    169.1128   274.9201    1.0230        0.0025
      σ_e[2]    0.3779    0.4982    0.0329    168.6001   292.4343    1.0078        0.0025
    ρ_e[1,1]    1.0000    0.0000       NaN         NaN        NaN       NaN           NaN
    ρ_e[2,1]   -0.0003    0.4629    0.0158    832.7701   565.2469    1.0019        0.0125
    ρ_e[1,2]   -0.0003    0.4629    0.0158    832.7701   565.2469    1.0019        0.0125
    ρ_e[2,2]    1.0000    0.0000    0.0000    887.1078   851.4240    1.0009        0.0134
   ab_e[1,1]    0.0037    0.1261    0.0057    640.2775   314.6859    1.0223        0.0096
   ab_e[2,1]    0.0281    0.1738    0.0092    785.7326   199.4481    1.0060        0.0118
           σ    0.9915    0.0036    0.0001    948.5264   813.5056    1.0021        0.0143

Quantiles
  parameters      2.5%     25.0%     50.0%     75.0%     97.5%
      Symbol   Float64   Float64   Float64   Float64   Float64

      σ_w[1]    0.0295    0.0634    0.1186    0.2498    1.1415
      σ_w[2]    0.0175    0.0506    0.0992    0.2305    1.0611
    ρ_w[1,1]    1.0000    1.0000    1.0000    1.0000    1.0000
    ρ_w[2,1]   -0.8406   -0.4500   -0.0964    0.2638    0.7907
    ρ_w[1,2]   -0.8406   -0.4500   -0.0964    0.2638    0.7907
    ρ_w[2,2]    1.0000    1.0000    1.0000    1.0000    1.0000
   ab_w[1,1]   -0.2298    0.0042    0.0368    0.0739    0.3106
   ab_w[2,1]   -0.4020   -0.0523   -0.0169    0.0146    0.2248
   ab_w[1,2]   -0.3009   -0.0677   -0.0323    0.0030    0.2441
   ab_w[2,2]   -0.3525   -0.0032    0.0289    0.0629    0.2860
      σ_p[1]    0.0772    0.0945    0.1053    0.1189    0.1550
      σ_p[2]    0.0527    0.0634    0.0719    0.0799    0.1023
    ρ_p[1,1]    1.0000    1.0000    1.0000    1.0000    1.0000
    ρ_p[2,1]   -0.4288   -0.1757   -0.0460    0.0808    0.3437
    ρ_p[1,2]   -0.4288   -0.1757   -0.0460    0.0808    0.3437
    ρ_p[2,2]    1.0000    1.0000    1.0000    1.0000    1.0000
   ab_p[1,1]   -0.2067   -0.1629   -0.1419   -0.1191   -0.0799
   ab_p[2,1]   -0.0350   -0.0013    0.0191    0.0373    0.0681
   ab_p[1,2]    0.0086    0.0507    0.0717    0.0937    0.1316
   ab_p[2,2]    0.0626    0.0952    0.1123    0.1306    0.1661
   ab_p[1,3]   -0.1598   -0.1207   -0.1004   -0.0787   -0.0405
   ab_p[2,3]   -0.0432   -0.0076    0.0113    0.0283    0.0632
   ab_p[1,4]    0.0675    0.1054    0.1276    0.1486    0.1887
   ab_p[2,4]   -0.0882   -0.0532   -0.0344   -0.0171    0.0199
   ab_p[1,5]   -0.0744   -0.0349   -0.0113    0.0108    0.0541
   ab_p[2,5]   -0.0445   -0.0153    0.0024    0.0196    0.0518
   ab_p[1,6]   -0.2776   -0.2398   -0.2171   -0.1948   -0.1537
   ab_p[2,6]    0.0355    0.0698    0.0881    0.1057    0.1389
   ab_p[1,7]   -0.0396    0.0046    0.0261    0.0467    0.0807
   ab_p[2,7]   -0.0526   -0.0198   -0.0029    0.0145    0.0446
   ab_p[1,8]    0.0753    0.1154    0.1368    0.1587    0.2040
   ab_p[2,8]   -0.0243    0.0047    0.0231    0.0399    0.0727
   ab_p[1,9]   -0.1569   -0.1173   -0.0972   -0.0769   -0.0391
   ab_p[2,9]   -0.1059   -0.0672   -0.0503   -0.0337   -0.0023
  ab_p[1,10]   -0.1301   -0.0924   -0.0726   -0.0515   -0.0097
  ab_p[2,10]   -0.1454   -0.1169   -0.0995   -0.0806   -0.0486
  ab_p[1,11]   -0.0226    0.0181    0.0386    0.0606    0.0998
  ab_p[2,11]   -0.2218   -0.1854   -0.1674   -0.1479   -0.1150
  ab_p[1,12]   -0.0804   -0.0395   -0.0207   -0.0008    0.0400
  ab_p[2,12]   -0.1241   -0.0914   -0.0732   -0.0546   -0.0223
  ab_p[1,13]    0.0024    0.0447    0.0670    0.0871    0.1276
  ab_p[2,13]   -0.0441   -0.0084    0.0083    0.0265    0.0576
  ab_p[1,14]   -0.0201    0.0221    0.0447    0.0656    0.1028
  ab_p[2,14]   -0.0227    0.0091    0.0275    0.0444    0.0767
  ab_p[1,15]   -0.1088   -0.0682   -0.0479   -0.0253    0.0142
  ab_p[2,15]    0.0262    0.0631    0.0799    0.0990    0.1367
  ab_p[1,16]   -0.0734   -0.0305   -0.0103    0.0093    0.0507
  ab_p[2,16]   -0.0227    0.0093    0.0251    0.0423    0.0776
  ab_p[1,17]   -0.0866   -0.0472   -0.0250   -0.0043    0.0344
  ab_p[2,17]   -0.0031    0.0325    0.0479    0.0667    0.1001
  ab_p[1,18]   -0.1314   -0.0915   -0.0697   -0.0477   -0.0111
  ab_p[2,18]   -0.1004   -0.0666   -0.0492   -0.0333    0.0030
  ab_p[1,19]    0.0005    0.0399    0.0593    0.0809    0.1236
  ab_p[2,19]   -0.1104   -0.0771   -0.0601   -0.0438   -0.0116
  ab_p[1,20]   -0.0267    0.0170    0.0380    0.0562    0.1004
  ab_p[2,20]   -0.1055   -0.0723   -0.0550   -0.0378   -0.0041
  ab_p[1,21]    0.1786    0.2253    0.2479    0.2684    0.3122
  ab_p[2,21]   -0.0165    0.0176    0.0342    0.0519    0.0878
  ab_p[1,22]   -0.0777   -0.0348   -0.0129    0.0093    0.0464
  ab_p[2,22]    0.0047    0.0370    0.0539    0.0714    0.1054
  ab_p[1,23]   -0.1065   -0.0648   -0.0459   -0.0242    0.0165
  ab_p[2,23]    0.0119    0.0423    0.0611    0.0768    0.1172
  ab_p[1,24]   -0.0250    0.0122    0.0335    0.0545    0.0916
  ab_p[2,24]   -0.0378   -0.0014    0.0159    0.0349    0.0654
      σ_e[1]    0.0093    0.0681    0.1811    0.4834    1.6264
      σ_e[2]    0.0106    0.0765    0.1814    0.4687    1.9481
    ρ_e[1,1]    1.0000    1.0000    1.0000    1.0000    1.0000
    ρ_e[2,1]   -0.8075   -0.3528    0.0076    0.3512    0.8390
    ρ_e[1,2]   -0.8075   -0.3528    0.0076    0.3512    0.8390
    ρ_e[2,2]    1.0000    1.0000    1.0000    1.0000    1.0000
   ab_e[1,1]   -0.2700   -0.0316    0.0016    0.0366    0.2821
   ab_e[2,1]   -0.2259   -0.0163    0.0154    0.0530    0.4179
           σ    0.9846    0.9891    0.9914    0.9939    0.9988

