Chains MCMC chain (250×85×4 Array{Float64, 3}):

Iterations        = 126:1:375
Number of chains  = 4
Samples per chain = 250
Wall duration     = 8881.37 seconds
Compute duration  = 29172.34 seconds
parameters        = σ_w[1], σ_w[2], ρ_w[1,1], ρ_w[2,1], ρ_w[1,2], ρ_w[2,2], ab_w[1,1], ab_w[2,1], ab_w[1,2], ab_w[2,2], σ_p[1], σ_p[2], ρ_p[1,1], ρ_p[2,1], ρ_p[1,2], ρ_p[2,2], ab_p[1,1], ab_p[2,1], ab_p[1,2], ab_p[2,2], ab_p[1,3], ab_p[2,3], ab_p[1,4], ab_p[2,4], ab_p[1,5], ab_p[2,5], ab_p[1,6], ab_p[2,6], ab_p[1,7], ab_p[2,7], ab_p[1,8], ab_p[2,8], ab_p[1,9], ab_p[2,9], ab_p[1,10], ab_p[2,10], ab_p[1,11], ab_p[2,11], ab_p[1,12], ab_p[2,12], ab_p[1,13], ab_p[2,13], ab_p[1,14], ab_p[2,14], ab_p[1,15], ab_p[2,15], ab_p[1,16], ab_p[2,16], ab_p[1,17], ab_p[2,17], ab_p[1,18], ab_p[2,18], ab_p[1,19], ab_p[2,19], ab_p[1,20], ab_p[2,20], ab_p[1,21], ab_p[2,21], ab_p[1,22], ab_p[2,22], ab_p[1,23], ab_p[2,23], ab_p[1,24], ab_p[2,24], σ_e[1], σ_e[2], ρ_e[1,1], ρ_e[2,1], ρ_e[1,2], ρ_e[2,2], ab_e[1,1], ab_e[2,1], σ
internals         = lp, n_steps, is_accept, acceptance_rate, log_density, hamiltonian_energy, hamiltonian_energy_error, max_hamiltonian_energy_error, tree_depth, numerical_error, step_size, nom_step_size

Summary Statistics
  parameters      mean       std      mcse    ess_bulk   ess_tail      rhat   ess_per_sec
      Symbol   Float64   Float64   Float64     Float64    Float64   Float64       Float64

      σ_w[1]    0.1382    0.2277    0.0165    131.3580   271.1406    1.0428        0.0045
      σ_w[2]    0.1585    0.2461    0.0252     61.5780   188.5881    1.0423        0.0021
    ρ_w[1,1]    1.0000    0.0000       NaN         NaN        NaN       NaN           NaN
    ρ_w[2,1]    0.0356    0.4725    0.0271    320.7786   358.1062    1.0239        0.0110
    ρ_w[1,2]    0.0356    0.4725    0.0271    320.7786   358.1062    1.0239        0.0110
    ρ_w[2,2]    1.0000    0.0000    0.0000    935.2614   791.9639    1.0022        0.0321
   ab_w[1,1]   -0.0103    0.0989    0.0035    681.3961   352.7648    1.0396        0.0234
   ab_w[2,1]    0.0028    0.1226    0.0129    238.6858    61.5678    1.0392        0.0082
   ab_w[1,2]    0.0178    0.0991    0.0035    666.5348   429.2286    1.0359        0.0228
   ab_w[2,2]    0.0189    0.1220    0.0131    236.2761    50.2732    1.0395        0.0081
      σ_p[1]    0.1624    0.0267    0.0011    736.7062   461.6608    1.0031        0.0253
      σ_p[2]    0.0384    0.0083    0.0004    534.6677   461.7693    1.0013        0.0183
    ρ_p[1,1]    1.0000    0.0000       NaN         NaN        NaN       NaN           NaN
    ρ_p[2,1]   -0.3110    0.2159    0.0089    577.1951   492.9654    1.0107        0.0198
    ρ_p[1,2]   -0.3110    0.2159    0.0089    577.1951   492.9654    1.0107        0.0198
    ρ_p[2,2]    1.0000    0.0000    0.0000    982.9221   813.4057    1.0011        0.0337
   ab_p[1,1]   -0.0151    0.0399    0.0016    639.5778   627.3748    1.0067        0.0219
   ab_p[2,1]    0.0184    0.0202    0.0006   1215.3498   713.2620    0.9992        0.0417
   ab_p[1,2]   -0.1848    0.0397    0.0016    648.1261   450.6958    1.0122        0.0222
   ab_p[2,2]    0.0274    0.0210    0.0006   1090.1041   647.9488    1.0029        0.0374
   ab_p[1,3]    0.0627    0.0396    0.0014    819.7490   643.5396    1.0194        0.0281
   ab_p[2,3]    0.0132    0.0212    0.0006   1284.3403   675.3847    0.9993        0.0440
   ab_p[1,4]   -0.1600    0.0404    0.0014    837.3765   567.2466    1.0206        0.0287
   ab_p[2,4]   -0.0039    0.0202    0.0006    960.4728   649.5124    1.0021        0.0329
   ab_p[1,5]   -0.0859    0.0387    0.0014    800.7089   759.9569    1.0057        0.0274
   ab_p[2,5]   -0.0165    0.0205    0.0006   1231.1908   854.6108    1.0034        0.0422
   ab_p[1,6]    0.0446    0.0401    0.0016    617.4930   513.0009    1.0141        0.0212
   ab_p[2,6]   -0.0843    0.0227    0.0008    843.9655   664.3280    1.0041        0.0289
   ab_p[1,7]   -0.0487    0.0402    0.0016    637.3664   585.3837    1.0106        0.0218
   ab_p[2,7]    0.0288    0.0222    0.0007   1076.6284   763.8557    1.0037        0.0369
   ab_p[1,8]    0.0759    0.0399    0.0016    624.3404   413.9792    1.0157        0.0214
   ab_p[2,8]   -0.0409    0.0209    0.0007    999.6690   630.1285    1.0033        0.0343
   ab_p[1,9]    0.0725    0.0411    0.0016    644.0120   534.7477    1.0185        0.0221
   ab_p[2,9]   -0.0429    0.0204    0.0007    902.5579   651.1853    1.0046        0.0309
  ab_p[1,10]   -0.0547    0.0402    0.0015    669.2694   645.5955    1.0161        0.0229
  ab_p[2,10]    0.0202    0.0203    0.0006   1241.9487   689.6683    1.0130        0.0426
  ab_p[1,11]    0.0741    0.0390    0.0016    594.8847   438.3234    1.0107        0.0204
  ab_p[2,11]    0.0237    0.0210    0.0007    969.5058   713.3266    1.0013        0.0332
  ab_p[1,12]    0.2045    0.0399    0.0015    694.3975   556.6805    1.0191        0.0238
  ab_p[2,12]   -0.0327    0.0217    0.0006   1231.7341   462.7890    1.0132        0.0422
  ab_p[1,13]   -0.1418    0.0401    0.0015    730.2530   556.2116    1.0078        0.0250
  ab_p[2,13]    0.0154    0.0201    0.0007    937.3864   729.5870    1.0025        0.0321
  ab_p[1,14]    0.0607    0.0407    0.0016    666.4125   473.9120    1.0073        0.0228
  ab_p[2,14]   -0.0449    0.0219    0.0007    998.2200   685.9008    1.0045        0.0342
  ab_p[1,15]   -0.0036    0.0391    0.0015    706.2686   575.4647    1.0127        0.0242
  ab_p[2,15]    0.0022    0.0216    0.0007   1086.4509   775.1924    1.0123        0.0372
  ab_p[1,16]    0.0111    0.0403    0.0016    639.5807   458.4481    1.0107        0.0219
  ab_p[2,16]    0.0101    0.0207    0.0006   1154.6997   687.0126    1.0089        0.0396
  ab_p[1,17]   -0.3143    0.0406    0.0015    714.6796   460.1370    1.0074        0.0245
  ab_p[2,17]    0.0299    0.0204    0.0006   1192.5131   946.1362    1.0115        0.0409
  ab_p[1,18]   -0.0539    0.0393    0.0015    704.4500   472.2293    1.0122        0.0241
  ab_p[2,18]    0.0234    0.0206    0.0007    988.7727   588.2653    1.0000        0.0339
  ab_p[1,19]    0.4266    0.0390    0.0016    614.2637   364.7478    1.0138        0.0211
  ab_p[2,19]   -0.0100    0.0216    0.0007    933.7356   769.4675    1.0131        0.0320
  ab_p[1,20]    0.0606    0.0407    0.0016    625.3788   416.6710    1.0244        0.0214
  ab_p[2,20]    0.0232    0.0203    0.0006   1134.5656   711.5133    0.9990        0.0389
  ab_p[1,21]   -0.0983    0.0392    0.0015    706.5028   426.3096    1.0167        0.0242
  ab_p[2,21]    0.0219    0.0209    0.0006   1263.9293   651.8092    1.0001        0.0433
  ab_p[1,22]   -0.1712    0.0402    0.0016    724.2819   425.5460    1.0154        0.0248
  ab_p[2,22]    0.0296    0.0208    0.0006   1274.2529   816.0632    1.0131        0.0437
  ab_p[1,23]    0.1059    0.0394    0.0014    791.1637   606.4852    1.0113        0.0271
  ab_p[2,23]   -0.0220    0.0206    0.0006   1071.9661   587.5880    1.0093        0.0367
  ab_p[1,24]    0.1486    0.0394    0.0014    772.4812   554.9221    1.0172        0.0265
  ab_p[2,24]    0.0137    0.0202    0.0007    932.8713   747.3947    1.0058        0.0320
      σ_e[1]    0.3056    0.4771    0.0457     80.1162   158.4049    1.0255        0.0027
      σ_e[2]    0.3142    0.4739    0.0408     33.7329    22.5233    1.0868        0.0012
    ρ_e[1,1]    1.0000    0.0000       NaN         NaN        NaN       NaN           NaN
    ρ_e[2,1]    0.0156    0.4320    0.0229    356.0880   315.9830    1.0067        0.0122
    ρ_e[1,2]    0.0156    0.4320    0.0229    356.0880   315.9830    1.0067        0.0122
    ρ_e[2,2]    1.0000    0.0000    0.0000    971.1399   960.3287    0.9993        0.0333
   ab_e[1,1]    0.0021    0.1029    0.0036    743.9894   421.3106    1.0268        0.0255
   ab_e[2,1]   -0.0099    0.1221    0.0129    235.1496    60.4821    1.0329        0.0081
           σ    0.9879    0.0034    0.0001   1058.7927   906.1015    1.0047        0.0363

Quantiles
  parameters      2.5%     25.0%     50.0%     75.0%     97.5%
      Symbol   Float64   Float64   Float64   Float64   Float64

      σ_w[1]    0.0097    0.0344    0.0641    0.1457    0.7073
      σ_w[2]    0.0062    0.0250    0.0676    0.1808    0.8878
    ρ_w[1,1]    1.0000    1.0000    1.0000    1.0000    1.0000
    ρ_w[2,1]   -0.7929   -0.3704    0.0644    0.4206    0.8087
    ρ_w[1,2]   -0.7929   -0.3704    0.0644    0.4206    0.8087
    ρ_w[2,2]    1.0000    1.0000    1.0000    1.0000    1.0000
   ab_w[1,1]   -0.1757   -0.0356   -0.0107    0.0106    0.1683
   ab_w[2,1]   -0.2429   -0.0274   -0.0054    0.0133    0.4009
   ab_w[1,2]   -0.1422   -0.0066    0.0141    0.0403    0.2110
   ab_w[2,2]   -0.2215   -0.0135    0.0064    0.0328    0.4140
      σ_p[1]    0.1228    0.1432    0.1581    0.1769    0.2292
      σ_p[2]    0.0242    0.0325    0.0375    0.0434    0.0576
    ρ_p[1,1]    1.0000    1.0000    1.0000    1.0000    1.0000
    ρ_p[2,1]   -0.6787   -0.4702   -0.3347   -0.1606    0.1421
    ρ_p[1,2]   -0.6787   -0.4702   -0.3347   -0.1606    0.1421
    ρ_p[2,2]    1.0000    1.0000    1.0000    1.0000    1.0000
   ab_p[1,1]   -0.0928   -0.0410   -0.0155    0.0102    0.0622
   ab_p[2,1]   -0.0227    0.0051    0.0185    0.0314    0.0612
   ab_p[1,2]   -0.2666   -0.2111   -0.1841   -0.1600   -0.1104
   ab_p[2,2]   -0.0134    0.0134    0.0282    0.0411    0.0695
   ab_p[1,3]   -0.0136    0.0358    0.0618    0.0890    0.1404
   ab_p[2,3]   -0.0275   -0.0009    0.0130    0.0274    0.0557
   ab_p[1,4]   -0.2379   -0.1875   -0.1603   -0.1334   -0.0776
   ab_p[2,4]   -0.0429   -0.0187   -0.0047    0.0100    0.0364
   ab_p[1,5]   -0.1608   -0.1111   -0.0875   -0.0587   -0.0109
   ab_p[2,5]   -0.0585   -0.0287   -0.0167   -0.0028    0.0244
   ab_p[1,6]   -0.0309    0.0175    0.0450    0.0718    0.1225
   ab_p[2,6]   -0.1311   -0.0985   -0.0841   -0.0680   -0.0421
   ab_p[1,7]   -0.1285   -0.0768   -0.0482   -0.0204    0.0303
   ab_p[2,7]   -0.0123    0.0123    0.0296    0.0445    0.0726
   ab_p[1,8]   -0.0065    0.0505    0.0762    0.1036    0.1506
   ab_p[2,8]   -0.0837   -0.0537   -0.0411   -0.0278   -0.0006
   ab_p[1,9]   -0.0096    0.0447    0.0714    0.1006    0.1534
   ab_p[2,9]   -0.0823   -0.0565   -0.0424   -0.0294   -0.0048
  ab_p[1,10]   -0.1383   -0.0804   -0.0539   -0.0284    0.0224
  ab_p[2,10]   -0.0181    0.0060    0.0196    0.0335    0.0606
  ab_p[1,11]   -0.0058    0.0482    0.0747    0.0997    0.1488
  ab_p[2,11]   -0.0165    0.0085    0.0236    0.0386    0.0623
  ab_p[1,12]    0.1176    0.1787    0.2056    0.2310    0.2766
  ab_p[2,12]   -0.0769   -0.0468   -0.0329   -0.0182    0.0092
  ab_p[1,13]   -0.2220   -0.1680   -0.1417   -0.1157   -0.0629
  ab_p[2,13]   -0.0260    0.0032    0.0156    0.0283    0.0563
  ab_p[1,14]   -0.0210    0.0332    0.0610    0.0886    0.1354
  ab_p[2,14]   -0.0886   -0.0595   -0.0440   -0.0303   -0.0023
  ab_p[1,15]   -0.0820   -0.0309   -0.0030    0.0236    0.0718
  ab_p[2,15]   -0.0361   -0.0125    0.0023    0.0165    0.0436
  ab_p[1,16]   -0.0688   -0.0168    0.0120    0.0377    0.0879
  ab_p[2,16]   -0.0304   -0.0040    0.0098    0.0250    0.0502
  ab_p[1,17]   -0.3985   -0.3402   -0.3135   -0.2858   -0.2365
  ab_p[2,17]   -0.0106    0.0165    0.0300    0.0436    0.0688
  ab_p[1,18]   -0.1321   -0.0798   -0.0531   -0.0266    0.0236
  ab_p[2,18]   -0.0166    0.0100    0.0235    0.0378    0.0612
  ab_p[1,19]    0.3488    0.4023    0.4257    0.4513    0.5082
  ab_p[2,19]   -0.0537   -0.0238   -0.0103    0.0042    0.0323
  ab_p[1,20]   -0.0227    0.0345    0.0621    0.0876    0.1358
  ab_p[2,20]   -0.0136    0.0092    0.0222    0.0361    0.0656
  ab_p[1,21]   -0.1797   -0.1250   -0.0999   -0.0723   -0.0223
  ab_p[2,21]   -0.0173    0.0071    0.0217    0.0366    0.0629
  ab_p[1,22]   -0.2533   -0.1972   -0.1695   -0.1455   -0.0968
  ab_p[2,22]   -0.0113    0.0145    0.0287    0.0433    0.0741
  ab_p[1,23]    0.0303    0.0799    0.1056    0.1322    0.1884
  ab_p[2,23]   -0.0622   -0.0349   -0.0225   -0.0093    0.0190
  ab_p[1,24]    0.0707    0.1240    0.1505    0.1737    0.2226
  ab_p[2,24]   -0.0243    0.0005    0.0129    0.0271    0.0542
      σ_e[1]    0.0086    0.0441    0.1171    0.3514    1.6785
      σ_e[2]    0.0012    0.0358    0.1521    0.3768    1.9365
    ρ_e[1,1]    1.0000    1.0000    1.0000    1.0000    1.0000
    ρ_e[2,1]   -0.7664   -0.3194    0.0091    0.3579    0.7988
    ρ_e[1,2]   -0.7664   -0.3194    0.0091    0.3579    0.7988
    ρ_e[2,2]    1.0000    1.0000    1.0000    1.0000    1.0000
   ab_e[1,1]   -0.1784   -0.0265    0.0008    0.0302    0.1840
   ab_e[2,1]   -0.4083   -0.0236   -0.0002    0.0208    0.2339
           σ    0.9812    0.9856    0.9879    0.9901    0.9945

