Chains MCMC chain (250×85×4 Array{Float64, 3}):

Iterations        = 126:1:375
Number of chains  = 4
Samples per chain = 250
Wall duration     = 9503.98 seconds
Compute duration  = 35241.5 seconds
parameters        = σ_w[1], σ_w[2], ρ_w[1,1], ρ_w[2,1], ρ_w[1,2], ρ_w[2,2], ab_w[1,1], ab_w[2,1], ab_w[1,2], ab_w[2,2], σ_p[1], σ_p[2], ρ_p[1,1], ρ_p[2,1], ρ_p[1,2], ρ_p[2,2], ab_p[1,1], ab_p[2,1], ab_p[1,2], ab_p[2,2], ab_p[1,3], ab_p[2,3], ab_p[1,4], ab_p[2,4], ab_p[1,5], ab_p[2,5], ab_p[1,6], ab_p[2,6], ab_p[1,7], ab_p[2,7], ab_p[1,8], ab_p[2,8], ab_p[1,9], ab_p[2,9], ab_p[1,10], ab_p[2,10], ab_p[1,11], ab_p[2,11], ab_p[1,12], ab_p[2,12], ab_p[1,13], ab_p[2,13], ab_p[1,14], ab_p[2,14], ab_p[1,15], ab_p[2,15], ab_p[1,16], ab_p[2,16], ab_p[1,17], ab_p[2,17], ab_p[1,18], ab_p[2,18], ab_p[1,19], ab_p[2,19], ab_p[1,20], ab_p[2,20], ab_p[1,21], ab_p[2,21], ab_p[1,22], ab_p[2,22], ab_p[1,23], ab_p[2,23], ab_p[1,24], ab_p[2,24], σ_e[1], σ_e[2], ρ_e[1,1], ρ_e[2,1], ρ_e[1,2], ρ_e[2,2], ab_e[1,1], ab_e[2,1], σ
internals         = lp, n_steps, is_accept, acceptance_rate, log_density, hamiltonian_energy, hamiltonian_energy_error, max_hamiltonian_energy_error, tree_depth, numerical_error, step_size, nom_step_size

Summary Statistics
  parameters      mean       std      mcse    ess_bulk   ess_tail      rhat   ess_per_sec
      Symbol   Float64   Float64   Float64     Float64    Float64   Float64       Float64

      σ_w[1]    0.1482    0.2430    0.0289     52.0341   186.0863    1.0656        0.0015
      σ_w[2]    0.1642    0.2913    0.0230    159.2892   187.0572    1.0309        0.0045
    ρ_w[1,1]    1.0000    0.0000       NaN         NaN        NaN       NaN           NaN
    ρ_w[2,1]    0.0648    0.4519    0.0170    693.7435   506.2451    1.0073        0.0197
    ρ_w[1,2]    0.0648    0.4519    0.0170    693.7435   506.2451    1.0073        0.0197
    ρ_w[2,2]    1.0000    0.0000    0.0000   1004.3226   819.4008    1.0026        0.0285
   ab_w[1,1]   -0.0084    0.1212    0.0052    908.4897   230.7333    1.0669        0.0258
   ab_w[2,1]   -0.0202    0.1089    0.0047    790.2776   312.0433    1.0290        0.0224
   ab_w[1,2]    0.0149    0.1212    0.0052    878.6250   194.0803    1.0538        0.0249
   ab_w[2,2]    0.0074    0.1087    0.0047    796.0842   306.4572    1.0269        0.0226
      σ_p[1]    0.3368    0.0544    0.0018   1080.9637   834.1101    1.0141        0.0307
      σ_p[2]    0.0453    0.0090    0.0003    814.8205   416.6164    1.0068        0.0231
    ρ_p[1,1]    1.0000    0.0000       NaN         NaN        NaN       NaN           NaN
    ρ_p[2,1]   -0.0247    0.2082    0.0066   1017.9711   604.5110    1.0002        0.0289
    ρ_p[1,2]   -0.0247    0.2082    0.0066   1017.9711   604.5110    1.0002        0.0289
    ρ_p[2,2]    1.0000    0.0000    0.0000   1016.8277        NaN    1.0017        0.0289
   ab_p[1,1]   -0.1740    0.0649    0.0021    915.9282   509.6843    1.0085        0.0260
   ab_p[2,1]   -0.0513    0.0214    0.0007    899.2515   739.4517    1.0046        0.0255
   ab_p[1,2]   -0.2282    0.0640    0.0019   1057.5663   708.8330    1.0110        0.0300
   ab_p[2,2]   -0.0333    0.0219    0.0007    951.2712   495.2251    1.0057        0.0270
   ab_p[1,3]   -0.3700    0.0647    0.0021   1005.6629   479.8464    1.0085        0.0285
   ab_p[2,3]    0.0954    0.0230    0.0007   1102.7622   869.3370    1.0058        0.0313
   ab_p[1,4]   -0.1368    0.0653    0.0020   1031.3435   575.5228    1.0153        0.0293
   ab_p[2,4]   -0.0367    0.0215    0.0006   1116.1056   653.7602    1.0013        0.0317
   ab_p[1,5]   -0.1716    0.0649    0.0021    923.0759   668.0005    1.0147        0.0262
   ab_p[2,5]   -0.0277    0.0215    0.0007   1038.8574   672.4366    1.0033        0.0295
   ab_p[1,6]   -0.1710    0.0631    0.0020    953.0897   516.2890    1.0086        0.0270
   ab_p[2,6]    0.0329    0.0221    0.0007   1003.5594   634.9689    1.0078        0.0285
   ab_p[1,7]   -0.2553    0.0657    0.0020   1014.7059   655.7040    1.0063        0.0288
   ab_p[2,7]   -0.0103    0.0215    0.0007    927.5314   576.8611    1.0034        0.0263
   ab_p[1,8]    0.5438    0.0648    0.0021    965.9551   410.8100    1.0100        0.0274
   ab_p[2,8]    0.0089    0.0221    0.0006   1187.2637   676.1076    1.0060        0.0337
   ab_p[1,9]    0.0600    0.0657    0.0021    945.7301   599.4815    1.0076        0.0268
   ab_p[2,9]   -0.0387    0.0218    0.0007   1033.5011   761.2987    0.9980        0.0293
  ab_p[1,10]    0.0289    0.0651    0.0021    973.1687   523.3101    1.0129        0.0276
  ab_p[2,10]    0.0007    0.0219    0.0007   1120.7804   746.3963    1.0004        0.0318
  ab_p[1,11]    0.3742    0.0672    0.0021    976.8624   620.4906    1.0013        0.0277
  ab_p[2,11]    0.0333    0.0213    0.0007   1037.0170   863.0023    1.0057        0.0294
  ab_p[1,12]    0.6796    0.0651    0.0021    977.2513   526.6656    1.0141        0.0277
  ab_p[2,12]   -0.0509    0.0219    0.0007   1039.8477   783.2064    1.0072        0.0295
  ab_p[1,13]    0.1001    0.0641    0.0021    878.9652   484.6552    1.0041        0.0249
  ab_p[2,13]    0.0069    0.0208    0.0006   1048.5865   613.9692    1.0021        0.0298
  ab_p[1,14]    0.5780    0.0647    0.0021    957.6820   655.4970    1.0121        0.0272
  ab_p[2,14]    0.0114    0.0219    0.0007    995.3091   691.9983    1.0044        0.0282
  ab_p[1,15]   -0.2154    0.0653    0.0022    870.5046   491.1180    1.0081        0.0247
  ab_p[2,15]    0.0469    0.0209    0.0007    987.1144   765.4381    1.0060        0.0280
  ab_p[1,16]   -0.1506    0.0639    0.0020    964.0607   634.7987    1.0054        0.0274
  ab_p[2,16]   -0.0306    0.0223    0.0007   1116.5844   664.4498    1.0102        0.0317
  ab_p[1,17]   -0.2752    0.0643    0.0020    987.0524   690.3938    1.0104        0.0280
  ab_p[2,17]    0.0500    0.0228    0.0007   1003.6015   693.4709    1.0031        0.0285
  ab_p[1,18]   -0.0362    0.0645    0.0021    906.3974   479.8342    1.0137        0.0257
  ab_p[2,18]    0.0104    0.0210    0.0007   1041.9811   748.5206    1.0016        0.0296
  ab_p[1,19]    0.6067    0.0639    0.0020    994.7044   509.3321    1.0106        0.0282
  ab_p[2,19]    0.0089    0.0211    0.0007    927.3102   672.2621    1.0019        0.0263
  ab_p[1,20]   -0.0112    0.0645    0.0021    960.5008   583.4549    1.0084        0.0273
  ab_p[2,20]    0.0243    0.0214    0.0007   1027.2957   589.6255    1.0046        0.0292
  ab_p[1,21]   -0.3402    0.0656    0.0021    962.3460   609.5397    1.0110        0.0273
  ab_p[2,21]   -0.0240    0.0218    0.0007   1092.5826   692.0631    1.0012        0.0310
  ab_p[1,22]   -0.3217    0.0652    0.0021    967.7430   716.3157    1.0068        0.0275
  ab_p[2,22]   -0.0592    0.0232    0.0007   1025.9844   701.5220    1.0001        0.0291
  ab_p[1,23]   -0.0983    0.0650    0.0022    882.7659   524.8088    1.0077        0.0250
  ab_p[2,23]    0.0079    0.0211    0.0006   1092.0630   676.8520    0.9987        0.0310
  ab_p[1,24]    0.0234    0.0643    0.0021    871.5601   617.4304    1.0051        0.0247
  ab_p[2,24]    0.0094    0.0207    0.0007    837.1986   683.9847    1.0012        0.0238
      σ_e[1]    0.4584    0.6344    0.0445    122.6421   218.6587    1.0473        0.0035
      σ_e[2]    0.3706    0.5277    0.0454     53.6252   323.6742    1.0658        0.0015
    ρ_e[1,1]    1.0000    0.0000       NaN         NaN        NaN       NaN           NaN
    ρ_e[2,1]   -0.0012    0.4544    0.0165    743.8449   567.4151    1.0078        0.0211
    ρ_e[1,2]   -0.0012    0.4544    0.0165    743.8449   567.4151    1.0078        0.0211
    ρ_e[2,2]    1.0000    0.0000    0.0000    914.3652   890.6579    1.0056        0.0259
   ab_e[1,1]    0.0035    0.1325    0.0055    753.6382   192.3801    1.0583        0.0214
   ab_e[2,1]   -0.0181    0.1084    0.0046    794.6065   338.0058    1.0207        0.0225
           σ    0.9479    0.0033    0.0001   1081.1075   828.5755    0.9989        0.0307

Quantiles
  parameters      2.5%     25.0%     50.0%     75.0%     97.5%
      Symbol   Float64   Float64   Float64   Float64   Float64

      σ_w[1]    0.0089    0.0295    0.0649    0.1636    0.8002
      σ_w[2]    0.0078    0.0330    0.0712    0.1692    0.9705
    ρ_w[1,1]    1.0000    1.0000    1.0000    1.0000    1.0000
    ρ_w[2,1]   -0.7814   -0.2961    0.0723    0.4307    0.8579
    ρ_w[1,2]   -0.7814   -0.2961    0.0723    0.4307    0.8579
    ρ_w[2,2]    1.0000    1.0000    1.0000    1.0000    1.0000
   ab_w[1,1]   -0.2811   -0.0367   -0.0085    0.0116    0.2540
   ab_w[2,1]   -0.2255   -0.0454   -0.0180    0.0056    0.1855
   ab_w[1,2]   -0.2470   -0.0126    0.0103    0.0372    0.2746
   ab_w[2,2]   -0.1947   -0.0178    0.0068    0.0343    0.2167
      σ_p[1]    0.2513    0.2971    0.3293    0.3690    0.4668
      σ_p[2]    0.0302    0.0391    0.0443    0.0504    0.0658
    ρ_p[1,1]    1.0000    1.0000    1.0000    1.0000    1.0000
    ρ_p[2,1]   -0.4493   -0.1735   -0.0176    0.1149    0.3679
    ρ_p[1,2]   -0.4493   -0.1735   -0.0176    0.1149    0.3679
    ρ_p[2,2]    1.0000    1.0000    1.0000    1.0000    1.0000
   ab_p[1,1]   -0.3046   -0.2135   -0.1732   -0.1334   -0.0437
   ab_p[2,1]   -0.0936   -0.0657   -0.0515   -0.0374   -0.0084
   ab_p[1,2]   -0.3489   -0.2681   -0.2290   -0.1877   -0.0932
   ab_p[2,2]   -0.0766   -0.0484   -0.0336   -0.0185    0.0082
   ab_p[1,3]   -0.4964   -0.4108   -0.3713   -0.3297   -0.2264
   ab_p[2,3]    0.0518    0.0801    0.0953    0.1105    0.1417
   ab_p[1,4]   -0.2724   -0.1760   -0.1371   -0.0952   -0.0041
   ab_p[2,4]   -0.0779   -0.0509   -0.0362   -0.0220    0.0054
   ab_p[1,5]   -0.3073   -0.2129   -0.1713   -0.1297   -0.0385
   ab_p[2,5]   -0.0721   -0.0416   -0.0264   -0.0133    0.0104
   ab_p[1,6]   -0.3004   -0.2089   -0.1700   -0.1320   -0.0415
   ab_p[2,6]   -0.0080    0.0180    0.0320    0.0479    0.0771
   ab_p[1,7]   -0.3932   -0.2960   -0.2545   -0.2149   -0.1251
   ab_p[2,7]   -0.0549   -0.0249   -0.0096    0.0035    0.0339
   ab_p[1,8]    0.4118    0.5026    0.5428    0.5850    0.6836
   ab_p[2,8]   -0.0347   -0.0054    0.0093    0.0236    0.0540
   ab_p[1,9]   -0.0761    0.0205    0.0602    0.1015    0.2063
   ab_p[2,9]   -0.0811   -0.0542   -0.0381   -0.0243    0.0051
  ab_p[1,10]   -0.1086   -0.0083    0.0287    0.0689    0.1623
  ab_p[2,10]   -0.0410   -0.0146    0.0003    0.0153    0.0444
  ab_p[1,11]    0.2409    0.3322    0.3726    0.4186    0.5109
  ab_p[2,11]   -0.0066    0.0191    0.0329    0.0480    0.0767
  ab_p[1,12]    0.5484    0.6398    0.6780    0.7183    0.8258
  ab_p[2,12]   -0.0943   -0.0653   -0.0510   -0.0369   -0.0072
  ab_p[1,13]   -0.0264    0.0619    0.0978    0.1430    0.2404
  ab_p[2,13]   -0.0329   -0.0071    0.0074    0.0209    0.0454
  ab_p[1,14]    0.4463    0.5376    0.5765    0.6202    0.7120
  ab_p[2,14]   -0.0317   -0.0040    0.0118    0.0268    0.0538
  ab_p[1,15]   -0.3524   -0.2558   -0.2183   -0.1747   -0.0732
  ab_p[2,15]    0.0057    0.0338    0.0472    0.0607    0.0876
  ab_p[1,16]   -0.2753   -0.1911   -0.1503   -0.1099   -0.0144
  ab_p[2,16]   -0.0713   -0.0464   -0.0298   -0.0154    0.0112
  ab_p[1,17]   -0.4046   -0.3161   -0.2783   -0.2345   -0.1455
  ab_p[2,17]    0.0053    0.0346    0.0501    0.0652    0.0971
  ab_p[1,18]   -0.1733   -0.0758   -0.0373    0.0053    0.0971
  ab_p[2,18]   -0.0281   -0.0053    0.0099    0.0250    0.0514
  ab_p[1,19]    0.4798    0.5654    0.6058    0.6508    0.7303
  ab_p[2,19]   -0.0318   -0.0055    0.0085    0.0230    0.0519
  ab_p[1,20]   -0.1371   -0.0508   -0.0110    0.0286    0.1213
  ab_p[2,20]   -0.0156    0.0094    0.0245    0.0392    0.0656
  ab_p[1,21]   -0.4788   -0.3798   -0.3392   -0.2998   -0.2145
  ab_p[2,21]   -0.0670   -0.0385   -0.0242   -0.0087    0.0165
  ab_p[1,22]   -0.4561   -0.3622   -0.3227   -0.2787   -0.1894
  ab_p[2,22]   -0.1031   -0.0751   -0.0596   -0.0420   -0.0175
  ab_p[1,23]   -0.2366   -0.1380   -0.1000   -0.0558    0.0343
  ab_p[2,23]   -0.0342   -0.0059    0.0083    0.0219    0.0498
  ab_p[1,24]   -0.1100   -0.0153    0.0235    0.0622    0.1636
  ab_p[2,24]   -0.0311   -0.0043    0.0099    0.0240    0.0482
      σ_e[1]    0.0080    0.0805    0.2398    0.5878    2.0488
      σ_e[2]    0.0097    0.0630    0.1661    0.4690    1.8994
    ρ_e[1,1]    1.0000    1.0000    1.0000    1.0000    1.0000
    ρ_e[2,1]   -0.8628   -0.3347   -0.0159    0.3385    0.8346
    ρ_e[1,2]   -0.8628   -0.3347   -0.0159    0.3385    0.8346
    ρ_e[2,2]    1.0000    1.0000    1.0000    1.0000    1.0000
   ab_e[1,1]   -0.2481   -0.0421    0.0034    0.0488    0.2735
   ab_e[2,1]   -0.2229   -0.0453   -0.0187    0.0080    0.1911
           σ    0.9415    0.9458    0.9480    0.9501    0.9541

