Chains MCMC chain (250×91×4 Array{Float64, 3}):

Iterations        = 126:1:375
Number of chains  = 4
Samples per chain = 250
Wall duration     = 7366.12 seconds
Compute duration  = 28136.67 seconds
parameters        = σ_w[1], σ_w[2], ρ_w[1,1], ρ_w[2,1], ρ_w[1,2], ρ_w[2,2], ab_w[1,1], ab_w[2,1], ab_w[1,2], ab_w[2,2], ab_w[1,3], ab_w[2,3], ab_w[1,4], ab_w[2,4], ab_w[1,5], ab_w[2,5], σ_p[1], σ_p[2], ρ_p[1,1], ρ_p[2,1], ρ_p[1,2], ρ_p[2,2], ab_p[1,1], ab_p[2,1], ab_p[1,2], ab_p[2,2], ab_p[1,3], ab_p[2,3], ab_p[1,4], ab_p[2,4], ab_p[1,5], ab_p[2,5], ab_p[1,6], ab_p[2,6], ab_p[1,7], ab_p[2,7], ab_p[1,8], ab_p[2,8], ab_p[1,9], ab_p[2,9], ab_p[1,10], ab_p[2,10], ab_p[1,11], ab_p[2,11], ab_p[1,12], ab_p[2,12], ab_p[1,13], ab_p[2,13], ab_p[1,14], ab_p[2,14], ab_p[1,15], ab_p[2,15], ab_p[1,16], ab_p[2,16], ab_p[1,17], ab_p[2,17], ab_p[1,18], ab_p[2,18], ab_p[1,19], ab_p[2,19], ab_p[1,20], ab_p[2,20], ab_p[1,21], ab_p[2,21], ab_p[1,22], ab_p[2,22], ab_p[1,23], ab_p[2,23], ab_p[1,24], ab_p[2,24], σ_e[1], σ_e[2], ρ_e[1,1], ρ_e[2,1], ρ_e[1,2], ρ_e[2,2], ab_e[1,1], ab_e[2,1], σ
internals         = lp, n_steps, is_accept, acceptance_rate, log_density, hamiltonian_energy, hamiltonian_energy_error, max_hamiltonian_energy_error, tree_depth, numerical_error, step_size, nom_step_size

Summary Statistics
  parameters      mean       std      mcse    ess_bulk   ess_tail      rhat   ess_per_sec
      Symbol   Float64   Float64   Float64     Float64    Float64   Float64       Float64

      σ_w[1]    0.1083    0.0706    0.0041    400.0590   301.5661    1.0067        0.0142
      σ_w[2]    0.0327    0.0253    0.0014    198.0506   416.3348    1.0312        0.0070
    ρ_w[1,1]    1.0000    0.0000       NaN         NaN        NaN       NaN           NaN
    ρ_w[2,1]   -0.0721    0.3893    0.0157    591.0386   326.9241    1.0050        0.0210
    ρ_w[1,2]   -0.0721    0.3893    0.0157    591.0386   326.9241    1.0050        0.0210
    ρ_w[2,2]    1.0000    0.0000    0.0000   1058.6533   930.8008    0.9990        0.0376
   ab_w[1,1]   -0.0520    0.0533    0.0022    797.8621   327.8703    1.0004        0.0284
   ab_w[2,1]   -0.0143    0.0210    0.0007    886.5466   843.3477    1.0087        0.0315
   ab_w[1,2]    0.1211    0.0494    0.0023    669.9737   205.4045    1.0046        0.0238
   ab_w[2,2]   -0.0085    0.0173    0.0006    839.1240   731.5073    1.0065        0.0298
   ab_w[1,3]   -0.0109    0.0500    0.0022    731.6858   209.8949    1.0033        0.0260
   ab_w[2,3]    0.0218    0.0183    0.0007    815.2879   573.2517    1.0010        0.0290
   ab_w[1,4]   -0.0178    0.0510    0.0023    672.5193   287.3258    1.0030        0.0239
   ab_w[2,4]   -0.0151    0.0230    0.0008    893.3660   682.7302    1.0073        0.0318
   ab_w[1,5]   -0.0278    0.0498    0.0023    662.0188   232.3434    1.0016        0.0235
   ab_w[2,5]    0.0076    0.0178    0.0006    948.5572   848.1116    1.0129        0.0337
      σ_p[1]    0.1937    0.0316    0.0011    907.1261   669.2279    1.0050        0.0322
      σ_p[2]    0.0549    0.0105    0.0004    785.4578   752.4305    1.0013        0.0279
    ρ_p[1,1]    1.0000    0.0000       NaN         NaN        NaN       NaN           NaN
    ρ_p[2,1]    0.4391    0.1741    0.0058    872.7251   599.3888    1.0037        0.0310
    ρ_p[1,2]    0.4391    0.1741    0.0058    872.7251   599.3888    1.0037        0.0310
    ρ_p[2,2]    1.0000    0.0000    0.0000    922.8294   823.8150    0.9988        0.0328
   ab_p[1,1]    0.0035    0.0414    0.0014    813.8932   727.6232    1.0023        0.0289
   ab_p[2,1]   -0.0533    0.0242    0.0008    988.1988   805.6948    0.9996        0.0351
   ab_p[1,2]   -0.1120    0.0425    0.0015    830.6996   578.1993    1.0038        0.0295
   ab_p[2,2]   -0.0079    0.0233    0.0008    895.4373   751.9808    1.0055        0.0318
   ab_p[1,3]   -0.1821    0.0429    0.0015    861.2587   497.5562    1.0027        0.0306
   ab_p[2,3]   -0.0462    0.0229    0.0008    914.6266   750.0375    1.0019        0.0325
   ab_p[1,4]    0.0632    0.0429    0.0014    925.9317   647.7601    1.0020        0.0329
   ab_p[2,4]    0.0222    0.0238    0.0008   1002.5710   714.6181    1.0010        0.0356
   ab_p[1,5]   -0.0406    0.0430    0.0015    835.1900   641.1398    0.9995        0.0297
   ab_p[2,5]   -0.0289    0.0232    0.0007   1032.3644   807.6440    1.0065        0.0367
   ab_p[1,6]    0.1392    0.0431    0.0015    882.2135   691.8504    1.0006        0.0314
   ab_p[2,6]   -0.0528    0.0246    0.0008    967.7605   780.0623    1.0002        0.0344
   ab_p[1,7]   -0.1407    0.0434    0.0016    718.4144   682.8915    1.0014        0.0255
   ab_p[2,7]   -0.0377    0.0237    0.0008    955.0823   700.3533    1.0018        0.0339
   ab_p[1,8]    0.0012    0.0424    0.0015    778.0187   666.2678    1.0016        0.0277
   ab_p[2,8]    0.0613    0.0222    0.0007    951.0455   805.2309    1.0074        0.0338
   ab_p[1,9]    0.1745    0.0430    0.0016    728.1405   768.4909    1.0013        0.0259
   ab_p[2,9]    0.0196    0.0236    0.0008    961.6471   831.9289    1.0018        0.0342
  ab_p[1,10]    0.1925    0.0426    0.0015    807.5647   731.3771    1.0020        0.0287
  ab_p[2,10]    0.0291    0.0232    0.0008    929.1615   674.1656    1.0126        0.0330
  ab_p[1,11]    0.5096    0.0428    0.0016    739.5297   669.2837    1.0039        0.0263
  ab_p[2,11]    0.0664    0.0244    0.0008    901.0716   500.8445    1.0005        0.0320
  ab_p[1,12]    0.3380    0.0433    0.0014    970.8751   783.3674    1.0022        0.0345
  ab_p[2,12]    0.0864    0.0236    0.0008    824.6511   620.6925    1.0019        0.0293
  ab_p[1,13]   -0.0329    0.0428    0.0016    751.1335   566.0982    1.0053        0.0267
  ab_p[2,13]    0.0194    0.0230    0.0008    856.0524   660.4151    1.0048        0.0304
  ab_p[1,14]    0.0821    0.0429    0.0014    891.1242   616.1174    1.0020        0.0317
  ab_p[2,14]    0.0945    0.0236    0.0008    882.4405   768.7129    1.0055        0.0314
  ab_p[1,15]   -0.1814    0.0435    0.0016    752.8833   754.6365    0.9994        0.0268
  ab_p[2,15]    0.0016    0.0230    0.0008    836.6796   793.2802    1.0047        0.0297
  ab_p[1,16]    0.0580    0.0424    0.0015    809.2332   756.1698    1.0030        0.0288
  ab_p[2,16]   -0.0537    0.0244    0.0008    950.3052   789.6653    1.0056        0.0338
  ab_p[1,17]   -0.0472    0.0428    0.0016    739.1651   682.0581    1.0068        0.0263
  ab_p[2,17]   -0.0611    0.0245    0.0008    878.0929   657.7367    1.0038        0.0312
  ab_p[1,18]    0.0320    0.0420    0.0015    775.0278   657.8389    1.0028        0.0275
  ab_p[2,18]   -0.0266    0.0242    0.0008    866.6146   592.2915    1.0025        0.0308
  ab_p[1,19]   -0.0074    0.0422    0.0014    857.0821   610.7582    1.0009        0.0305
  ab_p[2,19]    0.0606    0.0236    0.0007   1036.8856   902.0204    1.0006        0.0369
  ab_p[1,20]   -0.0659    0.0436    0.0016    794.1317   629.2382    1.0075        0.0282
  ab_p[2,20]   -0.0187    0.0237    0.0008    810.3057   741.6157    1.0009        0.0288
  ab_p[1,21]   -0.2336    0.0436    0.0014    919.5688   702.5101    1.0025        0.0327
  ab_p[2,21]   -0.0346    0.0231    0.0007   1035.8156   821.0871    1.0032        0.0368
  ab_p[1,22]   -0.2352    0.0440    0.0015    889.3120   630.9658    1.0023        0.0316
  ab_p[2,22]   -0.0382    0.0235    0.0007   1029.9362   593.3499    1.0038        0.0366
  ab_p[1,23]   -0.2388    0.0433    0.0015    824.7421   690.9284    1.0017        0.0293
  ab_p[2,23]   -0.0280    0.0251    0.0008   1059.9325   729.3826    1.0029        0.0377
  ab_p[1,24]   -0.1120    0.0423    0.0014    946.4295   659.7388    1.0033        0.0336
  ab_p[2,24]    0.0083    0.0217    0.0007    966.4089   777.0370    0.9993        0.0343
      σ_e[1]    0.3703    0.4986    0.0273    205.3753   297.7149    1.0197        0.0073
      σ_e[2]    0.2703    0.4263    0.0328    108.6463   271.9820    1.0253        0.0039
    ρ_e[1,1]    1.0000    0.0000       NaN         NaN        NaN       NaN           NaN
    ρ_e[2,1]   -0.0366    0.4744    0.0198    603.7027   449.1359    0.9996        0.0215
    ρ_e[1,2]   -0.0366    0.4744    0.0198    603.7027   449.1359    0.9996        0.0215
    ρ_e[2,2]    1.0000    0.0000    0.0000    944.8674   885.6936    0.9994        0.0336
   ab_e[1,1]   -0.0057    0.0575    0.0024    684.2679   332.4031    1.0046        0.0243
   ab_e[2,1]   -0.0111    0.0191    0.0007    651.4895   669.4239    1.0055        0.0232
           σ    0.9808    0.0036    0.0001    797.1037   728.0113    1.0022        0.0283

Quantiles
  parameters      2.5%     25.0%     50.0%     75.0%     97.5%
      Symbol   Float64   Float64   Float64   Float64   Float64

      σ_w[1]    0.0438    0.0692    0.0896    0.1259    0.2693
      σ_w[2]    0.0070    0.0175    0.0265    0.0405    0.0939
    ρ_w[1,1]    1.0000    1.0000    1.0000    1.0000    1.0000
    ρ_w[2,1]   -0.8102   -0.3491   -0.0731    0.2028    0.7181
    ρ_w[1,2]   -0.8102   -0.3491   -0.0731    0.2028    0.7181
    ρ_w[2,2]    1.0000    1.0000    1.0000    1.0000    1.0000
   ab_w[1,1]   -0.1480   -0.0818   -0.0534   -0.0251    0.0593
   ab_w[2,1]   -0.0604   -0.0265   -0.0115   -0.0003    0.0216
   ab_w[1,2]    0.0267    0.0958    0.1176    0.1442    0.2306
   ab_w[2,2]   -0.0432   -0.0183   -0.0084    0.0010    0.0281
   ab_w[1,3]   -0.1014   -0.0375   -0.0129    0.0132    0.1023
   ab_w[2,3]   -0.0089    0.0099    0.0202    0.0309    0.0636
   ab_w[1,4]   -0.1113   -0.0457   -0.0187    0.0068    0.0931
   ab_w[2,4]   -0.0653   -0.0281   -0.0126   -0.0011    0.0258
   ab_w[1,5]   -0.1189   -0.0543   -0.0309   -0.0033    0.0890
   ab_w[2,5]   -0.0248   -0.0029    0.0062    0.0163    0.0468
      σ_p[1]    0.1436    0.1721    0.1900    0.2108    0.2634
      σ_p[2]    0.0377    0.0474    0.0536    0.0610    0.0768
    ρ_p[1,1]    1.0000    1.0000    1.0000    1.0000    1.0000
    ρ_p[2,1]    0.0463    0.3362    0.4586    0.5651    0.7201
    ρ_p[1,2]    0.0463    0.3362    0.4586    0.5651    0.7201
    ρ_p[2,2]    1.0000    1.0000    1.0000    1.0000    1.0000
   ab_p[1,1]   -0.0786   -0.0242    0.0027    0.0296    0.0874
   ab_p[2,1]   -0.1037   -0.0675   -0.0531   -0.0376   -0.0075
   ab_p[1,2]   -0.1959   -0.1412   -0.1134   -0.0817   -0.0325
   ab_p[2,2]   -0.0535   -0.0233   -0.0075    0.0082    0.0351
   ab_p[1,3]   -0.2694   -0.2090   -0.1819   -0.1551   -0.1001
   ab_p[2,3]   -0.0904   -0.0623   -0.0470   -0.0303   -0.0013
   ab_p[1,4]   -0.0215    0.0351    0.0656    0.0918    0.1456
   ab_p[2,4]   -0.0251    0.0062    0.0219    0.0385    0.0670
   ab_p[1,5]   -0.1272   -0.0688   -0.0411   -0.0105    0.0389
   ab_p[2,5]   -0.0759   -0.0441   -0.0278   -0.0135    0.0178
   ab_p[1,6]    0.0514    0.1106    0.1403    0.1688    0.2165
   ab_p[2,6]   -0.1026   -0.0690   -0.0526   -0.0372   -0.0047
   ab_p[1,7]   -0.2307   -0.1693   -0.1393   -0.1111   -0.0596
   ab_p[2,7]   -0.0835   -0.0529   -0.0373   -0.0219    0.0060
   ab_p[1,8]   -0.0845   -0.0241    0.0019    0.0286    0.0818
   ab_p[2,8]    0.0171    0.0471    0.0612    0.0759    0.1050
   ab_p[1,9]    0.0879    0.1453    0.1726    0.2040    0.2611
   ab_p[2,9]   -0.0271    0.0040    0.0201    0.0349    0.0653
  ab_p[1,10]    0.1103    0.1645    0.1918    0.2211    0.2732
  ab_p[2,10]   -0.0156    0.0132    0.0293    0.0452    0.0741
  ab_p[1,11]    0.4241    0.4820    0.5097    0.5378    0.5886
  ab_p[2,11]    0.0200    0.0499    0.0662    0.0831    0.1156
  ab_p[1,12]    0.2520    0.3101    0.3395    0.3674    0.4237
  ab_p[2,12]    0.0420    0.0707    0.0858    0.1026    0.1316
  ab_p[1,13]   -0.1164   -0.0607   -0.0322   -0.0041    0.0485
  ab_p[2,13]   -0.0266    0.0046    0.0187    0.0350    0.0656
  ab_p[1,14]   -0.0046    0.0541    0.0843    0.1111    0.1620
  ab_p[2,14]    0.0483    0.0777    0.0945    0.1111    0.1375
  ab_p[1,15]   -0.2697   -0.2088   -0.1821   -0.1553   -0.0941
  ab_p[2,15]   -0.0415   -0.0137    0.0014    0.0178    0.0465
  ab_p[1,16]   -0.0260    0.0301    0.0593    0.0857    0.1405
  ab_p[2,16]   -0.1015   -0.0705   -0.0527   -0.0353   -0.0094
  ab_p[1,17]   -0.1324   -0.0759   -0.0453   -0.0187    0.0363
  ab_p[2,17]   -0.1093   -0.0774   -0.0603   -0.0435   -0.0159
  ab_p[1,18]   -0.0510    0.0055    0.0307    0.0605    0.1192
  ab_p[2,18]   -0.0764   -0.0424   -0.0258   -0.0097    0.0176
  ab_p[1,19]   -0.0930   -0.0336   -0.0064    0.0208    0.0757
  ab_p[2,19]    0.0143    0.0447    0.0615    0.0766    0.1055
  ab_p[1,20]   -0.1562   -0.0926   -0.0652   -0.0374    0.0136
  ab_p[2,20]   -0.0657   -0.0340   -0.0185   -0.0034    0.0303
  ab_p[1,21]   -0.3277   -0.2611   -0.2310   -0.2039   -0.1543
  ab_p[2,21]   -0.0815   -0.0501   -0.0344   -0.0182    0.0104
  ab_p[1,22]   -0.3201   -0.2644   -0.2341   -0.2051   -0.1514
  ab_p[2,22]   -0.0862   -0.0541   -0.0380   -0.0217    0.0075
  ab_p[1,23]   -0.3264   -0.2673   -0.2362   -0.2102   -0.1584
  ab_p[2,23]   -0.0774   -0.0452   -0.0283   -0.0125    0.0226
  ab_p[1,24]   -0.1926   -0.1406   -0.1119   -0.0841   -0.0299
  ab_p[2,24]   -0.0332   -0.0059    0.0081    0.0231    0.0494
      σ_e[1]    0.0131    0.0809    0.1839    0.4614    1.8084
      σ_e[2]    0.0052    0.0334    0.0976    0.3260    1.5781
    ρ_e[1,1]    1.0000    1.0000    1.0000    1.0000    1.0000
    ρ_e[2,1]   -0.8805   -0.4414   -0.0505    0.3514    0.8287
    ρ_e[1,2]   -0.8805   -0.4414   -0.0505    0.3514    0.8287
    ρ_e[2,2]    1.0000    1.0000    1.0000    1.0000    1.0000
   ab_e[1,1]   -0.1135   -0.0349   -0.0022    0.0232    0.1032
   ab_e[2,1]   -0.0533   -0.0216   -0.0100    0.0012    0.0238
           σ    0.9737    0.9784    0.9809    0.9833    0.9874

