Chains MCMC chain (250×91×4 Array{Float64, 3}):

Iterations        = 126:1:375
Number of chains  = 4
Samples per chain = 250
Wall duration     = 7693.63 seconds
Compute duration  = 23534.12 seconds
parameters        = σ_w[1], σ_w[2], ρ_w[1,1], ρ_w[2,1], ρ_w[1,2], ρ_w[2,2], ab_w[1,1], ab_w[2,1], ab_w[1,2], ab_w[2,2], ab_w[1,3], ab_w[2,3], ab_w[1,4], ab_w[2,4], ab_w[1,5], ab_w[2,5], σ_p[1], σ_p[2], ρ_p[1,1], ρ_p[2,1], ρ_p[1,2], ρ_p[2,2], ab_p[1,1], ab_p[2,1], ab_p[1,2], ab_p[2,2], ab_p[1,3], ab_p[2,3], ab_p[1,4], ab_p[2,4], ab_p[1,5], ab_p[2,5], ab_p[1,6], ab_p[2,6], ab_p[1,7], ab_p[2,7], ab_p[1,8], ab_p[2,8], ab_p[1,9], ab_p[2,9], ab_p[1,10], ab_p[2,10], ab_p[1,11], ab_p[2,11], ab_p[1,12], ab_p[2,12], ab_p[1,13], ab_p[2,13], ab_p[1,14], ab_p[2,14], ab_p[1,15], ab_p[2,15], ab_p[1,16], ab_p[2,16], ab_p[1,17], ab_p[2,17], ab_p[1,18], ab_p[2,18], ab_p[1,19], ab_p[2,19], ab_p[1,20], ab_p[2,20], ab_p[1,21], ab_p[2,21], ab_p[1,22], ab_p[2,22], ab_p[1,23], ab_p[2,23], ab_p[1,24], ab_p[2,24], σ_e[1], σ_e[2], ρ_e[1,1], ρ_e[2,1], ρ_e[1,2], ρ_e[2,2], ab_e[1,1], ab_e[2,1], σ
internals         = lp, n_steps, is_accept, acceptance_rate, log_density, hamiltonian_energy, hamiltonian_energy_error, max_hamiltonian_energy_error, tree_depth, numerical_error, step_size, nom_step_size

Summary Statistics
  parameters      mean       std      mcse    ess_bulk   ess_tail      rhat   ess_per_sec
      Symbol   Float64   Float64   Float64     Float64    Float64   Float64       Float64

      σ_w[1]    0.0461    0.0313    0.0024    203.4826   271.4172    1.0246        0.0086
      σ_w[2]    0.0219    0.0239    0.0018     70.5424   109.6719    1.0549        0.0030
    ρ_w[1,1]    1.0000    0.0000       NaN         NaN        NaN       NaN           NaN
    ρ_w[2,1]   -0.2309    0.4202    0.0212    376.6789   322.7733    1.0143        0.0160
    ρ_w[1,2]   -0.2309    0.4202    0.0212    376.6789   322.7733    1.0143        0.0160
    ρ_w[2,2]    1.0000    0.0000    0.0000   1018.3031   849.9899    1.0002        0.0433
   ab_w[1,1]   -0.0385    0.0323    0.0013    681.2250   479.0682    1.0111        0.0289
   ab_w[2,1]    0.0043    0.0171    0.0006    894.5518   585.8571    1.0290        0.0380
   ab_w[1,2]    0.0010    0.0271    0.0011    753.1558   451.1172    1.0276        0.0320
   ab_w[2,2]   -0.0082    0.0149    0.0006    585.4342   603.7855    1.0113        0.0249
   ab_w[1,3]    0.0168    0.0277    0.0012    564.6138   467.3805    1.0209        0.0240
   ab_w[2,3]   -0.0078    0.0153    0.0007    546.1211   517.3961    1.0073        0.0232
   ab_w[1,4]   -0.0124    0.0303    0.0012    710.5416   570.9872    1.0109        0.0302
   ab_w[2,4]    0.0154    0.0196    0.0011    369.5986   607.2463    1.0063        0.0157
   ab_w[1,5]    0.0332    0.0274    0.0012    586.4242   471.4303    1.0118        0.0249
   ab_w[2,5]   -0.0101    0.0156    0.0007    532.5895   625.0362    1.0072        0.0226
      σ_p[1]    0.1865    0.0305    0.0014    442.9857   569.1128    1.0145        0.0188
      σ_p[2]    0.0309    0.0081    0.0005    297.0061   461.1263    1.0242        0.0126
    ρ_p[1,1]    1.0000    0.0000       NaN         NaN        NaN       NaN           NaN
    ρ_p[2,1]    0.2582    0.2348    0.0127    337.9693   582.3829    1.0052        0.0144
    ρ_p[1,2]    0.2582    0.2348    0.0127    337.9693   582.3829    1.0052        0.0144
    ρ_p[2,2]    1.0000    0.0000    0.0000    927.7683   789.8699    0.9986        0.0394
   ab_p[1,1]   -0.1626    0.0423    0.0015    821.9512   546.4042    1.0105        0.0349
   ab_p[2,1]   -0.0255    0.0185    0.0007    838.3941   578.7978    1.0089        0.0356
   ab_p[1,2]    0.2134    0.0408    0.0014    898.0002   664.7500    1.0066        0.0382
   ab_p[2,2]   -0.0109    0.0185    0.0007    775.2939   762.2746    1.0034        0.0329
   ab_p[1,3]    0.2323    0.0422    0.0017    651.9368   726.0151    1.0111        0.0277
   ab_p[2,3]    0.0160    0.0188    0.0006    860.4264   491.1928    1.0067        0.0366
   ab_p[1,4]    0.0310    0.0415    0.0014    867.6935   552.4473    1.0044        0.0369
   ab_p[2,4]   -0.0069    0.0184    0.0006    924.1984   613.1840    1.0085        0.0393
   ab_p[1,5]    0.1373    0.0431    0.0014    916.4491   650.5121    1.0016        0.0389
   ab_p[2,5]    0.0219    0.0185    0.0007    788.6415   535.6333    1.0012        0.0335
   ab_p[1,6]   -0.1338    0.0425    0.0015    852.5825   747.1910    1.0063        0.0362
   ab_p[2,6]   -0.0367    0.0202    0.0008    660.1658   348.7958    1.0109        0.0281
   ab_p[1,7]   -0.1749    0.0439    0.0015    838.0603   765.4233    1.0011        0.0356
   ab_p[2,7]   -0.0113    0.0191    0.0007    786.9837   707.8757    1.0037        0.0334
   ab_p[1,8]   -0.0320    0.0437    0.0016    765.4986   681.7201    1.0074        0.0325
   ab_p[2,8]    0.0109    0.0186    0.0007    681.9877   654.1509    1.0059        0.0290
   ab_p[1,9]    0.0544    0.0420    0.0014    880.7963   634.7228    1.0055        0.0374
   ab_p[2,9]   -0.0444    0.0206    0.0009    492.7639   814.6589    1.0139        0.0209
  ab_p[1,10]   -0.2631    0.0428    0.0015    829.5044   634.0778    1.0031        0.0352
  ab_p[2,10]    0.0032    0.0195    0.0008    611.7885   237.6925    1.0061        0.0260
  ab_p[1,11]   -0.2703    0.0450    0.0015    843.3972   607.7939    1.0081        0.0358
  ab_p[2,11]    0.0123    0.0191    0.0007    831.0039   799.3424    1.0026        0.0353
  ab_p[1,12]   -0.0729    0.0415    0.0014    876.9640   556.6943    1.0022        0.0373
  ab_p[2,12]    0.0462    0.0208    0.0009    562.2439   828.7296    1.0127        0.0239
  ab_p[1,13]    0.1245    0.0433    0.0016    753.6097   609.1994    1.0086        0.0320
  ab_p[2,13]    0.0326    0.0192    0.0006    905.3663   780.5894    1.0056        0.0385
  ab_p[1,14]    0.1134    0.0412    0.0014    804.4571   566.1236    1.0098        0.0342
  ab_p[2,14]    0.0161    0.0193    0.0007    714.8003   780.7807    1.0016        0.0304
  ab_p[1,15]    0.0639    0.0425    0.0015    831.2861   633.1689    1.0084        0.0353
  ab_p[2,15]   -0.0059    0.0183    0.0006    812.7729   607.0880    1.0072        0.0345
  ab_p[1,16]   -0.2542    0.0418    0.0015    774.6209   577.4118    1.0072        0.0329
  ab_p[2,16]   -0.0383    0.0199    0.0008    645.5922   574.4292    1.0038        0.0274
  ab_p[1,17]   -0.1301    0.0416    0.0015    754.4745   437.4540    1.0056        0.0321
  ab_p[2,17]   -0.0190    0.0189    0.0007    825.2744   634.1598    1.0032        0.0351
  ab_p[1,18]   -0.0228    0.0419    0.0015    762.9897   496.4797    1.0038        0.0324
  ab_p[2,18]    0.0045    0.0181    0.0006    784.0844   569.8204    1.0040        0.0333
  ab_p[1,19]   -0.2946    0.0434    0.0015    874.4985   569.6347    1.0057        0.0372
  ab_p[2,19]   -0.0202    0.0189    0.0006    916.8908   685.7540    1.0034        0.0390
  ab_p[1,20]    0.1128    0.0421    0.0015    801.9184   643.6291    1.0028        0.0341
  ab_p[2,20]    0.0191    0.0191    0.0006    952.2496   622.8464    1.0020        0.0405
  ab_p[1,21]    0.2890    0.0417    0.0014    860.3490   619.7502    1.0087        0.0366
  ab_p[2,21]    0.0126    0.0190    0.0006    994.3235   652.9079    0.9978        0.0423
  ab_p[1,22]    0.1249    0.0416    0.0016    717.4903   308.2783    1.0036        0.0305
  ab_p[2,22]   -0.0024    0.0193    0.0007    853.7820   712.1728    1.0088        0.0363
  ab_p[1,23]    0.0939    0.0406    0.0015    706.7726   652.7043    1.0118        0.0300
  ab_p[2,23]    0.0137    0.0198    0.0006    989.5011   655.3830    1.0059        0.0420
  ab_p[1,24]    0.1087    0.0428    0.0016    756.8554   690.0314    1.0065        0.0322
  ab_p[2,24]   -0.0087    0.0199    0.0007    749.4687   358.7690    1.0125        0.0318
      σ_e[1]    0.3159    0.5261    0.0361     37.4258    71.2255    1.0841        0.0016
      σ_e[2]    0.2839    0.5528    0.0452     53.3323   156.7397    1.0757        0.0023
    ρ_e[1,1]    1.0000    0.0000       NaN         NaN        NaN       NaN           NaN
    ρ_e[2,1]    0.0372    0.4374    0.0213    435.1717   398.8410    1.0079        0.0185
    ρ_e[1,2]    0.0372    0.4374    0.0213    435.1717   398.8410    1.0079        0.0185
    ρ_e[2,2]    1.0000    0.0000    0.0000    980.5146   910.6606    1.0018        0.0417
   ab_e[1,1]   -0.0124    0.0410    0.0015    766.2242   502.6333    1.0258        0.0326
   ab_e[2,1]   -0.0218    0.0154    0.0006    622.2759   717.7876    1.0138        0.0264
           σ    0.9841    0.0033    0.0001    655.3096   692.8988    1.0021        0.0278

Quantiles
  parameters      2.5%     25.0%     50.0%     75.0%     97.5%
      Symbol   Float64   Float64   Float64   Float64   Float64

      σ_w[1]    0.0132    0.0261    0.0383    0.0549    0.1349
      σ_w[2]    0.0028    0.0093    0.0161    0.0278    0.0724
    ρ_w[1,1]    1.0000    1.0000    1.0000    1.0000    1.0000
    ρ_w[2,1]   -0.9042   -0.5686   -0.2773    0.0621    0.6231
    ρ_w[1,2]   -0.9042   -0.5686   -0.2773    0.0621    0.6231
    ρ_w[2,2]    1.0000    1.0000    1.0000    1.0000    1.0000
   ab_w[1,1]   -0.1069   -0.0551   -0.0365   -0.0188    0.0137
   ab_w[2,1]   -0.0293   -0.0039    0.0034    0.0123    0.0400
   ab_w[1,2]   -0.0519   -0.0125   -0.0001    0.0126    0.0613
   ab_w[2,2]   -0.0418   -0.0166   -0.0058    0.0012    0.0165
   ab_w[1,3]   -0.0342    0.0013    0.0139    0.0291    0.0782
   ab_w[2,3]   -0.0416   -0.0155   -0.0050    0.0009    0.0164
   ab_w[1,4]   -0.0787   -0.0286   -0.0141    0.0032    0.0531
   ab_w[2,4]   -0.0109    0.0021    0.0109    0.0243    0.0627
   ab_w[1,5]   -0.0152    0.0171    0.0313    0.0465    0.0922
   ab_w[2,5]   -0.0453   -0.0183   -0.0070    0.0003    0.0129
      σ_p[1]    0.1370    0.1640    0.1847    0.2049    0.2537
      σ_p[2]    0.0160    0.0253    0.0303    0.0364    0.0481
    ρ_p[1,1]    1.0000    1.0000    1.0000    1.0000    1.0000
    ρ_p[2,1]   -0.2654    0.1071    0.2849    0.4228    0.6648
    ρ_p[1,2]   -0.2654    0.1071    0.2849    0.4228    0.6648
    ρ_p[2,2]    1.0000    1.0000    1.0000    1.0000    1.0000
   ab_p[1,1]   -0.2461   -0.1905   -0.1638   -0.1345   -0.0784
   ab_p[2,1]   -0.0643   -0.0369   -0.0244   -0.0129    0.0070
   ab_p[1,2]    0.1352    0.1880    0.2128    0.2395    0.2941
   ab_p[2,2]   -0.0491   -0.0231   -0.0092    0.0017    0.0224
   ab_p[1,3]    0.1515    0.2038    0.2302    0.2596    0.3208
   ab_p[2,3]   -0.0203    0.0036    0.0156    0.0282    0.0559
   ab_p[1,4]   -0.0489    0.0047    0.0290    0.0583    0.1172
   ab_p[2,4]   -0.0448   -0.0188   -0.0070    0.0053    0.0293
   ab_p[1,5]    0.0531    0.1102    0.1376    0.1657    0.2240
   ab_p[2,5]   -0.0114    0.0094    0.0210    0.0345    0.0595
   ab_p[1,6]   -0.2135   -0.1633   -0.1346   -0.1058   -0.0476
   ab_p[2,6]   -0.0762   -0.0491   -0.0358   -0.0238    0.0019
   ab_p[1,7]   -0.2589   -0.2063   -0.1754   -0.1455   -0.0859
   ab_p[2,7]   -0.0476   -0.0240   -0.0110    0.0009    0.0242
   ab_p[1,8]   -0.1151   -0.0620   -0.0322   -0.0028    0.0546
   ab_p[2,8]   -0.0213   -0.0017    0.0098    0.0231    0.0484
   ab_p[1,9]   -0.0297    0.0277    0.0536    0.0823    0.1398
   ab_p[2,9]   -0.0863   -0.0572   -0.0440   -0.0302   -0.0051
  ab_p[1,10]   -0.3437   -0.2915   -0.2647   -0.2357   -0.1768
  ab_p[2,10]   -0.0403   -0.0100    0.0037    0.0166    0.0386
  ab_p[1,11]   -0.3589   -0.3008   -0.2714   -0.2402   -0.1813
  ab_p[2,11]   -0.0222   -0.0009    0.0113    0.0252    0.0542
  ab_p[1,12]   -0.1510   -0.1007   -0.0752   -0.0474    0.0127
  ab_p[2,12]    0.0086    0.0311    0.0460    0.0604    0.0883
  ab_p[1,13]    0.0424    0.0986    0.1228    0.1516    0.2156
  ab_p[2,13]   -0.0039    0.0191    0.0319    0.0454    0.0692
  ab_p[1,14]    0.0379    0.0842    0.1116    0.1409    0.1998
  ab_p[2,14]   -0.0206    0.0042    0.0157    0.0282    0.0551
  ab_p[1,15]   -0.0162    0.0360    0.0629    0.0919    0.1553
  ab_p[2,15]   -0.0395   -0.0191   -0.0060    0.0068    0.0296
  ab_p[1,16]   -0.3355   -0.2806   -0.2544   -0.2279   -0.1703
  ab_p[2,16]   -0.0781   -0.0500   -0.0381   -0.0237   -0.0007
  ab_p[1,17]   -0.2144   -0.1584   -0.1301   -0.1031   -0.0427
  ab_p[2,17]   -0.0577   -0.0313   -0.0185   -0.0066    0.0171
  ab_p[1,18]   -0.1137   -0.0491   -0.0239    0.0055    0.0609
  ab_p[2,18]   -0.0283   -0.0080    0.0041    0.0162    0.0413
  ab_p[1,19]   -0.3795   -0.3217   -0.2961   -0.2655   -0.2080
  ab_p[2,19]   -0.0575   -0.0324   -0.0202   -0.0065    0.0137
  ab_p[1,20]    0.0313    0.0837    0.1117    0.1401    0.1967
  ab_p[2,20]   -0.0174    0.0063    0.0189    0.0320    0.0571
  ab_p[1,21]    0.2112    0.2586    0.2879    0.3159    0.3711
  ab_p[2,21]   -0.0243    0.0004    0.0125    0.0250    0.0512
  ab_p[1,22]    0.0440    0.0949    0.1266    0.1526    0.2069
  ab_p[2,22]   -0.0400   -0.0161   -0.0018    0.0112    0.0336
  ab_p[1,23]    0.0177    0.0664    0.0942    0.1201    0.1744
  ab_p[2,23]   -0.0237    0.0006    0.0134    0.0270    0.0544
  ab_p[1,24]    0.0312    0.0784    0.1071    0.1374    0.1946
  ab_p[2,24]   -0.0471   -0.0224   -0.0090    0.0047    0.0304
      σ_e[1]    0.0062    0.0359    0.1339    0.3950    1.5224
      σ_e[2]    0.0059    0.0378    0.1013    0.2640    2.1138
    ρ_e[1,1]    1.0000    1.0000    1.0000    1.0000    1.0000
    ρ_e[2,1]   -0.7596   -0.2980    0.0355    0.3787    0.8169
    ρ_e[1,2]   -0.7596   -0.2980    0.0355    0.3787    0.8169
    ρ_e[2,2]    1.0000    1.0000    1.0000    1.0000    1.0000
   ab_e[1,1]   -0.1049   -0.0344   -0.0073    0.0097    0.0667
   ab_e[2,1]   -0.0487   -0.0316   -0.0233   -0.0121    0.0083
           σ    0.9774    0.9820    0.9842    0.9861    0.9909

