cpu-bind=MASK - bp1-compute167, task  0  0 [2144253]: mask 0x300000003000000 set
Running on host bp1-compute167
Time is Thu Apr 23 22:46:45 BST 2026
Directory is /user/home/em18564/bayesian/BC4/Bayes/wordType_experiments/models/halfNorms
Slurm job ID is 16958346
This job runs on the following machines:
bp1-compute167
┌ Warning: Runtime invalidation was disabled, but the CPU info is out-of-date.
│ Will continue with incorrect CPU name (from build time).
└ @ HostCPUFeatures ~/.julia/packages/HostCPUFeatures/ZTXz4/src/cpu_info.jl:71
┌ Warning: Runtime invalidation was disabled, but the CPU info is out-of-date.
│ Will continue with incorrect CPU feature flag: +avx512vnni.
└ @ HostCPUFeatures ~/.julia/packages/HostCPUFeatures/ZTXz4/src/cpu_info.jl:56
┌ Warning: Runtime invalidation was disabled, but the CPU info is out-of-date.
│ Will continue with incorrect CPU feature flag: -rtm.
└ @ HostCPUFeatures ~/.julia/packages/HostCPUFeatures/ZTXz4/src/cpu_info.jl:56
Sampling (4 threads)   0%|                              |  ETA: N/A
┌ Info: Found initial step size
└   ϵ = 0.00625
┌ Info: Found initial step size
└   ϵ = 0.003125
┌ Info: Found initial step size
└   ϵ = 0.003125
┌ Info: Found initial step size
└   ϵ = 0.000390625
Sampling (4 threads)   0%|▏                             |  ETA: 2:31:33
Sampling (4 threads)   1%|▎                             |  ETA: 1:15:28
Sampling (4 threads)   2%|▌                             |  ETA: 0:52:34
Sampling (4 threads)   2%|▋                             |  ETA: 0:39:13
Sampling (4 threads)   2%|▊                             |  ETA: 0:54:01
Sampling (4 threads)   3%|▉                             |  ETA: 0:44:47
Sampling (4 threads)   4%|█                             |  ETA: 0:38:11
Sampling (4 threads)   4%|█▎                            |  ETA: 1:34:19
Sampling (4 threads)   4%|█▍                            |  ETA: 1:23:24
Sampling (4 threads)   5%|█▌                            |  ETA: 1:14:40
Sampling (4 threads)   6%|█▋                            |  ETA: 1:47:48
Sampling (4 threads)   6%|█▊                            |  ETA: 1:38:18
Sampling (4 threads)   6%|██                            |  ETA: 2:09:57
Sampling (4 threads)   7%|██▏                           |  ETA: 2:00:01
Sampling (4 threads)   8%|██▎                           |  ETA: 1:51:25
Sampling (4 threads)   8%|██▍                           |  ETA: 2:11:47
Sampling (4 threads)   8%|██▌                           |  ETA: 2:03:21
Sampling (4 threads)   9%|██▊                           |  ETA: 2:16:25
Sampling (4 threads)  10%|██▉                           |  ETA: 2:08:31
Sampling (4 threads)  10%|███                           |  ETA: 2:21:27
Sampling (4 threads)  10%|███▏                          |  ETA: 2:13:58
Sampling (4 threads)  11%|███▎                          |  ETA: 2:22:35
Sampling (4 threads)  12%|███▌                          |  ETA: 2:15:37
Sampling (4 threads)  12%|███▋                          |  ETA: 2:20:01
Sampling (4 threads)  12%|███▊                          |  ETA: 2:13:39
Sampling (4 threads)  13%|███▉                          |  ETA: 2:31:41
Sampling (4 threads)  14%|████                          |  ETA: 2:25:14
Sampling (4 threads)  14%|████▎                         |  ETA: 2:19:14
Sampling (4 threads)  14%|████▍                         |  ETA: 2:26:23
Sampling (4 threads)  15%|████▌                         |  ETA: 2:20:40
Sampling (4 threads)  16%|████▋                         |  ETA: 2:21:27
Sampling (4 threads)  16%|████▊                         |  ETA: 2:16:13
Sampling (4 threads)  16%|█████                         |  ETA: 2:19:49
Sampling (4 threads)  17%|█████▏                        |  ETA: 2:14:54
Sampling (4 threads)  18%|█████▎                        |  ETA: 2:17:06
Sampling (4 threads)  18%|█████▍                        |  ETA: 2:12:29
Sampling (4 threads)  18%|█████▌                        |  ETA: 2:17:08
Sampling (4 threads)  19%|█████▊                        |  ETA: 2:12:43
Sampling (4 threads)  20%|█████▉                        |  ETA: 2:17:49
Sampling (4 threads)  20%|██████                        |  ETA: 2:13:32
Sampling (4 threads)  20%|██████▏                       |  ETA: 2:22:58
Sampling (4 threads)  21%|██████▎                       |  ETA: 2:18:41
Sampling (4 threads)  22%|██████▌                       |  ETA: 2:14:36
Sampling (4 threads)  22%|██████▋                       |  ETA: 2:22:04
Sampling (4 threads)  22%|██████▊                       |  ETA: 2:18:01
Sampling (4 threads)  23%|██████▉                       |  ETA: 2:14:09
Sampling (4 threads)  24%|███████                       |  ETA: 2:21:20
Sampling (4 threads)  24%|███████▎                      |  ETA: 2:17:29
Sampling (4 threads)  24%|███████▍                      |  ETA: 2:13:47
Sampling (4 threads)  25%|███████▌                      |  ETA: 2:15:11
Sampling (4 threads)  26%|███████▋                      |  ETA: 2:11:39
Sampling (4 threads)  26%|███████▊                      |  ETA: 2:12:24
Sampling (4 threads)  26%|████████                      |  ETA: 2:09:01
Sampling (4 threads)  27%|████████▏                     |  ETA: 2:11:20
Sampling (4 threads)  28%|████████▎                     |  ETA: 2:08:03
Sampling (4 threads)  28%|████████▍                     |  ETA: 2:04:54
Sampling (4 threads)  28%|████████▌                     |  ETA: 2:08:58
Sampling (4 threads)  29%|████████▊                     |  ETA: 2:05:52
Sampling (4 threads)  30%|████████▉                     |  ETA: 2:02:52
Sampling (4 threads)  30%|█████████                     |  ETA: 1:59:57
Sampling (4 threads)  30%|█████████▏                    |  ETA: 2:00:30
Sampling (4 threads)  31%|█████████▎                    |  ETA: 1:57:43
Sampling (4 threads)  32%|█████████▌                    |  ETA: 2:02:08
Sampling (4 threads)  32%|█████████▋                    |  ETA: 1:59:21
Sampling (4 threads)  32%|█████████▊                    |  ETA: 2:04:05
Sampling (4 threads)  33%|█████████▉                    |  ETA: 2:01:18
Sampling (4 threads)  34%|██████████                    |  ETA: 1:58:36
Sampling (4 threads)  34%|██████████▎                   |  ETA: 1:55:59
Sampling (4 threads)  34%|██████████▍                   |  ETA: 1:57:13
Sampling (4 threads)  35%|██████████▌                   |  ETA: 1:54:40
Sampling (4 threads)  36%|██████████▋                   |  ETA: 1:55:19
Sampling (4 threads)  36%|██████████▊                   |  ETA: 1:52:50
Sampling (4 threads)  36%|███████████                   |  ETA: 1:53:01
Sampling (4 threads)  37%|███████████▏                  |  ETA: 1:50:37
Sampling (4 threads)  38%|███████████▎                  |  ETA: 1:53:12
Sampling (4 threads)  38%|███████████▍                  |  ETA: 1:50:49
Sampling (4 threads)  38%|███████████▌                  |  ETA: 1:48:30
Sampling (4 threads)  39%|███████████▊                  |  ETA: 1:49:25
Sampling (4 threads)  40%|███████████▉                  |  ETA: 1:47:09
Sampling (4 threads)  40%|████████████                  |  ETA: 1:46:51
Sampling (4 threads)  40%|████████████▏                 |  ETA: 1:44:40
Sampling (4 threads)  41%|████████████▎                 |  ETA: 1:47:33
Sampling (4 threads)  42%|████████████▌                 |  ETA: 1:45:21
Sampling (4 threads)  42%|████████████▋                 |  ETA: 1:43:12
Sampling (4 threads)  42%|████████████▊                 |  ETA: 1:44:08
Sampling (4 threads)  43%|████████████▉                 |  ETA: 1:42:02
Sampling (4 threads)  44%|█████████████                 |  ETA: 1:43:50
Sampling (4 threads)  44%|█████████████▎                |  ETA: 1:41:45
Sampling (4 threads)  44%|█████████████▍                |  ETA: 1:39:42
Sampling (4 threads)  45%|█████████████▌                |  ETA: 1:37:43
Sampling (4 threads)  46%|█████████████▋                |  ETA: 1:40:03
Sampling (4 threads)  46%|█████████████▊                |  ETA: 1:38:03
Sampling (4 threads)  46%|██████████████                |  ETA: 1:39:52
Sampling (4 threads)  47%|██████████████▏               |  ETA: 1:37:53
Sampling (4 threads)  48%|██████████████▎               |  ETA: 1:35:57
Sampling (4 threads)  48%|██████████████▍               |  ETA: 1:38:39
Sampling (4 threads)  48%|██████████████▌               |  ETA: 1:36:41
Sampling (4 threads)  49%|██████████████▊               |  ETA: 1:34:46
Sampling (4 threads)  50%|██████████████▉               |  ETA: 1:35:16
Sampling (4 threads)  50%|███████████████               |  ETA: 1:33:23
Sampling (4 threads)  50%|███████████████▏              |  ETA: 1:35:13
Sampling (4 threads)  51%|███████████████▎              |  ETA: 1:33:20
Sampling (4 threads)  52%|███████████████▌              |  ETA: 1:31:29
Sampling (4 threads)  52%|███████████████▋              |  ETA: 1:29:40
Sampling (4 threads)  52%|███████████████▊              |  ETA: 1:31:34
Sampling (4 threads)  53%|███████████████▉              |  ETA: 1:29:44
Sampling (4 threads)  54%|████████████████              |  ETA: 1:27:57
Sampling (4 threads)  54%|████████████████▎             |  ETA: 1:28:12
Sampling (4 threads)  55%|████████████████▍             |  ETA: 1:26:27
Sampling (4 threads)  55%|████████████████▌             |  ETA: 1:26:48
Sampling (4 threads)  56%|████████████████▋             |  ETA: 1:25:04
Sampling (4 threads)  56%|████████████████▊             |  ETA: 1:23:22
Sampling (4 threads)  56%|█████████████████             |  ETA: 1:23:54
Sampling (4 threads)  57%|█████████████████▏            |  ETA: 1:22:13
Sampling (4 threads)  57%|█████████████████▎            |  ETA: 1:21:52
Sampling (4 threads)  58%|█████████████████▍            |  ETA: 1:20:12
Sampling (4 threads)  58%|█████████████████▌            |  ETA: 1:21:19
Sampling (4 threads)  59%|█████████████████▊            |  ETA: 1:19:40
Sampling (4 threads)  60%|█████████████████▉            |  ETA: 1:18:02
Sampling (4 threads)  60%|██████████████████            |  ETA: 1:16:25
Sampling (4 threads)  60%|██████████████████▏           |  ETA: 1:16:52
Sampling (4 threads)  61%|██████████████████▎           |  ETA: 1:15:17
Sampling (4 threads)  62%|██████████████████▌           |  ETA: 1:15:11
Sampling (4 threads)  62%|██████████████████▋           |  ETA: 1:13:37
Sampling (4 threads)  62%|██████████████████▊           |  ETA: 1:13:03
Sampling (4 threads)  63%|██████████████████▉           |  ETA: 1:11:30
Sampling (4 threads)  64%|███████████████████           |  ETA: 1:11:41
Sampling (4 threads)  64%|███████████████████▎          |  ETA: 1:10:09
Sampling (4 threads)  64%|███████████████████▍          |  ETA: 1:08:38
Sampling (4 threads)  65%|███████████████████▌          |  ETA: 1:08:51
Sampling (4 threads)  66%|███████████████████▋          |  ETA: 1:07:21
Sampling (4 threads)  66%|███████████████████▊          |  ETA: 1:05:52
Sampling (4 threads)  66%|████████████████████          |  ETA: 1:05:48
Sampling (4 threads)  67%|████████████████████▏         |  ETA: 1:04:20
Sampling (4 threads)  68%|████████████████████▎         |  ETA: 1:02:53
Sampling (4 threads)  68%|████████████████████▍         |  ETA: 1:02:49
Sampling (4 threads)  68%|████████████████████▌         |  ETA: 1:01:23
Sampling (4 threads)  69%|████████████████████▊         |  ETA: 0:59:58
Sampling (4 threads)  70%|████████████████████▉         |  ETA: 0:59:57
Sampling (4 threads)  70%|█████████████████████         |  ETA: 0:58:32
Sampling (4 threads)  70%|█████████████████████▏        |  ETA: 0:58:18
Sampling (4 threads)  71%|█████████████████████▎        |  ETA: 0:56:55
Sampling (4 threads)  72%|█████████████████████▌        |  ETA: 0:55:33
Sampling (4 threads)  72%|█████████████████████▋        |  ETA: 0:55:32
Sampling (4 threads)  72%|█████████████████████▊        |  ETA: 0:54:10
Sampling (4 threads)  73%|█████████████████████▉        |  ETA: 0:52:49
Sampling (4 threads)  74%|██████████████████████        |  ETA: 0:52:13
Sampling (4 threads)  74%|██████████████████████▎       |  ETA: 0:50:53
Sampling (4 threads)  74%|██████████████████████▍       |  ETA: 0:50:13
Sampling (4 threads)  75%|██████████████████████▌       |  ETA: 0:48:55
Sampling (4 threads)  76%|██████████████████████▋       |  ETA: 0:48:21
Sampling (4 threads)  76%|██████████████████████▊       |  ETA: 0:47:03
Sampling (4 threads)  76%|███████████████████████       |  ETA: 0:45:46
Sampling (4 threads)  77%|███████████████████████▏      |  ETA: 0:45:19
Sampling (4 threads)  78%|███████████████████████▎      |  ETA: 0:44:03
Sampling (4 threads)  78%|███████████████████████▍      |  ETA: 0:43:34
Sampling (4 threads)  78%|███████████████████████▌      |  ETA: 0:42:18
Sampling (4 threads)  79%|███████████████████████▊      |  ETA: 0:41:04
Sampling (4 threads)  80%|███████████████████████▉      |  ETA: 0:40:37
Sampling (4 threads)  80%|████████████████████████      |  ETA: 0:39:23
Sampling (4 threads)  80%|████████████████████████▏     |  ETA: 0:38:09
Sampling (4 threads)  81%|████████████████████████▎     |  ETA: 0:37:41
Sampling (4 threads)  82%|████████████████████████▌     |  ETA: 0:36:28
Sampling (4 threads)  82%|████████████████████████▋     |  ETA: 0:35:16
Sampling (4 threads)  82%|████████████████████████▊     |  ETA: 0:34:36
Sampling (4 threads)  83%|████████████████████████▉     |  ETA: 0:33:24
Sampling (4 threads)  84%|█████████████████████████     |  ETA: 0:32:31
Sampling (4 threads)  84%|█████████████████████████▎    |  ETA: 0:31:20
Sampling (4 threads)  84%|█████████████████████████▍    |  ETA: 0:30:50
Sampling (4 threads)  85%|█████████████████████████▌    |  ETA: 0:29:40
Sampling (4 threads)  86%|█████████████████████████▋    |  ETA: 0:28:30
Sampling (4 threads)  86%|█████████████████████████▊    |  ETA: 0:27:53
Sampling (4 threads)  86%|██████████████████████████    |  ETA: 0:26:44
Sampling (4 threads)  87%|██████████████████████████▏   |  ETA: 0:25:35
Sampling (4 threads)  88%|██████████████████████████▎   |  ETA: 0:24:55
Sampling (4 threads)  88%|██████████████████████████▍   |  ETA: 0:23:47
Sampling (4 threads)  88%|██████████████████████████▌   |  ETA: 0:22:40
Sampling (4 threads)  89%|██████████████████████████▊   |  ETA: 0:21:54
Sampling (4 threads)  90%|██████████████████████████▉   |  ETA: 0:20:47
Sampling (4 threads)  90%|███████████████████████████   |  ETA: 0:19:56
Sampling (4 threads)  90%|███████████████████████████▏  |  ETA: 0:18:50
Sampling (4 threads)  91%|███████████████████████████▎  |  ETA: 0:17:45
Sampling (4 threads)  92%|███████████████████████████▌  |  ETA: 0:16:40
Sampling (4 threads)  92%|███████████████████████████▋  |  ETA: 0:15:55
Sampling (4 threads)  92%|███████████████████████████▊  |  ETA: 0:14:51
Sampling (4 threads)  93%|███████████████████████████▉  |  ETA: 0:13:47
Sampling (4 threads)  94%|████████████████████████████  |  ETA: 0:12:58
Sampling (4 threads)  94%|████████████████████████████▎ |  ETA: 0:11:55
Sampling (4 threads)  94%|████████████████████████████▍ |  ETA: 0:10:52
Sampling (4 threads)  95%|████████████████████████████▌ |  ETA: 0:09:59
Sampling (4 threads)  96%|████████████████████████████▋ |  ETA: 0:08:56
Sampling (4 threads)  96%|████████████████████████████▊ |  ETA: 0:07:54
Sampling (4 threads)  96%|█████████████████████████████ |  ETA: 0:06:56
Sampling (4 threads)  97%|█████████████████████████████▏|  ETA: 0:05:56
Sampling (4 threads)  98%|█████████████████████████████▎|  ETA: 0:05:01
Sampling (4 threads)  98%|█████████████████████████████▍|  ETA: 0:04:03
Sampling (4 threads)  98%|█████████████████████████████▌|  ETA: 0:03:04
Sampling (4 threads)  99%|█████████████████████████████▊|  ETA: 0:02:04
Sampling (4 threads) 100%|█████████████████████████████▉|  ETA: 0:01:03
Sampling (4 threads) 100%|██████████████████████████████| Time: 3:29:27
Sampling (4 threads) 100%|██████████████████████████████| Time: 3:29:27
┌ Warning: Assignment to `is_waiting` in soft scope is ambiguous because a global variable by the same name exists: `is_waiting` will be treated as a new local. Disambiguate by using `local is_waiting` to suppress this warning or `global is_waiting` to assign to the existing global variable.
└ @ ~/bayesian/BC4/Bayes/wordType_experiments/models/halfNorms/model.jl:53
┌ Warning: Runtime invalidation was disabled, but the CPU info is out-of-date.
│ Will continue with incorrect CPU name (from build time).
└ @ HostCPUFeatures ~/.julia/packages/HostCPUFeatures/ZTXz4/src/cpu_info.jl:71
┌ Warning: Runtime invalidation was disabled, but the CPU info is out-of-date.
│ Will continue with incorrect CPU feature flag: +avx512vnni.
└ @ HostCPUFeatures ~/.julia/packages/HostCPUFeatures/ZTXz4/src/cpu_info.jl:56
┌ Warning: Runtime invalidation was disabled, but the CPU info is out-of-date.
│ Will continue with incorrect CPU feature flag: -rtm.
└ @ HostCPUFeatures ~/.julia/packages/HostCPUFeatures/ZTXz4/src/cpu_info.jl:56
Sampling (4 threads)   0%|                              |  ETA: N/A
┌ Info: Found initial step size
└   ϵ = 0.003125
┌ Info: Found initial step size
└   ϵ = 0.0015625
┌ Info: Found initial step size
└   ϵ = 0.003125
┌ Info: Found initial step size
└   ϵ = 0.0001953125
Sampling (4 threads)   0%|▏                             |  ETA: 2:45:50
Sampling (4 threads)   1%|▎                             |  ETA: 1:22:35
Sampling (4 threads)   2%|▌                             |  ETA: 0:54:47
Sampling (4 threads)   2%|▋                             |  ETA: 0:44:30
Sampling (4 threads)   2%|▊                             |  ETA: 0:35:25
Sampling (4 threads)   3%|▉                             |  ETA: 0:29:22
Sampling (4 threads)   4%|█                             |  ETA: 0:33:59
Sampling (4 threads)   4%|█▎                            |  ETA: 0:29:35
Sampling (4 threads)   4%|█▍                            |  ETA: 0:26:10
Sampling (4 threads)   5%|█▌                            |  ETA: 0:23:25
Sampling (4 threads)   6%|█▋                            |  ETA: 0:50:25
Sampling (4 threads)   6%|█▊                            |  ETA: 0:45:58
Sampling (4 threads)   6%|██                            |  ETA: 1:04:41
Sampling (4 threads)   7%|██▏                           |  ETA: 0:59:44
Sampling (4 threads)   8%|██▎                           |  ETA: 1:27:01
Sampling (4 threads)   8%|██▍                           |  ETA: 1:21:08
Sampling (4 threads)   8%|██▌                           |  ETA: 1:51:01
Sampling (4 threads)   9%|██▊                           |  ETA: 1:44:16
Sampling (4 threads)  10%|██▉                           |  ETA: 1:38:14
Sampling (4 threads)  10%|███                           |  ETA: 1:32:49
Sampling (4 threads)  10%|███▏                          |  ETA: 1:50:14
Sampling (4 threads)  11%|███▎                          |  ETA: 1:44:38
Sampling (4 threads)  12%|███▌                          |  ETA: 2:00:59
Sampling (4 threads)  12%|███▋                          |  ETA: 1:55:17
Sampling (4 threads)  12%|███▊                          |  ETA: 1:50:03
Sampling (4 threads)  13%|███▉                          |  ETA: 2:07:38
Sampling (4 threads)  14%|████                          |  ETA: 2:02:12
Sampling (4 threads)  14%|████▎                         |  ETA: 1:57:09
Sampling (4 threads)  14%|████▍                         |  ETA: 2:13:42
Sampling (4 threads)  15%|████▌                         |  ETA: 2:08:30
Sampling (4 threads)  16%|████▋                         |  ETA: 2:03:37
Sampling (4 threads)  16%|████▊                         |  ETA: 2:12:46
Sampling (4 threads)  16%|█████                         |  ETA: 2:07:59
Sampling (4 threads)  17%|█████▏                        |  ETA: 2:13:39
Sampling (4 threads)  18%|█████▎                        |  ETA: 2:09:03
Sampling (4 threads)  18%|█████▍                        |  ETA: 2:10:41
Sampling (4 threads)  18%|█████▌                        |  ETA: 2:06:22
Sampling (4 threads)  19%|█████▊                        |  ETA: 2:17:48
Sampling (4 threads)  20%|█████▉                        |  ETA: 2:13:26
Sampling (4 threads)  20%|██████                        |  ETA: 2:09:18
Sampling (4 threads)  20%|██████▏                       |  ETA: 2:05:21
Sampling (4 threads)  21%|██████▎                       |  ETA: 2:17:33
Sampling (4 threads)  22%|██████▌                       |  ETA: 2:13:30
Sampling (4 threads)  22%|██████▋                       |  ETA: 2:09:38
Sampling (4 threads)  22%|██████▊                       |  ETA: 2:17:19
Sampling (4 threads)  23%|██████▉                       |  ETA: 2:13:27
Sampling (4 threads)  24%|███████                       |  ETA: 2:09:46
Sampling (4 threads)  24%|███████▎                      |  ETA: 2:12:50
Sampling (4 threads)  24%|███████▍                      |  ETA: 2:09:16
Sampling (4 threads)  25%|███████▌                      |  ETA: 2:17:09
Sampling (4 threads)  26%|███████▋                      |  ETA: 2:13:33
Sampling (4 threads)  26%|███████▊                      |  ETA: 2:10:07
Sampling (4 threads)  26%|████████                      |  ETA: 2:06:47
Sampling (4 threads)  27%|████████▏                     |  ETA: 2:14:02
Sampling (4 threads)  28%|████████▎                     |  ETA: 2:10:42
Sampling (4 threads)  28%|████████▍                     |  ETA: 2:07:29
Sampling (4 threads)  28%|████████▌                     |  ETA: 2:12:08
Sampling (4 threads)  29%|████████▊                     |  ETA: 2:08:57
Sampling (4 threads)  30%|████████▉                     |  ETA: 2:05:53
Sampling (4 threads)  30%|█████████                     |  ETA: 2:10:15
Sampling (4 threads)  30%|█████████▏                    |  ETA: 2:07:12
Sampling (4 threads)  31%|█████████▎                    |  ETA: 2:04:15
Sampling (4 threads)  32%|█████████▌                    |  ETA: 2:08:33
Sampling (4 threads)  32%|█████████▋                    |  ETA: 2:05:37
Sampling (4 threads)  32%|█████████▊                    |  ETA: 2:02:47
Sampling (4 threads)  33%|█████████▉                    |  ETA: 2:04:18
Sampling (4 threads)  34%|██████████                    |  ETA: 2:01:32
Sampling (4 threads)  34%|██████████▎                   |  ETA: 2:02:51
Sampling (4 threads)  34%|██████████▍                   |  ETA: 2:00:10
Sampling (4 threads)  35%|██████████▌                   |  ETA: 2:01:26
Sampling (4 threads)  36%|██████████▋                   |  ETA: 1:58:48
Sampling (4 threads)  36%|██████████▊                   |  ETA: 2:01:33
Sampling (4 threads)  36%|███████████                   |  ETA: 1:58:57
Sampling (4 threads)  37%|███████████▏                  |  ETA: 1:56:25
Sampling (4 threads)  38%|███████████▎                  |  ETA: 2:00:32
Sampling (4 threads)  38%|███████████▍                  |  ETA: 1:58:00
Sampling (4 threads)  38%|███████████▌                  |  ETA: 1:55:31
Sampling (4 threads)  39%|███████████▊                  |  ETA: 1:53:07
Sampling (4 threads)  40%|███████████▉                  |  ETA: 1:55:58
Sampling (4 threads)  40%|████████████                  |  ETA: 1:53:34
Sampling (4 threads)  40%|████████████▏                 |  ETA: 1:51:14
Sampling (4 threads)  41%|████████████▎                 |  ETA: 1:51:57
Sampling (4 threads)  42%|████████████▌                 |  ETA: 1:49:40
Sampling (4 threads)  42%|████████████▋                 |  ETA: 1:51:45
Sampling (4 threads)  42%|████████████▊                 |  ETA: 1:49:29
Sampling (4 threads)  43%|████████████▉                 |  ETA: 1:47:17
Sampling (4 threads)  44%|█████████████                 |  ETA: 1:49:58
Sampling (4 threads)  44%|█████████████▎                |  ETA: 1:47:46
Sampling (4 threads)  44%|█████████████▍                |  ETA: 1:45:36
Sampling (4 threads)  45%|█████████████▌                |  ETA: 1:45:57
Sampling (4 threads)  46%|█████████████▋                |  ETA: 1:43:50
Sampling (4 threads)  46%|█████████████▊                |  ETA: 1:45:30
Sampling (4 threads)  46%|██████████████                |  ETA: 1:43:24
Sampling (4 threads)  47%|██████████████▏               |  ETA: 1:41:20
Sampling (4 threads)  48%|██████████████▎               |  ETA: 1:39:20
Sampling (4 threads)  48%|██████████████▍               |  ETA: 1:41:21
Sampling (4 threads)  48%|██████████████▌               |  ETA: 1:39:20
Sampling (4 threads)  49%|██████████████▊               |  ETA: 1:37:22
Sampling (4 threads)  50%|██████████████▉               |  ETA: 1:38:41
Sampling (4 threads)  50%|███████████████               |  ETA: 1:36:44
Sampling (4 threads)  50%|███████████████▏              |  ETA: 1:34:49
Sampling (4 threads)  51%|███████████████▎              |  ETA: 1:36:23
Sampling (4 threads)  52%|███████████████▌              |  ETA: 1:34:28
Sampling (4 threads)  52%|███████████████▋              |  ETA: 1:32:36
Sampling (4 threads)  52%|███████████████▊              |  ETA: 1:33:34
Sampling (4 threads)  53%|███████████████▉              |  ETA: 1:31:42
Sampling (4 threads)  54%|████████████████              |  ETA: 1:29:53
Sampling (4 threads)  54%|████████████████▎             |  ETA: 1:29:51
Sampling (4 threads)  55%|████████████████▍             |  ETA: 1:28:03
Sampling (4 threads)  55%|████████████████▌             |  ETA: 1:27:57
Sampling (4 threads)  56%|████████████████▋             |  ETA: 1:26:11
Sampling (4 threads)  56%|████████████████▊             |  ETA: 1:26:49
Sampling (4 threads)  56%|█████████████████             |  ETA: 1:25:04
Sampling (4 threads)  57%|█████████████████▏            |  ETA: 1:23:21
Sampling (4 threads)  57%|█████████████████▎            |  ETA: 1:24:19
Sampling (4 threads)  58%|█████████████████▍            |  ETA: 1:22:36
Sampling (4 threads)  58%|█████████████████▌            |  ETA: 1:20:55
Sampling (4 threads)  59%|█████████████████▊            |  ETA: 1:21:31
Sampling (4 threads)  60%|█████████████████▉            |  ETA: 1:19:50
Sampling (4 threads)  60%|██████████████████            |  ETA: 1:18:12
Sampling (4 threads)  60%|██████████████████▏           |  ETA: 1:18:43
Sampling (4 threads)  61%|██████████████████▎           |  ETA: 1:17:05
Sampling (4 threads)  62%|██████████████████▌           |  ETA: 1:15:28
Sampling (4 threads)  62%|██████████████████▋           |  ETA: 1:15:11
Sampling (4 threads)  62%|██████████████████▊           |  ETA: 1:13:36
Sampling (4 threads)  63%|██████████████████▉           |  ETA: 1:13:14
Sampling (4 threads)  64%|███████████████████           |  ETA: 1:11:41
Sampling (4 threads)  64%|███████████████████▎          |  ETA: 1:11:56
Sampling (4 threads)  64%|███████████████████▍          |  ETA: 1:10:23
Sampling (4 threads)  65%|███████████████████▌          |  ETA: 1:08:52
Sampling (4 threads)  66%|███████████████████▋          |  ETA: 1:08:25
Sampling (4 threads)  66%|███████████████████▊          |  ETA: 1:06:55
Sampling (4 threads)  66%|████████████████████          |  ETA: 1:06:27
Sampling (4 threads)  67%|████████████████████▏         |  ETA: 1:04:59
Sampling (4 threads)  68%|████████████████████▎         |  ETA: 1:05:02
Sampling (4 threads)  68%|████████████████████▍         |  ETA: 1:03:34
Sampling (4 threads)  68%|████████████████████▌         |  ETA: 1:02:07
Sampling (4 threads)  69%|████████████████████▊         |  ETA: 1:00:41
Sampling (4 threads)  70%|████████████████████▉         |  ETA: 1:01:00
Sampling (4 threads)  70%|█████████████████████         |  ETA: 0:59:34
Sampling (4 threads)  70%|█████████████████████▏        |  ETA: 0:58:10
Sampling (4 threads)  71%|█████████████████████▎        |  ETA: 0:58:06
Sampling (4 threads)  72%|█████████████████████▌        |  ETA: 0:56:42
Sampling (4 threads)  72%|█████████████████████▋        |  ETA: 0:55:19
Sampling (4 threads)  72%|█████████████████████▊        |  ETA: 0:55:12
Sampling (4 threads)  73%|█████████████████████▉        |  ETA: 0:53:49
Sampling (4 threads)  74%|██████████████████████        |  ETA: 0:52:28
Sampling (4 threads)  74%|██████████████████████▎       |  ETA: 0:52:16
Sampling (4 threads)  74%|██████████████████████▍       |  ETA: 0:50:55
Sampling (4 threads)  75%|██████████████████████▌       |  ETA: 0:49:35
Sampling (4 threads)  76%|██████████████████████▋       |  ETA: 0:49:26
Sampling (4 threads)  76%|██████████████████████▊       |  ETA: 0:48:06
Sampling (4 threads)  76%|███████████████████████       |  ETA: 0:46:48
Sampling (4 threads)  77%|███████████████████████▏      |  ETA: 0:46:31
Sampling (4 threads)  78%|███████████████████████▎      |  ETA: 0:45:13
Sampling (4 threads)  78%|███████████████████████▍      |  ETA: 0:43:56
Sampling (4 threads)  78%|███████████████████████▌      |  ETA: 0:43:37
Sampling (4 threads)  79%|███████████████████████▊      |  ETA: 0:42:20
Sampling (4 threads)  80%|███████████████████████▉      |  ETA: 0:41:04
Sampling (4 threads)  80%|████████████████████████      |  ETA: 0:40:37
Sampling (4 threads)  80%|████████████████████████▏     |  ETA: 0:39:21
Sampling (4 threads)  81%|████████████████████████▎     |  ETA: 0:38:06
Sampling (4 threads)  82%|████████████████████████▌     |  ETA: 0:37:20
Sampling (4 threads)  82%|████████████████████████▋     |  ETA: 0:36:07
Sampling (4 threads)  82%|████████████████████████▊     |  ETA: 0:35:20
Sampling (4 threads)  83%|████████████████████████▉     |  ETA: 0:34:07
Sampling (4 threads)  84%|█████████████████████████     |  ETA: 0:33:14
Sampling (4 threads)  84%|█████████████████████████▎    |  ETA: 0:32:02
Sampling (4 threads)  84%|█████████████████████████▍    |  ETA: 0:31:14
Sampling (4 threads)  85%|█████████████████████████▌    |  ETA: 0:30:03
Sampling (4 threads)  86%|█████████████████████████▋    |  ETA: 0:29:14
Sampling (4 threads)  86%|█████████████████████████▊    |  ETA: 0:28:04
Sampling (4 threads)  86%|██████████████████████████    |  ETA: 0:27:13
Sampling (4 threads)  87%|██████████████████████████▏   |  ETA: 0:26:04
Sampling (4 threads)  88%|██████████████████████████▎   |  ETA: 0:25:22
Sampling (4 threads)  88%|██████████████████████████▍   |  ETA: 0:24:12
Sampling (4 threads)  88%|██████████████████████████▌   |  ETA: 0:23:04
Sampling (4 threads)  89%|██████████████████████████▊   |  ETA: 0:21:56
Sampling (4 threads)  90%|██████████████████████████▉   |  ETA: 0:21:15
Sampling (4 threads)  90%|███████████████████████████   |  ETA: 0:20:08
Sampling (4 threads)  90%|███████████████████████████▏  |  ETA: 0:19:01
Sampling (4 threads)  91%|███████████████████████████▎  |  ETA: 0:18:16
Sampling (4 threads)  92%|███████████████████████████▌  |  ETA: 0:17:10
Sampling (4 threads)  92%|███████████████████████████▋  |  ETA: 0:16:04
Sampling (4 threads)  92%|███████████████████████████▊  |  ETA: 0:14:59
Sampling (4 threads)  93%|███████████████████████████▉  |  ETA: 0:14:02
Sampling (4 threads)  94%|████████████████████████████  |  ETA: 0:13:04
Sampling (4 threads)  94%|████████████████████████████▎ |  ETA: 0:12:01
Sampling (4 threads)  94%|████████████████████████████▍ |  ETA: 0:11:02
Sampling (4 threads)  95%|████████████████████████████▌ |  ETA: 0:10:04
Sampling (4 threads)  96%|████████████████████████████▋ |  ETA: 0:09:05
Sampling (4 threads)  96%|████████████████████████████▊ |  ETA: 0:08:04
Sampling (4 threads)  96%|█████████████████████████████ |  ETA: 0:07:05
Sampling (4 threads)  97%|█████████████████████████████▏|  ETA: 0:06:05
Sampling (4 threads)  98%|█████████████████████████████▎|  ETA: 0:05:05
Sampling (4 threads)  98%|█████████████████████████████▍|  ETA: 0:04:04
Sampling (4 threads)  98%|█████████████████████████████▌|  ETA: 0:03:04
Sampling (4 threads)  99%|█████████████████████████████▊|  ETA: 0:02:04
Sampling (4 threads) 100%|█████████████████████████████▉|  ETA: 0:01:02
Sampling (4 threads) 100%|██████████████████████████████| Time: 3:29:30
Sampling (4 threads) 100%|██████████████████████████████| Time: 3:29:30
┌ Warning: Assignment to `is_waiting` in soft scope is ambiguous because a global variable by the same name exists: `is_waiting` will be treated as a new local. Disambiguate by using `local is_waiting` to suppress this warning or `global is_waiting` to assign to the existing global variable.
└ @ ~/bayesian/BC4/Bayes/wordType_experiments/models/halfNorms/model.jl:53
┌ Warning: Runtime invalidation was disabled, but the CPU info is out-of-date.
│ Will continue with incorrect CPU name (from build time).
└ @ HostCPUFeatures ~/.julia/packages/HostCPUFeatures/ZTXz4/src/cpu_info.jl:71
┌ Warning: Runtime invalidation was disabled, but the CPU info is out-of-date.
│ Will continue with incorrect CPU feature flag: +avx512vnni.
└ @ HostCPUFeatures ~/.julia/packages/HostCPUFeatures/ZTXz4/src/cpu_info.jl:56
┌ Warning: Runtime invalidation was disabled, but the CPU info is out-of-date.
│ Will continue with incorrect CPU feature flag: -rtm.
└ @ HostCPUFeatures ~/.julia/packages/HostCPUFeatures/ZTXz4/src/cpu_info.jl:56
Sampling (4 threads)   0%|                              |  ETA: N/A
┌ Info: Found initial step size
└   ϵ = 0.00625
┌ Info: Found initial step size
└   ϵ = 0.0015625
┌ Info: Found initial step size
└   ϵ = 0.00078125
┌ Info: Found initial step size
└   ϵ = 0.000390625
Sampling (4 threads)   0%|▏                             |  ETA: 2:54:05
Sampling (4 threads)   1%|▎                             |  ETA: 1:26:42
Sampling (4 threads)   2%|▌                             |  ETA: 0:57:31
Sampling (4 threads)   2%|▋                             |  ETA: 1:30:21
Sampling (4 threads)   2%|▊                             |  ETA: 1:11:55
Sampling (4 threads)   3%|▉                             |  ETA: 1:42:01
Sampling (4 threads)   4%|█                             |  ETA: 1:27:00
Sampling (4 threads)   4%|█▎                            |  ETA: 1:15:44
Sampling (4 threads)   4%|█▍                            |  ETA: 1:06:58
Sampling (4 threads)   5%|█▌                            |  ETA: 2:00:08
Sampling (4 threads)   6%|█▋                            |  ETA: 1:48:38
Sampling (4 threads)   6%|█▊                            |  ETA: 2:32:00
Sampling (4 threads)   6%|██                            |  ETA: 2:19:33
Sampling (4 threads)   7%|██▏                           |  ETA: 2:08:54
Sampling (4 threads)   8%|██▎                           |  ETA: 2:40:04
Sampling (4 threads)   8%|██▍                           |  ETA: 2:29:15
Sampling (4 threads)   8%|██▌                           |  ETA: 2:19:43
Sampling (4 threads)   9%|██▊                           |  ETA: 2:46:28
Sampling (4 threads)  10%|██▉                           |  ETA: 2:36:51
Sampling (4 threads)  10%|███                           |  ETA: 2:28:11
Sampling (4 threads)  10%|███▏                          |  ETA: 2:51:02
Sampling (4 threads)  11%|███▎                          |  ETA: 2:42:21
Sampling (4 threads)  12%|███▌                          |  ETA: 2:34:25
Sampling (4 threads)  12%|███▋                          |  ETA: 2:47:40
Sampling (4 threads)  12%|███▊                          |  ETA: 2:40:03
Sampling (4 threads)  13%|███▉                          |  ETA: 2:33:01
Sampling (4 threads)  14%|████                          |  ETA: 2:45:06
Sampling (4 threads)  14%|████▎                         |  ETA: 2:38:17
Sampling (4 threads)  14%|████▍                         |  ETA: 2:31:56
Sampling (4 threads)  15%|████▌                         |  ETA: 2:50:40
Sampling (4 threads)  16%|████▋                         |  ETA: 2:44:11
Sampling (4 threads)  16%|████▊                         |  ETA: 2:38:07
Sampling (4 threads)  16%|█████                         |  ETA: 2:32:25
Sampling (4 threads)  17%|█████▏                        |  ETA: 2:46:57
Sampling (4 threads)  18%|█████▎                        |  ETA: 2:41:12
Sampling (4 threads)  18%|█████▍                        |  ETA: 2:35:47
Sampling (4 threads)  18%|█████▌                        |  ETA: 2:40:38
Sampling (4 threads)  19%|█████▊                        |  ETA: 2:35:27
Sampling (4 threads)  20%|█████▉                        |  ETA: 2:41:45
Sampling (4 threads)  20%|██████                        |  ETA: 2:36:43
Sampling (4 threads)  20%|██████▏                       |  ETA: 2:31:57
Sampling (4 threads)  21%|██████▎                       |  ETA: 2:39:25
Sampling (4 threads)  22%|██████▌                       |  ETA: 2:34:43
Sampling (4 threads)  22%|██████▋                       |  ETA: 2:30:15
Sampling (4 threads)  22%|██████▊                       |  ETA: 2:31:46
Sampling (4 threads)  23%|██████▉                       |  ETA: 2:27:30
Sampling (4 threads)  24%|███████                       |  ETA: 2:31:04
Sampling (4 threads)  24%|███████▎                      |  ETA: 2:26:58
Sampling (4 threads)  24%|███████▍                      |  ETA: 2:23:01
Sampling (4 threads)  25%|███████▌                      |  ETA: 2:24:47
Sampling (4 threads)  26%|███████▋                      |  ETA: 2:21:00
Sampling (4 threads)  26%|███████▊                      |  ETA: 2:17:21
Sampling (4 threads)  26%|████████                      |  ETA: 2:21:25
Sampling (4 threads)  27%|████████▏                     |  ETA: 2:17:51
Sampling (4 threads)  28%|████████▎                     |  ETA: 2:14:25
Sampling (4 threads)  28%|████████▍                     |  ETA: 2:20:25
Sampling (4 threads)  28%|████████▌                     |  ETA: 2:16:59
Sampling (4 threads)  29%|████████▊                     |  ETA: 2:13:41
Sampling (4 threads)  30%|████████▉                     |  ETA: 2:10:30
Sampling (4 threads)  30%|█████████                     |  ETA: 2:10:06
Sampling (4 threads)  30%|█████████▏                    |  ETA: 2:07:03
Sampling (4 threads)  31%|█████████▎                    |  ETA: 2:08:32
Sampling (4 threads)  32%|█████████▌                    |  ETA: 2:05:34
Sampling (4 threads)  32%|█████████▋                    |  ETA: 2:08:54
Sampling (4 threads)  32%|█████████▊                    |  ETA: 2:05:59
Sampling (4 threads)  33%|█████████▉                    |  ETA: 2:07:03
Sampling (4 threads)  34%|██████████                    |  ETA: 2:04:13
Sampling (4 threads)  34%|██████████▎                   |  ETA: 2:01:28
Sampling (4 threads)  34%|██████████▍                   |  ETA: 2:02:34
Sampling (4 threads)  35%|██████████▌                   |  ETA: 1:59:53
Sampling (4 threads)  36%|██████████▋                   |  ETA: 2:01:58
Sampling (4 threads)  36%|██████████▊                   |  ETA: 1:59:20
Sampling (4 threads)  36%|███████████                   |  ETA: 2:02:34
Sampling (4 threads)  37%|███████████▏                  |  ETA: 1:59:57
Sampling (4 threads)  38%|███████████▎                  |  ETA: 1:57:25
Sampling (4 threads)  38%|███████████▍                  |  ETA: 1:58:35
Sampling (4 threads)  38%|███████████▌                  |  ETA: 1:56:06
Sampling (4 threads)  39%|███████████▊                  |  ETA: 1:57:50
Sampling (4 threads)  40%|███████████▉                  |  ETA: 1:55:23
Sampling (4 threads)  40%|████████████                  |  ETA: 1:53:00
Sampling (4 threads)  40%|████████████▏                 |  ETA: 1:53:42
Sampling (4 threads)  41%|████████████▎                 |  ETA: 1:51:22
Sampling (4 threads)  42%|████████████▌                 |  ETA: 1:53:34
Sampling (4 threads)  42%|████████████▋                 |  ETA: 1:51:16
Sampling (4 threads)  42%|████████████▊                 |  ETA: 1:49:00
Sampling (4 threads)  43%|████████████▉                 |  ETA: 1:46:48
Sampling (4 threads)  44%|█████████████                 |  ETA: 1:47:14
Sampling (4 threads)  44%|█████████████▎                |  ETA: 1:45:04
Sampling (4 threads)  44%|█████████████▍                |  ETA: 1:45:44
Sampling (4 threads)  45%|█████████████▌                |  ETA: 1:43:37
Sampling (4 threads)  46%|█████████████▋                |  ETA: 1:44:13
Sampling (4 threads)  46%|█████████████▊                |  ETA: 1:42:08
Sampling (4 threads)  46%|██████████████                |  ETA: 1:43:07
Sampling (4 threads)  47%|██████████████▏               |  ETA: 1:41:04
Sampling (4 threads)  48%|██████████████▎               |  ETA: 1:39:03
Sampling (4 threads)  48%|██████████████▍               |  ETA: 1:40:54
Sampling (4 threads)  48%|██████████████▌               |  ETA: 1:38:53
Sampling (4 threads)  49%|██████████████▊               |  ETA: 1:36:56
Sampling (4 threads)  50%|██████████████▉               |  ETA: 1:40:19
Sampling (4 threads)  50%|███████████████               |  ETA: 1:38:20
Sampling (4 threads)  50%|███████████████▏              |  ETA: 1:36:23
Sampling (4 threads)  51%|███████████████▎              |  ETA: 1:34:29
Sampling (4 threads)  52%|███████████████▌              |  ETA: 1:35:48
Sampling (4 threads)  52%|███████████████▋              |  ETA: 1:33:54
Sampling (4 threads)  52%|███████████████▊              |  ETA: 1:32:02
Sampling (4 threads)  53%|███████████████▉              |  ETA: 1:32:01
Sampling (4 threads)  54%|████████████████              |  ETA: 1:30:12
Sampling (4 threads)  54%|████████████████▎             |  ETA: 1:30:44
Sampling (4 threads)  55%|████████████████▍             |  ETA: 1:28:55
Sampling (4 threads)  55%|████████████████▌             |  ETA: 1:27:09
Sampling (4 threads)  56%|████████████████▋             |  ETA: 1:26:42
Sampling (4 threads)  56%|████████████████▊             |  ETA: 1:24:58
Sampling (4 threads)  56%|█████████████████             |  ETA: 1:25:54
Sampling (4 threads)  57%|█████████████████▏            |  ETA: 1:24:10
Sampling (4 threads)  57%|█████████████████▎            |  ETA: 1:22:28
Sampling (4 threads)  58%|█████████████████▍            |  ETA: 1:22:25
Sampling (4 threads)  58%|█████████████████▌            |  ETA: 1:20:44
Sampling (4 threads)  59%|█████████████████▊            |  ETA: 1:21:20
Sampling (4 threads)  60%|█████████████████▉            |  ETA: 1:19:40
Sampling (4 threads)  60%|██████████████████            |  ETA: 1:18:02
Sampling (4 threads)  60%|██████████████████▏           |  ETA: 1:18:25
Sampling (4 threads)  61%|██████████████████▎           |  ETA: 1:16:48
Sampling (4 threads)  62%|██████████████████▌           |  ETA: 1:15:12
Sampling (4 threads)  62%|██████████████████▋           |  ETA: 1:15:05
Sampling (4 threads)  62%|██████████████████▊           |  ETA: 1:13:30
Sampling (4 threads)  63%|██████████████████▉           |  ETA: 1:11:57
Sampling (4 threads)  64%|███████████████████           |  ETA: 1:12:41
Sampling (4 threads)  64%|███████████████████▎          |  ETA: 1:11:08
Sampling (4 threads)  64%|███████████████████▍          |  ETA: 1:09:36
Sampling (4 threads)  65%|███████████████████▌          |  ETA: 1:10:11
Sampling (4 threads)  66%|███████████████████▋          |  ETA: 1:08:39
Sampling (4 threads)  66%|███████████████████▊          |  ETA: 1:07:08
Sampling (4 threads)  66%|████████████████████          |  ETA: 1:05:39
Sampling (4 threads)  67%|████████████████████▏         |  ETA: 1:05:59
Sampling (4 threads)  68%|████████████████████▎         |  ETA: 1:04:30
Sampling (4 threads)  68%|████████████████████▍         |  ETA: 1:03:02
Sampling (4 threads)  68%|████████████████████▌         |  ETA: 1:02:45
Sampling (4 threads)  69%|████████████████████▊         |  ETA: 1:01:18
Sampling (4 threads)  70%|████████████████████▉         |  ETA: 1:00:36
Sampling (4 threads)  70%|█████████████████████         |  ETA: 0:59:11
Sampling (4 threads)  70%|█████████████████████▏        |  ETA: 0:59:08
Sampling (4 threads)  71%|█████████████████████▎        |  ETA: 0:57:43
Sampling (4 threads)  72%|█████████████████████▌        |  ETA: 0:56:20
Sampling (4 threads)  72%|█████████████████████▋        |  ETA: 0:55:32
Sampling (4 threads)  72%|█████████████████████▊        |  ETA: 0:54:09
Sampling (4 threads)  73%|█████████████████████▉        |  ETA: 0:53:33
Sampling (4 threads)  74%|██████████████████████        |  ETA: 0:52:12
Sampling (4 threads)  74%|██████████████████████▎       |  ETA: 0:51:57
Sampling (4 threads)  74%|██████████████████████▍       |  ETA: 0:50:37
Sampling (4 threads)  75%|██████████████████████▌       |  ETA: 0:49:18
Sampling (4 threads)  76%|██████████████████████▋       |  ETA: 0:49:13
Sampling (4 threads)  76%|██████████████████████▊       |  ETA: 0:47:54
Sampling (4 threads)  76%|███████████████████████       |  ETA: 0:46:36
Sampling (4 threads)  77%|███████████████████████▏      |  ETA: 0:46:18
Sampling (4 threads)  78%|███████████████████████▎      |  ETA: 0:45:00
Sampling (4 threads)  78%|███████████████████████▍      |  ETA: 0:43:43
Sampling (4 threads)  78%|███████████████████████▌      |  ETA: 0:42:55
Sampling (4 threads)  79%|███████████████████████▊      |  ETA: 0:41:39
Sampling (4 threads)  80%|███████████████████████▉      |  ETA: 0:40:59
Sampling (4 threads)  80%|████████████████████████      |  ETA: 0:39:44
Sampling (4 threads)  80%|████████████████████████▏     |  ETA: 0:38:30
Sampling (4 threads)  81%|████████████████████████▎     |  ETA: 0:37:48
Sampling (4 threads)  82%|████████████████████████▌     |  ETA: 0:36:35
Sampling (4 threads)  82%|████████████████████████▋     |  ETA: 0:35:50
Sampling (4 threads)  82%|████████████████████████▊     |  ETA: 0:34:37
Sampling (4 threads)  83%|████████████████████████▉     |  ETA: 0:33:26
Sampling (4 threads)  84%|█████████████████████████     |  ETA: 0:33:00
Sampling (4 threads)  84%|█████████████████████████▎    |  ETA: 0:31:48
Sampling (4 threads)  84%|█████████████████████████▍    |  ETA: 0:30:38
Sampling (4 threads)  85%|█████████████████████████▌    |  ETA: 0:30:00
Sampling (4 threads)  86%|█████████████████████████▋    |  ETA: 0:28:50
Sampling (4 threads)  86%|█████████████████████████▊    |  ETA: 0:27:41
Sampling (4 threads)  86%|██████████████████████████    |  ETA: 0:27:07
Sampling (4 threads)  87%|██████████████████████████▏   |  ETA: 0:25:58
Sampling (4 threads)  88%|██████████████████████████▎   |  ETA: 0:24:49
Sampling (4 threads)  88%|██████████████████████████▍   |  ETA: 0:23:42
Sampling (4 threads)  88%|██████████████████████████▌   |  ETA: 0:23:04
Sampling (4 threads)  89%|██████████████████████████▊   |  ETA: 0:21:57
Sampling (4 threads)  90%|██████████████████████████▉   |  ETA: 0:20:50
Sampling (4 threads)  90%|███████████████████████████   |  ETA: 0:20:07
Sampling (4 threads)  90%|███████████████████████████▏  |  ETA: 0:19:00
Sampling (4 threads)  91%|███████████████████████████▎  |  ETA: 0:17:54
Sampling (4 threads)  92%|███████████████████████████▌  |  ETA: 0:16:56
Sampling (4 threads)  92%|███████████████████████████▋  |  ETA: 0:15:55
Sampling (4 threads)  92%|███████████████████████████▊  |  ETA: 0:14:55
Sampling (4 threads)  93%|███████████████████████████▉  |  ETA: 0:13:55
Sampling (4 threads)  94%|████████████████████████████  |  ETA: 0:12:56
Sampling (4 threads)  94%|████████████████████████████▎ |  ETA: 0:11:57
Sampling (4 threads)  94%|████████████████████████████▍ |  ETA: 0:10:58
Sampling (4 threads)  95%|████████████████████████████▌ |  ETA: 0:09:56
Sampling (4 threads)  96%|████████████████████████████▋ |  ETA: 0:08:58
Sampling (4 threads)  96%|████████████████████████████▊ |  ETA: 0:07:59
Sampling (4 threads)  96%|█████████████████████████████ |  ETA: 0:07:03
Sampling (4 threads)  97%|█████████████████████████████▏|  ETA: 0:06:07
Sampling (4 threads)  98%|█████████████████████████████▎|  ETA: 0:05:08
Sampling (4 threads)  98%|█████████████████████████████▍|  ETA: 0:04:08
Sampling (4 threads)  98%|█████████████████████████████▌|  ETA: 0:03:08
Sampling (4 threads)  99%|█████████████████████████████▊|  ETA: 0:02:07
Sampling (4 threads) 100%|█████████████████████████████▉|  ETA: 0:01:04
Sampling (4 threads) 100%|██████████████████████████████| Time: 3:35:16
Sampling (4 threads) 100%|██████████████████████████████| Time: 3:35:16
┌ Warning: Assignment to `is_waiting` in soft scope is ambiguous because a global variable by the same name exists: `is_waiting` will be treated as a new local. Disambiguate by using `local is_waiting` to suppress this warning or `global is_waiting` to assign to the existing global variable.
└ @ ~/bayesian/BC4/Bayes/wordType_experiments/models/halfNorms/model.jl:53
┌ Warning: Runtime invalidation was disabled, but the CPU info is out-of-date.
│ Will continue with incorrect CPU name (from build time).
└ @ HostCPUFeatures ~/.julia/packages/HostCPUFeatures/ZTXz4/src/cpu_info.jl:71
┌ Warning: Runtime invalidation was disabled, but the CPU info is out-of-date.
│ Will continue with incorrect CPU feature flag: +avx512vnni.
└ @ HostCPUFeatures ~/.julia/packages/HostCPUFeatures/ZTXz4/src/cpu_info.jl:56
┌ Warning: Runtime invalidation was disabled, but the CPU info is out-of-date.
│ Will continue with incorrect CPU feature flag: -rtm.
└ @ HostCPUFeatures ~/.julia/packages/HostCPUFeatures/ZTXz4/src/cpu_info.jl:56
Sampling (4 threads)   0%|                              |  ETA: N/A
┌ Info: Found initial step size
└   ϵ = 0.000390625
┌ Info: Found initial step size
└   ϵ = 0.00625
┌ Info: Found initial step size
└   ϵ = 9.765625e-5
┌ Info: Found initial step size
└   ϵ = 0.000390625
Sampling (4 threads)   0%|▏                             |  ETA: 2:33:06
Sampling (4 threads)   1%|▎                             |  ETA: 1:16:15
Sampling (4 threads)   2%|▌                             |  ETA: 0:50:35
Sampling (4 threads)   2%|▋                             |  ETA: 0:50:28
Sampling (4 threads)   2%|▊                             |  ETA: 0:40:10
Sampling (4 threads)   3%|▉                             |  ETA: 0:33:18
Sampling (4 threads)   4%|█                             |  ETA: 1:21:45
Sampling (4 threads)   4%|█▎                            |  ETA: 1:11:09
Sampling (4 threads)   4%|█▍                            |  ETA: 1:02:55
Sampling (4 threads)   5%|█▌                            |  ETA: 1:54:18
Sampling (4 threads)   6%|█▋                            |  ETA: 1:43:22
Sampling (4 threads)   6%|█▊                            |  ETA: 1:34:15
Sampling (4 threads)   6%|██                            |  ETA: 2:13:26
Sampling (4 threads)   7%|██▏                           |  ETA: 2:03:15
Sampling (4 threads)   8%|██▎                           |  ETA: 1:54:25
Sampling (4 threads)   8%|██▍                           |  ETA: 2:21:02
Sampling (4 threads)   8%|██▌                           |  ETA: 2:12:01
Sampling (4 threads)   9%|██▊                           |  ETA: 2:04:00
Sampling (4 threads)  10%|██▉                           |  ETA: 2:17:40
Sampling (4 threads)  10%|███                           |  ETA: 2:10:04
Sampling (4 threads)  10%|███▏                          |  ETA: 2:03:11
Sampling (4 threads)  11%|███▎                          |  ETA: 2:11:03
Sampling (4 threads)  12%|███▌                          |  ETA: 2:04:39
Sampling (4 threads)  12%|███▋                          |  ETA: 2:20:17
Sampling (4 threads)  12%|███▊                          |  ETA: 2:13:54
Sampling (4 threads)  13%|███▉                          |  ETA: 2:08:01
Sampling (4 threads)  14%|████                          |  ETA: 2:24:45
Sampling (4 threads)  14%|████▎                         |  ETA: 2:18:47
Sampling (4 threads)  14%|████▍                         |  ETA: 2:13:13
Sampling (4 threads)  15%|████▌                         |  ETA: 2:08:01
Sampling (4 threads)  16%|████▋                         |  ETA: 2:22:49
Sampling (4 threads)  16%|████▊                         |  ETA: 2:17:32
Sampling (4 threads)  16%|█████                         |  ETA: 2:12:34
Sampling (4 threads)  17%|█████▏                        |  ETA: 2:21:47
Sampling (4 threads)  18%|█████▎                        |  ETA: 2:16:54
Sampling (4 threads)  18%|█████▍                        |  ETA: 2:12:18
Sampling (4 threads)  18%|█████▌                        |  ETA: 2:18:24
Sampling (4 threads)  19%|█████▊                        |  ETA: 2:13:56
Sampling (4 threads)  20%|█████▉                        |  ETA: 2:09:42
Sampling (4 threads)  20%|██████                        |  ETA: 2:11:46
Sampling (4 threads)  20%|██████▏                       |  ETA: 2:07:45
Sampling (4 threads)  21%|██████▎                       |  ETA: 2:18:36
Sampling (4 threads)  22%|██████▌                       |  ETA: 2:14:32
Sampling (4 threads)  22%|██████▋                       |  ETA: 2:10:38
Sampling (4 threads)  22%|██████▊                       |  ETA: 2:06:55
Sampling (4 threads)  23%|██████▉                       |  ETA: 2:13:07
Sampling (4 threads)  24%|███████                       |  ETA: 2:09:26
Sampling (4 threads)  24%|███████▎                      |  ETA: 2:13:02
Sampling (4 threads)  24%|███████▍                      |  ETA: 2:09:28
Sampling (4 threads)  25%|███████▌                      |  ETA: 2:06:02
Sampling (4 threads)  26%|███████▋                      |  ETA: 2:09:46
Sampling (4 threads)  26%|███████▊                      |  ETA: 2:06:25
Sampling (4 threads)  26%|████████                      |  ETA: 2:03:11
Sampling (4 threads)  27%|████████▏                     |  ETA: 2:08:12
Sampling (4 threads)  28%|████████▎                     |  ETA: 2:05:00
Sampling (4 threads)  28%|████████▍                     |  ETA: 2:01:56
Sampling (4 threads)  28%|████████▌                     |  ETA: 1:58:57
Sampling (4 threads)  29%|████████▊                     |  ETA: 2:02:18
Sampling (4 threads)  30%|████████▉                     |  ETA: 1:59:23
Sampling (4 threads)  30%|█████████                     |  ETA: 1:56:34
Sampling (4 threads)  30%|█████████▏                    |  ETA: 1:58:47
Sampling (4 threads)  31%|█████████▎                    |  ETA: 1:56:02
Sampling (4 threads)  32%|█████████▌                    |  ETA: 1:57:15
Sampling (4 threads)  32%|█████████▋                    |  ETA: 1:54:35
Sampling (4 threads)  32%|█████████▊                    |  ETA: 1:56:54
Sampling (4 threads)  33%|█████████▉                    |  ETA: 1:54:17
Sampling (4 threads)  34%|██████████                    |  ETA: 1:51:44
Sampling (4 threads)  34%|██████████▎                   |  ETA: 1:53:59
Sampling (4 threads)  34%|██████████▍                   |  ETA: 1:51:29
Sampling (4 threads)  35%|██████████▌                   |  ETA: 1:49:03
Sampling (4 threads)  36%|██████████▋                   |  ETA: 1:50:48
Sampling (4 threads)  36%|██████████▊                   |  ETA: 1:48:25
Sampling (4 threads)  36%|███████████                   |  ETA: 1:50:55
Sampling (4 threads)  37%|███████████▏                  |  ETA: 1:48:34
Sampling (4 threads)  38%|███████████▎                  |  ETA: 1:50:13
Sampling (4 threads)  38%|███████████▍                  |  ETA: 1:47:54
Sampling (4 threads)  38%|███████████▌                  |  ETA: 1:48:56
Sampling (4 threads)  39%|███████████▊                  |  ETA: 1:46:39
Sampling (4 threads)  40%|███████████▉                  |  ETA: 1:49:42
Sampling (4 threads)  40%|████████████                  |  ETA: 1:47:26
Sampling (4 threads)  40%|████████████▏                 |  ETA: 1:45:13
Sampling (4 threads)  41%|████████████▎                 |  ETA: 1:43:04
Sampling (4 threads)  42%|████████████▌                 |  ETA: 1:45:40
Sampling (4 threads)  42%|████████████▋                 |  ETA: 1:43:31
Sampling (4 threads)  42%|████████████▊                 |  ETA: 1:41:25
Sampling (4 threads)  43%|████████████▉                 |  ETA: 1:44:40
Sampling (4 threads)  44%|█████████████                 |  ETA: 1:42:33
Sampling (4 threads)  44%|█████████████▎                |  ETA: 1:40:30
Sampling (4 threads)  44%|█████████████▍                |  ETA: 1:43:32
Sampling (4 threads)  45%|█████████████▌                |  ETA: 1:41:28
Sampling (4 threads)  46%|█████████████▋                |  ETA: 1:39:26
Sampling (4 threads)  46%|█████████████▊                |  ETA: 1:37:27
Sampling (4 threads)  46%|██████████████                |  ETA: 1:38:55
Sampling (4 threads)  47%|██████████████▏               |  ETA: 1:36:57
Sampling (4 threads)  48%|██████████████▎               |  ETA: 1:37:33
Sampling (4 threads)  48%|██████████████▍               |  ETA: 1:35:37
Sampling (4 threads)  48%|██████████████▌               |  ETA: 1:33:43
Sampling (4 threads)  49%|██████████████▊               |  ETA: 1:34:32
Sampling (4 threads)  50%|██████████████▉               |  ETA: 1:32:40
Sampling (4 threads)  50%|███████████████               |  ETA: 1:30:50
Sampling (4 threads)  50%|███████████████▏              |  ETA: 1:31:14
Sampling (4 threads)  51%|███████████████▎              |  ETA: 1:29:26
Sampling (4 threads)  52%|███████████████▌              |  ETA: 1:30:37
Sampling (4 threads)  52%|███████████████▋              |  ETA: 1:28:50
Sampling (4 threads)  52%|███████████████▊              |  ETA: 1:27:04
Sampling (4 threads)  53%|███████████████▉              |  ETA: 1:28:44
Sampling (4 threads)  54%|████████████████              |  ETA: 1:26:58
Sampling (4 threads)  54%|████████████████▎             |  ETA: 1:25:14
Sampling (4 threads)  55%|████████████████▍             |  ETA: 1:23:32
Sampling (4 threads)  55%|████████████████▌             |  ETA: 1:24:40
Sampling (4 threads)  56%|████████████████▋             |  ETA: 1:22:58
Sampling (4 threads)  56%|████████████████▊             |  ETA: 1:24:22
Sampling (4 threads)  56%|█████████████████             |  ETA: 1:22:40
Sampling (4 threads)  57%|█████████████████▏            |  ETA: 1:21:00
Sampling (4 threads)  57%|█████████████████▎            |  ETA: 1:19:22
Sampling (4 threads)  58%|█████████████████▍            |  ETA: 1:20:55
Sampling (4 threads)  58%|█████████████████▌            |  ETA: 1:19:16
Sampling (4 threads)  59%|█████████████████▊            |  ETA: 1:17:39
Sampling (4 threads)  60%|█████████████████▉            |  ETA: 1:18:47
Sampling (4 threads)  60%|██████████████████            |  ETA: 1:17:09
Sampling (4 threads)  60%|██████████████████▏           |  ETA: 1:15:34
Sampling (4 threads)  61%|██████████████████▎           |  ETA: 1:16:20
Sampling (4 threads)  62%|██████████████████▌           |  ETA: 1:14:44
Sampling (4 threads)  62%|██████████████████▋           |  ETA: 1:13:11
Sampling (4 threads)  62%|██████████████████▊           |  ETA: 1:13:48
Sampling (4 threads)  63%|██████████████████▉           |  ETA: 1:12:14
Sampling (4 threads)  64%|███████████████████           |  ETA: 1:10:42
Sampling (4 threads)  64%|███████████████████▎          |  ETA: 1:10:55
Sampling (4 threads)  64%|███████████████████▍          |  ETA: 1:09:24
Sampling (4 threads)  65%|███████████████████▌          |  ETA: 1:07:53
Sampling (4 threads)  66%|███████████████████▋          |  ETA: 1:06:25
Sampling (4 threads)  66%|███████████████████▊          |  ETA: 1:06:41
Sampling (4 threads)  66%|████████████████████          |  ETA: 1:05:13
Sampling (4 threads)  67%|████████████████████▏         |  ETA: 1:03:45
Sampling (4 threads)  68%|████████████████████▎         |  ETA: 1:03:34
Sampling (4 threads)  68%|████████████████████▍         |  ETA: 1:02:08
Sampling (4 threads)  68%|████████████████████▌         |  ETA: 1:01:58
Sampling (4 threads)  69%|████████████████████▊         |  ETA: 1:00:32
Sampling (4 threads)  70%|████████████████████▉         |  ETA: 0:59:08
Sampling (4 threads)  70%|█████████████████████         |  ETA: 0:58:43
Sampling (4 threads)  70%|█████████████████████▏        |  ETA: 0:57:20
Sampling (4 threads)  71%|█████████████████████▎        |  ETA: 0:56:54
Sampling (4 threads)  72%|█████████████████████▌        |  ETA: 0:55:32
Sampling (4 threads)  72%|█████████████████████▋        |  ETA: 0:55:21
Sampling (4 threads)  72%|█████████████████████▊        |  ETA: 0:53:59
Sampling (4 threads)  73%|█████████████████████▉        |  ETA: 0:52:38
Sampling (4 threads)  74%|██████████████████████        |  ETA: 0:51:18
Sampling (4 threads)  74%|██████████████████████▎       |  ETA: 0:51:21
Sampling (4 threads)  74%|██████████████████████▍       |  ETA: 0:50:02
Sampling (4 threads)  75%|██████████████████████▌       |  ETA: 0:48:43
Sampling (4 threads)  76%|██████████████████████▋       |  ETA: 0:48:24
Sampling (4 threads)  76%|██████████████████████▊       |  ETA: 0:47:06
Sampling (4 threads)  76%|███████████████████████       |  ETA: 0:45:49
Sampling (4 threads)  77%|███████████████████████▏      |  ETA: 0:45:09
Sampling (4 threads)  78%|███████████████████████▎      |  ETA: 0:43:53
Sampling (4 threads)  78%|███████████████████████▍      |  ETA: 0:43:35
Sampling (4 threads)  78%|███████████████████████▌      |  ETA: 0:42:20
Sampling (4 threads)  79%|███████████████████████▊      |  ETA: 0:41:05
Sampling (4 threads)  80%|███████████████████████▉      |  ETA: 0:40:44
Sampling (4 threads)  80%|████████████████████████      |  ETA: 0:39:29
Sampling (4 threads)  80%|████████████████████████▏     |  ETA: 0:38:59
Sampling (4 threads)  81%|████████████████████████▎     |  ETA: 0:37:45
Sampling (4 threads)  82%|████████████████████████▌     |  ETA: 0:36:32
Sampling (4 threads)  82%|████████████████████████▋     |  ETA: 0:36:06
Sampling (4 threads)  82%|████████████████████████▊     |  ETA: 0:34:53
Sampling (4 threads)  83%|████████████████████████▉     |  ETA: 0:33:41
Sampling (4 threads)  84%|█████████████████████████     |  ETA: 0:32:30
Sampling (4 threads)  84%|█████████████████████████▎    |  ETA: 0:32:05
Sampling (4 threads)  84%|█████████████████████████▍    |  ETA: 0:30:54
Sampling (4 threads)  85%|█████████████████████████▌    |  ETA: 0:29:43
Sampling (4 threads)  86%|█████████████████████████▋    |  ETA: 0:29:01
Sampling (4 threads)  86%|█████████████████████████▊    |  ETA: 0:27:51
Sampling (4 threads)  86%|██████████████████████████    |  ETA: 0:26:42
Sampling (4 threads)  87%|██████████████████████████▏   |  ETA: 0:26:05
Sampling (4 threads)  88%|██████████████████████████▎   |  ETA: 0:24:56
Sampling (4 threads)  88%|██████████████████████████▍   |  ETA: 0:23:48
Sampling (4 threads)  88%|██████████████████████████▌   |  ETA: 0:22:56
Sampling (4 threads)  89%|██████████████████████████▊   |  ETA: 0:21:49
Sampling (4 threads)  90%|██████████████████████████▉   |  ETA: 0:21:11
Sampling (4 threads)  90%|███████████████████████████   |  ETA: 0:20:03
Sampling (4 threads)  90%|███████████████████████████▏  |  ETA: 0:18:57
Sampling (4 threads)  91%|███████████████████████████▎  |  ETA: 0:18:06
Sampling (4 threads)  92%|███████████████████████████▌  |  ETA: 0:17:00
Sampling (4 threads)  92%|███████████████████████████▋  |  ETA: 0:16:05
Sampling (4 threads)  92%|███████████████████████████▊  |  ETA: 0:15:00
Sampling (4 threads)  93%|███████████████████████████▉  |  ETA: 0:14:04
Sampling (4 threads)  94%|████████████████████████████  |  ETA: 0:12:59
Sampling (4 threads)  94%|████████████████████████████▎ |  ETA: 0:12:07
Sampling (4 threads)  94%|████████████████████████████▍ |  ETA: 0:11:03
Sampling (4 threads)  95%|████████████████████████████▌ |  ETA: 0:10:08
Sampling (4 threads)  96%|████████████████████████████▋ |  ETA: 0:09:05
Sampling (4 threads)  96%|████████████████████████████▊ |  ETA: 0:08:02
Sampling (4 threads)  96%|█████████████████████████████ |  ETA: 0:06:59
Sampling (4 threads)  97%|█████████████████████████████▏|  ETA: 0:06:01
Sampling (4 threads)  98%|█████████████████████████████▎|  ETA: 0:05:01
Sampling (4 threads)  98%|█████████████████████████████▍|  ETA: 0:04:01
Sampling (4 threads)  98%|█████████████████████████████▌|  ETA: 0:03:02
Sampling (4 threads)  99%|█████████████████████████████▊|  ETA: 0:02:01
Sampling (4 threads) 100%|█████████████████████████████▉|  ETA: 0:01:01
Sampling (4 threads) 100%|██████████████████████████████| Time: 3:25:38
Sampling (4 threads) 100%|██████████████████████████████| Time: 3:25:39
┌ Warning: Assignment to `is_waiting` in soft scope is ambiguous because a global variable by the same name exists: `is_waiting` will be treated as a new local. Disambiguate by using `local is_waiting` to suppress this warning or `global is_waiting` to assign to the existing global variable.
└ @ ~/bayesian/BC4/Bayes/wordType_experiments/models/halfNorms/model.jl:53
ERROR: LoadError: ArgumentError: column name :ab_w[1, 1] not found in the data frame
Stacktrace:
 [1] lookupname
   @ ~/.julia/packages/DataFrames/b4w9K/src/other/index.jl:431 [inlined]
 [2] getindex
   @ ~/.julia/packages/DataFrames/b4w9K/src/other/index.jl:440 [inlined]
 [3] getindex
   @ ~/.julia/packages/DataFrames/b4w9K/src/other/index.jl:441 [inlined]
 [4] getindex(df::DataFrame, ::Colon, col_ind::String)
   @ DataFrames ~/.julia/packages/DataFrames/b4w9K/src/dataframe/dataframe.jl:543
 [5] plotGraphs(outputDir::String, wordTypes::Vector{String}, cols::Vector{String})
   @ Main ~/bayesian/BC4/Bayes/wordType_experiments/plottingFuncs.jl:190
 [6] top-level scope
   @ ~/bayesian/BC4/Bayes/wordType_experiments/models/halfNorms/model.jl:52
in expression starting at /user/home/em18564/bayesian/BC4/Bayes/wordType_experiments/models/halfNorms/model.jl:47
