Running on host compute256.bc4.acrc.priv
Time is Mon Sep 18 12:44:41 BST 2023
Directory is /user/home/em18564/BC4/Bayes/experiments/hier_MV_cov_old
Slurm job ID is 11927696
This job runs on the following machines:
compute256
    Updating registry at `~/.julia/registries/General.toml`
   Resolving package versions...
  No Changes to `~/.julia/environments/v1.8/Project.toml`
  No Changes to `~/.julia/environments/v1.8/Manifest.toml`
   Resolving package versions...
  No Changes to `~/.julia/environments/v1.8/Project.toml`
  No Changes to `~/.julia/environments/v1.8/Manifest.toml`
   Resolving package versions...
  No Changes to `~/.julia/environments/v1.8/Project.toml`
  No Changes to `~/.julia/environments/v1.8/Manifest.toml`
   Resolving package versions...
  No Changes to `~/.julia/environments/v1.8/Project.toml`
  No Changes to `~/.julia/environments/v1.8/Manifest.toml`
   Resolving package versions...
  No Changes to `~/.julia/environments/v1.8/Project.toml`
  No Changes to `~/.julia/environments/v1.8/Manifest.toml`
   Resolving package versions...
  No Changes to `~/.julia/environments/v1.8/Project.toml`
  No Changes to `~/.julia/environments/v1.8/Manifest.toml`
   Resolving package versions...
  No Changes to `~/.julia/environments/v1.8/Project.toml`
  No Changes to `~/.julia/environments/v1.8/Manifest.toml`
   Resolving package versions...
  No Changes to `~/.julia/environments/v1.8/Project.toml`
  No Changes to `~/.julia/environments/v1.8/Manifest.toml`
   Resolving package versions...
  No Changes to `~/.julia/environments/v1.8/Project.toml`
  No Changes to `~/.julia/environments/v1.8/Manifest.toml`
   Resolving package versions...
  No Changes to `~/.julia/environments/v1.8/Project.toml`
  No Changes to `~/.julia/environments/v1.8/Manifest.toml`
   Resolving package versions...
  No Changes to `~/.julia/environments/v1.8/Project.toml`
  No Changes to `~/.julia/environments/v1.8/Manifest.toml`
   Resolving package versions...
  No Changes to `~/.julia/environments/v1.8/Project.toml`
  No Changes to `~/.julia/environments/v1.8/Manifest.toml`
   Resolving package versions...
  No Changes to `~/.julia/environments/v1.8/Project.toml`
  No Changes to `~/.julia/environments/v1.8/Manifest.toml`
Sampling (4 threads)   0%|                              |  ETA: N/A
┌ Info: Found initial step size
└   ϵ = 0.0125
┌ Info: Found initial step size
└   ϵ = 0.2
┌ Info: Found initial step size
└   ϵ = 0.05
┌ Info: Found initial step size
└   ϵ = 0.2
Sampling (4 threads)  25%|███████▌                      |  ETA: 7:06:40
Sampling (4 threads)  50%|███████████████               |  ETA: 2:22:13
Sampling (4 threads)  75%|██████████████████████▌       |  ETA: 0:47:24
Sampling (4 threads) 100%|██████████████████████████████| Time: 2:22:13
Sampling (4 threads) 100%|██████████████████████████████| Time: 2:22:13
Chains MCMC chain (250×56×4 Array{Float64, 3}):

Iterations        = 126:1:375
Number of chains  = 4
Samples per chain = 250
Wall duration     = 8510.47 seconds
Compute duration  = 29437.25 seconds
parameters        = a_w, b_w, σ_w[1], σ_w[2], ρ_w[1,1], ρ_w[2,1], ρ_w[1,2], ρ_w[2,2], ab_w[1,1], ab_w[2,1], ab_w[1,2], ab_w[2,2], a_p, b_p, σ_p[1], σ_p[2], ρ_p[1,1], ρ_p[2,1], ρ_p[1,2], ρ_p[2,2], ab_p[1,1], ab_p[2,1], ab_p[1,2], ab_p[2,2], a_e, b_e, σ_e[1], σ_e[2], ρ_e[1,1], ρ_e[2,1], ρ_e[1,2], ρ_e[2,2], ab_e[1,1], ab_e[2,1], ab_e[1,2], ab_e[2,2], ab_e[1,3], ab_e[2,3], ab_e[1,4], ab_e[2,4], ab_e[1,5], ab_e[2,5], ab_e[1,6], ab_e[2,6]
internals         = lp, n_steps, is_accept, acceptance_rate, log_density, hamiltonian_energy, hamiltonian_energy_error, max_hamiltonian_energy_error, tree_depth, numerical_error, step_size, nom_step_size

Summary Statistics
  parameters      mean       std   naive_se      mcse         ess      rhat   ess_per_sec
      Symbol   Float64   Float64    Float64   Float64     Float64   Float64       Float64

         a_w   -0.0966    0.8730     0.0276    0.0347    522.1236    0.9996        0.0177
         b_w   -0.0738    0.4487     0.0142    0.0221    734.8457    0.9992        0.0250
      σ_w[1]    0.6416    0.5896     0.0186    0.0306    480.2584    1.0041        0.0163
      σ_w[2]    0.6060    0.5835     0.0185    0.0250    400.2467    1.0088        0.0136
    ρ_w[1,1]    1.0000    0.0000     0.0000    0.0000         NaN       NaN           NaN
    ρ_w[2,1]    0.0250    0.4323     0.0137    0.0159    708.9082    1.0021        0.0241
    ρ_w[1,2]    0.0250    0.4323     0.0137    0.0159    708.9082    1.0021        0.0241
    ρ_w[2,2]    1.0000    0.0000     0.0000    0.0000    847.3338    0.9960        0.0288
   ab_w[1,1]   -0.1546    0.9441     0.0299    0.0454    481.7341    1.0021        0.0164
   ab_w[2,1]   -0.1150    0.6214     0.0197    0.0287    467.2175    1.0050        0.0159
   ab_w[1,2]   -0.1044    1.0153     0.0321    0.0478    477.7148    1.0017        0.0162
   ab_w[2,2]   -0.1844    0.6886     0.0218    0.0305    550.2871    1.0000        0.0187
         a_p   -0.1291    0.8257     0.0261    0.0321    632.7020    1.0016        0.0215
         b_p   -0.0205    0.4353     0.0138    0.0158    779.5298    1.0025        0.0265
      σ_p[1]    0.5643    0.5871     0.0186    0.0285    469.0786    1.0097        0.0159
      σ_p[2]    0.5262    0.5071     0.0160    0.0181    413.6622    1.0021        0.0141
    ρ_p[1,1]    1.0000    0.0000     0.0000    0.0000         NaN       NaN           NaN
    ρ_p[2,1]   -0.0075    0.4533     0.0143    0.0140    812.8507    1.0007        0.0276
    ρ_p[1,2]   -0.0075    0.4533     0.0143    0.0140    812.8507    1.0007        0.0276
    ρ_p[2,2]    1.0000    0.0000     0.0000    0.0000    971.2079    0.9960        0.0330
   ab_p[1,1]   -0.2127    0.9349     0.0296    0.0333    601.2971    0.9990        0.0204
   ab_p[2,1]   -0.0239    0.5633     0.0178    0.0268    573.1824    1.0063        0.0195
   ab_p[1,2]   -0.1062    0.9174     0.0290    0.0364    653.1464    0.9999        0.0222
   ab_p[2,2]   -0.0725    0.5679     0.0180    0.0225    746.7174    1.0032        0.0254
         a_e   -0.1039    0.8232     0.0260    0.0291    540.5375    1.0003        0.0184
         b_e   -0.0202    0.4703     0.0149    0.0163    645.5807    0.9992        0.0219
      σ_e[1]    0.2166    0.1960     0.0062    0.0137    260.9019    1.0178        0.0089
      σ_e[2]    0.2256    0.2022     0.0064    0.0127    245.8491    1.0103        0.0084
    ρ_e[1,1]    1.0000    0.0000     0.0000    0.0000         NaN       NaN           NaN
    ρ_e[2,1]    0.0704    0.4313     0.0136    0.0151    542.7955    1.0067        0.0184
    ρ_e[1,2]    0.0704    0.4313     0.0136    0.0151    542.7955    1.0067        0.0184
    ρ_e[2,2]    1.0000    0.0000     0.0000    0.0000   1031.3417    0.9960        0.0350
   ab_e[1,1]   -0.1014    0.8381     0.0265    0.0319    530.6141    1.0002        0.0180
   ab_e[2,1]   -0.0356    0.5244     0.0166    0.0187    668.3361    1.0014        0.0227
   ab_e[1,2]   -0.0602    0.8611     0.0272    0.0281    562.6283    0.9986        0.0191
   ab_e[2,2]    0.0173    0.5366     0.0170    0.0212    608.1389    1.0021        0.0207
   ab_e[1,3]   -0.1844    0.8511     0.0269    0.0324    561.0007    1.0000        0.0191
   ab_e[2,3]   -0.0819    0.5027     0.0159    0.0194    602.4702    1.0006        0.0205
   ab_e[1,4]   -0.1060    0.8371     0.0265    0.0300    542.2922    1.0007        0.0184
   ab_e[2,4]   -0.0407    0.4988     0.0158    0.0165    697.1852    0.9998        0.0237
   ab_e[1,5]   -0.1365    0.8346     0.0264    0.0308    518.7878    0.9997        0.0176
   ab_e[2,5]   -0.0613    0.4987     0.0158    0.0167    612.3923    0.9987        0.0208
   ab_e[1,6]   -0.0285    0.8402     0.0266    0.0283    539.4906    0.9993        0.0183
   ab_e[2,6]    0.0562    0.5057     0.0160    0.0159    646.4952    0.9993        0.0220

Quantiles
  parameters      2.5%     25.0%     50.0%     75.0%     97.5%
      Symbol   Float64   Float64   Float64   Float64   Float64

         a_w   -1.8800   -0.7152   -0.0839    0.4566    1.7402
         b_w   -0.9401   -0.3735   -0.0736    0.2176    0.8167
      σ_w[1]    0.0487    0.2181    0.4718    0.8550    2.2197
      σ_w[2]    0.0363    0.1813    0.4220    0.8552    2.0887
    ρ_w[1,1]    1.0000    1.0000    1.0000    1.0000    1.0000
    ρ_w[2,1]   -0.7606   -0.3066    0.0266    0.3486    0.8270
    ρ_w[1,2]   -0.7606   -0.3066    0.0266    0.3486    0.8270
    ρ_w[2,2]    1.0000    1.0000    1.0000    1.0000    1.0000
   ab_w[1,1]   -2.0217   -0.7654   -0.1398    0.4640    1.7955
   ab_w[2,1]   -1.3951   -0.4675   -0.1081    0.2549    1.0659
   ab_w[1,2]   -2.1514   -0.7769   -0.0780    0.4896    2.0350
   ab_w[2,2]   -1.5888   -0.6145   -0.1217    0.2412    1.1762
         a_p   -1.6674   -0.7052   -0.1478    0.4249    1.5504
         b_p   -0.8899   -0.3325   -0.0171    0.2697    0.8578
      σ_p[1]    0.0368    0.1873    0.3818    0.7232    2.1528
      σ_p[2]    0.0449    0.1761    0.3894    0.6945    1.8197
    ρ_p[1,1]    1.0000    1.0000    1.0000    1.0000    1.0000
    ρ_p[2,1]   -0.7982   -0.3854   -0.0208    0.3358    0.7994
    ρ_p[1,2]   -0.7982   -0.3854   -0.0208    0.3358    0.7994
    ρ_p[2,2]    1.0000    1.0000    1.0000    1.0000    1.0000
   ab_p[1,1]   -2.0796   -0.8047   -0.2128    0.3813    1.6256
   ab_p[2,1]   -1.1153   -0.3692   -0.0034    0.3262    1.0339
   ab_p[1,2]   -1.8563   -0.7424   -0.1132    0.4910    1.7019
   ab_p[2,2]   -1.2431   -0.4435   -0.0636    0.3012    1.0592
         a_e   -1.6380   -0.6898   -0.0962    0.4958    1.3808
         b_e   -0.9275   -0.3333   -0.0106    0.2777    0.9007
      σ_e[1]    0.0338    0.0848    0.1695    0.2784    0.7171
      σ_e[2]    0.0394    0.0944    0.1677    0.2797    0.7391
    ρ_e[1,1]    1.0000    1.0000    1.0000    1.0000    1.0000
    ρ_e[2,1]   -0.7550   -0.2756    0.1099    0.4014    0.7969
    ρ_e[1,2]   -0.7550   -0.2756    0.1099    0.4014    0.7969
    ρ_e[2,2]    1.0000    1.0000    1.0000    1.0000    1.0000
   ab_e[1,1]   -1.6906   -0.7042   -0.1037    0.5311    1.4493
   ab_e[2,1]   -1.0483   -0.3627   -0.0284    0.2819    1.0267
   ab_e[1,2]   -1.6448   -0.7028   -0.0504    0.5594    1.4772
   ab_e[2,2]   -1.0103   -0.3428    0.0151    0.3626    1.1045
   ab_e[1,3]   -1.8225   -0.7918   -0.1928    0.4792    1.3420
   ab_e[2,3]   -1.0572   -0.4027   -0.0736    0.2394    0.9015
   ab_e[1,4]   -1.6735   -0.7208   -0.0846    0.4994    1.4434
   ab_e[2,4]   -0.9784   -0.3825   -0.0316    0.2908    0.9421
   ab_e[1,5]   -1.6515   -0.7447   -0.1050    0.4532    1.4349
   ab_e[2,5]   -1.0052   -0.4095   -0.0515    0.2706    0.9292
   ab_e[1,6]   -1.5921   -0.6454   -0.0166    0.5541    1.5409
   ab_e[2,6]   -0.9468   -0.2876    0.0653    0.3822    1.0684

