Running on host compute080.bc4.acrc.priv
Time is Fri May 31 15:43:19 BST 2024
Directory is /user/home/em18564/BC4/Bayes/experiments/MLM_mult
Slurm job ID is 10000386
This job runs on the following machines:
compute080
   Resolving package versions...
  No Changes to `~/.julia/environments/v1.10/Project.toml`
  No Changes to `~/.julia/environments/v1.10/Manifest.toml`
   Resolving package versions...
  No Changes to `~/.julia/environments/v1.10/Project.toml`
  No Changes to `~/.julia/environments/v1.10/Manifest.toml`
   Resolving package versions...
  No Changes to `~/.julia/environments/v1.10/Project.toml`
  No Changes to `~/.julia/environments/v1.10/Manifest.toml`
   Resolving package versions...
    Updating `~/.julia/environments/v1.10/Project.toml`
  [f3b207a7] + StatsPlots v0.15.7
    Updating `~/.julia/environments/v1.10/Manifest.toml`
  [621f4979] + AbstractFFTs v1.5.0
  [79e6a3ab] + Adapt v4.0.4
  [7d9fca2a] + Arpack v0.5.4
  [13072b0f] + AxisAlgorithms v1.1.0
  [d1d4a3ce] + BitFlags v0.1.8
  [d360d2e6] + ChainRulesCore v1.23.0
  [aaaa29a8] + Clustering v0.15.7
  [944b1d66] + CodecZlib v0.7.4
  [35d6a980] + ColorSchemes v3.25.0
  [3da002f7] + ColorTypes v0.11.5
  [c3611d14] + ColorVectorSpace v0.10.0
  [5ae59095] + Colors v0.12.11
  [f0e56b4a] + ConcurrentUtilities v2.4.1
  [d38c429a] + Contour v0.6.3
  [e2d170a0] + DataValueInterfaces v1.0.0
  [8bb1440f] + DelimitedFiles v1.9.1
  [b4f34e82] + Distances v0.10.11
  [460bff9d] + ExceptionUnwrapping v0.1.10
  [c87230d0] + FFMPEG v0.4.1
  [7a1cc6ca] + FFTW v1.8.0
  [53c48c17] + FixedPointNumbers v0.8.5
  [1fa38f19] + Format v1.3.7
  [28b8d3ca] + GR v0.73.5
  [42e2da0e] + Grisu v1.0.2
  [cd3eb016] + HTTP v1.10.8
  [a98d9a8b] + Interpolations v0.15.1
  [82899510] + IteratorInterfaceExtensions v1.0.0
  [1019f520] + JLFzf v0.1.7
  [682c06a0] + JSON v0.21.4
  [5ab0869b] + KernelDensity v0.6.9
  [b964fa9f] + LaTeXStrings v1.3.1
  [23fbe1c1] + Latexify v0.16.3
  [e6f89c97] + LoggingExtras v1.0.3
  [1914dd2f] + MacroTools v0.5.13
  [739be429] + MbedTLS v1.1.9
  [442fdcdd] + Measures v0.3.2
  [6f286f6a] + MultivariateStats v0.10.2
  [b8a86587] + NearestNeighbors v0.4.16
  [510215fc] + Observables v0.5.5
  [6fe1bfb0] + OffsetArrays v1.14.0
  [4d8831e6] + OpenSSL v1.4.3
  [69de0a69] + Parsers v2.8.1
  [b98c9c47] + Pipe v1.3.0
  [ccf2f8ad] + PlotThemes v3.2.0
  [995b91a9] + PlotUtils v1.4.1
  [91a5bcdd] + Plots v1.40.4
  [aea7be01] + PrecompileTools v1.2.1
  [c84ed2f1] + Ratios v0.4.5
  [3cdcf5f2] + RecipesBase v1.3.4
  [01d81517] + RecipesPipeline v0.6.12
  [05181044] + RelocatableFolders v1.0.1
  [ae029012] + Requires v1.3.0
  [6c6a2e73] + Scratch v1.2.1
  [91c51154] + SentinelArrays v1.4.3
  [992d4aef] + Showoff v1.0.3
  [777ac1f9] + SimpleBufferStream v1.1.0
  [90137ffa] + StaticArrays v1.9.4
  [1e83bf80] + StaticArraysCore v1.4.2
  [f3b207a7] + StatsPlots v0.15.7
  [ab02a1b2] + TableOperations v1.2.0
  [3783bdb8] + TableTraits v1.0.1
  [bd369af6] + Tables v1.11.1
  [62fd8b95] + TensorCore v0.1.1
  [3bb67fe8] + TranscodingStreams v0.10.8
  [5c2747f8] + URIs v1.5.1
  [1cfade01] + UnicodeFun v0.4.1
  [1986cc42] + Unitful v1.20.0
  [45397f5d] + UnitfulLatexify v1.6.3
  [41fe7b60] + Unzip v0.2.0
  [cc8bc4a8] + Widgets v0.6.6
  [efce3f68] + WoodburyMatrices v1.0.0
⌅ [68821587] + Arpack_jll v3.5.1+1
  [6e34b625] + Bzip2_jll v1.0.8+1
  [83423d85] + Cairo_jll v1.18.0+2
  [2702e6a9] + EpollShim_jll v0.0.20230411+0
  [2e619515] + Expat_jll v2.6.2+0
⌅ [b22a6f82] + FFMPEG_jll v4.4.4+1
  [f5851436] + FFTW_jll v3.3.10+0
  [a3f928ae] + Fontconfig_jll v2.13.96+0
  [d7e528f0] + FreeType2_jll v2.13.2+0
  [559328eb] + FriBidi_jll v1.0.14+0
  [0656b61e] + GLFW_jll v3.3.9+0
  [d2c73de3] + GR_jll v0.73.5+0
  [78b55507] + Gettext_jll v0.21.0+0
  [7746bdde] + Glib_jll v2.80.2+0
  [3b182d85] + Graphite2_jll v1.3.14+0
  [2e76f6c2] + HarfBuzz_jll v2.8.1+1
  [1d5cc7b8] + IntelOpenMP_jll v2024.1.0+0
  [aacddb02] + JpegTurbo_jll v3.0.3+0
  [c1c5ebd0] + LAME_jll v3.100.2+0
⌅ [88015f11] + LERC_jll v3.0.0+1
  [1d63c593] + LLVMOpenMP_jll v15.0.7+0
  [dd4b983a] + LZO_jll v2.10.2+0
⌅ [e9f186c6] + Libffi_jll v3.2.2+1
  [d4300ac3] + Libgcrypt_jll v1.8.11+0
  [7e76a0d4] + Libglvnd_jll v1.6.0+0
  [7add5ba3] + Libgpg_error_jll v1.49.0+0
  [94ce4f54] + Libiconv_jll v1.17.0+0
  [4b2f31a3] + Libmount_jll v2.40.1+0
⌅ [89763e89] + Libtiff_jll v4.5.1+1
  [38a345b3] + Libuuid_jll v2.40.1+0
  [856f044c] + MKL_jll v2024.1.0+0
  [e7412a2a] + Ogg_jll v1.3.5+1
  [458c3c95] + OpenSSL_jll v3.0.13+1
  [91d4177d] + Opus_jll v1.3.2+0
  [30392449] + Pixman_jll v0.43.4+0
⌅ [c0090381] + Qt6Base_jll v6.5.3+1
  [a44049a8] + Vulkan_Loader_jll v1.3.243+0
  [a2964d1f] + Wayland_jll v1.21.0+1
  [2381bf8a] + Wayland_protocols_jll v1.31.0+0
  [02c8fc9c] + XML2_jll v2.12.7+0
  [aed1982a] + XSLT_jll v1.1.34+0
  [ffd25f8a] + XZ_jll v5.4.6+0
  [f67eecfb] + Xorg_libICE_jll v1.1.1+0
  [c834827a] + Xorg_libSM_jll v1.2.4+0
  [4f6342f7] + Xorg_libX11_jll v1.8.6+0
  [0c0b7dd1] + Xorg_libXau_jll v1.0.11+0
  [935fb764] + Xorg_libXcursor_jll v1.2.0+4
  [a3789734] + Xorg_libXdmcp_jll v1.1.4+0
  [1082639a] + Xorg_libXext_jll v1.3.6+0
  [d091e8ba] + Xorg_libXfixes_jll v5.0.3+4
  [a51aa0fd] + Xorg_libXi_jll v1.7.10+4
  [d1454406] + Xorg_libXinerama_jll v1.1.4+4
  [ec84b674] + Xorg_libXrandr_jll v1.5.2+4
  [ea2f1a96] + Xorg_libXrender_jll v0.9.11+0
  [14d82f49] + Xorg_libpthread_stubs_jll v0.1.1+0
  [c7cfdc94] + Xorg_libxcb_jll v1.15.0+0
  [cc61e674] + Xorg_libxkbfile_jll v1.1.2+0
  [e920d4aa] + Xorg_xcb_util_cursor_jll v0.1.4+0
  [12413925] + Xorg_xcb_util_image_jll v0.4.0+1
  [2def613f] + Xorg_xcb_util_jll v0.4.0+1
  [975044d2] + Xorg_xcb_util_keysyms_jll v0.4.0+1
  [0d47668e] + Xorg_xcb_util_renderutil_jll v0.3.9+1
  [c22f9ab0] + Xorg_xcb_util_wm_jll v0.4.1+1
  [35661453] + Xorg_xkbcomp_jll v1.4.6+0
  [33bec58e] + Xorg_xkeyboard_config_jll v2.39.0+0
  [c5fb5394] + Xorg_xtrans_jll v1.5.0+0
  [3161d3a3] + Zstd_jll v1.5.6+0
  [35ca27e7] + eudev_jll v3.2.9+0
⌅ [214eeab7] + fzf_jll v0.43.0+0
  [1a1c6b14] + gperf_jll v3.1.1+0
  [a4ae2306] + libaom_jll v3.9.0+0
  [0ac62f75] + libass_jll v0.15.1+0
  [2db6ffa8] + libevdev_jll v1.11.0+0
  [f638f0a6] + libfdk_aac_jll v2.0.2+0
  [36db933b] + libinput_jll v1.18.0+0
  [b53b4c65] + libpng_jll v1.6.43+1
  [f27f6e37] + libvorbis_jll v1.3.7+1
  [009596ad] + mtdev_jll v1.1.6+0
  [1317d2d5] + oneTBB_jll v2021.12.0+0
  [1270edf5] + x264_jll v2021.5.5+0
  [dfaa095f] + x265_jll v3.5.0+0
  [d8fb68d0] + xkbcommon_jll v1.4.1+1
  [8ba89e20] + Distributed
  [4af54fe1] + LazyArtifacts
  [a63ad114] + Mmap
  [1a1011a3] + SharedArrays
  [8dfed614] + Test
  [efcefdf7] + PCRE2_jll v10.42.0+1
        Info Packages marked with ⌅ have new versions available but compatibility constraints restrict them from upgrading. To see why use `status --outdated -m`
Precompiling project...
    ChainRulesCore Being precompiled by another machine (hostname: compute083.bc4.acrc.priv, pid: 1989886, pidfile: /user/home/em18564/.julia/compiled/v1.10/ChainRulesCore/G6ax7_4RpdW.ji.pidfile)
    UnicodeFun Being precompiled by another machine (hostname: compute082.bc4.acrc.priv, pid: 1964845, pidfile: /user/home/em18564/.julia/compiled/v1.10/UnicodeFun/wLwUU_4RpdW.ji.pidfile)
    TranscodingStreams Being precompiled by another machine (hostname: compute082.bc4.acrc.priv, pid: 1964845, pidfile: /user/home/em18564/.julia/compiled/v1.10/TranscodingStreams/eJQ7D_4RpdW.ji.pidfile)
    Unitful Being precompiled by another machine (hostname: compute082.bc4.acrc.priv, pid: 1964845, pidfile: /user/home/em18564/.julia/compiled/v1.10/Unitful/5WYj5_4RpdW.ji.pidfile)
    RecipesBase Being precompiled by another machine (hostname: compute082.bc4.acrc.priv, pid: 1964845, pidfile: /user/home/em18564/.julia/compiled/v1.10/RecipesBase/8e2Mm_4RpdW.ji.pidfile)
    Parsers Being precompiled by another machine (hostname: compute082.bc4.acrc.priv, pid: 1964845, pidfile: /user/home/em18564/.julia/compiled/v1.10/Parsers/833b9_4RpdW.ji.pidfile)
    StaticArrays Being precompiled by another machine (hostname: compute082.bc4.acrc.priv, pid: 1964845, pidfile: /user/home/em18564/.julia/compiled/v1.10/StaticArrays/yY9vm_4RpdW.ji.pidfile)
    LLVMOpenMP_jll Being precompiled by another machine (hostname: compute082.bc4.acrc.priv, pid: 1964845, pidfile: /user/home/em18564/.julia/compiled/v1.10/LLVMOpenMP_jll/KocKf_4RpdW.ji.pidfile)
  ✓ TableTraits
  ✓ OffsetArrays → OffsetArraysAdaptExt
  ✓ RelocatableFolders
    Bzip2_jll Being precompiled by another machine (hostname: compute082.bc4.acrc.priv, pid: 1964845, pidfile: /user/home/em18564/.julia/compiled/v1.10/Bzip2_jll/biC9V_4RpdW.ji.pidfile)
  ✓ OpenSSL_jll
  ✓ Libmount_jll
    libpng_jll Being precompiled by another machine (hostname: compute082.bc4.acrc.priv, pid: 1964845, pidfile: /user/home/em18564/.julia/compiled/v1.10/libpng_jll/paYot_4RpdW.ji.pidfile)
  ✓ Graphite2_jll
  ✓ WoodburyMatrices
  ✓ Xorg_libXau_jll
  ✓ Tables
  ✓ IntelOpenMP_jll
  ✓ LAME_jll
  ✓ LERC_jll
  ✓ fzf_jll
  ✓ JpegTurbo_jll
  ✓ XZ_jll
  ✓ Latexify
  ✓ OpenSSL
  ✓ mtdev_jll
  ✓ Ogg_jll
  ✓ gperf_jll
    Arpack_jll Being precompiled by another machine (hostname: compute083.bc4.acrc.priv, pid: 1989886, pidfile: /user/home/em18564/.julia/compiled/v1.10/Arpack_jll/m4kdm_4RpdW.ji.pidfile)
  ✓ oneTBB_jll
  ✓ Xorg_libXdmcp_jll
  ✓ x265_jll
  ✓ x264_jll
  ✓ libaom_jll
  ✓ Zstd_jll
  ✓ Expat_jll
    Libiconv_jll Being precompiled by another machine (hostname: compute083.bc4.acrc.priv, pid: 1989886, pidfile: /user/home/em18564/.julia/compiled/v1.10/Libiconv_jll/ujTCF_4RpdW.ji.pidfile)
  ✓ LZO_jll
  ✓ Opus_jll
  ✓ Xorg_xtrans_jll
  ✓ libevdev_jll
    FFTW_jll Being precompiled by another machine (hostname: compute083.bc4.acrc.priv, pid: 1989886, pidfile: /user/home/em18564/.julia/compiled/v1.10/FFTW_jll/9AVlm_4RpdW.ji.pidfile)
  ✓ Libffi_jll
  ✓ Libgpg_error_jll
  ✓ Wayland_protocols_jll
  ✓ Xorg_libpthread_stubs_jll
    FixedPointNumbers Being precompiled by another machine (hostname: compute083.bc4.acrc.priv, pid: 1989886, pidfile: /user/home/em18564/.julia/compiled/v1.10/FixedPointNumbers/Ple2W_4RpdW.ji.pidfile)
  ✓ FriBidi_jll
  ✓ Libuuid_jll
  ✓ ChainRulesCore
  ✓ libfdk_aac_jll
  ✓ Xorg_libICE_jll
  ✓ LLVMOpenMP_jll
  ✓ Distances
  ✓ AxisAlgorithms
  ✓ JLFzf
    MKL_jll Being precompiled by another machine (hostname: compute083.bc4.acrc.priv, pid: 1989886, pidfile: /user/home/em18564/.julia/compiled/v1.10/MKL_jll/DHEix_4RpdW.ji.pidfile)
  ✓ libvorbis_jll
  ✓ Libiconv_jll
  ✓ eudev_jll
  ✓ UnicodeFun
  ✓ Libgcrypt_jll
  ✓ TranscodingStreams
  ✓ Libtiff_jll
    TestExt Being precompiled by another machine (hostname: compute081.bc4.acrc.priv, pid: 1987267, pidfile: /user/home/em18564/.julia/compiled/v1.10/TestExt/puxfO_4RpdW.ji.pidfile)
  ✓ StaticArrays
  ✓ RecipesBase
  ✓ AbstractFFTs → AbstractFFTsChainRulesCoreExt
    DistancesSparseArraysExt Being precompiled by another machine (hostname: compute083.bc4.acrc.priv, pid: 1990881, pidfile: /user/home/em18564/.julia/compiled/v1.10/DistancesSparseArraysExt/2KLYQ_4RpdW.ji.pidfile)
    StaticArraysStatisticsExt Being precompiled by another machine (hostname: compute081.bc4.acrc.priv, pid: 1987267, pidfile: /user/home/em18564/.julia/compiled/v1.10/StaticArraysStatisticsExt/EfhbW_4RpdW.ji.pidfile)
    AdaptStaticArraysExt Being precompiled by another machine (hostname: compute081.bc4.acrc.priv, pid: 1987267, pidfile: /user/home/em18564/.julia/compiled/v1.10/AdaptStaticArraysExt/9bCdf_4RpdW.ji.pidfile)
  ✓ ChainRulesCore → ChainRulesCoreSparseArraysExt
  ✓ Arpack_jll
  ✓ Xorg_libSM_jll
  ✓ Bzip2_jll
  ✓ FFTW_jll
  ✓ Pixman_jll
  ✓ XML2_jll
    XSLT_jll Being precompiled by another machine (hostname: compute083.bc4.acrc.priv, pid: 1989886, pidfile: /user/home/em18564/.julia/compiled/v1.10/XSLT_jll/HNSqD_4RpdW.ji.pidfile)
  ✓ libpng_jll
    Gettext_jll Being precompiled by another machine (hostname: compute083.bc4.acrc.priv, pid: 1989886, pidfile: /user/home/em18564/.julia/compiled/v1.10/Gettext_jll/l4zGN_4RpdW.ji.pidfile)
  ✓ LogExpFunctions → LogExpFunctionsChainRulesCoreExt
    Wayland_jll Being precompiled by another machine (hostname: compute083.bc4.acrc.priv, pid: 1989886, pidfile: /user/home/em18564/.julia/compiled/v1.10/Wayland_jll/DKZcj_4RpdW.ji.pidfile)
  ✓ Arpack
    SpecialFunctionsChainRulesCoreExt Being precompiled by another machine (hostname: compute083.bc4.acrc.priv, pid: 1989886, pidfile: /user/home/em18564/.julia/compiled/v1.10/SpecialFunctionsChainRulesCoreExt/wr3Ok_4RpdW.ji.pidfile)
  ✓ FreeType2_jll
    MultivariateStats Being precompiled by another machine (hostname: compute083.bc4.acrc.priv, pid: 1989886, pidfile: /user/home/em18564/.julia/compiled/v1.10/MultivariateStats/l7I74_4RpdW.ji.pidfile)
  ✓ AbstractFFTs → AbstractFFTsTestExt
  ? libinput_jll
  ✓ Fontconfig_jll
  ✓ FixedPointNumbers
  ✓ Ratios → RatiosFixedPointNumbersExt
  ✓ TranscodingStreams → TestExt
  ✓ Parsers
  ✓ ColorTypes
    Colors Being precompiled by another machine (hostname: compute083.bc4.acrc.priv, pid: 1991146, pidfile: /user/home/em18564/.julia/compiled/v1.10/Colors/NKjaT_4RpdW.ji.pidfile)
    ColorVectorSpace Being precompiled by another machine (hostname: compute083.bc4.acrc.priv, pid: 1991092, pidfile: /user/home/em18564/.julia/compiled/v1.10/ColorVectorSpace/7uC4N_4RpdW.ji.pidfile)
  ✓ CodecZlib
    HTTP Being precompiled by another machine (hostname: compute083.bc4.acrc.priv, pid: 1989886, pidfile: /user/home/em18564/.julia/compiled/v1.10/HTTP/zXWya_4RpdW.ji.pidfile)
  ✓ Gettext_jll
  ✓ JSON
  ✓ Wayland_jll
  ✓ SpecialFunctions → SpecialFunctionsChainRulesCoreExt
    StatsFunsChainRulesCoreExt Being precompiled by another machine (hostname: compute081.bc4.acrc.priv, pid: 1987267, pidfile: /user/home/em18564/.julia/compiled/v1.10/StatsFunsChainRulesCoreExt/CNges_4RpdW.ji.pidfile)
  ✓ Glib_jll
  ✓ MultivariateStats
  ✓ TableOperations
  ✓ Unitful
    UnitfulLatexify Being precompiled by another machine (hostname: compute082.bc4.acrc.priv, pid: 1964845, pidfile: /user/home/em18564/.julia/compiled/v1.10/UnitfulLatexify/trCzg_4RpdW.ji.pidfile)
  ✓ Distances → DistancesSparseArraysExt
  ✓ StaticArrays → StaticArraysStatisticsExt
  ✓ Adapt → AdaptStaticArraysExt
  ✓ Colors
  ✓ Distances → DistancesChainRulesCoreExt
  ✓ StaticArrays → StaticArraysChainRulesCoreExt
    NearestNeighbors Being precompiled by another machine (hostname: compute082.bc4.acrc.priv, pid: 1964845, pidfile: /user/home/em18564/.julia/compiled/v1.10/NearestNeighbors/Yj1kF_4RpdW.ji.pidfile)
    Interpolations Being precompiled by another machine (hostname: compute082.bc4.acrc.priv, pid: 1964845, pidfile: /user/home/em18564/.julia/compiled/v1.10/Interpolations/VpKVx_4RpdW.ji.pidfile)
  ✓ XSLT_jll
    Xorg_libxcb_jll Being precompiled by another machine (hostname: compute083.bc4.acrc.priv, pid: 1991222, pidfile: /user/home/em18564/.julia/compiled/v1.10/Xorg_libxcb_jll/n4mZf_4RpdW.ji.pidfile)
  ✓ Widgets
  ✓ UnitfulLatexify
  ✓ HTTP
  ✓ Interpolations
  ✓ NearestNeighbors
    InterpolationsUnitfulExt Being precompiled by another machine (hostname: compute081.bc4.acrc.priv, pid: 1987267, pidfile: /user/home/em18564/.julia/compiled/v1.10/InterpolationsUnitfulExt/FTO3m_4RpdW.ji.pidfile)
  ✓ Xorg_libxcb_jll
  ✓ StatsFuns → StatsFunsChainRulesCoreExt
  ✓ Xorg_xcb_util_jll
  ✓ Xorg_libX11_jll
    Xorg_libXrender_jll Being precompiled by another machine (hostname: compute083.bc4.acrc.priv, pid: 1989886, pidfile: /user/home/em18564/.julia/compiled/v1.10/Xorg_libXrender_jll/izQY6_4RpdW.ji.pidfile)
    Xorg_libXext_jll Being precompiled by another machine (hostname: compute083.bc4.acrc.priv, pid: 1989886, pidfile: /user/home/em18564/.julia/compiled/v1.10/Xorg_libXext_jll/H6ltV_4RpdW.ji.pidfile)
    Xorg_libXfixes_jll Being precompiled by another machine (hostname: compute083.bc4.acrc.priv, pid: 1989886, pidfile: /user/home/em18564/.julia/compiled/v1.10/Xorg_libXfixes_jll/dilDp_4RpdW.ji.pidfile)
    Xorg_libxkbfile_jll Being precompiled by another machine (hostname: compute083.bc4.acrc.priv, pid: 1989886, pidfile: /user/home/em18564/.julia/compiled/v1.10/Xorg_libxkbfile_jll/PAhQT_4RpdW.ji.pidfile)
  ✓ Xorg_xcb_util_renderutil_jll
  ✓ Xorg_xcb_util_keysyms_jll
  ✓ Xorg_xcb_util_image_jll
    Xorg_xcb_util_cursor_jll Being precompiled by another machine (hostname: compute083.bc4.acrc.priv, pid: 1989886, pidfile: /user/home/em18564/.julia/compiled/v1.10/Xorg_xcb_util_cursor_jll/XVAgT_4RpdW.ji.pidfile)
  ✓ Xorg_xcb_util_wm_jll
  ✓ Clustering
  ✓ Distributions → DistributionsTestExt
  ✓ Distributions → DistributionsChainRulesCoreExt
  ✓ ColorVectorSpace
  ✓ ColorVectorSpace → SpecialFunctionsExt
  ✓ Interpolations → InterpolationsUnitfulExt
  ✓ Xorg_libxkbfile_jll
  ✓ Xorg_libXfixes_jll
  ✓ Xorg_libXext_jll
  ✓ Xorg_libXrender_jll
    Cairo_jll Being precompiled by another machine (hostname: compute083.bc4.acrc.priv, pid: 1989886, pidfile: /user/home/em18564/.julia/compiled/v1.10/Cairo_jll/ouRHo_4RpdW.ji.pidfile)
  ✓ Xorg_xcb_util_cursor_jll
  ✓ Xorg_xkbcomp_jll
  ✓ Xorg_libXcursor_jll
  ✓ Libglvnd_jll
  ✓ Xorg_libXinerama_jll
  ✓ Xorg_libXi_jll
  ✓ Xorg_libXrandr_jll
  ✓ Xorg_xkeyboard_config_jll
  ✓ GLFW_jll
  ✓ xkbcommon_jll
    Vulkan_Loader_jll Being precompiled by another machine (hostname: compute083.bc4.acrc.priv, pid: 1989886, pidfile: /user/home/em18564/.julia/compiled/v1.10/Vulkan_Loader_jll/MvdhX_4RpdW.ji.pidfile)
  ✓ ColorSchemes
    PlotUtils Being precompiled by another machine (hostname: compute083.bc4.acrc.priv, pid: 1989886, pidfile: /user/home/em18564/.julia/compiled/v1.10/PlotUtils/YveHG_4RpdW.ji.pidfile)
  ✓ MKL_jll
  ✓ Cairo_jll
  ✓ HarfBuzz_jll
  ✓ libass_jll
    FFMPEG_jll Being precompiled by another machine (hostname: compute083.bc4.acrc.priv, pid: 1991757, pidfile: /user/home/em18564/.julia/compiled/v1.10/FFMPEG_jll/uSD0T_4RpdW.ji.pidfile)
  ✓ FFTW
  ✓ KernelDensity
  ✓ Vulkan_Loader_jll
  ✓ FFMPEG_jll
  ✓ PlotUtils
  ✓ FFMPEG
  ✓ Qt6Base_jll
    GR_jll Being precompiled by another machine (hostname: compute083.bc4.acrc.priv, pid: 1991754, pidfile: /user/home/em18564/.julia/compiled/v1.10/GR_jll/jV9xf_4RpdW.ji.pidfile)
  ✓ PlotThemes
  ✓ RecipesPipeline
  ✓ GR_jll
    GR Being precompiled by another machine (hostname: compute083.bc4.acrc.priv, pid: 1989886, pidfile: /user/home/em18564/.julia/compiled/v1.10/GR/NDU5Y_4RpdW.ji.pidfile)
  ✓ GR
    Plots Being precompiled by another machine (hostname: compute083.bc4.acrc.priv, pid: 1989886, pidfile: /user/home/em18564/.julia/compiled/v1.10/Plots/ld3vC_4RpdW.ji.pidfile)
  ✓ Plots
    UnitfulExt Being precompiled by another machine (hostname: compute083.bc4.acrc.priv, pid: 1989886, pidfile: /user/home/em18564/.julia/compiled/v1.10/UnitfulExt/4ishe_4RpdW.ji.pidfile)
  ✓ Plots → UnitfulExt
  ✓ StatsPlots
  140 dependencies successfully precompiled in 256 seconds. 76 already precompiled.
  1 dependency failed but may be precompilable after restarting julia
  1 dependency had output during precompilation:
┌ libinput_jll
│  ┌ Warning: The call to compilecache failed to create a usable precompiled cache file for eudev_jll [35ca27e7-8b34-5b7f-bca9-bdc33f59eb06]
│  │   exception = Required dependency gperf_jll [1a1c6b14-54f6-533d-8383-74cd7377aa70] failed to load from a cache file.
│  └ @ Base loading.jl:1992
└  
   Resolving package versions...
  No Changes to `~/.julia/environments/v1.10/Project.toml`
  No Changes to `~/.julia/environments/v1.10/Manifest.toml`
Precompiling project...
    PrettyTables Being precompiled by another machine (hostname: compute083.bc4.acrc.priv, pid: 1989886, pidfile: /user/home/em18564/.julia/compiled/v1.10/PrettyTables/kRdcL_4RpdW.ji.pidfile)
    LLVM Being precompiled by another machine (hostname: compute083.bc4.acrc.priv, pid: 1989886, pidfile: /user/home/em18564/.julia/compiled/v1.10/LLVM/e8NBy_4RpdW.ji.pidfile)
    Accessors Being precompiled by another machine (hostname: compute083.bc4.acrc.priv, pid: 1989886, pidfile: /user/home/em18564/.julia/compiled/v1.10/Accessors/XelUh_4RpdW.ji.pidfile)
    ForwardDiff Being precompiled by another machine (hostname: compute083.bc4.acrc.priv, pid: 1989886, pidfile: /user/home/em18564/.julia/compiled/v1.10/ForwardDiff/k0ETY_4RpdW.ji.pidfile)
  ✓ TerminalLoggers
  ✓ IntervalSets → IntervalSetsRecipesBaseExt
    DistributionsDensityInterfaceExt Being precompiled by another machine (hostname: compute081.bc4.acrc.priv, pid: 1987267, pidfile: /user/home/em18564/.julia/compiled/v1.10/DistributionsDensityInterfaceExt/fjCdH_4RpdW.ji.pidfile)
  ✓ StructArrays
    StructArraysGPUArraysCoreExt Being precompiled by another machine (hostname: compute083.bc4.acrc.priv, pid: 1989886, pidfile: /user/home/em18564/.julia/compiled/v1.10/StructArraysGPUArraysCoreExt/KyZgZ_4RpdW.ji.pidfile)
  ✓ Setfield
    SplittablesBase Being precompiled by another machine (hostname: compute083.bc4.acrc.priv, pid: 1989886, pidfile: /user/home/em18564/.julia/compiled/v1.10/SplittablesBase/htRqy_4RpdW.ji.pidfile)
  ✓ LLVM
    UnsafeAtomicsLLVM Being precompiled by another machine (hostname: compute083.bc4.acrc.priv, pid: 1989886, pidfile: /user/home/em18564/.julia/compiled/v1.10/UnsafeAtomicsLLVM/auDvx_4RpdW.ji.pidfile)
  ✓ Accessors
  ✓ ForwardDiff
  ✓ Distributions → DistributionsDensityInterfaceExt
  ✓ Accessors → AccessorsIntervalSetsExt
  ✓ ForwardDiff → ForwardDiffStaticArraysExt
  ✓ Accessors → AccessorsStructArraysExt
  ✓ MCMCDiagnosticTools
  ✓ Accessors → AccessorsStaticArraysExt
  ✓ Accessors → AccessorsUnitfulExt
    Roots Being precompiled by another machine (hostname: compute083.bc4.acrc.priv, pid: 1989886, pidfile: /user/home/em18564/.julia/compiled/v1.10/Roots/o0Xsi_4RpdW.ji.pidfile)
  ✓ BangBang
  ✓ BangBang → BangBangChainRulesCoreExt
    BangBangStaticArraysExt Being precompiled by another machine (hostname: compute083.bc4.acrc.priv, pid: 1989886, pidfile: /user/home/em18564/.julia/compiled/v1.10/BangBangStaticArraysExt/I8ZlX_4RpdW.ji.pidfile)
  ✓ PrettyTables
  ✓ UnsafeAtomicsLLVM
  ✓ StructArrays → StructArraysGPUArraysCoreExt
  ✓ SplittablesBase
  ✓ StructArrays → StructArraysStaticArraysExt
  ✓ StructArrays → StructArraysSparseArraysExt
  ✓ StructArrays → StructArraysAdaptExt
    ChainRules Being precompiled by another machine (hostname: compute081.bc4.acrc.priv, pid: 1987267, pidfile: /user/home/em18564/.julia/compiled/v1.10/ChainRules/AzGmQ_4RpdW.ji.pidfile)
  ✓ KernelAbstractions
  ✓ NNlib
    Tracker Being precompiled by another machine (hostname: compute083.bc4.acrc.priv, pid: 1989886, pidfile: /user/home/em18564/.julia/compiled/v1.10/Tracker/cI3wW_4RpdW.ji.pidfile)
  ✓ Roots
  ✓ Roots → RootsForwardDiffExt
  ✓ BangBang → BangBangStaticArraysExt
  ✓ BangBang → BangBangStructArraysExt
  ✓ BangBang → BangBangTablesExt
  ✓ MicroCollections
  ✓ Transducers
    AbstractMCMC Being precompiled by another machine (hostname: compute083.bc4.acrc.priv, pid: 1994147, pidfile: /user/home/em18564/.julia/compiled/v1.10/AbstractMCMC/5x8OI_4RpdW.ji.pidfile)
  ✓ ChainRules
  ✓ ArrayInterface → ArrayInterfaceChainRulesExt
  ✓ ArrayInterface → ArrayInterfaceGPUArraysCoreExt
  ✓ ArrayInterface → ArrayInterfaceStaticArraysCoreExt
  ✓ Bijectors
  ✓ DistributionsAD
  ✓ AbstractMCMC
    SSMProblems Being precompiled by another machine (hostname: compute083.bc4.acrc.priv, pid: 1989886, pidfile: /user/home/em18564/.julia/compiled/v1.10/SSMProblems/Mponv_4RpdW.ji.pidfile)
    AbstractPPL Being precompiled by another machine (hostname: compute083.bc4.acrc.priv, pid: 1989886, pidfile: /user/home/em18564/.julia/compiled/v1.10/AbstractPPL/UtqfU_4RpdW.ji.pidfile)
    AdvancedMH Being precompiled by another machine (hostname: compute083.bc4.acrc.priv, pid: 1989886, pidfile: /user/home/em18564/.julia/compiled/v1.10/AdvancedMH/MTkce_4RpdW.ji.pidfile)
    MCMCChains Being precompiled by another machine (hostname: compute083.bc4.acrc.priv, pid: 1989886, pidfile: /user/home/em18564/.julia/compiled/v1.10/MCMCChains/QRkwo_4RpdW.ji.pidfile)
  ✓ Tracker
    TrackerPDMatsExt Being precompiled by another machine (hostname: compute083.bc4.acrc.priv, pid: 1989886, pidfile: /user/home/em18564/.julia/compiled/v1.10/TrackerPDMatsExt/92PsH_4RpdW.ji.pidfile)
    LogDensityProblemsADTrackerExt Being precompiled by another machine (hostname: compute083.bc4.acrc.priv, pid: 1989886, pidfile: /user/home/em18564/.julia/compiled/v1.10/LogDensityProblemsADTrackerExt/ir3za_4RpdW.ji.pidfile)
    ArrayInterfaceTrackerExt Being precompiled by another machine (hostname: compute083.bc4.acrc.priv, pid: 1989886, pidfile: /user/home/em18564/.julia/compiled/v1.10/ArrayInterfaceTrackerExt/g0WHg_4RpdW.ji.pidfile)
    BijectorsTrackerExt Being precompiled by another machine (hostname: compute083.bc4.acrc.priv, pid: 1989886, pidfile: /user/home/em18564/.julia/compiled/v1.10/BijectorsTrackerExt/nMndE_4RpdW.ji.pidfile)
    DistributionsADTrackerExt Being precompiled by another machine (hostname: compute083.bc4.acrc.priv, pid: 1989886, pidfile: /user/home/em18564/.julia/compiled/v1.10/DistributionsADTrackerExt/DDiTs_4RpdW.ji.pidfile)
  ✓ ArrayInterface → ArrayInterfaceTrackerExt
  ✓ Tracker → TrackerPDMatsExt
    SymbolicIndexingInterface Being precompiled by another machine (hostname: compute082.bc4.acrc.priv, pid: 1964845, pidfile: /user/home/em18564/.julia/compiled/v1.10/SymbolicIndexingInterface/nIEWT_4RpdW.ji.pidfile)
    SciMLOperators Being precompiled by another machine (hostname: compute082.bc4.acrc.priv, pid: 1964845, pidfile: /user/home/em18564/.julia/compiled/v1.10/SciMLOperators/G7AwB_4RpdW.ji.pidfile)
    EllipticalSliceSampling Being precompiled by another machine (hostname: compute082.bc4.acrc.priv, pid: 1964845, pidfile: /user/home/em18564/.julia/compiled/v1.10/EllipticalSliceSampling/dFnzp_4RpdW.ji.pidfile)
  ✓ LogDensityProblemsAD → LogDensityProblemsADTrackerExt
  ✓ LogDensityProblemsAD → LogDensityProblemsADADTypesExt
  ✓ LogDensityProblemsAD → LogDensityProblemsADForwardDiffExt
  ✓ DistributionsAD → DistributionsADTrackerExt
  ✓ Bijectors → BijectorsTrackerExt
  ✓ DistributionsAD → DistributionsADForwardDiffExt
  ✓ Bijectors → BijectorsForwardDiffExt
  ✓ AdvancedHMC
  ✓ Bijectors → BijectorsDistributionsADExt
    AdvancedVI Being precompiled by another machine (hostname: compute083.bc4.acrc.priv, pid: 1989886, pidfile: /user/home/em18564/.julia/compiled/v1.10/AdvancedVI/W5I48_4RpdW.ji.pidfile)
  ✓ SSMProblems
  ✓ AbstractPPL
  ✓ AdvancedMH
  ✓ MCMCChains
    DynamicPPL Being precompiled by another machine (hostname: compute083.bc4.acrc.priv, pid: 1994532, pidfile: /user/home/em18564/.julia/compiled/v1.10/DynamicPPL/2PWyN_4RpdW.ji.pidfile)
    AdvancedHMCMCMCChainsExt Being precompiled by another machine (hostname: compute081.bc4.acrc.priv, pid: 1987267, pidfile: /user/home/em18564/.julia/compiled/v1.10/AdvancedHMCMCMCChainsExt/ou090_4RpdW.ji.pidfile)
  ✓ EllipticalSliceSampling
  ✓ SciMLOperators
  ✓ SymbolicIndexingInterface
  ✓ AdvancedPS
  ✓ RecursiveArrayTools
  ✓ AdvancedMH → AdvancedMHMCMCChainsExt
  ✓ RecursiveArrayTools → RecursiveArrayToolsForwardDiffExt
  ✓ AdvancedPS → AdvancedPSLibtaskExt
    RecursiveArrayToolsTrackerExt Being precompiled by another machine (hostname: compute082.bc4.acrc.priv, pid: 1964845, pidfile: /user/home/em18564/.julia/compiled/v1.10/RecursiveArrayToolsTrackerExt/Ga5T8_4RpdW.ji.pidfile)
  ✓ AdvancedMH → AdvancedMHForwardDiffExt
  ✓ AdvancedMH → AdvancedMHStructArraysExt
  ✓ AdvancedHMC → AdvancedHMCMCMCChainsExt
  ✓ AdvancedVI
  ✓ DynamicPPL
  ✓ RecursiveArrayTools → RecursiveArrayToolsTrackerExt
  ✓ DynamicPPL → DynamicPPLZygoteRulesExt
  ✓ DynamicPPL → DynamicPPLMCMCChainsExt
  ✓ DynamicPPL → DynamicPPLChainRulesCoreExt
  ✓ DynamicPPL → DynamicPPLForwardDiffExt
  ✓ SciMLBase
  ✓ SciMLBase → SciMLBaseChainRulesCoreExt
    Turing Being precompiled by another machine (hostname: compute083.bc4.acrc.priv, pid: 1989886, pidfile: /user/home/em18564/.julia/compiled/v1.10/Turing/gm4QC_4RpdW.ji.pidfile)
  ✓ Turing
  76 dependencies successfully precompiled in 157 seconds. 289 already precompiled.
   Resolving package versions...
  No Changes to `~/.julia/environments/v1.10/Project.toml`
  No Changes to `~/.julia/environments/v1.10/Manifest.toml`
   Resolving package versions...
  No Changes to `~/.julia/environments/v1.10/Project.toml`
  No Changes to `~/.julia/environments/v1.10/Manifest.toml`
Precompiling project...
    DataFrames Being precompiled by another machine (hostname: compute081.bc4.acrc.priv, pid: 1987267, pidfile: /user/home/em18564/.julia/compiled/v1.10/DataFrames/AR9oZ_4RpdW.ji.pidfile)
  ✓ DataFrames
  ✓ Latexify → DataFramesExt
  ✓ BangBang → BangBangDataFramesExt
  ✓ Transducers → TransducersDataFramesExt
  4 dependencies successfully precompiled in 47 seconds. 371 already precompiled.
   Resolving package versions...
  No Changes to `~/.julia/environments/v1.10/Project.toml`
  No Changes to `~/.julia/environments/v1.10/Manifest.toml`
Precompiling project...
    Optim Being precompiled by another machine (hostname: compute081.bc4.acrc.priv, pid: 1990433, pidfile: /user/home/em18564/.julia/compiled/v1.10/Optim/R5uoh_4RpdW.ji.pidfile)
  ✓ Optim
    TuringOptimExt Being precompiled by another machine (hostname: compute082.bc4.acrc.priv, pid: 1964845, pidfile: /user/home/em18564/.julia/compiled/v1.10/TuringOptimExt/TSKYw_4RpdW.ji.pidfile)
  ✓ Turing → TuringOptimExt
  2 dependencies successfully precompiled in 25 seconds. 382 already precompiled.
   Resolving package versions...
  No Changes to `~/.julia/environments/v1.10/Project.toml`
  No Changes to `~/.julia/environments/v1.10/Manifest.toml`
Precompiling project...
    Documenter Being precompiled by another machine (hostname: compute081.bc4.acrc.priv, pid: 1987267, pidfile: /user/home/em18564/.julia/compiled/v1.10/Documenter/sHGjf_4RpdW.ji.pidfile)
    VectorizationBase Being precompiled by another machine (hostname: compute081.bc4.acrc.priv, pid: 1990807, pidfile: /user/home/em18564/.julia/compiled/v1.10/VectorizationBase/Dto5m_4RpdW.ji.pidfile)
  ✓ VectorizationBase
    SLEEFPirates Being precompiled by another machine (hostname: compute081.bc4.acrc.priv, pid: 1987267, pidfile: /user/home/em18564/.julia/compiled/v1.10/SLEEFPirates/EjaJG_4RpdW.ji.pidfile)
  ✓ SLEEFPirates
  ✓ MonteCarloMeasurements
    RecursiveArrayToolsMonteCarloMeasurementsExt Being precompiled by another machine (hostname: compute081.bc4.acrc.priv, pid: 1987267, pidfile: /user/home/em18564/.julia/compiled/v1.10/RecursiveArrayToolsMonteCarloMeasurementsExt/npOiN_4RpdW.ji.pidfile)
  ✓ Documenter
  ✓ RecursiveArrayTools → RecursiveArrayToolsMonteCarloMeasurementsExt
  ✓ StatisticalRethinking
  6 dependencies successfully precompiled in 49 seconds. 407 already precompiled.
   Resolving package versions...
  No Changes to `~/.julia/environments/v1.10/Project.toml`
  No Changes to `~/.julia/environments/v1.10/Manifest.toml`
   Resolving package versions...
  No Changes to `~/.julia/environments/v1.10/Project.toml`
  No Changes to `~/.julia/environments/v1.10/Manifest.toml`
   Resolving package versions...
  No Changes to `~/.julia/environments/v1.10/Project.toml`
  No Changes to `~/.julia/environments/v1.10/Manifest.toml`
   Resolving package versions...
  No Changes to `~/.julia/environments/v1.10/Project.toml`
  No Changes to `~/.julia/environments/v1.10/Manifest.toml`
   Resolving package versions...
  No Changes to `~/.julia/environments/v1.10/Project.toml`
  No Changes to `~/.julia/environments/v1.10/Manifest.toml`
   Resolving package versions...
  No Changes to `~/.julia/environments/v1.10/Project.toml`
  No Changes to `~/.julia/environments/v1.10/Manifest.toml`
   Resolving package versions...
  No Changes to `~/.julia/environments/v1.10/Project.toml`
  No Changes to `~/.julia/environments/v1.10/Manifest.toml`
   Resolving package versions...
  No Changes to `~/.julia/environments/v1.10/Project.toml`
  No Changes to `~/.julia/environments/v1.10/Manifest.toml`
   Resolving package versions...
  No Changes to `~/.julia/environments/v1.10/Project.toml`
  No Changes to `~/.julia/environments/v1.10/Manifest.toml`
   Resolving package versions...
  No Changes to `~/.julia/environments/v1.10/Project.toml`
  No Changes to `~/.julia/environments/v1.10/Manifest.toml`
   Resolving package versions...
  No Changes to `~/.julia/environments/v1.10/Project.toml`
  No Changes to `~/.julia/environments/v1.10/Manifest.toml`
   Resolving package versions...
  No Changes to `~/.julia/environments/v1.10/Project.toml`
  No Changes to `~/.julia/environments/v1.10/Manifest.toml`
   Resolving package versions...
  No Changes to `~/.julia/environments/v1.10/Project.toml`
  No Changes to `~/.julia/environments/v1.10/Manifest.toml`
   Resolving package versions...
  No Changes to `~/.julia/environments/v1.10/Project.toml`
  No Changes to `~/.julia/environments/v1.10/Manifest.toml`
   Resolving package versions...
  No Changes to `~/.julia/environments/v1.10/Project.toml`
  No Changes to `~/.julia/environments/v1.10/Manifest.toml`
   Resolving package versions...
  No Changes to `~/.julia/environments/v1.10/Project.toml`
  No Changes to `~/.julia/environments/v1.10/Manifest.toml`
   Resolving package versions...
  No Changes to `~/.julia/environments/v1.10/Project.toml`
  No Changes to `~/.julia/environments/v1.10/Manifest.toml`
   Resolving package versions...
  No Changes to `~/.julia/environments/v1.10/Project.toml`
  No Changes to `~/.julia/environments/v1.10/Manifest.toml`
   Resolving package versions...
  No Changes to `~/.julia/environments/v1.10/Project.toml`
  No Changes to `~/.julia/environments/v1.10/Manifest.toml`
┌ Warning: Error requiring `Turing` from `StatisticalRethinking`
│   exception =
│    LoadError: UndefVarError: `TuringOptimExt` not defined
│    Stacktrace:
│      [1] include(mod::Module, _path::String)
│        @ Base ./Base.jl:495
│      [2] include(x::String)
│        @ StatisticalRethinking ~/.julia/packages/StatisticalRethinking/Bzph1/src/StatisticalRethinking.jl:1
│      [3] top-level scope
│        @ ~/.julia/packages/StatisticalRethinking/Bzph1/src/require/turing/turing.jl:7
│      [4] include(mod::Module, _path::String)
│        @ Base ./Base.jl:495
│      [5] include(x::String)
│        @ StatisticalRethinking ~/.julia/packages/StatisticalRethinking/Bzph1/src/StatisticalRethinking.jl:1
│      [6] top-level scope
│        @ ~/.julia/packages/Requires/Z8rfN/src/Requires.jl:40
│      [7] eval
│        @ ./boot.jl:385 [inlined]
│      [8] eval
│        @ ~/.julia/packages/StatisticalRethinking/Bzph1/src/StatisticalRethinking.jl:1 [inlined]
│      [9] (::StatisticalRethinking.var"#3#12")()
│        @ StatisticalRethinking ~/.julia/packages/Requires/Z8rfN/src/require.jl:101
│     [10] macro expansion
│        @ timing.jl:395 [inlined]
│     [11] err(f::Any, listener::Module, modname::String, file::String, line::Any)
│        @ Requires ~/.julia/packages/Requires/Z8rfN/src/require.jl:47
│     [12] (::StatisticalRethinking.var"#2#11")()
│        @ StatisticalRethinking ~/.julia/packages/Requires/Z8rfN/src/require.jl:100
│     [13] withpath(f::Any, path::String)
│        @ Requires ~/.julia/packages/Requires/Z8rfN/src/require.jl:37
│     [14] (::StatisticalRethinking.var"#1#10")()
│        @ StatisticalRethinking ~/.julia/packages/Requires/Z8rfN/src/require.jl:99
│     [15] listenpkg(f::Any, pkg::Base.PkgId)
│        @ Requires ~/.julia/packages/Requires/Z8rfN/src/require.jl:20
│     [16] macro expansion
│        @ ~/.julia/packages/Requires/Z8rfN/src/require.jl:98 [inlined]
│     [17] __init__()
│        @ StatisticalRethinking ~/.julia/packages/StatisticalRethinking/Bzph1/src/StatisticalRethinking.jl:31
│     [18] run_module_init(mod::Module, i::Int64)
│        @ Base ./loading.jl:1134
│     [19] register_restored_modules(sv::Core.SimpleVector, pkg::Base.PkgId, path::String)
│        @ Base ./loading.jl:1122
│     [20] _include_from_serialized(pkg::Base.PkgId, path::String, ocachepath::String, depmods::Vector{Any})
│        @ Base ./loading.jl:1067
│     [21] _require_search_from_serialized(pkg::Base.PkgId, sourcepath::String, build_id::UInt128)
│        @ Base ./loading.jl:1581
│     [22] _require(pkg::Base.PkgId, env::String)
│        @ Base ./loading.jl:1938
│     [23] __require_prelocked(uuidkey::Base.PkgId, env::String)
│        @ Base ./loading.jl:1812
│     [24] #invoke_in_world#3
│        @ ./essentials.jl:926 [inlined]
│     [25] invoke_in_world
│        @ ./essentials.jl:923 [inlined]
│     [26] _require_prelocked(uuidkey::Base.PkgId, env::String)
│        @ Base ./loading.jl:1803
│     [27] macro expansion
│        @ ./loading.jl:1790 [inlined]
│     [28] macro expansion
│        @ ./lock.jl:267 [inlined]
│     [29] __require(into::Module, mod::Symbol)
│        @ Base ./loading.jl:1753
│     [30] #invoke_in_world#3
│        @ ./essentials.jl:926 [inlined]
│     [31] invoke_in_world
│        @ ./essentials.jl:923 [inlined]
│     [32] require(into::Module, mod::Symbol)
│        @ Base ./loading.jl:1746
│     [33] include(mod::Module, _path::String)
│        @ Base ./Base.jl:495
│     [34] exec_options(opts::Base.JLOptions)
│        @ Base ./client.jl:318
│     [35] _start()
│        @ Base ./client.jl:552
│    in expression starting at /user/home/em18564/.julia/packages/StatisticalRethinking/Bzph1/src/require/turing/turing_optim_sample.jl:3
│    in expression starting at /user/home/em18564/.julia/packages/StatisticalRethinking/Bzph1/src/require/turing/turing.jl:7
└ @ Requires ~/.julia/packages/Requires/Z8rfN/src/require.jl:51
Sampling (4 threads)   0%|                              |  ETA: N/A
┌ Info: Found initial step size
└   ϵ = 0.0015625
┌ Info: Found initial step size
└   ϵ = 0.00078125
┌ Info: Found initial step size
└   ϵ = 0.00625
┌ Info: Found initial step size
└   ϵ = 0.0125
Sampling (4 threads)  25%|███████▌                      |  ETA: 3:52:48
Sampling (4 threads)  50%|███████████████               |  ETA: 1:17:36
Sampling (4 threads)  75%|██████████████████████▌       |  ETA: 0:25:52
Sampling (4 threads) 100%|██████████████████████████████| Time: 1:35:06
Sampling (4 threads) 100%|██████████████████████████████| Time: 1:35:06
Chains MCMC chain (250×63×4 Array{Float64, 3}):

Iterations        = 126:1:375
Number of chains  = 4
Samples per chain = 250
Wall duration     = 5692.95 seconds
Compute duration  = 18234.9 seconds
parameters        = σ_w[1], σ_w[2], ρ_w[1, 1], ρ_w[2, 1], ρ_w[1, 2], ρ_w[2, 2], ab_w[1, 1], ab_w[2, 1], ab_w[1, 2], ab_w[2, 2], σ_p[1], σ_p[2], ρ_p[1, 1], ρ_p[2, 1], ρ_p[1, 2], ρ_p[2, 2], ab_p[1, 1], ab_p[2, 1], ab_p[1, 2], ab_p[2, 2], ab_p[1, 3], ab_p[2, 3], ab_p[1, 4], ab_p[2, 4], ab_p[1, 5], ab_p[2, 5], ab_p[1, 6], ab_p[2, 6], ab_p[1, 7], ab_p[2, 7], ab_p[1, 8], ab_p[2, 8], ab_p[1, 9], ab_p[2, 9], ab_p[1, 10], ab_p[2, 10], ab_p[1, 11], ab_p[2, 11], ab_p[1, 12], ab_p[2, 12], σ_e[1], σ_e[2], ρ_e[1, 1], ρ_e[2, 1], ρ_e[1, 2], ρ_e[2, 2], ab_e[1, 1], ab_e[2, 1], ab_e[1, 2], ab_e[2, 2], σ
internals         = lp, n_steps, is_accept, acceptance_rate, log_density, hamiltonian_energy, hamiltonian_energy_error, max_hamiltonian_energy_error, tree_depth, numerical_error, step_size, nom_step_size

Summary Statistics
   parameters      mean       std      mcse    ess_bulk   ess_tail      rhat   ess_per_sec
       Symbol   Float64   Float64   Float64     Float64    Float64   Float64       Float64

       σ_w[1]    1.0080    0.7311    0.0606    114.9734   213.8673    1.0323        0.0063
       σ_w[2]    0.7671    0.6191    0.0657     81.8543   314.9971    1.0203        0.0045
    ρ_w[1, 1]    1.0000    0.0000       NaN         NaN        NaN       NaN           NaN
    ρ_w[2, 1]   -0.0159    0.4113    0.0193    436.8759   575.2203    1.0112        0.0240
    ρ_w[1, 2]   -0.0159    0.4113    0.0193    436.8759   575.2203    1.0112        0.0240
    ρ_w[2, 2]    1.0000    0.0000    0.0000   1023.1308        NaN    1.0005        0.0561
   ab_w[1, 1]   -0.4000    0.9099    0.3657      7.2868    48.0924    1.5949        0.0004
   ab_w[2, 1]    0.1083    0.4582    0.0875     25.8297    66.9255    1.1127        0.0014
   ab_w[1, 2]   -0.2952    0.7012    0.2741      7.4082    60.2290    1.5784        0.0004
   ab_w[2, 2]   -0.3373    0.7813    0.2518      7.5824    32.8079    1.5394        0.0004
       σ_p[1]    0.8033    0.4998    0.0564     59.4468    53.3059    1.0772        0.0033
       σ_p[2]    1.2866    0.9961    0.1768     34.5492    23.3595    1.0754        0.0019
    ρ_p[1, 1]    1.0000    0.0000       NaN         NaN        NaN       NaN           NaN
    ρ_p[2, 1]   -0.0064    0.7436    0.3569      6.4086   326.5209    1.7310        0.0004
    ρ_p[1, 2]   -0.0064    0.7436    0.3569      6.4086   326.5209    1.7310        0.0004
    ρ_p[2, 2]    1.0000    0.0000    0.0000   1009.5477   899.4145    1.0000        0.0554
   ab_p[1, 1]    0.2400    0.6079    0.2236      7.8343    40.0191    1.5185        0.0004
   ab_p[2, 1]   -0.4377    0.9526    0.3002      7.7392    30.7986    1.4987        0.0004
   ab_p[1, 2]    0.1075    0.4597    0.1275     12.2842    72.3748    1.2609        0.0007
   ab_p[2, 2]   -1.0092    1.9573    0.6890      7.2373    20.9501    1.5911        0.0004
   ab_p[1, 3]    0.4120    0.9504    0.3796      7.2615    57.1418    1.5984        0.0004
   ab_p[2, 3]   -0.5040    1.0607    0.3431      7.4167    29.0453    1.5392        0.0004
   ab_p[1, 4]   -0.2573    0.6293    0.1940      8.0444    55.7175    1.4816        0.0004
   ab_p[2, 4]    0.2744    0.7066    0.1983      9.0785    44.5276    1.3924        0.0005
   ab_p[1, 5]   -0.0208    0.3288    0.0244    180.1301   245.0638    1.0336        0.0099
   ab_p[2, 5]   -0.2434    0.6906    0.1685     13.4830    43.6093    1.2191        0.0007
   ab_p[1, 6]    0.6467    1.4168    0.5791      7.2199    73.2261    1.6005        0.0004
   ab_p[2, 6]   -1.4763    2.7801    1.0113      7.2410    24.0214    1.5897        0.0004
   ab_p[1, 7]    0.0054    0.3388    0.0273    123.7740   299.5119    1.0391        0.0068
   ab_p[2, 7]   -0.1639    0.5984    0.1166     24.9475    57.6078    1.1152        0.0014
   ab_p[1, 8]   -0.2712    0.6552    0.2041      7.7733    61.4570    1.5091        0.0004
   ab_p[2, 8]   -0.3123    0.7826    0.2103     10.2135    38.2435    1.3201        0.0006
   ab_p[1, 9]   -0.1320    0.4218    0.0925     15.7824    85.5572    1.1919        0.0009
   ab_p[2, 9]    0.1652    0.6002    0.1382     14.1936    45.8382    1.2135        0.0008
  ab_p[1, 10]   -0.1747    0.4917    0.1339     10.0198    81.1213    1.3548        0.0005
  ab_p[2, 10]    0.7674    1.4975    0.5373      7.3996    25.9907    1.5688        0.0004
  ab_p[1, 11]   -0.8693    1.8512    0.7331      7.1200   100.5225    1.6146        0.0004
  ab_p[2, 11]    1.6042    3.0030    1.1029      7.3287    25.7724    1.5787        0.0004
  ab_p[1, 12]   -0.5184    1.1432    0.4309      7.1465    88.6678    1.6111        0.0004
  ab_p[2, 12]    0.6291    1.2921    0.4570      7.3433    28.3187    1.5725        0.0004
       σ_e[1]    1.0048    0.7439    0.0840     94.9986   131.5749    1.0478        0.0052
       σ_e[2]    0.7621    0.6619    0.0750     59.2424    75.3809    1.0316        0.0032
    ρ_e[1, 1]    1.0000    0.0000       NaN         NaN        NaN       NaN           NaN
    ρ_e[2, 1]   -0.0133    0.3672    0.0142    642.6446   503.1763    1.0060        0.0352
    ρ_e[1, 2]   -0.0133    0.3672    0.0142    642.6446   503.1763    1.0060        0.0352
    ρ_e[2, 2]    1.0000    0.0000    0.0000    972.4270        NaN    1.0040        0.0533
   ab_e[1, 1]    0.3831    0.8036    0.2861      7.0154    40.1038    1.6605        0.0004
   ab_e[2, 1]   -0.2189    0.5434    0.2021      7.4947    19.0626    1.5973        0.0004
   ab_e[1, 2]   -0.4402    0.9102    0.3318      6.9760    40.0551    1.6693        0.0004
   ab_e[2, 2]   -0.2275    0.5721    0.2131      7.4776    17.0238    1.5951        0.0004
            σ    4.2523    0.0143    0.0004   1134.1687   897.7383    1.0081        0.0622

Quantiles
   parameters      2.5%     25.0%     50.0%     75.0%     97.5%
       Symbol   Float64   Float64   Float64   Float64   Float64

       σ_w[1]    0.1730    0.4853    0.8520    1.3126    2.9323
       σ_w[2]    0.1053    0.3309    0.5735    1.0365    2.4552
    ρ_w[1, 1]    1.0000    1.0000    1.0000    1.0000    1.0000
    ρ_w[2, 1]   -0.7787   -0.3275   -0.0165    0.2763    0.7461
    ρ_w[1, 2]   -0.7787   -0.3275   -0.0165    0.2763    0.7461
    ρ_w[2, 2]    1.0000    1.0000    1.0000    1.0000    1.0000
   ab_w[1, 1]   -2.0746   -0.9438   -0.4982    0.0987    1.5163
   ab_w[2, 1]   -0.7419   -0.1038    0.0647    0.2653    1.2806
   ab_w[1, 2]   -1.6263   -0.7234   -0.3397    0.0310    1.1870
   ab_w[2, 2]   -2.5909   -0.6157   -0.2616    0.1003    0.8800
       σ_p[1]    0.1444    0.4274    0.6835    1.0742    2.0000
       σ_p[2]    0.2321    0.6158    1.0135    1.6310    4.1149
    ρ_p[1, 1]    1.0000    1.0000    1.0000    1.0000    1.0000
    ρ_p[2, 1]   -0.9234   -0.7593   -0.0258    0.7619    0.9156
    ρ_p[1, 2]   -0.9234   -0.7593   -0.0258    0.7619    0.9156
    ρ_p[2, 2]    1.0000    1.0000    1.0000    1.0000    1.0000
   ab_p[1, 1]   -1.0834   -0.0605    0.2676    0.5957    1.3719
   ab_p[2, 1]   -3.1649   -0.8203   -0.2896    0.0346    1.2365
   ab_p[1, 2]   -0.8331   -0.1263    0.1051    0.3552    1.0738
   ab_p[2, 2]   -6.3156   -1.9480   -0.8800   -0.0732    2.4036
   ab_p[1, 3]   -1.6047   -0.0688    0.4995    0.9475    2.1909
   ab_p[2, 3]   -3.1903   -0.9441   -0.3526    0.0254    1.4128
   ab_p[1, 4]   -1.7504   -0.5127   -0.1943    0.0298    1.0407
   ab_p[2, 4]   -0.7931   -0.1072    0.1689    0.5046    2.3483
   ab_p[1, 5]   -0.8465   -0.1605    0.0151    0.1455    0.5862
   ab_p[2, 5]   -2.3385   -0.4696   -0.1445    0.0677    0.9726
   ab_p[1, 6]   -2.3621    0.0362    0.8111    1.4765    3.2058
   ab_p[2, 6]   -8.8164   -2.8431   -1.3187   -0.1253    3.4270
   ab_p[1, 7]   -0.8308   -0.1373    0.0228    0.1736    0.6742
   ab_p[2, 7]   -1.7989   -0.3422   -0.0962    0.0814    0.9192
   ab_p[1, 8]   -1.8334   -0.5491   -0.2033    0.0481    1.0072
   ab_p[2, 8]   -2.4462   -0.5673   -0.1741    0.0613    1.0105
   ab_p[1, 9]   -1.1648   -0.2650   -0.0838    0.0679    0.5875
   ab_p[2, 9]   -0.7357   -0.1420    0.0839    0.3285    1.8466
  ab_p[1, 10]   -1.4636   -0.3486   -0.1187    0.0475    0.7291
  ab_p[2, 10]   -1.8259   -0.0689    0.6803    1.5078    4.6094
  ab_p[1, 11]   -4.3804   -1.8711   -1.0266   -0.0193    2.8153
  ab_p[2, 11]   -3.4903    0.0847    1.4893    3.0782    9.6306
  ab_p[1, 12]   -2.8755   -1.1021   -0.5670    0.0064    1.7761
  ab_p[2, 12]   -1.5258   -0.0002    0.5646    1.1768    4.2104
       σ_e[1]    0.1813    0.4747    0.8101    1.3155    2.8692
       σ_e[2]    0.1106    0.3109    0.5446    0.9841    2.6175
    ρ_e[1, 1]    1.0000    1.0000    1.0000    1.0000    1.0000
    ρ_e[2, 1]   -0.7324   -0.2744   -0.0012    0.2426    0.6803
    ρ_e[1, 2]   -0.7324   -0.2744   -0.0012    0.2426    0.6803
    ρ_e[2, 2]    1.0000    1.0000    1.0000    1.0000    1.0000
   ab_e[1, 1]   -1.0258    0.0524    0.3712    0.6812    2.0994
   ab_e[2, 1]   -1.4486   -0.4729   -0.2285    0.0005    0.8583
   ab_e[1, 2]   -2.6138   -0.7696   -0.4364   -0.0572    1.2973
   ab_e[2, 2]   -1.4535   -0.5049   -0.2388   -0.0031    0.9264
            σ    4.2259    4.2423    4.2520    4.2624    4.2797

