Slurm job ID is 17421782
Time is Thu May 21 17:25:59 BST 2026
This job runs on the following machines:
cpu-bind=MASK - bp1-compute126, task  0  0 [403498]: mask 0x200008200008 set
Running on host bp1-compute087
Directory is /user/home/em18564/bayesian/BC4/Bayes/wordType_experiments/models/10_noPooling
cpu-bind=MASK - bp1-compute126, task  0  0 [403497]: mask 0xc00000c00000 set
bp1-compute088
Time is Thu May 21 17:25:59 BST 2026
Slurm job ID is 17421841
Directory is /user/home/em18564/bayesian/BC4/Bayes/wordType_experiments/models/10_noPooling
This job runs on the following machines:
Slurm job ID is 17421846
Running on host bp1-compute085
Running on host bp1-compute128
This job runs on the following machines:
Time is Thu May 21 17:25:59 BST 2026
Time is Thu May 21 17:25:59 BST 2026
bp1-compute085
bp1-compute087
Directory is /user/home/em18564/bayesian/BC4/Bayes/wordType_experiments/models/10_noPooling
Slurm job ID is 17421842
This job runs on the following machines:
Directory is /user/home/em18564/bayesian/BC4/Bayes/wordType_experiments/models/10_noPooling
Slurm job ID is 17421844
This job runs on the following machines:
bp1-compute128
bp1-compute085
Running on host bp1-compute126
Running on host bp1-compute126
Time is Thu May 21 17:25:59 BST 2026
Time is Thu May 21 17:25:59 BST 2026
Directory is /user/home/em18564/bayesian/BC4/Bayes/wordType_experiments/models/10_noPooling
Directory is /user/home/em18564/bayesian/BC4/Bayes/wordType_experiments/models/10_noPooling
Slurm job ID is 17421780
This job runs on the following machines:
Slurm job ID is 17421843
This job runs on the following machines:
bp1-compute126
bp1-compute126
┌ Warning: Runtime invalidation was disabled, but the CPU info is out-of-date.
│ Will continue with incorrect CPU name (from build time).
└ @ HostCPUFeatures ~/.julia/packages/HostCPUFeatures/ZTXz4/src/cpu_info.jl:71
┌ Warning: Runtime invalidation was disabled, but the CPU info is out-of-date.
│ Will continue with incorrect CPU feature flag: +avx512vnni.
└ @ HostCPUFeatures ~/.julia/packages/HostCPUFeatures/ZTXz4/src/cpu_info.jl:56
┌ Warning: Runtime invalidation was disabled, but the CPU info is out-of-date.
│ Will continue with incorrect CPU feature flag: -rtm.
└ @ HostCPUFeatures ~/.julia/packages/HostCPUFeatures/ZTXz4/src/cpu_info.jl:56
ERROR: LoadError: BoundsError: attempt to access 676-element Vector{Float64} at index [[5, 21, 75, 5, 93, 119, 144, 150, 154, 170  …  27, 27, 27, 27, 27, 27, 27, 27, 27, 27]]
Stacktrace:
  [1] throw_boundserror(A::Vector{Float64}, I::Tuple{Vector{Int64}})
    @ Base ./abstractarray.jl:737
  [2] checkbounds
    @ ./abstractarray.jl:702 [inlined]
  [3] _getindex
    @ ./multidimensional.jl:888 [inlined]
  [4] getindex
    @ ./abstractarray.jl:1291 [inlined]
  [5] model(__model__::DynamicPPL.Model{typeof(model), (:participant, :word, :surprisal, :tags, :PCA, :ExpMean, :cauchyMean), (), (), Tuple{Vector{Int64}, Vector{Int64}, Vector{Float64}, Vector{Int64}, Vector{Float64}, Float64, Float64}, Tuple{}, DynamicPPL.DefaultContext}, __varinfo__::DynamicPPL.VarInfo{DynamicPPL.Metadata{Dict{AbstractPPL.VarName, Int64}, Vector{Distribution}, Vector{AbstractPPL.VarName}, Vector{Real}}, Float64}, __context__::DynamicPPL.DebugUtils.DebugContext{DynamicPPL.Model{typeof(model), (:participant, :word, :surprisal, :tags, :PCA, :ExpMean, :cauchyMean), (), (), Tuple{Vector{Int64}, Vector{Int64}, Vector{Float64}, Vector{Int64}, Vector{Float64}, Float64, Float64}, Tuple{}, DynamicPPL.DefaultContext}, DynamicPPL.SamplingContext{DynamicPPL.SampleFromPrior, DynamicPPL.DefaultContext, TaskLocalRNG}}, participant::Vector{Int64}, word::Vector{Int64}, surprisal::Vector{Float64}, tags::Vector{Int64}, PCA::Vector{Float64}, ExpMean::Float64, cauchyMean::Float64)
    @ Main ~/bayesian/BC4/Bayes/wordType_experiments/models/10_noPooling/model.jl:14
  [6] _evaluate!!
    @ ~/.julia/packages/DynamicPPL/cjQWO/src/model.jl:913 [inlined]
  [7] evaluate_threadunsafe!!
    @ ~/.julia/packages/DynamicPPL/cjQWO/src/model.jl:886 [inlined]
  [8] check_model_and_trace(rng::TaskLocalRNG, model::DynamicPPL.Model{typeof(model), (:participant, :word, :surprisal, :tags, :PCA, :ExpMean, :cauchyMean), (), (), Tuple{Vector{Int64}, Vector{Int64}, Vector{Float64}, Vector{Int64}, Vector{Float64}, Float64, Float64}, Tuple{}, DynamicPPL.DefaultContext}; varinfo::DynamicPPL.VarInfo{DynamicPPL.Metadata{Dict{AbstractPPL.VarName, Int64}, Vector{Distribution}, Vector{AbstractPPL.VarName}, Vector{Real}}, Float64}, context::DynamicPPL.SamplingContext{DynamicPPL.SampleFromPrior, DynamicPPL.DefaultContext, TaskLocalRNG}, error_on_failure::Bool, kwargs::@Kwargs{})
    @ DynamicPPL.DebugUtils ~/.julia/packages/DynamicPPL/cjQWO/src/debug_utils.jl:468
  [9] check_model_and_trace
    @ ~/.julia/packages/DynamicPPL/cjQWO/src/debug_utils.jl:451 [inlined]
 [10] #check_model_and_trace#6
    @ ~/.julia/packages/DynamicPPL/cjQWO/src/debug_utils.jl:449 [inlined]
 [11] check_model_and_trace
    @ ~/.julia/packages/DynamicPPL/cjQWO/src/debug_utils.jl:448 [inlined]
 [12] check_model
    @ ~/.julia/packages/DynamicPPL/cjQWO/src/debug_utils.jl:494 [inlined]
 [13] _check_model
    @ ~/.julia/packages/Turing/lQ4FK/src/mcmc/abstractmcmc.jl:4 [inlined]
 [14] _check_model
    @ ~/.julia/packages/Turing/lQ4FK/src/mcmc/abstractmcmc.jl:7 [inlined]
 [15] #sample#103
    @ ~/.julia/packages/Turing/lQ4FK/src/mcmc/abstractmcmc.jl:55 [inlined]
 [16] sample
    @ ~/.julia/packages/Turing/lQ4FK/src/mcmc/abstractmcmc.jl:45 [inlined]
 [17] #sample#102
    @ ~/.julia/packages/Turing/lQ4FK/src/mcmc/abstractmcmc.jl:40 [inlined]
 [18] sample
    @ ~/.julia/packages/Turing/lQ4FK/src/mcmc/abstractmcmc.jl:32 [inlined]
 [19] runModel(model::DynamicPPL.Model{typeof(model), (:participant, :word, :surprisal, :tags, :PCA, :ExpMean, :cauchyMean), (), (), Tuple{Vector{Int64}, Vector{Int64}, Vector{Float64}, Vector{Int64}, Vector{Float64}, Float64, Float64}, Tuple{}, DynamicPPL.DefaultContext}, df_modified::DataFrame, dfPCA::DataFrame, pc::Int64, NUM_PARTICIPANTS::Int64, NUM_WORDS::Int64, TYPE_STRUCTURE::String, NUM_TYPES::Int64, wordTypes::Vector{String}, cols::Vector{RGB{Float64}}, isPlotting::Int64, analyseEssRhat::Int64, output_loc::String, expMean::Float64, cauchyMean::Float64)
    @ Main ~/bayesian/BC4/Bayes/wordType_experiments/model_master.jl:61
 [20] top-level scope
    @ ~/bayesian/BC4/Bayes/wordType_experiments/models/10_noPooling/model.jl:42
in expression starting at /user/home/em18564/bayesian/BC4/Bayes/wordType_experiments/models/10_noPooling/model.jl:42
┌ Warning: Runtime invalidation was disabled, but the CPU info is out-of-date.
│ Will continue with incorrect CPU name (from build time).
└ @ HostCPUFeatures ~/.julia/packages/HostCPUFeatures/ZTXz4/src/cpu_info.jl:71
┌ Warning: Runtime invalidation was disabled, but the CPU info is out-of-date.
│ Will continue with incorrect CPU feature flag: +avx512vnni.
└ @ HostCPUFeatures ~/.julia/packages/HostCPUFeatures/ZTXz4/src/cpu_info.jl:56
┌ Warning: Runtime invalidation was disabled, but the CPU info is out-of-date.
│ Will continue with incorrect CPU feature flag: -rtm.
└ @ HostCPUFeatures ~/.julia/packages/HostCPUFeatures/ZTXz4/src/cpu_info.jl:56
ERROR: LoadError: BoundsError: attempt to access 676-element Vector{Float64} at index [[5, 21, 75, 5, 93, 119, 144, 150, 154, 170  …  27, 27, 27, 27, 27, 27, 27, 27, 27, 27]]
Stacktrace:
  [1] throw_boundserror(A::Vector{Float64}, I::Tuple{Vector{Int64}})
    @ Base ./abstractarray.jl:737
  [2] checkbounds
    @ ./abstractarray.jl:702 [inlined]
  [3] _getindex
    @ ./multidimensional.jl:888 [inlined]
  [4] getindex
    @ ./abstractarray.jl:1291 [inlined]
  [5] model(__model__::DynamicPPL.Model{typeof(model), (:participant, :word, :surprisal, :tags, :PCA, :ExpMean, :cauchyMean), (), (), Tuple{Vector{Int64}, Vector{Int64}, Vector{Float64}, Vector{Int64}, Vector{Float64}, Float64, Float64}, Tuple{}, DynamicPPL.DefaultContext}, __varinfo__::DynamicPPL.VarInfo{DynamicPPL.Metadata{Dict{AbstractPPL.VarName, Int64}, Vector{Distribution}, Vector{AbstractPPL.VarName}, Vector{Real}}, Float64}, __context__::DynamicPPL.DebugUtils.DebugContext{DynamicPPL.Model{typeof(model), (:participant, :word, :surprisal, :tags, :PCA, :ExpMean, :cauchyMean), (), (), Tuple{Vector{Int64}, Vector{Int64}, Vector{Float64}, Vector{Int64}, Vector{Float64}, Float64, Float64}, Tuple{}, DynamicPPL.DefaultContext}, DynamicPPL.SamplingContext{DynamicPPL.SampleFromPrior, DynamicPPL.DefaultContext, TaskLocalRNG}}, participant::Vector{Int64}, word::Vector{Int64}, surprisal::Vector{Float64}, tags::Vector{Int64}, PCA::Vector{Float64}, ExpMean::Float64, cauchyMean::Float64)
    @ Main ~/bayesian/BC4/Bayes/wordType_experiments/models/10_noPooling/model.jl:14
  [6] _evaluate!!
    @ ~/.julia/packages/DynamicPPL/cjQWO/src/model.jl:913 [inlined]
  [7] evaluate_threadunsafe!!
    @ ~/.julia/packages/DynamicPPL/cjQWO/src/model.jl:886 [inlined]
  [8] check_model_and_trace(rng::TaskLocalRNG, model::DynamicPPL.Model{typeof(model), (:participant, :word, :surprisal, :tags, :PCA, :ExpMean, :cauchyMean), (), (), Tuple{Vector{Int64}, Vector{Int64}, Vector{Float64}, Vector{Int64}, Vector{Float64}, Float64, Float64}, Tuple{}, DynamicPPL.DefaultContext}; varinfo::DynamicPPL.VarInfo{DynamicPPL.Metadata{Dict{AbstractPPL.VarName, Int64}, Vector{Distribution}, Vector{AbstractPPL.VarName}, Vector{Real}}, Float64}, context::DynamicPPL.SamplingContext{DynamicPPL.SampleFromPrior, DynamicPPL.DefaultContext, TaskLocalRNG}, error_on_failure::Bool, kwargs::@Kwargs{})
    @ DynamicPPL.DebugUtils ~/.julia/packages/DynamicPPL/cjQWO/src/debug_utils.jl:468
  [9] check_model_and_trace
    @ ~/.julia/packages/DynamicPPL/cjQWO/src/debug_utils.jl:451 [inlined]
 [10] #check_model_and_trace#6
    @ ~/.julia/packages/DynamicPPL/cjQWO/src/debug_utils.jl:449 [inlined]
 [11] check_model_and_trace
    @ ~/.julia/packages/DynamicPPL/cjQWO/src/debug_utils.jl:448 [inlined]
 [12] check_model
    @ ~/.julia/packages/DynamicPPL/cjQWO/src/debug_utils.jl:494 [inlined]
 [13] _check_model
    @ ~/.julia/packages/Turing/lQ4FK/src/mcmc/abstractmcmc.jl:4 [inlined]
 [14] _check_model
    @ ~/.julia/packages/Turing/lQ4FK/src/mcmc/abstractmcmc.jl:7 [inlined]
 [15] #sample#103
    @ ~/.julia/packages/Turing/lQ4FK/src/mcmc/abstractmcmc.jl:55 [inlined]
 [16] sample
    @ ~/.julia/packages/Turing/lQ4FK/src/mcmc/abstractmcmc.jl:45 [inlined]
 [17] #sample#102
    @ ~/.julia/packages/Turing/lQ4FK/src/mcmc/abstractmcmc.jl:40 [inlined]
 [18] sample
    @ ~/.julia/packages/Turing/lQ4FK/src/mcmc/abstractmcmc.jl:32 [inlined]
 [19] runModel(model::DynamicPPL.Model{typeof(model), (:participant, :word, :surprisal, :tags, :PCA, :ExpMean, :cauchyMean), (), (), Tuple{Vector{Int64}, Vector{Int64}, Vector{Float64}, Vector{Int64}, Vector{Float64}, Float64, Float64}, Tuple{}, DynamicPPL.DefaultContext}, df_modified::DataFrame, dfPCA::DataFrame, pc::Int64, NUM_PARTICIPANTS::Int64, NUM_WORDS::Int64, TYPE_STRUCTURE::String, NUM_TYPES::Int64, wordTypes::Vector{String}, cols::Vector{RGB{Float64}}, isPlotting::Int64, analyseEssRhat::Int64, output_loc::String, expMean::Float64, cauchyMean::Float64)
    @ Main ~/bayesian/BC4/Bayes/wordType_experiments/model_master.jl:61
 [20] top-level scope
    @ ~/bayesian/BC4/Bayes/wordType_experiments/models/10_noPooling/model.jl:42
in expression starting at /user/home/em18564/bayesian/BC4/Bayes/wordType_experiments/models/10_noPooling/model.jl:42
┌ Warning: Runtime invalidation was disabled, but the CPU info is out-of-date.
│ Will continue with incorrect CPU name (from build time).
└ @ HostCPUFeatures ~/.julia/packages/HostCPUFeatures/ZTXz4/src/cpu_info.jl:71
┌ Warning: Runtime invalidation was disabled, but the CPU info is out-of-date.
│ Will continue with incorrect CPU feature flag: +avx512vnni.
└ @ HostCPUFeatures ~/.julia/packages/HostCPUFeatures/ZTXz4/src/cpu_info.jl:56
┌ Warning: Runtime invalidation was disabled, but the CPU info is out-of-date.
│ Will continue with incorrect CPU feature flag: -rtm.
└ @ HostCPUFeatures ~/.julia/packages/HostCPUFeatures/ZTXz4/src/cpu_info.jl:56
ERROR: LoadError: BoundsError: attempt to access 676-element Vector{Float64} at index [[2, 3, 4, 5, 6, 7, 8, 9, 10, 11  …  206, 676, 127, 677, 116, 11, 212, 598, 11, 467]]
Stacktrace:
  [1] throw_boundserror(A::Vector{Float64}, I::Tuple{Vector{Int64}})
    @ Base ./abstractarray.jl:737
  [2] checkbounds
    @ ./abstractarray.jl:702 [inlined]
  [3] _getindex
    @ ./multidimensional.jl:888 [inlined]
  [4] getindex
    @ ./abstractarray.jl:1291 [inlined]
  [5] model(__model__::DynamicPPL.Model{typeof(model), (:participant, :word, :surprisal, :tags, :PCA, :ExpMean, :cauchyMean), (), (), Tuple{Vector{Int64}, Vector{Int64}, Vector{Float64}, Vector{Int64}, Vector{Float64}, Float64, Float64}, Tuple{}, DynamicPPL.DefaultContext}, __varinfo__::DynamicPPL.VarInfo{DynamicPPL.Metadata{Dict{AbstractPPL.VarName, Int64}, Vector{Distribution}, Vector{AbstractPPL.VarName}, Vector{Real}}, Float64}, __context__::DynamicPPL.DebugUtils.DebugContext{DynamicPPL.Model{typeof(model), (:participant, :word, :surprisal, :tags, :PCA, :ExpMean, :cauchyMean), (), (), Tuple{Vector{Int64}, Vector{Int64}, Vector{Float64}, Vector{Int64}, Vector{Float64}, Float64, Float64}, Tuple{}, DynamicPPL.DefaultContext}, DynamicPPL.SamplingContext{DynamicPPL.SampleFromPrior, DynamicPPL.DefaultContext, TaskLocalRNG}}, participant::Vector{Int64}, word::Vector{Int64}, surprisal::Vector{Float64}, tags::Vector{Int64}, PCA::Vector{Float64}, ExpMean::Float64, cauchyMean::Float64)
    @ Main ~/bayesian/BC4/Bayes/wordType_experiments/models/10_noPooling/model.jl:14
  [6] _evaluate!!
    @ ~/.julia/packages/DynamicPPL/cjQWO/src/model.jl:913 [inlined]
  [7] evaluate_threadunsafe!!
    @ ~/.julia/packages/DynamicPPL/cjQWO/src/model.jl:886 [inlined]
  [8] check_model_and_trace(rng::TaskLocalRNG, model::DynamicPPL.Model{typeof(model), (:participant, :word, :surprisal, :tags, :PCA, :ExpMean, :cauchyMean), (), (), Tuple{Vector{Int64}, Vector{Int64}, Vector{Float64}, Vector{Int64}, Vector{Float64}, Float64, Float64}, Tuple{}, DynamicPPL.DefaultContext}; varinfo::DynamicPPL.VarInfo{DynamicPPL.Metadata{Dict{AbstractPPL.VarName, Int64}, Vector{Distribution}, Vector{AbstractPPL.VarName}, Vector{Real}}, Float64}, context::DynamicPPL.SamplingContext{DynamicPPL.SampleFromPrior, DynamicPPL.DefaultContext, TaskLocalRNG}, error_on_failure::Bool, kwargs::@Kwargs{})
    @ DynamicPPL.DebugUtils ~/.julia/packages/DynamicPPL/cjQWO/src/debug_utils.jl:468
  [9] check_model_and_trace
    @ ~/.julia/packages/DynamicPPL/cjQWO/src/debug_utils.jl:451 [inlined]
 [10] #check_model_and_trace#6
    @ ~/.julia/packages/DynamicPPL/cjQWO/src/debug_utils.jl:449 [inlined]
 [11] check_model_and_trace
    @ ~/.julia/packages/DynamicPPL/cjQWO/src/debug_utils.jl:448 [inlined]
 [12] check_model
    @ ~/.julia/packages/DynamicPPL/cjQWO/src/debug_utils.jl:494 [inlined]
 [13] _check_model
    @ ~/.julia/packages/Turing/lQ4FK/src/mcmc/abstractmcmc.jl:4 [inlined]
 [14] _check_model
    @ ~/.julia/packages/Turing/lQ4FK/src/mcmc/abstractmcmc.jl:7 [inlined]
 [15] #sample#103
    @ ~/.julia/packages/Turing/lQ4FK/src/mcmc/abstractmcmc.jl:55 [inlined]
 [16] sample
    @ ~/.julia/packages/Turing/lQ4FK/src/mcmc/abstractmcmc.jl:45 [inlined]
 [17] #sample#102
    @ ~/.julia/packages/Turing/lQ4FK/src/mcmc/abstractmcmc.jl:40 [inlined]
 [18] sample
    @ ~/.julia/packages/Turing/lQ4FK/src/mcmc/abstractmcmc.jl:32 [inlined]
 [19] runModel(model::DynamicPPL.Model{typeof(model), (:participant, :word, :surprisal, :tags, :PCA, :ExpMean, :cauchyMean), (), (), Tuple{Vector{Int64}, Vector{Int64}, Vector{Float64}, Vector{Int64}, Vector{Float64}, Float64, Float64}, Tuple{}, DynamicPPL.DefaultContext}, df_modified::DataFrame, dfPCA::DataFrame, pc::Int64, NUM_PARTICIPANTS::Int64, NUM_WORDS::Int64, TYPE_STRUCTURE::String, NUM_TYPES::Int64, wordTypes::Vector{String}, cols::Vector{RGB{Float64}}, isPlotting::Int64, analyseEssRhat::Int64, output_loc::String, expMean::Float64, cauchyMean::Float64)
    @ Main ~/bayesian/BC4/Bayes/wordType_experiments/model_master.jl:61
 [20] top-level scope
    @ ~/bayesian/BC4/Bayes/wordType_experiments/models/10_noPooling/model.jl:42
in expression starting at /user/home/em18564/bayesian/BC4/Bayes/wordType_experiments/models/10_noPooling/model.jl:42
┌ Warning: Runtime invalidation was disabled, but the CPU info is out-of-date.
│ Will continue with incorrect CPU name (from build time).
└ @ HostCPUFeatures ~/.julia/packages/HostCPUFeatures/ZTXz4/src/cpu_info.jl:71
┌ Warning: Runtime invalidation was disabled, but the CPU info is out-of-date.
│ Will continue with incorrect CPU feature flag: +avx512vnni.
└ @ HostCPUFeatures ~/.julia/packages/HostCPUFeatures/ZTXz4/src/cpu_info.jl:56
┌ Warning: Runtime invalidation was disabled, but the CPU info is out-of-date.
│ Will continue with incorrect CPU feature flag: -rtm.
└ @ HostCPUFeatures ~/.julia/packages/HostCPUFeatures/ZTXz4/src/cpu_info.jl:56
ERROR: LoadError: BoundsError: attempt to access 676-element Vector{Float64} at index [[5, 21, 75, 5, 93, 119, 144, 150, 154, 170  …  27, 27, 27, 27, 27, 27, 27, 27, 27, 27]]
Stacktrace:
  [1] throw_boundserror(A::Vector{Float64}, I::Tuple{Vector{Int64}})
    @ Base ./abstractarray.jl:737
  [2] checkbounds
    @ ./abstractarray.jl:702 [inlined]
  [3] _getindex
    @ ./multidimensional.jl:888 [inlined]
  [4] getindex
    @ ./abstractarray.jl:1291 [inlined]
  [5] model(__model__::DynamicPPL.Model{typeof(model), (:participant, :word, :surprisal, :tags, :PCA, :ExpMean, :cauchyMean), (), (), Tuple{Vector{Int64}, Vector{Int64}, Vector{Float64}, Vector{Int64}, Vector{Float64}, Float64, Float64}, Tuple{}, DynamicPPL.DefaultContext}, __varinfo__::DynamicPPL.VarInfo{DynamicPPL.Metadata{Dict{AbstractPPL.VarName, Int64}, Vector{Distribution}, Vector{AbstractPPL.VarName}, Vector{Real}}, Float64}, __context__::DynamicPPL.DebugUtils.DebugContext{DynamicPPL.Model{typeof(model), (:participant, :word, :surprisal, :tags, :PCA, :ExpMean, :cauchyMean), (), (), Tuple{Vector{Int64}, Vector{Int64}, Vector{Float64}, Vector{Int64}, Vector{Float64}, Float64, Float64}, Tuple{}, DynamicPPL.DefaultContext}, DynamicPPL.SamplingContext{DynamicPPL.SampleFromPrior, DynamicPPL.DefaultContext, TaskLocalRNG}}, participant::Vector{Int64}, word::Vector{Int64}, surprisal::Vector{Float64}, tags::Vector{Int64}, PCA::Vector{Float64}, ExpMean::Float64, cauchyMean::Float64)
    @ Main ~/bayesian/BC4/Bayes/wordType_experiments/models/10_noPooling/model.jl:14
  [6] _evaluate!!
    @ ~/.julia/packages/DynamicPPL/cjQWO/src/model.jl:913 [inlined]
  [7] evaluate_threadunsafe!!
    @ ~/.julia/packages/DynamicPPL/cjQWO/src/model.jl:886 [inlined]
  [8] check_model_and_trace(rng::TaskLocalRNG, model::DynamicPPL.Model{typeof(model), (:participant, :word, :surprisal, :tags, :PCA, :ExpMean, :cauchyMean), (), (), Tuple{Vector{Int64}, Vector{Int64}, Vector{Float64}, Vector{Int64}, Vector{Float64}, Float64, Float64}, Tuple{}, DynamicPPL.DefaultContext}; varinfo::DynamicPPL.VarInfo{DynamicPPL.Metadata{Dict{AbstractPPL.VarName, Int64}, Vector{Distribution}, Vector{AbstractPPL.VarName}, Vector{Real}}, Float64}, context::DynamicPPL.SamplingContext{DynamicPPL.SampleFromPrior, DynamicPPL.DefaultContext, TaskLocalRNG}, error_on_failure::Bool, kwargs::@Kwargs{})
    @ DynamicPPL.DebugUtils ~/.julia/packages/DynamicPPL/cjQWO/src/debug_utils.jl:468
  [9] check_model_and_trace
    @ ~/.julia/packages/DynamicPPL/cjQWO/src/debug_utils.jl:451 [inlined]
 [10] #check_model_and_trace#6
    @ ~/.julia/packages/DynamicPPL/cjQWO/src/debug_utils.jl:449 [inlined]
 [11] check_model_and_trace
    @ ~/.julia/packages/DynamicPPL/cjQWO/src/debug_utils.jl:448 [inlined]
 [12] check_model
    @ ~/.julia/packages/DynamicPPL/cjQWO/src/debug_utils.jl:494 [inlined]
 [13] _check_model
    @ ~/.julia/packages/Turing/lQ4FK/src/mcmc/abstractmcmc.jl:4 [inlined]
 [14] _check_model
    @ ~/.julia/packages/Turing/lQ4FK/src/mcmc/abstractmcmc.jl:7 [inlined]
 [15] #sample#103
    @ ~/.julia/packages/Turing/lQ4FK/src/mcmc/abstractmcmc.jl:55 [inlined]
 [16] sample
    @ ~/.julia/packages/Turing/lQ4FK/src/mcmc/abstractmcmc.jl:45 [inlined]
 [17] #sample#102
    @ ~/.julia/packages/Turing/lQ4FK/src/mcmc/abstractmcmc.jl:40 [inlined]
 [18] sample
    @ ~/.julia/packages/Turing/lQ4FK/src/mcmc/abstractmcmc.jl:32 [inlined]
 [19] runModel(model::DynamicPPL.Model{typeof(model), (:participant, :word, :surprisal, :tags, :PCA, :ExpMean, :cauchyMean), (), (), Tuple{Vector{Int64}, Vector{Int64}, Vector{Float64}, Vector{Int64}, Vector{Float64}, Float64, Float64}, Tuple{}, DynamicPPL.DefaultContext}, df_modified::DataFrame, dfPCA::DataFrame, pc::Int64, NUM_PARTICIPANTS::Int64, NUM_WORDS::Int64, TYPE_STRUCTURE::String, NUM_TYPES::Int64, wordTypes::Vector{String}, cols::Vector{RGB{Float64}}, isPlotting::Int64, analyseEssRhat::Int64, output_loc::String, expMean::Float64, cauchyMean::Float64)
    @ Main ~/bayesian/BC4/Bayes/wordType_experiments/model_master.jl:61
 [20] top-level scope
    @ ~/bayesian/BC4/Bayes/wordType_experiments/models/10_noPooling/model.jl:42
in expression starting at /user/home/em18564/bayesian/BC4/Bayes/wordType_experiments/models/10_noPooling/model.jl:42
┌ Warning: Runtime invalidation was disabled, but the CPU info is out-of-date.
│ Will continue with incorrect CPU name (from build time).
└ @ HostCPUFeatures ~/.julia/packages/HostCPUFeatures/ZTXz4/src/cpu_info.jl:71
┌ Warning: Runtime invalidation was disabled, but the CPU info is out-of-date.
│ Will continue with incorrect CPU feature flag: +avx512vnni.
└ @ HostCPUFeatures ~/.julia/packages/HostCPUFeatures/ZTXz4/src/cpu_info.jl:56
┌ Warning: Runtime invalidation was disabled, but the CPU info is out-of-date.
│ Will continue with incorrect CPU feature flag: -rtm.
└ @ HostCPUFeatures ~/.julia/packages/HostCPUFeatures/ZTXz4/src/cpu_info.jl:56
ERROR: LoadError: BoundsError: attempt to access 676-element Vector{Float64} at index [[5, 21, 75, 5, 93, 119, 144, 150, 154, 170  …  27, 27, 27, 27, 27, 27, 27, 27, 27, 27]]
Stacktrace:
  [1] throw_boundserror(A::Vector{Float64}, I::Tuple{Vector{Int64}})
    @ Base ./abstractarray.jl:737
  [2] checkbounds
    @ ./abstractarray.jl:702 [inlined]
  [3] _getindex
    @ ./multidimensional.jl:888 [inlined]
  [4] getindex
    @ ./abstractarray.jl:1291 [inlined]
  [5] model(__model__::DynamicPPL.Model{typeof(model), (:participant, :word, :surprisal, :tags, :PCA, :ExpMean, :cauchyMean), (), (), Tuple{Vector{Int64}, Vector{Int64}, Vector{Float64}, Vector{Int64}, Vector{Float64}, Float64, Float64}, Tuple{}, DynamicPPL.DefaultContext}, __varinfo__::DynamicPPL.VarInfo{DynamicPPL.Metadata{Dict{AbstractPPL.VarName, Int64}, Vector{Distribution}, Vector{AbstractPPL.VarName}, Vector{Real}}, Float64}, __context__::DynamicPPL.DebugUtils.DebugContext{DynamicPPL.Model{typeof(model), (:participant, :word, :surprisal, :tags, :PCA, :ExpMean, :cauchyMean), (), (), Tuple{Vector{Int64}, Vector{Int64}, Vector{Float64}, Vector{Int64}, Vector{Float64}, Float64, Float64}, Tuple{}, DynamicPPL.DefaultContext}, DynamicPPL.SamplingContext{DynamicPPL.SampleFromPrior, DynamicPPL.DefaultContext, TaskLocalRNG}}, participant::Vector{Int64}, word::Vector{Int64}, surprisal::Vector{Float64}, tags::Vector{Int64}, PCA::Vector{Float64}, ExpMean::Float64, cauchyMean::Float64)
    @ Main ~/bayesian/BC4/Bayes/wordType_experiments/models/10_noPooling/model.jl:14
  [6] _evaluate!!
    @ ~/.julia/packages/DynamicPPL/cjQWO/src/model.jl:913 [inlined]
  [7] evaluate_threadunsafe!!
    @ ~/.julia/packages/DynamicPPL/cjQWO/src/model.jl:886 [inlined]
  [8] check_model_and_trace(rng::TaskLocalRNG, model::DynamicPPL.Model{typeof(model), (:participant, :word, :surprisal, :tags, :PCA, :ExpMean, :cauchyMean), (), (), Tuple{Vector{Int64}, Vector{Int64}, Vector{Float64}, Vector{Int64}, Vector{Float64}, Float64, Float64}, Tuple{}, DynamicPPL.DefaultContext}; varinfo::DynamicPPL.VarInfo{DynamicPPL.Metadata{Dict{AbstractPPL.VarName, Int64}, Vector{Distribution}, Vector{AbstractPPL.VarName}, Vector{Real}}, Float64}, context::DynamicPPL.SamplingContext{DynamicPPL.SampleFromPrior, DynamicPPL.DefaultContext, TaskLocalRNG}, error_on_failure::Bool, kwargs::@Kwargs{})
    @ DynamicPPL.DebugUtils ~/.julia/packages/DynamicPPL/cjQWO/src/debug_utils.jl:468
  [9] check_model_and_trace
    @ ~/.julia/packages/DynamicPPL/cjQWO/src/debug_utils.jl:451 [inlined]
 [10] #check_model_and_trace#6
    @ ~/.julia/packages/DynamicPPL/cjQWO/src/debug_utils.jl:449 [inlined]
 [11] check_model_and_trace
    @ ~/.julia/packages/DynamicPPL/cjQWO/src/debug_utils.jl:448 [inlined]
 [12] check_model
    @ ~/.julia/packages/DynamicPPL/cjQWO/src/debug_utils.jl:494 [inlined]
 [13] _check_model
    @ ~/.julia/packages/Turing/lQ4FK/src/mcmc/abstractmcmc.jl:4 [inlined]
 [14] _check_model
    @ ~/.julia/packages/Turing/lQ4FK/src/mcmc/abstractmcmc.jl:7 [inlined]
 [15] #sample#103
    @ ~/.julia/packages/Turing/lQ4FK/src/mcmc/abstractmcmc.jl:55 [inlined]
 [16] sample
    @ ~/.julia/packages/Turing/lQ4FK/src/mcmc/abstractmcmc.jl:45 [inlined]
 [17] #sample#102
    @ ~/.julia/packages/Turing/lQ4FK/src/mcmc/abstractmcmc.jl:40 [inlined]
 [18] sample
    @ ~/.julia/packages/Turing/lQ4FK/src/mcmc/abstractmcmc.jl:32 [inlined]
 [19] runModel(model::DynamicPPL.Model{typeof(model), (:participant, :word, :surprisal, :tags, :PCA, :ExpMean, :cauchyMean), (), (), Tuple{Vector{Int64}, Vector{Int64}, Vector{Float64}, Vector{Int64}, Vector{Float64}, Float64, Float64}, Tuple{}, DynamicPPL.DefaultContext}, df_modified::DataFrame, dfPCA::DataFrame, pc::Int64, NUM_PARTICIPANTS::Int64, NUM_WORDS::Int64, TYPE_STRUCTURE::String, NUM_TYPES::Int64, wordTypes::Vector{String}, cols::Vector{RGB{Float64}}, isPlotting::Int64, analyseEssRhat::Int64, output_loc::String, expMean::Float64, cauchyMean::Float64)
    @ Main ~/bayesian/BC4/Bayes/wordType_experiments/model_master.jl:61
 [20] top-level scope
    @ ~/bayesian/BC4/Bayes/wordType_experiments/models/10_noPooling/model.jl:42
in expression starting at /user/home/em18564/bayesian/BC4/Bayes/wordType_experiments/models/10_noPooling/model.jl:42
┌ Warning: Runtime invalidation was disabled, but the CPU info is out-of-date.
│ Will continue with incorrect CPU name (from build time).
└ @ HostCPUFeatures ~/.julia/packages/HostCPUFeatures/ZTXz4/src/cpu_info.jl:71
┌ Warning: Runtime invalidation was disabled, but the CPU info is out-of-date.
│ Will continue with incorrect CPU feature flag: +avx512vnni.
└ @ HostCPUFeatures ~/.julia/packages/HostCPUFeatures/ZTXz4/src/cpu_info.jl:56
┌ Warning: Runtime invalidation was disabled, but the CPU info is out-of-date.
│ Will continue with incorrect CPU feature flag: -rtm.
└ @ HostCPUFeatures ~/.julia/packages/HostCPUFeatures/ZTXz4/src/cpu_info.jl:56
ERROR: LoadError: BoundsError: attempt to access 676-element Vector{Float64} at index [[2, 3, 4, 5, 6, 7, 8, 9, 10, 11  …  206, 676, 127, 677, 116, 11, 212, 598, 11, 467]]
Stacktrace:
  [1] throw_boundserror(A::Vector{Float64}, I::Tuple{Vector{Int64}})
    @ Base ./abstractarray.jl:737
  [2] checkbounds
    @ ./abstractarray.jl:702 [inlined]
  [3] _getindex
    @ ./multidimensional.jl:888 [inlined]
  [4] getindex
    @ ./abstractarray.jl:1291 [inlined]
  [5] model(__model__::DynamicPPL.Model{typeof(model), (:participant, :word, :surprisal, :tags, :PCA, :ExpMean, :cauchyMean), (), (), Tuple{Vector{Int64}, Vector{Int64}, Vector{Float64}, Vector{Int64}, Vector{Float64}, Float64, Float64}, Tuple{}, DynamicPPL.DefaultContext}, __varinfo__::DynamicPPL.VarInfo{DynamicPPL.Metadata{Dict{AbstractPPL.VarName, Int64}, Vector{Distribution}, Vector{AbstractPPL.VarName}, Vector{Real}}, Float64}, __context__::DynamicPPL.DebugUtils.DebugContext{DynamicPPL.Model{typeof(model), (:participant, :word, :surprisal, :tags, :PCA, :ExpMean, :cauchyMean), (), (), Tuple{Vector{Int64}, Vector{Int64}, Vector{Float64}, Vector{Int64}, Vector{Float64}, Float64, Float64}, Tuple{}, DynamicPPL.DefaultContext}, DynamicPPL.SamplingContext{DynamicPPL.SampleFromPrior, DynamicPPL.DefaultContext, TaskLocalRNG}}, participant::Vector{Int64}, word::Vector{Int64}, surprisal::Vector{Float64}, tags::Vector{Int64}, PCA::Vector{Float64}, ExpMean::Float64, cauchyMean::Float64)
    @ Main ~/bayesian/BC4/Bayes/wordType_experiments/models/10_noPooling/model.jl:14
  [6] _evaluate!!
    @ ~/.julia/packages/DynamicPPL/cjQWO/src/model.jl:913 [inlined]
  [7] evaluate_threadunsafe!!
    @ ~/.julia/packages/DynamicPPL/cjQWO/src/model.jl:886 [inlined]
  [8] check_model_and_trace(rng::TaskLocalRNG, model::DynamicPPL.Model{typeof(model), (:participant, :word, :surprisal, :tags, :PCA, :ExpMean, :cauchyMean), (), (), Tuple{Vector{Int64}, Vector{Int64}, Vector{Float64}, Vector{Int64}, Vector{Float64}, Float64, Float64}, Tuple{}, DynamicPPL.DefaultContext}; varinfo::DynamicPPL.VarInfo{DynamicPPL.Metadata{Dict{AbstractPPL.VarName, Int64}, Vector{Distribution}, Vector{AbstractPPL.VarName}, Vector{Real}}, Float64}, context::DynamicPPL.SamplingContext{DynamicPPL.SampleFromPrior, DynamicPPL.DefaultContext, TaskLocalRNG}, error_on_failure::Bool, kwargs::@Kwargs{})
    @ DynamicPPL.DebugUtils ~/.julia/packages/DynamicPPL/cjQWO/src/debug_utils.jl:468
  [9] check_model_and_trace
    @ ~/.julia/packages/DynamicPPL/cjQWO/src/debug_utils.jl:451 [inlined]
 [10] #check_model_and_trace#6
    @ ~/.julia/packages/DynamicPPL/cjQWO/src/debug_utils.jl:449 [inlined]
 [11] check_model_and_trace
    @ ~/.julia/packages/DynamicPPL/cjQWO/src/debug_utils.jl:448 [inlined]
 [12] check_model
    @ ~/.julia/packages/DynamicPPL/cjQWO/src/debug_utils.jl:494 [inlined]
 [13] _check_model
    @ ~/.julia/packages/Turing/lQ4FK/src/mcmc/abstractmcmc.jl:4 [inlined]
 [14] _check_model
    @ ~/.julia/packages/Turing/lQ4FK/src/mcmc/abstractmcmc.jl:7 [inlined]
 [15] #sample#103
    @ ~/.julia/packages/Turing/lQ4FK/src/mcmc/abstractmcmc.jl:55 [inlined]
 [16] sample
    @ ~/.julia/packages/Turing/lQ4FK/src/mcmc/abstractmcmc.jl:45 [inlined]
 [17] #sample#102
    @ ~/.julia/packages/Turing/lQ4FK/src/mcmc/abstractmcmc.jl:40 [inlined]
 [18] sample
    @ ~/.julia/packages/Turing/lQ4FK/src/mcmc/abstractmcmc.jl:32 [inlined]
 [19] runModel(model::DynamicPPL.Model{typeof(model), (:participant, :word, :surprisal, :tags, :PCA, :ExpMean, :cauchyMean), (), (), Tuple{Vector{Int64}, Vector{Int64}, Vector{Float64}, Vector{Int64}, Vector{Float64}, Float64, Float64}, Tuple{}, DynamicPPL.DefaultContext}, df_modified::DataFrame, dfPCA::DataFrame, pc::Int64, NUM_PARTICIPANTS::Int64, NUM_WORDS::Int64, TYPE_STRUCTURE::String, NUM_TYPES::Int64, wordTypes::Vector{String}, cols::Vector{RGB{Float64}}, isPlotting::Int64, analyseEssRhat::Int64, output_loc::String, expMean::Float64, cauchyMean::Float64)
    @ Main ~/bayesian/BC4/Bayes/wordType_experiments/model_master.jl:61
 [20] top-level scope
    @ ~/bayesian/BC4/Bayes/wordType_experiments/models/10_noPooling/model.jl:42
in expression starting at /user/home/em18564/bayesian/BC4/Bayes/wordType_experiments/models/10_noPooling/model.jl:42
┌ Warning: Runtime invalidation was disabled, but the CPU info is out-of-date.
│ Will continue with incorrect CPU name (from build time).
└ @ HostCPUFeatures ~/.julia/packages/HostCPUFeatures/ZTXz4/src/cpu_info.jl:71
┌ Warning: Runtime invalidation was disabled, but the CPU info is out-of-date.
│ Will continue with incorrect CPU feature flag: +avx512vnni.
└ @ HostCPUFeatures ~/.julia/packages/HostCPUFeatures/ZTXz4/src/cpu_info.jl:56
┌ Warning: Runtime invalidation was disabled, but the CPU info is out-of-date.
│ Will continue with incorrect CPU feature flag: -rtm.
└ @ HostCPUFeatures ~/.julia/packages/HostCPUFeatures/ZTXz4/src/cpu_info.jl:56
ERROR: LoadError: BoundsError: attempt to access 676-element Vector{Float64} at index [[2, 3, 4, 5, 6, 7, 8, 9, 10, 11  …  206, 676, 127, 677, 116, 11, 212, 598, 11, 467]]
Stacktrace:
  [1] throw_boundserror(A::Vector{Float64}, I::Tuple{Vector{Int64}})
    @ Base ./abstractarray.jl:737
  [2] checkbounds
    @ ./abstractarray.jl:702 [inlined]
  [3] _getindex
    @ ./multidimensional.jl:888 [inlined]
  [4] getindex
    @ ./abstractarray.jl:1291 [inlined]
  [5] model(__model__::DynamicPPL.Model{typeof(model), (:participant, :word, :surprisal, :tags, :PCA, :ExpMean, :cauchyMean), (), (), Tuple{Vector{Int64}, Vector{Int64}, Vector{Float64}, Vector{Int64}, Vector{Float64}, Float64, Float64}, Tuple{}, DynamicPPL.DefaultContext}, __varinfo__::DynamicPPL.VarInfo{DynamicPPL.Metadata{Dict{AbstractPPL.VarName, Int64}, Vector{Distribution}, Vector{AbstractPPL.VarName}, Vector{Real}}, Float64}, __context__::DynamicPPL.DebugUtils.DebugContext{DynamicPPL.Model{typeof(model), (:participant, :word, :surprisal, :tags, :PCA, :ExpMean, :cauchyMean), (), (), Tuple{Vector{Int64}, Vector{Int64}, Vector{Float64}, Vector{Int64}, Vector{Float64}, Float64, Float64}, Tuple{}, DynamicPPL.DefaultContext}, DynamicPPL.SamplingContext{DynamicPPL.SampleFromPrior, DynamicPPL.DefaultContext, TaskLocalRNG}}, participant::Vector{Int64}, word::Vector{Int64}, surprisal::Vector{Float64}, tags::Vector{Int64}, PCA::Vector{Float64}, ExpMean::Float64, cauchyMean::Float64)
    @ Main ~/bayesian/BC4/Bayes/wordType_experiments/models/10_noPooling/model.jl:14
  [6] _evaluate!!
    @ ~/.julia/packages/DynamicPPL/cjQWO/src/model.jl:913 [inlined]
  [7] evaluate_threadunsafe!!
    @ ~/.julia/packages/DynamicPPL/cjQWO/src/model.jl:886 [inlined]
  [8] check_model_and_trace(rng::TaskLocalRNG, model::DynamicPPL.Model{typeof(model), (:participant, :word, :surprisal, :tags, :PCA, :ExpMean, :cauchyMean), (), (), Tuple{Vector{Int64}, Vector{Int64}, Vector{Float64}, Vector{Int64}, Vector{Float64}, Float64, Float64}, Tuple{}, DynamicPPL.DefaultContext}; varinfo::DynamicPPL.VarInfo{DynamicPPL.Metadata{Dict{AbstractPPL.VarName, Int64}, Vector{Distribution}, Vector{AbstractPPL.VarName}, Vector{Real}}, Float64}, context::DynamicPPL.SamplingContext{DynamicPPL.SampleFromPrior, DynamicPPL.DefaultContext, TaskLocalRNG}, error_on_failure::Bool, kwargs::@Kwargs{})
    @ DynamicPPL.DebugUtils ~/.julia/packages/DynamicPPL/cjQWO/src/debug_utils.jl:468
  [9] check_model_and_trace
    @ ~/.julia/packages/DynamicPPL/cjQWO/src/debug_utils.jl:451 [inlined]
 [10] #check_model_and_trace#6
    @ ~/.julia/packages/DynamicPPL/cjQWO/src/debug_utils.jl:449 [inlined]
 [11] check_model_and_trace
    @ ~/.julia/packages/DynamicPPL/cjQWO/src/debug_utils.jl:448 [inlined]
 [12] check_model
    @ ~/.julia/packages/DynamicPPL/cjQWO/src/debug_utils.jl:494 [inlined]
 [13] _check_model
    @ ~/.julia/packages/Turing/lQ4FK/src/mcmc/abstractmcmc.jl:4 [inlined]
 [14] _check_model
    @ ~/.julia/packages/Turing/lQ4FK/src/mcmc/abstractmcmc.jl:7 [inlined]
 [15] #sample#103
    @ ~/.julia/packages/Turing/lQ4FK/src/mcmc/abstractmcmc.jl:55 [inlined]
 [16] sample
    @ ~/.julia/packages/Turing/lQ4FK/src/mcmc/abstractmcmc.jl:45 [inlined]
 [17] #sample#102
    @ ~/.julia/packages/Turing/lQ4FK/src/mcmc/abstractmcmc.jl:40 [inlined]
 [18] sample
    @ ~/.julia/packages/Turing/lQ4FK/src/mcmc/abstractmcmc.jl:32 [inlined]
 [19] runModel(model::DynamicPPL.Model{typeof(model), (:participant, :word, :surprisal, :tags, :PCA, :ExpMean, :cauchyMean), (), (), Tuple{Vector{Int64}, Vector{Int64}, Vector{Float64}, Vector{Int64}, Vector{Float64}, Float64, Float64}, Tuple{}, DynamicPPL.DefaultContext}, df_modified::DataFrame, dfPCA::DataFrame, pc::Int64, NUM_PARTICIPANTS::Int64, NUM_WORDS::Int64, TYPE_STRUCTURE::String, NUM_TYPES::Int64, wordTypes::Vector{String}, cols::Vector{RGB{Float64}}, isPlotting::Int64, analyseEssRhat::Int64, output_loc::String, expMean::Float64, cauchyMean::Float64)
    @ Main ~/bayesian/BC4/Bayes/wordType_experiments/model_master.jl:61
 [20] top-level scope
    @ ~/bayesian/BC4/Bayes/wordType_experiments/models/10_noPooling/model.jl:42
in expression starting at /user/home/em18564/bayesian/BC4/Bayes/wordType_experiments/models/10_noPooling/model.jl:42
┌ Warning: Runtime invalidation was disabled, but the CPU info is out-of-date.
│ Will continue with incorrect CPU name (from build time).
└ @ HostCPUFeatures ~/.julia/packages/HostCPUFeatures/ZTXz4/src/cpu_info.jl:71
┌ Warning: Runtime invalidation was disabled, but the CPU info is out-of-date.
│ Will continue with incorrect CPU feature flag: +avx512vnni.
└ @ HostCPUFeatures ~/.julia/packages/HostCPUFeatures/ZTXz4/src/cpu_info.jl:56
┌ Warning: Runtime invalidation was disabled, but the CPU info is out-of-date.
│ Will continue with incorrect CPU feature flag: -rtm.
└ @ HostCPUFeatures ~/.julia/packages/HostCPUFeatures/ZTXz4/src/cpu_info.jl:56
ERROR: LoadError: BoundsError: attempt to access 676-element Vector{Float64} at index [[2, 3, 4, 5, 6, 7, 8, 9, 10, 11  …  206, 676, 127, 677, 116, 11, 212, 598, 11, 467]]
Stacktrace:
  [1] throw_boundserror(A::Vector{Float64}, I::Tuple{Vector{Int64}})
    @ Base ./abstractarray.jl:737
  [2] checkbounds
    @ ./abstractarray.jl:702 [inlined]
  [3] _getindex
    @ ./multidimensional.jl:888 [inlined]
  [4] getindex
    @ ./abstractarray.jl:1291 [inlined]
  [5] model(__model__::DynamicPPL.Model{typeof(model), (:participant, :word, :surprisal, :tags, :PCA, :ExpMean, :cauchyMean), (), (), Tuple{Vector{Int64}, Vector{Int64}, Vector{Float64}, Vector{Int64}, Vector{Float64}, Float64, Float64}, Tuple{}, DynamicPPL.DefaultContext}, __varinfo__::DynamicPPL.VarInfo{DynamicPPL.Metadata{Dict{AbstractPPL.VarName, Int64}, Vector{Distribution}, Vector{AbstractPPL.VarName}, Vector{Real}}, Float64}, __context__::DynamicPPL.DebugUtils.DebugContext{DynamicPPL.Model{typeof(model), (:participant, :word, :surprisal, :tags, :PCA, :ExpMean, :cauchyMean), (), (), Tuple{Vector{Int64}, Vector{Int64}, Vector{Float64}, Vector{Int64}, Vector{Float64}, Float64, Float64}, Tuple{}, DynamicPPL.DefaultContext}, DynamicPPL.SamplingContext{DynamicPPL.SampleFromPrior, DynamicPPL.DefaultContext, TaskLocalRNG}}, participant::Vector{Int64}, word::Vector{Int64}, surprisal::Vector{Float64}, tags::Vector{Int64}, PCA::Vector{Float64}, ExpMean::Float64, cauchyMean::Float64)
    @ Main ~/bayesian/BC4/Bayes/wordType_experiments/models/10_noPooling/model.jl:14
  [6] _evaluate!!
    @ ~/.julia/packages/DynamicPPL/cjQWO/src/model.jl:913 [inlined]
  [7] evaluate_threadunsafe!!
    @ ~/.julia/packages/DynamicPPL/cjQWO/src/model.jl:886 [inlined]
  [8] check_model_and_trace(rng::TaskLocalRNG, model::DynamicPPL.Model{typeof(model), (:participant, :word, :surprisal, :tags, :PCA, :ExpMean, :cauchyMean), (), (), Tuple{Vector{Int64}, Vector{Int64}, Vector{Float64}, Vector{Int64}, Vector{Float64}, Float64, Float64}, Tuple{}, DynamicPPL.DefaultContext}; varinfo::DynamicPPL.VarInfo{DynamicPPL.Metadata{Dict{AbstractPPL.VarName, Int64}, Vector{Distribution}, Vector{AbstractPPL.VarName}, Vector{Real}}, Float64}, context::DynamicPPL.SamplingContext{DynamicPPL.SampleFromPrior, DynamicPPL.DefaultContext, TaskLocalRNG}, error_on_failure::Bool, kwargs::@Kwargs{})
    @ DynamicPPL.DebugUtils ~/.julia/packages/DynamicPPL/cjQWO/src/debug_utils.jl:468
  [9] check_model_and_trace
    @ ~/.julia/packages/DynamicPPL/cjQWO/src/debug_utils.jl:451 [inlined]
 [10] #check_model_and_trace#6
    @ ~/.julia/packages/DynamicPPL/cjQWO/src/debug_utils.jl:449 [inlined]
 [11] check_model_and_trace
    @ ~/.julia/packages/DynamicPPL/cjQWO/src/debug_utils.jl:448 [inlined]
 [12] check_model
    @ ~/.julia/packages/DynamicPPL/cjQWO/src/debug_utils.jl:494 [inlined]
 [13] _check_model
    @ ~/.julia/packages/Turing/lQ4FK/src/mcmc/abstractmcmc.jl:4 [inlined]
 [14] _check_model
    @ ~/.julia/packages/Turing/lQ4FK/src/mcmc/abstractmcmc.jl:7 [inlined]
 [15] #sample#103
    @ ~/.julia/packages/Turing/lQ4FK/src/mcmc/abstractmcmc.jl:55 [inlined]
 [16] sample
    @ ~/.julia/packages/Turing/lQ4FK/src/mcmc/abstractmcmc.jl:45 [inlined]
 [17] #sample#102
    @ ~/.julia/packages/Turing/lQ4FK/src/mcmc/abstractmcmc.jl:40 [inlined]
 [18] sample
    @ ~/.julia/packages/Turing/lQ4FK/src/mcmc/abstractmcmc.jl:32 [inlined]
 [19] runModel(model::DynamicPPL.Model{typeof(model), (:participant, :word, :surprisal, :tags, :PCA, :ExpMean, :cauchyMean), (), (), Tuple{Vector{Int64}, Vector{Int64}, Vector{Float64}, Vector{Int64}, Vector{Float64}, Float64, Float64}, Tuple{}, DynamicPPL.DefaultContext}, df_modified::DataFrame, dfPCA::DataFrame, pc::Int64, NUM_PARTICIPANTS::Int64, NUM_WORDS::Int64, TYPE_STRUCTURE::String, NUM_TYPES::Int64, wordTypes::Vector{String}, cols::Vector{RGB{Float64}}, isPlotting::Int64, analyseEssRhat::Int64, output_loc::String, expMean::Float64, cauchyMean::Float64)
    @ Main ~/bayesian/BC4/Bayes/wordType_experiments/model_master.jl:61
 [20] top-level scope
    @ ~/bayesian/BC4/Bayes/wordType_experiments/models/10_noPooling/model.jl:42
in expression starting at /user/home/em18564/bayesian/BC4/Bayes/wordType_experiments/models/10_noPooling/model.jl:42
