Chains MCMC chain (250×93×4 Array{Float64, 3}):

Iterations        = 126:1:375
Number of chains  = 4
Samples per chain = 250
Wall duration     = 16971.1 seconds
Compute duration  = 64682.81 seconds
parameters        = σ_w[1], σ_w[2], ρ_w[1,1], ρ_w[2,1], ρ_w[1,2], ρ_w[2,2], ab_w[1,1], ab_w[2,1], ab_w[1,2], ab_w[2,2], ab_w[1,3], ab_w[2,3], ab_w[1,4], ab_w[2,4], ab_w[1,5], ab_w[2,5], ab_w[1,6], ab_w[2,6], σ_p[1], σ_p[2], ρ_p[1,1], ρ_p[2,1], ρ_p[1,2], ρ_p[2,2], ab_p[1,1], ab_p[2,1], ab_p[1,2], ab_p[2,2], ab_p[1,3], ab_p[2,3], ab_p[1,4], ab_p[2,4], ab_p[1,5], ab_p[2,5], ab_p[1,6], ab_p[2,6], ab_p[1,7], ab_p[2,7], ab_p[1,8], ab_p[2,8], ab_p[1,9], ab_p[2,9], ab_p[1,10], ab_p[2,10], ab_p[1,11], ab_p[2,11], ab_p[1,12], ab_p[2,12], ab_p[1,13], ab_p[2,13], ab_p[1,14], ab_p[2,14], ab_p[1,15], ab_p[2,15], ab_p[1,16], ab_p[2,16], ab_p[1,17], ab_p[2,17], ab_p[1,18], ab_p[2,18], ab_p[1,19], ab_p[2,19], ab_p[1,20], ab_p[2,20], ab_p[1,21], ab_p[2,21], ab_p[1,22], ab_p[2,22], ab_p[1,23], ab_p[2,23], ab_p[1,24], ab_p[2,24], σ_e[1], σ_e[2], ρ_e[1,1], ρ_e[2,1], ρ_e[1,2], ρ_e[2,2], ab_e[1,1], ab_e[2,1], σ
internals         = lp, n_steps, is_accept, acceptance_rate, log_density, hamiltonian_energy, hamiltonian_energy_error, max_hamiltonian_energy_error, tree_depth, numerical_error, step_size, nom_step_size

Summary Statistics
  parameters      mean       std      mcse    ess_bulk    ess_tail      rhat   ess_per_sec
      Symbol   Float64   Float64   Float64     Float64     Float64   Float64       Float64

      σ_w[1]    0.0786    0.0329    0.0014    647.6122    532.8863    1.0020        0.0100
      σ_w[2]    0.0574    0.0964    0.0080    589.6373    451.3154    1.0063        0.0091
    ρ_w[1,1]    1.0000    0.0000       NaN         NaN         NaN       NaN           NaN
    ρ_w[2,1]   -0.3911    0.3519    0.0158    525.9100    473.5717    1.0051        0.0081
    ρ_w[1,2]   -0.3911    0.3519    0.0158    525.9100    473.5717    1.0051        0.0081
    ρ_w[2,2]    1.0000    0.0000    0.0000    983.2215    958.6887    1.0048        0.0152
   ab_w[1,1]    0.0353    0.0397    0.0014    895.5849    877.1372    1.0031        0.0138
   ab_w[2,1]    0.0049    0.0864    0.0064    880.3338    534.6850    1.0064        0.0136
   ab_w[1,2]    0.0999    0.0363    0.0012    937.1425    633.4681    0.9996        0.0145
   ab_w[2,2]   -0.0567    0.0853    0.0059    886.5855    529.2354    1.0052        0.0137
   ab_w[1,3]   -0.0381    0.0353    0.0012    844.7556    566.6976    1.0001        0.0131
   ab_w[2,3]    0.0077    0.0856    0.0062    895.3613    581.1748    1.0061        0.0138
   ab_w[1,4]    0.0119    0.0389    0.0013    904.3732    680.5559    1.0034        0.0140
   ab_w[2,4]    0.0368    0.0885    0.0060    760.2330    432.3531    1.0003        0.0118
   ab_w[1,5]   -0.0494    0.0359    0.0013    817.1489    707.9013    0.9990        0.0126
   ab_w[2,5]    0.0365    0.0866    0.0062    927.8688    654.5124    1.0103        0.0143
   ab_w[1,6]   -0.0471    0.0367    0.0013    862.6437    603.7202    1.0022        0.0133
   ab_w[2,6]    0.0204    0.0889    0.0062    853.2608    583.1305    1.0043        0.0132
      σ_p[1]    0.1082    0.0192    0.0006   1008.8485    588.2995    1.0029        0.0156
      σ_p[2]    0.0736    0.0125    0.0004   1036.2909    647.0538    1.0021        0.0160
    ρ_p[1,1]    1.0000    0.0000       NaN         NaN         NaN       NaN           NaN
    ρ_p[2,1]   -0.0479    0.1916    0.0055   1225.3565    744.5333    1.0003        0.0189
    ρ_p[1,2]   -0.0479    0.1916    0.0055   1225.3565    744.5333    1.0003        0.0189
    ρ_p[2,2]    1.0000    0.0000    0.0000    987.8845   1021.6994    1.0004        0.0153
   ab_p[1,1]   -0.1414    0.0317    0.0009   1139.7840    703.9860    1.0184        0.0176
   ab_p[2,1]    0.0208    0.0261    0.0008    977.9490    898.9904    1.0048        0.0151
   ab_p[1,2]    0.0716    0.0308    0.0010    966.1977    849.9534    1.0020        0.0149
   ab_p[2,2]    0.1140    0.0267    0.0009    895.9944    688.8771    1.0047        0.0139
   ab_p[1,3]   -0.0976    0.0312    0.0010   1007.0750    636.6575    1.0024        0.0156
   ab_p[2,3]    0.0111    0.0268    0.0009    947.1100    727.2707    1.0079        0.0146
   ab_p[1,4]    0.1280    0.0306    0.0009   1203.7106    945.0904    1.0038        0.0186
   ab_p[2,4]   -0.0343    0.0257    0.0008   1055.7609    758.0525    0.9987        0.0163
   ab_p[1,5]   -0.0098    0.0332    0.0011    966.9406    746.6622    1.0070        0.0149
   ab_p[2,5]    0.0024    0.0263    0.0009    927.3785    675.4764    1.0002        0.0143
   ab_p[1,6]   -0.2161    0.0321    0.0010   1101.1740    755.8186    0.9995        0.0170
   ab_p[2,6]    0.0884    0.0262    0.0008    983.1469    732.0714    1.0031        0.0152
   ab_p[1,7]    0.0267    0.0323    0.0010   1021.2574    727.3183    1.0082        0.0158
   ab_p[2,7]   -0.0034    0.0261    0.0008    963.1978    844.0148    1.0008        0.0149
   ab_p[1,8]    0.1404    0.0330    0.0010   1068.9998    844.0401    1.0019        0.0165
   ab_p[2,8]    0.0242    0.0252    0.0008   1035.5082    761.0120    1.0004        0.0160
   ab_p[1,9]   -0.0977    0.0332    0.0010   1165.9573    880.5176    1.0025        0.0180
   ab_p[2,9]   -0.0500    0.0255    0.0008   1021.0023    872.3733    1.0053        0.0158
  ab_p[1,10]   -0.0721    0.0327    0.0010   1000.5132    715.0337    1.0071        0.0155
  ab_p[2,10]   -0.0969    0.0259    0.0008   1095.9694    965.5363    1.0137        0.0169
  ab_p[1,11]    0.0416    0.0310    0.0010   1040.3311    830.3400    1.0008        0.0161
  ab_p[2,11]   -0.1662    0.0259    0.0008   1172.7528    778.7148    0.9976        0.0181
  ab_p[1,12]   -0.0169    0.0320    0.0010    967.1071    817.9713    0.9997        0.0150
  ab_p[2,12]   -0.0727    0.0271    0.0008   1019.7803    705.6839    1.0043        0.0158
  ab_p[1,13]    0.0684    0.0297    0.0009   1131.4522    892.8973    1.0021        0.0175
  ab_p[2,13]    0.0108    0.0265    0.0008   1000.5796    802.5245    1.0065        0.0155
  ab_p[1,14]    0.0464    0.0320    0.0009   1171.8892    861.8194    1.0015        0.0181
  ab_p[2,14]    0.0289    0.0249    0.0008   1085.2682    785.3091    1.0056        0.0168
  ab_p[1,15]   -0.0466    0.0312    0.0011    886.1513    857.9755    1.0040        0.0137
  ab_p[2,15]    0.0814    0.0280    0.0009   1022.5966    693.0769    1.0065        0.0158
  ab_p[1,16]   -0.0111    0.0317    0.0010    958.5355    894.1973    0.9988        0.0148
  ab_p[2,16]    0.0251    0.0261    0.0008    986.6194    786.2429    1.0022        0.0153
  ab_p[1,17]   -0.0240    0.0326    0.0011    902.7820    802.3899    1.0052        0.0140
  ab_p[2,17]    0.0505    0.0278    0.0009    996.6580    847.6513    1.0029        0.0154
  ab_p[1,18]   -0.0674    0.0328    0.0010   1156.6651    819.3125    1.0066        0.0179
  ab_p[2,18]   -0.0474    0.0263    0.0008   1061.9903    867.6312    1.0008        0.0164
  ab_p[1,19]    0.0595    0.0322    0.0010   1083.5948    818.9752    0.9982        0.0168
  ab_p[2,19]   -0.0615    0.0259    0.0008    961.4476    735.4450    1.0021        0.0149
  ab_p[1,20]    0.0391    0.0318    0.0010   1039.7188    740.4730    1.0003        0.0161
  ab_p[2,20]   -0.0546    0.0259    0.0008   1061.8543    858.3179    1.0029        0.0164
  ab_p[1,21]    0.2499    0.0328    0.0010    994.8403    758.5877    1.0034        0.0154
  ab_p[2,21]    0.0352    0.0266    0.0008   1021.2136    716.4072    1.0001        0.0158
  ab_p[1,22]   -0.0094    0.0320    0.0010   1019.5563    834.2499    1.0032        0.0158
  ab_p[2,22]    0.0547    0.0255    0.0008    938.0286    560.4859    1.0064        0.0145
  ab_p[1,23]   -0.0451    0.0326    0.0010    981.5896    714.5114    1.0024        0.0152
  ab_p[2,23]    0.0619    0.0274    0.0008   1037.9528    877.0052    1.0146        0.0160
  ab_p[1,24]    0.0351    0.0317    0.0010    991.6483    852.1257    1.0036        0.0153
  ab_p[2,24]    0.0158    0.0262    0.0009    862.1156    675.8814    1.0022        0.0133
      σ_e[1]    0.3731    0.5979    0.0355    179.7511    233.6190    1.0108        0.0028
      σ_e[2]    0.2878    0.4248    0.0281    178.8622    275.1648    1.0168        0.0028
    ρ_e[1,1]    1.0000    0.0000       NaN         NaN         NaN       NaN           NaN
    ρ_e[2,1]   -0.0028    0.4690    0.0181    640.3417    458.1145    1.0127        0.0099
    ρ_e[1,2]   -0.0028    0.4690    0.0181    640.3417    458.1145    1.0127        0.0099
    ρ_e[2,2]    1.0000    0.0000    0.0000    992.0816    925.1932    0.9990        0.0153
   ab_e[1,1]    0.0180    0.0400    0.0014    842.9869    630.2196    1.0055        0.0130
   ab_e[2,1]    0.0134    0.0872    0.0060    843.6372    568.1499    1.0020        0.0130
           σ    0.9907    0.0035    0.0001   1069.8715    896.3183    1.0007        0.0165

Quantiles
  parameters      2.5%     25.0%     50.0%     75.0%     97.5%
      Symbol   Float64   Float64   Float64   Float64   Float64

      σ_w[1]    0.0408    0.0567    0.0712    0.0913    0.1583
      σ_w[2]    0.0214    0.0350    0.0459    0.0601    0.1176
    ρ_w[1,1]    1.0000    1.0000    1.0000    1.0000    1.0000
    ρ_w[2,1]   -0.8894   -0.6646   -0.4594   -0.1738    0.4275
    ρ_w[1,2]   -0.8894   -0.6646   -0.4594   -0.1738    0.4275
    ρ_w[2,2]    1.0000    1.0000    1.0000    1.0000    1.0000
   ab_w[1,1]   -0.0425    0.0101    0.0342    0.0600    0.1167
   ab_w[2,1]   -0.0552   -0.0167   -0.0003    0.0165    0.0542
   ab_w[1,2]    0.0331    0.0786    0.0984    0.1205    0.1760
   ab_w[2,2]   -0.1095   -0.0757   -0.0607   -0.0478   -0.0203
   ab_w[1,3]   -0.1048   -0.0588   -0.0369   -0.0188    0.0353
   ab_w[2,3]   -0.0424   -0.0120    0.0021    0.0159    0.0474
   ab_w[1,4]   -0.0660   -0.0124    0.0127    0.0365    0.0923
   ab_w[2,4]   -0.0211    0.0113    0.0296    0.0496    0.0957
   ab_w[1,5]   -0.1198   -0.0716   -0.0493   -0.0291    0.0278
   ab_w[2,5]   -0.0133    0.0163    0.0301    0.0443    0.0812
   ab_w[1,6]   -0.1187   -0.0692   -0.0471   -0.0240    0.0226
   ab_w[2,6]   -0.0418   -0.0031    0.0151    0.0317    0.0706
      σ_p[1]    0.0767    0.0943    0.1068    0.1198    0.1511
      σ_p[2]    0.0517    0.0650    0.0723    0.0810    0.1025
    ρ_p[1,1]    1.0000    1.0000    1.0000    1.0000    1.0000
    ρ_p[2,1]   -0.3973   -0.1856   -0.0467    0.0801    0.3279
    ρ_p[1,2]   -0.3973   -0.1856   -0.0467    0.0801    0.3279
    ρ_p[2,2]    1.0000    1.0000    1.0000    1.0000    1.0000
   ab_p[1,1]   -0.2034   -0.1629   -0.1411   -0.1200   -0.0788
   ab_p[2,1]   -0.0303    0.0033    0.0201    0.0374    0.0709
   ab_p[1,2]    0.0149    0.0495    0.0721    0.0927    0.1319
   ab_p[2,2]    0.0595    0.0959    0.1146    0.1316    0.1673
   ab_p[1,3]   -0.1594   -0.1179   -0.0968   -0.0773   -0.0370
   ab_p[2,3]   -0.0422   -0.0066    0.0108    0.0284    0.0636
   ab_p[1,4]    0.0691    0.1078    0.1274    0.1472    0.1889
   ab_p[2,4]   -0.0829   -0.0520   -0.0336   -0.0162    0.0153
   ab_p[1,5]   -0.0742   -0.0316   -0.0089    0.0125    0.0584
   ab_p[2,5]   -0.0466   -0.0150    0.0015    0.0197    0.0541
   ab_p[1,6]   -0.2789   -0.2375   -0.2147   -0.1948   -0.1533
   ab_p[2,6]    0.0386    0.0706    0.0882    0.1069    0.1384
   ab_p[1,7]   -0.0376    0.0044    0.0278    0.0481    0.0900
   ab_p[2,7]   -0.0526   -0.0208   -0.0032    0.0138    0.0484
   ab_p[1,8]    0.0750    0.1179    0.1418    0.1630    0.2018
   ab_p[2,8]   -0.0218    0.0064    0.0232    0.0428    0.0736
   ab_p[1,9]   -0.1637   -0.1208   -0.0982   -0.0752   -0.0332
   ab_p[2,9]   -0.0996   -0.0666   -0.0505   -0.0323   -0.0029
  ab_p[1,10]   -0.1351   -0.0957   -0.0714   -0.0494   -0.0099
  ab_p[2,10]   -0.1489   -0.1136   -0.0970   -0.0785   -0.0486
  ab_p[1,11]   -0.0185    0.0210    0.0406    0.0628    0.1012
  ab_p[2,11]   -0.2160   -0.1837   -0.1664   -0.1475   -0.1181
  ab_p[1,12]   -0.0809   -0.0395   -0.0168    0.0055    0.0442
  ab_p[2,12]   -0.1248   -0.0897   -0.0734   -0.0548   -0.0216
  ab_p[1,13]    0.0117    0.0477    0.0674    0.0885    0.1250
  ab_p[2,13]   -0.0408   -0.0069    0.0116    0.0282    0.0622
  ab_p[1,14]   -0.0163    0.0253    0.0455    0.0681    0.1083
  ab_p[2,14]   -0.0174    0.0122    0.0286    0.0448    0.0784
  ab_p[1,15]   -0.1078   -0.0667   -0.0465   -0.0270    0.0113
  ab_p[2,15]    0.0259    0.0624    0.0815    0.1010    0.1364
  ab_p[1,16]   -0.0720   -0.0319   -0.0114    0.0097    0.0499
  ab_p[2,16]   -0.0267    0.0070    0.0255    0.0447    0.0735
  ab_p[1,17]   -0.0872   -0.0465   -0.0240   -0.0011    0.0405
  ab_p[2,17]   -0.0028    0.0314    0.0505    0.0703    0.1012
  ab_p[1,18]   -0.1334   -0.0883   -0.0660   -0.0457   -0.0057
  ab_p[2,18]   -0.0999   -0.0655   -0.0477   -0.0300    0.0034
  ab_p[1,19]   -0.0002    0.0359    0.0600    0.0831    0.1218
  ab_p[2,19]   -0.1137   -0.0788   -0.0609   -0.0445   -0.0110
  ab_p[1,20]   -0.0209    0.0170    0.0392    0.0607    0.1007
  ab_p[2,20]   -0.1047   -0.0717   -0.0558   -0.0372   -0.0028
  ab_p[1,21]    0.1875    0.2270    0.2498    0.2732    0.3113
  ab_p[2,21]   -0.0178    0.0172    0.0356    0.0519    0.0866
  ab_p[1,22]   -0.0714   -0.0302   -0.0108    0.0125    0.0539
  ab_p[2,22]    0.0048    0.0378    0.0550    0.0709    0.1073
  ab_p[1,23]   -0.1095   -0.0660   -0.0458   -0.0234    0.0203
  ab_p[2,23]    0.0106    0.0430    0.0611    0.0807    0.1154
  ab_p[1,24]   -0.0249    0.0140    0.0350    0.0565    0.0989
  ab_p[2,24]   -0.0333   -0.0017    0.0154    0.0334    0.0684
      σ_e[1]    0.0086    0.0724    0.1768    0.4291    2.1181
      σ_e[2]    0.0065    0.0456    0.1244    0.3579    1.4373
    ρ_e[1,1]    1.0000    1.0000    1.0000    1.0000    1.0000
    ρ_e[2,1]   -0.8002   -0.3983   -0.0165    0.3551    0.8435
    ρ_e[1,2]   -0.8002   -0.3983   -0.0165    0.3551    0.8435
    ρ_e[2,2]    1.0000    1.0000    1.0000    1.0000    1.0000
   ab_e[1,1]   -0.0642   -0.0049    0.0162    0.0425    0.0998
   ab_e[2,1]   -0.0259    0.0020    0.0170    0.0346    0.0722
           σ    0.9842    0.9884    0.9907    0.9931    0.9976

