Chains MCMC chain (250×93×4 Array{Float64, 3}):

Iterations        = 126:1:375
Number of chains  = 4
Samples per chain = 250
Wall duration     = 8612.94 seconds
Compute duration  = 29830.81 seconds
parameters        = σ_w[1], σ_w[2], ρ_w[1,1], ρ_w[2,1], ρ_w[1,2], ρ_w[2,2], ab_w[1,1], ab_w[2,1], ab_w[1,2], ab_w[2,2], ab_w[1,3], ab_w[2,3], ab_w[1,4], ab_w[2,4], ab_w[1,5], ab_w[2,5], ab_w[1,6], ab_w[2,6], σ_p[1], σ_p[2], ρ_p[1,1], ρ_p[2,1], ρ_p[1,2], ρ_p[2,2], ab_p[1,1], ab_p[2,1], ab_p[1,2], ab_p[2,2], ab_p[1,3], ab_p[2,3], ab_p[1,4], ab_p[2,4], ab_p[1,5], ab_p[2,5], ab_p[1,6], ab_p[2,6], ab_p[1,7], ab_p[2,7], ab_p[1,8], ab_p[2,8], ab_p[1,9], ab_p[2,9], ab_p[1,10], ab_p[2,10], ab_p[1,11], ab_p[2,11], ab_p[1,12], ab_p[2,12], ab_p[1,13], ab_p[2,13], ab_p[1,14], ab_p[2,14], ab_p[1,15], ab_p[2,15], ab_p[1,16], ab_p[2,16], ab_p[1,17], ab_p[2,17], ab_p[1,18], ab_p[2,18], ab_p[1,19], ab_p[2,19], ab_p[1,20], ab_p[2,20], ab_p[1,21], ab_p[2,21], ab_p[1,22], ab_p[2,22], ab_p[1,23], ab_p[2,23], ab_p[1,24], ab_p[2,24], σ_e[1], σ_e[2], ρ_e[1,1], ρ_e[2,1], ρ_e[1,2], ρ_e[2,2], ab_e[1,1], ab_e[2,1], σ
internals         = lp, n_steps, is_accept, acceptance_rate, log_density, hamiltonian_energy, hamiltonian_energy_error, max_hamiltonian_energy_error, tree_depth, numerical_error, step_size, nom_step_size

Summary Statistics
  parameters      mean       std      mcse    ess_bulk    ess_tail      rhat   ess_per_sec
      Symbol   Float64   Float64   Float64     Float64     Float64   Float64       Float64

      σ_w[1]    0.0474    0.0266    0.0012    576.9426    423.3548    1.0061        0.0193
      σ_w[2]    0.0219    0.0154    0.0012    168.4639    190.9480    1.0046        0.0056
    ρ_w[1,1]    1.0000    0.0000       NaN         NaN         NaN       NaN           NaN
    ρ_w[2,1]    0.3026    0.3679    0.0165    496.9484    428.1232    1.0085        0.0167
    ρ_w[1,2]    0.3026    0.3679    0.0165    496.9484    428.1232    1.0085        0.0167
    ρ_w[2,2]    1.0000    0.0000    0.0000    787.2151    621.4126    0.9980        0.0264
   ab_w[1,1]   -0.0104    0.0271    0.0009    950.2710    757.1036    1.0005        0.0319
   ab_w[2,1]   -0.0050    0.0162    0.0005    884.4702    649.3647    0.9979        0.0296
   ab_w[1,2]   -0.0555    0.0229    0.0008    903.5883    780.0819    1.0027        0.0303
   ab_w[2,2]   -0.0219    0.0150    0.0006    560.9287    598.6738    0.9998        0.0188
   ab_w[1,3]    0.0080    0.0224    0.0008    844.1118    678.9815    1.0045        0.0283
   ab_w[2,3]    0.0053    0.0142    0.0004    927.5113    703.7049    0.9993        0.0311
   ab_w[1,4]    0.0334    0.0248    0.0009    766.0307    716.9238    1.0037        0.0257
   ab_w[2,4]   -0.0017    0.0176    0.0006    814.4661    636.6914    1.0098        0.0273
   ab_w[1,5]   -0.0001    0.0229    0.0008    873.7827    737.8303    1.0040        0.0293
   ab_w[2,5]    0.0080    0.0152    0.0005    731.8567    595.2075    1.0053        0.0245
   ab_w[1,6]    0.0266    0.0248    0.0009    818.6602    710.9966    1.0019        0.0274
   ab_w[2,6]    0.0069    0.0178    0.0005   1194.2426    534.1860    1.0064        0.0400
      σ_p[1]    0.3372    0.0493    0.0016    987.2802    672.9114    1.0056        0.0331
      σ_p[2]    0.0458    0.0094    0.0004    660.3775    550.9552    1.0054        0.0221
    ρ_p[1,1]    1.0000    0.0000       NaN         NaN         NaN       NaN           NaN
    ρ_p[2,1]   -0.0342    0.2128    0.0077    766.8456    650.5466    1.0057        0.0257
    ρ_p[1,2]   -0.0342    0.2128    0.0077    766.8456    650.5466    1.0057        0.0257
    ρ_p[2,2]    1.0000    0.0000    0.0000   1058.4248   1034.5652    0.9989        0.0355
   ab_p[1,1]   -0.1743    0.0617    0.0023    735.7334    703.5118    1.0042        0.0247
   ab_p[2,1]   -0.0502    0.0232    0.0007   1074.6760    592.3018    1.0012        0.0360
   ab_p[1,2]   -0.2264    0.0609    0.0024    669.1102    634.5381    1.0010        0.0224
   ab_p[2,2]   -0.0342    0.0224    0.0007    892.6166    514.5395    1.0024        0.0299
   ab_p[1,3]   -0.3680    0.0619    0.0025    650.1000    730.2498    1.0031        0.0218
   ab_p[2,3]    0.0965    0.0233    0.0008    826.9031    649.1694    1.0011        0.0277
   ab_p[1,4]   -0.1350    0.0626    0.0025    668.2263    792.5113    1.0037        0.0224
   ab_p[2,4]   -0.0362    0.0213    0.0007    988.6903    747.7331    1.0038        0.0331
   ab_p[1,5]   -0.1694    0.0604    0.0024    617.3168    809.7502    1.0031        0.0207
   ab_p[2,5]   -0.0279    0.0223    0.0007    954.9638    688.8641    1.0034        0.0320
   ab_p[1,6]   -0.1701    0.0616    0.0025    623.4956    600.4750    1.0097        0.0209
   ab_p[2,6]    0.0312    0.0227    0.0007    931.0301    792.3512    1.0066        0.0312
   ab_p[1,7]   -0.2538    0.0614    0.0025    629.9406    542.5812    1.0066        0.0211
   ab_p[2,7]   -0.0099    0.0225    0.0007   1106.1332    709.4271    1.0017        0.0371
   ab_p[1,8]    0.5449    0.0620    0.0025    629.8406    712.8747    1.0052        0.0211
   ab_p[2,8]    0.0075    0.0218    0.0007    917.7783    567.3840    1.0047        0.0308
   ab_p[1,9]    0.0602    0.0620    0.0024    686.1731    783.1899    1.0040        0.0230
   ab_p[2,9]   -0.0393    0.0226    0.0008    892.3269    661.4435    1.0048        0.0299
  ab_p[1,10]    0.0288    0.0625    0.0024    669.7692    652.6028    1.0035        0.0225
  ab_p[2,10]    0.0011    0.0214    0.0007    887.1909    638.5996    1.0081        0.0297
  ab_p[1,11]    0.3751    0.0610    0.0023    687.0240    712.9185    1.0043        0.0230
  ab_p[2,11]    0.0331    0.0208    0.0008    707.6201    588.9280    1.0071        0.0237
  ab_p[1,12]    0.6820    0.0612    0.0024    658.2444    708.7933    1.0035        0.0221
  ab_p[2,12]   -0.0511    0.0233    0.0007   1058.7042    649.2842    1.0039        0.0355
  ab_p[1,13]    0.1018    0.0621    0.0025    626.1609    609.5503    1.0048        0.0210
  ab_p[2,13]    0.0067    0.0221    0.0008    690.7593    851.5520    0.9999        0.0232
  ab_p[1,14]    0.5779    0.0608    0.0024    646.7529    668.3046    1.0032        0.0217
  ab_p[2,14]    0.0113    0.0220    0.0007    991.0612    716.0984    1.0026        0.0332
  ab_p[1,15]   -0.2140    0.0627    0.0024    738.0940    650.7368    1.0103        0.0247
  ab_p[2,15]    0.0458    0.0212    0.0007    926.4738    718.9586    1.0094        0.0311
  ab_p[1,16]   -0.1493    0.0603    0.0024    635.4658    589.5445    1.0021        0.0213
  ab_p[2,16]   -0.0315    0.0221    0.0007    928.2214    587.8919    1.0034        0.0311
  ab_p[1,17]   -0.2733    0.0621    0.0025    631.1168    706.3484    1.0062        0.0212
  ab_p[2,17]    0.0513    0.0224    0.0007    958.7085    727.2800    1.0025        0.0321
  ab_p[1,18]   -0.0353    0.0614    0.0026    563.1486    567.1836    1.0049        0.0189
  ab_p[2,18]    0.0081    0.0216    0.0007    954.5536    830.0547    1.0001        0.0320
  ab_p[1,19]    0.6088    0.0603    0.0024    653.9876    709.1342    1.0016        0.0219
  ab_p[2,19]    0.0071    0.0231    0.0007   1015.4914    784.2059    1.0033        0.0340
  ab_p[1,20]   -0.0084    0.0613    0.0023    712.9997    670.5106    1.0054        0.0239
  ab_p[2,20]    0.0239    0.0224    0.0007   1012.4932    848.8662    1.0037        0.0339
  ab_p[1,21]   -0.3394    0.0621    0.0024    693.8065    667.4797    1.0023        0.0233
  ab_p[2,21]   -0.0262    0.0223    0.0007   1171.9827    671.2365    1.0061        0.0393
  ab_p[1,22]   -0.3216    0.0621    0.0024    657.5321    661.5777    1.0047        0.0220
  ab_p[2,22]   -0.0602    0.0224    0.0007    973.8789    752.1610    1.0050        0.0326
  ab_p[1,23]   -0.0950    0.0621    0.0025    634.7376    651.0121    1.0044        0.0213
  ab_p[2,23]    0.0097    0.0224    0.0007    974.6102    821.3524    1.0069        0.0327
  ab_p[1,24]    0.0233    0.0625    0.0023    748.7543    690.6057    1.0034        0.0251
  ab_p[2,24]    0.0094    0.0229    0.0007    906.9126    697.7693    1.0079        0.0304
      σ_e[1]    0.3322    0.4276    0.0308    128.7434    124.4077    1.0392        0.0043
      σ_e[2]    0.3434    0.5822    0.0343    113.9700     64.2900    1.0512        0.0038
    ρ_e[1,1]    1.0000    0.0000       NaN         NaN         NaN       NaN           NaN
    ρ_e[2,1]    0.0166    0.4601    0.0222    432.7689    360.5200    1.0113        0.0145
    ρ_e[1,2]    0.0166    0.4601    0.0222    432.7689    360.5200    1.0113        0.0145
    ρ_e[2,2]    1.0000    0.0000    0.0000    921.1076    875.1259    1.0027        0.0309
   ab_e[1,1]    0.0066    0.0583    0.0023    654.7375    661.9986    1.0099        0.0219
   ab_e[2,1]   -0.0229    0.0159    0.0007    520.3973    639.8166    1.0143        0.0174
           σ    0.9473    0.0034    0.0001    686.6008    649.2196    1.0040        0.0230

Quantiles
  parameters      2.5%     25.0%     50.0%     75.0%     97.5%
      Symbol   Float64   Float64   Float64   Float64   Float64

      σ_w[1]    0.0203    0.0315    0.0412    0.0548    0.1195
      σ_w[2]    0.0048    0.0131    0.0192    0.0263    0.0528
    ρ_w[1,1]    1.0000    1.0000    1.0000    1.0000    1.0000
    ρ_w[2,1]   -0.5243    0.0569    0.3419    0.5902    0.8835
    ρ_w[1,2]   -0.5243    0.0569    0.3419    0.5902    0.8835
    ρ_w[2,2]    1.0000    1.0000    1.0000    1.0000    1.0000
   ab_w[1,1]   -0.0678   -0.0272   -0.0102    0.0060    0.0436
   ab_w[2,1]   -0.0377   -0.0138   -0.0041    0.0046    0.0251
   ab_w[1,2]   -0.1033   -0.0679   -0.0544   -0.0419   -0.0117
   ab_w[2,2]   -0.0521   -0.0308   -0.0212   -0.0118    0.0013
   ab_w[1,3]   -0.0370   -0.0051    0.0086    0.0204    0.0547
   ab_w[2,3]   -0.0220   -0.0024    0.0045    0.0129    0.0337
   ab_w[1,4]   -0.0152    0.0185    0.0323    0.0484    0.0854
   ab_w[2,4]   -0.0413   -0.0099   -0.0005    0.0076    0.0313
   ab_w[1,5]   -0.0435   -0.0135   -0.0002    0.0121    0.0480
   ab_w[2,5]   -0.0191   -0.0011    0.0066    0.0162    0.0379
   ab_w[1,6]   -0.0199    0.0102    0.0260    0.0414    0.0793
   ab_w[2,6]   -0.0258   -0.0031    0.0054    0.0156    0.0434
      σ_p[1]    0.2615    0.3029    0.3290    0.3662    0.4524
      σ_p[2]    0.0306    0.0392    0.0447    0.0513    0.0674
    ρ_p[1,1]    1.0000    1.0000    1.0000    1.0000    1.0000
    ρ_p[2,1]   -0.4394   -0.1831   -0.0471    0.1079    0.4073
    ρ_p[1,2]   -0.4394   -0.1831   -0.0471    0.1079    0.4073
    ρ_p[2,2]    1.0000    1.0000    1.0000    1.0000    1.0000
   ab_p[1,1]   -0.3062   -0.2126   -0.1727   -0.1343   -0.0575
   ab_p[2,1]   -0.0967   -0.0656   -0.0509   -0.0348   -0.0037
   ab_p[1,2]   -0.3444   -0.2649   -0.2239   -0.1889   -0.1178
   ab_p[2,2]   -0.0814   -0.0490   -0.0348   -0.0193    0.0116
   ab_p[1,3]   -0.4925   -0.4052   -0.3668   -0.3285   -0.2508
   ab_p[2,3]    0.0530    0.0798    0.0959    0.1119    0.1480
   ab_p[1,4]   -0.2637   -0.1729   -0.1307   -0.0963   -0.0170
   ab_p[2,4]   -0.0763   -0.0499   -0.0363   -0.0224    0.0064
   ab_p[1,5]   -0.2895   -0.2077   -0.1677   -0.1291   -0.0599
   ab_p[2,5]   -0.0731   -0.0421   -0.0279   -0.0131    0.0137
   ab_p[1,6]   -0.2894   -0.2102   -0.1701   -0.1288   -0.0507
   ab_p[2,6]   -0.0116    0.0166    0.0313    0.0456    0.0780
   ab_p[1,7]   -0.3812   -0.2934   -0.2539   -0.2141   -0.1370
   ab_p[2,7]   -0.0526   -0.0253   -0.0108    0.0063    0.0329
   ab_p[1,8]    0.4235    0.5029    0.5476    0.5852    0.6619
   ab_p[2,8]   -0.0355   -0.0063    0.0074    0.0225    0.0500
   ab_p[1,9]   -0.0689    0.0226    0.0625    0.1002    0.1757
   ab_p[2,9]   -0.0832   -0.0543   -0.0398   -0.0232    0.0041
  ab_p[1,10]   -0.0951   -0.0108    0.0294    0.0679    0.1471
  ab_p[2,10]   -0.0379   -0.0146    0.0000    0.0164    0.0439
  ab_p[1,11]    0.2539    0.3359    0.3760    0.4142    0.4931
  ab_p[2,11]   -0.0067    0.0191    0.0332    0.0466    0.0762
  ab_p[1,12]    0.5644    0.6421    0.6823    0.7221    0.7957
  ab_p[2,12]   -0.0963   -0.0659   -0.0511   -0.0358   -0.0055
  ab_p[1,13]   -0.0284    0.0629    0.1023    0.1403    0.2150
  ab_p[2,13]   -0.0374   -0.0084    0.0069    0.0222    0.0464
  ab_p[1,14]    0.4577    0.5416    0.5786    0.6189    0.6870
  ab_p[2,14]   -0.0298   -0.0039    0.0116    0.0261    0.0525
  ab_p[1,15]   -0.3434   -0.2516   -0.2122   -0.1741   -0.1034
  ab_p[2,15]    0.0053    0.0309    0.0461    0.0601    0.0884
  ab_p[1,16]   -0.2757   -0.1863   -0.1480   -0.1111   -0.0326
  ab_p[2,16]   -0.0760   -0.0457   -0.0317   -0.0171    0.0121
  ab_p[1,17]   -0.4000   -0.3127   -0.2708   -0.2330   -0.1537
  ab_p[2,17]    0.0081    0.0351    0.0515    0.0660    0.0954
  ab_p[1,18]   -0.1547   -0.0740   -0.0337    0.0039    0.0777
  ab_p[2,18]   -0.0326   -0.0061    0.0079    0.0224    0.0517
  ab_p[1,19]    0.4893    0.5730    0.6100    0.6446    0.7341
  ab_p[2,19]   -0.0358   -0.0091    0.0074    0.0235    0.0519
  ab_p[1,20]   -0.1353   -0.0456   -0.0052    0.0301    0.1051
  ab_p[2,20]   -0.0202    0.0084    0.0241    0.0385    0.0673
  ab_p[1,21]   -0.4630   -0.3777   -0.3368   -0.3019   -0.2178
  ab_p[2,21]   -0.0693   -0.0415   -0.0256   -0.0116    0.0182
  ab_p[1,22]   -0.4517   -0.3610   -0.3195   -0.2815   -0.2069
  ab_p[2,22]   -0.1056   -0.0738   -0.0602   -0.0452   -0.0179
  ab_p[1,23]   -0.2246   -0.1327   -0.0938   -0.0562    0.0182
  ab_p[2,23]   -0.0346   -0.0052    0.0104    0.0248    0.0537
  ab_p[1,24]   -0.0960   -0.0153    0.0257    0.0637    0.1376
  ab_p[2,24]   -0.0347   -0.0066    0.0096    0.0249    0.0557
      σ_e[1]    0.0064    0.0697    0.1838    0.4293    1.5236
      σ_e[2]    0.0056    0.0503    0.1525    0.3629    1.8062
    ρ_e[1,1]    1.0000    1.0000    1.0000    1.0000    1.0000
    ρ_e[2,1]   -0.8285   -0.3578    0.0233    0.3853    0.8279
    ρ_e[1,2]   -0.8285   -0.3578    0.0233    0.3853    0.8279
    ρ_e[2,2]    1.0000    1.0000    1.0000    1.0000    1.0000
   ab_e[1,1]   -0.1077   -0.0255    0.0022    0.0409    0.1268
   ab_e[2,1]   -0.0520   -0.0332   -0.0226   -0.0128    0.0071
           σ    0.9403    0.9451    0.9474    0.9496    0.9537

