Chains MCMC chain (250×93×4 Array{Float64, 3}):

Iterations        = 126:1:375
Number of chains  = 4
Samples per chain = 250
Wall duration     = 15252.92 seconds
Compute duration  = 55845.96 seconds
parameters        = σ_w[1], σ_w[2], ρ_w[1,1], ρ_w[2,1], ρ_w[1,2], ρ_w[2,2], ab_w[1,1], ab_w[2,1], ab_w[1,2], ab_w[2,2], ab_w[1,3], ab_w[2,3], ab_w[1,4], ab_w[2,4], ab_w[1,5], ab_w[2,5], ab_w[1,6], ab_w[2,6], σ_p[1], σ_p[2], ρ_p[1,1], ρ_p[2,1], ρ_p[1,2], ρ_p[2,2], ab_p[1,1], ab_p[2,1], ab_p[1,2], ab_p[2,2], ab_p[1,3], ab_p[2,3], ab_p[1,4], ab_p[2,4], ab_p[1,5], ab_p[2,5], ab_p[1,6], ab_p[2,6], ab_p[1,7], ab_p[2,7], ab_p[1,8], ab_p[2,8], ab_p[1,9], ab_p[2,9], ab_p[1,10], ab_p[2,10], ab_p[1,11], ab_p[2,11], ab_p[1,12], ab_p[2,12], ab_p[1,13], ab_p[2,13], ab_p[1,14], ab_p[2,14], ab_p[1,15], ab_p[2,15], ab_p[1,16], ab_p[2,16], ab_p[1,17], ab_p[2,17], ab_p[1,18], ab_p[2,18], ab_p[1,19], ab_p[2,19], ab_p[1,20], ab_p[2,20], ab_p[1,21], ab_p[2,21], ab_p[1,22], ab_p[2,22], ab_p[1,23], ab_p[2,23], ab_p[1,24], ab_p[2,24], σ_e[1], σ_e[2], ρ_e[1,1], ρ_e[2,1], ρ_e[1,2], ρ_e[2,2], ab_e[1,1], ab_e[2,1], σ
internals         = lp, n_steps, is_accept, acceptance_rate, log_density, hamiltonian_energy, hamiltonian_energy_error, max_hamiltonian_energy_error, tree_depth, numerical_error, step_size, nom_step_size

Summary Statistics
  parameters      mean       std      mcse    ess_bulk   ess_tail      rhat   ess_per_sec
      Symbol   Float64   Float64   Float64     Float64    Float64   Float64       Float64

      σ_w[1]    0.0932    0.0475    0.0028    402.1341   411.4866    1.0169        0.0072
      σ_w[2]    0.0435    0.0247    0.0013    305.9029   278.9697    1.0174        0.0055
    ρ_w[1,1]    1.0000    0.0000       NaN         NaN        NaN       NaN           NaN
    ρ_w[2,1]    0.0665    0.3591    0.0147    607.7635   455.6731    1.0033        0.0109
    ρ_w[1,2]    0.0665    0.3591    0.0147    607.7635   455.6731    1.0033        0.0109
    ρ_w[2,2]    1.0000    0.0000    0.0000    952.0217   854.4544    1.0034        0.0170
   ab_w[1,1]   -0.0466    0.0416    0.0013    943.5729   626.9521    1.0076        0.0169
   ab_w[2,1]   -0.0153    0.0250    0.0009    862.7411   532.3360    1.0039        0.0154
   ab_w[1,2]    0.1233    0.0365    0.0010   1267.4758   603.1656    1.0117        0.0227
   ab_w[2,2]   -0.0025    0.0216    0.0008    784.6085   679.2414    1.0017        0.0140
   ab_w[1,3]   -0.0088    0.0360    0.0010   1201.4148   561.1756    1.0133        0.0215
   ab_w[2,3]    0.0306    0.0224    0.0008    746.0126   612.6048    1.0021        0.0134
   ab_w[1,4]   -0.0137    0.0390    0.0011   1181.1764   690.5773    1.0126        0.0212
   ab_w[2,4]   -0.0146    0.0267    0.0009   1109.9529   559.5513    1.0040        0.0199
   ab_w[1,5]   -0.0156    0.0371    0.0010   1208.8367   564.7158    1.0100        0.0216
   ab_w[2,5]    0.0288    0.0233    0.0008    760.3299   507.2377    1.0035        0.0136
   ab_w[1,6]   -0.0472    0.0397    0.0011   1229.9116   775.5940    1.0130        0.0220
   ab_w[2,6]   -0.0357    0.0290    0.0010    776.1719   766.6300    1.0066        0.0139
      σ_p[1]    0.1956    0.0338    0.0012    979.5651   628.7698    1.0001        0.0175
      σ_p[2]    0.0543    0.0103    0.0004    736.8707   468.2246    1.0047        0.0132
    ρ_p[1,1]    1.0000    0.0000       NaN         NaN        NaN       NaN           NaN
    ρ_p[2,1]    0.4517    0.1698    0.0058    891.3327   651.7924    0.9991        0.0160
    ρ_p[1,2]    0.4517    0.1698    0.0058    891.3327   651.7924    0.9991        0.0160
    ρ_p[2,2]    1.0000    0.0000    0.0000   1023.5792   999.3369    0.9995        0.0183
   ab_p[1,1]    0.0026    0.0440    0.0014   1000.2526   735.0109    1.0006        0.0179
   ab_p[2,1]   -0.0530    0.0247    0.0008   1041.1466   704.0100    1.0000        0.0186
   ab_p[1,2]   -0.1139    0.0426    0.0013   1092.0121   720.4031    1.0011        0.0196
   ab_p[2,2]   -0.0086    0.0222    0.0007    953.7482   834.9187    1.0034        0.0171
   ab_p[1,3]   -0.1844    0.0439    0.0013   1072.5920   795.4717    1.0065        0.0192
   ab_p[2,3]   -0.0457    0.0246    0.0008    979.3730   709.8114    1.0091        0.0175
   ab_p[1,4]    0.0628    0.0431    0.0013   1023.0084   706.0608    1.0015        0.0183
   ab_p[2,4]    0.0223    0.0239    0.0007   1135.7699   615.5300    1.0052        0.0203
   ab_p[1,5]   -0.0419    0.0430    0.0014    925.6458   884.7259    0.9978        0.0166
   ab_p[2,5]   -0.0282    0.0238    0.0007   1201.7924   803.2337    1.0087        0.0215
   ab_p[1,6]    0.1392    0.0455    0.0013   1146.8484   866.3573    0.9999        0.0205
   ab_p[2,6]   -0.0522    0.0238    0.0008    978.2016   839.5529    1.0007        0.0175
   ab_p[1,7]   -0.1403    0.0441    0.0013   1117.8783   679.1722    1.0005        0.0200
   ab_p[2,7]   -0.0385    0.0238    0.0008   1008.6506   759.3009    1.0001        0.0181
   ab_p[1,8]   -0.0009    0.0434    0.0014   1001.5744   845.1921    1.0012        0.0179
   ab_p[2,8]    0.0594    0.0243    0.0008    995.1226   645.3204    1.0022        0.0178
   ab_p[1,9]    0.1730    0.0437    0.0013   1129.2846   849.4452    0.9997        0.0202
   ab_p[2,9]    0.0207    0.0239    0.0007   1032.5173   711.9126    0.9994        0.0185
  ab_p[1,10]    0.1922    0.0437    0.0014   1010.5715   804.8650    1.0011        0.0181
  ab_p[2,10]    0.0292    0.0233    0.0007   1041.6201   980.6124    1.0067        0.0187
  ab_p[1,11]    0.5099    0.0446    0.0014   1074.6920   820.9737    1.0019        0.0192
  ab_p[2,11]    0.0646    0.0246    0.0007   1070.6013   735.3864    1.0029        0.0192
  ab_p[1,12]    0.3381    0.0439    0.0013   1038.4446   687.2168    0.9999        0.0186
  ab_p[2,12]    0.0868    0.0221    0.0006   1177.3204   857.3144    1.0013        0.0211
  ab_p[1,13]   -0.0345    0.0443    0.0015    922.6316   755.2643    1.0020        0.0165
  ab_p[2,13]    0.0201    0.0225    0.0007   1051.1333   732.4583    1.0024        0.0188
  ab_p[1,14]    0.0817    0.0429    0.0013   1111.4613   934.5111    1.0067        0.0199
  ab_p[2,14]    0.0925    0.0234    0.0007    991.5409   770.4633    1.0050        0.0178
  ab_p[1,15]   -0.1828    0.0441    0.0014    941.7886   685.2433    1.0019        0.0169
  ab_p[2,15]    0.0016    0.0223    0.0007   1002.4670   669.9374    1.0084        0.0180
  ab_p[1,16]    0.0577    0.0433    0.0014    938.0261   786.4806    0.9992        0.0168
  ab_p[2,16]   -0.0540    0.0226    0.0007   1100.1800   921.3524    1.0036        0.0197
  ab_p[1,17]   -0.0482    0.0434    0.0013   1116.8702   766.7586    1.0072        0.0200
  ab_p[2,17]   -0.0603    0.0236    0.0007   1121.5503   809.2294    1.0003        0.0201
  ab_p[1,18]    0.0319    0.0445    0.0014   1074.1650   617.9052    1.0005        0.0192
  ab_p[2,18]   -0.0270    0.0239    0.0007   1044.3153   733.4640    1.0021        0.0187
  ab_p[1,19]   -0.0085    0.0434    0.0013   1143.7167   865.6859    1.0045        0.0205
  ab_p[2,19]    0.0608    0.0234    0.0007   1158.7088   953.0913    0.9981        0.0207
  ab_p[1,20]   -0.0686    0.0440    0.0013   1165.1080   820.5036    0.9996        0.0209
  ab_p[2,20]   -0.0186    0.0239    0.0007   1167.8717   622.5196    1.0010        0.0209
  ab_p[1,21]   -0.2349    0.0449    0.0014   1047.0758   802.3667    1.0018        0.0187
  ab_p[2,21]   -0.0349    0.0233    0.0007   1176.6594   811.0731    1.0019        0.0211
  ab_p[1,22]   -0.2372    0.0441    0.0012   1289.8086   816.5053    1.0006        0.0231
  ab_p[2,22]   -0.0396    0.0226    0.0007   1002.8051   819.8865    1.0031        0.0180
  ab_p[1,23]   -0.2396    0.0434    0.0015    832.1157   624.4757    1.0024        0.0149
  ab_p[2,23]   -0.0285    0.0235    0.0007   1189.6019   632.9301    1.0097        0.0213
  ab_p[1,24]   -0.1123    0.0444    0.0015    898.8580   713.0979    1.0016        0.0161
  ab_p[2,24]    0.0095    0.0225    0.0006   1233.7505   747.6977    1.0089        0.0221
      σ_e[1]    0.3737    0.5273    0.0410     98.9065   155.2909    1.0643        0.0018
      σ_e[2]    0.3248    0.4894    0.0292    166.4223   252.2934    1.0251        0.0030
    ρ_e[1,1]    1.0000    0.0000       NaN         NaN        NaN       NaN           NaN
    ρ_e[2,1]    0.0206    0.4778    0.0216    484.9766   377.5571    1.0080        0.0087
    ρ_e[1,2]    0.0206    0.4778    0.0216    484.9766   377.5571    1.0080        0.0087
    ρ_e[2,2]    1.0000    0.0000    0.0000   1051.3875   951.7116    1.0021        0.0188
   ab_e[1,1]   -0.0077    0.0459    0.0014   1076.6890   703.1732    1.0186        0.0193
   ab_e[2,1]   -0.0173    0.0218    0.0008    779.9416   759.4404    1.0032        0.0140
           σ    0.9807    0.0033    0.0001   1222.1626   706.6352    1.0007        0.0219

Quantiles
  parameters      2.5%     25.0%     50.0%     75.0%     97.5%
      Symbol   Float64   Float64   Float64   Float64   Float64

      σ_w[1]    0.0432    0.0646    0.0816    0.1093    0.1967
      σ_w[2]    0.0100    0.0272    0.0393    0.0546    0.1083
    ρ_w[1,1]    1.0000    1.0000    1.0000    1.0000    1.0000
    ρ_w[2,1]   -0.6433   -0.1843    0.0565    0.3308    0.7078
    ρ_w[1,2]   -0.6433   -0.1843    0.0565    0.3308    0.7078
    ρ_w[2,2]    1.0000    1.0000    1.0000    1.0000    1.0000
   ab_w[1,1]   -0.1291   -0.0723   -0.0455   -0.0200    0.0380
   ab_w[2,1]   -0.0654   -0.0301   -0.0147   -0.0005    0.0319
   ab_w[1,2]    0.0503    0.1022    0.1227    0.1461    0.1937
   ab_w[2,2]   -0.0448   -0.0139   -0.0031    0.0103    0.0382
   ab_w[1,3]   -0.0823   -0.0291   -0.0074    0.0127    0.0610
   ab_w[2,3]   -0.0084    0.0164    0.0302    0.0434    0.0755
   ab_w[1,4]   -0.0918   -0.0370   -0.0134    0.0103    0.0663
   ab_w[2,4]   -0.0703   -0.0297   -0.0128    0.0015    0.0365
   ab_w[1,5]   -0.0917   -0.0379   -0.0161    0.0076    0.0557
   ab_w[2,5]   -0.0111    0.0136    0.0278    0.0424    0.0782
   ab_w[1,6]   -0.1244   -0.0711   -0.0450   -0.0228    0.0267
   ab_w[2,6]   -0.0978   -0.0532   -0.0326   -0.0150    0.0125
      σ_p[1]    0.1410    0.1723    0.1918    0.2136    0.2811
      σ_p[2]    0.0363    0.0476    0.0535    0.0601    0.0768
    ρ_p[1,1]    1.0000    1.0000    1.0000    1.0000    1.0000
    ρ_p[2,1]    0.0734    0.3481    0.4675    0.5774    0.7357
    ρ_p[1,2]    0.0734    0.3481    0.4675    0.5774    0.7357
    ρ_p[2,2]    1.0000    1.0000    1.0000    1.0000    1.0000
   ab_p[1,1]   -0.0834   -0.0256    0.0019    0.0305    0.0876
   ab_p[2,1]   -0.0993   -0.0692   -0.0535   -0.0356   -0.0055
   ab_p[1,2]   -0.1957   -0.1412   -0.1137   -0.0869   -0.0308
   ab_p[2,2]   -0.0497   -0.0243   -0.0096    0.0077    0.0336
   ab_p[1,3]   -0.2678   -0.2138   -0.1864   -0.1569   -0.0952
   ab_p[2,3]   -0.0943   -0.0628   -0.0454   -0.0302    0.0001
   ab_p[1,4]   -0.0193    0.0340    0.0640    0.0900    0.1525
   ab_p[2,4]   -0.0247    0.0062    0.0214    0.0387    0.0701
   ab_p[1,5]   -0.1255   -0.0695   -0.0432   -0.0156    0.0505
   ab_p[2,5]   -0.0776   -0.0428   -0.0273   -0.0118    0.0139
   ab_p[1,6]    0.0532    0.1097    0.1385    0.1694    0.2334
   ab_p[2,6]   -0.1006   -0.0678   -0.0512   -0.0359   -0.0078
   ab_p[1,7]   -0.2294   -0.1672   -0.1405   -0.1125   -0.0508
   ab_p[2,7]   -0.0850   -0.0539   -0.0390   -0.0223    0.0080
   ab_p[1,8]   -0.0875   -0.0276   -0.0005    0.0266    0.0867
   ab_p[2,8]    0.0147    0.0428    0.0590    0.0759    0.1062
   ab_p[1,9]    0.0879    0.1454    0.1723    0.2021    0.2575
   ab_p[2,9]   -0.0227    0.0032    0.0209    0.0362    0.0670
  ab_p[1,10]    0.1076    0.1652    0.1916    0.2190    0.2801
  ab_p[2,10]   -0.0145    0.0126    0.0281    0.0462    0.0742
  ab_p[1,11]    0.4279    0.4799    0.5095    0.5400    0.6026
  ab_p[2,11]    0.0160    0.0481    0.0650    0.0805    0.1102
  ab_p[1,12]    0.2535    0.3113    0.3379    0.3679    0.4230
  ab_p[2,12]    0.0460    0.0709    0.0862    0.1011    0.1304
  ab_p[1,13]   -0.1228   -0.0645   -0.0361   -0.0041    0.0535
  ab_p[2,13]   -0.0228    0.0050    0.0195    0.0347    0.0649
  ab_p[1,14]   -0.0021    0.0545    0.0812    0.1095    0.1662
  ab_p[2,14]    0.0451    0.0780    0.0930    0.1078    0.1386
  ab_p[1,15]   -0.2715   -0.2093   -0.1830   -0.1558   -0.0887
  ab_p[2,15]   -0.0420   -0.0128    0.0018    0.0165    0.0457
  ab_p[1,16]   -0.0273    0.0296    0.0569    0.0849    0.1480
  ab_p[2,16]   -0.0987   -0.0694   -0.0531   -0.0383   -0.0124
  ab_p[1,17]   -0.1378   -0.0759   -0.0475   -0.0198    0.0374
  ab_p[2,17]   -0.1058   -0.0758   -0.0607   -0.0444   -0.0153
  ab_p[1,18]   -0.0518    0.0027    0.0329    0.0610    0.1223
  ab_p[2,18]   -0.0756   -0.0421   -0.0269   -0.0109    0.0190
  ab_p[1,19]   -0.0934   -0.0363   -0.0093    0.0196    0.0756
  ab_p[2,19]    0.0170    0.0445    0.0597    0.0767    0.1056
  ab_p[1,20]   -0.1635   -0.0948   -0.0694   -0.0414    0.0193
  ab_p[2,20]   -0.0666   -0.0339   -0.0177   -0.0030    0.0275
  ab_p[1,21]   -0.3181   -0.2667   -0.2349   -0.2054   -0.1470
  ab_p[2,21]   -0.0826   -0.0505   -0.0342   -0.0192    0.0082
  ab_p[1,22]   -0.3273   -0.2635   -0.2347   -0.2091   -0.1550
  ab_p[2,22]   -0.0845   -0.0545   -0.0395   -0.0247    0.0065
  ab_p[1,23]   -0.3225   -0.2683   -0.2408   -0.2118   -0.1525
  ab_p[2,23]   -0.0749   -0.0442   -0.0285   -0.0126    0.0175
  ab_p[1,24]   -0.1993   -0.1424   -0.1123   -0.0836   -0.0252
  ab_p[2,24]   -0.0325   -0.0060    0.0092    0.0264    0.0508
      σ_e[1]    0.0048    0.0555    0.1506    0.4529    1.9039
      σ_e[2]    0.0093    0.0506    0.1513    0.3952    1.6627
    ρ_e[1,1]    1.0000    1.0000    1.0000    1.0000    1.0000
    ρ_e[2,1]   -0.8344   -0.3623    0.0013    0.3981    0.8493
    ρ_e[1,2]   -0.8344   -0.3623    0.0013    0.3981    0.8493
    ρ_e[2,2]    1.0000    1.0000    1.0000    1.0000    1.0000
   ab_e[1,1]   -0.1036   -0.0359   -0.0065    0.0180    0.0890
   ab_e[2,1]   -0.0629   -0.0300   -0.0158   -0.0044    0.0206
           σ    0.9742    0.9784    0.9807    0.9830    0.9871

