Chains MCMC chain (250×93×4 Array{Float64, 3}):

Iterations        = 126:1:375
Number of chains  = 4
Samples per chain = 250
Wall duration     = 8252.53 seconds
Compute duration  = 25147.7 seconds
parameters        = σ_w[1], σ_w[2], ρ_w[1,1], ρ_w[2,1], ρ_w[1,2], ρ_w[2,2], ab_w[1,1], ab_w[2,1], ab_w[1,2], ab_w[2,2], ab_w[1,3], ab_w[2,3], ab_w[1,4], ab_w[2,4], ab_w[1,5], ab_w[2,5], ab_w[1,6], ab_w[2,6], σ_p[1], σ_p[2], ρ_p[1,1], ρ_p[2,1], ρ_p[1,2], ρ_p[2,2], ab_p[1,1], ab_p[2,1], ab_p[1,2], ab_p[2,2], ab_p[1,3], ab_p[2,3], ab_p[1,4], ab_p[2,4], ab_p[1,5], ab_p[2,5], ab_p[1,6], ab_p[2,6], ab_p[1,7], ab_p[2,7], ab_p[1,8], ab_p[2,8], ab_p[1,9], ab_p[2,9], ab_p[1,10], ab_p[2,10], ab_p[1,11], ab_p[2,11], ab_p[1,12], ab_p[2,12], ab_p[1,13], ab_p[2,13], ab_p[1,14], ab_p[2,14], ab_p[1,15], ab_p[2,15], ab_p[1,16], ab_p[2,16], ab_p[1,17], ab_p[2,17], ab_p[1,18], ab_p[2,18], ab_p[1,19], ab_p[2,19], ab_p[1,20], ab_p[2,20], ab_p[1,21], ab_p[2,21], ab_p[1,22], ab_p[2,22], ab_p[1,23], ab_p[2,23], ab_p[1,24], ab_p[2,24], σ_e[1], σ_e[2], ρ_e[1,1], ρ_e[2,1], ρ_e[1,2], ρ_e[2,2], ab_e[1,1], ab_e[2,1], σ
internals         = lp, n_steps, is_accept, acceptance_rate, log_density, hamiltonian_energy, hamiltonian_energy_error, max_hamiltonian_energy_error, tree_depth, numerical_error, step_size, nom_step_size

Summary Statistics
  parameters      mean       std      mcse    ess_bulk   ess_tail      rhat   ess_per_sec
      Symbol   Float64   Float64   Float64     Float64    Float64   Float64       Float64

      σ_w[1]    0.0470    0.0189    0.0010    404.4430   603.4714    1.0092        0.0161
      σ_w[2]    0.0179    0.0144    0.0010    174.5399   143.6557    1.0185        0.0069
    ρ_w[1,1]    1.0000    0.0000       NaN         NaN        NaN       NaN           NaN
    ρ_w[2,1]    0.3400    0.3854    0.0213    307.1562   384.4069    1.0046        0.0122
    ρ_w[1,2]    0.3400    0.3854    0.0213    307.1562   384.4069    1.0046        0.0122
    ρ_w[2,2]    1.0000    0.0000    0.0000    904.9637   918.3264    0.9990        0.0360
   ab_w[1,1]    0.0102    0.0274    0.0009    972.5302   618.2136    1.0122        0.0387
   ab_w[2,1]    0.0020    0.0137    0.0004   1063.1611   629.6063    1.0033        0.0423
   ab_w[1,2]   -0.0647    0.0222    0.0007   1008.0925   620.5846    1.0119        0.0401
   ab_w[2,2]   -0.0154    0.0129    0.0005    600.2226   526.2217    1.0033        0.0239
   ab_w[1,3]    0.0206    0.0223    0.0008    888.3543   628.4941    1.0083        0.0353
   ab_w[2,3]    0.0031    0.0116    0.0003   1066.3071   679.5526    1.0036        0.0424
   ab_w[1,4]    0.0205    0.0248    0.0008    936.8343   673.5647    1.0110        0.0373
   ab_w[2,4]    0.0085    0.0148    0.0005    849.0800   673.4661    1.0140        0.0338
   ab_w[1,5]    0.0262    0.0228    0.0008    913.9896   821.7642    1.0128        0.0363
   ab_w[2,5]    0.0077    0.0133    0.0004    995.4002   625.3343    1.0009        0.0396
   ab_w[1,6]   -0.0028    0.0243    0.0008    990.5778   644.7959    1.0134        0.0394
   ab_w[2,6]   -0.0010    0.0148    0.0004   1052.6571   577.9557    1.0052        0.0419
      σ_p[1]    0.1614    0.0281    0.0011    769.8783   478.1391    1.0043        0.0306
      σ_p[2]    0.0388    0.0082    0.0003    639.3319   597.7014    1.0013        0.0254
    ρ_p[1,1]    1.0000    0.0000       NaN         NaN        NaN       NaN           NaN
    ρ_p[2,1]   -0.3155    0.1972    0.0071    789.3699   576.5666    1.0078        0.0314
    ρ_p[1,2]   -0.3155    0.1972    0.0071    789.3699   576.5666    1.0078        0.0314
    ρ_p[2,2]    1.0000    0.0000    0.0000    981.2553   903.5634    1.0003        0.0390
   ab_p[1,1]   -0.0162    0.0393    0.0014    884.9717   429.7559    1.0055        0.0352
   ab_p[2,1]    0.0206    0.0207    0.0007    870.6271   723.6115    1.0029        0.0346
   ab_p[1,2]   -0.1844    0.0363    0.0012    945.5344   784.1911    1.0011        0.0376
   ab_p[2,2]    0.0285    0.0202    0.0007    936.8013   700.1100    1.0096        0.0373
   ab_p[1,3]    0.0613    0.0386    0.0015    693.3909   732.8574    1.0054        0.0276
   ab_p[2,3]    0.0139    0.0204    0.0006   1051.9534   687.7239    1.0067        0.0418
   ab_p[1,4]   -0.1596    0.0395    0.0015    701.5183   448.6251    1.0039        0.0279
   ab_p[2,4]   -0.0029    0.0203    0.0006    974.1205   609.2799    1.0008        0.0387
   ab_p[1,5]   -0.0875    0.0389    0.0015    715.9004   632.1165    1.0039        0.0285
   ab_p[2,5]   -0.0164    0.0204    0.0007    879.8176   698.4884    1.0024        0.0350
   ab_p[1,6]    0.0426    0.0402    0.0015    734.2480   604.1801    1.0053        0.0292
   ab_p[2,6]   -0.0843    0.0238    0.0007   1013.2503   678.3752    1.0004        0.0403
   ab_p[1,7]   -0.0487    0.0389    0.0014    745.8397   453.2080    1.0070        0.0297
   ab_p[2,7]    0.0296    0.0213    0.0007    857.5686   571.0943    0.9987        0.0341
   ab_p[1,8]    0.0748    0.0387    0.0015    663.9537   509.7246    1.0037        0.0264
   ab_p[2,8]   -0.0421    0.0210    0.0007    919.5865   642.7397    1.0053        0.0366
   ab_p[1,9]    0.0699    0.0389    0.0016    640.2560   523.8510    1.0068        0.0255
   ab_p[2,9]   -0.0442    0.0208    0.0006   1091.3986   760.7227    1.0048        0.0434
  ab_p[1,10]   -0.0551    0.0376    0.0013    831.1485   608.2058    1.0007        0.0331
  ab_p[2,10]    0.0210    0.0209    0.0006   1051.4767   623.2451    1.0022        0.0418
  ab_p[1,11]    0.0716    0.0392    0.0015    727.4315   482.9729    1.0057        0.0289
  ab_p[2,11]    0.0256    0.0203    0.0007    773.2892   669.7049    1.0040        0.0307
  ab_p[1,12]    0.2023    0.0397    0.0015    728.5444   631.5284    1.0068        0.0290
  ab_p[2,12]   -0.0329    0.0219    0.0007    971.1560   519.2306    1.0078        0.0386
  ab_p[1,13]   -0.1435    0.0392    0.0014    817.8894   499.1117    1.0038        0.0325
  ab_p[2,13]    0.0169    0.0209    0.0007    873.6310   640.9856    1.0059        0.0347
  ab_p[1,14]    0.0580    0.0392    0.0013    918.9556   740.0112    1.0021        0.0365
  ab_p[2,14]   -0.0451    0.0220    0.0007    985.4690   668.6670    1.0000        0.0392
  ab_p[1,15]   -0.0056    0.0378    0.0015    693.2475   502.9979    1.0011        0.0276
  ab_p[2,15]    0.0027    0.0209    0.0006   1107.6196   603.6075    1.0013        0.0440
  ab_p[1,16]    0.0079    0.0385    0.0013    881.9317   555.9768    1.0024        0.0351
  ab_p[2,16]    0.0092    0.0205    0.0006   1175.7401   752.5089    1.0017        0.0468
  ab_p[1,17]   -0.3162    0.0385    0.0014    778.6106   510.3843    1.0070        0.0310
  ab_p[2,17]    0.0317    0.0212    0.0007   1037.2588   591.9090    1.0034        0.0412
  ab_p[1,18]   -0.0553    0.0387    0.0016    617.2087   462.8715    1.0018        0.0245
  ab_p[2,18]    0.0236    0.0212    0.0007    918.1001   462.3802    1.0052        0.0365
  ab_p[1,19]    0.4234    0.0390    0.0013    901.8269   645.6236    1.0019        0.0359
  ab_p[2,19]   -0.0103    0.0214    0.0007   1018.5336   752.5315    1.0021        0.0405
  ab_p[1,20]    0.0593    0.0391    0.0013    934.8620   470.2029    1.0025        0.0372
  ab_p[2,20]    0.0242    0.0217    0.0007   1078.1475   643.4699    1.0006        0.0429
  ab_p[1,21]   -0.1004    0.0378    0.0013    837.6164   500.1325    1.0042        0.0333
  ab_p[2,21]    0.0215    0.0201    0.0006   1014.6540   704.2586    1.0016        0.0403
  ab_p[1,22]   -0.1715    0.0383    0.0014    791.7213   570.8944    0.9993        0.0315
  ab_p[2,22]    0.0288    0.0209    0.0006   1092.5127   754.1175    1.0007        0.0434
  ab_p[1,23]    0.1035    0.0395    0.0015    700.8596   648.3957    1.0048        0.0279
  ab_p[2,23]   -0.0222    0.0195    0.0006    981.6590   634.1382    1.0003        0.0390
  ab_p[1,24]    0.1467    0.0394    0.0015    740.0108   453.9476    1.0093        0.0294
  ab_p[2,24]    0.0131    0.0206    0.0007    988.4769   657.5909    1.0066        0.0393
      σ_e[1]    0.2674    0.4278    0.0353    124.7159   134.7341    1.0122        0.0050
      σ_e[2]    0.2709    0.3738    0.0376     82.2219   226.8330    1.0205        0.0033
    ρ_e[1,1]    1.0000    0.0000       NaN         NaN        NaN       NaN           NaN
    ρ_e[2,1]    0.0203    0.4523    0.0241    353.4148   343.2927    1.0083        0.0141
    ρ_e[1,2]    0.0203    0.4523    0.0241    353.4148   343.2927    1.0083        0.0141
    ρ_e[2,2]    1.0000    0.0000    0.0000    883.8700   727.7864    1.0009        0.0351
   ab_e[1,1]    0.0037    0.0343    0.0014    709.7392   385.4544    1.0094        0.0282
   ab_e[2,1]    0.0030    0.0130    0.0004   1006.7018   475.8543    1.0011        0.0400
           σ    0.9874    0.0032    0.0001    854.3929   646.3412    1.0001        0.0340

Quantiles
  parameters      2.5%     25.0%     50.0%     75.0%     97.5%
      Symbol   Float64   Float64   Float64   Float64   Float64

      σ_w[1]    0.0213    0.0335    0.0437    0.0562    0.0980
      σ_w[2]    0.0034    0.0099    0.0150    0.0218    0.0505
    ρ_w[1,1]    1.0000    1.0000    1.0000    1.0000    1.0000
    ρ_w[2,1]   -0.4505    0.0613    0.4133    0.6652    0.8973
    ρ_w[1,2]   -0.4505    0.0613    0.4133    0.6652    0.8973
    ρ_w[2,2]    1.0000    1.0000    1.0000    1.0000    1.0000
   ab_w[1,1]   -0.0409   -0.0073    0.0091    0.0274    0.0706
   ab_w[2,1]   -0.0245   -0.0048    0.0016    0.0087    0.0317
   ab_w[1,2]   -0.1096   -0.0779   -0.0640   -0.0517   -0.0217
   ab_w[2,2]   -0.0418   -0.0229   -0.0146   -0.0071    0.0063
   ab_w[1,3]   -0.0221    0.0065    0.0203    0.0342    0.0627
   ab_w[2,3]   -0.0208   -0.0028    0.0027    0.0094    0.0274
   ab_w[1,4]   -0.0294    0.0055    0.0200    0.0361    0.0701
   ab_w[2,4]   -0.0164   -0.0006    0.0065    0.0158    0.0421
   ab_w[1,5]   -0.0179    0.0127    0.0263    0.0390    0.0728
   ab_w[2,5]   -0.0144   -0.0001    0.0064    0.0142    0.0386
   ab_w[1,6]   -0.0542   -0.0179   -0.0026    0.0123    0.0440
   ab_w[2,6]   -0.0326   -0.0082   -0.0010    0.0065    0.0283
      σ_p[1]    0.1170    0.1413    0.1576    0.1785    0.2208
      σ_p[2]    0.0247    0.0332    0.0383    0.0436    0.0570
    ρ_p[1,1]    1.0000    1.0000    1.0000    1.0000    1.0000
    ρ_p[2,1]   -0.6644   -0.4503   -0.3300   -0.1872    0.0951
    ρ_p[1,2]   -0.6644   -0.4503   -0.3300   -0.1872    0.0951
    ρ_p[2,2]    1.0000    1.0000    1.0000    1.0000    1.0000
   ab_p[1,1]   -0.0939   -0.0418   -0.0164    0.0094    0.0651
   ab_p[2,1]   -0.0198    0.0069    0.0209    0.0344    0.0614
   ab_p[1,2]   -0.2596   -0.2091   -0.1835   -0.1590   -0.1157
   ab_p[2,2]   -0.0117    0.0154    0.0284    0.0413    0.0685
   ab_p[1,3]   -0.0124    0.0363    0.0599    0.0861    0.1406
   ab_p[2,3]   -0.0249    0.0001    0.0128    0.0271    0.0554
   ab_p[1,4]   -0.2405   -0.1844   -0.1601   -0.1335   -0.0827
   ab_p[2,4]   -0.0421   -0.0163   -0.0033    0.0120    0.0356
   ab_p[1,5]   -0.1621   -0.1143   -0.0882   -0.0636   -0.0078
   ab_p[2,5]   -0.0568   -0.0300   -0.0161   -0.0037    0.0242
   ab_p[1,6]   -0.0385    0.0170    0.0425    0.0690    0.1205
   ab_p[2,6]   -0.1327   -0.1003   -0.0841   -0.0683   -0.0381
   ab_p[1,7]   -0.1247   -0.0740   -0.0502   -0.0245    0.0289
   ab_p[2,7]   -0.0110    0.0148    0.0292    0.0438    0.0716
   ab_p[1,8]    0.0001    0.0476    0.0762    0.1003    0.1538
   ab_p[2,8]   -0.0837   -0.0567   -0.0417   -0.0279   -0.0018
   ab_p[1,9]   -0.0071    0.0448    0.0701    0.0944    0.1488
   ab_p[2,9]   -0.0847   -0.0581   -0.0436   -0.0298   -0.0046
  ab_p[1,10]   -0.1303   -0.0796   -0.0560   -0.0312    0.0191
  ab_p[2,10]   -0.0223    0.0081    0.0210    0.0352    0.0611
  ab_p[1,11]   -0.0017    0.0472    0.0712    0.0957    0.1517
  ab_p[2,11]   -0.0126    0.0113    0.0247    0.0389    0.0667
  ab_p[1,12]    0.1251    0.1754    0.2020    0.2268    0.2822
  ab_p[2,12]   -0.0799   -0.0466   -0.0325   -0.0179    0.0098
  ab_p[1,13]   -0.2258   -0.1684   -0.1437   -0.1175   -0.0622
  ab_p[2,13]   -0.0238    0.0023    0.0167    0.0312    0.0576
  ab_p[1,14]   -0.0127    0.0316    0.0577    0.0833    0.1356
  ab_p[2,14]   -0.0879   -0.0607   -0.0452   -0.0295   -0.0020
  ab_p[1,15]   -0.0794   -0.0291   -0.0063    0.0187    0.0721
  ab_p[2,15]   -0.0385   -0.0097    0.0026    0.0163    0.0436
  ab_p[1,16]   -0.0716   -0.0155    0.0088    0.0312    0.0893
  ab_p[2,16]   -0.0327   -0.0034    0.0093    0.0224    0.0498
  ab_p[1,17]   -0.3902   -0.3427   -0.3156   -0.2906   -0.2407
  ab_p[2,17]   -0.0107    0.0177    0.0314    0.0467    0.0729
  ab_p[1,18]   -0.1284   -0.0801   -0.0550   -0.0298    0.0219
  ab_p[2,18]   -0.0157    0.0090    0.0235    0.0376    0.0651
  ab_p[1,19]    0.3453    0.4001    0.4227    0.4455    0.5025
  ab_p[2,19]   -0.0511   -0.0250   -0.0108    0.0041    0.0310
  ab_p[1,20]   -0.0151    0.0347    0.0580    0.0840    0.1390
  ab_p[2,20]   -0.0172    0.0093    0.0232    0.0382    0.0701
  ab_p[1,21]   -0.1788   -0.1232   -0.1009   -0.0751   -0.0248
  ab_p[2,21]   -0.0180    0.0090    0.0206    0.0338    0.0620
  ab_p[1,22]   -0.2502   -0.1961   -0.1717   -0.1466   -0.0979
  ab_p[2,22]   -0.0114    0.0149    0.0284    0.0429    0.0685
  ab_p[1,23]    0.0294    0.0765    0.1031    0.1303    0.1826
  ab_p[2,23]   -0.0624   -0.0344   -0.0218   -0.0094    0.0140
  ab_p[1,24]    0.0674    0.1215    0.1455    0.1724    0.2302
  ab_p[2,24]   -0.0278    0.0001    0.0122    0.0264    0.0542
      σ_e[1]    0.0063    0.0460    0.1140    0.2925    1.7436
      σ_e[2]    0.0051    0.0311    0.1136    0.3402    1.3708
    ρ_e[1,1]    1.0000    1.0000    1.0000    1.0000    1.0000
    ρ_e[2,1]   -0.8316   -0.3403    0.0496    0.3687    0.7735
    ρ_e[1,2]   -0.8316   -0.3403    0.0496    0.3687    0.7735
    ρ_e[2,2]    1.0000    1.0000    1.0000    1.0000    1.0000
   ab_e[1,1]   -0.0671   -0.0143    0.0036    0.0224    0.0750
   ab_e[2,1]   -0.0194   -0.0045    0.0029    0.0105    0.0296
           σ    0.9811    0.9853    0.9874    0.9894    0.9943

