Chains MCMC chain (250×93×4 Array{Float64, 3}):

Iterations        = 126:1:375
Number of chains  = 4
Samples per chain = 250
Wall duration     = 16779.33 seconds
Compute duration  = 62671.07 seconds
parameters        = σ_w[1], σ_w[2], ρ_w[1, 1], ρ_w[2, 1], ρ_w[1, 2], ρ_w[2, 2], ab_w[1, 1], ab_w[2, 1], ab_w[1, 2], ab_w[2, 2], σ_p[1], σ_p[2], ρ_p[1, 1], ρ_p[2, 1], ρ_p[1, 2], ρ_p[2, 2], ab_p[1, 1], ab_p[2, 1], ab_p[1, 2], ab_p[2, 2], ab_p[1, 3], ab_p[2, 3], ab_p[1, 4], ab_p[2, 4], ab_p[1, 5], ab_p[2, 5], ab_p[1, 6], ab_p[2, 6], ab_p[1, 7], ab_p[2, 7], ab_p[1, 8], ab_p[2, 8], ab_p[1, 9], ab_p[2, 9], ab_p[1, 10], ab_p[2, 10], ab_p[1, 11], ab_p[2, 11], ab_p[1, 12], ab_p[2, 12], σ_p2[1], σ_p2[2], ρ_p2[1, 1], ρ_p2[2, 1], ρ_p2[1, 2], ρ_p2[2, 2], ab_p2[1, 1], ab_p2[2, 1], ab_p2[1, 2], ab_p2[2, 2], ab_p2[1, 3], ab_p2[2, 3], ab_p2[1, 4], ab_p2[2, 4], ab_p2[1, 5], ab_p2[2, 5], ab_p2[1, 6], ab_p2[2, 6], ab_p2[1, 7], ab_p2[2, 7], ab_p2[1, 8], ab_p2[2, 8], ab_p2[1, 9], ab_p2[2, 9], ab_p2[1, 10], ab_p2[2, 10], ab_p2[1, 11], ab_p2[2, 11], ab_p2[1, 12], ab_p2[2, 12], σ_e[1], σ_e[2], ρ_e[1, 1], ρ_e[2, 1], ρ_e[1, 2], ρ_e[2, 2], ab_e[1, 1], ab_e[2, 1], a_t, b_t, σ
internals         = lp, n_steps, is_accept, acceptance_rate, log_density, hamiltonian_energy, hamiltonian_energy_error, max_hamiltonian_energy_error, tree_depth, numerical_error, step_size, nom_step_size

Summary Statistics
    parameters      mean       std      mcse    ess_bulk   ess_tail      rhat   ess_per_sec
        Symbol   Float64   Float64   Float64     Float64    Float64   Float64       Float64

        σ_w[1]    0.4125    0.4792    0.0262    234.5060   196.7159    1.0110        0.0037
        σ_w[2]    0.4854    0.4852    0.0198    598.7963   636.4152    1.0038        0.0096
     ρ_w[1, 1]    1.0000    0.0000       NaN         NaN        NaN       NaN           NaN
     ρ_w[2, 1]   -0.0410    0.4611    0.0135   1097.7277   709.5555    1.0123        0.0175
     ρ_w[1, 2]   -0.0410    0.4611    0.0135   1097.7277   709.5555    1.0123        0.0175
     ρ_w[2, 2]    1.0000    0.0000    0.0000   1013.6178   847.9885    0.9990        0.0162
    ab_w[1, 1]    0.0053    0.3519    0.0146    824.1490   456.7692    1.0061        0.0132
    ab_w[2, 1]   -0.0900    0.3252    0.0119    817.3796   499.5027    1.0011        0.0130
    ab_w[1, 2]   -0.0977    0.3572    0.0150    826.3829   546.2825    1.0049        0.0132
    ab_w[2, 2]    0.1227    0.3267    0.0122    767.3560   561.4113    1.0045        0.0122
        σ_p[1]    0.6749    0.5893    0.0639     63.7943    60.0779    1.0475        0.0010
        σ_p[2]    0.6858    0.5569    0.0538     79.0717   101.8077    1.0327        0.0013
     ρ_p[1, 1]    1.0000    0.0000       NaN         NaN        NaN       NaN           NaN
     ρ_p[2, 1]    0.0029    0.4349    0.0146    859.0782   719.8873    1.0017        0.0137
     ρ_p[1, 2]    0.0029    0.4349    0.0146    859.0782   719.8873    1.0017        0.0137
     ρ_p[2, 2]    1.0000    0.0000    0.0000    952.5675   947.3763    1.0033        0.0152
    ab_p[1, 1]   -0.0834    0.4866    0.0165    901.1862   779.4464    1.0269        0.0144
    ab_p[2, 1]    0.0094    0.5025    0.0167    959.5575   501.2145    1.0091        0.0153
    ab_p[1, 2]    0.0220    0.8054    0.0237   1338.8885   237.5235    1.0053        0.0214
    ab_p[2, 2]   -0.0506    0.8221    0.0217   1554.0865   534.3467    1.0152        0.0248
    ab_p[1, 3]    0.0494    0.8082    0.0243   1119.7966   389.4886    1.0309        0.0179
    ab_p[2, 3]    0.0137    0.8722    0.0282   1108.7366   376.9074    1.0247        0.0177
    ab_p[1, 4]   -0.0056    0.8026    0.0251   1078.8483   244.7256    1.0085        0.0172
    ab_p[2, 4]   -0.0222    0.8550    0.0254   1150.5300   526.0319    1.0108        0.0184
    ab_p[1, 5]    0.0314    0.8041    0.0270   1001.9677   382.6554    1.0231        0.0160
    ab_p[2, 5]   -0.0181    0.8426    0.0315    776.7670   416.5719    1.0222        0.0124
    ab_p[1, 6]    0.0191    0.9005    0.0255   1352.5766   312.0775    1.0064        0.0216
    ab_p[2, 6]    0.0593    0.9426    0.0317   1072.3393   278.6192    1.0050        0.0171
    ab_p[1, 7]   -0.0089    0.8585    0.0258   1078.7269   356.3479    1.0201        0.0172
    ab_p[2, 7]   -0.0090    0.9015    0.0262   1045.3394   445.4125    1.0134        0.0167
    ab_p[1, 8]    0.0556    0.9902    0.0328   1141.0422   341.6109    1.0149        0.0182
    ab_p[2, 8]   -0.0298    0.8371    0.0272   1077.1619   437.9874    1.0095        0.0172
    ab_p[1, 9]   -0.0089    0.8630    0.0251   1229.2368   312.1965    1.0128        0.0196
    ab_p[2, 9]    0.0281    0.8950    0.0295    966.8244   422.3701    1.0378        0.0154
   ab_p[1, 10]    0.0239    0.7807    0.0234   1230.7400   341.8326    1.0159        0.0196
   ab_p[2, 10]    0.0096    0.7890    0.0252   1065.1018   637.9124    1.0247        0.0170
   ab_p[1, 11]    0.0492    0.9331    0.0405    840.5282   259.0407    1.0226        0.0134
   ab_p[2, 11]   -0.0163    0.8440    0.0260   1173.0642   439.4113    1.0111        0.0187
   ab_p[1, 12]    0.0347    0.8595    0.0468    698.2132   211.0117    1.0181        0.0111
   ab_p[2, 12]   -0.0052    0.8979    0.0319    819.9869   447.1834    1.0170        0.0131
       σ_p2[1]    0.9348    0.8803    0.1744     12.3292    11.6776    1.2518        0.0002
       σ_p2[2]    1.0852    1.0825    0.2259     18.6302    21.8182    1.1629        0.0003
    ρ_p2[1, 1]    1.0000    0.0000       NaN         NaN        NaN       NaN           NaN
    ρ_p2[2, 1]   -0.0323    0.4387    0.0159    763.6194   706.0461    1.0029        0.0122
    ρ_p2[1, 2]   -0.0323    0.4387    0.0159    763.6194   706.0461    1.0029        0.0122
    ρ_p2[2, 2]    1.0000    0.0000    0.0000   1015.6889   910.0651    0.9987        0.0162
   ab_p2[1, 1]   -0.0311    1.2521    0.0471    935.9164   426.9016    1.1400        0.0149
   ab_p2[2, 1]    0.1499    1.4974    0.0785    618.9648   127.9310    1.0919        0.0099
   ab_p2[1, 2]    0.0264    1.3486    0.0922    396.6457   182.5634    1.1396        0.0063
   ab_p2[2, 2]    0.0213    1.2835    0.0617    648.4965   180.1909    1.0978        0.0103
   ab_p2[1, 3]   -0.0348    1.3158    0.0499    925.2953   332.2679    1.1586        0.0148
   ab_p2[2, 3]   -0.0542    1.7173    0.0877    616.8792    77.8916    1.0705        0.0098
   ab_p2[1, 4]   -0.0380    1.3721    0.0509    955.5060   260.8448    1.1668        0.0152
   ab_p2[2, 4]    0.0541    1.5977    0.0981    643.6955   139.0714    1.1049        0.0103
   ab_p2[1, 5]    0.0395    1.3535    0.0508    884.0258   296.5946    1.1783        0.0141
   ab_p2[2, 5]    0.0170    1.6008    0.0846    591.1909   116.5827    1.0815        0.0094
   ab_p2[1, 6]    0.0402    1.2268    0.0445    993.1515   294.2890    1.1831        0.0158
   ab_p2[2, 6]   -0.1358    1.4354    0.0761    598.1698   200.2262    1.0709        0.0095
   ab_p2[1, 7]    0.0207    1.1769    0.0424    931.8670   343.2888    1.1709        0.0149
   ab_p2[2, 7]    0.0684    1.2758    0.0606    630.6311    93.5054    1.0779        0.0101
   ab_p2[1, 8]   -0.0752    1.2661    0.0479    887.8578   406.9359    1.1782        0.0142
   ab_p2[2, 8]    0.0347    1.5755    0.0636    758.4833   200.8568    1.0899        0.0121
   ab_p2[1, 9]   -0.0281    1.1403    0.0368   1073.2904   344.0525    1.1558        0.0171
   ab_p2[2, 9]   -0.0803    1.4974    0.0812    635.0202   177.1277    1.0885        0.0101
  ab_p2[1, 10]   -0.0110    1.2665    0.0459    924.5296   257.9547    1.1732        0.0148
  ab_p2[2, 10]    0.0022    1.6194    0.0749    654.0653   150.9914    1.1003        0.0104
  ab_p2[1, 11]    0.0214    1.1600    0.0443    830.2899   331.4627    1.1578        0.0132
  ab_p2[2, 11]   -0.0402    1.6666    0.0885    494.5138   129.4196    1.0862        0.0079
  ab_p2[1, 12]   -0.0546    1.3688    0.0555    863.8471   149.0714    1.1626        0.0138
  ab_p2[2, 12]   -0.0375    1.6640    0.0940    614.1602   142.6714    1.0829        0.0098
        σ_e[1]    0.7314    0.7354    0.0257    651.4047   450.4052    1.0014        0.0104
        σ_e[2]    0.6928    0.7219    0.0275    546.7878   540.0111    1.0085        0.0087
     ρ_e[1, 1]    1.0000    0.0000       NaN         NaN        NaN       NaN           NaN
     ρ_e[2, 1]    0.0016    0.4593    0.0126   1276.1767   711.1727    1.0139        0.0204
     ρ_e[1, 2]    0.0016    0.4593    0.0126   1276.1767   711.1727    1.0139        0.0204
     ρ_e[2, 2]    1.0000    0.0000    0.0000   1022.8948   924.2086    1.0024        0.0163
    ab_e[1, 1]   -0.1113    0.5107    0.0164    894.5755   680.7583    1.0071        0.0143
    ab_e[2, 1]   -0.0201    0.5110    0.0180    891.2300   479.7040    1.0048        0.0142
           a_t   -0.0820    0.4374    0.0106   1711.7763   888.6017    1.0018        0.0273
           b_t    0.0157    0.4114    0.0126   1076.1556   733.8721    1.0002        0.0172
             σ    4.0993    0.0208    0.0007    937.7587   822.0470    0.9989        0.0150

Quantiles
    parameters      2.5%     25.0%     50.0%     75.0%     97.5%
        Symbol   Float64   Float64   Float64   Float64   Float64

        σ_w[1]    0.0127    0.1136    0.2513    0.5187    1.6594
        σ_w[2]    0.0548    0.1798    0.3395    0.6025    1.8445
     ρ_w[1, 1]    1.0000    1.0000    1.0000    1.0000    1.0000
     ρ_w[2, 1]   -0.8652   -0.4187   -0.0499    0.3189    0.7888
     ρ_w[1, 2]   -0.8652   -0.4187   -0.0499    0.3189    0.7888
     ρ_w[2, 2]    1.0000    1.0000    1.0000    1.0000    1.0000
    ab_w[1, 1]   -0.8388   -0.0904    0.0275    0.1396    0.6571
    ab_w[2, 1]   -0.7631   -0.2157   -0.0879    0.0349    0.6696
    ab_w[1, 2]   -0.9540   -0.2030   -0.0449    0.0351    0.5093
    ab_w[2, 2]   -0.5442   -0.0172    0.1110    0.2405    0.8401
        σ_p[1]    0.0350    0.2714    0.5194    0.9124    2.1957
        σ_p[2]    0.0664    0.2855    0.5417    0.9161    2.2192
     ρ_p[1, 1]    1.0000    1.0000    1.0000    1.0000    1.0000
     ρ_p[2, 1]   -0.7956   -0.3221    0.0022    0.3422    0.8004
     ρ_p[1, 2]   -0.7956   -0.3221    0.0022    0.3422    0.8004
     ρ_p[2, 2]    1.0000    1.0000    1.0000    1.0000    1.0000
    ab_p[1, 1]   -1.1978   -0.3042   -0.0405    0.1478    0.9246
    ab_p[2, 1]   -1.0024   -0.2281    0.0112    0.2464    1.0595
    ab_p[1, 2]   -1.8695   -0.2758    0.0111    0.3645    1.6379
    ab_p[2, 2]   -1.9380   -0.2986   -0.0249    0.2419    1.8050
    ab_p[1, 3]   -1.5378   -0.3339    0.0017    0.3596    1.9043
    ab_p[2, 3]   -1.7203   -0.3468    0.0078    0.3214    1.9431
    ab_p[1, 4]   -1.8898   -0.2687    0.0051    0.2966    1.8175
    ab_p[2, 4]   -1.9764   -0.3100   -0.0083    0.2700    1.8360
    ab_p[1, 5]   -1.7008   -0.2408    0.0183    0.3171    1.8385
    ab_p[2, 5]   -1.7565   -0.3664    0.0003    0.3445    1.9059
    ab_p[1, 6]   -1.7663   -0.2710    0.0095    0.3517    1.8568
    ab_p[2, 6]   -1.6227   -0.3396    0.0039    0.3281    2.2169
    ab_p[1, 7]   -1.9390   -0.3194    0.0012    0.3271    1.7212
    ab_p[2, 7]   -2.0235   -0.3269   -0.0060    0.3165    1.9812
    ab_p[1, 8]   -1.8022   -0.2965    0.0045    0.3339    2.2111
    ab_p[2, 8]   -1.8317   -0.3088   -0.0152    0.2342    1.9166
    ab_p[1, 9]   -1.9048   -0.3072    0.0009    0.2945    1.8587
    ab_p[2, 9]   -1.8568   -0.3095    0.0184    0.3771    1.8966
   ab_p[1, 10]   -1.6032   -0.2519    0.0066    0.2792    1.7952
   ab_p[2, 10]   -1.6572   -0.2716    0.0085    0.3308    1.6353
   ab_p[1, 11]   -1.7955   -0.2899    0.0064    0.2942    2.2164
   ab_p[2, 11]   -1.7383   -0.2884    0.0020    0.3130    1.6742
   ab_p[1, 12]   -1.7813   -0.2504   -0.0006    0.3039    2.0810
   ab_p[2, 12]   -1.7573   -0.3003   -0.0134    0.2819    1.8209
       σ_p2[1]    0.0091    0.2624    0.6946    1.3253    3.2501
       σ_p2[2]    0.0468    0.3900    0.7337    1.3519    4.3819
    ρ_p2[1, 1]    1.0000    1.0000    1.0000    1.0000    1.0000
    ρ_p2[2, 1]   -0.8389   -0.3589   -0.0136    0.3216    0.7585
    ρ_p2[1, 2]   -0.8389   -0.3589   -0.0136    0.3216    0.7585
    ρ_p2[2, 2]    1.0000    1.0000    1.0000    1.0000    1.0000
   ab_p2[1, 1]   -2.5945   -0.3123    0.0043    0.3606    2.4024
   ab_p2[2, 1]   -2.5412   -0.4075    0.0103    0.4721    4.2349
   ab_p2[1, 2]   -2.5152   -0.3447    0.0037    0.3629    3.0246
   ab_p2[2, 2]   -2.4799   -0.4550    0.0031    0.4493    2.6893
   ab_p2[1, 3]   -2.9426   -0.3672   -0.0105    0.3270    2.8545
   ab_p2[2, 3]   -3.9752   -0.4631   -0.0371    0.3625    3.3097
   ab_p2[1, 4]   -2.7413   -0.3662    0.0003    0.3657    2.6820
   ab_p2[2, 4]   -2.7371   -0.3929   -0.0037    0.4256    2.9691
   ab_p2[1, 5]   -2.8317   -0.3467   -0.0008    0.4039    3.1890
   ab_p2[2, 5]   -3.1014   -0.5018   -0.0012    0.4608    3.8836
   ab_p2[1, 6]   -2.5927   -0.3163    0.0058    0.3642    2.9377
   ab_p2[2, 6]   -3.7186   -0.4804   -0.0113    0.3762    2.4613
   ab_p2[1, 7]   -2.7148   -0.3319    0.0033    0.3922    2.6132
   ab_p2[2, 7]   -2.7301   -0.3364    0.0343    0.4548    2.8387
   ab_p2[1, 8]   -2.9244   -0.4073   -0.0035    0.2869    2.4538
   ab_p2[2, 8]   -3.2935   -0.4442    0.0031    0.5623    3.1585
   ab_p2[1, 9]   -2.3629   -0.3991   -0.0015    0.3286    2.7181
   ab_p2[2, 9]   -3.7794   -0.4629   -0.0358    0.3898    2.9798
  ab_p2[1, 10]   -2.8838   -0.3410   -0.0017    0.3310    2.4545
  ab_p2[2, 10]   -3.6720   -0.4448   -0.0080    0.4596    3.9388
  ab_p2[1, 11]   -2.4715   -0.3374    0.0034    0.3638    2.7138
  ab_p2[2, 11]   -3.8850   -0.4599    0.0052    0.4500    3.1547
  ab_p2[1, 12]   -3.2380   -0.4255   -0.0033    0.3538    2.8243
  ab_p2[2, 12]   -3.9905   -0.4395    0.0072    0.4616    3.7327
        σ_e[1]    0.0247    0.2180    0.5240    0.9789    2.6392
        σ_e[2]    0.0236    0.2105    0.4841    0.8901    2.7070
     ρ_e[1, 1]    1.0000    1.0000    1.0000    1.0000    1.0000
     ρ_e[2, 1]   -0.8173   -0.3455    0.0068    0.3491    0.8234
     ρ_e[1, 2]   -0.8173   -0.3455    0.0068    0.3491    0.8234
     ρ_e[2, 2]    1.0000    1.0000    1.0000    1.0000    1.0000
    ab_e[1, 1]   -1.2130   -0.3406   -0.0477    0.1211    0.9919
    ab_e[2, 1]   -1.1334   -0.2218   -0.0054    0.2050    1.0009
           a_t   -0.8880   -0.3650   -0.1119    0.2022    0.7924
           b_t   -0.8025   -0.2619    0.0254    0.2719    0.8524
             σ    4.0595    4.0848    4.0987    4.1134    4.1403

