Chains MCMC chain (250×93×4 Array{Float64, 3}):

Iterations        = 126:1:375
Number of chains  = 4
Samples per chain = 250
Wall duration     = 19242.89 seconds
Compute duration  = 70769.8 seconds
parameters        = σ_w[1], σ_w[2], ρ_w[1, 1], ρ_w[2, 1], ρ_w[1, 2], ρ_w[2, 2], ab_w[1, 1], ab_w[2, 1], ab_w[1, 2], ab_w[2, 2], σ_p[1], σ_p[2], ρ_p[1, 1], ρ_p[2, 1], ρ_p[1, 2], ρ_p[2, 2], ab_p[1, 1], ab_p[2, 1], ab_p[1, 2], ab_p[2, 2], ab_p[1, 3], ab_p[2, 3], ab_p[1, 4], ab_p[2, 4], ab_p[1, 5], ab_p[2, 5], ab_p[1, 6], ab_p[2, 6], ab_p[1, 7], ab_p[2, 7], ab_p[1, 8], ab_p[2, 8], ab_p[1, 9], ab_p[2, 9], ab_p[1, 10], ab_p[2, 10], ab_p[1, 11], ab_p[2, 11], ab_p[1, 12], ab_p[2, 12], σ_p2[1], σ_p2[2], ρ_p2[1, 1], ρ_p2[2, 1], ρ_p2[1, 2], ρ_p2[2, 2], ab_p2[1, 1], ab_p2[2, 1], ab_p2[1, 2], ab_p2[2, 2], ab_p2[1, 3], ab_p2[2, 3], ab_p2[1, 4], ab_p2[2, 4], ab_p2[1, 5], ab_p2[2, 5], ab_p2[1, 6], ab_p2[2, 6], ab_p2[1, 7], ab_p2[2, 7], ab_p2[1, 8], ab_p2[2, 8], ab_p2[1, 9], ab_p2[2, 9], ab_p2[1, 10], ab_p2[2, 10], ab_p2[1, 11], ab_p2[2, 11], ab_p2[1, 12], ab_p2[2, 12], σ_e[1], σ_e[2], ρ_e[1, 1], ρ_e[2, 1], ρ_e[1, 2], ρ_e[2, 2], ab_e[1, 1], ab_e[2, 1], a_t, b_t, σ
internals         = lp, n_steps, is_accept, acceptance_rate, log_density, hamiltonian_energy, hamiltonian_energy_error, max_hamiltonian_energy_error, tree_depth, numerical_error, step_size, nom_step_size

Summary Statistics
    parameters      mean       std      mcse    ess_bulk    ess_tail      rhat   ess_per_sec
        Symbol   Float64   Float64   Float64     Float64     Float64   Float64       Float64

        σ_w[1]    0.3137    0.3852    0.0166    386.1740    405.2527    1.0021        0.0055
        σ_w[2]    0.4946    0.4845    0.0272    400.0979    488.2075    0.9996        0.0057
     ρ_w[1, 1]    1.0000    0.0000       NaN         NaN         NaN       NaN           NaN
     ρ_w[2, 1]   -0.1017    0.4562    0.0130   1185.1133    623.5157    1.0092        0.0167
     ρ_w[1, 2]   -0.1017    0.4562    0.0130   1185.1133    623.5157    1.0092        0.0167
     ρ_w[2, 2]    1.0000    0.0000    0.0000    819.8939    795.3001    0.9984        0.0116
    ab_w[1, 1]    0.0237    0.2780    0.0103    794.4428    522.5891    1.0030        0.0112
    ab_w[2, 1]   -0.0753    0.3517    0.0136    754.2891    419.2223    1.0021        0.0107
    ab_w[1, 2]   -0.0748    0.2783    0.0105    821.6800    572.3551    1.0035        0.0116
    ab_w[2, 2]    0.1384    0.3548    0.0143    686.0131    505.8306    1.0020        0.0097
        σ_p[1]    0.7418    0.6328    0.0751     50.3185     48.6433    1.0297        0.0007
        σ_p[2]    0.8015    0.6906    0.1216     25.0801     74.4404    1.1067        0.0004
     ρ_p[1, 1]    1.0000    0.0000       NaN         NaN         NaN       NaN           NaN
     ρ_p[2, 1]   -0.0117    0.4559    0.0174    667.1486    615.8207    1.0073        0.0094
     ρ_p[1, 2]   -0.0117    0.4559    0.0174    667.1486    615.8207    1.0073        0.0094
     ρ_p[2, 2]    1.0000    0.0000    0.0000    977.9071    955.1275    0.9995        0.0138
    ab_p[1, 1]   -0.1479    0.5262    0.0181    938.8287    488.0703    1.0065        0.0133
    ab_p[2, 1]   -0.0177    0.5371    0.0160   1157.7250    422.8439    1.0237        0.0164
    ab_p[1, 2]   -0.0365    0.8920    0.0351    882.8430    235.1536    1.0284        0.0125
    ab_p[2, 2]    0.0321    1.0367    0.0349    997.8027    443.0266    1.0538        0.0141
    ab_p[1, 3]    0.0115    0.8615    0.0263   1124.0678    422.3696    1.0106        0.0159
    ab_p[2, 3]   -0.0122    1.0303    0.0301   1214.7704    457.9777    1.0800        0.0172
    ab_p[1, 4]    0.0047    0.8765    0.0256   1101.3845    430.2460    1.0143        0.0156
    ab_p[2, 4]    0.0164    1.0552    0.0303   1235.9738    356.8353    1.0583        0.0175
    ab_p[1, 5]   -0.0608    1.0026    0.0404    999.3486    265.0638    1.0201        0.0141
    ab_p[2, 5]    0.0492    1.0824    0.0424    820.7633    356.4320    1.0415        0.0116
    ab_p[1, 6]   -0.0192    0.9862    0.0340    983.6487    270.4318    1.0116        0.0139
    ab_p[2, 6]   -0.0206    0.9376    0.0295   1042.4320    632.8439    1.0574        0.0147
    ab_p[1, 7]   -0.0071    0.9694    0.0344    906.5747    386.2421    1.0211        0.0128
    ab_p[2, 7]   -0.0539    1.0584    0.0353   1132.0807    243.1464    1.0665        0.0160
    ab_p[1, 8]   -0.0207    0.9633    0.0335    923.3706    382.1403    1.0320        0.0130
    ab_p[2, 8]    0.0675    1.0607    0.0366    897.1039    300.1550    1.0543        0.0127
    ab_p[1, 9]   -0.0482    0.9523    0.0292   1124.4502    646.9297    1.0060        0.0159
    ab_p[2, 9]    0.0252    0.9818    0.0339   1037.6739    391.5222    1.0591        0.0147
   ab_p[1, 10]   -0.0082    0.9893    0.0368    872.8225    315.1119    1.0243        0.0123
   ab_p[2, 10]   -0.0030    1.0364    0.0342    989.8778    332.5824    1.0592        0.0140
   ab_p[1, 11]    0.0341    0.9627    0.0349    890.5303    342.7390    1.0262        0.0126
   ab_p[2, 11]   -0.0333    1.0123    0.0362    946.8263    409.7692    1.0449        0.0134
   ab_p[1, 12]   -0.0391    0.9803    0.0346    985.6272    339.8124    1.0100        0.0139
   ab_p[2, 12]   -0.0323    1.0262    0.0331   1109.5664    428.8334    1.0650        0.0157
       σ_p2[1]    1.1453    0.9596    0.1708     17.4738     40.9512    1.1648        0.0002
       σ_p2[2]    0.7225    0.7183    0.0962     22.6123     13.2802    1.1446        0.0003
    ρ_p2[1, 1]    1.0000    0.0000       NaN         NaN         NaN       NaN           NaN
    ρ_p2[2, 1]    0.0002    0.4421    0.0164    731.2789    641.9430    1.0036        0.0103
    ρ_p2[1, 2]    0.0002    0.4421    0.0164    731.2789    641.9430    1.0036        0.0103
    ρ_p2[2, 2]    1.0000    0.0000    0.0000   1064.0744   1051.4636    0.9994        0.0150
   ab_p2[1, 1]   -0.0269    1.4491    0.0515    959.8716    443.9055    1.1103        0.0136
   ab_p2[2, 1]    0.0061    1.0004    0.0339   1117.1415    351.4116    1.1074        0.0158
   ab_p2[1, 2]   -0.0042    1.6882    0.0678    865.3036    292.6288    1.1127        0.0122
   ab_p2[2, 2]   -0.0018    1.0961    0.0454    754.4801    295.4195    1.0898        0.0107
   ab_p2[1, 3]    0.1097    1.5397    0.0610    872.5432    376.5611    1.1269        0.0123
   ab_p2[2, 3]    0.0765    0.9968    0.0418   1011.4766    323.5894    1.0815        0.0143
   ab_p2[1, 4]    0.1307    1.4508    0.0524    882.1835    332.6285    1.1158        0.0125
   ab_p2[2, 4]   -0.0118    0.9490    0.0380    940.9641    290.2169    1.0982        0.0133
   ab_p2[1, 5]    0.0498    1.4765    0.0620    750.0612    276.0776    1.1242        0.0106
   ab_p2[2, 5]   -0.0361    0.9411    0.0342    958.1553    290.2593    1.1004        0.0135
   ab_p2[1, 6]   -0.0798    1.3646    0.0543    737.5075    325.9432    1.1067        0.0104
   ab_p2[2, 6]    0.0133    1.0554    0.0390   1043.6974    302.0260    1.0912        0.0147
   ab_p2[1, 7]   -0.0308    1.5582    0.0542    924.4273    280.4924    1.1002        0.0131
   ab_p2[2, 7]   -0.0371    0.8834    0.0327    908.9732    319.1697    1.0932        0.0128
   ab_p2[1, 8]   -0.0662    1.4537    0.0529    963.6982    396.2674    1.1006        0.0136
   ab_p2[2, 8]   -0.0448    1.0257    0.0370    958.3545    292.1073    1.0931        0.0135
   ab_p2[1, 9]    0.0849    1.3722    0.0513    923.2374    380.1569    1.1014        0.0130
   ab_p2[2, 9]   -0.0120    0.9577    0.0338    945.5481    405.4326    1.0804        0.0134
  ab_p2[1, 10]    0.0196    1.5890    0.0712    705.6624    321.9470    1.0757        0.0100
  ab_p2[2, 10]   -0.0163    0.9603    0.0317   1068.5313    323.9506    1.0711        0.0151
  ab_p2[1, 11]   -0.0194    1.4830    0.0534    843.7405    387.9264    1.1092        0.0119
  ab_p2[2, 11]   -0.0024    0.9913    0.0439    749.0827    234.3367    1.1014        0.0106
  ab_p2[1, 12]    0.0098    1.2880    0.0582    661.7401    278.1541    1.0958        0.0094
  ab_p2[2, 12]    0.0601    0.9122    0.0312    957.8251    308.0815    1.0959        0.0135
        σ_e[1]    0.7157    0.7250    0.0269    553.0406    454.0229    1.0014        0.0078
        σ_e[2]    0.7144    0.8081    0.0316    444.4636    632.9569    1.0042        0.0063
     ρ_e[1, 1]    1.0000    0.0000       NaN         NaN         NaN       NaN           NaN
     ρ_e[2, 1]   -0.0095    0.4464    0.0115   1593.3592    681.0027    1.0087        0.0225
     ρ_e[1, 2]   -0.0095    0.4464    0.0115   1593.3592    681.0027    1.0087        0.0225
     ρ_e[2, 2]    1.0000    0.0000    0.0000    815.4910    740.7179    1.0009        0.0115
    ab_e[1, 1]   -0.0888    0.5327    0.0182    863.0983    701.7274    1.0002        0.0122
    ab_e[2, 1]    0.0078    0.5418    0.0178   1022.9695    479.4909    1.0053        0.0145
           a_t   -0.0600    0.3718    0.0107   1231.4780    831.5952    1.0067        0.0174
           b_t    0.0013    0.3607    0.0097   1388.9981    704.2698    1.0013        0.0196
             σ    4.1003    0.0204    0.0007    953.8830    776.6192    1.0158        0.0135

Quantiles
    parameters      2.5%     25.0%     50.0%     75.0%     97.5%
        Symbol   Float64   Float64   Float64   Float64   Float64

        σ_w[1]    0.0169    0.0878    0.1832    0.3964    1.2888
        σ_w[2]    0.0611    0.1839    0.3268    0.6330    1.7950
     ρ_w[1, 1]    1.0000    1.0000    1.0000    1.0000    1.0000
     ρ_w[2, 1]   -0.8604   -0.4749   -0.1129    0.2425    0.7578
     ρ_w[1, 2]   -0.8604   -0.4749   -0.1129    0.2425    0.7578
     ρ_w[2, 2]    1.0000    1.0000    1.0000    1.0000    1.0000
    ab_w[1, 1]   -0.6147   -0.0502    0.0230    0.1133    0.6134
    ab_w[2, 1]   -0.7212   -0.2349   -0.0957    0.0467    0.8160
    ab_w[1, 2]   -0.7506   -0.1519   -0.0459    0.0127    0.4839
    ab_w[2, 2]   -0.5001   -0.0199    0.0933    0.2477    1.0610
        σ_p[1]    0.0448    0.2920    0.5820    1.0059    2.5082
        σ_p[2]    0.0500    0.2738    0.6115    1.1374    2.4319
     ρ_p[1, 1]    1.0000    1.0000    1.0000    1.0000    1.0000
     ρ_p[2, 1]   -0.8093   -0.3848   -0.0223    0.3506    0.8147
     ρ_p[1, 2]   -0.8093   -0.3848   -0.0223    0.3506    0.8147
     ρ_p[2, 2]    1.0000    1.0000    1.0000    1.0000    1.0000
    ab_p[1, 1]   -1.3126   -0.3902   -0.0861    0.1069    0.8588
    ab_p[2, 1]   -1.2096   -0.2348    0.0011    0.2090    1.0586
    ab_p[1, 2]   -1.9609   -0.3366   -0.0159    0.2584    1.9386
    ab_p[2, 2]   -2.1289   -0.3053   -0.0045    0.3047    2.4917
    ab_p[1, 3]   -1.8174   -0.3339    0.0126    0.3418    1.8493
    ab_p[2, 3]   -2.2185   -0.3553   -0.0139    0.2891    2.4685
    ab_p[1, 4]   -1.7926   -0.2678    0.0036    0.3230    1.7997
    ab_p[2, 4]   -2.0912   -0.3168   -0.0071    0.3868    2.3975
    ab_p[1, 5]   -2.1579   -0.3828   -0.0099    0.3132    1.7512
    ab_p[2, 5]   -2.2195   -0.2579    0.0146    0.3484    2.5261
    ab_p[1, 6]   -2.0278   -0.3616   -0.0112    0.3233    2.1029
    ab_p[2, 6]   -2.1629   -0.3472   -0.0099    0.3619    1.9840
    ab_p[1, 7]   -2.0274   -0.2957    0.0028    0.3394    1.9777
    ab_p[2, 7]   -2.6174   -0.3334    0.0002    0.3287    2.1687
    ab_p[1, 8]   -2.0274   -0.4135   -0.0046    0.3814    1.9433
    ab_p[2, 8]   -2.1626   -0.3151    0.0041    0.4094    2.4609
    ab_p[1, 9]   -2.1958   -0.3969   -0.0157    0.2939    1.8664
    ab_p[2, 9]   -2.1690   -0.2842    0.0029    0.3551    2.0807
   ab_p[1, 10]   -2.3676   -0.3059    0.0134    0.3773    1.9697
   ab_p[2, 10]   -2.2308   -0.3573    0.0012    0.3159    2.2060
   ab_p[1, 11]   -1.9140   -0.2907   -0.0033    0.3614    2.0601
   ab_p[2, 11]   -2.5406   -0.3204   -0.0090    0.3104    2.1201
   ab_p[1, 12]   -2.2231   -0.3214    0.0067    0.3006    1.8546
   ab_p[2, 12]   -2.3253   -0.3766   -0.0062    0.3241    2.2106
       σ_p2[1]    0.0220    0.4030    0.9335    1.6213    3.3549
       σ_p2[2]    0.0088    0.2670    0.5196    0.9242    2.7989
    ρ_p2[1, 1]    1.0000    1.0000    1.0000    1.0000    1.0000
    ρ_p2[2, 1]   -0.8300   -0.3282   -0.0151    0.3253    0.8134
    ρ_p2[1, 2]   -0.8300   -0.3282   -0.0151    0.3253    0.8134
    ρ_p2[2, 2]    1.0000    1.0000    1.0000    1.0000    1.0000
   ab_p2[1, 1]   -3.3207   -0.4680   -0.0086    0.4865    3.1257
   ab_p2[2, 1]   -2.3204   -0.3161    0.0057    0.3387    2.0563
   ab_p2[1, 2]   -3.9160   -0.5374    0.0035    0.5594    3.8847
   ab_p2[2, 2]   -2.1442   -0.2952    0.0044    0.2634    2.1763
   ab_p2[1, 3]   -2.9429   -0.4440    0.0080    0.5404    3.7048
   ab_p2[2, 3]   -1.8257   -0.2537    0.0016    0.3173    2.2849
   ab_p2[1, 4]   -2.9065   -0.4289    0.0182    0.6502    3.5309
   ab_p2[2, 4]   -1.9399   -0.3316   -0.0049    0.2813    1.9072
   ab_p2[1, 5]   -2.9239   -0.4829   -0.0080    0.4746    3.7424
   ab_p2[2, 5]   -2.0499   -0.3336   -0.0005    0.2526    1.9032
   ab_p2[1, 6]   -3.4780   -0.4853   -0.0099    0.4365    2.7841
   ab_p2[2, 6]   -2.3417   -0.2852   -0.0008    0.2923    2.3000
   ab_p2[1, 7]   -3.4147   -0.5381   -0.0019    0.5613    3.2328
   ab_p2[2, 7]   -1.9616   -0.2957   -0.0016    0.2656    1.5130
   ab_p2[1, 8]   -3.5211   -0.5339   -0.0242    0.4245    2.9357
   ab_p2[2, 8]   -2.3872   -0.3262    0.0000    0.3086    1.8799
   ab_p2[1, 9]   -2.6958   -0.4788   -0.0016    0.4672    3.7610
   ab_p2[2, 9]   -1.9428   -0.3199   -0.0042    0.2667    1.8628
  ab_p2[1, 10]   -3.5895   -0.4847    0.0020    0.6019    3.2927
  ab_p2[2, 10]   -2.2125   -0.2956    0.0019    0.3152    1.8435
  ab_p2[1, 11]   -3.2958   -0.5215   -0.0204    0.4630    3.4089
  ab_p2[2, 11]   -2.1746   -0.2431    0.0023    0.2765    2.0403
  ab_p2[1, 12]   -2.6796   -0.4783    0.0018    0.5313    2.7090
  ab_p2[2, 12]   -1.6816   -0.2691    0.0087    0.3218    2.2543
        σ_e[1]    0.0235    0.2125    0.4884    0.9664    2.7931
        σ_e[2]    0.0246    0.1825    0.4500    0.9537    2.9047
     ρ_e[1, 1]    1.0000    1.0000    1.0000    1.0000    1.0000
     ρ_e[2, 1]   -0.8233   -0.3329   -0.0080    0.3295    0.8270
     ρ_e[1, 2]   -0.8233   -0.3329   -0.0080    0.3295    0.8270
     ρ_e[2, 2]    1.0000    1.0000    1.0000    1.0000    1.0000
    ab_e[1, 1]   -1.1375   -0.3170   -0.0449    0.1085    1.1107
    ab_e[2, 1]   -1.1813   -0.2064   -0.0016    0.1935    1.0904
           a_t   -0.7937   -0.3187   -0.0717    0.1843    0.6578
           b_t   -0.7288   -0.2214    0.0188    0.2300    0.7191
             σ    4.0611    4.0866    4.1001    4.1152    4.1398

