Chains MCMC chain (250×93×4 Array{Float64, 3}):

Iterations        = 126:1:375
Number of chains  = 4
Samples per chain = 250
Wall duration     = 17171.72 seconds
Compute duration  = 63219.7 seconds
parameters        = σ_w[1], σ_w[2], ρ_w[1, 1], ρ_w[2, 1], ρ_w[1, 2], ρ_w[2, 2], ab_w[1, 1], ab_w[2, 1], ab_w[1, 2], ab_w[2, 2], σ_p[1], σ_p[2], ρ_p[1, 1], ρ_p[2, 1], ρ_p[1, 2], ρ_p[2, 2], ab_p[1, 1], ab_p[2, 1], ab_p[1, 2], ab_p[2, 2], ab_p[1, 3], ab_p[2, 3], ab_p[1, 4], ab_p[2, 4], ab_p[1, 5], ab_p[2, 5], ab_p[1, 6], ab_p[2, 6], ab_p[1, 7], ab_p[2, 7], ab_p[1, 8], ab_p[2, 8], ab_p[1, 9], ab_p[2, 9], ab_p[1, 10], ab_p[2, 10], ab_p[1, 11], ab_p[2, 11], ab_p[1, 12], ab_p[2, 12], σ_p2[1], σ_p2[2], ρ_p2[1, 1], ρ_p2[2, 1], ρ_p2[1, 2], ρ_p2[2, 2], ab_p2[1, 1], ab_p2[2, 1], ab_p2[1, 2], ab_p2[2, 2], ab_p2[1, 3], ab_p2[2, 3], ab_p2[1, 4], ab_p2[2, 4], ab_p2[1, 5], ab_p2[2, 5], ab_p2[1, 6], ab_p2[2, 6], ab_p2[1, 7], ab_p2[2, 7], ab_p2[1, 8], ab_p2[2, 8], ab_p2[1, 9], ab_p2[2, 9], ab_p2[1, 10], ab_p2[2, 10], ab_p2[1, 11], ab_p2[2, 11], ab_p2[1, 12], ab_p2[2, 12], σ_e[1], σ_e[2], ρ_e[1, 1], ρ_e[2, 1], ρ_e[1, 2], ρ_e[2, 2], ab_e[1, 1], ab_e[2, 1], a_t, b_t, σ
internals         = lp, n_steps, is_accept, acceptance_rate, log_density, hamiltonian_energy, hamiltonian_energy_error, max_hamiltonian_energy_error, tree_depth, numerical_error, step_size, nom_step_size

Summary Statistics
    parameters      mean       std      mcse    ess_bulk   ess_tail      rhat   ess_per_sec
        Symbol   Float64   Float64   Float64     Float64    Float64   Float64       Float64

        σ_w[1]    0.3348    0.3702    0.0177    296.6886   459.1101    1.0103        0.0047
        σ_w[2]    0.4685    0.4454    0.0186    574.9861   774.5655    1.0096        0.0091
     ρ_w[1, 1]    1.0000    0.0000       NaN         NaN        NaN       NaN           NaN
     ρ_w[2, 1]   -0.0670    0.4551    0.0130   1223.9090   646.8405    1.0011        0.0194
     ρ_w[1, 2]   -0.0670    0.4551    0.0130   1223.9090   646.8405    1.0011        0.0194
     ρ_w[2, 2]    1.0000    0.0000    0.0000    949.5815   704.0590    1.0096        0.0150
    ab_w[1, 1]    0.0278    0.2705    0.0092   1018.7960   572.3480    0.9997        0.0161
    ab_w[2, 1]   -0.1174    0.3383    0.0133    673.0704   654.9934    1.0098        0.0106
    ab_w[1, 2]   -0.0747    0.2728    0.0097    945.9246   625.1382    1.0009        0.0150
    ab_w[2, 2]    0.0953    0.3361    0.0134    698.6379   584.6405    1.0083        0.0111
        σ_p[1]    0.5933    0.6618    0.1387     14.3059    27.1911    1.2700        0.0002
        σ_p[2]    0.6082    0.6591    0.1063     26.0957    30.7592    1.1246        0.0004
     ρ_p[1, 1]    1.0000    0.0000       NaN         NaN        NaN       NaN           NaN
     ρ_p[2, 1]   -0.0073    0.4706    0.0167    779.6258   731.7654    1.0090        0.0123
     ρ_p[1, 2]   -0.0073    0.4706    0.0167    779.6258   731.7654    1.0090        0.0123
     ρ_p[2, 2]    1.0000    0.0000    0.0000   1012.5601   920.5068    1.0038        0.0160
    ab_p[1, 1]   -0.0720    0.4893    0.0147   1141.6987   241.3466    1.1196        0.0181
    ab_p[2, 1]    0.0247    0.4742    0.0135   1253.0132   453.3711    1.0662        0.0198
    ab_p[1, 2]    0.0011    0.8052    0.0270    976.0896   134.6539    1.2200        0.0154
    ab_p[2, 2]   -0.0108    0.8399    0.0347    635.4399   212.2666    1.0911        0.0101
    ab_p[1, 3]    0.0171    0.8729    0.0281   1111.6675   262.3375    1.1531        0.0176
    ab_p[2, 3]   -0.0286    0.8542    0.0342    817.0527   243.0601    1.0714        0.0129
    ab_p[1, 4]   -0.0183    0.8856    0.0312    940.6713   178.0202    1.1718        0.0149
    ab_p[2, 4]    0.0167    0.8666    0.0372    848.0494   228.9311    1.0712        0.0134
    ab_p[1, 5]   -0.0119    0.8545    0.0289    982.7088   240.7218    1.1409        0.0155
    ab_p[2, 5]   -0.0552    1.0288    0.0568    723.0751   182.8613    1.0867        0.0114
    ab_p[1, 6]    0.0059    0.8001    0.0230   1226.4888   247.8229    1.1740        0.0194
    ab_p[2, 6]    0.0018    0.8936    0.0358    797.0853   254.8954    1.0794        0.0126
    ab_p[1, 7]    0.0423    0.9088    0.0293   1041.5153   189.4898    1.1567        0.0165
    ab_p[2, 7]   -0.0486    0.9552    0.0810    308.7974   136.0261    1.0665        0.0049
    ab_p[1, 8]   -0.0424    0.8163    0.0277   1000.1767   245.6832    1.1550        0.0158
    ab_p[2, 8]    0.0511    0.9060    0.0384    719.8324   149.9649    1.0661        0.0114
    ab_p[1, 9]    0.0230    0.8419    0.0252   1103.1394   146.4561    1.2034        0.0174
    ab_p[2, 9]   -0.0101    0.8199    0.0362    636.9567   227.3377    1.0844        0.0101
   ab_p[1, 10]    0.0202    0.8485    0.0248   1148.5704   291.4945    1.1549        0.0182
   ab_p[2, 10]   -0.0183    0.7949    0.0305    907.9641   372.5828    1.0707        0.0144
   ab_p[1, 11]   -0.0284    0.9035    0.0314    963.4066   220.8487    1.1773        0.0152
   ab_p[2, 11]   -0.0169    0.7692    0.0296    807.5500   283.6974    1.0608        0.0128
   ab_p[1, 12]   -0.0386    0.8568    0.0427    801.8592   155.7959    1.1674        0.0127
   ab_p[2, 12]    0.0045    0.9079    0.0386    776.4834   244.1632    1.0792        0.0123
       σ_p2[1]    0.9994    0.8439    0.1455     21.2915    78.7096    1.1690        0.0003
       σ_p2[2]    1.2266    1.4335    0.3288     23.9055    18.8266    1.1508        0.0004
    ρ_p2[1, 1]    1.0000    0.0000       NaN         NaN        NaN       NaN           NaN
    ρ_p2[2, 1]    0.0113    0.4341    0.0183    564.5617   694.7908    1.0009        0.0089
    ρ_p2[1, 2]    0.0113    0.4341    0.0183    564.5617   694.7908    1.0009        0.0089
    ρ_p2[2, 2]    1.0000    0.0000    0.0000    839.2814   865.3255    1.0025        0.0133
   ab_p2[1, 1]    0.0192    1.1892    0.0485    891.2911   335.5440    1.0747        0.0141
   ab_p2[2, 1]    0.2340    1.8427    0.2826     72.8296    39.1314    1.0727        0.0012
   ab_p2[1, 2]   -0.1400    1.3781    0.0742    686.6015   207.8189    1.0609        0.0109
   ab_p2[2, 2]    0.0567    1.4370    0.0701    612.9621   145.5397    1.0540        0.0097
   ab_p2[1, 3]    0.0072    1.3956    0.0732    582.5464   298.2376    1.0476        0.0092
   ab_p2[2, 3]    0.1819    1.7048    0.1011    498.6242   207.8505    1.0755        0.0079
   ab_p2[1, 4]    0.0228    1.3575    0.0826    512.1747   231.8513    1.0712        0.0081
   ab_p2[2, 4]    0.2986    1.8862    0.2121    216.9276    62.3793    1.0679        0.0034
   ab_p2[1, 5]    0.1468    1.2985    0.0832    484.5499   279.9005    1.0760        0.0077
   ab_p2[2, 5]    0.6668    3.1834    0.6645     89.1493    17.6383    1.1152        0.0014
   ab_p2[1, 6]    0.0418    1.2733    0.0524    740.4630   322.9291    1.0927        0.0117
   ab_p2[2, 6]    0.0367    1.4032    0.0667    609.0007   248.4457    1.0797        0.0096
   ab_p2[1, 7]   -0.0187    1.1215    0.0402    844.9974   431.7104    1.0692        0.0134
   ab_p2[2, 7]   -0.0180    1.4242    0.0684    622.1193   322.1257    1.0775        0.0098
   ab_p2[1, 8]    0.0316    1.4807    0.0933    502.1888   231.6444    1.0791        0.0079
   ab_p2[2, 8]   -0.2067    2.3658    0.2887    193.7127    42.1834    1.0700        0.0031
   ab_p2[1, 9]   -0.0771    1.1240    0.0525    589.3589   191.9353    1.0613        0.0093
   ab_p2[2, 9]    0.1388    1.7922    0.1916    195.9655    53.0706    1.0682        0.0031
  ab_p2[1, 10]   -0.0048    1.2271    0.0515    707.2853   389.0896    1.1039        0.0112
  ab_p2[2, 10]    0.2830    1.8792    0.1839    197.1644    35.5910    1.0809        0.0031
  ab_p2[1, 11]    0.0314    1.1762    0.0575    608.2510   194.7859    1.0522        0.0096
  ab_p2[2, 11]   -0.1042    1.6876    0.1300    333.9367    86.2302    1.0965        0.0053
  ab_p2[1, 12]    0.0427    1.2503    0.0453    775.5072   409.6575    1.0677        0.0123
  ab_p2[2, 12]    0.0920    2.4516    0.2905    153.8866    38.0360    1.1002        0.0024
        σ_e[1]    0.7147    0.7446    0.0305    339.9198   252.0842    1.0054        0.0054
        σ_e[2]    0.7009    0.6562    0.0278    355.3050   317.6841    1.0116        0.0056
     ρ_e[1, 1]    1.0000    0.0000       NaN         NaN        NaN       NaN           NaN
     ρ_e[2, 1]   -0.0159    0.4903    0.0129   1523.4265   507.5639    1.0166        0.0241
     ρ_e[1, 2]   -0.0159    0.4903    0.0129   1523.4265   507.5639    1.0166        0.0241
     ρ_e[2, 2]    1.0000    0.0000    0.0000   1074.9455   935.3497    1.0001        0.0170
    ab_e[1, 1]   -0.1135    0.5356    0.0177   1003.7927   636.6386    1.0029        0.0159
    ab_e[2, 1]   -0.0365    0.5201    0.0169   1021.1148   588.8904    1.0072        0.0162
           a_t   -0.1142    0.4820    0.0144   1165.8899   657.5587    1.0045        0.0184
           b_t    0.0428    0.4753    0.0156    943.1542   650.3224    1.0052        0.0149
             σ    4.0994    0.0193    0.0006   1101.9833   914.3319    1.0035        0.0174

Quantiles
    parameters      2.5%     25.0%     50.0%     75.0%     97.5%
        Symbol   Float64   Float64   Float64   Float64   Float64

        σ_w[1]    0.0198    0.0992    0.2090    0.4264    1.4725
        σ_w[2]    0.0564    0.1795    0.3128    0.5811    1.7609
     ρ_w[1, 1]    1.0000    1.0000    1.0000    1.0000    1.0000
     ρ_w[2, 1]   -0.8541   -0.4359   -0.0640    0.2858    0.7454
     ρ_w[1, 2]   -0.8541   -0.4359   -0.0640    0.2858    0.7454
     ρ_w[2, 2]    1.0000    1.0000    1.0000    1.0000    1.0000
    ab_w[1, 1]   -0.6310   -0.0490    0.0303    0.1311    0.6441
    ab_w[2, 1]   -0.9015   -0.2512   -0.0962    0.0353    0.5756
    ab_w[1, 2]   -0.7636   -0.1609   -0.0434    0.0288    0.4827
    ab_w[2, 2]   -0.6904   -0.0281    0.0923    0.2403    0.7892
        σ_p[1]    0.0070    0.1321    0.3674    0.8157    2.2455
        σ_p[2]    0.0145    0.1529    0.4101    0.8220    2.5646
     ρ_p[1, 1]    1.0000    1.0000    1.0000    1.0000    1.0000
     ρ_p[2, 1]   -0.8252   -0.3692   -0.0122    0.3735    0.8157
     ρ_p[1, 2]   -0.8252   -0.3692   -0.0122    0.3735    0.8157
     ρ_p[2, 2]    1.0000    1.0000    1.0000    1.0000    1.0000
    ab_p[1, 1]   -1.2117   -0.2461   -0.0122    0.1005    0.9120
    ab_p[2, 1]   -0.9042   -0.1614    0.0012    0.1581    1.2084
    ab_p[1, 2]   -1.7198   -0.2097   -0.0010    0.1935    1.7882
    ab_p[2, 2]   -1.7500   -0.1989    0.0066    0.2191    1.6867
    ab_p[1, 3]   -2.2165   -0.1748    0.0040    0.2015    1.8270
    ab_p[2, 3]   -1.7027   -0.2150   -0.0054    0.2033    1.6653
    ab_p[1, 4]   -2.0079   -0.1896    0.0003    0.1808    1.8825
    ab_p[2, 4]   -1.8323   -0.1924    0.0008    0.2198    1.9746
    ab_p[1, 5]   -1.9478   -0.1838   -0.0030    0.2183    1.8135
    ab_p[2, 5]   -1.9034   -0.2131   -0.0059    0.2212    1.5929
    ab_p[1, 6]   -1.9554   -0.2029    0.0007    0.2172    1.8174
    ab_p[2, 6]   -2.0898   -0.1966    0.0026    0.2146    1.8908
    ab_p[1, 7]   -1.8991   -0.1808    0.0016    0.2299    2.1332
    ab_p[2, 7]   -2.2214   -0.2064   -0.0049    0.2105    1.6256
    ab_p[1, 8]   -2.1398   -0.2309    0.0007    0.2321    1.6300
    ab_p[2, 8]   -1.8452   -0.1828    0.0088    0.2409    2.2477
    ab_p[1, 9]   -1.7466   -0.1841    0.0002    0.2078    1.9231
    ab_p[2, 9]   -1.9098   -0.2032   -0.0023    0.1736    1.6830
   ab_p[1, 10]   -1.9371   -0.1634    0.0043    0.2108    1.9211
   ab_p[2, 10]   -1.6162   -0.2295    0.0047    0.2208    1.4564
   ab_p[1, 11]   -2.2907   -0.1955    0.0025    0.2094    2.0428
   ab_p[2, 11]   -1.6393   -0.2326   -0.0005    0.1807    1.5754
   ab_p[1, 12]   -1.6265   -0.1987   -0.0026    0.1478    1.6394
   ab_p[2, 12]   -1.8876   -0.1887    0.0007    0.2438    1.9254
       σ_p2[1]    0.0915    0.3953    0.7326    1.3921    3.1997
       σ_p2[2]    0.0973    0.3416    0.7478    1.5092    5.6057
    ρ_p2[1, 1]    1.0000    1.0000    1.0000    1.0000    1.0000
    ρ_p2[2, 1]   -0.7669   -0.3127    0.0160    0.3489    0.7857
    ρ_p2[1, 2]   -0.7669   -0.3127    0.0160    0.3489    0.7857
    ρ_p2[2, 2]    1.0000    1.0000    1.0000    1.0000    1.0000
   ab_p2[1, 1]   -2.5767   -0.4657   -0.0078    0.3966    2.8595
   ab_p2[2, 1]   -2.7877   -0.3251    0.0507    0.5266    4.8536
   ab_p2[1, 2]   -3.4984   -0.5039   -0.0528    0.3799    2.6417
   ab_p2[2, 2]   -3.2606   -0.3322    0.0191    0.4546    3.2647
   ab_p2[1, 3]   -2.8587   -0.4439   -0.0171    0.4163    3.1390
   ab_p2[2, 3]   -2.9754   -0.3393    0.0290    0.5095    4.4957
   ab_p2[1, 4]   -2.8457   -0.3888   -0.0069    0.4607    2.5397
   ab_p2[2, 4]   -2.5790   -0.3627    0.0093    0.5030    4.7330
   ab_p2[1, 5]   -2.3772   -0.3883    0.0281    0.5446    3.1279
   ab_p2[2, 5]   -2.2381   -0.3701    0.0152    0.5678   11.3028
   ab_p2[1, 6]   -2.9488   -0.4064    0.0297    0.4983    2.6586
   ab_p2[2, 6]   -3.1115   -0.3477    0.0235    0.4872    3.0586
   ab_p2[1, 7]   -2.6111   -0.3874    0.0036    0.4087    2.3540
   ab_p2[2, 7]   -3.1634   -0.3942    0.0110    0.4330    2.7038
   ab_p2[1, 8]   -3.1598   -0.4327    0.0117    0.4322    3.1457
   ab_p2[2, 8]   -5.5374   -0.4430   -0.0006    0.4279    3.1778
   ab_p2[1, 9]   -2.6536   -0.4615   -0.0104    0.4127    2.4657
   ab_p2[2, 9]   -3.1710   -0.4647   -0.0020    0.4493    4.3109
  ab_p2[1, 10]   -2.7421   -0.4663   -0.0009    0.4315    2.6258
  ab_p2[2, 10]   -2.6827   -0.3389    0.0638    0.5037    5.2156
  ab_p2[1, 11]   -2.4184   -0.4525    0.0104    0.4262    2.7941
  ab_p2[2, 11]   -4.7057   -0.4388    0.0134    0.4109    2.7765
  ab_p2[1, 12]   -2.7378   -0.4216    0.0244    0.4842    2.9692
  ab_p2[2, 12]   -5.6996   -0.3797   -0.0050    0.4820    6.2671
        σ_e[1]    0.0141    0.2077    0.4944    0.9624    2.7472
        σ_e[2]    0.0205    0.2487    0.4936    0.9603    2.4499
     ρ_e[1, 1]    1.0000    1.0000    1.0000    1.0000    1.0000
     ρ_e[2, 1]   -0.8715   -0.4220   -0.0128    0.3845    0.8504
     ρ_e[1, 2]   -0.8715   -0.4220   -0.0128    0.3845    0.8504
     ρ_e[2, 2]    1.0000    1.0000    1.0000    1.0000    1.0000
    ab_e[1, 1]   -1.3131   -0.3206   -0.0325    0.1371    0.8753
    ab_e[2, 1]   -1.2480   -0.2684   -0.0013    0.2188    1.0030
           a_t   -0.9960   -0.4323   -0.1623    0.1778    0.9256
           b_t   -0.8705   -0.2841    0.0351    0.3733    0.9686
             σ    4.0632    4.0862    4.0995    4.1116    4.1385

