Chains MCMC chain (250×93×4 Array{Float64, 3}):

Iterations        = 126:1:375
Number of chains  = 4
Samples per chain = 250
Wall duration     = 19895.44 seconds
Compute duration  = 74794.56 seconds
parameters        = σ_w[1], σ_w[2], ρ_w[1, 1], ρ_w[2, 1], ρ_w[1, 2], ρ_w[2, 2], ab_w[1, 1], ab_w[2, 1], ab_w[1, 2], ab_w[2, 2], σ_p[1], σ_p[2], ρ_p[1, 1], ρ_p[2, 1], ρ_p[1, 2], ρ_p[2, 2], ab_p[1, 1], ab_p[2, 1], ab_p[1, 2], ab_p[2, 2], ab_p[1, 3], ab_p[2, 3], ab_p[1, 4], ab_p[2, 4], ab_p[1, 5], ab_p[2, 5], ab_p[1, 6], ab_p[2, 6], ab_p[1, 7], ab_p[2, 7], ab_p[1, 8], ab_p[2, 8], ab_p[1, 9], ab_p[2, 9], ab_p[1, 10], ab_p[2, 10], ab_p[1, 11], ab_p[2, 11], ab_p[1, 12], ab_p[2, 12], σ_p2[1], σ_p2[2], ρ_p2[1, 1], ρ_p2[2, 1], ρ_p2[1, 2], ρ_p2[2, 2], ab_p2[1, 1], ab_p2[2, 1], ab_p2[1, 2], ab_p2[2, 2], ab_p2[1, 3], ab_p2[2, 3], ab_p2[1, 4], ab_p2[2, 4], ab_p2[1, 5], ab_p2[2, 5], ab_p2[1, 6], ab_p2[2, 6], ab_p2[1, 7], ab_p2[2, 7], ab_p2[1, 8], ab_p2[2, 8], ab_p2[1, 9], ab_p2[2, 9], ab_p2[1, 10], ab_p2[2, 10], ab_p2[1, 11], ab_p2[2, 11], ab_p2[1, 12], ab_p2[2, 12], σ_e[1], σ_e[2], ρ_e[1, 1], ρ_e[2, 1], ρ_e[1, 2], ρ_e[2, 2], ab_e[1, 1], ab_e[2, 1], a_t, b_t, σ
internals         = lp, n_steps, is_accept, acceptance_rate, log_density, hamiltonian_energy, hamiltonian_energy_error, max_hamiltonian_energy_error, tree_depth, numerical_error, step_size, nom_step_size

Summary Statistics
    parameters      mean       std      mcse    ess_bulk   ess_tail      rhat   ess_per_sec
        Symbol   Float64   Float64   Float64     Float64    Float64   Float64       Float64

        σ_w[1]    0.3665    0.4698    0.0197    397.9236   627.6743    1.0066        0.0053
        σ_w[2]    0.5089    0.4941    0.0214    546.6813   644.2751    1.0012        0.0073
     ρ_w[1, 1]    1.0000    0.0000       NaN         NaN        NaN       NaN           NaN
     ρ_w[2, 1]   -0.0683    0.4514    0.0135   1097.1159   806.1864    1.0075        0.0147
     ρ_w[1, 2]   -0.0683    0.4514    0.0135   1097.1159   806.1864    1.0075        0.0147
     ρ_w[2, 2]    1.0000    0.0000    0.0000    912.9095   892.2199    1.0048        0.0122
    ab_w[1, 1]    0.0267    0.3305    0.0113    920.2603   543.5823    1.0053        0.0123
    ab_w[2, 1]   -0.1013    0.3913    0.0143    805.8513   632.1165    1.0016        0.0108
    ab_w[1, 2]   -0.0730    0.3360    0.0117    894.3305   640.9239    1.0066        0.0120
    ab_w[2, 2]    0.1128    0.3856    0.0143    781.1386   684.3505    1.0030        0.0104
        σ_p[1]    0.7843    0.7515    0.1172     20.6433    41.1614    1.1597        0.0003
        σ_p[2]    0.6809    0.6948    0.1290     16.2500    36.4417    1.1999        0.0002
     ρ_p[1, 1]    1.0000    0.0000       NaN         NaN        NaN       NaN           NaN
     ρ_p[2, 1]   -0.0274    0.4470    0.0158    790.7118   723.6152    1.0027        0.0106
     ρ_p[1, 2]   -0.0274    0.4470    0.0158    790.7118   723.6152    1.0027        0.0106
     ρ_p[2, 2]    1.0000    0.0000    0.0000    990.6943   971.1732    1.0012        0.0132
    ab_p[1, 1]   -0.1166    0.6369    0.0201   1088.0758   444.4661    1.0718        0.0145
    ab_p[2, 1]    0.0007    0.5711    0.0162   1246.9087   422.1913    1.1472        0.0167
    ab_p[1, 2]   -0.0411    0.9863    0.0326   1023.7567   533.3709    1.0922        0.0137
    ab_p[2, 2]   -0.0740    0.9531    0.0360    877.6600   363.0342    1.1530        0.0117
    ab_p[1, 3]   -0.0174    1.0144    0.0310   1158.5385   330.8108    1.0892        0.0155
    ab_p[2, 3]    0.0482    0.8559    0.0289    923.5451   408.9736    1.1259        0.0123
    ab_p[1, 4]    0.0665    1.0480    0.0422    881.5231   400.3258    1.0958        0.0118
    ab_p[2, 4]   -0.0295    1.0028    0.0386    808.5579   243.9005    1.0980        0.0108
    ab_p[1, 5]   -0.0288    1.2522    0.0399   1126.6730   275.6082    1.0673        0.0151
    ab_p[2, 5]   -0.0825    0.9796    0.0324   1231.8577   322.9152    1.1203        0.0165
    ab_p[1, 6]   -0.0304    1.0981    0.0374   1033.0776   370.3747    1.0916        0.0138
    ab_p[2, 6]    0.0291    0.9800    0.0286   1097.6907   252.4113    1.1588        0.0147
    ab_p[1, 7]   -0.0311    1.1324    0.0399   1005.6979   377.1182    1.0809        0.0134
    ab_p[2, 7]    0.0261    1.0274    0.0390    827.8418   187.1758    1.1168        0.0111
    ab_p[1, 8]   -0.0025    1.1682    0.0417    858.2852   153.1015    1.1095        0.0115
    ab_p[2, 8]    0.0791    0.8947    0.0325    958.2445   246.8593    1.1444        0.0128
    ab_p[1, 9]   -0.0704    1.0381    0.0348   1016.2471   270.8618    1.1140        0.0136
    ab_p[2, 9]    0.0060    0.8599    0.0282   1232.4742   327.8653    1.1456        0.0165
   ab_p[1, 10]    0.0879    1.0846    0.0417   1240.9764   188.3875    1.0837        0.0166
   ab_p[2, 10]    0.0160    0.9345    0.0280   1218.9645   226.3512    1.1300        0.0163
   ab_p[1, 11]    0.0084    0.9414    0.0297   1001.5812   384.5439    1.0841        0.0134
   ab_p[2, 11]   -0.0607    1.0040    0.0319   1094.1008   294.9368    1.1260        0.0146
   ab_p[1, 12]   -0.0361    1.0041    0.0355    953.1467   301.0389    1.0850        0.0127
   ab_p[2, 12]    0.0359    0.9069    0.0279   1077.8821   215.4768    1.1155        0.0144
       σ_p2[1]    1.1906    1.0042    0.1312     45.8509    43.4483    1.0413        0.0006
       σ_p2[2]    1.4348    1.2196    0.2822     17.3869    37.2987    1.1647        0.0002
    ρ_p2[1, 1]    1.0000    0.0000       NaN         NaN        NaN       NaN           NaN
    ρ_p2[2, 1]    0.0099    0.4385    0.0172    644.6415   713.1343    1.0013        0.0086
    ρ_p2[1, 2]    0.0099    0.4385    0.0172    644.6415   713.1343    1.0013        0.0086
    ρ_p2[2, 2]    1.0000    0.0000    0.0000    830.8354   887.7425    1.0057        0.0111
   ab_p2[1, 1]    0.0459    1.4719    0.0600    680.3655   313.3792    1.0273        0.0091
   ab_p2[2, 1]   -0.0192    2.0893    0.1539    427.0525   201.9274    1.0519        0.0057
   ab_p2[1, 2]   -0.0814    1.4809    0.0528    892.4762   263.7600    1.0255        0.0119
   ab_p2[2, 2]    0.0556    1.9969    0.1183    434.6940   181.1280    1.1127        0.0058
   ab_p2[1, 3]   -0.0436    1.4205    0.0507    815.4953   462.2483    1.0209        0.0109
   ab_p2[2, 3]   -0.1292    1.9073    0.1154    405.7380   153.6585    1.0950        0.0054
   ab_p2[1, 4]    0.0024    1.5356    0.0593    691.9341   264.3313    1.0133        0.0093
   ab_p2[2, 4]   -0.0044    1.9329    0.0981    494.5247   168.0698    1.0612        0.0066
   ab_p2[1, 5]   -0.0818    1.6096    0.0747    676.2689   346.5525    1.0160        0.0090
   ab_p2[2, 5]    0.1370    2.1628    0.1518    386.9009    62.9786    1.1261        0.0052
   ab_p2[1, 6]   -0.0332    1.5736    0.0724    665.9415   255.3040    1.0225        0.0089
   ab_p2[2, 6]   -0.1928    2.2197    0.1749    383.1970   116.0975    1.0798        0.0051
   ab_p2[1, 7]   -0.0089    1.6971    0.0674    790.9015   476.6959    1.0191        0.0106
   ab_p2[2, 7]   -0.0264    2.0475    0.1111    642.6236   320.6364    1.0689        0.0086
   ab_p2[1, 8]    0.0269    1.6382    0.0729    667.5913   315.2758    1.0273        0.0089
   ab_p2[2, 8]   -0.0155    2.1083    0.1370    401.1090   103.5375    1.0984        0.0054
   ab_p2[1, 9]   -0.0346    1.4582    0.0582    730.7539   216.1716    1.0185        0.0098
   ab_p2[2, 9]    0.1439    1.7929    0.1032    344.2020   131.1269    1.0653        0.0046
  ab_p2[1, 10]    0.0507    1.4380    0.0552    718.0517   340.3224    1.0261        0.0096
  ab_p2[2, 10]   -0.0083    1.8319    0.0965    501.6305   202.5698    1.0748        0.0067
  ab_p2[1, 11]    0.0199    1.5027    0.0615    825.3065   466.1048    1.0155        0.0110
  ab_p2[2, 11]    0.1535    1.7331    0.1569    363.3223    42.5478    1.0867        0.0049
  ab_p2[1, 12]   -0.0640    1.4644    0.0600    599.5849   325.5778    1.0134        0.0080
  ab_p2[2, 12]   -0.0337    1.7742    0.0900    572.7823   276.8097    1.0573        0.0077
        σ_e[1]    0.7273    0.7152    0.0293    504.8198   686.5939    0.9982        0.0067
        σ_e[2]    0.7980    0.7658    0.0345    423.2317   507.8570    1.0063        0.0057
     ρ_e[1, 1]    1.0000    0.0000       NaN         NaN        NaN       NaN           NaN
     ρ_e[2, 1]    0.0271    0.4434    0.0128   1128.5122   514.3474    1.0003        0.0151
     ρ_e[1, 2]    0.0271    0.4434    0.0128   1128.5122   514.3474    1.0003        0.0151
     ρ_e[2, 2]    1.0000    0.0000    0.0000   1091.2974   973.1812    1.0015        0.0146
    ab_e[1, 1]   -0.0166    0.6134    0.0202    858.2506   722.0851    1.0096        0.0115
    ab_e[2, 1]    0.0342    0.6637    0.0259    739.0580   485.2021    1.0041        0.0099
           a_t   -0.1666    0.7202    0.0222   1077.4917   637.8096    1.0108        0.0144
           b_t   -0.0201    0.7565    0.0245   1019.1632   573.3517    1.0005        0.0136
             σ    4.0994    0.0200    0.0007    923.3756   881.8417    1.0049        0.0123

Quantiles
    parameters      2.5%     25.0%     50.0%     75.0%     97.5%
        Symbol   Float64   Float64   Float64   Float64   Float64

        σ_w[1]    0.0172    0.0946    0.2068    0.4376    1.6746
        σ_w[2]    0.0590    0.1830    0.3498    0.6583    1.7927
     ρ_w[1, 1]    1.0000    1.0000    1.0000    1.0000    1.0000
     ρ_w[2, 1]   -0.8449   -0.4321   -0.0897    0.2942    0.7780
     ρ_w[1, 2]   -0.8449   -0.4321   -0.0897    0.2942    0.7780
     ρ_w[2, 2]    1.0000    1.0000    1.0000    1.0000    1.0000
    ab_w[1, 1]   -0.7156   -0.0499    0.0308    0.1268    0.7100
    ab_w[2, 1]   -0.9147   -0.2556   -0.0969    0.0367    0.7967
    ab_w[1, 2]   -0.8402   -0.1627   -0.0402    0.0233    0.5467
    ab_w[2, 2]   -0.6798   -0.0347    0.0912    0.2516    1.0173
        σ_p[1]    0.0225    0.2036    0.5808    1.1310    2.7702
        σ_p[2]    0.0081    0.1585    0.4786    0.9874    2.4858
     ρ_p[1, 1]    1.0000    1.0000    1.0000    1.0000    1.0000
     ρ_p[2, 1]   -0.8172   -0.3549   -0.0253    0.3008    0.8123
     ρ_p[1, 2]   -0.8172   -0.3549   -0.0253    0.3008    0.8123
     ρ_p[2, 2]    1.0000    1.0000    1.0000    1.0000    1.0000
    ab_p[1, 1]   -1.6233   -0.3721   -0.0370    0.1690    1.1089
    ab_p[2, 1]   -1.1748   -0.2072   -0.0027    0.2049    1.2407
    ab_p[1, 2]   -2.3392   -0.3145   -0.0009    0.2788    2.0044
    ab_p[2, 2]   -2.3152   -0.2584   -0.0058    0.1884    1.5977
    ab_p[1, 3]   -2.2918   -0.3522   -0.0040    0.2775    2.4330
    ab_p[2, 3]   -1.7139   -0.2368    0.0020    0.3022    1.9142
    ab_p[1, 4]   -1.9821   -0.2828    0.0059    0.3374    2.1453
    ab_p[2, 4]   -2.2436   -0.2625   -0.0024    0.2436    1.9193
    ab_p[1, 5]   -2.7630   -0.3207   -0.0070    0.2857    2.5482
    ab_p[2, 5]   -2.0968   -0.2590   -0.0013    0.1844    1.8016
    ab_p[1, 6]   -2.2892   -0.3514   -0.0090    0.2670    2.4055
    ab_p[2, 6]   -2.1341   -0.2241    0.0005    0.2876    2.2638
    ab_p[1, 7]   -2.3227   -0.3591   -0.0002    0.2814    2.3560
    ab_p[2, 7]   -2.0497   -0.2215    0.0046    0.2715    1.9345
    ab_p[1, 8]   -2.5309   -0.3131   -0.0010    0.3186    2.4203
    ab_p[2, 8]   -1.7549   -0.1916    0.0038    0.3052    2.3714
    ab_p[1, 9]   -2.6555   -0.3304   -0.0039    0.2484    2.0523
    ab_p[2, 9]   -1.7848   -0.2531   -0.0000    0.2076    1.9416
   ab_p[1, 10]   -1.9911   -0.2492    0.0051    0.2799    2.6904
   ab_p[2, 10]   -2.0107   -0.2347    0.0040    0.2575    2.0313
   ab_p[1, 11]   -2.4038   -0.2820    0.0058    0.3032    2.0580
   ab_p[2, 11]   -2.4541   -0.2517   -0.0038    0.1952    1.9270
   ab_p[1, 12]   -2.1912   -0.2980   -0.0014    0.2522    2.2643
   ab_p[2, 12]   -1.8792   -0.2274    0.0047    0.2673    1.9995
       σ_p2[1]    0.0873    0.4596    0.8583    1.6997    3.5720
       σ_p2[2]    0.1273    0.5804    1.1329    1.8843    5.0078
    ρ_p2[1, 1]    1.0000    1.0000    1.0000    1.0000    1.0000
    ρ_p2[2, 1]   -0.7675   -0.3439    0.0163    0.3441    0.7891
    ρ_p2[1, 2]   -0.7675   -0.3439    0.0163    0.3441    0.7891
    ρ_p2[2, 2]    1.0000    1.0000    1.0000    1.0000    1.0000
   ab_p2[1, 1]   -2.8701   -0.4594    0.0207    0.5589    3.2664
   ab_p2[2, 1]   -4.2340   -0.6393   -0.0314    0.5195    3.5528
   ab_p2[1, 2]   -3.5320   -0.5371   -0.0441    0.4145    3.1446
   ab_p2[2, 2]   -3.8425   -0.6760    0.0096    0.6988    4.1436
   ab_p2[1, 3]   -3.1759   -0.5908   -0.0034    0.5730    2.9489
   ab_p2[2, 3]   -5.2207   -0.8518   -0.0267    0.7337    3.2907
   ab_p2[1, 4]   -3.1240   -0.5309    0.0082    0.4911    3.5787
   ab_p2[2, 4]   -4.3538   -0.6473    0.0133    0.6722    4.4760
   ab_p2[1, 5]   -3.6207   -0.5093    0.0025    0.4737    2.9518
   ab_p2[2, 5]   -3.6902   -0.5152    0.0009    0.6741    5.2378
   ab_p2[1, 6]   -3.4567   -0.5128   -0.0035    0.4691    3.1923
   ab_p2[2, 6]   -4.8595   -0.7582    0.0183    0.6671    3.3378
   ab_p2[1, 7]   -3.5163   -0.5415   -0.0115    0.4574    4.1066
   ab_p2[2, 7]   -3.6389   -0.6765   -0.0234    0.7174    3.8142
   ab_p2[1, 8]   -3.2468   -0.4454    0.0072    0.5415    3.3968
   ab_p2[2, 8]   -4.2452   -0.7460   -0.0317    0.5941    4.6357
   ab_p2[1, 9]   -3.3006   -0.5264   -0.0191    0.4668    3.0691
   ab_p2[2, 9]   -3.5953   -0.5756    0.0435    0.7726    4.6707
  ab_p2[1, 10]   -3.0699   -0.4452    0.0150    0.5517    3.3501
  ab_p2[2, 10]   -4.1167   -0.6603   -0.0237    0.6647    3.6933
  ab_p2[1, 11]   -2.8534   -0.4945   -0.0071    0.4907    3.6528
  ab_p2[2, 11]   -3.3704   -0.5213    0.0445    0.7102    4.5071
  ab_p2[1, 12]   -3.3499   -0.5588   -0.0084    0.4887    2.6476
  ab_p2[2, 12]   -3.6809   -0.6677   -0.0237    0.5949    3.7688
        σ_e[1]    0.0188    0.2262    0.5209    0.9866    2.8909
        σ_e[2]    0.0289    0.2325    0.5960    1.1042    2.7050
     ρ_e[1, 1]    1.0000    1.0000    1.0000    1.0000    1.0000
     ρ_e[2, 1]   -0.7928   -0.3283    0.0361    0.3733    0.8097
     ρ_e[1, 2]   -0.7928   -0.3283    0.0361    0.3733    0.8097
     ρ_e[2, 2]    1.0000    1.0000    1.0000    1.0000    1.0000
    ab_e[1, 1]   -1.3797   -0.2564   -0.0097    0.2497    1.3036
    ab_e[2, 1]   -1.3975   -0.2256    0.0041    0.2616    1.5455
           a_t   -1.5839   -0.6233   -0.1874    0.2963    1.3402
           b_t   -1.6052   -0.4612   -0.0169    0.4044    1.4713
             σ    4.0631    4.0858    4.0988    4.1140    4.1386

