Chains MCMC chain (250×93×4 Array{Float64, 3}):

Iterations        = 126:1:375
Number of chains  = 4
Samples per chain = 250
Wall duration     = 18281.88 seconds
Compute duration  = 63754.37 seconds
parameters        = σ_w[1], σ_w[2], ρ_w[1, 1], ρ_w[2, 1], ρ_w[1, 2], ρ_w[2, 2], ab_w[1, 1], ab_w[2, 1], ab_w[1, 2], ab_w[2, 2], σ_p[1], σ_p[2], ρ_p[1, 1], ρ_p[2, 1], ρ_p[1, 2], ρ_p[2, 2], ab_p[1, 1], ab_p[2, 1], ab_p[1, 2], ab_p[2, 2], ab_p[1, 3], ab_p[2, 3], ab_p[1, 4], ab_p[2, 4], ab_p[1, 5], ab_p[2, 5], ab_p[1, 6], ab_p[2, 6], ab_p[1, 7], ab_p[2, 7], ab_p[1, 8], ab_p[2, 8], ab_p[1, 9], ab_p[2, 9], ab_p[1, 10], ab_p[2, 10], ab_p[1, 11], ab_p[2, 11], ab_p[1, 12], ab_p[2, 12], σ_p2[1], σ_p2[2], ρ_p2[1, 1], ρ_p2[2, 1], ρ_p2[1, 2], ρ_p2[2, 2], ab_p2[1, 1], ab_p2[2, 1], ab_p2[1, 2], ab_p2[2, 2], ab_p2[1, 3], ab_p2[2, 3], ab_p2[1, 4], ab_p2[2, 4], ab_p2[1, 5], ab_p2[2, 5], ab_p2[1, 6], ab_p2[2, 6], ab_p2[1, 7], ab_p2[2, 7], ab_p2[1, 8], ab_p2[2, 8], ab_p2[1, 9], ab_p2[2, 9], ab_p2[1, 10], ab_p2[2, 10], ab_p2[1, 11], ab_p2[2, 11], ab_p2[1, 12], ab_p2[2, 12], σ_e[1], σ_e[2], ρ_e[1, 1], ρ_e[2, 1], ρ_e[1, 2], ρ_e[2, 2], ab_e[1, 1], ab_e[2, 1], a_t, b_t, σ
internals         = lp, n_steps, is_accept, acceptance_rate, log_density, hamiltonian_energy, hamiltonian_energy_error, max_hamiltonian_energy_error, tree_depth, numerical_error, step_size, nom_step_size

Summary Statistics
    parameters      mean       std      mcse    ess_bulk   ess_tail      rhat   ess_per_sec
        Symbol   Float64   Float64   Float64     Float64    Float64   Float64       Float64

        σ_w[1]    0.3425    0.4511    0.0186    341.4272   281.5181    1.0033        0.0054
        σ_w[2]    0.4447    0.4306    0.0171    689.5308   733.6964    0.9990        0.0108
     ρ_w[1, 1]    1.0000    0.0000       NaN         NaN        NaN       NaN           NaN
     ρ_w[2, 1]   -0.0546    0.4294    0.0122   1223.4566   804.4727    1.0021        0.0192
     ρ_w[1, 2]   -0.0546    0.4294    0.0122   1223.4566   804.4727    1.0021        0.0192
     ρ_w[2, 2]    1.0000    0.0000    0.0000    944.9321   900.1684    1.0043        0.0148
    ab_w[1, 1]    0.0091    0.2610    0.0084    943.4994   802.2928    1.0020        0.0148
    ab_w[2, 1]   -0.0934    0.2938    0.0113    717.6628   492.1847    1.0030        0.0113
    ab_w[1, 2]   -0.0819    0.2670    0.0086    973.8582   809.0850    1.0003        0.0153
    ab_w[2, 2]    0.1232    0.2931    0.0111    794.4267   556.5163    1.0015        0.0125
        σ_p[1]    0.6695    0.5825    0.0708     53.3970   162.3552    1.0450        0.0008
        σ_p[2]    0.5133    0.6767    0.1598      8.1768    23.4888    1.4775        0.0001
     ρ_p[1, 1]    1.0000    0.0000       NaN         NaN        NaN       NaN           NaN
     ρ_p[2, 1]    0.0188    0.4461    0.0150    921.8613   874.8851    1.0004        0.0145
     ρ_p[1, 2]    0.0188    0.4461    0.0150    921.8613   874.8851    1.0004        0.0145
     ρ_p[2, 2]    1.0000    0.0000    0.0000    992.7260   853.6849    1.0044        0.0156
    ab_p[1, 1]   -0.0937    0.4450    0.0150    921.3211   518.2579    1.0276        0.0145
    ab_p[2, 1]    0.0096    0.3985    0.0163    817.5905   177.2234    1.1793        0.0128
    ab_p[1, 2]   -0.0213    0.8186    0.0281    909.7815   335.9952    1.0171        0.0143
    ab_p[2, 2]    0.0804    1.0731    0.0853    519.4197    79.9392    1.2318        0.0081
    ab_p[1, 3]    0.0212    0.8657    0.0296    903.6837   233.5462    1.0126        0.0142
    ab_p[2, 3]    0.0192    0.8774    0.0448    802.9503   142.9272    1.2582        0.0126
    ab_p[1, 4]    0.0248    0.8416    0.0247   1204.6595   412.0168    1.0126        0.0189
    ab_p[2, 4]   -0.0364    0.8084    0.0361    549.7327    89.5747    1.2012        0.0086
    ab_p[1, 5]    0.0123    0.8296    0.0247   1452.7958   231.0898    1.0284        0.0228
    ab_p[2, 5]   -0.0115    0.7043    0.0229   1015.2598   150.1535    1.2188        0.0159
    ab_p[1, 6]    0.0278    0.8706    0.0321    817.4524   353.9226    1.0345        0.0128
    ab_p[2, 6]   -0.0178    1.0734    0.0472    933.2428   106.6260    1.2347        0.0146
    ab_p[1, 7]   -0.0323    0.8874    0.0327    889.9540   259.6331    1.0169        0.0140
    ab_p[2, 7]    0.0168    0.8933    0.0360    996.0554   184.3064    1.2628        0.0156
    ab_p[1, 8]    0.0353    0.9375    0.0275   1209.6707   362.4737    1.0151        0.0190
    ab_p[2, 8]    0.0440    0.7428    0.0411    677.0727   117.3839    1.2234        0.0106
    ab_p[1, 9]    0.0221    0.7523    0.0233   1037.9055   336.8939    1.0203        0.0163
    ab_p[2, 9]   -0.0645    0.9598    0.0426   1058.3439   208.7107    1.2073        0.0166
   ab_p[1, 10]   -0.0266    0.8837    0.0262   1200.4461   555.0698    1.0229        0.0188
   ab_p[2, 10]   -0.0029    0.7707    0.0311    760.8596   138.3316    1.2520        0.0119
   ab_p[1, 11]    0.0105    0.8687    0.0286   1051.2950   397.0178    1.0254        0.0165
   ab_p[2, 11]   -0.0208    0.8118    0.0392    794.8885   181.3736    1.2366        0.0125
   ab_p[1, 12]    0.0116    0.8948    0.0255   1206.2282   456.5813    1.0321        0.0189
   ab_p[2, 12]    0.0783    0.9194    0.0644    863.6184    72.6516    1.2934        0.0135
       σ_p2[1]    1.1029    1.0488    0.1894     19.2560    54.3027    1.1657        0.0003
       σ_p2[2]    0.9868    0.9747    0.2956      8.2014    15.8851    1.4990        0.0001
    ρ_p2[1, 1]    1.0000    0.0000       NaN         NaN        NaN       NaN           NaN
    ρ_p2[2, 1]    0.0169    0.4360    0.0165    652.0065   597.2743    1.0039        0.0102
    ρ_p2[1, 2]    0.0169    0.4360    0.0165    652.0065   597.2743    1.0039        0.0102
    ρ_p2[2, 2]    1.0000    0.0000    0.0000   1016.2909   922.5611    1.0001        0.0159
   ab_p2[1, 1]    0.0155    1.5354    0.0562    967.2448   265.9664    1.1058        0.0152
   ab_p2[2, 1]   -0.0462    1.2839    0.0582    582.2475   156.5818    1.2269        0.0091
   ab_p2[1, 2]   -0.0025    1.5748    0.0705    611.0046   205.3745    1.0941        0.0096
   ab_p2[2, 2]   -0.0686    1.6254    0.0948    508.0889   102.7722    1.2476        0.0080
   ab_p2[1, 3]   -0.0408    1.4165    0.0532    883.3817   225.9561    1.0681        0.0139
   ab_p2[2, 3]    0.0208    1.2999    0.0682    525.6328    70.5867    1.2438        0.0082
   ab_p2[1, 4]    0.0386    1.6881    0.0765    605.6148   184.0474    1.0961        0.0095
   ab_p2[2, 4]    0.0682    1.6087    0.1194    568.8700    89.9478    1.2620        0.0089
   ab_p2[1, 5]   -0.0151    1.7163    0.0875    612.4061   195.7119    1.1196        0.0096
   ab_p2[2, 5]    0.0911    1.4787    0.0695    702.8531   104.9817    1.2408        0.0110
   ab_p2[1, 6]   -0.0453    1.5552    0.0669    777.7419   238.2951    1.1002        0.0122
   ab_p2[2, 6]    0.0948    1.4209    0.0648    748.8144   157.0356    1.2296        0.0117
   ab_p2[1, 7]    0.0076    1.6258    0.0627    910.5675   320.9525    1.0897        0.0143
   ab_p2[2, 7]   -0.0199    1.2204    0.0392   1029.2373    96.6019    1.2886        0.0161
   ab_p2[1, 8]   -0.0132    1.4966    0.0616    761.7919   243.3485    1.0786        0.0119
   ab_p2[2, 8]   -0.0407    1.1728    0.0467    739.4451    93.3903    1.2260        0.0116
   ab_p2[1, 9]    0.0145    1.2787    0.0652    465.1168   244.9720    1.1006        0.0073
   ab_p2[2, 9]   -0.0595    1.4183    0.0732    618.2014    84.6501    1.2385        0.0097
  ab_p2[1, 10]    0.0400    1.4823    0.0557    876.1798   364.1034    1.1087        0.0137
  ab_p2[2, 10]   -0.0854    1.4523    0.0812    545.0997    91.7215    1.2194        0.0085
  ab_p2[1, 11]   -0.0134    1.6240    0.0660    786.7104   374.5347    1.1228        0.0123
  ab_p2[2, 11]    0.0091    1.3853    0.0521    809.8152   223.3156    1.2366        0.0127
  ab_p2[1, 12]   -0.0122    1.3909    0.0454    958.9634   381.8565    1.0832        0.0150
  ab_p2[2, 12]   -0.0270    1.2011    0.0475    805.4203   120.6413    1.2272        0.0126
        σ_e[1]    0.7241    0.7434    0.0338    337.5702   328.1874    1.0041        0.0053
        σ_e[2]    0.6106    0.7120    0.0275    492.7027   518.9708    1.0061        0.0077
     ρ_e[1, 1]    1.0000    0.0000       NaN         NaN        NaN       NaN           NaN
     ρ_e[2, 1]   -0.0018    0.4538    0.0123   1359.9959   715.5423    1.0039        0.0213
     ρ_e[1, 2]   -0.0018    0.4538    0.0123   1359.9959   715.5423    1.0039        0.0213
     ρ_e[2, 2]    1.0000    0.0000    0.0000    942.9048   864.2917    1.0003        0.0148
    ab_e[1, 1]   -0.1563    0.4365    0.0153    881.9658   560.9981    1.0145        0.0138
    ab_e[2, 1]   -0.0049    0.4068    0.0150    902.1314   602.9442    1.0149        0.0142
           a_t   -0.0341    0.2041    0.0063   1016.0147   647.5155    1.0043        0.0159
           b_t    0.0037    0.1821    0.0055   1091.6545   768.5791    1.0095        0.0171
             σ    4.0987    0.0204    0.0007    968.9172   776.6250    0.9990        0.0152

Quantiles
    parameters      2.5%     25.0%     50.0%     75.0%     97.5%
        Symbol   Float64   Float64   Float64   Float64   Float64

        σ_w[1]    0.0078    0.0741    0.1744    0.4104    1.7022
        σ_w[2]    0.0535    0.1709    0.2986    0.5642    1.6456
     ρ_w[1, 1]    1.0000    1.0000    1.0000    1.0000    1.0000
     ρ_w[2, 1]   -0.8270   -0.3830   -0.0579    0.2785    0.7378
     ρ_w[1, 2]   -0.8270   -0.3830   -0.0579    0.2785    0.7378
     ρ_w[2, 2]    1.0000    1.0000    1.0000    1.0000    1.0000
    ab_w[1, 1]   -0.6074   -0.0463    0.0145    0.0945    0.5197
    ab_w[2, 1]   -0.6912   -0.2180   -0.0898    0.0129    0.6017
    ab_w[1, 2]   -0.7013   -0.1489   -0.0420    0.0131    0.3880
    ab_w[2, 2]   -0.4634    0.0030    0.1069    0.2390    0.7937
        σ_p[1]    0.0683    0.2444    0.5028    0.9146    2.1728
        σ_p[2]    0.0212    0.1160    0.2862    0.6314    2.2336
     ρ_p[1, 1]    1.0000    1.0000    1.0000    1.0000    1.0000
     ρ_p[2, 1]   -0.8225   -0.3060    0.0195    0.3517    0.8173
     ρ_p[1, 2]   -0.8225   -0.3060    0.0195    0.3517    0.8173
     ρ_p[2, 2]    1.0000    1.0000    1.0000    1.0000    1.0000
    ab_p[1, 1]   -1.0525   -0.3073   -0.0731    0.1085    0.8315
    ab_p[2, 1]   -0.8388   -0.1129    0.0061    0.1294    0.8872
    ab_p[1, 2]   -2.0329   -0.3122   -0.0001    0.3216    1.7150
    ab_p[2, 2]   -1.3130   -0.1358    0.0021    0.1645    1.7865
    ab_p[1, 3]   -1.8030   -0.2733    0.0172    0.2606    2.1022
    ab_p[2, 3]   -1.8812   -0.1664   -0.0001    0.1708    1.6128
    ab_p[1, 4]   -1.8064   -0.2722   -0.0044    0.2637    2.0924
    ab_p[2, 4]   -1.6703   -0.1651   -0.0106    0.1168    1.2963
    ab_p[1, 5]   -1.6586   -0.2705    0.0016    0.2556    1.9646
    ab_p[2, 5]   -1.6487   -0.1765   -0.0095    0.1353    1.4791
    ab_p[1, 6]   -1.8063   -0.2645    0.0099    0.3033    2.0811
    ab_p[2, 6]   -1.3911   -0.1514    0.0015    0.1736    1.7144
    ab_p[1, 7]   -2.0014   -0.2714   -0.0233    0.2249    2.0536
    ab_p[2, 7]   -1.7260   -0.1631   -0.0016    0.1842    1.5814
    ab_p[1, 8]   -2.1298   -0.2347    0.0166    0.3270    2.0087
    ab_p[2, 8]   -1.1829   -0.1432   -0.0054    0.1516    1.8892
    ab_p[1, 9]   -1.6038   -0.3093    0.0074    0.2938    1.7634
    ab_p[2, 9]   -1.9238   -0.1724    0.0014    0.1592    1.4094
   ab_p[1, 10]   -1.9392   -0.3028   -0.0056    0.3016    1.8237
   ab_p[2, 10]   -1.4920   -0.1727    0.0013    0.1626    1.5368
   ab_p[1, 11]   -2.0602   -0.2962    0.0059    0.3069    1.7555
   ab_p[2, 11]   -1.8197   -0.1941   -0.0056    0.1504    1.7539
   ab_p[1, 12]   -1.9822   -0.2489    0.0095    0.3098    2.0403
   ab_p[2, 12]   -1.4047   -0.1673    0.0048    0.1695    2.2468
       σ_p2[1]    0.0532    0.3133    0.7595    1.6068    3.9384
       σ_p2[2]    0.0233    0.2871    0.6749    1.3676    3.5952
    ρ_p2[1, 1]    1.0000    1.0000    1.0000    1.0000    1.0000
    ρ_p2[2, 1]   -0.7867   -0.3233    0.0132    0.3529    0.8147
    ρ_p2[1, 2]   -0.7867   -0.3233    0.0132    0.3529    0.8147
    ρ_p2[2, 2]    1.0000    1.0000    1.0000    1.0000    1.0000
   ab_p2[1, 1]   -3.4957   -0.4344   -0.0144    0.3920    3.5426
   ab_p2[2, 1]   -3.2047   -0.3661   -0.0001    0.3250    2.6184
   ab_p2[1, 2]   -3.7399   -0.3673    0.0089    0.4404    3.7836
   ab_p2[2, 2]   -3.0287   -0.3609    0.0008    0.3654    3.2177
   ab_p2[1, 3]   -3.2469   -0.4490   -0.0075    0.3381    3.2715
   ab_p2[2, 3]   -3.1239   -0.3418    0.0087    0.4171    2.7458
   ab_p2[1, 4]   -4.0921   -0.4202    0.0134    0.4607    4.0700
   ab_p2[2, 4]   -3.3869   -0.3301    0.0071    0.4021    3.6417
   ab_p2[1, 5]   -4.0539   -0.4016    0.0108    0.4240    3.8177
   ab_p2[2, 5]   -3.0717   -0.3423    0.0101    0.4358    3.4468
   ab_p2[1, 6]   -3.3339   -0.3916   -0.0043    0.3838    3.2124
   ab_p2[2, 6]   -2.1938   -0.2947    0.0102    0.4377    3.2943
   ab_p2[1, 7]   -3.0779   -0.5016    0.0003    0.4140    3.7748
   ab_p2[2, 7]   -2.4806   -0.4137   -0.0119    0.3790    2.5740
   ab_p2[1, 8]   -3.4285   -0.4223   -0.0005    0.3927    3.4330
   ab_p2[2, 8]   -2.8485   -0.3639   -0.0009    0.3629    2.4917
   ab_p2[1, 9]   -2.6445   -0.4100   -0.0062    0.4073    3.0023
   ab_p2[2, 9]   -3.7624   -0.3612   -0.0070    0.3457    2.6697
  ab_p2[1, 10]   -2.8499   -0.4590    0.0053    0.4345    3.2021
  ab_p2[2, 10]   -3.3201   -0.4038   -0.0079    0.3094    2.8388
  ab_p2[1, 11]   -3.3874   -0.4159   -0.0098    0.3674    3.2354
  ab_p2[2, 11]   -3.0960   -0.3870    0.0011    0.3267    3.1532
  ab_p2[1, 12]   -3.2337   -0.4632    0.0007    0.3803    3.0794
  ab_p2[2, 12]   -2.9269   -0.4054    0.0017    0.3747    2.5676
        σ_e[1]    0.0260    0.2238    0.5074    0.9768    2.7056
        σ_e[2]    0.0221    0.1425    0.3578    0.7894    2.6391
     ρ_e[1, 1]    1.0000    1.0000    1.0000    1.0000    1.0000
     ρ_e[2, 1]   -0.7943   -0.3559   -0.0164    0.3610    0.8058
     ρ_e[1, 2]   -0.7943   -0.3559   -0.0164    0.3610    0.8058
     ρ_e[2, 2]    1.0000    1.0000    1.0000    1.0000    1.0000
    ab_e[1, 1]   -1.1119   -0.3679   -0.0922    0.0508    0.7924
    ab_e[2, 1]   -0.9190   -0.1155    0.0012    0.1261    0.9108
           a_t   -0.4474   -0.1708   -0.0433    0.1038    0.3582
           b_t   -0.3545   -0.1119   -0.0015    0.1243    0.3590
             σ    4.0572    4.0855    4.0986    4.1119    4.1377

