Chains MCMC chain (250×93×4 Array{Float64, 3}):

Iterations        = 126:1:375
Number of chains  = 4
Samples per chain = 250
Wall duration     = 18816.5 seconds
Compute duration  = 67333.1 seconds
parameters        = σ_w[1], σ_w[2], ρ_w[1, 1], ρ_w[2, 1], ρ_w[1, 2], ρ_w[2, 2], ab_w[1, 1], ab_w[2, 1], ab_w[1, 2], ab_w[2, 2], σ_p[1], σ_p[2], ρ_p[1, 1], ρ_p[2, 1], ρ_p[1, 2], ρ_p[2, 2], ab_p[1, 1], ab_p[2, 1], ab_p[1, 2], ab_p[2, 2], ab_p[1, 3], ab_p[2, 3], ab_p[1, 4], ab_p[2, 4], ab_p[1, 5], ab_p[2, 5], ab_p[1, 6], ab_p[2, 6], ab_p[1, 7], ab_p[2, 7], ab_p[1, 8], ab_p[2, 8], ab_p[1, 9], ab_p[2, 9], ab_p[1, 10], ab_p[2, 10], ab_p[1, 11], ab_p[2, 11], ab_p[1, 12], ab_p[2, 12], σ_p2[1], σ_p2[2], ρ_p2[1, 1], ρ_p2[2, 1], ρ_p2[1, 2], ρ_p2[2, 2], ab_p2[1, 1], ab_p2[2, 1], ab_p2[1, 2], ab_p2[2, 2], ab_p2[1, 3], ab_p2[2, 3], ab_p2[1, 4], ab_p2[2, 4], ab_p2[1, 5], ab_p2[2, 5], ab_p2[1, 6], ab_p2[2, 6], ab_p2[1, 7], ab_p2[2, 7], ab_p2[1, 8], ab_p2[2, 8], ab_p2[1, 9], ab_p2[2, 9], ab_p2[1, 10], ab_p2[2, 10], ab_p2[1, 11], ab_p2[2, 11], ab_p2[1, 12], ab_p2[2, 12], σ_e[1], σ_e[2], ρ_e[1, 1], ρ_e[2, 1], ρ_e[1, 2], ρ_e[2, 2], ab_e[1, 1], ab_e[2, 1], a_t, b_t, σ
internals         = lp, n_steps, is_accept, acceptance_rate, log_density, hamiltonian_energy, hamiltonian_energy_error, max_hamiltonian_energy_error, tree_depth, numerical_error, step_size, nom_step_size

Summary Statistics
    parameters      mean       std      mcse    ess_bulk    ess_tail      rhat   ess_per_sec
        Symbol   Float64   Float64   Float64     Float64     Float64   Float64       Float64

        σ_w[1]    0.4062    0.5227    0.0263    352.0462    513.3677    1.0079        0.0052
        σ_w[2]    0.4882    0.4936    0.0200    688.3775    792.1220    0.9994        0.0102
     ρ_w[1, 1]    1.0000    0.0000       NaN         NaN         NaN       NaN           NaN
     ρ_w[2, 1]   -0.0387    0.4525    0.0145    946.7183    694.1785    1.0014        0.0141
     ρ_w[1, 2]   -0.0387    0.4525    0.0145    946.7183    694.1785    1.0014        0.0141
     ρ_w[2, 2]    1.0000    0.0000    0.0000   1100.0994   1046.1927    1.0000        0.0163
    ab_w[1, 1]    0.0535    0.4103    0.0181    534.2952    440.9751    1.0117        0.0079
    ab_w[2, 1]   -0.1023    0.3957    0.0143    927.6600    484.4267    0.9994        0.0138
    ab_w[1, 2]   -0.0487    0.4126    0.0193    489.2085    457.6959    1.0099        0.0073
    ab_w[2, 2]    0.1089    0.3972    0.0145    893.3431    466.6638    0.9999        0.0133
        σ_p[1]    0.8794    0.7917    0.1615     13.4111     45.0400    1.2415        0.0002
        σ_p[2]    0.7147    0.6490    0.1171     15.2032     18.1330    1.2515        0.0002
     ρ_p[1, 1]    1.0000    0.0000       NaN         NaN         NaN       NaN           NaN
     ρ_p[2, 1]    0.0181    0.4616    0.0152    909.5992    740.3688    1.0021        0.0135
     ρ_p[1, 2]    0.0181    0.4616    0.0152    909.5992    740.3688    1.0021        0.0135
     ρ_p[2, 2]    1.0000    0.0000    0.0000    924.4811    912.8433    1.0049        0.0137
    ab_p[1, 1]   -0.1181    0.7122    0.0212   1131.4469    662.2909    1.1247        0.0168
    ab_p[2, 1]    0.0035    0.6675    0.0273    893.6535    316.4579    1.1597        0.0133
    ab_p[1, 2]    0.0420    1.2065    0.0447   1020.0525    292.4064    1.1465        0.0151
    ab_p[2, 2]   -0.0148    0.9723    0.0295   1210.7946    332.6143    1.1458        0.0180
    ab_p[1, 3]   -0.0198    1.2075    0.0457    948.0981    322.6409    1.1487        0.0141
    ab_p[2, 3]    0.0420    0.9022    0.0272   1160.5480    343.9700    1.1368        0.0172
    ab_p[1, 4]    0.0281    1.0902    0.0290   1319.9137    431.1963    1.1364        0.0196
    ab_p[2, 4]   -0.0405    0.8870    0.0320   1099.6328    439.2158    1.1236        0.0163
    ab_p[1, 5]   -0.0386    1.1966    0.0486    882.4003    236.6144    1.1689        0.0131
    ab_p[2, 5]   -0.0083    0.9950    0.0347    995.8816    404.5679    1.1302        0.0148
    ab_p[1, 6]   -0.0678    1.1863    0.0498    842.0218    330.3650    1.1377        0.0125
    ab_p[2, 6]    0.0431    0.8724    0.0287    936.4839    388.5007    1.1617        0.0139
    ab_p[1, 7]    0.0558    1.2765    0.0596    978.0032    226.1509    1.1686        0.0145
    ab_p[2, 7]    0.0410    0.9269    0.0357    990.1150    333.1620    1.1295        0.0147
    ab_p[1, 8]    0.0545    1.2254    0.0448    953.2778    312.8258    1.1889        0.0142
    ab_p[2, 8]   -0.0096    0.8181    0.0331    966.0349    271.2929    1.1352        0.0143
    ab_p[1, 9]   -0.0030    1.1065    0.0349   1127.7813    275.9948    1.1328        0.0167
    ab_p[2, 9]   -0.0183    0.9969    0.0399   1043.6898    335.7258    1.1526        0.0155
   ab_p[1, 10]   -0.0388    1.1266    0.0363    928.6603    379.8945    1.1383        0.0138
   ab_p[2, 10]   -0.0031    0.8421    0.0274   1003.2199    460.4166    1.1296        0.0149
   ab_p[1, 11]   -0.1224    1.2041    0.0414   1002.8725    328.2015    1.1322        0.0149
   ab_p[2, 11]   -0.0166    1.0197    0.0439    837.6111    288.6646    1.1356        0.0124
   ab_p[1, 12]   -0.0022    1.0826    0.0333   1055.1693    521.6940    1.1335        0.0157
   ab_p[2, 12]    0.0380    0.9271    0.0339    994.2680    339.0366    1.1434        0.0148
       σ_p2[1]    0.9270    1.0868    0.1737     19.1062     33.4680    1.1539        0.0003
       σ_p2[2]    1.2526    1.2543    0.3714      8.5113     34.5340    1.4153        0.0001
    ρ_p2[1, 1]    1.0000    0.0000       NaN         NaN         NaN       NaN           NaN
    ρ_p2[2, 1]    0.0089    0.4452    0.0169    653.3204    669.4571    1.0042        0.0097
    ρ_p2[1, 2]    0.0089    0.4452    0.0169    653.3204    669.4571    1.0042        0.0097
    ρ_p2[2, 2]    1.0000    0.0000    0.0000   1061.2191    998.5361    1.0002        0.0158
   ab_p2[1, 1]    0.0668    1.3278    0.0633    712.3328    214.3138    1.1087        0.0106
   ab_p2[2, 1]   -0.0968    1.7305    0.0797    726.6143    227.9309    1.1495        0.0108
   ab_p2[1, 2]   -0.0265    1.4261    0.0770    586.8814    143.1652    1.0754        0.0087
   ab_p2[2, 2]   -0.1848    2.1288    0.1270    461.1071     91.4481    1.1975        0.0068
   ab_p2[1, 3]   -0.0963    1.5707    0.1054    613.7059    148.7347    1.0843        0.0091
   ab_p2[2, 3]   -0.1108    1.9418    0.0998    509.6698     94.9763    1.1946        0.0076
   ab_p2[1, 4]    0.0947    1.5101    0.0734    613.8700    171.3172    1.0789        0.0091
   ab_p2[2, 4]    0.0294    1.7582    0.0989    653.8698    102.6989    1.1570        0.0097
   ab_p2[1, 5]    0.1609    1.5988    0.1115    595.2114    186.1870    1.0862        0.0088
   ab_p2[2, 5]   -0.0885    1.7260    0.0963    523.2075    185.2939    1.1944        0.0078
   ab_p2[1, 6]    0.0340    1.2648    0.0666    608.7984    186.4576    1.0679        0.0090
   ab_p2[2, 6]   -0.0045    1.8154    0.0930    532.1470    176.2745    1.1777        0.0079
   ab_p2[1, 7]   -0.0867    1.4672    0.0899    482.4110    148.7226    1.1002        0.0072
   ab_p2[2, 7]    0.2040    1.8338    0.2055    279.9169     54.8105    1.2064        0.0042
   ab_p2[1, 8]   -0.0928    1.5188    0.1037    567.0464    114.4420    1.0919        0.0084
   ab_p2[2, 8]    0.0536    1.7433    0.0979    474.3558     65.4838    1.1585        0.0070
   ab_p2[1, 9]    0.0167    1.2361    0.0617    682.2410    202.8594    1.1103        0.0101
   ab_p2[2, 9]    0.0203    1.6658    0.0843    534.2608    125.3038    1.1997        0.0079
  ab_p2[1, 10]   -0.1469    1.5575    0.1123    432.7552     95.8030    1.1048        0.0064
  ab_p2[2, 10]   -0.1812    1.7286    0.0817    608.8827    225.6608    1.1652        0.0090
  ab_p2[1, 11]   -0.0041    1.5387    0.0767    612.0671    180.8494    1.0950        0.0091
  ab_p2[2, 11]   -0.3179    2.2699    0.3143    411.6200     34.3846    1.2001        0.0061
  ab_p2[1, 12]    0.1054    1.4525    0.0730    684.9290    236.3261    1.0970        0.0102
  ab_p2[2, 12]    0.1804    1.8885    0.0875    644.5991    146.7549    1.1555        0.0096
        σ_e[1]    0.7847    0.8020    0.0346    480.2725    495.9457    1.0086        0.0071
        σ_e[2]    0.8281    0.7907    0.0342    420.7625    383.2998    1.0109        0.0062
     ρ_e[1, 1]    1.0000    0.0000       NaN         NaN         NaN       NaN           NaN
     ρ_e[2, 1]    0.0086    0.4544    0.0137   1119.7801    665.6630    1.0150        0.0166
     ρ_e[1, 2]    0.0086    0.4544    0.0137   1119.7801    665.6630    1.0150        0.0166
     ρ_e[2, 2]    1.0000    0.0000    0.0000   1009.2358    884.9397    1.0004        0.0150
    ab_e[1, 1]   -0.0836    0.6438    0.0211    935.3461    800.3245    1.0024        0.0139
    ab_e[2, 1]    0.0341    0.8139    0.0355    775.9072    525.7321    1.0155        0.0115
           a_t   -0.1238    0.7148    0.0216   1095.4942    689.0743    1.0097        0.0163
           b_t   -0.0195    0.7093    0.0216   1073.9669    694.0856    1.0210        0.0160
             σ    4.0991    0.0198    0.0006   1059.7041    708.9825    1.0014        0.0157

Quantiles
    parameters      2.5%     25.0%     50.0%     75.0%     97.5%
        Symbol   Float64   Float64   Float64   Float64   Float64

        σ_w[1]    0.0144    0.1023    0.2370    0.4979    1.7677
        σ_w[2]    0.0585    0.1825    0.3436    0.5979    1.8084
     ρ_w[1, 1]    1.0000    1.0000    1.0000    1.0000    1.0000
     ρ_w[2, 1]   -0.8348   -0.3806   -0.0583    0.3056    0.8016
     ρ_w[1, 2]   -0.8348   -0.3806   -0.0583    0.3056    0.8016
     ρ_w[2, 2]    1.0000    1.0000    1.0000    1.0000    1.0000
    ab_w[1, 1]   -0.8115   -0.0432    0.0351    0.1581    0.9582
    ab_w[2, 1]   -0.9070   -0.2293   -0.0916    0.0340    0.6336
    ab_w[1, 2]   -0.8866   -0.1620   -0.0354    0.0462    0.8681
    ab_w[2, 2]   -0.6603   -0.0247    0.1003    0.2452    0.8614
        σ_p[1]    0.0208    0.2833    0.6649    1.2748    2.7794
        σ_p[2]    0.0236    0.2409    0.5296    1.0160    2.2864
     ρ_p[1, 1]    1.0000    1.0000    1.0000    1.0000    1.0000
     ρ_p[2, 1]   -0.8263   -0.3433    0.0382    0.3823    0.8068
     ρ_p[1, 2]   -0.8263   -0.3433    0.0382    0.3823    0.8068
     ρ_p[2, 2]    1.0000    1.0000    1.0000    1.0000    1.0000
    ab_p[1, 1]   -1.7067   -0.4531   -0.0278    0.2192    1.2937
    ab_p[2, 1]   -1.2720   -0.2424   -0.0033    0.2548    1.3956
    ab_p[1, 2]   -2.5305   -0.3475   -0.0006    0.3828    2.5905
    ab_p[2, 2]   -2.1553   -0.2824   -0.0110    0.2732    2.1212
    ab_p[1, 3]   -3.0178   -0.3359    0.0028    0.3979    2.3906
    ab_p[2, 3]   -1.9064   -0.2486    0.0103    0.3198    2.2024
    ab_p[1, 4]   -2.4621   -0.2964   -0.0031    0.3456    2.5378
    ab_p[2, 4]   -1.9743   -0.3449   -0.0197    0.2639    1.8292
    ab_p[1, 5]   -2.9050   -0.3704   -0.0053    0.3271    2.4860
    ab_p[2, 5]   -2.2121   -0.2876    0.0078    0.3079    2.0407
    ab_p[1, 6]   -2.7477   -0.3625   -0.0142    0.2914    2.2544
    ab_p[2, 6]   -1.7360   -0.2280    0.0077    0.3429    1.8390
    ab_p[1, 7]   -2.4203   -0.3443   -0.0020    0.3210    3.1674
    ab_p[2, 7]   -1.6365   -0.3182   -0.0021    0.2927    2.1491
    ab_p[1, 8]   -2.5339   -0.3140    0.0024    0.3907    2.9541
    ab_p[2, 8]   -1.8854   -0.2768    0.0162    0.3273    1.6424
    ab_p[1, 9]   -2.5029   -0.3573   -0.0014    0.3697    2.4183
    ab_p[2, 9]   -1.9167   -0.3057   -0.0078    0.3392    1.8544
   ab_p[1, 10]   -2.4774   -0.4017    0.0026    0.3756    2.3969
   ab_p[2, 10]   -1.8708   -0.2947   -0.0026    0.2581    1.9254
   ab_p[1, 11]   -3.3494   -0.4559   -0.0110    0.3103    2.3239
   ab_p[2, 11]   -2.1348   -0.3012   -0.0113    0.3138    2.0422
   ab_p[1, 12]   -2.1512   -0.3550    0.0007    0.3766    2.0992
   ab_p[2, 12]   -1.8137   -0.2946   -0.0020    0.3084    2.0823
       σ_p2[1]    0.0207    0.1841    0.5525    1.2464    3.8558
       σ_p2[2]    0.0844    0.3831    0.8095    1.7757    5.0262
    ρ_p2[1, 1]    1.0000    1.0000    1.0000    1.0000    1.0000
    ρ_p2[2, 1]   -0.8270   -0.3345    0.0025    0.3770    0.7808
    ρ_p2[1, 2]   -0.8270   -0.3345    0.0025    0.3770    0.7808
    ρ_p2[2, 2]    1.0000    1.0000    1.0000    1.0000    1.0000
   ab_p2[1, 1]   -2.5056   -0.2894    0.0070    0.3197    3.1410
   ab_p2[2, 1]   -3.1539   -0.6454   -0.0397    0.4196    3.2642
   ab_p2[1, 2]   -3.5366   -0.2875    0.0013    0.2885    2.8449
   ab_p2[2, 2]   -5.3069   -0.4942   -0.0176    0.4517    3.7713
   ab_p2[1, 3]   -3.5625   -0.3173    0.0067    0.2762    2.7084
   ab_p2[2, 3]   -4.2660   -0.5177   -0.0123    0.4976    3.8261
   ab_p2[1, 4]   -2.6692   -0.2502    0.0074    0.3606    3.8406
   ab_p2[2, 4]   -3.8341   -0.4574    0.0011    0.4474    3.2825
   ab_p2[1, 5]   -2.2044   -0.2667    0.0150    0.3302    3.2060
   ab_p2[2, 5]   -3.6246   -0.5235   -0.0377    0.4661    3.5517
   ab_p2[1, 6]   -2.5189   -0.2321    0.0077    0.2709    2.9852
   ab_p2[2, 6]   -3.7120   -0.4581   -0.0192    0.4613    3.9586
   ab_p2[1, 7]   -3.4258   -0.3061   -0.0057    0.2657    2.6023
   ab_p2[2, 7]   -3.1926   -0.3683    0.0210    0.6044    4.9041
   ab_p2[1, 8]   -3.9933   -0.3029   -0.0060    0.3069    2.7566
   ab_p2[2, 8]   -3.7517   -0.3920    0.0022    0.4297    4.5053
   ab_p2[1, 9]   -2.7626   -0.2612    0.0064    0.3477    2.7051
   ab_p2[2, 9]   -3.3984   -0.4331    0.0061    0.4839    3.5187
  ab_p2[1, 10]   -4.3467   -0.3532   -0.0089    0.2765    2.8029
  ab_p2[2, 10]   -4.4436   -0.5595   -0.0194    0.4068    2.9549
  ab_p2[1, 11]   -3.0912   -0.3002   -0.0091    0.3013    3.4558
  ab_p2[2, 11]   -6.5923   -0.5173    0.0036    0.4559    3.1406
  ab_p2[1, 12]   -2.3439   -0.2552    0.0071    0.2849    3.6970
  ab_p2[2, 12]   -3.8928   -0.3279    0.0671    0.6689    4.6567
        σ_e[1]    0.0195    0.2214    0.5335    1.0376    2.9193
        σ_e[2]    0.0182    0.2695    0.6069    1.1358    3.0315
     ρ_e[1, 1]    1.0000    1.0000    1.0000    1.0000    1.0000
     ρ_e[2, 1]   -0.8125   -0.3280    0.0196    0.3604    0.8151
     ρ_e[1, 2]   -0.8125   -0.3280    0.0196    0.3604    0.8151
     ρ_e[2, 2]    1.0000    1.0000    1.0000    1.0000    1.0000
    ab_e[1, 1]   -1.4967   -0.2987   -0.0252    0.1844    1.2166
    ab_e[2, 1]   -1.3793   -0.2840    0.0010    0.3257    1.5821
           a_t   -1.5562   -0.5851   -0.1320    0.3371    1.3231
           b_t   -1.3754   -0.4688   -0.0191    0.3970    1.4589
             σ    4.0599    4.0860    4.0983    4.1127    4.1387

