Chains MCMC chain (250×93×4 Array{Float64, 3}):

Iterations        = 126:1:375
Number of chains  = 4
Samples per chain = 250
Wall duration     = 20435.9 seconds
Compute duration  = 58255.35 seconds
parameters        = σ_w[1], σ_w[2], ρ_w[1, 1], ρ_w[2, 1], ρ_w[1, 2], ρ_w[2, 2], ab_w[1, 1], ab_w[2, 1], ab_w[1, 2], ab_w[2, 2], σ_p[1], σ_p[2], ρ_p[1, 1], ρ_p[2, 1], ρ_p[1, 2], ρ_p[2, 2], ab_p[1, 1], ab_p[2, 1], ab_p[1, 2], ab_p[2, 2], ab_p[1, 3], ab_p[2, 3], ab_p[1, 4], ab_p[2, 4], ab_p[1, 5], ab_p[2, 5], ab_p[1, 6], ab_p[2, 6], ab_p[1, 7], ab_p[2, 7], ab_p[1, 8], ab_p[2, 8], ab_p[1, 9], ab_p[2, 9], ab_p[1, 10], ab_p[2, 10], ab_p[1, 11], ab_p[2, 11], ab_p[1, 12], ab_p[2, 12], σ_p2[1], σ_p2[2], ρ_p2[1, 1], ρ_p2[2, 1], ρ_p2[1, 2], ρ_p2[2, 2], ab_p2[1, 1], ab_p2[2, 1], ab_p2[1, 2], ab_p2[2, 2], ab_p2[1, 3], ab_p2[2, 3], ab_p2[1, 4], ab_p2[2, 4], ab_p2[1, 5], ab_p2[2, 5], ab_p2[1, 6], ab_p2[2, 6], ab_p2[1, 7], ab_p2[2, 7], ab_p2[1, 8], ab_p2[2, 8], ab_p2[1, 9], ab_p2[2, 9], ab_p2[1, 10], ab_p2[2, 10], ab_p2[1, 11], ab_p2[2, 11], ab_p2[1, 12], ab_p2[2, 12], σ_e[1], σ_e[2], ρ_e[1, 1], ρ_e[2, 1], ρ_e[1, 2], ρ_e[2, 2], ab_e[1, 1], ab_e[2, 1], a_t, b_t, σ
internals         = lp, n_steps, is_accept, acceptance_rate, log_density, hamiltonian_energy, hamiltonian_energy_error, max_hamiltonian_energy_error, tree_depth, numerical_error, step_size, nom_step_size

Summary Statistics
    parameters      mean       std      mcse    ess_bulk   ess_tail      rhat   ess_per_sec
        Symbol   Float64   Float64   Float64     Float64    Float64   Float64       Float64

        σ_w[1]    0.3906    0.3812    0.0222    140.8658   456.8744    1.0431        0.0024
        σ_w[2]    0.4028    0.3550    0.0151    557.8983   652.9460    1.2085        0.0096
     ρ_w[1, 1]    1.0000    0.0000       NaN         NaN        NaN       NaN           NaN
     ρ_w[2, 1]   -0.0723    0.4314    0.0135   1078.3202   596.8139    1.2072        0.0185
     ρ_w[1, 2]   -0.0723    0.4314    0.0135   1078.3202   596.8139    1.2072        0.0185
     ρ_w[2, 2]    1.0000    0.0000    0.0000    706.8029   619.0335    1.0087        0.0121
    ab_w[1, 1]   -0.0257    0.2704    0.0305     33.8092   517.9774    1.0777        0.0006
    ab_w[2, 1]   -0.1365    0.2671    0.0346     33.5986   511.0761    1.0976        0.0006
    ab_w[1, 2]   -0.1332    0.2748    0.0361     35.6753   410.6346    1.0761        0.0006
    ab_w[2, 2]    0.0745    0.2690    0.0313     33.1411   517.1473    1.0866        0.0006
        σ_p[1]    0.5130    0.6486    0.1328     15.4444    43.3755    1.2433        0.0003
        σ_p[2]    0.5380    0.6269    0.2109      8.1824    41.9667    1.4549        0.0001
     ρ_p[1, 1]    1.0000    0.0000       NaN         NaN        NaN       NaN           NaN
     ρ_p[2, 1]   -0.0916    0.5109    0.1397     14.4584   139.3110    1.2027        0.0002
     ρ_p[1, 2]   -0.0916    0.5109    0.1397     14.4584   139.3110    1.2027        0.0002
     ρ_p[2, 2]    1.0000    0.0000    0.0000   1001.0794   568.4748    1.0256        0.0172
    ab_p[1, 1]   -0.0821    0.3812    0.0151    644.3775   482.8852    1.1823        0.0111
    ab_p[2, 1]    0.0306    0.3875    0.0154    787.8369    89.0286    1.1971        0.0135
    ab_p[1, 2]   -0.0198    0.7620    0.0247   1103.8102   254.9158    1.2325        0.0189
    ab_p[2, 2]   -0.0506    0.7547    0.0325    664.2298   129.1106    1.3091        0.0114
    ab_p[1, 3]    0.0117    0.8570    0.0272   1047.6572   251.4589    1.1596        0.0180
    ab_p[2, 3]    0.0070    0.7894    0.0560    163.3427   110.2222    1.1561        0.0028
    ab_p[1, 4]   -0.0452    0.8024    0.0255    868.0834   311.8146    1.1417        0.0149
    ab_p[2, 4]   -0.0592    1.0087    0.0542    531.9071    54.4765    1.2663        0.0091
    ab_p[1, 5]   -0.0154    0.8457    0.0302    848.1763   208.0485    1.1907        0.0146
    ab_p[2, 5]    0.0346    0.8512    0.0421    577.6197    72.3710    1.2282        0.0099
    ab_p[1, 6]   -0.0187    0.8024    0.0289    791.8805   201.6449    1.1196        0.0136
    ab_p[2, 6]    0.0219    0.7205    0.0348    122.8344   166.4186    1.1550        0.0021
    ab_p[1, 7]    0.0202    0.8271    0.0338    643.7797   149.2041    1.1320        0.0111
    ab_p[2, 7]    0.0137    0.7848    0.0294    801.6473    89.5230    1.2130        0.0138
    ab_p[1, 8]   -0.0143    0.7672    0.0282    687.3552   138.7960    1.1299        0.0118
    ab_p[2, 8]   -0.0302    0.7695    0.0495     78.5231    69.2897    1.2246        0.0013
    ab_p[1, 9]    0.0033    0.7870    0.0247    899.2895   303.9702    1.2211        0.0154
    ab_p[2, 9]    0.0652    0.9504    0.0583    657.2096    66.1023    1.3524        0.0113
   ab_p[1, 10]   -0.0204    0.8229    0.0269   1076.3551   219.5126    1.2676        0.0185
   ab_p[2, 10]    0.0527    0.8135    0.0448    557.5627    98.5043    1.4128        0.0096
   ab_p[1, 11]   -0.0138    0.8172    0.0336    789.0993   134.5054    1.1811        0.0135
   ab_p[2, 11]    0.0357    0.8811    0.0494    365.1724   176.1667    1.2957        0.0063
   ab_p[1, 12]    0.0360    0.8607    0.0326    730.1965   166.2450    1.1386        0.0125
   ab_p[2, 12]    0.0766    0.8230    0.0560    333.8797    77.5230    1.2399        0.0057
       σ_p2[1]    0.9972    0.8916    0.1892     18.4725    54.1105    1.1889        0.0003
       σ_p2[2]    1.0332    0.9813    0.1412     44.6377    51.4286    1.1613        0.0008
    ρ_p2[1, 1]    1.0000    0.0000       NaN         NaN        NaN       NaN           NaN
    ρ_p2[2, 1]    0.0698    0.4413    0.0493    117.2051   679.6972    1.0313        0.0020
    ρ_p2[1, 2]    0.0698    0.4413    0.0493    117.2051   679.6972    1.0313        0.0020
    ρ_p2[2, 2]    1.0000    0.0000    0.0000    791.5030   716.9046    1.0132        0.0136
   ab_p2[1, 1]   -0.0575    1.2257    0.0575    494.5960   245.1787    1.1295        0.0085
   ab_p2[2, 1]   -0.0870    1.6601    0.1061    130.8652   118.6318    1.0371        0.0022
   ab_p2[1, 2]    0.0827    1.3407    0.0947    326.4575   100.2042    1.0963        0.0056
   ab_p2[2, 2]    0.4860    1.4783    0.2407     29.9477   115.5525    1.1032        0.0005
   ab_p2[1, 3]    0.0292    1.2182    0.0507    674.8003   297.6956    1.1322        0.0116
   ab_p2[2, 3]    0.1211    1.0656    0.0406    411.3745   234.2437    1.0318        0.0071
   ab_p2[1, 4]   -0.1792    1.4901    0.0958    422.9082   176.5857    1.1109        0.0073
   ab_p2[2, 4]    0.1975    1.3612    0.1383     28.8369   232.6988    1.0977        0.0005
   ab_p2[1, 5]    0.1097    1.2940    0.0600    502.7624   163.8881    1.0732        0.0086
   ab_p2[2, 5]    0.1087    1.5855    0.1244    482.1550   116.0325    1.1727        0.0083
   ab_p2[1, 6]   -0.0924    1.1808    0.0462    428.3164   287.4361    1.0784        0.0074
   ab_p2[2, 6]   -0.0490    1.5166    0.1809     38.1742   135.4756    1.0791        0.0007
   ab_p2[1, 7]   -0.0243    1.4136    0.0874    508.3917   204.3502    1.2628        0.0087
   ab_p2[2, 7]   -0.0391    1.6705    0.1668     55.5548   138.4622    1.0577        0.0010
   ab_p2[1, 8]    0.0804    1.4859    0.0820    686.8750   188.3971    1.3295        0.0118
   ab_p2[2, 8]    0.1467    1.3180    0.0614     91.1113   277.3740    1.0394        0.0016
   ab_p2[1, 9]   -0.0791    1.0749    0.0432    515.6925   243.1040    1.0555        0.0089
   ab_p2[2, 9]    0.0321    1.3576    0.0921     57.2741   113.0861    1.0650        0.0010
  ab_p2[1, 10]   -0.0795    1.3159    0.0639    582.9431   166.2642    1.1436        0.0100
  ab_p2[2, 10]   -0.0834    1.2759    0.0730    121.1858   198.3513    1.0293        0.0021
  ab_p2[1, 11]   -0.0476    1.3903    0.0803    513.6374   146.5745    1.2036        0.0088
  ab_p2[2, 11]   -0.2362    1.4060    0.1269     71.8931   145.1972    1.0499        0.0012
  ab_p2[1, 12]    0.1294    1.2129    0.0593    409.9811   232.0460    1.0585        0.0070
  ab_p2[2, 12]   -0.0574    1.1436    0.0561    194.6310   238.3970    1.0354        0.0033
        σ_e[1]    0.5917    0.6597    0.1033      9.8885    11.1473    1.3282        0.0002
        σ_e[2]    0.5599    0.6602    0.0595    323.6391   292.4269    1.0935        0.0056
     ρ_e[1, 1]    1.0000    0.0000       NaN         NaN        NaN       NaN           NaN
     ρ_e[2, 1]   -0.0252    0.4005    0.0151    902.5571   725.0758    1.0407        0.0155
     ρ_e[1, 2]   -0.0252    0.4005    0.0151    902.5571   725.0758    1.0407        0.0155
     ρ_e[2, 2]    1.0000    0.0000    0.0000    875.7830   871.1512    1.0030        0.0150
    ab_e[1, 1]   -0.1488    0.4110    0.0171    212.3748   459.7666    1.0340        0.0036
    ab_e[2, 1]    0.0190    0.4089    0.0179     75.6788   457.7051    1.0539        0.0013
           a_t   -0.0118    0.0947    0.0031    969.1058   732.3346    1.0891        0.0166
           b_t   -0.0004    0.0897    0.0036    617.3989   551.7980    1.0720        0.0106
             σ    4.0987    0.0193    0.0007    849.0623   524.7314    1.0009        0.0146

Quantiles
    parameters      2.5%     25.0%     50.0%     75.0%     97.5%
        Symbol   Float64   Float64   Float64   Float64   Float64

        σ_w[1]    0.0146    0.1214    0.2945    0.5465    1.5240
        σ_w[2]    0.0643    0.1890    0.3159    0.4683    1.3684
     ρ_w[1, 1]    1.0000    1.0000    1.0000    1.0000    1.0000
     ρ_w[2, 1]   -0.8364   -0.3524   -0.1746    0.2386    0.8003
     ρ_w[1, 2]   -0.8364   -0.3524   -0.1746    0.2386    0.8003
     ρ_w[2, 2]    1.0000    1.0000    1.0000    1.0000    1.0000
    ab_w[1, 1]   -0.5745   -0.1684   -0.0017    0.0839    0.5324
    ab_w[2, 1]   -0.6028   -0.3188   -0.1288   -0.0111    0.4229
    ab_w[1, 2]   -0.7133   -0.3014   -0.0890    0.0017    0.3783
    ab_w[2, 2]   -0.3834   -0.0856    0.0633    0.1934    0.6535
        σ_p[1]    0.0049    0.0443    0.2911    0.6973    2.3575
        σ_p[2]    0.0197    0.1234    0.2835    0.7168    2.3234
     ρ_p[1, 1]    1.0000    1.0000    1.0000    1.0000    1.0000
     ρ_p[2, 1]   -0.8366   -0.5368   -0.0726    0.3334    0.8155
     ρ_p[1, 2]   -0.8366   -0.5368   -0.0726    0.3334    0.8155
     ρ_p[2, 2]    1.0000    1.0000    1.0000    1.0000    1.0000
    ab_p[1, 1]   -0.8932   -0.1977   -0.0162    0.0241    0.6199
    ab_p[2, 1]   -0.7153   -0.0948    0.0284    0.1071    0.8252
    ab_p[1, 2]   -1.7556   -0.1425   -0.0025    0.1174    1.5788
    ab_p[2, 2]   -1.9529   -0.1415    0.0051    0.1263    1.4059
    ab_p[1, 3]   -1.5828   -0.1149   -0.0062    0.1747    1.9253
    ab_p[2, 3]   -1.7157   -0.1553    0.0382    0.2840    1.5761
    ab_p[1, 4]   -1.5708   -0.1280   -0.0083    0.0922    1.4869
    ab_p[2, 4]   -2.6231   -0.1873    0.0199    0.1299    1.7202
    ab_p[1, 5]   -1.9384   -0.1274    0.0033    0.1213    1.7943
    ab_p[2, 5]   -1.5613   -0.1296   -0.0178    0.1351    2.0692
    ab_p[1, 6]   -1.7994   -0.1555    0.0102    0.1060    1.7412
    ab_p[2, 6]   -1.3982   -0.2575   -0.0419    0.1651    1.8238
    ab_p[1, 7]   -1.5653   -0.1208    0.0166    0.1232    1.7493
    ab_p[2, 7]   -1.7659   -0.1579   -0.0133    0.1689    1.8184
    ab_p[1, 8]   -1.7516   -0.1297    0.0150    0.1497    1.4531
    ab_p[2, 8]   -1.4983   -0.3065   -0.0386    0.1560    1.8817
    ab_p[1, 9]   -1.5107   -0.1307   -0.0006    0.1309    1.4442
    ab_p[2, 9]   -1.5537   -0.1529    0.0037    0.1584    2.1078
   ab_p[1, 10]   -2.0483   -0.1002    0.0058    0.1533    1.7823
   ab_p[2, 10]   -1.6155   -0.1236   -0.0168    0.1757    2.0184
   ab_p[1, 11]   -1.5897   -0.1572   -0.0079    0.1459    1.6182
   ab_p[2, 11]   -1.9418   -0.1529    0.0343    0.1579    2.0323
   ab_p[1, 12]   -1.3572   -0.0904   -0.0102    0.1316    1.7126
   ab_p[2, 12]   -1.7686   -0.1444    0.0412    0.1766    2.0380
       σ_p2[1]    0.1157    0.4036    0.7345    1.2491    3.7096
       σ_p2[2]    0.0644    0.3851    0.8571    1.2481    3.9554
    ρ_p2[1, 1]    1.0000    1.0000    1.0000    1.0000    1.0000
    ρ_p2[2, 1]   -0.7925   -0.3089    0.1460    0.3791    0.8052
    ρ_p2[1, 2]   -0.7925   -0.3089    0.1460    0.3791    0.8052
    ρ_p2[2, 2]    1.0000    1.0000    1.0000    1.0000    1.0000
   ab_p2[1, 1]   -2.9565   -0.4271    0.0564    0.3137    2.0548
   ab_p2[2, 1]   -4.1449   -0.3415    0.0509    0.3731    2.6481
   ab_p2[1, 2]   -2.2414   -0.3706   -0.0851    0.4064    3.3974
   ab_p2[2, 2]   -1.8254   -0.2288    0.1093    1.3293    4.3964
   ab_p2[1, 3]   -2.5031   -0.4003    0.1416    0.3965    2.3961
   ab_p2[2, 3]   -1.9107   -0.2487    0.0962    0.3345    2.6698
   ab_p2[1, 4]   -3.5206   -0.3885   -0.1210    0.3296    2.2402
   ab_p2[2, 4]   -2.7367   -0.3076    0.0789    0.9290    2.6925
   ab_p2[1, 5]   -2.3648   -0.3435    0.1425    0.3943    3.0354
   ab_p2[2, 5]   -2.4300   -0.3078    0.0574    0.2799    2.7711
   ab_p2[1, 6]   -2.6412   -0.4556   -0.0899    0.3444    2.2943
   ab_p2[2, 6]   -2.6122   -0.8430   -0.1010    0.2915    3.5188
   ab_p2[1, 7]   -2.9541   -0.4270   -0.0360    0.3825    2.7018
   ab_p2[2, 7]   -3.2733   -0.5965   -0.0672    0.3032    2.9313
   ab_p2[1, 8]   -2.4861   -0.3045   -0.0058    0.3567    3.2737
   ab_p2[2, 8]   -2.3076   -0.2913    0.1124    0.6101    3.2721
   ab_p2[1, 9]   -2.5494   -0.3703   -0.1362    0.3119    2.3507
   ab_p2[2, 9]   -2.1363   -0.6328   -0.0780    0.3143    3.2308
  ab_p2[1, 10]   -2.9690   -0.4411   -0.1128    0.3871    2.5019
  ab_p2[2, 10]   -2.8247   -0.4750   -0.0892    0.2908    2.5610
  ab_p2[1, 11]   -2.9852   -0.3507   -0.0777    0.3589    2.6473
  ab_p2[2, 11]   -3.7480   -0.6627   -0.1342    0.2027    2.1980
  ab_p2[1, 12]   -2.3998   -0.3075    0.1118    0.4631    3.0053
  ab_p2[2, 12]   -2.1414   -0.5075   -0.0963    0.2870    2.3328
        σ_e[1]    0.0029    0.1311    0.4040    0.8085    2.2321
        σ_e[2]    0.0172    0.1786    0.2809    0.7184    2.4550
     ρ_e[1, 1]    1.0000    1.0000    1.0000    1.0000    1.0000
     ρ_e[2, 1]   -0.7646   -0.2641   -0.0775    0.2654    0.7688
     ρ_e[1, 2]   -0.7646   -0.2641   -0.0775    0.2654    0.7688
     ρ_e[2, 2]    1.0000    1.0000    1.0000    1.0000    1.0000
    ab_e[1, 1]   -1.0838   -0.3298   -0.0851    0.0029    0.6209
    ab_e[2, 1]   -0.9565   -0.1061    0.0259    0.2156    0.8042
           a_t   -0.1911   -0.0684   -0.0209    0.0481    0.1923
           b_t   -0.1753   -0.0566   -0.0102    0.0608    0.1712
             σ    4.0624    4.0860    4.0977    4.1130    4.1348

