Chains MCMC chain (250×93×4 Array{Float64, 3}):

Iterations        = 126:1:375
Number of chains  = 4
Samples per chain = 250
Wall duration     = 17119.23 seconds
Compute duration  = 66658.34 seconds
parameters        = σ_w[1], σ_w[2], ρ_w[1, 1], ρ_w[2, 1], ρ_w[1, 2], ρ_w[2, 2], ab_w[1, 1], ab_w[2, 1], ab_w[1, 2], ab_w[2, 2], σ_p[1], σ_p[2], ρ_p[1, 1], ρ_p[2, 1], ρ_p[1, 2], ρ_p[2, 2], ab_p[1, 1], ab_p[2, 1], ab_p[1, 2], ab_p[2, 2], ab_p[1, 3], ab_p[2, 3], ab_p[1, 4], ab_p[2, 4], ab_p[1, 5], ab_p[2, 5], ab_p[1, 6], ab_p[2, 6], ab_p[1, 7], ab_p[2, 7], ab_p[1, 8], ab_p[2, 8], ab_p[1, 9], ab_p[2, 9], ab_p[1, 10], ab_p[2, 10], ab_p[1, 11], ab_p[2, 11], ab_p[1, 12], ab_p[2, 12], σ_p2[1], σ_p2[2], ρ_p2[1, 1], ρ_p2[2, 1], ρ_p2[1, 2], ρ_p2[2, 2], ab_p2[1, 1], ab_p2[2, 1], ab_p2[1, 2], ab_p2[2, 2], ab_p2[1, 3], ab_p2[2, 3], ab_p2[1, 4], ab_p2[2, 4], ab_p2[1, 5], ab_p2[2, 5], ab_p2[1, 6], ab_p2[2, 6], ab_p2[1, 7], ab_p2[2, 7], ab_p2[1, 8], ab_p2[2, 8], ab_p2[1, 9], ab_p2[2, 9], ab_p2[1, 10], ab_p2[2, 10], ab_p2[1, 11], ab_p2[2, 11], ab_p2[1, 12], ab_p2[2, 12], σ_e[1], σ_e[2], ρ_e[1, 1], ρ_e[2, 1], ρ_e[1, 2], ρ_e[2, 2], ab_e[1, 1], ab_e[2, 1], a_t, b_t, σ
internals         = lp, n_steps, is_accept, acceptance_rate, log_density, hamiltonian_energy, hamiltonian_energy_error, max_hamiltonian_energy_error, tree_depth, numerical_error, step_size, nom_step_size

Summary Statistics
    parameters      mean       std      mcse    ess_bulk   ess_tail      rhat   ess_per_sec
        Symbol   Float64   Float64   Float64     Float64    Float64   Float64       Float64

        σ_w[1]    0.3408    0.4421    0.0203    274.0451   294.4379    1.0185        0.0041
        σ_w[2]    0.4799    0.4775    0.0194    497.4666   446.6380    1.0082        0.0075
     ρ_w[1, 1]    1.0000    0.0000       NaN         NaN        NaN       NaN           NaN
     ρ_w[2, 1]   -0.0905    0.4473    0.0136   1064.4828   513.5715    1.0064        0.0160
     ρ_w[1, 2]   -0.0905    0.4473    0.0136   1064.4828   513.5715    1.0064        0.0160
     ρ_w[2, 2]    1.0000    0.0000    0.0000    950.6379   936.5563    0.9993        0.0143
    ab_w[1, 1]    0.0392    0.2903    0.0105    916.6710   537.3171    1.0157        0.0138
    ab_w[2, 1]   -0.1010    0.3821    0.0152    857.9960   508.2666    1.0067        0.0129
    ab_w[1, 2]   -0.0562    0.2919    0.0107    822.7436   536.6374    1.0160        0.0123
    ab_w[2, 2]    0.1108    0.3816    0.0151    878.7812   516.1726    1.0036        0.0132
        σ_p[1]    0.6495    0.6301    0.1324     16.3794    69.7189    1.2097        0.0002
        σ_p[2]    0.6884    0.7121    0.0904     50.3687   144.3900    1.0335        0.0008
     ρ_p[1, 1]    1.0000    0.0000       NaN         NaN        NaN       NaN           NaN
     ρ_p[2, 1]   -0.0156    0.4504    0.0156    812.1693   727.4582    0.9989        0.0122
     ρ_p[1, 2]   -0.0156    0.4504    0.0156    812.1693   727.4582    0.9989        0.0122
     ρ_p[2, 2]    1.0000    0.0000    0.0000    993.9238   971.4892    1.0046        0.0149
    ab_p[1, 1]   -0.0931    0.5367    0.0175   1103.1514   331.0204    1.0795        0.0165
    ab_p[2, 1]    0.0231    0.5737    0.0162   1350.3719   339.1574    1.0063        0.0203
    ab_p[1, 2]    0.0233    0.8703    0.0254   1293.3083   277.8532    1.0910        0.0194
    ab_p[2, 2]   -0.0257    0.8915    0.0277   1268.4035   429.9292    1.0175        0.0190
    ab_p[1, 3]    0.0220    0.8210    0.0283   1040.1890   264.6548    1.1212        0.0156
    ab_p[2, 3]    0.0756    1.0399    0.0518    851.4134   183.5058    1.0155        0.0128
    ab_p[1, 4]   -0.0091    0.9808    0.0346   1133.3848   207.0117    1.1387        0.0170
    ab_p[2, 4]    0.0322    0.8980    0.0292   1179.6479   284.0577    1.0147        0.0177
    ab_p[1, 5]    0.0320    0.8995    0.0275   1172.1179   328.0841    1.0964        0.0176
    ab_p[2, 5]    0.0202    1.0465    0.0405    873.4577   297.0857    1.0033        0.0131
    ab_p[1, 6]   -0.0015    0.8516    0.0294    899.3378   265.4742    1.1127        0.0135
    ab_p[2, 6]   -0.0777    0.9277    0.0386   1110.3226   244.4655    1.0284        0.0167
    ab_p[1, 7]   -0.0082    1.0368    0.0460    966.3174   116.2606    1.1227        0.0145
    ab_p[2, 7]   -0.0400    1.0672    0.0441   1000.3231   250.6107    1.0163        0.0150
    ab_p[1, 8]   -0.0645    0.8581    0.0253   1187.1707   238.7547    1.1218        0.0178
    ab_p[2, 8]   -0.0142    0.8665    0.0478    616.2648   237.5252    1.0335        0.0092
    ab_p[1, 9]    0.0461    0.8370    0.0241   1249.1995   371.0803    1.0952        0.0187
    ab_p[2, 9]    0.0282    0.9465    0.0369    986.6695   341.0429    1.0228        0.0148
   ab_p[1, 10]   -0.0294    0.8917    0.0283   1117.2713   328.9238    1.1220        0.0168
   ab_p[2, 10]    0.0501    0.8403    0.0324    982.9172   246.7423    1.0262        0.0147
   ab_p[1, 11]   -0.0079    0.8572    0.0337    892.8466   265.2568    1.1010        0.0134
   ab_p[2, 11]    0.0038    0.9091    0.0300   1094.9914   229.0264    1.0301        0.0164
   ab_p[1, 12]   -0.0009    0.8357    0.0313    903.6443   341.7444    1.0949        0.0136
   ab_p[2, 12]   -0.0241    0.9529    0.0381    950.6818   277.5301    1.0096        0.0143
       σ_p2[1]    1.1154    1.1543    0.2498     14.2288    28.6943    1.2426        0.0002
       σ_p2[2]    1.0555    0.9554    0.1277     40.7586   119.8785    1.0780        0.0006
    ρ_p2[1, 1]    1.0000    0.0000       NaN         NaN        NaN       NaN           NaN
    ρ_p2[2, 1]    0.0128    0.4543    0.0170    695.0458   524.8155    1.0049        0.0104
    ρ_p2[1, 2]    0.0128    0.4543    0.0170    695.0458   524.8155    1.0049        0.0104
    ρ_p2[2, 2]    1.0000    0.0000    0.0000    784.5098   848.8600    1.0020        0.0118
   ab_p2[1, 1]   -0.2044    1.8187    0.1942    158.3576    70.6821    1.1707        0.0024
   ab_p2[2, 1]    0.0671    1.4258    0.0669    639.3762   233.3826    1.0480        0.0096
   ab_p2[1, 2]    0.0822    1.5901    0.0948    482.7436   149.8868    1.1335        0.0072
   ab_p2[2, 2]    0.0323    1.4362    0.0775    505.1455   209.9585    1.0349        0.0076
   ab_p2[1, 3]    0.0070    1.3746    0.0762    435.2318   192.6706    1.1088        0.0065
   ab_p2[2, 3]   -0.0909    1.2813    0.0583    507.2457   255.2780    1.0244        0.0076
   ab_p2[1, 4]    0.0446    1.5616    0.0918    437.8268   134.3621    1.1436        0.0066
   ab_p2[2, 4]   -0.0406    1.2818    0.0521    728.5292   362.6299    1.0419        0.0109
   ab_p2[1, 5]   -0.0208    1.8257    0.1917    294.9022    61.7427    1.1457        0.0044
   ab_p2[2, 5]    0.0588    1.4425    0.0767    590.3866   257.2470    1.0524        0.0089
   ab_p2[1, 6]   -0.1213    1.6886    0.0951    617.3340   170.7581    1.1224        0.0093
   ab_p2[2, 6]    0.0013    1.2863    0.0509    776.9289   284.0003    1.0529        0.0117
   ab_p2[1, 7]   -0.1580    1.5723    0.1085    343.9860   145.2293    1.1261        0.0052
   ab_p2[2, 7]   -0.0589    1.4900    0.0665    673.8657   306.4268    1.0278        0.0101
   ab_p2[1, 8]    0.0950    1.4641    0.0800    546.3797   166.5987    1.1335        0.0082
   ab_p2[2, 8]   -0.0640    1.3244    0.0663    565.0515   116.1471    1.0597        0.0085
   ab_p2[1, 9]   -0.0851    1.4787    0.0688    600.2515   138.1814    1.0966        0.0090
   ab_p2[2, 9]    0.2163    1.5857    0.1681    326.0162    96.9967    1.0431        0.0049
  ab_p2[1, 10]    0.1423    1.5768    0.1217    374.1694   143.6269    1.1341        0.0056
  ab_p2[2, 10]    0.0599    1.2935    0.0586    601.4305   262.9486    1.0384        0.0090
  ab_p2[1, 11]    0.2923    1.7373    0.1944    238.1500    71.2016    1.1697        0.0036
  ab_p2[2, 11]    0.0133    1.4782    0.0934    544.8409   185.5264    1.0519        0.0082
  ab_p2[1, 12]    0.0760    1.8525    0.1517    356.0385    87.0497    1.1361        0.0053
  ab_p2[2, 12]    0.0315    1.4081    0.0814    484.1130   273.3100    1.0424        0.0073
        σ_e[1]    0.7410    0.7608    0.0284    565.4004   520.5803    1.0056        0.0085
        σ_e[2]    0.7508    0.7228    0.0305    476.7453   392.1794    1.0026        0.0072
     ρ_e[1, 1]    1.0000    0.0000       NaN         NaN        NaN       NaN           NaN
     ρ_e[2, 1]    0.0007    0.4488    0.0129   1183.7024   774.7727    1.0000        0.0178
     ρ_e[1, 2]    0.0007    0.4488    0.0129   1183.7024   774.7727    1.0000        0.0178
     ρ_e[2, 2]    1.0000    0.0000    0.0000    840.3398   909.8009    1.0024        0.0126
    ab_e[1, 1]   -0.0876    0.5471    0.0219    686.5029   553.5059    1.0052        0.0103
    ab_e[2, 1]    0.0058    0.6605    0.0247    860.9247   331.4850    1.0121        0.0129
           a_t   -0.1353    0.6089    0.0216    749.8585   613.0130    1.0087        0.0112
           b_t   -0.0127    0.6016    0.0168   1298.5886   712.4086    1.0049        0.0195
             σ    4.0990    0.0199    0.0006    968.2034   713.3877    1.0022        0.0145

Quantiles
    parameters      2.5%     25.0%     50.0%     75.0%     97.5%
        Symbol   Float64   Float64   Float64   Float64   Float64

        σ_w[1]    0.0097    0.0818    0.1859    0.4166    1.4999
        σ_w[2]    0.0552    0.1733    0.3108    0.6135    1.7661
     ρ_w[1, 1]    1.0000    1.0000    1.0000    1.0000    1.0000
     ρ_w[2, 1]   -0.8495   -0.4499   -0.1130    0.2570    0.7594
     ρ_w[1, 2]   -0.8495   -0.4499   -0.1130    0.2570    0.7594
     ρ_w[2, 2]    1.0000    1.0000    1.0000    1.0000    1.0000
    ab_w[1, 1]   -0.6065   -0.0353    0.0284    0.1299    0.6861
    ab_w[2, 1]   -0.8582   -0.2433   -0.0948    0.0340    0.6583
    ab_w[1, 2]   -0.7041   -0.1413   -0.0305    0.0287    0.5339
    ab_w[2, 2]   -0.6215   -0.0266    0.0893    0.2494    0.8868
        σ_p[1]    0.0337    0.2082    0.4358    0.9369    2.4179
        σ_p[2]    0.0615    0.2194    0.4427    0.9067    2.5134
     ρ_p[1, 1]    1.0000    1.0000    1.0000    1.0000    1.0000
     ρ_p[2, 1]   -0.8151   -0.3733   -0.0311    0.3495    0.7825
     ρ_p[1, 2]   -0.8151   -0.3733   -0.0311    0.3495    0.7825
     ρ_p[2, 2]    1.0000    1.0000    1.0000    1.0000    1.0000
    ab_p[1, 1]   -1.3735   -0.2837   -0.0423    0.1356    0.9993
    ab_p[2, 1]   -1.1845   -0.2215   -0.0030    0.2199    1.3942
    ab_p[1, 2]   -2.0836   -0.2306    0.0055    0.2822    2.0307
    ab_p[2, 2]   -1.8979   -0.3041   -0.0184    0.2338    1.9138
    ab_p[1, 3]   -1.7980   -0.2419   -0.0046    0.2539    1.8853
    ab_p[2, 3]   -1.7149   -0.2213    0.0071    0.2711    1.9761
    ab_p[1, 4]   -2.1320   -0.2373    0.0008    0.2347    2.1843
    ab_p[2, 4]   -1.9052   -0.2190    0.0079    0.2600    1.8366
    ab_p[1, 5]   -1.9087   -0.2106    0.0044    0.2795    2.3779
    ab_p[2, 5]   -2.2319   -0.2663    0.0043    0.2673    2.1994
    ab_p[1, 6]   -1.9047   -0.2607    0.0020    0.2677    1.8450
    ab_p[2, 6]   -2.2543   -0.2967   -0.0221    0.2577    1.5847
    ab_p[1, 7]   -1.9460   -0.2556   -0.0012    0.2586    2.0986
    ab_p[2, 7]   -2.4168   -0.2774    0.0039    0.2385    2.1511
    ab_p[1, 8]   -2.2532   -0.2847   -0.0035    0.1932    1.7998
    ab_p[2, 8]   -1.9771   -0.2620   -0.0044    0.2852    1.7599
    ab_p[1, 9]   -1.6510   -0.2045   -0.0028    0.2224    1.9575
    ab_p[2, 9]   -1.6329   -0.2385    0.0050    0.2623    2.1218
   ab_p[1, 10]   -1.9711   -0.2660   -0.0056    0.1961    2.0474
   ab_p[2, 10]   -1.6429   -0.2421    0.0040    0.2885    1.9483
   ab_p[1, 11]   -1.9024   -0.2221    0.0020    0.2635    1.7805
   ab_p[2, 11]   -2.0830   -0.2200    0.0268    0.3299    1.7645
   ab_p[1, 12]   -1.6330   -0.2764   -0.0105    0.1969    2.0019
   ab_p[2, 12]   -1.9981   -0.2830   -0.0015    0.2504    1.8723
       σ_p2[1]    0.0350    0.3021    0.7167    1.5543    4.3453
       σ_p2[2]    0.0964    0.3261    0.7594    1.4509    3.5556
    ρ_p2[1, 1]    1.0000    1.0000    1.0000    1.0000    1.0000
    ρ_p2[2, 1]   -0.8260   -0.3261    0.0008    0.3652    0.8306
    ρ_p2[1, 2]   -0.8260   -0.3261    0.0008    0.3652    0.8306
    ρ_p2[2, 2]    1.0000    1.0000    1.0000    1.0000    1.0000
   ab_p2[1, 1]   -5.8107   -0.4800   -0.0117    0.4016    3.1028
   ab_p2[2, 1]   -3.0533   -0.3590    0.0251    0.5034    3.1387
   ab_p2[1, 2]   -2.9812   -0.3551    0.0101    0.4084    3.8006
   ab_p2[2, 2]   -3.1289   -0.4190    0.0028    0.4025    3.5114
   ab_p2[1, 3]   -3.2471   -0.3622    0.0026    0.3870    3.1503
   ab_p2[2, 3]   -2.8049   -0.4745   -0.0153    0.3059    2.2525
   ab_p2[1, 4]   -3.3020   -0.3975    0.0017    0.4230    3.4485
   ab_p2[2, 4]   -2.8953   -0.4202   -0.0137    0.4094    2.7987
   ab_p2[1, 5]   -3.8325   -0.3896    0.0155    0.4345    3.6387
   ab_p2[2, 5]   -2.7812   -0.3665    0.0199    0.4886    3.3956
   ab_p2[1, 6]   -3.7704   -0.3998   -0.0050    0.3834    2.7412
   ab_p2[2, 6]   -2.8969   -0.4162   -0.0102    0.3800    2.9683
   ab_p2[1, 7]   -4.2324   -0.4620   -0.0166    0.3667    2.8032
   ab_p2[2, 7]   -3.2493   -0.4087   -0.0011    0.4128    2.7001
   ab_p2[1, 8]   -2.5619   -0.3740    0.0069    0.4466    3.6006
   ab_p2[2, 8]   -3.3408   -0.4623   -0.0067    0.4225    2.8436
   ab_p2[1, 9]   -3.6410   -0.4512   -0.0049    0.3486    3.1675
   ab_p2[2, 9]   -2.5506   -0.3498    0.0480    0.5112    3.8581
  ab_p2[1, 10]   -2.8891   -0.3118    0.0176    0.4310    3.7545
  ab_p2[2, 10]   -2.8667   -0.4007    0.0026    0.4692    3.4740
  ab_p2[1, 11]   -2.5905   -0.3029    0.0184    0.5184    4.7574
  ab_p2[2, 11]   -2.8779   -0.4170    0.0110    0.3907    3.5848
  ab_p2[1, 12]   -4.2315   -0.3728    0.0070    0.4513    4.5121
  ab_p2[2, 12]   -2.9122   -0.3704    0.0100    0.4801    2.8843
        σ_e[1]    0.0259    0.2115    0.5265    1.0109    2.7854
        σ_e[2]    0.0445    0.2634    0.5294    0.9796    2.8079
     ρ_e[1, 1]    1.0000    1.0000    1.0000    1.0000    1.0000
     ρ_e[2, 1]   -0.7869   -0.3524   -0.0049    0.3587    0.8135
     ρ_e[1, 2]   -0.7869   -0.3524   -0.0049    0.3587    0.8135
     ρ_e[2, 2]    1.0000    1.0000    1.0000    1.0000    1.0000
    ab_e[1, 1]   -1.2202   -0.2975   -0.0376    0.1623    0.9762
    ab_e[2, 1]   -1.3054   -0.2403    0.0098    0.3027    1.2685
           a_t   -1.3172   -0.5180   -0.1868    0.2277    1.0600
           b_t   -1.2105   -0.4095    0.0022    0.3845    1.2144
             σ    4.0597    4.0858    4.0990    4.1119    4.1382

