Chains MCMC chain (250×93×4 Array{Float64, 3}):

Iterations        = 126:1:375
Number of chains  = 4
Samples per chain = 250
Wall duration     = 16945.19 seconds
Compute duration  = 63482.8 seconds
parameters        = σ_w[1], σ_w[2], ρ_w[1, 1], ρ_w[2, 1], ρ_w[1, 2], ρ_w[2, 2], ab_w[1, 1], ab_w[2, 1], ab_w[1, 2], ab_w[2, 2], σ_p[1], σ_p[2], ρ_p[1, 1], ρ_p[2, 1], ρ_p[1, 2], ρ_p[2, 2], ab_p[1, 1], ab_p[2, 1], ab_p[1, 2], ab_p[2, 2], ab_p[1, 3], ab_p[2, 3], ab_p[1, 4], ab_p[2, 4], ab_p[1, 5], ab_p[2, 5], ab_p[1, 6], ab_p[2, 6], ab_p[1, 7], ab_p[2, 7], ab_p[1, 8], ab_p[2, 8], ab_p[1, 9], ab_p[2, 9], ab_p[1, 10], ab_p[2, 10], ab_p[1, 11], ab_p[2, 11], ab_p[1, 12], ab_p[2, 12], σ_p2[1], σ_p2[2], ρ_p2[1, 1], ρ_p2[2, 1], ρ_p2[1, 2], ρ_p2[2, 2], ab_p2[1, 1], ab_p2[2, 1], ab_p2[1, 2], ab_p2[2, 2], ab_p2[1, 3], ab_p2[2, 3], ab_p2[1, 4], ab_p2[2, 4], ab_p2[1, 5], ab_p2[2, 5], ab_p2[1, 6], ab_p2[2, 6], ab_p2[1, 7], ab_p2[2, 7], ab_p2[1, 8], ab_p2[2, 8], ab_p2[1, 9], ab_p2[2, 9], ab_p2[1, 10], ab_p2[2, 10], ab_p2[1, 11], ab_p2[2, 11], ab_p2[1, 12], ab_p2[2, 12], σ_e[1], σ_e[2], ρ_e[1, 1], ρ_e[2, 1], ρ_e[1, 2], ρ_e[2, 2], ab_e[1, 1], ab_e[2, 1], a_t, b_t, σ
internals         = lp, n_steps, is_accept, acceptance_rate, log_density, hamiltonian_energy, hamiltonian_energy_error, max_hamiltonian_energy_error, tree_depth, numerical_error, step_size, nom_step_size

Summary Statistics
    parameters      mean       std      mcse    ess_bulk    ess_tail      rhat   ess_per_sec
        Symbol   Float64   Float64   Float64     Float64     Float64   Float64       Float64

        σ_w[1]    0.3510    0.3964    0.0199    315.7161    447.0926    1.0048        0.0050
        σ_w[2]    0.4815    0.4962    0.0219    518.5223    726.7126    1.0089        0.0082
     ρ_w[1, 1]    1.0000    0.0000       NaN         NaN         NaN       NaN           NaN
     ρ_w[2, 1]   -0.0639    0.4614    0.0124   1392.4183    717.8964    0.9996        0.0219
     ρ_w[1, 2]   -0.0639    0.4614    0.0124   1392.4183    717.8964    0.9996        0.0219
     ρ_w[2, 2]    1.0000    0.0000    0.0000   1095.6862    962.7165    0.9994        0.0173
    ab_w[1, 1]    0.0221    0.2881    0.0104   1031.3024    527.4471    1.0046        0.0162
    ab_w[2, 1]   -0.1001    0.4402    0.0197    793.7769    432.8618    1.0165        0.0125
    ab_w[1, 2]   -0.0812    0.2864    0.0107    959.8709    549.1519    1.0016        0.0151
    ab_w[2, 2]    0.1121    0.4351    0.0192    816.7408    459.3224    1.0170        0.0129
        σ_p[1]    0.6553    0.6340    0.0825     50.7545    133.7803    1.0587        0.0008
        σ_p[2]    0.8663    0.8769    0.1062     33.0417     76.3820    1.1227        0.0005
     ρ_p[1, 1]    1.0000    0.0000       NaN         NaN         NaN       NaN           NaN
     ρ_p[2, 1]   -0.0072    0.4293    0.0142    890.3699    707.6333    1.0038        0.0140
     ρ_p[1, 2]   -0.0072    0.4293    0.0142    890.3699    707.6333    1.0038        0.0140
     ρ_p[2, 2]    1.0000    0.0000    0.0000   1007.3515    983.6079    1.0035        0.0159
    ab_p[1, 1]   -0.0958    0.5623    0.0186   1062.7042    344.6712    1.0268        0.0167
    ab_p[2, 1]   -0.0181    0.6588    0.0230   1140.4583    419.7467    1.0453        0.0180
    ab_p[1, 2]    0.0230    0.9741    0.0513    593.4028    117.3816    1.0205        0.0093
    ab_p[2, 2]   -0.0179    1.1682    0.0551    709.1130    321.9587    1.0570        0.0112
    ab_p[1, 3]   -0.0096    0.7491    0.0251   1000.2680    193.9518    1.0179        0.0158
    ab_p[2, 3]   -0.0209    1.2457    0.0687    601.2207    173.7496    1.0710        0.0095
    ab_p[1, 4]    0.0067    0.9106    0.0279   1123.1465    297.0036    1.0330        0.0177
    ab_p[2, 4]   -0.1177    1.2778    0.0814    555.0191    185.8339    1.0595        0.0087
    ab_p[1, 5]   -0.0051    0.7493    0.0259    986.0455    256.0575    1.0272        0.0155
    ab_p[2, 5]   -0.0421    1.2928    0.0640    606.9052    335.1944    1.0776        0.0096
    ab_p[1, 6]    0.0420    0.9311    0.0416    808.4197    373.6984    1.0382        0.0127
    ab_p[2, 6]    0.0369    1.1195    0.0457    769.0088    262.5619    1.0577        0.0121
    ab_p[1, 7]    0.0384    1.0227    0.0431    772.3782    292.3038    1.0307        0.0122
    ab_p[2, 7]    0.0051    1.1833    0.0444    839.6023    222.1563    1.0795        0.0132
    ab_p[1, 8]    0.0701    0.9039    0.0304   1126.3480    325.8055    1.0337        0.0177
    ab_p[2, 8]    0.0584    1.1297    0.0449    771.6514    309.5916    1.0699        0.0122
    ab_p[1, 9]    0.0324    0.9839    0.0404    935.4328    252.9385    1.0508        0.0147
    ab_p[2, 9]   -0.0221    1.0564    0.0500    709.0940    184.4734    1.0627        0.0112
   ab_p[1, 10]   -0.0262    0.8227    0.0351    775.8639    219.0206    1.0327        0.0122
   ab_p[2, 10]    0.0128    1.4008    0.0635    627.4058    274.8290    1.0864        0.0099
   ab_p[1, 11]    0.0412    0.7673    0.0287    887.8049    294.8984    1.0378        0.0140
   ab_p[2, 11]   -0.0461    1.1216    0.0562    743.7675    225.6715    1.0618        0.0117
   ab_p[1, 12]    0.0073    0.8847    0.0317    986.9983    380.1260    1.0304        0.0155
   ab_p[2, 12]   -0.0210    1.0713    0.0504    583.5519    241.0657    1.0748        0.0092
       σ_p2[1]    0.9034    0.8781    0.1908     12.4320     36.0228    1.2578        0.0002
       σ_p2[2]    0.7266    0.8774    0.2330     12.3114     41.1475    1.2404        0.0002
    ρ_p2[1, 1]    1.0000    0.0000       NaN         NaN         NaN       NaN           NaN
    ρ_p2[2, 1]   -0.0007    0.4536    0.0147    945.4148    596.8355    1.0018        0.0149
    ρ_p2[1, 2]   -0.0007    0.4536    0.0147    945.4148    596.8355    1.0018        0.0149
    ρ_p2[2, 2]    1.0000    0.0000    0.0000   1091.3573   1006.1328    1.0023        0.0172
   ab_p2[1, 1]    0.0094    1.2131    0.0508    725.6719    216.4809    1.1807        0.0114
   ab_p2[2, 1]   -0.0342    1.1431    0.0490    830.1826     94.9076    1.1366        0.0131
   ab_p2[1, 2]   -0.0569    1.2974    0.0562    827.3617    239.6741    1.1791        0.0130
   ab_p2[2, 2]   -0.0965    1.1013    0.0476    964.1194    130.5062    1.1608        0.0152
   ab_p2[1, 3]    0.0296    1.2051    0.0502    738.3881    291.4262    1.1572        0.0116
   ab_p2[2, 3]    0.0220    1.1758    0.0530    614.4874    198.8837    1.1510        0.0097
   ab_p2[1, 4]   -0.0020    1.2836    0.0586    759.2334    147.1473    1.1838        0.0120
   ab_p2[2, 4]   -0.0349    1.0002    0.0363    903.2440    161.6730    1.1434        0.0142
   ab_p2[1, 5]   -0.0217    1.1696    0.0479    793.4337    199.8283    1.1870        0.0125
   ab_p2[2, 5]    0.1126    1.0425    0.0411    794.2684     60.5652    1.1935        0.0125
   ab_p2[1, 6]    0.0466    1.0103    0.0389    886.8027    296.7580    1.1672        0.0140
   ab_p2[2, 6]   -0.0235    0.9795    0.0380    838.8604    111.3149    1.1671        0.0132
   ab_p2[1, 7]    0.0638    1.2743    0.0646    648.8631    236.5321    1.1343        0.0102
   ab_p2[2, 7]   -0.1149    1.1975    0.0776    711.2695    117.9477    1.1408        0.0112
   ab_p2[1, 8]   -0.0638    1.0542    0.0460    642.5641    330.0542    1.1602        0.0101
   ab_p2[2, 8]   -0.0141    1.1221    0.0595    618.7900    157.9739    1.1561        0.0097
   ab_p2[1, 9]    0.0412    1.2108    0.0539    948.4112    277.7492    1.1878        0.0149
   ab_p2[2, 9]    0.0122    1.1631    0.0448    907.3975    232.1355    1.1417        0.0143
  ab_p2[1, 10]    0.0695    1.2033    0.0514    755.1265    303.3806    1.1374        0.0119
  ab_p2[2, 10]   -0.0157    1.0143    0.0388    830.9931     89.7294    1.1710        0.0131
  ab_p2[1, 11]   -0.0027    1.2578    0.0556    766.8073    319.2844    1.1803        0.0121
  ab_p2[2, 11]    0.0679    1.3177    0.0905    658.1895    211.7539    1.1370        0.0104
  ab_p2[1, 12]    0.0142    1.0248    0.0433    687.2498    276.9890    1.1496        0.0108
  ab_p2[2, 12]   -0.0166    1.0868    0.0503    656.6328    196.8177    1.1627        0.0103
        σ_e[1]    0.7427    0.7302    0.0284    475.5197    568.6316    1.0053        0.0075
        σ_e[2]    0.7477    0.7053    0.0266    454.5988    415.3495    1.0051        0.0072
     ρ_e[1, 1]    1.0000    0.0000       NaN         NaN         NaN       NaN           NaN
     ρ_e[2, 1]   -0.0029    0.4599    0.0128   1279.0951    571.3523    1.0026        0.0201
     ρ_e[1, 2]   -0.0029    0.4599    0.0128   1279.0951    571.3523    1.0026        0.0201
     ρ_e[2, 2]    1.0000    0.0000    0.0000    959.6633    936.7948    1.0042        0.0151
    ab_e[1, 1]   -0.0846    0.5517    0.0193    869.7913    527.9256    1.0093        0.0137
    ab_e[2, 1]    0.0307    0.5661    0.0181   1011.7780    611.2092    1.0048        0.0159
           a_t   -0.1151    0.5790    0.0181   1022.3612    636.7490    1.0071        0.0161
           b_t    0.0011    0.5678    0.0147   1467.7773    841.0544    1.0049        0.0231
             σ    4.1002    0.0203    0.0006   1046.4065    706.7490    1.0009        0.0165

Quantiles
    parameters      2.5%     25.0%     50.0%     75.0%     97.5%
        Symbol   Float64   Float64   Float64   Float64   Float64

        σ_w[1]    0.0183    0.1019    0.2119    0.4519    1.4485
        σ_w[2]    0.0606    0.1768    0.3197    0.5785    1.8497
     ρ_w[1, 1]    1.0000    1.0000    1.0000    1.0000    1.0000
     ρ_w[2, 1]   -0.8461   -0.4413   -0.0946    0.2880    0.8103
     ρ_w[1, 2]   -0.8461   -0.4413   -0.0946    0.2880    0.8103
     ρ_w[2, 2]    1.0000    1.0000    1.0000    1.0000    1.0000
    ab_w[1, 1]   -0.6163   -0.0554    0.0299    0.1319    0.5723
    ab_w[2, 1]   -0.9449   -0.2452   -0.0979    0.0203    0.7787
    ab_w[1, 2]   -0.7177   -0.1629   -0.0467    0.0206    0.4604
    ab_w[2, 2]   -0.7144   -0.0378    0.0946    0.2353    1.0236
        σ_p[1]    0.0596    0.2185    0.4586    0.8594    2.4652
        σ_p[2]    0.0350    0.2869    0.6288    1.1354    3.2143
     ρ_p[1, 1]    1.0000    1.0000    1.0000    1.0000    1.0000
     ρ_p[2, 1]   -0.7829   -0.3316   -0.0066    0.3091    0.7840
     ρ_p[1, 2]   -0.7829   -0.3316   -0.0066    0.3091    0.7840
     ρ_p[2, 2]    1.0000    1.0000    1.0000    1.0000    1.0000
    ab_p[1, 1]   -1.4493   -0.2905   -0.0391    0.1432    1.0048
    ab_p[2, 1]   -1.3723   -0.2850   -0.0126    0.2801    1.3737
    ab_p[1, 2]   -1.6398   -0.2718   -0.0020    0.2881    2.1781
    ab_p[2, 2]   -2.3935   -0.3852   -0.0062    0.3918    2.1230
    ab_p[1, 3]   -1.7395   -0.2603   -0.0020    0.2507    1.6020
    ab_p[2, 3]   -2.8107   -0.3216    0.0110    0.3364    2.7904
    ab_p[1, 4]   -2.0947   -0.2256    0.0108    0.2625    2.0538
    ab_p[2, 4]   -3.3368   -0.3831   -0.0131    0.3118    2.0822
    ab_p[1, 5]   -1.5452   -0.2467   -0.0150    0.2402    1.7547
    ab_p[2, 5]   -2.6097   -0.4180   -0.0236    0.3416    2.4700
    ab_p[1, 6]   -1.7093   -0.2525   -0.0060    0.2902    1.9709
    ab_p[2, 6]   -2.2742   -0.3422    0.0096    0.3493    2.4034
    ab_p[1, 7]   -1.8793   -0.2817   -0.0008    0.2720    2.1244
    ab_p[2, 7]   -2.5977   -0.3026    0.0014    0.3524    2.6482
    ab_p[1, 8]   -1.7483   -0.2155    0.0241    0.3088    2.0795
    ab_p[2, 8]   -2.2334   -0.3319    0.0014    0.3662    2.9439
    ab_p[1, 9]   -2.0184   -0.2502   -0.0116    0.2647    1.9683
    ab_p[2, 9]   -2.5869   -0.3512    0.0007    0.3482    2.0519
   ab_p[1, 10]   -1.7052   -0.2421   -0.0069    0.2231    1.5244
   ab_p[2, 10]   -2.6967   -0.3585   -0.0173    0.3287    3.1484
   ab_p[1, 11]   -1.4173   -0.2176   -0.0051    0.2903    1.8318
   ab_p[2, 11]   -3.0617   -0.3181   -0.0026    0.3129    2.1067
   ab_p[1, 12]   -1.5317   -0.2450    0.0093    0.2484    2.0789
   ab_p[2, 12]   -2.0808   -0.3798   -0.0078    0.3164    2.1371
       σ_p2[1]    0.0114    0.2494    0.6443    1.3547    3.1563
       σ_p2[2]    0.0080    0.0980    0.3866    1.0485    3.0681
    ρ_p2[1, 1]    1.0000    1.0000    1.0000    1.0000    1.0000
    ρ_p2[2, 1]   -0.8584   -0.3355   -0.0010    0.3407    0.8290
    ρ_p2[1, 2]   -0.8584   -0.3355   -0.0010    0.3407    0.8290
    ρ_p2[2, 2]    1.0000    1.0000    1.0000    1.0000    1.0000
   ab_p2[1, 1]   -2.7108   -0.3080    0.0026    0.3682    2.6211
   ab_p2[2, 1]   -2.8313   -0.2056    0.0012    0.2312    2.5506
   ab_p2[1, 2]   -3.0375   -0.3502   -0.0007    0.3110    2.6857
   ab_p2[2, 2]   -2.9972   -0.2022   -0.0039    0.1586    1.9708
   ab_p2[1, 3]   -2.3383   -0.3326   -0.0025    0.3086    2.9383
   ab_p2[2, 3]   -2.5157   -0.1720    0.0018    0.2309    2.4028
   ab_p2[1, 4]   -2.8084   -0.3436   -0.0029    0.2847    2.9362
   ab_p2[2, 4]   -2.3608   -0.1862    0.0017    0.1744    2.0557
   ab_p2[1, 5]   -2.6243   -0.3213    0.0076    0.3621    2.4521
   ab_p2[2, 5]   -1.6075   -0.1445    0.0009    0.2167    2.7434
   ab_p2[1, 6]   -2.0303   -0.2788    0.0012    0.3525    2.4893
   ab_p2[2, 6]   -2.3251   -0.2163   -0.0021    0.1729    2.6088
   ab_p2[1, 7]   -2.4518   -0.3146    0.0011    0.3565    3.4069
   ab_p2[2, 7]   -2.9970   -0.2318   -0.0024    0.1525    1.9396
   ab_p2[1, 8]   -2.6334   -0.3395    0.0001    0.2983    2.1225
   ab_p2[2, 8]   -2.6401   -0.2265   -0.0007    0.2099    2.5163
   ab_p2[1, 9]   -2.6417   -0.3254    0.0049    0.3797    2.8128
   ab_p2[2, 9]   -2.7503   -0.2156   -0.0030    0.1923    2.7691
  ab_p2[1, 10]   -2.5231   -0.3119    0.0081    0.4374    2.6392
  ab_p2[2, 10]   -2.1311   -0.1894   -0.0050    0.1565    1.9449
  ab_p2[1, 11]   -2.8609   -0.3548   -0.0031    0.3766    2.6587
  ab_p2[2, 11]   -2.0708   -0.1836   -0.0013    0.2040    2.3223
  ab_p2[1, 12]   -2.1329   -0.3772    0.0014    0.3265    2.3847
  ab_p2[2, 12]   -2.3018   -0.1957    0.0008    0.2423    2.1850
        σ_e[1]    0.0275    0.2239    0.5112    1.0500    2.7464
        σ_e[2]    0.0365    0.2470    0.5553    1.0041    2.8766
     ρ_e[1, 1]    1.0000    1.0000    1.0000    1.0000    1.0000
     ρ_e[2, 1]   -0.7971   -0.3827   -0.0151    0.3733    0.8102
     ρ_e[1, 2]   -0.7971   -0.3827   -0.0151    0.3733    0.8102
     ρ_e[2, 2]    1.0000    1.0000    1.0000    1.0000    1.0000
    ab_e[1, 1]   -1.3393   -0.2817   -0.0261    0.1346    0.9238
    ab_e[2, 1]   -1.1885   -0.1997    0.0191    0.2774    1.2964
           a_t   -1.2410   -0.4894   -0.1421    0.2286    1.1189
           b_t   -1.1338   -0.3290   -0.0028    0.3852    1.0751
             σ    4.0611    4.0863    4.1005    4.1138    4.1398

