Chains MCMC chain (250×93×4 Array{Float64, 3}):

Iterations        = 126:1:375
Number of chains  = 4
Samples per chain = 250
Wall duration     = 16064.71 seconds
Compute duration  = 62635.29 seconds
parameters        = σ_w[1], σ_w[2], ρ_w[1, 1], ρ_w[2, 1], ρ_w[1, 2], ρ_w[2, 2], ab_w[1, 1], ab_w[2, 1], ab_w[1, 2], ab_w[2, 2], σ_p[1], σ_p[2], ρ_p[1, 1], ρ_p[2, 1], ρ_p[1, 2], ρ_p[2, 2], ab_p[1, 1], ab_p[2, 1], ab_p[1, 2], ab_p[2, 2], ab_p[1, 3], ab_p[2, 3], ab_p[1, 4], ab_p[2, 4], ab_p[1, 5], ab_p[2, 5], ab_p[1, 6], ab_p[2, 6], ab_p[1, 7], ab_p[2, 7], ab_p[1, 8], ab_p[2, 8], ab_p[1, 9], ab_p[2, 9], ab_p[1, 10], ab_p[2, 10], ab_p[1, 11], ab_p[2, 11], ab_p[1, 12], ab_p[2, 12], σ_p2[1], σ_p2[2], ρ_p2[1, 1], ρ_p2[2, 1], ρ_p2[1, 2], ρ_p2[2, 2], ab_p2[1, 1], ab_p2[2, 1], ab_p2[1, 2], ab_p2[2, 2], ab_p2[1, 3], ab_p2[2, 3], ab_p2[1, 4], ab_p2[2, 4], ab_p2[1, 5], ab_p2[2, 5], ab_p2[1, 6], ab_p2[2, 6], ab_p2[1, 7], ab_p2[2, 7], ab_p2[1, 8], ab_p2[2, 8], ab_p2[1, 9], ab_p2[2, 9], ab_p2[1, 10], ab_p2[2, 10], ab_p2[1, 11], ab_p2[2, 11], ab_p2[1, 12], ab_p2[2, 12], σ_e[1], σ_e[2], ρ_e[1, 1], ρ_e[2, 1], ρ_e[1, 2], ρ_e[2, 2], ab_e[1, 1], ab_e[2, 1], a_t, b_t, σ
internals         = lp, n_steps, is_accept, acceptance_rate, log_density, hamiltonian_energy, hamiltonian_energy_error, max_hamiltonian_energy_error, tree_depth, numerical_error, step_size, nom_step_size

Summary Statistics
    parameters      mean       std      mcse    ess_bulk   ess_tail      rhat   ess_per_sec
        Symbol   Float64   Float64   Float64     Float64    Float64   Float64       Float64

        σ_w[1]    0.4072    0.4789    0.0281    296.0316   434.1428    1.0076        0.0047
        σ_w[2]    0.4899    0.4654    0.0171    554.0204   457.6271    1.0036        0.0088
     ρ_w[1, 1]    1.0000    0.0000       NaN         NaN        NaN       NaN           NaN
     ρ_w[2, 1]   -0.0684    0.4489    0.0121   1366.9271   775.8040    1.0043        0.0218
     ρ_w[1, 2]   -0.0684    0.4489    0.0121   1366.9271   775.8040    1.0043        0.0218
     ρ_w[2, 2]    1.0000    0.0000    0.0000    939.8425   836.0671    1.0030        0.0150
    ab_w[1, 1]   -0.0000    0.2968    0.0106    842.0900   606.1021    1.0045        0.0134
    ab_w[2, 1]   -0.1131    0.3623    0.0123    999.8802   682.3115    1.0049        0.0160
    ab_w[1, 2]   -0.1037    0.2970    0.0110    787.7214   520.9673    1.0056        0.0126
    ab_w[2, 2]    0.1007    0.3641    0.0124    992.0580   681.2970    1.0050        0.0158
        σ_p[1]    0.6180    0.5927    0.0826     28.2217    45.9958    1.1006        0.0005
        σ_p[2]    0.6642    0.6467    0.0749     52.9458    85.4700    1.0449        0.0008
     ρ_p[1, 1]    1.0000    0.0000       NaN         NaN        NaN       NaN           NaN
     ρ_p[2, 1]   -0.0000    0.4513    0.0157    841.8501   704.9732    1.0062        0.0134
     ρ_p[1, 2]   -0.0000    0.4513    0.0157    841.8501   704.9732    1.0062        0.0134
     ρ_p[2, 2]    1.0000    0.0000    0.0000    921.9681   938.7902    1.0001        0.0147
    ab_p[1, 1]   -0.1018    0.4325    0.0144    859.0379   709.6373    1.0340        0.0137
    ab_p[2, 1]    0.0352    0.5024    0.0162   1295.2189   484.8716    1.0230        0.0207
    ab_p[1, 2]    0.0079    0.8375    0.0249   1270.5237   365.6152    1.0261        0.0203
    ab_p[2, 2]    0.0185    0.9457    0.0332   1008.5150   230.3642    1.0448        0.0161
    ab_p[1, 3]    0.0482    0.7792    0.0289    974.1203   302.3614    1.0394        0.0156
    ab_p[2, 3]   -0.0484    0.8415    0.0298   1015.6600   354.7068    1.0210        0.0162
    ab_p[1, 4]    0.0329    0.8223    0.0303    943.6084   324.1088    1.0515        0.0151
    ab_p[2, 4]   -0.0381    1.0024    0.0421    865.0144   356.8336    1.0165        0.0138
    ab_p[1, 5]    0.0139    0.7956    0.0234   1203.9882   383.1302    1.0726        0.0192
    ab_p[2, 5]    0.0085    0.8403    0.0271   1095.4413   461.1506    1.0189        0.0175
    ab_p[1, 6]   -0.0297    0.9389    0.0436    694.6116   397.5784    1.0459        0.0111
    ab_p[2, 6]   -0.0206    0.8524    0.0254   1145.4891   482.8874    1.0398        0.0183
    ab_p[1, 7]   -0.0057    0.9169    0.0336    922.4204   266.4020    1.0556        0.0147
    ab_p[2, 7]    0.0148    0.9088    0.0328   1161.8801   426.2883    1.0180        0.0185
    ab_p[1, 8]    0.0427    0.8705    0.0257   1303.6469   205.6638    1.0742        0.0208
    ab_p[2, 8]   -0.0320    0.8543    0.0287   1023.9619   375.3509    1.0183        0.0163
    ab_p[1, 9]    0.0075    0.7905    0.0260   1100.2454   355.6170    1.0512        0.0176
    ab_p[2, 9]   -0.0068    0.8188    0.0326    932.0769   314.9512    1.0241        0.0149
   ab_p[1, 10]    0.0078    0.8236    0.0269   1139.6529   267.0930    1.0366        0.0182
   ab_p[2, 10]    0.0299    0.9705    0.0383    976.1419   354.6122    1.0188        0.0156
   ab_p[1, 11]    0.0098    0.7011    0.0217   1160.9800   471.4192    1.0388        0.0185
   ab_p[2, 11]    0.0029    0.8824    0.0309    930.1748   264.1880    1.0264        0.0149
   ab_p[1, 12]   -0.0220    0.7875    0.0245   1161.9259   325.4683    1.0460        0.0186
   ab_p[2, 12]   -0.0447    0.8716    0.0291   1048.1162   375.9421    1.0157        0.0167
       σ_p2[1]    0.8620    0.7205    0.0954     41.8583    85.2283    1.0867        0.0007
       σ_p2[2]    0.8286    0.7843    0.1321     34.8225    67.6563    1.0976        0.0006
    ρ_p2[1, 1]    1.0000    0.0000       NaN         NaN        NaN       NaN           NaN
    ρ_p2[2, 1]   -0.0127    0.4452    0.0162    730.9082   425.9215    1.0096        0.0117
    ρ_p2[1, 2]   -0.0127    0.4452    0.0162    730.9082   425.9215    1.0096        0.0117
    ρ_p2[2, 2]    1.0000    0.0000    0.0000    976.9224   744.9009    1.0037        0.0156
   ab_p2[1, 1]    0.0075    1.0482    0.0417    913.9287   405.8921    1.0320        0.0146
   ab_p2[2, 1]   -0.0793    1.1152    0.0418    892.8159   305.5163    1.0516        0.0143
   ab_p2[1, 2]    0.0321    0.9858    0.0368    875.8302   358.8788    1.0432        0.0140
   ab_p2[2, 2]    0.0300    1.1934    0.0492    781.1337   156.6373    1.0459        0.0125
   ab_p2[1, 3]    0.0057    1.0697    0.0356   1055.2907   391.1161    1.0442        0.0168
   ab_p2[2, 3]    0.0352    1.1029    0.0385    926.2769   255.8044    1.0558        0.0148
   ab_p2[1, 4]    0.0339    1.0927    0.0334   1168.5389   499.5275    1.0559        0.0187
   ab_p2[2, 4]   -0.0212    1.0865    0.0366    987.8869   306.5664    1.0501        0.0158
   ab_p2[1, 5]   -0.0140    1.0828    0.0381    987.8502   264.5734    1.0399        0.0158
   ab_p2[2, 5]   -0.0313    1.0742    0.0396    929.9181   237.8217    1.0399        0.0148
   ab_p2[1, 6]   -0.0375    1.1265    0.0412   1073.8169   380.0618    1.0360        0.0171
   ab_p2[2, 6]   -0.0185    1.1024    0.0339   1064.2976   241.2766    1.0356        0.0170
   ab_p2[1, 7]    0.0318    1.0220    0.0371    996.7612   422.3358    1.0376        0.0159
   ab_p2[2, 7]    0.0379    1.0143    0.0303   1148.6178   358.9060    1.0588        0.0183
   ab_p2[1, 8]    0.0127    1.0724    0.0374    773.6920   243.9393    1.0449        0.0124
   ab_p2[2, 8]    0.0319    1.1070    0.0395    908.3540   211.7931    1.0718        0.0145
   ab_p2[1, 9]    0.0049    1.0513    0.0542    581.7318   267.0688    1.0401        0.0093
   ab_p2[2, 9]   -0.0582    1.0704    0.0462    827.1676   216.6360    1.0480        0.0132
  ab_p2[1, 10]   -0.0801    1.1870    0.0431    900.3449   266.3438    1.0421        0.0144
  ab_p2[2, 10]    0.0608    1.1613    0.0428    958.1743   274.3652    1.0547        0.0153
  ab_p2[1, 11]    0.0180    1.0505    0.0386    889.8865   355.1537    1.0340        0.0142
  ab_p2[2, 11]   -0.0212    1.1236    0.0480    811.7664   281.2301    1.0351        0.0130
  ab_p2[1, 12]    0.0463    1.1301    0.0415   1082.0879   342.7630    1.0429        0.0173
  ab_p2[2, 12]   -0.0182    1.1479    0.0396    986.1469   276.5762    1.0526        0.0157
        σ_e[1]    0.7005    0.7093    0.0277    489.3791   648.3984    1.0059        0.0078
        σ_e[2]    0.6618    0.6574    0.0245    481.1710   363.1725    1.0038        0.0077
     ρ_e[1, 1]    1.0000    0.0000       NaN         NaN        NaN       NaN           NaN
     ρ_e[2, 1]    0.0050    0.4548    0.0125   1330.8851   700.2312    1.0010        0.0212
     ρ_e[1, 2]    0.0050    0.4548    0.0125   1330.8851   700.2312    1.0010        0.0212
     ρ_e[2, 2]    1.0000    0.0000    0.0000   1039.8119   925.0131    1.0028        0.0166
    ab_e[1, 1]   -0.1189    0.4540    0.0142    996.9142   838.7526    1.0077        0.0159
    ab_e[2, 1]   -0.0118    0.4582    0.0145   1181.3629   452.6795    1.0090        0.0189
           a_t   -0.0511    0.2921    0.0089   1070.8787   651.8878    1.0055        0.0171
           b_t    0.0034    0.2804    0.0082   1157.6065   759.7075    1.0015        0.0185
             σ    4.0991    0.0207    0.0007    874.0207   634.9077    1.0179        0.0140

Quantiles
    parameters      2.5%     25.0%     50.0%     75.0%     97.5%
        Symbol   Float64   Float64   Float64   Float64   Float64

        σ_w[1]    0.0191    0.1152    0.2369    0.5273    1.6427
        σ_w[2]    0.0540    0.1913    0.3359    0.6233    1.7143
     ρ_w[1, 1]    1.0000    1.0000    1.0000    1.0000    1.0000
     ρ_w[2, 1]   -0.8526   -0.4108   -0.0808    0.2581    0.7632
     ρ_w[1, 2]   -0.8526   -0.4108   -0.0808    0.2581    0.7632
     ρ_w[2, 2]    1.0000    1.0000    1.0000    1.0000    1.0000
    ab_w[1, 1]   -0.7221   -0.1017    0.0183    0.1188    0.5323
    ab_w[2, 1]   -0.8999   -0.2440   -0.1009    0.0172    0.7102
    ab_w[1, 2]   -0.8477   -0.2220   -0.0541    0.0210    0.4611
    ab_w[2, 2]   -0.6966   -0.0280    0.0971    0.2459    0.9285
        σ_p[1]    0.0399    0.2093    0.4468    0.8393    2.1946
        σ_p[2]    0.0401    0.1939    0.4841    0.9094    2.3947
     ρ_p[1, 1]    1.0000    1.0000    1.0000    1.0000    1.0000
     ρ_p[2, 1]   -0.8196   -0.3548   -0.0076    0.3721    0.7937
     ρ_p[1, 2]   -0.8196   -0.3548   -0.0076    0.3721    0.7937
     ρ_p[2, 2]    1.0000    1.0000    1.0000    1.0000    1.0000
    ab_p[1, 1]   -1.0374   -0.3185   -0.0450    0.1023    0.7206
    ab_p[2, 1]   -0.9501   -0.1759    0.0163    0.2240    1.2069
    ab_p[1, 2]   -1.8221   -0.2323    0.0121    0.2732    1.7236
    ab_p[2, 2]   -1.7859   -0.2368   -0.0004    0.2535    2.0235
    ab_p[1, 3]   -1.7229   -0.2119    0.0113    0.2720    1.9110
    ab_p[2, 3]   -2.2043   -0.2807   -0.0046    0.2235    1.5494
    ab_p[1, 4]   -1.7058   -0.2251   -0.0018    0.2738    1.9077
    ab_p[2, 4]   -2.3485   -0.2771    0.0053    0.2363    2.0153
    ab_p[1, 5]   -1.9298   -0.2391    0.0069    0.2451    1.8809
    ab_p[2, 5]   -1.7658   -0.2508   -0.0071    0.2505    1.7790
    ab_p[1, 6]   -1.8531   -0.2428   -0.0062    0.2298    2.0013
    ab_p[2, 6]   -1.9178   -0.2239    0.0022    0.2544    1.5867
    ab_p[1, 7]   -2.1270   -0.2478   -0.0129    0.2573    1.9818
    ab_p[2, 7]   -1.9440   -0.2707    0.0001    0.2558    2.0367
    ab_p[1, 8]   -1.6588   -0.2462   -0.0019    0.2857    2.1397
    ab_p[2, 8]   -1.9407   -0.2820    0.0101    0.2824    1.7209
    ab_p[1, 9]   -1.7534   -0.2340    0.0115    0.2767    1.5810
    ab_p[2, 9]   -1.6707   -0.2305    0.0137    0.2857    1.5601
   ab_p[1, 10]   -1.8064   -0.2570    0.0054    0.2620    1.6611
   ab_p[2, 10]   -1.9287   -0.2371    0.0139    0.2831    2.1201
   ab_p[1, 11]   -1.4745   -0.2489   -0.0052    0.2470    1.5040
   ab_p[2, 11]   -1.7171   -0.2637    0.0054    0.2246    1.9096
   ab_p[1, 12]   -1.7541   -0.2520    0.0013    0.2434    1.5189
   ab_p[2, 12]   -2.3185   -0.2743    0.0070    0.2302    1.5690
       σ_p2[1]    0.0847    0.3590    0.6707    1.1372    2.9009
       σ_p2[2]    0.0547    0.2834    0.5633    1.1384    2.9352
    ρ_p2[1, 1]    1.0000    1.0000    1.0000    1.0000    1.0000
    ρ_p2[2, 1]   -0.8226   -0.3499   -0.0088    0.3182    0.8133
    ρ_p2[1, 2]   -0.8226   -0.3499   -0.0088    0.3182    0.8133
    ρ_p2[2, 2]    1.0000    1.0000    1.0000    1.0000    1.0000
   ab_p2[1, 1]   -2.0300   -0.3826   -0.0007    0.4091    2.0830
   ab_p2[2, 1]   -2.9629   -0.4390   -0.0205    0.2719    2.3558
   ab_p2[1, 2]   -1.8904   -0.3576   -0.0022    0.3826    2.3554
   ab_p2[2, 2]   -2.3798   -0.2758    0.0073    0.3456    2.3947
   ab_p2[1, 3]   -2.2136   -0.3987    0.0086    0.3967    2.2653
   ab_p2[2, 3]   -2.4985   -0.3380    0.0006    0.3709    2.4062
   ab_p2[1, 4]   -2.1422   -0.3905    0.0186    0.4262    2.2787
   ab_p2[2, 4]   -2.6777   -0.3205   -0.0010    0.3133    2.2530
   ab_p2[1, 5]   -2.2456   -0.4052   -0.0052    0.4252    2.0931
   ab_p2[2, 5]   -2.4551   -0.3963   -0.0123    0.2991    1.9891
   ab_p2[1, 6]   -2.6773   -0.3834    0.0023    0.4008    2.1371
   ab_p2[2, 6]   -2.2758   -0.3281    0.0002    0.3033    2.3109
   ab_p2[1, 7]   -2.0838   -0.3830    0.0077    0.4306    2.1695
   ab_p2[2, 7]   -1.9201   -0.3292    0.0065    0.3541    2.3456
   ab_p2[1, 8]   -2.4815   -0.3558    0.0096    0.4283    2.3859
   ab_p2[2, 8]   -2.3210   -0.3053   -0.0010    0.3526    2.4964
   ab_p2[1, 9]   -2.1786   -0.3735    0.0168    0.3768    2.2880
   ab_p2[2, 9]   -2.5422   -0.3640   -0.0163    0.3233    2.2127
  ab_p2[1, 10]   -2.6701   -0.4241   -0.0148    0.3739    2.1694
  ab_p2[2, 10]   -2.0826   -0.2967    0.0135    0.3457    2.6755
  ab_p2[1, 11]   -1.9836   -0.3900    0.0031    0.3740    2.5013
  ab_p2[2, 11]   -2.5021   -0.3491   -0.0138    0.3139    2.1665
  ab_p2[1, 12]   -2.1298   -0.3608    0.0190    0.4399    2.4807
  ab_p2[2, 12]   -2.6726   -0.3404   -0.0118    0.3202    2.4551
        σ_e[1]    0.0284    0.2114    0.4852    0.9383    2.6925
        σ_e[2]    0.0181    0.1994    0.4504    0.9038    2.4952
     ρ_e[1, 1]    1.0000    1.0000    1.0000    1.0000    1.0000
     ρ_e[2, 1]   -0.8018   -0.3532   -0.0141    0.3647    0.8113
     ρ_e[1, 2]   -0.8018   -0.3532   -0.0141    0.3647    0.8113
     ρ_e[2, 2]    1.0000    1.0000    1.0000    1.0000    1.0000
    ab_e[1, 1]   -1.0973   -0.3340   -0.0545    0.0835    0.8601
    ab_e[2, 1]   -1.1074   -0.1762    0.0016    0.1947    0.9219
           a_t   -0.5555   -0.2525   -0.0604    0.1428    0.5190
           b_t   -0.5520   -0.1902    0.0052    0.1999    0.5231
             σ    4.0570    4.0852    4.0992    4.1129    4.1410

