Running on host compute321.bc4.acrc.priv
Time is Mon Jan 22 16:44:57 GMT 2024
Directory is /user/home/em18564/BC4/Bayes/experiments/ePNP_noCov_NGRAM
Slurm job ID is 12228048
This job runs on the following machines:
compute321
    Updating registry at `~/.julia/registries/General.toml`
   Resolving package versions...
  No Changes to `~/.julia/environments/v1.8/Project.toml`
  No Changes to `~/.julia/environments/v1.8/Manifest.toml`
   Resolving package versions...
  No Changes to `~/.julia/environments/v1.8/Project.toml`
  No Changes to `~/.julia/environments/v1.8/Manifest.toml`
   Resolving package versions...
  No Changes to `~/.julia/environments/v1.8/Project.toml`
  No Changes to `~/.julia/environments/v1.8/Manifest.toml`
   Resolving package versions...
  No Changes to `~/.julia/environments/v1.8/Project.toml`
  No Changes to `~/.julia/environments/v1.8/Manifest.toml`
   Resolving package versions...
  No Changes to `~/.julia/environments/v1.8/Project.toml`
  No Changes to `~/.julia/environments/v1.8/Manifest.toml`
   Resolving package versions...
  No Changes to `~/.julia/environments/v1.8/Project.toml`
  No Changes to `~/.julia/environments/v1.8/Manifest.toml`
   Resolving package versions...
  No Changes to `~/.julia/environments/v1.8/Project.toml`
  No Changes to `~/.julia/environments/v1.8/Manifest.toml`
   Resolving package versions...
  No Changes to `~/.julia/environments/v1.8/Project.toml`
  No Changes to `~/.julia/environments/v1.8/Manifest.toml`
   Resolving package versions...
  No Changes to `~/.julia/environments/v1.8/Project.toml`
  No Changes to `~/.julia/environments/v1.8/Manifest.toml`
   Resolving package versions...
  No Changes to `~/.julia/environments/v1.8/Project.toml`
  No Changes to `~/.julia/environments/v1.8/Manifest.toml`
   Resolving package versions...
  No Changes to `~/.julia/environments/v1.8/Project.toml`
  No Changes to `~/.julia/environments/v1.8/Manifest.toml`
   Resolving package versions...
  No Changes to `~/.julia/environments/v1.8/Project.toml`
  No Changes to `~/.julia/environments/v1.8/Manifest.toml`
   Resolving package versions...
  No Changes to `~/.julia/environments/v1.8/Project.toml`
  No Changes to `~/.julia/environments/v1.8/Manifest.toml`
   Resolving package versions...
  No Changes to `~/.julia/environments/v1.8/Project.toml`
  No Changes to `~/.julia/environments/v1.8/Manifest.toml`
   Resolving package versions...
  No Changes to `~/.julia/environments/v1.8/Project.toml`
  No Changes to `~/.julia/environments/v1.8/Manifest.toml`
    Updating registry at `~/.julia/registries/General.toml`
   Resolving package versions...
  No Changes to `~/.julia/environments/v1.8/Project.toml`
  No Changes to `~/.julia/environments/v1.8/Manifest.toml`
   Resolving package versions...
  No Changes to `~/.julia/environments/v1.8/Project.toml`
  No Changes to `~/.julia/environments/v1.8/Manifest.toml`
   Resolving package versions...
  No Changes to `~/.julia/environments/v1.8/Project.toml`
  No Changes to `~/.julia/environments/v1.8/Manifest.toml`
   Resolving package versions...
  No Changes to `~/.julia/environments/v1.8/Project.toml`
  No Changes to `~/.julia/environments/v1.8/Manifest.toml`
   Resolving package versions...
  No Changes to `~/.julia/environments/v1.8/Project.toml`
  No Changes to `~/.julia/environments/v1.8/Manifest.toml`
   Resolving package versions...
  No Changes to `~/.julia/environments/v1.8/Project.toml`
  No Changes to `~/.julia/environments/v1.8/Manifest.toml`
   Resolving package versions...
  No Changes to `~/.julia/environments/v1.8/Project.toml`
  No Changes to `~/.julia/environments/v1.8/Manifest.toml`
   Resolving package versions...
  No Changes to `~/.julia/environments/v1.8/Project.toml`
  No Changes to `~/.julia/environments/v1.8/Manifest.toml`
   Resolving package versions...
  No Changes to `~/.julia/environments/v1.8/Project.toml`
  No Changes to `~/.julia/environments/v1.8/Manifest.toml`
   Resolving package versions...
  No Changes to `~/.julia/environments/v1.8/Project.toml`
  No Changes to `~/.julia/environments/v1.8/Manifest.toml`
   Resolving package versions...
  No Changes to `~/.julia/environments/v1.8/Project.toml`
  No Changes to `~/.julia/environments/v1.8/Manifest.toml`
   Resolving package versions...
  No Changes to `~/.julia/environments/v1.8/Project.toml`
  No Changes to `~/.julia/environments/v1.8/Manifest.toml`
   Resolving package versions...
  No Changes to `~/.julia/environments/v1.8/Project.toml`
  No Changes to `~/.julia/environments/v1.8/Manifest.toml`
Sampling (4 threads)   0%|                              |  ETA: N/A
┌ Info: Found initial step size
└   ϵ = 0.0015625
┌ Info: Found initial step size
└   ϵ = 0.003125
┌ Info: Found initial step size
└   ϵ = 0.003125
┌ Info: Found initial step size
└   ϵ = 0.000390625
Sampling (4 threads)  25%|███████▌                      |  ETA: 2:21:22
Sampling (4 threads)  50%|███████████████               |  ETA: 0:47:07
Sampling (4 threads)  75%|██████████████████████▌       |  ETA: 0:16:32
Sampling (4 threads) 100%|██████████████████████████████| Time: 0:57:16
Sampling (4 threads) 100%|██████████████████████████████| Time: 0:57:17
Chains MCMC chain (250×67×4 Array{Float64, 3}):

Iterations        = 126:1:375
Number of chains  = 4
Samples per chain = 250
Wall duration     = 3419.43 seconds
Compute duration  = 11906.88 seconds
parameters        = a_w_s[1], a_w_s[2], b_w_s[1], b_w_s[2], a_p_s[1], a_p_s[2], a_p_s[3], a_p_s[4], a_p_s[5], a_p_s[6], a_p_s[7], a_p_s[8], a_p_s[9], a_p_s[10], a_p_s[11], a_p_s[12], a_p_s[13], a_p_s[14], a_p_s[15], a_p_s[16], a_p_s[17], a_p_s[18], a_p_s[19], a_p_s[20], a_p_s[21], a_p_s[22], a_p_s[23], a_p_s[24], b_p_s[1], b_p_s[2], b_p_s[3], b_p_s[4], b_p_s[5], b_p_s[6], b_p_s[7], b_p_s[8], b_p_s[9], b_p_s[10], b_p_s[11], b_p_s[12], b_p_s[13], b_p_s[14], b_p_s[15], b_p_s[16], b_p_s[17], b_p_s[18], b_p_s[19], b_p_s[20], b_p_s[21], b_p_s[22], b_p_s[23], b_p_s[24], a_e, b_e, σ
internals         = lp, n_steps, is_accept, acceptance_rate, log_density, hamiltonian_energy, hamiltonian_energy_error, max_hamiltonian_energy_error, tree_depth, numerical_error, step_size, nom_step_size

Summary Statistics
  parameters      mean       std   naive_se      mcse         ess      rhat   ess_per_sec
      Symbol   Float64   Float64    Float64   Float64     Float64   Float64       Float64

    a_w_s[1]    0.1881    0.4978     0.0157    0.0498     92.4725    1.0529        0.0078
    a_w_s[2]   -0.1479    0.4970     0.0157    0.0500     92.2126    1.0530        0.0077
    b_w_s[1]   -0.0786    0.2877     0.0091    0.0247    163.5102    1.0225        0.0137
    b_w_s[2]    0.1558    0.2881     0.0091    0.0244    162.8268    1.0231        0.0137
    a_p_s[1]   -0.6914    0.2298     0.0073    0.0173    115.5782    1.0326        0.0097
    a_p_s[2]    0.3466    0.2361     0.0075    0.0177    112.7612    1.0380        0.0095
    a_p_s[3]   -0.5385    0.2294     0.0073    0.0171    124.9484    1.0355        0.0105
    a_p_s[4]    0.6419    0.2333     0.0074    0.0169    120.3960    1.0361        0.0101
    a_p_s[5]   -0.0537    0.2314     0.0073    0.0178    113.0476    1.0388        0.0095
    a_p_s[6]   -1.1403    0.2331     0.0074    0.0177    110.6378    1.0362        0.0093
    a_p_s[7]    0.1495    0.2305     0.0073    0.0175    109.6139    1.0371        0.0092
    a_p_s[8]    0.7284    0.2277     0.0072    0.0171    119.7240    1.0355        0.0101
    a_p_s[9]   -0.4725    0.2313     0.0073    0.0170    124.4235    1.0316        0.0104
   a_p_s[10]   -0.3357    0.2318     0.0073    0.0181    111.3674    1.0394        0.0094
   a_p_s[11]    0.2649    0.2304     0.0073    0.0174    113.5074    1.0385        0.0095
   a_p_s[12]   -0.0466    0.2250     0.0071    0.0168    116.6327    1.0414        0.0098
   a_p_s[13]    0.3207    0.2284     0.0072    0.0176    107.8534    1.0402        0.0091
   a_p_s[14]    0.2344    0.2297     0.0073    0.0174    114.3313    1.0404        0.0096
   a_p_s[15]   -0.2649    0.2312     0.0073    0.0178    111.3150    1.0365        0.0093
   a_p_s[16]   -0.0350    0.2317     0.0073    0.0173    118.5239    1.0302        0.0100
   a_p_s[17]   -0.1400    0.2303     0.0073    0.0170    116.6682    1.0377        0.0098
   a_p_s[18]   -0.3364    0.2326     0.0074    0.0178    117.4393    1.0380        0.0099
   a_p_s[19]    0.3966    0.2283     0.0072    0.0176    115.1564    1.0360        0.0097
   a_p_s[20]    0.2066    0.2402     0.0076    0.0183    112.8872    1.0396        0.0095
   a_p_s[21]    1.2346    0.2304     0.0073    0.0175    119.1746    1.0369        0.0100
   a_p_s[22]   -0.0785    0.2336     0.0074    0.0187    105.9645    1.0464        0.0089
   a_p_s[23]   -0.2203    0.2237     0.0071    0.0171    111.2226    1.0381        0.0093
   a_p_s[24]    0.1996    0.2366     0.0075    0.0171    129.0106    1.0287        0.0108
    b_p_s[1]    0.0997    0.1412     0.0045    0.0065    427.7191    1.0025        0.0359
    b_p_s[2]    0.5848    0.1483     0.0047    0.0066    484.8083    1.0024        0.0407
    b_p_s[3]    0.0556    0.1478     0.0047    0.0066    489.5124    1.0012        0.0411
    b_p_s[4]   -0.1681    0.1454     0.0046    0.0066    422.8629    1.0080        0.0355
    b_p_s[5]    0.0204    0.1479     0.0047    0.0067    490.8178    1.0020        0.0412
    b_p_s[6]    0.4357    0.1474     0.0047    0.0061    504.2515    1.0009        0.0423
    b_p_s[7]   -0.0085    0.1535     0.0049    0.0060    527.3486    1.0042        0.0443
    b_p_s[8]    0.1245    0.1522     0.0048    0.0070    484.9719    1.0014        0.0407
    b_p_s[9]   -0.2518    0.1505     0.0048    0.0065    507.6130    1.0017        0.0426
   b_p_s[10]   -0.4861    0.1462     0.0046    0.0065    490.5148    1.0013        0.0412
   b_p_s[11]   -0.8320    0.1499     0.0047    0.0064    483.1288    1.0013        0.0406
   b_p_s[12]   -0.3686    0.1494     0.0047    0.0061    524.5035    1.0003        0.0441
   b_p_s[13]    0.0533    0.1452     0.0046    0.0073    384.8798    1.0051        0.0323
   b_p_s[14]    0.1433    0.1493     0.0047    0.0064    510.5451    1.0004        0.0429
   b_p_s[15]    0.4168    0.1532     0.0048    0.0066    498.4709    0.9997        0.0419
   b_p_s[16]    0.1394    0.1435     0.0045    0.0068    418.6520    0.9980        0.0352
   b_p_s[17]    0.2677    0.1475     0.0047    0.0067    465.2533    0.9990        0.0391
   b_p_s[18]   -0.2372    0.1454     0.0046    0.0070    425.8219    1.0034        0.0358
   b_p_s[19]   -0.3029    0.1491     0.0047    0.0059    512.8662    1.0026        0.0431
   b_p_s[20]   -0.2615    0.1500     0.0047    0.0064    508.1154    1.0047        0.0427
   b_p_s[21]    0.1969    0.1513     0.0048    0.0061    557.3334    1.0009        0.0468
   b_p_s[22]    0.2856    0.1478     0.0047    0.0065    494.8216    1.0011        0.0416
   b_p_s[23]    0.3080    0.1472     0.0047    0.0069    432.0452    1.0054        0.0363
   b_p_s[24]    0.0892    0.1509     0.0048    0.0056    555.1736    0.9996        0.0466
         a_e   -0.0039    0.5478     0.0173    0.0556     80.6406    1.0616        0.0068
         b_e    0.0724    0.2949     0.0093    0.0252    122.2808    1.0267        0.0103
           σ    4.7121    0.0171     0.0005    0.0005   1038.3776    1.0027        0.0872

Quantiles
  parameters      2.5%     25.0%     50.0%     75.0%     97.5%
      Symbol   Float64   Float64   Float64   Float64   Float64

    a_w_s[1]   -0.8001   -0.1540    0.1902    0.5421    1.1605
    a_w_s[2]   -1.1279   -0.4885   -0.1561    0.1986    0.7888
    b_w_s[1]   -0.6311   -0.2689   -0.0862    0.1267    0.4812
    b_w_s[2]   -0.4101   -0.0291    0.1541    0.3618    0.7343
    a_p_s[1]   -1.1500   -0.8438   -0.6856   -0.5427   -0.2397
    a_p_s[2]   -0.0896    0.1840    0.3368    0.4969    0.8312
    a_p_s[3]   -0.9803   -0.6917   -0.5493   -0.3776   -0.1016
    a_p_s[4]    0.2203    0.4804    0.6383    0.7934    1.1051
    a_p_s[5]   -0.5086   -0.2013   -0.0567    0.1001    0.3880
    a_p_s[6]   -1.5994   -1.2908   -1.1456   -0.9881   -0.6854
    a_p_s[7]   -0.2832    0.0043    0.1353    0.3003    0.6012
    a_p_s[8]    0.3020    0.5624    0.7266    0.8824    1.1942
    a_p_s[9]   -0.9448   -0.6224   -0.4792   -0.3214   -0.0049
   a_p_s[10]   -0.7832   -0.4874   -0.3401   -0.1764    0.1251
   a_p_s[11]   -0.1792    0.1136    0.2632    0.4185    0.7249
   a_p_s[12]   -0.4810   -0.1963   -0.0504    0.1016    0.3981
   a_p_s[13]   -0.1162    0.1635    0.3138    0.4751    0.7786
   a_p_s[14]   -0.2091    0.0718    0.2227    0.3817    0.6522
   a_p_s[15]   -0.7319   -0.4190   -0.2663   -0.1070    0.1703
   a_p_s[16]   -0.4761   -0.1851   -0.0325    0.1256    0.4083
   a_p_s[17]   -0.5916   -0.2922   -0.1375    0.0008    0.3359
   a_p_s[18]   -0.8048   -0.4925   -0.3377   -0.1918    0.1202
   a_p_s[19]   -0.0488    0.2399    0.3973    0.5535    0.8254
   a_p_s[20]   -0.2366    0.0315    0.2069    0.3743    0.6617
   a_p_s[21]    0.8005    1.0844    1.2238    1.3925    1.7008
   a_p_s[22]   -0.5145   -0.2411   -0.0899    0.0817    0.3903
   a_p_s[23]   -0.6473   -0.3750   -0.2224   -0.0710    0.2115
   a_p_s[24]   -0.2624    0.0354    0.1967    0.3666    0.6843
    b_p_s[1]   -0.1866    0.0074    0.1030    0.1944    0.3658
    b_p_s[2]    0.2964    0.4851    0.5883    0.6900    0.8593
    b_p_s[3]   -0.2597   -0.0407    0.0584    0.1608    0.3455
    b_p_s[4]   -0.4564   -0.2615   -0.1696   -0.0705    0.1160
    b_p_s[5]   -0.2817   -0.0737    0.0281    0.1200    0.3032
    b_p_s[6]    0.1340    0.3354    0.4383    0.5301    0.7372
    b_p_s[7]   -0.3153   -0.1125   -0.0051    0.0949    0.2749
    b_p_s[8]   -0.1739    0.0250    0.1240    0.2278    0.4266
    b_p_s[9]   -0.5524   -0.3551   -0.2456   -0.1462    0.0168
   b_p_s[10]   -0.7841   -0.5896   -0.4777   -0.3853   -0.2157
   b_p_s[11]   -1.1210   -0.9314   -0.8291   -0.7283   -0.5433
   b_p_s[12]   -0.6510   -0.4661   -0.3689   -0.2689   -0.0741
   b_p_s[13]   -0.2520   -0.0372    0.0506    0.1476    0.3422
   b_p_s[14]   -0.1588    0.0461    0.1507    0.2428    0.4318
   b_p_s[15]    0.1034    0.3159    0.4240    0.5130    0.7152
   b_p_s[16]   -0.1772    0.0504    0.1410    0.2352    0.4053
   b_p_s[17]   -0.0397    0.1710    0.2660    0.3668    0.5460
   b_p_s[18]   -0.5346   -0.3273   -0.2312   -0.1415    0.0507
   b_p_s[19]   -0.6027   -0.3988   -0.2963   -0.2015   -0.0150
   b_p_s[20]   -0.5774   -0.3575   -0.2596   -0.1594    0.0382
   b_p_s[21]   -0.1002    0.1030    0.1927    0.2987    0.5055
   b_p_s[22]   -0.0219    0.1921    0.2915    0.3866    0.5656
   b_p_s[23]    0.0189    0.2048    0.3122    0.4124    0.5922
   b_p_s[24]   -0.2150   -0.0084    0.0930    0.1862    0.3818
         a_e   -0.9956   -0.3953   -0.0314    0.3766    1.0853
         b_e   -0.4984   -0.1363    0.0806    0.2631    0.6246
           σ    4.6776    4.7005    4.7123    4.7227    4.7462

