Running on host compute134.bc4.acrc.priv
Time is Mon Jul 3 11:34:26 BST 2023
Directory is /user/home/em18564/BC4/Bayes
Slurm job ID is 11633126
This job runs on the following machines:
compute134
    Updating registry at `~/.julia/registries/General.toml`
   Resolving package versions...
  No Changes to `~/.julia/environments/v1.8/Project.toml`
  No Changes to `~/.julia/environments/v1.8/Manifest.toml`
   Resolving package versions...
  No Changes to `~/.julia/environments/v1.8/Project.toml`
  No Changes to `~/.julia/environments/v1.8/Manifest.toml`
   Resolving package versions...
  No Changes to `~/.julia/environments/v1.8/Project.toml`
  No Changes to `~/.julia/environments/v1.8/Manifest.toml`
   Resolving package versions...
  No Changes to `~/.julia/environments/v1.8/Project.toml`
  No Changes to `~/.julia/environments/v1.8/Manifest.toml`
   Resolving package versions...
  No Changes to `~/.julia/environments/v1.8/Project.toml`
  No Changes to `~/.julia/environments/v1.8/Manifest.toml`
   Resolving package versions...
  No Changes to `~/.julia/environments/v1.8/Project.toml`
  No Changes to `~/.julia/environments/v1.8/Manifest.toml`
   Resolving package versions...
  No Changes to `~/.julia/environments/v1.8/Project.toml`
  No Changes to `~/.julia/environments/v1.8/Manifest.toml`
   Resolving package versions...
  No Changes to `~/.julia/environments/v1.8/Project.toml`
  No Changes to `~/.julia/environments/v1.8/Manifest.toml`
   Resolving package versions...
  No Changes to `~/.julia/environments/v1.8/Project.toml`
  No Changes to `~/.julia/environments/v1.8/Manifest.toml`
   Resolving package versions...
  No Changes to `~/.julia/environments/v1.8/Project.toml`
  No Changes to `~/.julia/environments/v1.8/Manifest.toml`
   Resolving package versions...
  No Changes to `~/.julia/environments/v1.8/Project.toml`
  No Changes to `~/.julia/environments/v1.8/Manifest.toml`
   Resolving package versions...
  No Changes to `~/.julia/environments/v1.8/Project.toml`
  No Changes to `~/.julia/environments/v1.8/Manifest.toml`
   Resolving package versions...
  No Changes to `~/.julia/environments/v1.8/Project.toml`
  No Changes to `~/.julia/environments/v1.8/Manifest.toml`
Sampling (4 threads)   0%|                              |  ETA: N/A
┌ Info: Found initial step size
└   ϵ = 0.0013671875000000001
┌ Info: Found initial step size
└   ϵ = 0.0015502929687500001
┌ Info: Found initial step size
└   ϵ = 0.0125
┌ Info: Found initial step size
└   ϵ = 0.0125
Sampling (4 threads)  25%|███████▌                      |  ETA: 6:12:59
Sampling (4 threads)  50%|███████████████               |  ETA: 2:04:20
Sampling (4 threads)  75%|██████████████████████▌       |  ETA: 0:42:22
Sampling (4 threads) 100%|██████████████████████████████| Time: 2:18:48
Sampling (4 threads) 100%|██████████████████████████████| Time: 2:18:48
Chains MCMC chain (250×67×4 Array{Float64, 3}):

Iterations        = 126:1:375
Number of chains  = 4
Samples per chain = 250
Wall duration     = 8307.04 seconds
Compute duration  = 30641.36 seconds
parameters        = a_w, b_w, σ_w[1], σ_w[2], ρ_w[1,1], ρ_w[2,1], ρ_w[1,2], ρ_w[2,2], ab_w[1,1], ab_w[2,1], ab_w[1,2], ab_w[2,2], a_p, b_p, σ_p[1], σ_p[2], ρ_p[1,1], ρ_p[2,1], ρ_p[1,2], ρ_p[2,2], ab_p[1,1], ab_p[2,1], ab_p[1,2], ab_p[2,2], ab_p[1,3], ab_p[2,3], ab_p[1,4], ab_p[2,4], ab_p[1,5], ab_p[2,5], ab_p[1,6], ab_p[2,6], ab_p[1,7], ab_p[2,7], ab_p[1,8], ab_p[2,8], ab_p[1,9], ab_p[2,9], ab_p[1,10], ab_p[2,10], ab_p[1,11], ab_p[2,11], ab_p[1,12], ab_p[2,12], a_e, b_e, σ_e[1], σ_e[2], ρ_e[1,1], ρ_e[2,1], ρ_e[1,2], ρ_e[2,2], ab_e[1,1], ab_e[2,1], σ
internals         = lp, n_steps, is_accept, acceptance_rate, log_density, hamiltonian_energy, hamiltonian_energy_error, max_hamiltonian_energy_error, tree_depth, numerical_error, step_size, nom_step_size

Summary Statistics
  parameters      mean       std   naive_se      mcse         ess      rhat   ess_per_sec
      Symbol   Float64   Float64    Float64   Float64     Float64   Float64       Float64

         a_w    0.0155    0.8777     0.0278    0.0233   1197.1758    0.9998        0.0391
         b_w   -0.0484    0.4480     0.0142    0.0107   1311.9533    0.9979        0.0428
      σ_w[1]    0.4175    0.5186     0.0164    0.0265    493.2549    1.0038        0.0161
      σ_w[2]    0.5369    0.4621     0.0146    0.0176    762.3466    0.9994        0.0249
    ρ_w[1,1]    1.0000    0.0000     0.0000    0.0000         NaN       NaN           NaN
    ρ_w[2,1]   -0.0637    0.4292     0.0136    0.0141    870.5798    1.0050        0.0284
    ρ_w[1,2]   -0.0637    0.4292     0.0136    0.0141    870.5798    1.0050        0.0284
    ρ_w[2,2]    1.0000    0.0000     0.0000    0.0000    994.5209    0.9960        0.0325
   ab_w[1,1]    0.0716    0.9239     0.0292    0.0269   1182.5071    1.0010        0.0386
   ab_w[2,1]   -0.1940    0.5226     0.0165    0.0147   1450.8178    0.9984        0.0473
   ab_w[1,2]   -0.0335    0.9238     0.0292    0.0272   1161.5341    1.0011        0.0379
   ab_w[2,2]    0.0919    0.5228     0.0165    0.0152   1436.7900    0.9988        0.0469
         a_p    0.0425    0.8594     0.0272    0.0358    447.7225    0.9983        0.0146
         b_p   -0.0507    0.4454     0.0141    0.0103   2001.2297    0.9982        0.0653
      σ_p[1]    1.0005    0.2424     0.0077    0.0078    898.3600    1.0011        0.0293
      σ_p[2]    0.2153    0.0604     0.0019    0.0018    820.0993    0.9991        0.0268
    ρ_p[1,1]    1.0000    0.0000     0.0000    0.0000         NaN       NaN           NaN
    ρ_p[2,1]    0.3437    0.2528     0.0080    0.0097    854.0508    1.0070        0.0279
    ρ_p[1,2]    0.3437    0.2528     0.0080    0.0097    854.0508    1.0070        0.0279
    ρ_p[2,2]    1.0000    0.0000     0.0000    0.0000   1024.1617    0.9960        0.0334
   ab_p[1,1]   -0.3889    0.8791     0.0278    0.0364    452.5654    0.9986        0.0148
   ab_p[2,1]   -0.2559    0.4521     0.0143    0.0106   2037.4623    0.9987        0.0665
   ab_p[1,2]   -0.5474    0.8772     0.0277    0.0367    445.5702    0.9982        0.0145
   ab_p[2,2]   -0.2136    0.4571     0.0145    0.0105   1966.3059    0.9990        0.0642
   ab_p[1,3]    0.2654    0.8772     0.0277    0.0360    451.4597    0.9981        0.0147
   ab_p[2,3]    0.3330    0.4548     0.0144    0.0103   2003.6348    0.9984        0.0654
   ab_p[1,4]   -0.7122    0.8807     0.0279    0.0376    445.2195    0.9985        0.0145
   ab_p[2,4]   -0.2166    0.4510     0.0143    0.0107   2060.6261    0.9994        0.0672
   ab_p[1,5]   -0.6581    0.8830     0.0279    0.0368    441.2617    0.9983        0.0144
   ab_p[2,5]   -0.1991    0.4492     0.0142    0.0105   2203.9613    0.9990        0.0719
   ab_p[1,6]    1.5555    0.8812     0.0279    0.0367    451.4988    0.9984        0.0147
   ab_p[2,6]    0.0685    0.4576     0.0145    0.0092   2082.0872    0.9977        0.0680
   ab_p[1,7]   -1.3119    0.8705     0.0275    0.0366    450.6830    0.9982        0.0147
   ab_p[2,7]   -0.1153    0.4526     0.0143    0.0107   1967.7064    0.9987        0.0642
   ab_p[1,8]    0.9468    0.8728     0.0276    0.0369    451.7919    0.9986        0.0147
   ab_p[2,8]    0.1174    0.4527     0.0143    0.0105   1905.3104    0.9991        0.0622
   ab_p[1,9]    0.3612    0.8788     0.0278    0.0373    442.7741    0.9985        0.0145
   ab_p[2,9]   -0.1935    0.4572     0.0145    0.0101   1982.2799    0.9989        0.0647
  ab_p[1,10]   -0.5665    0.8760     0.0277    0.0370    449.5387    0.9986        0.0147
  ab_p[2,10]    0.0047    0.4555     0.0144    0.0103   1885.9913    0.9983        0.0616
  ab_p[1,11]   -0.0138    0.8768     0.0277    0.0355    455.9800    0.9986        0.0149
  ab_p[2,11]    0.0090    0.4518     0.0143    0.0099   2018.3254    0.9986        0.0659
  ab_p[1,12]    1.4736    0.8823     0.0279    0.0363    450.0646    0.9983        0.0147
  ab_p[2,12]    0.0282    0.4568     0.0144    0.0107   2163.0782    0.9986        0.0706
         a_e    0.0475    0.8313     0.0263    0.0219   1464.3878    0.9976        0.0478
         b_e   -0.0052    0.4297     0.0136    0.0141   1015.4381    1.0012        0.0331
      σ_e[1]    0.7888    0.8291     0.0262    0.0219    873.3078    0.9977        0.0285
      σ_e[2]    0.6788    0.6889     0.0218    0.0282    855.5642    1.0034        0.0279
    ρ_e[1,1]    1.0000    0.0000     0.0000    0.0000         NaN       NaN           NaN
    ρ_e[2,1]    0.0057    0.4341     0.0137    0.0155   1055.8588    1.0005        0.0345
    ρ_e[1,2]    0.0057    0.4341     0.0137    0.0155   1055.8588    1.0005        0.0345
    ρ_e[2,2]    1.0000    0.0000     0.0000    0.0000   1037.5192    0.9960        0.0339
   ab_e[1,1]    0.0551    0.9445     0.0299    0.0299    840.9186    0.9989        0.0274
   ab_e[2,1]   -0.0832    0.5537     0.0175    0.0130   1486.0660    0.9989        0.0485
           σ    3.8493    0.0190     0.0006    0.0006   1000.1421    0.9992        0.0326

Quantiles
  parameters      2.5%     25.0%     50.0%     75.0%     97.5%
      Symbol   Float64   Float64   Float64   Float64   Float64

         a_w   -1.7388   -0.5719    0.0427    0.6028    1.7049
         b_w   -0.9643   -0.3545   -0.0565    0.2533    0.8079
      σ_w[1]    0.0209    0.1032    0.2274    0.5068    1.9574
      σ_w[2]    0.0995    0.2318    0.4022    0.6859    1.8162
    ρ_w[1,1]    1.0000    1.0000    1.0000    1.0000    1.0000
    ρ_w[2,1]   -0.8362   -0.3878   -0.0793    0.2655    0.7800
    ρ_w[1,2]   -0.8362   -0.3878   -0.0793    0.2655    0.7800
    ρ_w[2,2]    1.0000    1.0000    1.0000    1.0000    1.0000
   ab_w[1,1]   -1.6968   -0.5610    0.0988    0.6670    1.8089
   ab_w[2,1]   -1.3110   -0.5201   -0.1821    0.1495    0.7854
   ab_w[1,2]   -1.8000   -0.6387   -0.0057    0.5717    1.6719
   ab_w[2,2]   -0.9924   -0.2398    0.1091    0.4506    1.0889
         a_p   -1.6747   -0.5267    0.0645    0.6497    1.6330
         b_p   -0.8680   -0.3573   -0.0579    0.2467    0.8447
      σ_p[1]    0.6511    0.8310    0.9624    1.1188    1.5804
      σ_p[2]    0.1202    0.1724    0.2068    0.2496    0.3541
    ρ_p[1,1]    1.0000    1.0000    1.0000    1.0000    1.0000
    ρ_p[2,1]   -0.2141    0.1752    0.3736    0.5282    0.7639
    ρ_p[1,2]   -0.2141    0.1752    0.3736    0.5282    0.7639
    ρ_p[2,2]    1.0000    1.0000    1.0000    1.0000    1.0000
   ab_p[1,1]   -2.1398   -0.9530   -0.3555    0.2079    1.2491
   ab_p[2,1]   -1.1137   -0.5624   -0.2566    0.0358    0.6317
   ab_p[1,2]   -2.2731   -1.0876   -0.5142    0.0432    1.0968
   ab_p[2,2]   -1.0791   -0.5296   -0.2194    0.0797    0.6776
   ab_p[1,3]   -1.4687   -0.2913    0.2981    0.8413    1.8781
   ab_p[2,3]   -0.5051    0.0160    0.3186    0.6452    1.2443
   ab_p[1,4]   -2.4931   -1.2407   -0.7010   -0.1093    0.8871
   ab_p[2,4]   -1.0933   -0.5334   -0.2100    0.0857    0.7046
   ab_p[1,5]   -2.4284   -1.2430   -0.5917   -0.0558    0.9345
   ab_p[2,5]   -1.0524   -0.5140   -0.2081    0.1007    0.7437
   ab_p[1,6]   -0.1897    1.0192    1.5993    2.1357    3.1576
   ab_p[2,6]   -0.7510   -0.2506    0.0569    0.3673    0.9995
   ab_p[1,7]   -3.0798   -1.8725   -1.2574   -0.7383    0.2990
   ab_p[2,7]   -0.9659   -0.4277   -0.1242    0.1886    0.7761
   ab_p[1,8]   -0.8118    0.4014    0.9913    1.5371    2.5734
   ab_p[2,8]   -0.7479   -0.1869    0.1075    0.4228    1.0362
   ab_p[1,9]   -1.3982   -0.1882    0.3955    0.9530    1.9812
   ab_p[2,9]   -1.0692   -0.5161   -0.1897    0.1067    0.7372
  ab_p[1,10]   -2.2902   -1.1152   -0.5343    0.0119    1.0165
  ab_p[2,10]   -0.8706   -0.3048   -0.0037    0.2949    0.9231
  ab_p[1,11]   -1.7537   -0.5679   -0.0046    0.5804    1.6024
  ab_p[2,11]   -0.8556   -0.3117    0.0091    0.3228    0.9279
  ab_p[1,12]   -0.3042    0.9157    1.5058    2.0656    3.0760
  ab_p[2,12]   -0.8179   -0.2888    0.0043    0.3314    0.9713
         a_e   -1.5786   -0.5095    0.0796    0.6077    1.6123
         b_e   -0.8209   -0.3016   -0.0080    0.2961    0.7941
      σ_e[1]    0.0261    0.2447    0.5258    1.0319    3.0549
      σ_e[2]    0.0169    0.1950    0.4825    0.8858    2.5366
    ρ_e[1,1]    1.0000    1.0000    1.0000    1.0000    1.0000
    ρ_e[2,1]   -0.7784   -0.3248    0.0026    0.3213    0.8329
    ρ_e[1,2]   -0.7784   -0.3248    0.0026    0.3213    0.8329
    ρ_e[2,2]    1.0000    1.0000    1.0000    1.0000    1.0000
   ab_e[1,1]   -1.8230   -0.5502    0.0812    0.6832    1.9122
   ab_e[2,1]   -1.2394   -0.4254   -0.0836    0.2591    1.0135
           σ    3.8143    3.8359    3.8491    3.8625    3.8855

