Running on host highmem15.bc4.acrc.priv
Time is Tue Jan 23 15:06:47 GMT 2024
Directory is /user/home/em18564/BC4/Bayes/experiments/ePNP_noCov_WL_E
Slurm job ID is 12232756
This job runs on the following machines:
highmem15
    Updating registry at `~/.julia/registries/General.toml`
   Resolving package versions...
  No Changes to `~/.julia/environments/v1.8/Project.toml`
  No Changes to `~/.julia/environments/v1.8/Manifest.toml`
   Resolving package versions...
  No Changes to `~/.julia/environments/v1.8/Project.toml`
  No Changes to `~/.julia/environments/v1.8/Manifest.toml`
   Resolving package versions...
  No Changes to `~/.julia/environments/v1.8/Project.toml`
  No Changes to `~/.julia/environments/v1.8/Manifest.toml`
   Resolving package versions...
  No Changes to `~/.julia/environments/v1.8/Project.toml`
  No Changes to `~/.julia/environments/v1.8/Manifest.toml`
   Resolving package versions...
  No Changes to `~/.julia/environments/v1.8/Project.toml`
  No Changes to `~/.julia/environments/v1.8/Manifest.toml`
   Resolving package versions...
  No Changes to `~/.julia/environments/v1.8/Project.toml`
  No Changes to `~/.julia/environments/v1.8/Manifest.toml`
   Resolving package versions...
  No Changes to `~/.julia/environments/v1.8/Project.toml`
  No Changes to `~/.julia/environments/v1.8/Manifest.toml`
   Resolving package versions...
  No Changes to `~/.julia/environments/v1.8/Project.toml`
  No Changes to `~/.julia/environments/v1.8/Manifest.toml`
   Resolving package versions...
  No Changes to `~/.julia/environments/v1.8/Project.toml`
  No Changes to `~/.julia/environments/v1.8/Manifest.toml`
   Resolving package versions...
  No Changes to `~/.julia/environments/v1.8/Project.toml`
  No Changes to `~/.julia/environments/v1.8/Manifest.toml`
   Resolving package versions...
  No Changes to `~/.julia/environments/v1.8/Project.toml`
  No Changes to `~/.julia/environments/v1.8/Manifest.toml`
   Resolving package versions...
  No Changes to `~/.julia/environments/v1.8/Project.toml`
  No Changes to `~/.julia/environments/v1.8/Manifest.toml`
   Resolving package versions...
  No Changes to `~/.julia/environments/v1.8/Project.toml`
  No Changes to `~/.julia/environments/v1.8/Manifest.toml`
   Resolving package versions...
  No Changes to `~/.julia/environments/v1.8/Project.toml`
  No Changes to `~/.julia/environments/v1.8/Manifest.toml`
   Resolving package versions...
  No Changes to `~/.julia/environments/v1.8/Project.toml`
  No Changes to `~/.julia/environments/v1.8/Manifest.toml`
    Updating registry at `~/.julia/registries/General.toml`
   Resolving package versions...
  No Changes to `~/.julia/environments/v1.8/Project.toml`
  No Changes to `~/.julia/environments/v1.8/Manifest.toml`
   Resolving package versions...
  No Changes to `~/.julia/environments/v1.8/Project.toml`
  No Changes to `~/.julia/environments/v1.8/Manifest.toml`
   Resolving package versions...
  No Changes to `~/.julia/environments/v1.8/Project.toml`
  No Changes to `~/.julia/environments/v1.8/Manifest.toml`
   Resolving package versions...
  No Changes to `~/.julia/environments/v1.8/Project.toml`
  No Changes to `~/.julia/environments/v1.8/Manifest.toml`
   Resolving package versions...
  No Changes to `~/.julia/environments/v1.8/Project.toml`
  No Changes to `~/.julia/environments/v1.8/Manifest.toml`
   Resolving package versions...
  No Changes to `~/.julia/environments/v1.8/Project.toml`
  No Changes to `~/.julia/environments/v1.8/Manifest.toml`
   Resolving package versions...
  No Changes to `~/.julia/environments/v1.8/Project.toml`
  No Changes to `~/.julia/environments/v1.8/Manifest.toml`
   Resolving package versions...
  No Changes to `~/.julia/environments/v1.8/Project.toml`
  No Changes to `~/.julia/environments/v1.8/Manifest.toml`
   Resolving package versions...
  No Changes to `~/.julia/environments/v1.8/Project.toml`
  No Changes to `~/.julia/environments/v1.8/Manifest.toml`
   Resolving package versions...
  No Changes to `~/.julia/environments/v1.8/Project.toml`
  No Changes to `~/.julia/environments/v1.8/Manifest.toml`
   Resolving package versions...
  No Changes to `~/.julia/environments/v1.8/Project.toml`
  No Changes to `~/.julia/environments/v1.8/Manifest.toml`
   Resolving package versions...
  No Changes to `~/.julia/environments/v1.8/Project.toml`
  No Changes to `~/.julia/environments/v1.8/Manifest.toml`
   Resolving package versions...
  No Changes to `~/.julia/environments/v1.8/Project.toml`
  No Changes to `~/.julia/environments/v1.8/Manifest.toml`
Sampling (4 threads)   0%|                              |  ETA: N/A
┌ Info: Found initial step size
└   ϵ = 0.00078125
┌ Info: Found initial step size
└   ϵ = 0.00078125
┌ Info: Found initial step size
└   ϵ = 0.00078125
┌ Info: Found initial step size
└   ϵ = 0.00078125
Sampling (4 threads)  25%|███████▌                      |  ETA: 2:58:40
Sampling (4 threads)  50%|███████████████               |  ETA: 1:10:57
Sampling (4 threads)  75%|██████████████████████▌       |  ETA: 0:23:45
Sampling (4 threads) 100%|██████████████████████████████| Time: 1:16:26
Sampling (4 threads) 100%|██████████████████████████████| Time: 1:16:26
Chains MCMC chain (250×69×4 Array{Float64, 3}):

Iterations        = 126:1:375
Number of chains  = 4
Samples per chain = 250
Wall duration     = 4558.53 seconds
Compute duration  = 16573.5 seconds
parameters        = a_w_s[1], a_w_s[2], b_w_s[1], b_w_s[2], c_w_s[1], c_w_s[2], a_p_s[1], a_p_s[2], a_p_s[3], a_p_s[4], a_p_s[5], a_p_s[6], a_p_s[7], a_p_s[8], a_p_s[9], a_p_s[10], a_p_s[11], a_p_s[12], a_p_s[13], a_p_s[14], a_p_s[15], a_p_s[16], a_p_s[17], a_p_s[18], a_p_s[19], a_p_s[20], a_p_s[21], a_p_s[22], a_p_s[23], a_p_s[24], b_p_s[1], b_p_s[2], b_p_s[3], b_p_s[4], b_p_s[5], b_p_s[6], b_p_s[7], b_p_s[8], b_p_s[9], b_p_s[10], b_p_s[11], b_p_s[12], b_p_s[13], b_p_s[14], b_p_s[15], b_p_s[16], b_p_s[17], b_p_s[18], b_p_s[19], b_p_s[20], b_p_s[21], b_p_s[22], b_p_s[23], b_p_s[24], a_e, b_e, σ
internals         = lp, n_steps, is_accept, acceptance_rate, log_density, hamiltonian_energy, hamiltonian_energy_error, max_hamiltonian_energy_error, tree_depth, numerical_error, step_size, nom_step_size

Summary Statistics
  parameters      mean       std   naive_se      mcse         ess      rhat   ess_per_sec
      Symbol   Float64   Float64    Float64   Float64     Float64   Float64       Float64

    a_w_s[1]    0.0201    0.5827     0.0184    0.0583     84.4872    1.0167        0.0051
    a_w_s[2]   -0.0133    0.5852     0.0185    0.0582     85.6332    1.0148        0.0052
    b_w_s[1]   -0.1053    0.2813     0.0089    0.0188    161.4354    1.0183        0.0097
    b_w_s[2]    0.0947    0.2833     0.0090    0.0183    164.6713    1.0201        0.0099
    c_w_s[1]    0.3658    0.0334     0.0011    0.0011    885.4920    1.0018        0.0534
    c_w_s[2]    0.3934    0.0597     0.0019    0.0020   1336.4555    1.0002        0.0806
    a_p_s[1]   -0.6952    0.2321     0.0073    0.0196    106.2388    1.0380        0.0064
    a_p_s[2]    0.3503    0.2345     0.0074    0.0206     75.1791    1.0488        0.0045
    a_p_s[3]   -0.5327    0.2303     0.0073    0.0200    100.5130    1.0402        0.0061
    a_p_s[4]    0.6368    0.2276     0.0072    0.0196     76.2697    1.0517        0.0046
    a_p_s[5]   -0.0490    0.2303     0.0073    0.0200     67.0594    1.0522        0.0040
    a_p_s[6]   -1.1367    0.2325     0.0074    0.0200     94.1758    1.0458        0.0057
    a_p_s[7]    0.1516    0.2383     0.0075    0.0202    104.8761    1.0437        0.0063
    a_p_s[8]    0.7302    0.2337     0.0074    0.0206     92.0429    1.0455        0.0056
    a_p_s[9]   -0.4758    0.2345     0.0074    0.0207     73.1084    1.0525        0.0044
   a_p_s[10]   -0.3314    0.2339     0.0074    0.0203     75.6482    1.0480        0.0046
   a_p_s[11]    0.2669    0.2331     0.0074    0.0206     76.8070    1.0537        0.0046
   a_p_s[12]   -0.0419    0.2302     0.0073    0.0203     63.3212    1.0575        0.0038
   a_p_s[13]    0.3210    0.2305     0.0073    0.0210     82.9615    1.0489        0.0050
   a_p_s[14]    0.2335    0.2320     0.0073    0.0205     68.8745    1.0541        0.0042
   a_p_s[15]   -0.2628    0.2355     0.0074    0.0202     74.8593    1.0516        0.0045
   a_p_s[16]   -0.0269    0.2302     0.0073    0.0199     93.9519    1.0432        0.0057
   a_p_s[17]   -0.1365    0.2336     0.0074    0.0203     72.9538    1.0492        0.0044
   a_p_s[18]   -0.3329    0.2336     0.0074    0.0198    104.7562    1.0416        0.0063
   a_p_s[19]    0.3961    0.2340     0.0074    0.0203     90.4350    1.0458        0.0055
   a_p_s[20]    0.2180    0.2320     0.0073    0.0208     89.7528    1.0450        0.0054
   a_p_s[21]    1.2411    0.2322     0.0073    0.0208     84.9919    1.0497        0.0051
   a_p_s[22]   -0.0738    0.2302     0.0073    0.0208     76.1517    1.0548        0.0046
   a_p_s[23]   -0.2164    0.2312     0.0073    0.0202     76.8152    1.0489        0.0046
   a_p_s[24]    0.1951    0.2290     0.0072    0.0205     92.4972    1.0459        0.0056
    b_p_s[1]    0.0976    0.1496     0.0047    0.0073    441.1355    0.9981        0.0266
    b_p_s[2]    0.5777    0.1543     0.0049    0.0066    430.4679    0.9993        0.0260
    b_p_s[3]    0.0457    0.1493     0.0047    0.0071    462.6976    1.0039        0.0279
    b_p_s[4]   -0.1750    0.1545     0.0049    0.0067    421.8914    0.9997        0.0255
    b_p_s[5]    0.0116    0.1475     0.0047    0.0064    404.1693    1.0010        0.0244
    b_p_s[6]    0.4299    0.1476     0.0047    0.0073    405.0450    1.0040        0.0244
    b_p_s[7]   -0.0167    0.1490     0.0047    0.0073    368.6768    1.0024        0.0222
    b_p_s[8]    0.1147    0.1513     0.0048    0.0071    417.6765    1.0022        0.0252
    b_p_s[9]   -0.2600    0.1541     0.0049    0.0063    492.3943    0.9997        0.0297
   b_p_s[10]   -0.5026    0.1513     0.0048    0.0066    440.7748    0.9985        0.0266
   b_p_s[11]   -0.8436    0.1490     0.0047    0.0077    419.9803    1.0033        0.0253
   b_p_s[12]   -0.3800    0.1451     0.0046    0.0069    400.6372    1.0002        0.0242
   b_p_s[13]    0.0448    0.1508     0.0048    0.0079    402.5980    1.0067        0.0243
   b_p_s[14]    0.1314    0.1529     0.0048    0.0068    442.4045    1.0002        0.0267
   b_p_s[15]    0.4052    0.1481     0.0047    0.0083    374.2926    1.0042        0.0226
   b_p_s[16]    0.1233    0.1479     0.0047    0.0070    414.9629    1.0000        0.0250
   b_p_s[17]    0.2566    0.1513     0.0048    0.0072    392.4597    1.0043        0.0237
   b_p_s[18]   -0.2501    0.1438     0.0045    0.0068    393.3840    0.9995        0.0237
   b_p_s[19]   -0.3102    0.1521     0.0048    0.0064    455.7263    1.0007        0.0275
   b_p_s[20]   -0.2741    0.1521     0.0048    0.0074    451.0229    1.0023        0.0272
   b_p_s[21]    0.1878    0.1498     0.0047    0.0071    391.6883    0.9999        0.0236
   b_p_s[22]    0.2743    0.1485     0.0047    0.0057    515.0896    0.9991        0.0311
   b_p_s[23]    0.3021    0.1566     0.0050    0.0068    451.2938    1.0005        0.0272
   b_p_s[24]    0.0805    0.1520     0.0048    0.0059    531.8906    1.0009        0.0321
         a_e    0.0207    0.5906     0.0187    0.0585     91.1137    1.0069        0.0055
         b_e   -0.0040    0.2939     0.0093    0.0184    197.4603    1.0180        0.0119
           σ    4.7043    0.0165     0.0005    0.0006    973.5890    0.9978        0.0587

Quantiles
  parameters      2.5%     25.0%     50.0%     75.0%     97.5%
      Symbol   Float64   Float64   Float64   Float64   Float64

    a_w_s[1]   -1.1852   -0.3765    0.0337    0.3630    1.1758
    a_w_s[2]   -1.2031   -0.4027    0.0077    0.3450    1.1532
    b_w_s[1]   -0.6214   -0.3052   -0.1047    0.0901    0.4392
    b_w_s[2]   -0.4199   -0.1028    0.0990    0.2907    0.6547
    c_w_s[1]    0.2975    0.3434    0.3666    0.3882    0.4297
    c_w_s[2]    0.2770    0.3545    0.3943    0.4347    0.5051
    a_p_s[1]   -1.1460   -0.8506   -0.6934   -0.5289   -0.2715
    a_p_s[2]   -0.1046    0.1857    0.3602    0.5143    0.7796
    a_p_s[3]   -0.9754   -0.6886   -0.5274   -0.3723   -0.0927
    a_p_s[4]    0.1800    0.4830    0.6381    0.7967    1.0773
    a_p_s[5]   -0.5053   -0.2009   -0.0545    0.1184    0.3845
    a_p_s[6]   -1.5874   -1.3021   -1.1384   -0.9809   -0.6765
    a_p_s[7]   -0.3441   -0.0083    0.1646    0.3139    0.6118
    a_p_s[8]    0.2768    0.5706    0.7330    0.9020    1.1678
    a_p_s[9]   -0.9320   -0.6395   -0.4642   -0.3226   -0.0269
   a_p_s[10]   -0.7995   -0.4881   -0.3292   -0.1682    0.1147
   a_p_s[11]   -0.2064    0.1023    0.2721    0.4278    0.7083
   a_p_s[12]   -0.5056   -0.1919   -0.0479    0.1178    0.3927
   a_p_s[13]   -0.1351    0.1671    0.3227    0.4810    0.7712
   a_p_s[14]   -0.2332    0.0749    0.2333    0.3938    0.6859
   a_p_s[15]   -0.7352   -0.4239   -0.2676   -0.0931    0.1723
   a_p_s[16]   -0.4879   -0.1827   -0.0292    0.1309    0.4164
   a_p_s[17]   -0.5937   -0.2808   -0.1378    0.0233    0.3150
   a_p_s[18]   -0.8033   -0.4892   -0.3313   -0.1646    0.1085
   a_p_s[19]   -0.0500    0.2391    0.3923    0.5554    0.8465
   a_p_s[20]   -0.2606    0.0665    0.2242    0.3704    0.6645
   a_p_s[21]    0.7909    1.0923    1.2506    1.3971    1.6784
   a_p_s[22]   -0.5220   -0.2341   -0.0705    0.0850    0.3788
   a_p_s[23]   -0.6480   -0.3705   -0.2256   -0.0632    0.2369
   a_p_s[24]   -0.2525    0.0446    0.1964    0.3495    0.6420
    b_p_s[1]   -0.1968   -0.0022    0.0978    0.1990    0.3784
    b_p_s[2]    0.2772    0.4753    0.5800    0.6828    0.8876
    b_p_s[3]   -0.2528   -0.0527    0.0442    0.1506    0.3275
    b_p_s[4]   -0.4759   -0.2825   -0.1756   -0.0663    0.1024
    b_p_s[5]   -0.2615   -0.0900    0.0125    0.1078    0.3048
    b_p_s[6]    0.1490    0.3381    0.4248    0.5278    0.7167
    b_p_s[7]   -0.3208   -0.1115   -0.0191    0.0821    0.2721
    b_p_s[8]   -0.1745    0.0098    0.1179    0.2167    0.4054
    b_p_s[9]   -0.5712   -0.3614   -0.2568   -0.1590    0.0368
   b_p_s[10]   -0.7785   -0.6082   -0.5049   -0.3959   -0.2113
   b_p_s[11]   -1.1404   -0.9453   -0.8440   -0.7445   -0.5657
   b_p_s[12]   -0.6686   -0.4728   -0.3749   -0.2859   -0.0951
   b_p_s[13]   -0.2638   -0.0585    0.0483    0.1533    0.3293
   b_p_s[14]   -0.1714    0.0234    0.1348    0.2400    0.4241
   b_p_s[15]    0.1081    0.3039    0.4131    0.5019    0.6910
   b_p_s[16]   -0.1718    0.0222    0.1226    0.2200    0.4089
   b_p_s[17]   -0.0578    0.1588    0.2598    0.3641    0.5313
   b_p_s[18]   -0.5378   -0.3477   -0.2511   -0.1499    0.0199
   b_p_s[19]   -0.6191   -0.4118   -0.3065   -0.2055   -0.0283
   b_p_s[20]   -0.5822   -0.3735   -0.2706   -0.1650    0.0136
   b_p_s[21]   -0.1213    0.0870    0.1863    0.2947    0.4694
   b_p_s[22]   -0.0145    0.1758    0.2749    0.3779    0.5642
   b_p_s[23]   -0.0021    0.1975    0.3048    0.4036    0.6015
   b_p_s[24]   -0.2241   -0.0203    0.0867    0.1793    0.3821
         a_e   -1.1238   -0.4035   -0.0050    0.4373    1.2224
         b_e   -0.5897   -0.2134   -0.0063    0.1985    0.5350
           σ    4.6721    4.6932    4.7047    4.7156    4.7353

