cpu-bind=MASK - bp1-compute056, task  0  0 [2821762]: mask 0x840000840000 set
Running on host bp1-compute103
Time is Thu Apr 23 22:51:36 BST 2026
Directory is /user/home/em18564/bayesian/BC4/Bayes/wordType_experiments/models/halfNorms_grouped_cats
Slurm job ID is 16958311
This job runs on the following machines:
bp1-compute103
Running on host bp1-compute056
Time is Thu Apr 23 22:51:36 BST 2026
Directory is /user/home/em18564/bayesian/BC4/Bayes/wordType_experiments/models/halfNorms_grouped_cats
Slurm job ID is 16958391
This job runs on the following machines:
bp1-compute056
┌ Warning: Runtime invalidation was disabled, but the CPU info is out-of-date.
│ Will continue with incorrect CPU name (from build time).
└ @ HostCPUFeatures ~/.julia/packages/HostCPUFeatures/ZTXz4/src/cpu_info.jl:71
┌ Warning: Runtime invalidation was disabled, but the CPU info is out-of-date.
│ Will continue with incorrect CPU feature flag: +avx512vnni.
└ @ HostCPUFeatures ~/.julia/packages/HostCPUFeatures/ZTXz4/src/cpu_info.jl:56
┌ Warning: Runtime invalidation was disabled, but the CPU info is out-of-date.
│ Will continue with incorrect CPU feature flag: -rtm.
└ @ HostCPUFeatures ~/.julia/packages/HostCPUFeatures/ZTXz4/src/cpu_info.jl:56
Sampling (4 threads)   0%|                              |  ETA: N/A
┌ Info: Found initial step size
└   ϵ = 0.0001953125
┌ Info: Found initial step size
└   ϵ = 0.0001953125
┌ Info: Found initial step size
└   ϵ = 0.000390625
┌ Info: Found initial step size
└   ϵ = 0.00625
Sampling (4 threads)   0%|▏                             |  ETA: 2:36:32
Sampling (4 threads)   1%|▎                             |  ETA: 1:17:58
Sampling (4 threads)   2%|▌                             |  ETA: 0:51:43
Sampling (4 threads)   2%|▋                             |  ETA: 0:39:40
Sampling (4 threads)   2%|▊                             |  ETA: 0:31:35
Sampling (4 threads)   3%|▉                             |  ETA: 0:29:00
Sampling (4 threads)   4%|█                             |  ETA: 0:24:44
Sampling (4 threads)   4%|█▎                            |  ETA: 0:21:32
Sampling (4 threads)   4%|█▍                            |  ETA: 0:39:18
Sampling (4 threads)   5%|█▌                            |  ETA: 0:35:11
Sampling (4 threads)   6%|█▋                            |  ETA: 0:31:49
Sampling (4 threads)   6%|█▊                            |  ETA: 0:57:30
Sampling (4 threads)   6%|██                            |  ETA: 0:52:48
Sampling (4 threads)   7%|██▏                           |  ETA: 0:48:46
Sampling (4 threads)   8%|██▎                           |  ETA: 1:12:54
Sampling (4 threads)   8%|██▍                           |  ETA: 1:07:58
Sampling (4 threads)   8%|██▌                           |  ETA: 1:03:38
Sampling (4 threads)   9%|██▊                           |  ETA: 1:20:12
Sampling (4 threads)  10%|██▉                           |  ETA: 1:15:34
Sampling (4 threads)  10%|███                           |  ETA: 1:25:19
Sampling (4 threads)  10%|███▏                          |  ETA: 1:20:48
Sampling (4 threads)  11%|███▎                          |  ETA: 1:20:11
Sampling (4 threads)  12%|███▌                          |  ETA: 1:16:16
Sampling (4 threads)  12%|███▋                          |  ETA: 1:24:34
Sampling (4 threads)  12%|███▊                          |  ETA: 1:20:44
Sampling (4 threads)  13%|███▉                          |  ETA: 1:17:11
Sampling (4 threads)  14%|████                          |  ETA: 1:13:54
Sampling (4 threads)  14%|████▎                         |  ETA: 1:22:19
Sampling (4 threads)  14%|████▍                         |  ETA: 1:19:01
Sampling (4 threads)  15%|████▌                         |  ETA: 1:25:37
Sampling (4 threads)  16%|████▋                         |  ETA: 1:22:22
Sampling (4 threads)  16%|████▊                         |  ETA: 1:19:19
Sampling (4 threads)  16%|█████                         |  ETA: 1:23:52
Sampling (4 threads)  17%|█████▏                        |  ETA: 1:20:55
Sampling (4 threads)  18%|█████▎                        |  ETA: 1:18:08
Sampling (4 threads)  18%|█████▍                        |  ETA: 1:19:40
Sampling (4 threads)  18%|█████▌                        |  ETA: 1:17:02
Sampling (4 threads)  19%|█████▊                        |  ETA: 1:19:07
Sampling (4 threads)  20%|█████▉                        |  ETA: 1:16:37
Sampling (4 threads)  20%|██████                        |  ETA: 1:14:14
Sampling (4 threads)  20%|██████▏                       |  ETA: 1:16:05
Sampling (4 threads)  21%|██████▎                       |  ETA: 1:13:48
Sampling (4 threads)  22%|██████▌                       |  ETA: 1:11:38
Sampling (4 threads)  22%|██████▋                       |  ETA: 1:14:15
Sampling (4 threads)  22%|██████▊                       |  ETA: 1:12:08
Sampling (4 threads)  23%|██████▉                       |  ETA: 1:10:06
Sampling (4 threads)  24%|███████                       |  ETA: 1:13:01
Sampling (4 threads)  24%|███████▎                      |  ETA: 1:11:02
Sampling (4 threads)  24%|███████▍                      |  ETA: 1:09:07
Sampling (4 threads)  25%|███████▌                      |  ETA: 1:09:51
Sampling (4 threads)  26%|███████▋                      |  ETA: 1:08:01
Sampling (4 threads)  26%|███████▊                      |  ETA: 1:06:16
Sampling (4 threads)  26%|████████                      |  ETA: 1:09:18
Sampling (4 threads)  27%|████████▏                     |  ETA: 1:07:34
Sampling (4 threads)  28%|████████▎                     |  ETA: 1:05:53
Sampling (4 threads)  28%|████████▍                     |  ETA: 1:07:48
Sampling (4 threads)  28%|████████▌                     |  ETA: 1:06:09
Sampling (4 threads)  29%|████████▊                     |  ETA: 1:04:33
Sampling (4 threads)  30%|████████▉                     |  ETA: 1:05:20
Sampling (4 threads)  30%|█████████                     |  ETA: 1:03:47
Sampling (4 threads)  30%|█████████▏                    |  ETA: 1:02:17
Sampling (4 threads)  31%|█████████▎                    |  ETA: 1:03:26
Sampling (4 threads)  32%|█████████▌                    |  ETA: 1:01:58
Sampling (4 threads)  32%|█████████▋                    |  ETA: 1:02:24
Sampling (4 threads)  32%|█████████▊                    |  ETA: 1:01:00
Sampling (4 threads)  33%|█████████▉                    |  ETA: 1:02:35
Sampling (4 threads)  34%|██████████                    |  ETA: 1:01:12
Sampling (4 threads)  34%|██████████▎                   |  ETA: 0:59:51
Sampling (4 threads)  34%|██████████▍                   |  ETA: 1:02:31
Sampling (4 threads)  35%|██████████▌                   |  ETA: 1:01:09
Sampling (4 threads)  36%|██████████▋                   |  ETA: 0:59:49
Sampling (4 threads)  36%|██████████▊                   |  ETA: 1:01:23
Sampling (4 threads)  36%|███████████                   |  ETA: 1:00:05
Sampling (4 threads)  37%|███████████▏                  |  ETA: 0:58:48
Sampling (4 threads)  38%|███████████▎                  |  ETA: 0:59:43
Sampling (4 threads)  38%|███████████▍                  |  ETA: 0:58:28
Sampling (4 threads)  38%|███████████▌                  |  ETA: 0:57:15
Sampling (4 threads)  39%|███████████▊                  |  ETA: 0:56:43
Sampling (4 threads)  40%|███████████▉                  |  ETA: 0:55:33
Sampling (4 threads)  40%|████████████                  |  ETA: 0:56:23
Sampling (4 threads)  40%|████████████▏                 |  ETA: 0:55:14
Sampling (4 threads)  41%|████████████▎                 |  ETA: 0:56:21
Sampling (4 threads)  42%|████████████▌                 |  ETA: 0:55:12
Sampling (4 threads)  42%|████████████▋                 |  ETA: 0:54:05
Sampling (4 threads)  42%|████████████▊                 |  ETA: 0:55:08
Sampling (4 threads)  43%|████████████▉                 |  ETA: 0:54:01
Sampling (4 threads)  44%|█████████████                 |  ETA: 0:52:55
Sampling (4 threads)  44%|█████████████▎                |  ETA: 0:51:52
Sampling (4 threads)  44%|█████████████▍                |  ETA: 0:52:18
Sampling (4 threads)  45%|█████████████▌                |  ETA: 0:51:16
Sampling (4 threads)  46%|█████████████▋                |  ETA: 0:51:27
Sampling (4 threads)  46%|█████████████▊                |  ETA: 0:50:25
Sampling (4 threads)  46%|██████████████                |  ETA: 0:50:14
Sampling (4 threads)  47%|██████████████▏               |  ETA: 0:49:14
Sampling (4 threads)  48%|██████████████▎               |  ETA: 0:49:13
Sampling (4 threads)  48%|██████████████▍               |  ETA: 0:48:15
Sampling (4 threads)  48%|██████████████▌               |  ETA: 0:47:17
Sampling (4 threads)  49%|██████████████▊               |  ETA: 0:47:24
Sampling (4 threads)  50%|██████████████▉               |  ETA: 0:46:28
Sampling (4 threads)  50%|███████████████               |  ETA: 0:46:16
Sampling (4 threads)  50%|███████████████▏              |  ETA: 0:45:21
Sampling (4 threads)  51%|███████████████▎              |  ETA: 0:44:28
Sampling (4 threads)  52%|███████████████▌              |  ETA: 0:45:11
Sampling (4 threads)  52%|███████████████▋              |  ETA: 0:44:17
Sampling (4 threads)  52%|███████████████▊              |  ETA: 0:43:25
Sampling (4 threads)  53%|███████████████▉              |  ETA: 0:43:32
Sampling (4 threads)  54%|████████████████              |  ETA: 0:42:40
Sampling (4 threads)  54%|████████████████▎             |  ETA: 0:41:49
Sampling (4 threads)  55%|████████████████▍             |  ETA: 0:42:08
Sampling (4 threads)  55%|████████████████▌             |  ETA: 0:41:18
Sampling (4 threads)  56%|████████████████▋             |  ETA: 0:40:28
Sampling (4 threads)  56%|████████████████▊             |  ETA: 0:39:39
Sampling (4 threads)  56%|█████████████████             |  ETA: 0:40:22
Sampling (4 threads)  57%|█████████████████▏            |  ETA: 0:39:33
Sampling (4 threads)  57%|█████████████████▎            |  ETA: 0:38:45
Sampling (4 threads)  58%|█████████████████▍            |  ETA: 0:38:30
Sampling (4 threads)  58%|█████████████████▌            |  ETA: 0:37:43
Sampling (4 threads)  59%|█████████████████▊            |  ETA: 0:37:35
Sampling (4 threads)  60%|█████████████████▉            |  ETA: 0:36:48
Sampling (4 threads)  60%|██████████████████            |  ETA: 0:36:53
Sampling (4 threads)  60%|██████████████████▏           |  ETA: 0:36:07
Sampling (4 threads)  61%|██████████████████▎           |  ETA: 0:35:22
Sampling (4 threads)  62%|██████████████████▌           |  ETA: 0:35:34
Sampling (4 threads)  62%|██████████████████▋           |  ETA: 0:34:49
Sampling (4 threads)  62%|██████████████████▊           |  ETA: 0:34:05
Sampling (4 threads)  63%|██████████████████▉           |  ETA: 0:33:22
Sampling (4 threads)  64%|███████████████████           |  ETA: 0:33:35
Sampling (4 threads)  64%|███████████████████▎          |  ETA: 0:32:52
Sampling (4 threads)  64%|███████████████████▍          |  ETA: 0:32:09
Sampling (4 threads)  65%|███████████████████▌          |  ETA: 0:32:05
Sampling (4 threads)  66%|███████████████████▋          |  ETA: 0:31:23
Sampling (4 threads)  66%|███████████████████▊          |  ETA: 0:31:14
Sampling (4 threads)  66%|████████████████████          |  ETA: 0:30:33
Sampling (4 threads)  67%|████████████████████▏         |  ETA: 0:29:52
Sampling (4 threads)  68%|████████████████████▎         |  ETA: 0:29:12
Sampling (4 threads)  68%|████████████████████▍         |  ETA: 0:29:02
Sampling (4 threads)  68%|████████████████████▌         |  ETA: 0:28:22
Sampling (4 threads)  69%|████████████████████▊         |  ETA: 0:28:27
Sampling (4 threads)  70%|████████████████████▉         |  ETA: 0:27:48
Sampling (4 threads)  70%|█████████████████████         |  ETA: 0:27:09
Sampling (4 threads)  70%|█████████████████████▏        |  ETA: 0:27:14
Sampling (4 threads)  71%|█████████████████████▎        |  ETA: 0:26:35
Sampling (4 threads)  72%|█████████████████████▌        |  ETA: 0:25:57
Sampling (4 threads)  72%|█████████████████████▋        |  ETA: 0:25:19
Sampling (4 threads)  72%|█████████████████████▊        |  ETA: 0:25:38
Sampling (4 threads)  73%|█████████████████████▉        |  ETA: 0:25:00
Sampling (4 threads)  74%|██████████████████████        |  ETA: 0:24:22
Sampling (4 threads)  74%|██████████████████████▎       |  ETA: 0:24:20
Sampling (4 threads)  74%|██████████████████████▍       |  ETA: 0:23:43
Sampling (4 threads)  75%|██████████████████████▌       |  ETA: 0:23:06
Sampling (4 threads)  76%|██████████████████████▋       |  ETA: 0:22:54
Sampling (4 threads)  76%|██████████████████████▊       |  ETA: 0:22:17
Sampling (4 threads)  76%|███████████████████████       |  ETA: 0:21:40
Sampling (4 threads)  77%|███████████████████████▏      |  ETA: 0:21:20
Sampling (4 threads)  78%|███████████████████████▎      |  ETA: 0:20:44
Sampling (4 threads)  78%|███████████████████████▍      |  ETA: 0:20:33
Sampling (4 threads)  78%|███████████████████████▌      |  ETA: 0:19:58
Sampling (4 threads)  79%|███████████████████████▊      |  ETA: 0:19:22
Sampling (4 threads)  80%|███████████████████████▉      |  ETA: 0:18:48
Sampling (4 threads)  80%|████████████████████████      |  ETA: 0:18:29
Sampling (4 threads)  80%|████████████████████████▏     |  ETA: 0:17:54
Sampling (4 threads)  81%|████████████████████████▎     |  ETA: 0:17:31
Sampling (4 threads)  82%|████████████████████████▌     |  ETA: 0:16:57
Sampling (4 threads)  82%|████████████████████████▋     |  ETA: 0:16:35
Sampling (4 threads)  82%|████████████████████████▊     |  ETA: 0:16:01
Sampling (4 threads)  83%|████████████████████████▉     |  ETA: 0:15:44
Sampling (4 threads)  84%|█████████████████████████     |  ETA: 0:15:11
Sampling (4 threads)  84%|█████████████████████████▎    |  ETA: 0:14:38
Sampling (4 threads)  84%|█████████████████████████▍    |  ETA: 0:14:17
Sampling (4 threads)  85%|█████████████████████████▌    |  ETA: 0:13:44
Sampling (4 threads)  86%|█████████████████████████▋    |  ETA: 0:13:26
Sampling (4 threads)  86%|█████████████████████████▊    |  ETA: 0:12:54
Sampling (4 threads)  86%|██████████████████████████    |  ETA: 0:12:22
Sampling (4 threads)  87%|██████████████████████████▏   |  ETA: 0:11:57
Sampling (4 threads)  88%|██████████████████████████▎   |  ETA: 0:11:25
Sampling (4 threads)  88%|██████████████████████████▍   |  ETA: 0:11:04
Sampling (4 threads)  88%|██████████████████████████▌   |  ETA: 0:10:33
Sampling (4 threads)  89%|██████████████████████████▊   |  ETA: 0:10:02
Sampling (4 threads)  90%|██████████████████████████▉   |  ETA: 0:09:40
Sampling (4 threads)  90%|███████████████████████████   |  ETA: 0:09:09
Sampling (4 threads)  90%|███████████████████████████▏  |  ETA: 0:08:50
Sampling (4 threads)  91%|███████████████████████████▎  |  ETA: 0:08:19
Sampling (4 threads)  92%|███████████████████████████▌  |  ETA: 0:07:49
Sampling (4 threads)  92%|███████████████████████████▋  |  ETA: 0:07:25
Sampling (4 threads)  92%|███████████████████████████▊  |  ETA: 0:06:55
Sampling (4 threads)  93%|███████████████████████████▉  |  ETA: 0:06:26
Sampling (4 threads)  94%|████████████████████████████  |  ETA: 0:05:58
Sampling (4 threads)  94%|████████████████████████████▎ |  ETA: 0:05:31
Sampling (4 threads)  94%|████████████████████████████▍ |  ETA: 0:05:02
Sampling (4 threads)  95%|████████████████████████████▌ |  ETA: 0:04:36
Sampling (4 threads)  96%|████████████████████████████▋ |  ETA: 0:04:09
Sampling (4 threads)  96%|████████████████████████████▊ |  ETA: 0:03:40
Sampling (4 threads)  96%|█████████████████████████████ |  ETA: 0:03:13
Sampling (4 threads)  97%|█████████████████████████████▏|  ETA: 0:02:45
Sampling (4 threads)  98%|█████████████████████████████▎|  ETA: 0:02:17
Sampling (4 threads)  98%|█████████████████████████████▍|  ETA: 0:01:50
Sampling (4 threads)  98%|█████████████████████████████▌|  ETA: 0:01:23
Sampling (4 threads)  99%|█████████████████████████████▊|  ETA: 0:00:55
Sampling (4 threads) 100%|█████████████████████████████▉|  ETA: 0:00:28
Sampling (4 threads) 100%|██████████████████████████████| Time: 1:33:24
Sampling (4 threads) 100%|██████████████████████████████| Time: 1:33:24
┌ Warning: Assignment to `is_waiting` in soft scope is ambiguous because a global variable by the same name exists: `is_waiting` will be treated as a new local. Disambiguate by using `local is_waiting` to suppress this warning or `global is_waiting` to assign to the existing global variable.
└ @ ~/bayesian/BC4/Bayes/wordType_experiments/models/halfNorms_grouped_cats/model.jl:51
┌ Warning: Runtime invalidation was disabled, but the CPU info is out-of-date.
│ Will continue with incorrect CPU name (from build time).
└ @ HostCPUFeatures ~/.julia/packages/HostCPUFeatures/ZTXz4/src/cpu_info.jl:71
┌ Warning: Runtime invalidation was disabled, but the CPU info is out-of-date.
│ Will continue with incorrect CPU feature flag: +avx512vnni.
└ @ HostCPUFeatures ~/.julia/packages/HostCPUFeatures/ZTXz4/src/cpu_info.jl:56
┌ Warning: Runtime invalidation was disabled, but the CPU info is out-of-date.
│ Will continue with incorrect CPU feature flag: -rtm.
└ @ HostCPUFeatures ~/.julia/packages/HostCPUFeatures/ZTXz4/src/cpu_info.jl:56
Sampling (4 threads)   0%|                              |  ETA: N/A
┌ Info: Found initial step size
└   ϵ = 0.00078125
┌ Info: Found initial step size
└   ϵ = 0.000390625
┌ Info: Found initial step size
└   ϵ = 0.00625
┌ Info: Found initial step size
└   ϵ = 0.003125
Sampling (4 threads)   0%|▏                             |  ETA: 2:18:40
Sampling (4 threads)   1%|▎                             |  ETA: 1:09:04
Sampling (4 threads)   2%|▌                             |  ETA: 0:45:49
Sampling (4 threads)   2%|▋                             |  ETA: 0:41:20
Sampling (4 threads)   2%|▊                             |  ETA: 0:32:54
Sampling (4 threads)   3%|▉                             |  ETA: 1:11:37
Sampling (4 threads)   4%|█                             |  ETA: 1:01:04
Sampling (4 threads)   4%|█▎                            |  ETA: 1:14:33
Sampling (4 threads)   4%|█▍                            |  ETA: 1:05:55
Sampling (4 threads)   5%|█▌                            |  ETA: 0:59:01
Sampling (4 threads)   6%|█▋                            |  ETA: 1:18:49
Sampling (4 threads)   6%|█▊                            |  ETA: 1:11:52
Sampling (4 threads)   6%|██                            |  ETA: 1:27:23
Sampling (4 threads)   7%|██▏                           |  ETA: 1:20:43
Sampling (4 threads)   8%|██▎                           |  ETA: 1:21:29
Sampling (4 threads)   8%|██▍                           |  ETA: 1:15:59
Sampling (4 threads)   8%|██▌                           |  ETA: 1:27:47
Sampling (4 threads)   9%|██▊                           |  ETA: 1:22:28
Sampling (4 threads)  10%|██▉                           |  ETA: 1:17:41
Sampling (4 threads)  10%|███                           |  ETA: 1:34:59
Sampling (4 threads)  10%|███▏                          |  ETA: 1:29:57
Sampling (4 threads)  11%|███▎                          |  ETA: 1:25:23
Sampling (4 threads)  12%|███▌                          |  ETA: 1:31:11
Sampling (4 threads)  12%|███▋                          |  ETA: 1:26:54
Sampling (4 threads)  12%|███▊                          |  ETA: 1:22:57
Sampling (4 threads)  13%|███▉                          |  ETA: 1:30:49
Sampling (4 threads)  14%|████                          |  ETA: 1:26:57
Sampling (4 threads)  14%|████▎                         |  ETA: 1:23:21
Sampling (4 threads)  14%|████▍                         |  ETA: 1:27:54
Sampling (4 threads)  15%|████▌                         |  ETA: 1:24:28
Sampling (4 threads)  16%|████▋                         |  ETA: 1:21:16
Sampling (4 threads)  16%|████▊                         |  ETA: 1:25:50
Sampling (4 threads)  16%|█████                         |  ETA: 1:22:44
Sampling (4 threads)  17%|█████▏                        |  ETA: 1:28:19
Sampling (4 threads)  18%|█████▎                        |  ETA: 1:25:16
Sampling (4 threads)  18%|█████▍                        |  ETA: 1:22:24
Sampling (4 threads)  18%|█████▌                        |  ETA: 1:24:29
Sampling (4 threads)  19%|█████▊                        |  ETA: 1:21:46
Sampling (4 threads)  20%|█████▉                        |  ETA: 1:19:10
Sampling (4 threads)  20%|██████                        |  ETA: 1:25:01
Sampling (4 threads)  20%|██████▏                       |  ETA: 1:22:25
Sampling (4 threads)  21%|██████▎                       |  ETA: 1:19:57
Sampling (4 threads)  22%|██████▌                       |  ETA: 1:17:36
Sampling (4 threads)  22%|██████▋                       |  ETA: 1:17:45
Sampling (4 threads)  22%|██████▊                       |  ETA: 1:15:32
Sampling (4 threads)  23%|██████▉                       |  ETA: 1:19:00
Sampling (4 threads)  24%|███████                       |  ETA: 1:16:49
Sampling (4 threads)  24%|███████▎                      |  ETA: 1:18:41
Sampling (4 threads)  24%|███████▍                      |  ETA: 1:16:34
Sampling (4 threads)  25%|███████▌                      |  ETA: 1:14:33
Sampling (4 threads)  26%|███████▋                      |  ETA: 1:14:33
Sampling (4 threads)  26%|███████▊                      |  ETA: 1:12:38
Sampling (4 threads)  26%|████████                      |  ETA: 1:13:47
Sampling (4 threads)  27%|████████▏                     |  ETA: 1:11:55
Sampling (4 threads)  28%|████████▎                     |  ETA: 1:10:08
Sampling (4 threads)  28%|████████▍                     |  ETA: 1:11:51
Sampling (4 threads)  28%|████████▌                     |  ETA: 1:10:06
Sampling (4 threads)  29%|████████▊                     |  ETA: 1:10:38
Sampling (4 threads)  30%|████████▉                     |  ETA: 1:08:57
Sampling (4 threads)  30%|█████████                     |  ETA: 1:07:19
Sampling (4 threads)  30%|█████████▏                    |  ETA: 1:07:42
Sampling (4 threads)  31%|█████████▎                    |  ETA: 1:06:07
Sampling (4 threads)  32%|█████████▌                    |  ETA: 1:08:28
Sampling (4 threads)  32%|█████████▋                    |  ETA: 1:06:55
Sampling (4 threads)  32%|█████████▊                    |  ETA: 1:05:24
Sampling (4 threads)  33%|█████████▉                    |  ETA: 1:05:52
Sampling (4 threads)  34%|██████████                    |  ETA: 1:04:24
Sampling (4 threads)  34%|██████████▎                   |  ETA: 1:05:26
Sampling (4 threads)  34%|██████████▍                   |  ETA: 1:04:00
Sampling (4 threads)  35%|██████████▌                   |  ETA: 1:02:36
Sampling (4 threads)  36%|██████████▋                   |  ETA: 1:02:12
Sampling (4 threads)  36%|██████████▊                   |  ETA: 1:00:52
Sampling (4 threads)  36%|███████████                   |  ETA: 1:02:48
Sampling (4 threads)  37%|███████████▏                  |  ETA: 1:01:28
Sampling (4 threads)  38%|███████████▎                  |  ETA: 1:00:10
Sampling (4 threads)  38%|███████████▍                  |  ETA: 1:01:02
Sampling (4 threads)  38%|███████████▌                  |  ETA: 0:59:45
Sampling (4 threads)  39%|███████████▊                  |  ETA: 0:59:59
Sampling (4 threads)  40%|███████████▉                  |  ETA: 0:58:44
Sampling (4 threads)  40%|████████████                  |  ETA: 0:57:31
Sampling (4 threads)  40%|████████████▏                 |  ETA: 0:56:20
Sampling (4 threads)  41%|████████████▎                 |  ETA: 0:57:17
Sampling (4 threads)  42%|████████████▌                 |  ETA: 0:56:07
Sampling (4 threads)  42%|████████████▋                 |  ETA: 0:55:53
Sampling (4 threads)  42%|████████████▊                 |  ETA: 0:54:45
Sampling (4 threads)  43%|████████████▉                 |  ETA: 0:55:02
Sampling (4 threads)  44%|█████████████                 |  ETA: 0:53:56
Sampling (4 threads)  44%|█████████████▎                |  ETA: 0:54:12
Sampling (4 threads)  44%|█████████████▍                |  ETA: 0:53:07
Sampling (4 threads)  45%|█████████████▌                |  ETA: 0:53:21
Sampling (4 threads)  46%|█████████████▋                |  ETA: 0:52:17
Sampling (4 threads)  46%|█████████████▊                |  ETA: 0:52:34
Sampling (4 threads)  46%|██████████████                |  ETA: 0:51:32
Sampling (4 threads)  47%|██████████████▏               |  ETA: 0:50:30
Sampling (4 threads)  48%|██████████████▎               |  ETA: 0:50:49
Sampling (4 threads)  48%|██████████████▍               |  ETA: 0:49:49
Sampling (4 threads)  48%|██████████████▌               |  ETA: 0:48:49
Sampling (4 threads)  49%|██████████████▊               |  ETA: 0:48:43
Sampling (4 threads)  50%|██████████████▉               |  ETA: 0:47:45
Sampling (4 threads)  50%|███████████████               |  ETA: 0:48:07
Sampling (4 threads)  50%|███████████████▏              |  ETA: 0:47:10
Sampling (4 threads)  51%|███████████████▎              |  ETA: 0:46:14
Sampling (4 threads)  52%|███████████████▌              |  ETA: 0:45:19
Sampling (4 threads)  52%|███████████████▋              |  ETA: 0:45:32
Sampling (4 threads)  52%|███████████████▊              |  ETA: 0:44:38
Sampling (4 threads)  53%|███████████████▉              |  ETA: 0:44:56
Sampling (4 threads)  54%|████████████████              |  ETA: 0:44:03
Sampling (4 threads)  54%|████████████████▎             |  ETA: 0:43:10
Sampling (4 threads)  55%|████████████████▍             |  ETA: 0:43:12
Sampling (4 threads)  55%|████████████████▌             |  ETA: 0:42:21
Sampling (4 threads)  56%|████████████████▋             |  ETA: 0:42:15
Sampling (4 threads)  56%|████████████████▊             |  ETA: 0:41:24
Sampling (4 threads)  56%|█████████████████             |  ETA: 0:41:26
Sampling (4 threads)  57%|█████████████████▏            |  ETA: 0:40:36
Sampling (4 threads)  57%|█████████████████▎            |  ETA: 0:39:47
Sampling (4 threads)  58%|█████████████████▍            |  ETA: 0:39:58
Sampling (4 threads)  58%|█████████████████▌            |  ETA: 0:39:09
Sampling (4 threads)  59%|█████████████████▊            |  ETA: 0:38:21
Sampling (4 threads)  60%|█████████████████▉            |  ETA: 0:38:18
Sampling (4 threads)  60%|██████████████████            |  ETA: 0:37:31
Sampling (4 threads)  60%|██████████████████▏           |  ETA: 0:36:44
Sampling (4 threads)  61%|██████████████████▎           |  ETA: 0:36:30
Sampling (4 threads)  62%|██████████████████▌           |  ETA: 0:35:44
Sampling (4 threads)  62%|██████████████████▋           |  ETA: 0:36:03
Sampling (4 threads)  62%|██████████████████▊           |  ETA: 0:35:17
Sampling (4 threads)  63%|██████████████████▉           |  ETA: 0:34:32
Sampling (4 threads)  64%|███████████████████           |  ETA: 0:34:33
Sampling (4 threads)  64%|███████████████████▎          |  ETA: 0:33:49
Sampling (4 threads)  64%|███████████████████▍          |  ETA: 0:33:05
Sampling (4 threads)  65%|███████████████████▌          |  ETA: 0:32:22
Sampling (4 threads)  66%|███████████████████▋          |  ETA: 0:32:37
Sampling (4 threads)  66%|███████████████████▊          |  ETA: 0:31:54
Sampling (4 threads)  66%|████████████████████          |  ETA: 0:31:12
Sampling (4 threads)  67%|████████████████████▏         |  ETA: 0:31:12
Sampling (4 threads)  68%|████████████████████▎         |  ETA: 0:30:30
Sampling (4 threads)  68%|████████████████████▍         |  ETA: 0:30:06
Sampling (4 threads)  68%|████████████████████▌         |  ETA: 0:29:25
Sampling (4 threads)  69%|████████████████████▊         |  ETA: 0:28:44
Sampling (4 threads)  70%|████████████████████▉         |  ETA: 0:28:42
Sampling (4 threads)  70%|█████████████████████         |  ETA: 0:28:02
Sampling (4 threads)  70%|█████████████████████▏        |  ETA: 0:27:22
Sampling (4 threads)  71%|█████████████████████▎        |  ETA: 0:27:16
Sampling (4 threads)  72%|█████████████████████▌        |  ETA: 0:26:36
Sampling (4 threads)  72%|█████████████████████▋        |  ETA: 0:26:23
Sampling (4 threads)  72%|█████████████████████▊        |  ETA: 0:25:44
Sampling (4 threads)  73%|█████████████████████▉        |  ETA: 0:25:05
Sampling (4 threads)  74%|██████████████████████        |  ETA: 0:24:28
Sampling (4 threads)  74%|██████████████████████▎       |  ETA: 0:24:13
Sampling (4 threads)  74%|██████████████████████▍       |  ETA: 0:23:35
Sampling (4 threads)  75%|██████████████████████▌       |  ETA: 0:23:23
Sampling (4 threads)  76%|██████████████████████▋       |  ETA: 0:22:45
Sampling (4 threads)  76%|██████████████████████▊       |  ETA: 0:22:09
Sampling (4 threads)  76%|███████████████████████       |  ETA: 0:22:05
Sampling (4 threads)  77%|███████████████████████▏      |  ETA: 0:21:28
Sampling (4 threads)  78%|███████████████████████▎      |  ETA: 0:20:52
Sampling (4 threads)  78%|███████████████████████▍      |  ETA: 0:20:48
Sampling (4 threads)  78%|███████████████████████▌      |  ETA: 0:20:12
Sampling (4 threads)  79%|███████████████████████▊      |  ETA: 0:19:36
Sampling (4 threads)  80%|███████████████████████▉      |  ETA: 0:19:01
Sampling (4 threads)  80%|████████████████████████      |  ETA: 0:18:47
Sampling (4 threads)  80%|████████████████████████▏     |  ETA: 0:18:12
Sampling (4 threads)  81%|████████████████████████▎     |  ETA: 0:17:38
Sampling (4 threads)  82%|████████████████████████▌     |  ETA: 0:17:21
Sampling (4 threads)  82%|████████████████████████▋     |  ETA: 0:16:47
Sampling (4 threads)  82%|████████████████████████▊     |  ETA: 0:16:27
Sampling (4 threads)  83%|████████████████████████▉     |  ETA: 0:15:53
Sampling (4 threads)  84%|█████████████████████████     |  ETA: 0:15:20
Sampling (4 threads)  84%|█████████████████████████▎    |  ETA: 0:15:07
Sampling (4 threads)  84%|█████████████████████████▍    |  ETA: 0:14:33
Sampling (4 threads)  85%|█████████████████████████▌    |  ETA: 0:14:00
Sampling (4 threads)  86%|█████████████████████████▋    |  ETA: 0:13:41
Sampling (4 threads)  86%|█████████████████████████▊    |  ETA: 0:13:08
Sampling (4 threads)  86%|██████████████████████████    |  ETA: 0:12:35
Sampling (4 threads)  87%|██████████████████████████▏   |  ETA: 0:12:13
Sampling (4 threads)  88%|██████████████████████████▎   |  ETA: 0:11:41
Sampling (4 threads)  88%|██████████████████████████▍   |  ETA: 0:11:17
Sampling (4 threads)  88%|██████████████████████████▌   |  ETA: 0:10:45
Sampling (4 threads)  89%|██████████████████████████▊   |  ETA: 0:10:20
Sampling (4 threads)  90%|██████████████████████████▉   |  ETA: 0:09:49
Sampling (4 threads)  90%|███████████████████████████   |  ETA: 0:09:25
Sampling (4 threads)  90%|███████████████████████████▏  |  ETA: 0:08:54
Sampling (4 threads)  91%|███████████████████████████▎  |  ETA: 0:08:23
Sampling (4 threads)  92%|███████████████████████████▌  |  ETA: 0:07:53
Sampling (4 threads)  92%|███████████████████████████▋  |  ETA: 0:07:28
Sampling (4 threads)  92%|███████████████████████████▊  |  ETA: 0:07:00
Sampling (4 threads)  93%|███████████████████████████▉  |  ETA: 0:06:33
Sampling (4 threads)  94%|████████████████████████████  |  ETA: 0:06:05
Sampling (4 threads)  94%|████████████████████████████▎ |  ETA: 0:05:37
Sampling (4 threads)  94%|████████████████████████████▍ |  ETA: 0:05:10
Sampling (4 threads)  95%|████████████████████████████▌ |  ETA: 0:04:43
Sampling (4 threads)  96%|████████████████████████████▋ |  ETA: 0:04:15
Sampling (4 threads)  96%|████████████████████████████▊ |  ETA: 0:03:46
Sampling (4 threads)  96%|█████████████████████████████ |  ETA: 0:03:18
Sampling (4 threads)  97%|█████████████████████████████▏|  ETA: 0:02:50
Sampling (4 threads)  98%|█████████████████████████████▎|  ETA: 0:02:22
Sampling (4 threads)  98%|█████████████████████████████▍|  ETA: 0:01:53
Sampling (4 threads)  98%|█████████████████████████████▌|  ETA: 0:01:25
Sampling (4 threads)  99%|█████████████████████████████▊|  ETA: 0:00:57
Sampling (4 threads) 100%|█████████████████████████████▉|  ETA: 0:00:28
Sampling (4 threads) 100%|██████████████████████████████| Time: 1:35:21
Sampling (4 threads) 100%|██████████████████████████████| Time: 1:35:21
┌ Warning: Assignment to `is_waiting` in soft scope is ambiguous because a global variable by the same name exists: `is_waiting` will be treated as a new local. Disambiguate by using `local is_waiting` to suppress this warning or `global is_waiting` to assign to the existing global variable.
└ @ ~/bayesian/BC4/Bayes/wordType_experiments/models/halfNorms_grouped_cats/model.jl:51
Sampling (4 threads)   0%|                              |  ETA: N/A
┌ Info: Found initial step size
└   ϵ = 0.00625
┌ Info: Found initial step size
└   ϵ = 0.0015625
┌ Info: Found initial step size
└   ϵ = 0.0015625
┌ Info: Found initial step size
└   ϵ = 0.003125
Sampling (4 threads)   0%|▏                             |  ETA: 2:10:31
Sampling (4 threads)   1%|▎                             |  ETA: 1:05:00
Sampling (4 threads)   2%|▌                             |  ETA: 0:43:07
Sampling (4 threads)   2%|▋                             |  ETA: 0:33:17
Sampling (4 threads)   2%|▊                             |  ETA: 0:26:29
Sampling (4 threads)   3%|▉                             |  ETA: 0:26:15
Sampling (4 threads)   4%|█                             |  ETA: 0:22:23
Sampling (4 threads)   4%|█▎                            |  ETA: 0:48:15
Sampling (4 threads)   4%|█▍                            |  ETA: 0:42:40
Sampling (4 threads)   5%|█▌                            |  ETA: 0:38:12
Sampling (4 threads)   6%|█▋                            |  ETA: 0:58:06
Sampling (4 threads)   6%|█▊                            |  ETA: 0:52:58
Sampling (4 threads)   6%|██                            |  ETA: 1:07:28
Sampling (4 threads)   7%|██▏                           |  ETA: 1:02:19
Sampling (4 threads)   8%|██▎                           |  ETA: 0:57:51
Sampling (4 threads)   8%|██▍                           |  ETA: 1:12:21
Sampling (4 threads)   8%|██▌                           |  ETA: 1:07:43
Sampling (4 threads)   9%|██▊                           |  ETA: 1:14:42
Sampling (4 threads)  10%|██▉                           |  ETA: 1:10:23
Sampling (4 threads)  10%|███                           |  ETA: 1:15:42
Sampling (4 threads)  10%|███▏                          |  ETA: 1:11:41
Sampling (4 threads)  11%|███▎                          |  ETA: 1:08:03
Sampling (4 threads)  12%|███▌                          |  ETA: 1:14:47
Sampling (4 threads)  12%|███▋                          |  ETA: 1:11:16
Sampling (4 threads)  12%|███▊                          |  ETA: 1:21:10
Sampling (4 threads)  13%|███▉                          |  ETA: 1:17:36
Sampling (4 threads)  14%|████                          |  ETA: 1:14:18
Sampling (4 threads)  14%|████▎                         |  ETA: 1:11:14
Sampling (4 threads)  14%|████▍                         |  ETA: 1:19:55
Sampling (4 threads)  15%|████▌                         |  ETA: 1:16:48
Sampling (4 threads)  16%|████▋                         |  ETA: 1:19:31
Sampling (4 threads)  16%|████▊                         |  ETA: 1:16:35
Sampling (4 threads)  16%|█████                         |  ETA: 1:17:57
Sampling (4 threads)  17%|█████▏                        |  ETA: 1:15:13
Sampling (4 threads)  18%|█████▎                        |  ETA: 1:18:34
Sampling (4 threads)  18%|█████▍                        |  ETA: 1:15:55
Sampling (4 threads)  18%|█████▌                        |  ETA: 1:23:23
Sampling (4 threads)  19%|█████▊                        |  ETA: 1:20:41
Sampling (4 threads)  20%|█████▉                        |  ETA: 1:18:08
Sampling (4 threads)  20%|██████                        |  ETA: 1:21:56
Sampling (4 threads)  20%|██████▏                       |  ETA: 1:19:26
Sampling (4 threads)  21%|██████▎                       |  ETA: 1:21:36
Sampling (4 threads)  22%|██████▌                       |  ETA: 1:19:12
Sampling (4 threads)  22%|██████▋                       |  ETA: 1:16:54
Sampling (4 threads)  22%|██████▊                       |  ETA: 1:18:27
Sampling (4 threads)  23%|██████▉                       |  ETA: 1:16:15
Sampling (4 threads)  24%|███████                       |  ETA: 1:14:08
Sampling (4 threads)  24%|███████▎                      |  ETA: 1:16:01
Sampling (4 threads)  24%|███████▍                      |  ETA: 1:13:58
Sampling (4 threads)  25%|███████▌                      |  ETA: 1:16:00
Sampling (4 threads)  26%|███████▋                      |  ETA: 1:14:00
Sampling (4 threads)  26%|███████▊                      |  ETA: 1:15:39
Sampling (4 threads)  26%|████████                      |  ETA: 1:13:43
Sampling (4 threads)  27%|████████▏                     |  ETA: 1:11:52
Sampling (4 threads)  28%|████████▎                     |  ETA: 1:13:50
Sampling (4 threads)  28%|████████▍                     |  ETA: 1:12:00
Sampling (4 threads)  28%|████████▌                     |  ETA: 1:10:15
Sampling (4 threads)  29%|████████▊                     |  ETA: 1:11:24
Sampling (4 threads)  30%|████████▉                     |  ETA: 1:09:42
Sampling (4 threads)  30%|█████████                     |  ETA: 1:10:26
Sampling (4 threads)  30%|█████████▏                    |  ETA: 1:08:47
Sampling (4 threads)  31%|█████████▎                    |  ETA: 1:07:11
Sampling (4 threads)  32%|█████████▌                    |  ETA: 1:08:01
Sampling (4 threads)  32%|█████████▋                    |  ETA: 1:06:28
Sampling (4 threads)  32%|█████████▊                    |  ETA: 1:04:58
Sampling (4 threads)  33%|█████████▉                    |  ETA: 1:05:51
Sampling (4 threads)  34%|██████████                    |  ETA: 1:04:23
Sampling (4 threads)  34%|██████████▎                   |  ETA: 1:02:57
Sampling (4 threads)  34%|██████████▍                   |  ETA: 1:03:33
Sampling (4 threads)  35%|██████████▌                   |  ETA: 1:02:10
Sampling (4 threads)  36%|██████████▋                   |  ETA: 1:03:25
Sampling (4 threads)  36%|██████████▊                   |  ETA: 1:02:03
Sampling (4 threads)  36%|███████████                   |  ETA: 1:00:44
Sampling (4 threads)  37%|███████████▏                  |  ETA: 0:59:26
Sampling (4 threads)  38%|███████████▎                  |  ETA: 1:01:14
Sampling (4 threads)  38%|███████████▍                  |  ETA: 0:59:56
Sampling (4 threads)  38%|███████████▌                  |  ETA: 1:00:15
Sampling (4 threads)  39%|███████████▊                  |  ETA: 0:59:00
Sampling (4 threads)  40%|███████████▉                  |  ETA: 0:59:28
Sampling (4 threads)  40%|████████████                  |  ETA: 0:58:15
Sampling (4 threads)  40%|████████████▏                 |  ETA: 0:59:22
Sampling (4 threads)  41%|████████████▎                 |  ETA: 0:58:09
Sampling (4 threads)  42%|████████████▌                 |  ETA: 0:56:57
Sampling (4 threads)  42%|████████████▋                 |  ETA: 0:56:56
Sampling (4 threads)  42%|████████████▊                 |  ETA: 0:55:47
Sampling (4 threads)  43%|████████████▉                 |  ETA: 0:56:32
Sampling (4 threads)  44%|█████████████                 |  ETA: 0:55:23
Sampling (4 threads)  44%|█████████████▎                |  ETA: 0:54:16
Sampling (4 threads)  44%|█████████████▍                |  ETA: 0:54:52
Sampling (4 threads)  45%|█████████████▌                |  ETA: 0:53:47
Sampling (4 threads)  46%|█████████████▋                |  ETA: 0:52:42
Sampling (4 threads)  46%|█████████████▊                |  ETA: 0:53:33
Sampling (4 threads)  46%|██████████████                |  ETA: 0:52:29
Sampling (4 threads)  47%|██████████████▏               |  ETA: 0:51:27
Sampling (4 threads)  48%|██████████████▎               |  ETA: 0:51:27
Sampling (4 threads)  48%|██████████████▍               |  ETA: 0:50:26
Sampling (4 threads)  48%|██████████████▌               |  ETA: 0:50:18
Sampling (4 threads)  49%|██████████████▊               |  ETA: 0:49:18
Sampling (4 threads)  50%|██████████████▉               |  ETA: 0:50:15
Sampling (4 threads)  50%|███████████████               |  ETA: 0:49:15
Sampling (4 threads)  50%|███████████████▏              |  ETA: 0:48:17
Sampling (4 threads)  51%|███████████████▎              |  ETA: 0:47:19
Sampling (4 threads)  52%|███████████████▌              |  ETA: 0:47:47
Sampling (4 threads)  52%|███████████████▋              |  ETA: 0:46:50
Sampling (4 threads)  52%|███████████████▊              |  ETA: 0:46:34
Sampling (4 threads)  53%|███████████████▉              |  ETA: 0:45:38
Sampling (4 threads)  54%|████████████████              |  ETA: 0:45:48
Sampling (4 threads)  54%|████████████████▎             |  ETA: 0:44:53
Sampling (4 threads)  55%|████████████████▍             |  ETA: 0:45:01
Sampling (4 threads)  55%|████████████████▌             |  ETA: 0:44:07
Sampling (4 threads)  56%|████████████████▋             |  ETA: 0:43:14
Sampling (4 threads)  56%|████████████████▊             |  ETA: 0:43:06
Sampling (4 threads)  56%|█████████████████             |  ETA: 0:42:14
Sampling (4 threads)  57%|█████████████████▏            |  ETA: 0:42:28
Sampling (4 threads)  57%|█████████████████▎            |  ETA: 0:41:36
Sampling (4 threads)  58%|█████████████████▍            |  ETA: 0:40:46
Sampling (4 threads)  58%|█████████████████▌            |  ETA: 0:39:56
Sampling (4 threads)  59%|█████████████████▊            |  ETA: 0:40:01
Sampling (4 threads)  60%|█████████████████▉            |  ETA: 0:39:12
Sampling (4 threads)  60%|██████████████████            |  ETA: 0:38:24
Sampling (4 threads)  60%|██████████████████▏           |  ETA: 0:38:26
Sampling (4 threads)  61%|██████████████████▎           |  ETA: 0:37:38
Sampling (4 threads)  62%|██████████████████▌           |  ETA: 0:36:51
Sampling (4 threads)  62%|██████████████████▋           |  ETA: 0:37:04
Sampling (4 threads)  62%|██████████████████▊           |  ETA: 0:36:17
Sampling (4 threads)  63%|██████████████████▉           |  ETA: 0:35:31
Sampling (4 threads)  64%|███████████████████           |  ETA: 0:35:36
Sampling (4 threads)  64%|███████████████████▎          |  ETA: 0:34:50
Sampling (4 threads)  64%|███████████████████▍          |  ETA: 0:35:08
Sampling (4 threads)  65%|███████████████████▌          |  ETA: 0:34:22
Sampling (4 threads)  66%|███████████████████▋          |  ETA: 0:33:37
Sampling (4 threads)  66%|███████████████████▊          |  ETA: 0:33:40
Sampling (4 threads)  66%|████████████████████          |  ETA: 0:32:55
Sampling (4 threads)  67%|████████████████████▏         |  ETA: 0:32:11
Sampling (4 threads)  68%|████████████████████▎         |  ETA: 0:32:13
Sampling (4 threads)  68%|████████████████████▍         |  ETA: 0:31:29
Sampling (4 threads)  68%|████████████████████▌         |  ETA: 0:31:06
Sampling (4 threads)  69%|████████████████████▊         |  ETA: 0:30:23
Sampling (4 threads)  70%|████████████████████▉         |  ETA: 0:30:03
Sampling (4 threads)  70%|█████████████████████         |  ETA: 0:29:21
Sampling (4 threads)  70%|█████████████████████▏        |  ETA: 0:28:39
Sampling (4 threads)  71%|█████████████████████▎        |  ETA: 0:28:18
Sampling (4 threads)  72%|█████████████████████▌        |  ETA: 0:27:37
Sampling (4 threads)  72%|█████████████████████▋        |  ETA: 0:27:28
Sampling (4 threads)  72%|█████████████████████▊        |  ETA: 0:26:47
Sampling (4 threads)  73%|█████████████████████▉        |  ETA: 0:26:07
Sampling (4 threads)  74%|██████████████████████        |  ETA: 0:25:52
Sampling (4 threads)  74%|██████████████████████▎       |  ETA: 0:25:12
Sampling (4 threads)  74%|██████████████████████▍       |  ETA: 0:24:33
Sampling (4 threads)  75%|██████████████████████▌       |  ETA: 0:24:19
Sampling (4 threads)  76%|██████████████████████▋       |  ETA: 0:23:40
Sampling (4 threads)  76%|██████████████████████▊       |  ETA: 0:23:02
Sampling (4 threads)  76%|███████████████████████       |  ETA: 0:22:45
Sampling (4 threads)  77%|███████████████████████▏      |  ETA: 0:22:08
Sampling (4 threads)  78%|███████████████████████▎      |  ETA: 0:21:30
Sampling (4 threads)  78%|███████████████████████▍      |  ETA: 0:21:18
Sampling (4 threads)  78%|███████████████████████▌      |  ETA: 0:20:41
Sampling (4 threads)  79%|███████████████████████▊      |  ETA: 0:20:04
Sampling (4 threads)  80%|███████████████████████▉      |  ETA: 0:19:28
Sampling (4 threads)  80%|████████████████████████      |  ETA: 0:19:21
Sampling (4 threads)  80%|████████████████████████▏     |  ETA: 0:18:45
Sampling (4 threads)  81%|████████████████████████▎     |  ETA: 0:18:16
Sampling (4 threads)  82%|████████████████████████▌     |  ETA: 0:17:41
Sampling (4 threads)  82%|████████████████████████▋     |  ETA: 0:17:22
Sampling (4 threads)  82%|████████████████████████▊     |  ETA: 0:16:47
Sampling (4 threads)  83%|████████████████████████▉     |  ETA: 0:16:30
Sampling (4 threads)  84%|█████████████████████████     |  ETA: 0:15:55
Sampling (4 threads)  84%|█████████████████████████▎    |  ETA: 0:15:21
Sampling (4 threads)  84%|█████████████████████████▍    |  ETA: 0:15:04
Sampling (4 threads)  85%|█████████████████████████▌    |  ETA: 0:14:30
Sampling (4 threads)  86%|█████████████████████████▋    |  ETA: 0:13:56
Sampling (4 threads)  86%|█████████████████████████▊    |  ETA: 0:13:31
Sampling (4 threads)  86%|██████████████████████████    |  ETA: 0:12:57
Sampling (4 threads)  87%|██████████████████████████▏   |  ETA: 0:12:32
Sampling (4 threads)  88%|██████████████████████████▎   |  ETA: 0:11:59
Sampling (4 threads)  88%|██████████████████████████▍   |  ETA: 0:11:26
Sampling (4 threads)  88%|██████████████████████████▌   |  ETA: 0:10:59
Sampling (4 threads)  89%|██████████████████████████▊   |  ETA: 0:10:26
Sampling (4 threads)  90%|██████████████████████████▉   |  ETA: 0:10:05
Sampling (4 threads)  90%|███████████████████████████   |  ETA: 0:09:33
Sampling (4 threads)  90%|███████████████████████████▏  |  ETA: 0:09:01
Sampling (4 threads)  91%|███████████████████████████▎  |  ETA: 0:08:38
Sampling (4 threads)  92%|███████████████████████████▌  |  ETA: 0:08:06
Sampling (4 threads)  92%|███████████████████████████▋  |  ETA: 0:07:35
Sampling (4 threads)  92%|███████████████████████████▊  |  ETA: 0:07:10
Sampling (4 threads)  93%|███████████████████████████▉  |  ETA: 0:06:39
Sampling (4 threads)  94%|████████████████████████████  |  ETA: 0:06:15
Sampling (4 threads)  94%|████████████████████████████▎ |  ETA: 0:05:44
Sampling (4 threads)  94%|████████████████████████████▍ |  ETA: 0:05:14
Sampling (4 threads)  95%|████████████████████████████▌ |  ETA: 0:04:44
Sampling (4 threads)  96%|████████████████████████████▋ |  ETA: 0:04:15
Sampling (4 threads)  96%|████████████████████████████▊ |  ETA: 0:03:47
Sampling (4 threads)  96%|█████████████████████████████ |  ETA: 0:03:19
Sampling (4 threads)  97%|█████████████████████████████▏|  ETA: 0:02:50
Sampling (4 threads)  98%|█████████████████████████████▎|  ETA: 0:02:22
Sampling (4 threads)  98%|█████████████████████████████▍|  ETA: 0:01:55
Sampling (4 threads)  98%|█████████████████████████████▌|  ETA: 0:01:26
Sampling (4 threads)  99%|█████████████████████████████▊|  ETA: 0:00:58
Sampling (4 threads) 100%|█████████████████████████████▉|  ETA: 0:00:29
Sampling (4 threads) 100%|██████████████████████████████| Time: 1:38:19
Sampling (4 threads) 100%|██████████████████████████████| Time: 1:38:20
┌ Warning: Assignment to `is_waiting` in soft scope is ambiguous because a global variable by the same name exists: `is_waiting` will be treated as a new local. Disambiguate by using `local is_waiting` to suppress this warning or `global is_waiting` to assign to the existing global variable.
└ @ ~/bayesian/BC4/Bayes/wordType_experiments/models/halfNorms_grouped_cats/model.jl:51
┌ Warning: Runtime invalidation was disabled, but the CPU info is out-of-date.
│ Will continue with incorrect CPU name (from build time).
└ @ HostCPUFeatures ~/.julia/packages/HostCPUFeatures/ZTXz4/src/cpu_info.jl:71
┌ Warning: Runtime invalidation was disabled, but the CPU info is out-of-date.
│ Will continue with incorrect CPU feature flag: +avx512vnni.
└ @ HostCPUFeatures ~/.julia/packages/HostCPUFeatures/ZTXz4/src/cpu_info.jl:56
┌ Warning: Runtime invalidation was disabled, but the CPU info is out-of-date.
│ Will continue with incorrect CPU feature flag: -rtm.
└ @ HostCPUFeatures ~/.julia/packages/HostCPUFeatures/ZTXz4/src/cpu_info.jl:56
Sampling (4 threads)   0%|                              |  ETA: N/A
┌ Info: Found initial step size
└   ϵ = 0.003125
┌ Info: Found initial step size
└   ϵ = 0.0001953125
┌ Info: Found initial step size
└   ϵ = 0.00625
┌ Info: Found initial step size
└   ϵ = 0.0001953125
Sampling (4 threads)   0%|▏                             |  ETA: 2:11:43
Sampling (4 threads)   1%|▎                             |  ETA: 1:05:36
Sampling (4 threads)   2%|▌                             |  ETA: 0:43:31
Sampling (4 threads)   2%|▋                             |  ETA: 0:38:46
Sampling (4 threads)   2%|▊                             |  ETA: 0:30:52
Sampling (4 threads)   3%|▉                             |  ETA: 0:25:35
Sampling (4 threads)   4%|█                             |  ETA: 0:52:25
Sampling (4 threads)   4%|█▎                            |  ETA: 0:45:37
Sampling (4 threads)   4%|█▍                            |  ETA: 0:40:21
Sampling (4 threads)   5%|█▌                            |  ETA: 0:55:07
Sampling (4 threads)   6%|█▋                            |  ETA: 0:49:51
Sampling (4 threads)   6%|█▊                            |  ETA: 0:55:43
Sampling (4 threads)   6%|██                            |  ETA: 0:51:09
Sampling (4 threads)   7%|██▏                           |  ETA: 1:07:45
Sampling (4 threads)   8%|██▎                           |  ETA: 1:02:54
Sampling (4 threads)   8%|██▍                           |  ETA: 0:58:39
Sampling (4 threads)   8%|██▌                           |  ETA: 1:06:54
Sampling (4 threads)   9%|██▊                           |  ETA: 1:02:50
Sampling (4 threads)  10%|██▉                           |  ETA: 1:10:49
Sampling (4 threads)  10%|███                           |  ETA: 1:06:54
Sampling (4 threads)  10%|███▏                          |  ETA: 1:03:22
Sampling (4 threads)  11%|███▎                          |  ETA: 1:08:58
Sampling (4 threads)  12%|███▌                          |  ETA: 1:05:35
Sampling (4 threads)  12%|███▋                          |  ETA: 1:02:30
Sampling (4 threads)  12%|███▊                          |  ETA: 1:07:42
Sampling (4 threads)  13%|███▉                          |  ETA: 1:04:44
Sampling (4 threads)  14%|████                          |  ETA: 1:01:58
Sampling (4 threads)  14%|████▎                         |  ETA: 1:07:25
Sampling (4 threads)  14%|████▍                         |  ETA: 1:04:43
Sampling (4 threads)  15%|████▌                         |  ETA: 1:13:52
Sampling (4 threads)  16%|████▋                         |  ETA: 1:11:04
Sampling (4 threads)  16%|████▊                         |  ETA: 1:08:26
Sampling (4 threads)  16%|█████                         |  ETA: 1:12:46
Sampling (4 threads)  17%|█████▏                        |  ETA: 1:10:12
Sampling (4 threads)  18%|█████▎                        |  ETA: 1:07:47
Sampling (4 threads)  18%|█████▍                        |  ETA: 1:09:38
Sampling (4 threads)  18%|█████▌                        |  ETA: 1:07:20
Sampling (4 threads)  19%|█████▊                        |  ETA: 1:15:52
Sampling (4 threads)  20%|█████▉                        |  ETA: 1:13:28
Sampling (4 threads)  20%|██████                        |  ETA: 1:11:11
Sampling (4 threads)  20%|██████▏                       |  ETA: 1:09:00
Sampling (4 threads)  21%|██████▎                       |  ETA: 1:10:40
Sampling (4 threads)  22%|██████▌                       |  ETA: 1:08:35
Sampling (4 threads)  22%|██████▋                       |  ETA: 1:08:35
Sampling (4 threads)  22%|██████▊                       |  ETA: 1:06:37
Sampling (4 threads)  23%|██████▉                       |  ETA: 1:07:38
Sampling (4 threads)  24%|███████                       |  ETA: 1:05:46
Sampling (4 threads)  24%|███████▎                      |  ETA: 1:03:58
Sampling (4 threads)  24%|███████▍                      |  ETA: 1:04:37
Sampling (4 threads)  25%|███████▌                      |  ETA: 1:02:54
Sampling (4 threads)  26%|███████▋                      |  ETA: 1:03:34
Sampling (4 threads)  26%|███████▊                      |  ETA: 1:01:55
Sampling (4 threads)  26%|████████                      |  ETA: 1:03:10
Sampling (4 threads)  27%|████████▏                     |  ETA: 1:01:35
Sampling (4 threads)  28%|████████▎                     |  ETA: 1:00:03
Sampling (4 threads)  28%|████████▍                     |  ETA: 1:01:59
Sampling (4 threads)  28%|████████▌                     |  ETA: 1:00:29
Sampling (4 threads)  29%|████████▊                     |  ETA: 0:59:01
Sampling (4 threads)  30%|████████▉                     |  ETA: 1:00:57
Sampling (4 threads)  30%|█████████                     |  ETA: 0:59:30
Sampling (4 threads)  30%|█████████▏                    |  ETA: 0:58:07
Sampling (4 threads)  31%|█████████▎                    |  ETA: 1:01:35
Sampling (4 threads)  32%|█████████▌                    |  ETA: 1:00:10
Sampling (4 threads)  32%|█████████▋                    |  ETA: 0:58:47
Sampling (4 threads)  32%|█████████▊                    |  ETA: 0:57:28
Sampling (4 threads)  33%|█████████▉                    |  ETA: 0:58:00
Sampling (4 threads)  34%|██████████                    |  ETA: 0:56:42
Sampling (4 threads)  34%|██████████▎                   |  ETA: 0:57:49
Sampling (4 threads)  34%|██████████▍                   |  ETA: 0:56:33
Sampling (4 threads)  35%|██████████▌                   |  ETA: 0:57:12
Sampling (4 threads)  36%|██████████▋                   |  ETA: 0:55:58
Sampling (4 threads)  36%|██████████▊                   |  ETA: 0:57:03
Sampling (4 threads)  36%|███████████                   |  ETA: 0:55:50
Sampling (4 threads)  37%|███████████▏                  |  ETA: 0:54:38
Sampling (4 threads)  38%|███████████▎                  |  ETA: 0:53:29
Sampling (4 threads)  38%|███████████▍                  |  ETA: 0:54:22
Sampling (4 threads)  38%|███████████▌                  |  ETA: 0:53:14
Sampling (4 threads)  39%|███████████▊                  |  ETA: 0:54:33
Sampling (4 threads)  40%|███████████▉                  |  ETA: 0:53:25
Sampling (4 threads)  40%|████████████                  |  ETA: 0:52:19
Sampling (4 threads)  40%|████████████▏                 |  ETA: 0:52:40
Sampling (4 threads)  41%|████████████▎                 |  ETA: 0:51:36
Sampling (4 threads)  42%|████████████▌                 |  ETA: 0:52:52
Sampling (4 threads)  42%|████████████▋                 |  ETA: 0:51:47
Sampling (4 threads)  42%|████████████▊                 |  ETA: 0:50:44
Sampling (4 threads)  43%|████████████▉                 |  ETA: 0:51:20
Sampling (4 threads)  44%|█████████████                 |  ETA: 0:50:18
Sampling (4 threads)  44%|█████████████▎                |  ETA: 0:50:51
Sampling (4 threads)  44%|█████████████▍                |  ETA: 0:49:50
Sampling (4 threads)  45%|█████████████▌                |  ETA: 0:48:50
Sampling (4 threads)  46%|█████████████▋                |  ETA: 0:51:00
Sampling (4 threads)  46%|█████████████▊                |  ETA: 0:49:59
Sampling (4 threads)  46%|██████████████                |  ETA: 0:49:00
Sampling (4 threads)  47%|██████████████▏               |  ETA: 0:49:17
Sampling (4 threads)  48%|██████████████▎               |  ETA: 0:48:19
Sampling (4 threads)  48%|██████████████▍               |  ETA: 0:48:46
Sampling (4 threads)  48%|██████████████▌               |  ETA: 0:47:48
Sampling (4 threads)  49%|██████████████▊               |  ETA: 0:46:51
Sampling (4 threads)  50%|██████████████▉               |  ETA: 0:47:21
Sampling (4 threads)  50%|███████████████               |  ETA: 0:46:25
Sampling (4 threads)  50%|███████████████▏              |  ETA: 0:45:29
Sampling (4 threads)  51%|███████████████▎              |  ETA: 0:46:08
Sampling (4 threads)  52%|███████████████▌              |  ETA: 0:45:14
Sampling (4 threads)  52%|███████████████▋              |  ETA: 0:45:33
Sampling (4 threads)  52%|███████████████▊              |  ETA: 0:44:38
Sampling (4 threads)  53%|███████████████▉              |  ETA: 0:43:45
Sampling (4 threads)  54%|████████████████              |  ETA: 0:44:29
Sampling (4 threads)  54%|████████████████▎             |  ETA: 0:43:35
Sampling (4 threads)  55%|████████████████▍             |  ETA: 0:42:43
Sampling (4 threads)  55%|████████████████▌             |  ETA: 0:41:52
Sampling (4 threads)  56%|████████████████▋             |  ETA: 0:42:37
Sampling (4 threads)  56%|████████████████▊             |  ETA: 0:41:45
Sampling (4 threads)  56%|█████████████████             |  ETA: 0:40:55
Sampling (4 threads)  57%|█████████████████▏            |  ETA: 0:41:15
Sampling (4 threads)  57%|█████████████████▎            |  ETA: 0:40:25
Sampling (4 threads)  58%|█████████████████▍            |  ETA: 0:39:36
Sampling (4 threads)  58%|█████████████████▌            |  ETA: 0:39:40
Sampling (4 threads)  59%|█████████████████▊            |  ETA: 0:38:52
Sampling (4 threads)  60%|█████████████████▉            |  ETA: 0:38:41
Sampling (4 threads)  60%|██████████████████            |  ETA: 0:37:53
Sampling (4 threads)  60%|██████████████████▏           |  ETA: 0:37:36
Sampling (4 threads)  61%|██████████████████▎           |  ETA: 0:36:50
Sampling (4 threads)  62%|██████████████████▌           |  ETA: 0:36:04
Sampling (4 threads)  62%|██████████████████▋           |  ETA: 0:36:25
Sampling (4 threads)  62%|██████████████████▊           |  ETA: 0:35:39
Sampling (4 threads)  63%|██████████████████▉           |  ETA: 0:34:54
Sampling (4 threads)  64%|███████████████████           |  ETA: 0:35:34
Sampling (4 threads)  64%|███████████████████▎          |  ETA: 0:34:49
Sampling (4 threads)  64%|███████████████████▍          |  ETA: 0:34:04
Sampling (4 threads)  65%|███████████████████▌          |  ETA: 0:33:59
Sampling (4 threads)  66%|███████████████████▋          |  ETA: 0:33:14
Sampling (4 threads)  66%|███████████████████▊          |  ETA: 0:33:10
Sampling (4 threads)  66%|████████████████████          |  ETA: 0:32:26
Sampling (4 threads)  67%|████████████████████▏         |  ETA: 0:31:43
Sampling (4 threads)  68%|████████████████████▎         |  ETA: 0:31:00
Sampling (4 threads)  68%|████████████████████▍         |  ETA: 0:30:53
Sampling (4 threads)  68%|████████████████████▌         |  ETA: 0:30:10
Sampling (4 threads)  69%|████████████████████▊         |  ETA: 0:30:25
Sampling (4 threads)  70%|████████████████████▉         |  ETA: 0:29:43
Sampling (4 threads)  70%|█████████████████████         |  ETA: 0:29:01
Sampling (4 threads)  70%|█████████████████████▏        |  ETA: 0:28:20
Sampling (4 threads)  71%|█████████████████████▎        |  ETA: 0:28:23
Sampling (4 threads)  72%|█████████████████████▌        |  ETA: 0:27:42
Sampling (4 threads)  72%|█████████████████████▋        |  ETA: 0:27:53
Sampling (4 threads)  72%|█████████████████████▊        |  ETA: 0:27:12
Sampling (4 threads)  73%|█████████████████████▉        |  ETA: 0:26:32
Sampling (4 threads)  74%|██████████████████████        |  ETA: 0:25:51
Sampling (4 threads)  74%|██████████████████████▎       |  ETA: 0:25:52
Sampling (4 threads)  74%|██████████████████████▍       |  ETA: 0:25:12
Sampling (4 threads)  75%|██████████████████████▌       |  ETA: 0:24:32
Sampling (4 threads)  76%|██████████████████████▋       |  ETA: 0:24:27
Sampling (4 threads)  76%|██████████████████████▊       |  ETA: 0:23:47
Sampling (4 threads)  76%|███████████████████████       |  ETA: 0:23:33
Sampling (4 threads)  77%|███████████████████████▏      |  ETA: 0:22:54
Sampling (4 threads)  78%|███████████████████████▎      |  ETA: 0:22:15
Sampling (4 threads)  78%|███████████████████████▍      |  ETA: 0:22:08
Sampling (4 threads)  78%|███████████████████████▌      |  ETA: 0:21:29
Sampling (4 threads)  79%|███████████████████████▊      |  ETA: 0:20:51
Sampling (4 threads)  80%|███████████████████████▉      |  ETA: 0:20:37
Sampling (4 threads)  80%|████████████████████████      |  ETA: 0:19:59
Sampling (4 threads)  80%|████████████████████████▏     |  ETA: 0:19:22
Sampling (4 threads)  81%|████████████████████████▎     |  ETA: 0:18:45
Sampling (4 threads)  82%|████████████████████████▌     |  ETA: 0:18:33
Sampling (4 threads)  82%|████████████████████████▋     |  ETA: 0:17:56
Sampling (4 threads)  82%|████████████████████████▊     |  ETA: 0:17:35
Sampling (4 threads)  83%|████████████████████████▉     |  ETA: 0:16:59
Sampling (4 threads)  84%|█████████████████████████     |  ETA: 0:16:23
Sampling (4 threads)  84%|█████████████████████████▎    |  ETA: 0:16:07
Sampling (4 threads)  84%|█████████████████████████▍    |  ETA: 0:15:31
Sampling (4 threads)  85%|█████████████████████████▌    |  ETA: 0:15:14
Sampling (4 threads)  86%|█████████████████████████▋    |  ETA: 0:14:39
Sampling (4 threads)  86%|█████████████████████████▊    |  ETA: 0:14:03
Sampling (4 threads)  86%|██████████████████████████    |  ETA: 0:13:29
Sampling (4 threads)  87%|██████████████████████████▏   |  ETA: 0:13:10
Sampling (4 threads)  88%|██████████████████████████▎   |  ETA: 0:12:36
Sampling (4 threads)  88%|██████████████████████████▍   |  ETA: 0:12:01
Sampling (4 threads)  88%|██████████████████████████▌   |  ETA: 0:11:41
Sampling (4 threads)  89%|██████████████████████████▊   |  ETA: 0:11:07
Sampling (4 threads)  90%|██████████████████████████▉   |  ETA: 0:10:33
Sampling (4 threads)  90%|███████████████████████████   |  ETA: 0:10:09
Sampling (4 threads)  90%|███████████████████████████▏  |  ETA: 0:09:35
Sampling (4 threads)  91%|███████████████████████████▎  |  ETA: 0:09:02
Sampling (4 threads)  92%|███████████████████████████▌  |  ETA: 0:08:30
Sampling (4 threads)  92%|███████████████████████████▋  |  ETA: 0:08:01
Sampling (4 threads)  92%|███████████████████████████▊  |  ETA: 0:07:30
Sampling (4 threads)  93%|███████████████████████████▉  |  ETA: 0:07:03
Sampling (4 threads)  94%|████████████████████████████  |  ETA: 0:06:32
Sampling (4 threads)  94%|████████████████████████████▎ |  ETA: 0:06:02
Sampling (4 threads)  94%|████████████████████████████▍ |  ETA: 0:05:33
Sampling (4 threads)  95%|████████████████████████████▌ |  ETA: 0:05:04
Sampling (4 threads)  96%|████████████████████████████▋ |  ETA: 0:04:33
Sampling (4 threads)  96%|████████████████████████████▊ |  ETA: 0:04:04
Sampling (4 threads)  96%|█████████████████████████████ |  ETA: 0:03:33
Sampling (4 threads)  97%|█████████████████████████████▏|  ETA: 0:03:02
Sampling (4 threads)  98%|█████████████████████████████▎|  ETA: 0:02:32
Sampling (4 threads)  98%|█████████████████████████████▍|  ETA: 0:02:01
Sampling (4 threads)  98%|█████████████████████████████▌|  ETA: 0:01:31
Sampling (4 threads)  99%|█████████████████████████████▊|  ETA: 0:01:01
Sampling (4 threads) 100%|█████████████████████████████▉|  ETA: 0:00:31
Sampling (4 threads) 100%|██████████████████████████████| Time: 1:41:44
Sampling (4 threads) 100%|██████████████████████████████| Time: 1:41:44
┌ Warning: Assignment to `is_waiting` in soft scope is ambiguous because a global variable by the same name exists: `is_waiting` will be treated as a new local. Disambiguate by using `local is_waiting` to suppress this warning or `global is_waiting` to assign to the existing global variable.
└ @ ~/bayesian/BC4/Bayes/wordType_experiments/models/halfNorms_grouped_cats/model.jl:51
ERROR: LoadError: ArgumentError: column name :ab_w[1, 1] not found in the data frame
Stacktrace:
 [1] lookupname
   @ ~/.julia/packages/DataFrames/b4w9K/src/other/index.jl:431 [inlined]
 [2] getindex
   @ ~/.julia/packages/DataFrames/b4w9K/src/other/index.jl:440 [inlined]
 [3] getindex
   @ ~/.julia/packages/DataFrames/b4w9K/src/other/index.jl:441 [inlined]
 [4] getindex(df::DataFrame, ::Colon, col_ind::String)
   @ DataFrames ~/.julia/packages/DataFrames/b4w9K/src/dataframe/dataframe.jl:543
 [5] plotGraphs(outputDir::String, wordTypes::Vector{String}, cols::Vector{String})
   @ Main ~/bayesian/BC4/Bayes/wordType_experiments/plottingFuncs.jl:190
 [6] top-level scope
   @ ~/bayesian/BC4/Bayes/wordType_experiments/models/halfNorms_grouped_cats/model.jl:50
in expression starting at /user/home/em18564/bayesian/BC4/Bayes/wordType_experiments/models/halfNorms_grouped_cats/model.jl:45
