Running on host compute520.bc4.acrc.priv
Time is Wed Oct 4 15:40:50 BST 2023
Directory is /user/home/em18564/BC4/Bayes/experiments/ePNP_cov
Slurm job ID is 11976101
This job runs on the following machines:
compute520
    Updating registry at `~/.julia/registries/General.toml`
   Resolving package versions...
  No Changes to `~/.julia/environments/v1.8/Project.toml`
  No Changes to `~/.julia/environments/v1.8/Manifest.toml`
   Resolving package versions...
  No Changes to `~/.julia/environments/v1.8/Project.toml`
  No Changes to `~/.julia/environments/v1.8/Manifest.toml`
   Resolving package versions...
  No Changes to `~/.julia/environments/v1.8/Project.toml`
  No Changes to `~/.julia/environments/v1.8/Manifest.toml`
   Resolving package versions...
  No Changes to `~/.julia/environments/v1.8/Project.toml`
  No Changes to `~/.julia/environments/v1.8/Manifest.toml`
   Resolving package versions...
  No Changes to `~/.julia/environments/v1.8/Project.toml`
  No Changes to `~/.julia/environments/v1.8/Manifest.toml`
   Resolving package versions...
  No Changes to `~/.julia/environments/v1.8/Project.toml`
  No Changes to `~/.julia/environments/v1.8/Manifest.toml`
   Resolving package versions...
  No Changes to `~/.julia/environments/v1.8/Project.toml`
  No Changes to `~/.julia/environments/v1.8/Manifest.toml`
   Resolving package versions...
  No Changes to `~/.julia/environments/v1.8/Project.toml`
  No Changes to `~/.julia/environments/v1.8/Manifest.toml`
   Resolving package versions...
  No Changes to `~/.julia/environments/v1.8/Project.toml`
  No Changes to `~/.julia/environments/v1.8/Manifest.toml`
   Resolving package versions...
  No Changes to `~/.julia/environments/v1.8/Project.toml`
  No Changes to `~/.julia/environments/v1.8/Manifest.toml`
   Resolving package versions...
  No Changes to `~/.julia/environments/v1.8/Project.toml`
  No Changes to `~/.julia/environments/v1.8/Manifest.toml`
   Resolving package versions...
  No Changes to `~/.julia/environments/v1.8/Project.toml`
  No Changes to `~/.julia/environments/v1.8/Manifest.toml`
   Resolving package versions...
  No Changes to `~/.julia/environments/v1.8/Project.toml`
  No Changes to `~/.julia/environments/v1.8/Manifest.toml`
   Resolving package versions...
  No Changes to `~/.julia/environments/v1.8/Project.toml`
  No Changes to `~/.julia/environments/v1.8/Manifest.toml`
   Resolving package versions...
  No Changes to `~/.julia/environments/v1.8/Project.toml`
  No Changes to `~/.julia/environments/v1.8/Manifest.toml`
    Updating registry at `~/.julia/registries/General.toml`
   Resolving package versions...
  No Changes to `~/.julia/environments/v1.8/Project.toml`
  No Changes to `~/.julia/environments/v1.8/Manifest.toml`
   Resolving package versions...
  No Changes to `~/.julia/environments/v1.8/Project.toml`
  No Changes to `~/.julia/environments/v1.8/Manifest.toml`
   Resolving package versions...
  No Changes to `~/.julia/environments/v1.8/Project.toml`
  No Changes to `~/.julia/environments/v1.8/Manifest.toml`
   Resolving package versions...
  No Changes to `~/.julia/environments/v1.8/Project.toml`
  No Changes to `~/.julia/environments/v1.8/Manifest.toml`
   Resolving package versions...
  No Changes to `~/.julia/environments/v1.8/Project.toml`
  No Changes to `~/.julia/environments/v1.8/Manifest.toml`
   Resolving package versions...
  No Changes to `~/.julia/environments/v1.8/Project.toml`
  No Changes to `~/.julia/environments/v1.8/Manifest.toml`
   Resolving package versions...
  No Changes to `~/.julia/environments/v1.8/Project.toml`
  No Changes to `~/.julia/environments/v1.8/Manifest.toml`
   Resolving package versions...
  No Changes to `~/.julia/environments/v1.8/Project.toml`
  No Changes to `~/.julia/environments/v1.8/Manifest.toml`
   Resolving package versions...
  No Changes to `~/.julia/environments/v1.8/Project.toml`
  No Changes to `~/.julia/environments/v1.8/Manifest.toml`
   Resolving package versions...
  No Changes to `~/.julia/environments/v1.8/Project.toml`
  No Changes to `~/.julia/environments/v1.8/Manifest.toml`
   Resolving package versions...
  No Changes to `~/.julia/environments/v1.8/Project.toml`
  No Changes to `~/.julia/environments/v1.8/Manifest.toml`
   Resolving package versions...
  No Changes to `~/.julia/environments/v1.8/Project.toml`
  No Changes to `~/.julia/environments/v1.8/Manifest.toml`
   Resolving package versions...
  No Changes to `~/.julia/environments/v1.8/Project.toml`
  No Changes to `~/.julia/environments/v1.8/Manifest.toml`
Sampling (4 threads)   0%|                              |  ETA: N/A
┌ Info: Found initial step size
└   ϵ = 0.0015625
┌ Info: Found initial step size
└   ϵ = 0.0015625
┌ Info: Found initial step size
└   ϵ = 0.003125
┌ Info: Found initial step size
└   ϵ = 0.0015625
Sampling (4 threads)  25%|███████▌                      |  ETA: 2:23:34
Sampling (4 threads)  50%|███████████████               |  ETA: 0:47:51
Sampling (4 threads)  75%|██████████████████████▌       |  ETA: 0:16:17
Sampling (4 threads) 100%|██████████████████████████████| Time: 0:49:26
Sampling (4 threads) 100%|██████████████████████████████| Time: 0:49:26
Chains MCMC chain (250×49×4 Array{Float64, 3}):

Iterations        = 126:1:375
Number of chains  = 4
Samples per chain = 250
Wall duration     = 2946.31 seconds
Compute duration  = 11376.48 seconds
parameters        = σ_w[1], σ_w[2], ρ_w[1,1], ρ_w[2,1], ρ_w[1,2], ρ_w[2,2], ab_w[1,1], ab_w[2,1], ab_w[1,2], ab_w[2,2], σ_p[1], σ_p[2], ρ_p[1,1], ρ_p[2,1], ρ_p[1,2], ρ_p[2,2], ab_p[1,1], ab_p[2,1], ab_p[1,2], ab_p[2,2], ab_p[1,3], ab_p[2,3], ab_p[1,4], ab_p[2,4], ab_p[1,5], ab_p[2,5], ab_p[1,6], ab_p[2,6], σ_e[1], σ_e[2], ρ_e[1,1], ρ_e[2,1], ρ_e[1,2], ρ_e[2,2], ab_e[1,1], ab_e[2,1], σ
internals         = lp, n_steps, is_accept, acceptance_rate, log_density, hamiltonian_energy, hamiltonian_energy_error, max_hamiltonian_energy_error, tree_depth, numerical_error, step_size, nom_step_size

Summary Statistics
  parameters      mean       std   naive_se      mcse         ess      rhat   ess_per_sec
      Symbol   Float64   Float64    Float64   Float64     Float64   Float64       Float64

      σ_w[1]    0.5937    0.4518     0.0143    0.0150    748.0789    0.9978        0.0658
      σ_w[2]    0.3710    0.3851     0.0122    0.0184    615.5541    1.0095        0.0541
    ρ_w[1,1]    1.0000    0.0000     0.0000    0.0000         NaN       NaN           NaN
    ρ_w[2,1]   -0.0998    0.4320     0.0137    0.0143    966.1611    0.9998        0.0849
    ρ_w[1,2]   -0.0998    0.4320     0.0137    0.0143    966.1611    0.9998        0.0849
    ρ_w[2,2]    1.0000    0.0000     0.0000    0.0000   1044.3735    0.9960        0.0918
   ab_w[1,1]    0.2351    0.3235     0.0102    0.0100    947.5991    0.9981        0.0833
   ab_w[2,1]   -0.0543    0.2210     0.0070    0.0072    985.1670    0.9998        0.0866
   ab_w[1,2]   -0.2398    0.3274     0.0104    0.0105    925.4774    0.9981        0.0814
   ab_w[2,2]    0.1232    0.2266     0.0072    0.0067   1001.8230    0.9993        0.0881
      σ_p[1]    0.3988    0.1650     0.0052    0.0065    860.5951    1.0034        0.0756
      σ_p[2]    0.4213    0.1837     0.0058    0.0087    493.9245    1.0084        0.0434
    ρ_p[1,1]    1.0000    0.0000     0.0000    0.0000         NaN       NaN           NaN
    ρ_p[2,1]   -0.0293    0.3376     0.0107    0.0117    886.2627    1.0018        0.0779
    ρ_p[1,2]   -0.0293    0.3376     0.0107    0.0117    886.2627    1.0018        0.0779
    ρ_p[2,2]    1.0000    0.0000     0.0000    0.0000   1101.4634    0.9960        0.0968
   ab_p[1,1]   -0.4084    0.1747     0.0055    0.0049    960.2834    0.9982        0.0844
   ab_p[2,1]   -0.0382    0.1805     0.0057    0.0077    540.2208    1.0054        0.0475
   ab_p[1,2]    0.4310    0.1792     0.0057    0.0053    915.6914    0.9993        0.0805
   ab_p[2,2]    0.0664    0.1857     0.0059    0.0087    526.2076    1.0064        0.0463
   ab_p[1,3]    0.1374    0.1723     0.0054    0.0055    893.8103    0.9991        0.0786
   ab_p[2,3]    0.0632    0.1830     0.0058    0.0085    512.3740    1.0081        0.0450
   ab_p[1,4]    0.1162    0.1779     0.0056    0.0064    833.6350    0.9984        0.0733
   ab_p[2,4]   -0.3425    0.1804     0.0057    0.0072    617.1139    1.0042        0.0542
   ab_p[1,5]   -0.1883    0.1733     0.0055    0.0053    875.5694    0.9987        0.0770
   ab_p[2,5]   -0.1004    0.1839     0.0058    0.0086    543.1453    1.0019        0.0477
   ab_p[1,6]   -0.1182    0.1782     0.0056    0.0061    947.3342    1.0006        0.0833
   ab_p[2,6]    0.5764    0.1848     0.0058    0.0078    500.4901    1.0038        0.0440
      σ_e[1]    0.5581    0.5963     0.0189    0.0199    851.8300    1.0008        0.0749
      σ_e[2]    0.5523    0.6053     0.0191    0.0190    860.5295    0.9978        0.0756
    ρ_e[1,1]    1.0000    0.0000     0.0000    0.0000         NaN       NaN           NaN
    ρ_e[2,1]   -0.0254    0.4486     0.0142    0.0137   1170.3849    0.9987        0.1029
    ρ_e[1,2]   -0.0254    0.4486     0.0142    0.0137   1170.3849    0.9987        0.1029
    ρ_e[2,2]    1.0000    0.0000     0.0000    0.0000    977.5010    0.9960        0.0859
   ab_e[1,1]    0.0024    0.3212     0.0102    0.0084    920.6260    0.9969        0.0809
   ab_e[2,1]    0.0800    0.2535     0.0080    0.0102    680.2295    1.0005        0.0598
           σ    3.7010    0.0255     0.0008    0.0007   1080.9613    0.9980        0.0950

Quantiles
  parameters      2.5%     25.0%     50.0%     75.0%     97.5%
      Symbol   Float64   Float64   Float64   Float64   Float64

      σ_w[1]    0.1566    0.3048    0.4506    0.7405    1.6959
      σ_w[2]    0.0214    0.1237    0.2445    0.4879    1.4140
    ρ_w[1,1]    1.0000    1.0000    1.0000    1.0000    1.0000
    ρ_w[2,1]   -0.8591   -0.4374   -0.1099    0.2221    0.7233
    ρ_w[1,2]   -0.8591   -0.4374   -0.1099    0.2221    0.7233
    ρ_w[2,2]    1.0000    1.0000    1.0000    1.0000    1.0000
   ab_w[1,1]   -0.4555    0.0897    0.2325    0.3874    0.8224
   ab_w[2,1]   -0.5180   -0.1393   -0.0470    0.0263    0.3359
   ab_w[1,2]   -0.9348   -0.3949   -0.2353   -0.0882    0.3586
   ab_w[2,2]   -0.2753    0.0106    0.0991    0.2283    0.5462
      σ_p[1]    0.1932    0.2866    0.3646    0.4701    0.7947
      σ_p[2]    0.2001    0.2965    0.3793    0.4968    0.9168
    ρ_p[1,1]    1.0000    1.0000    1.0000    1.0000    1.0000
    ρ_p[2,1]   -0.6703   -0.2683   -0.0335    0.2191    0.6093
    ρ_p[1,2]   -0.6703   -0.2683   -0.0335    0.2191    0.6093
    ρ_p[2,2]    1.0000    1.0000    1.0000    1.0000    1.0000
   ab_p[1,1]   -0.7475   -0.5207   -0.4026   -0.2944   -0.0735
   ab_p[2,1]   -0.3773   -0.1412   -0.0492    0.0706    0.2913
   ab_p[1,2]    0.0935    0.3176    0.4223    0.5379    0.8147
   ab_p[2,2]   -0.2737   -0.0415    0.0542    0.1700    0.4621
   ab_p[1,3]   -0.1890    0.0293    0.1333    0.2414    0.4901
   ab_p[2,3]   -0.2789   -0.0506    0.0596    0.1657    0.4250
   ab_p[1,4]   -0.2339    0.0044    0.1097    0.2314    0.4885
   ab_p[2,4]   -0.6952   -0.4450   -0.3401   -0.2419    0.0247
   ab_p[1,5]   -0.5335   -0.2932   -0.1872   -0.0807    0.1689
   ab_p[2,5]   -0.4519   -0.2163   -0.1033    0.0115    0.2468
   ab_p[1,6]   -0.4507   -0.2339   -0.1199   -0.0012    0.2416
   ab_p[2,6]    0.2492    0.4594    0.5697    0.6788    0.9701
      σ_e[1]    0.0172    0.1487    0.3508    0.7764    2.2680
      σ_e[2]    0.0199    0.1538    0.3517    0.7394    2.2136
    ρ_e[1,1]    1.0000    1.0000    1.0000    1.0000    1.0000
    ρ_e[2,1]   -0.8351   -0.3630   -0.0430    0.2986    0.8496
    ρ_e[1,2]   -0.8351   -0.3630   -0.0430    0.2986    0.8496
    ρ_e[2,2]    1.0000    1.0000    1.0000    1.0000    1.0000
   ab_e[1,1]   -0.6601   -0.1259    0.0026    0.1212    0.6688
   ab_e[2,1]   -0.4442   -0.0179    0.0642    0.1846    0.6023
           σ    3.6526    3.6838    3.7004    3.7183    3.7513

