Chains MCMC chain (250×67×4 Array{Float64, 3}):

Iterations        = 126:1:375
Number of chains  = 4
Samples per chain = 250
Wall duration     = 4063.37 seconds
Compute duration  = 14099.12 seconds
parameters        = a_w_s[1], a_w_s[2], b_w_s[1], b_w_s[2], a_p_s[1], a_p_s[2], a_p_s[3], a_p_s[4], a_p_s[5], a_p_s[6], a_p_s[7], a_p_s[8], a_p_s[9], a_p_s[10], a_p_s[11], a_p_s[12], a_p_s[13], a_p_s[14], a_p_s[15], a_p_s[16], a_p_s[17], a_p_s[18], a_p_s[19], a_p_s[20], a_p_s[21], a_p_s[22], a_p_s[23], a_p_s[24], b_p_s[1], b_p_s[2], b_p_s[3], b_p_s[4], b_p_s[5], b_p_s[6], b_p_s[7], b_p_s[8], b_p_s[9], b_p_s[10], b_p_s[11], b_p_s[12], b_p_s[13], b_p_s[14], b_p_s[15], b_p_s[16], b_p_s[17], b_p_s[18], b_p_s[19], b_p_s[20], b_p_s[21], b_p_s[22], b_p_s[23], b_p_s[24], a_e, b_e, σ
internals         = lp, n_steps, is_accept, acceptance_rate, log_density, hamiltonian_energy, hamiltonian_energy_error, max_hamiltonian_energy_error, tree_depth, numerical_error, step_size, nom_step_size

Summary Statistics
  parameters      mean       std   naive_se      mcse         ess      rhat   ess_per_sec
      Symbol   Float64   Float64    Float64   Float64     Float64   Float64       Float64

    a_w_s[1]   -0.0543    0.5728     0.0181    0.0380    234.7084    1.0032        0.0166
    a_w_s[2]   -0.0287    0.5725     0.0181    0.0380    235.2814    1.0033        0.0167
    b_w_s[1]   -0.0158    0.2734     0.0086    0.0148    325.1752    1.0092        0.0231
    b_w_s[2]    0.0154    0.2738     0.0087    0.0148    326.4142    1.0091        0.0232
    a_p_s[1]   -0.1860    0.1913     0.0060    0.0139    207.9184    1.0139        0.0147
    a_p_s[2]   -0.2403    0.1927     0.0061    0.0140    202.0659    1.0139        0.0143
    a_p_s[3]   -0.3803    0.1919     0.0061    0.0138    203.2313    1.0148        0.0144
    a_p_s[4]   -0.1482    0.1909     0.0060    0.0140    198.5966    1.0142        0.0141
    a_p_s[5]   -0.1825    0.1926     0.0061    0.0140    206.4052    1.0136        0.0146
    a_p_s[6]   -0.1824    0.1914     0.0061    0.0138    206.2193    1.0134        0.0146
    a_p_s[7]   -0.2665    0.1919     0.0061    0.0139    202.7590    1.0148        0.0144
    a_p_s[8]    0.5350    0.1911     0.0060    0.0139    201.6100    1.0146        0.0143
    a_p_s[9]    0.0488    0.1921     0.0061    0.0140    198.3485    1.0139        0.0141
   a_p_s[10]    0.0174    0.1926     0.0061    0.0140    206.6148    1.0134        0.0147
   a_p_s[11]    0.3661    0.1922     0.0061    0.0141    202.8924    1.0140        0.0144
   a_p_s[12]    0.6735    0.1930     0.0061    0.0140    204.8438    1.0140        0.0145
   a_p_s[13]    0.0904    0.1917     0.0061    0.0139    200.1039    1.0143        0.0142
   a_p_s[14]    0.5697    0.1913     0.0060    0.0139    202.0657    1.0144        0.0143
   a_p_s[15]   -0.2256    0.1920     0.0061    0.0139    212.6440    1.0135        0.0151
   a_p_s[16]   -0.1609    0.1903     0.0060    0.0138    205.9355    1.0140        0.0146
   a_p_s[17]   -0.2869    0.1919     0.0061    0.0141    201.9826    1.0144        0.0143
   a_p_s[18]   -0.0472    0.1915     0.0061    0.0140    198.1094    1.0148        0.0141
   a_p_s[19]    0.6000    0.1926     0.0061    0.0140    207.8543    1.0144        0.0147
   a_p_s[20]   -0.0208    0.1921     0.0061    0.0139    202.0102    1.0147        0.0143
   a_p_s[21]   -0.3537    0.1921     0.0061    0.0139    210.8800    1.0141        0.0150
   a_p_s[22]   -0.3358    0.1913     0.0060    0.0139    207.1745    1.0150        0.0147
   a_p_s[23]   -0.1085    0.1922     0.0061    0.0140    206.4860    1.0137        0.0146
   a_p_s[24]    0.0127    0.1916     0.0061    0.0138    205.5378    1.0135        0.0146
    b_p_s[1]   -0.0598    0.1019     0.0032    0.0046    481.3782    1.0055        0.0341
    b_p_s[2]   -0.0394    0.1007     0.0032    0.0043    488.2229    1.0040        0.0346
    b_p_s[3]    0.1262    0.1009     0.0032    0.0045    486.3280    1.0028        0.0345
    b_p_s[4]   -0.0417    0.1007     0.0032    0.0045    492.3077    1.0034        0.0349
    b_p_s[5]   -0.0318    0.1023     0.0032    0.0047    455.5996    1.0041        0.0323
    b_p_s[6]    0.0464    0.1017     0.0032    0.0045    482.5906    1.0034        0.0342
    b_p_s[7]   -0.0082    0.1002     0.0032    0.0045    467.2460    1.0049        0.0331
    b_p_s[8]    0.0152    0.1015     0.0032    0.0046    477.7179    1.0037        0.0339
    b_p_s[9]   -0.0439    0.1014     0.0032    0.0045    469.4928    1.0049        0.0333
   b_p_s[10]    0.0046    0.1027     0.0032    0.0045    466.7343    1.0036        0.0331
   b_p_s[11]    0.0486    0.1009     0.0032    0.0043    496.4175    1.0028        0.0352
   b_p_s[12]   -0.0599    0.1018     0.0032    0.0044    469.8521    1.0052        0.0333
   b_p_s[13]    0.0148    0.1011     0.0032    0.0045    489.3775    1.0034        0.0347
   b_p_s[14]    0.0206    0.1015     0.0032    0.0045    474.8577    1.0035        0.0337
   b_p_s[15]    0.0623    0.1022     0.0032    0.0044    487.7305    1.0037        0.0346
   b_p_s[16]   -0.0348    0.1002     0.0032    0.0044    474.6765    1.0045        0.0337
   b_p_s[17]    0.0710    0.1018     0.0032    0.0045    475.2071    1.0041        0.0337
   b_p_s[18]    0.0169    0.1001     0.0032    0.0044    464.0130    1.0032        0.0329
   b_p_s[19]    0.0152    0.1011     0.0032    0.0044    482.8018    1.0020        0.0342
   b_p_s[20]    0.0342    0.0996     0.0032    0.0042    493.3518    1.0026        0.0350
   b_p_s[21]   -0.0278    0.1018     0.0032    0.0044    470.3108    1.0035        0.0334
   b_p_s[22]   -0.0709    0.1008     0.0032    0.0043    490.3730    1.0037        0.0348
   b_p_s[23]    0.0151    0.1028     0.0033    0.0046    484.5418    1.0041        0.0344
   b_p_s[24]    0.0161    0.1020     0.0032    0.0045    486.4945    1.0044        0.0345
         a_e    0.0598    0.5986     0.0189    0.0396    248.0282    1.0074        0.0176
         b_e   -0.0270    0.2797     0.0088    0.0153    356.5961    1.0129        0.0253
           σ    0.9478    0.0032     0.0001    0.0001   1015.7006    0.9998        0.0720

Quantiles
  parameters      2.5%     25.0%     50.0%     75.0%     97.5%
      Symbol   Float64   Float64   Float64   Float64   Float64

    a_w_s[1]   -1.1097   -0.4733   -0.0860    0.3330    1.1151
    a_w_s[2]   -1.0884   -0.4549   -0.0551    0.3596    1.1446
    b_w_s[1]   -0.5077   -0.2226   -0.0351    0.1638    0.5471
    b_w_s[2]   -0.4727   -0.1884   -0.0025    0.1967    0.5808
    a_p_s[1]   -0.5783   -0.3091   -0.1700   -0.0574    0.1881
    a_p_s[2]   -0.6380   -0.3623   -0.2266   -0.1065    0.1370
    a_p_s[3]   -0.7724   -0.5119   -0.3708   -0.2532   -0.0116
    a_p_s[4]   -0.5409   -0.2718   -0.1378   -0.0176    0.2287
    a_p_s[5]   -0.5852   -0.3074   -0.1702   -0.0510    0.2020
    a_p_s[6]   -0.5729   -0.3126   -0.1703   -0.0494    0.1871
    a_p_s[7]   -0.6633   -0.3962   -0.2611   -0.1397    0.1036
    a_p_s[8]    0.1420    0.4099    0.5431    0.6669    0.9036
    a_p_s[9]   -0.3504   -0.0787    0.0579    0.1836    0.4171
   a_p_s[10]   -0.3817   -0.1111    0.0268    0.1506    0.3928
   a_p_s[11]   -0.0330    0.2410    0.3731    0.4940    0.7364
   a_p_s[12]    0.2797    0.5418    0.6821    0.8021    1.0589
   a_p_s[13]   -0.3163   -0.0377    0.1063    0.2177    0.4590
   a_p_s[14]    0.1693    0.4429    0.5846    0.6992    0.9428
   a_p_s[15]   -0.6277   -0.3541   -0.2153   -0.0933    0.1458
   a_p_s[16]   -0.5577   -0.2866   -0.1504   -0.0296    0.2066
   a_p_s[17]   -0.6808   -0.4120   -0.2807   -0.1553    0.0903
   a_p_s[18]   -0.4463   -0.1714   -0.0357    0.0815    0.3170
   a_p_s[19]    0.2005    0.4730    0.6169    0.7323    0.9632
   a_p_s[20]   -0.4126   -0.1504   -0.0106    0.1092    0.3412
   a_p_s[21]   -0.7557   -0.4832   -0.3428   -0.2181    0.0137
   a_p_s[22]   -0.7370   -0.4583   -0.3296   -0.2055    0.0330
   a_p_s[23]   -0.5035   -0.2368   -0.0948    0.0183    0.2642
   a_p_s[24]   -0.3814   -0.1122    0.0275    0.1444    0.3794
    b_p_s[1]   -0.2480   -0.1284   -0.0621    0.0060    0.1428
    b_p_s[2]   -0.2257   -0.1105   -0.0431    0.0279    0.1596
    b_p_s[3]   -0.0593    0.0592    0.1252    0.1956    0.3272
    b_p_s[4]   -0.2294   -0.1073   -0.0459    0.0264    0.1498
    b_p_s[5]   -0.2286   -0.1029   -0.0340    0.0372    0.1698
    b_p_s[6]   -0.1486   -0.0222    0.0420    0.1169    0.2440
    b_p_s[7]   -0.2013   -0.0752   -0.0121    0.0575    0.1882
    b_p_s[8]   -0.1730   -0.0548    0.0125    0.0814    0.2193
    b_p_s[9]   -0.2311   -0.1121   -0.0466    0.0239    0.1568
   b_p_s[10]   -0.1809   -0.0632    0.0026    0.0746    0.2048
   b_p_s[11]   -0.1401   -0.0197    0.0451    0.1196    0.2518
   b_p_s[12]   -0.2593   -0.1277   -0.0591    0.0112    0.1382
   b_p_s[13]   -0.1752   -0.0510    0.0144    0.0787    0.2197
   b_p_s[14]   -0.1738   -0.0493    0.0187    0.0868    0.2183
   b_p_s[15]   -0.1305   -0.0075    0.0602    0.1340    0.2701
   b_p_s[16]   -0.2250   -0.1031   -0.0366    0.0322    0.1633
   b_p_s[17]   -0.1260    0.0008    0.0700    0.1376    0.2741
   b_p_s[18]   -0.1709   -0.0496    0.0155    0.0813    0.2131
   b_p_s[19]   -0.1770   -0.0512    0.0134    0.0811    0.2120
   b_p_s[20]   -0.1525   -0.0321    0.0315    0.0984    0.2291
   b_p_s[21]   -0.2215   -0.0966   -0.0306    0.0384    0.1797
   b_p_s[22]   -0.2616   -0.1420   -0.0713   -0.0017    0.1304
   b_p_s[23]   -0.1682   -0.0557    0.0114    0.0846    0.2248
   b_p_s[24]   -0.1792   -0.0568    0.0125    0.0820    0.2159
         a_e   -1.1680   -0.3255    0.0791    0.5046    1.1537
         b_e   -0.6008   -0.2148   -0.0034    0.1677    0.4863
           σ    0.9415    0.9458    0.9477    0.9498    0.9545

