Chains MCMC chain (250×67×4 Array{Float64, 3}):

Iterations        = 126:1:375
Number of chains  = 4
Samples per chain = 250
Wall duration     = 3949.3 seconds
Compute duration  = 13737.51 seconds
parameters        = a_w_s[1], a_w_s[2], b_w_s[1], b_w_s[2], a_p_s[1], a_p_s[2], a_p_s[3], a_p_s[4], a_p_s[5], a_p_s[6], a_p_s[7], a_p_s[8], a_p_s[9], a_p_s[10], a_p_s[11], a_p_s[12], a_p_s[13], a_p_s[14], a_p_s[15], a_p_s[16], a_p_s[17], a_p_s[18], a_p_s[19], a_p_s[20], a_p_s[21], a_p_s[22], a_p_s[23], a_p_s[24], b_p_s[1], b_p_s[2], b_p_s[3], b_p_s[4], b_p_s[5], b_p_s[6], b_p_s[7], b_p_s[8], b_p_s[9], b_p_s[10], b_p_s[11], b_p_s[12], b_p_s[13], b_p_s[14], b_p_s[15], b_p_s[16], b_p_s[17], b_p_s[18], b_p_s[19], b_p_s[20], b_p_s[21], b_p_s[22], b_p_s[23], b_p_s[24], a_e, b_e, σ
internals         = lp, n_steps, is_accept, acceptance_rate, log_density, hamiltonian_energy, hamiltonian_energy_error, max_hamiltonian_energy_error, tree_depth, numerical_error, step_size, nom_step_size

Summary Statistics
  parameters      mean       std   naive_se      mcse         ess      rhat   ess_per_sec
      Symbol   Float64   Float64    Float64   Float64     Float64   Float64       Float64

    a_w_s[1]   -0.0423    0.6006     0.0190    0.0413    185.9990    1.0061        0.0135
    a_w_s[2]   -0.1133    0.6011     0.0190    0.0413    185.7757    1.0059        0.0135
    b_w_s[1]   -0.0236    0.2814     0.0089    0.0166    315.5306    1.0039        0.0230
    b_w_s[2]    0.0256    0.2815     0.0089    0.0166    316.2226    1.0039        0.0230
    a_p_s[1]   -0.1595    0.1953     0.0062    0.0146    165.9234    1.0112        0.0121
    a_p_s[2]    0.0653    0.1948     0.0062    0.0142    171.7870    1.0101        0.0125
    a_p_s[3]   -0.1162    0.1947     0.0062    0.0143    170.4067    1.0097        0.0124
    a_p_s[4]    0.1246    0.1951     0.0062    0.0144    168.9219    1.0093        0.0123
    a_p_s[5]   -0.0226    0.1948     0.0062    0.0145    164.6665    1.0103        0.0120
    a_p_s[6]   -0.2406    0.1943     0.0061    0.0143    170.1232    1.0107        0.0124
    a_p_s[7]    0.0168    0.1954     0.0062    0.0142    172.4845    1.0096        0.0126
    a_p_s[8]    0.1356    0.1936     0.0061    0.0144    162.9346    1.0107        0.0119
    a_p_s[9]   -0.1157    0.1947     0.0062    0.0143    172.0442    1.0093        0.0125
   a_p_s[10]   -0.0883    0.1961     0.0062    0.0145    167.0316    1.0099        0.0122
   a_p_s[11]    0.0302    0.1945     0.0062    0.0141    172.5987    1.0096        0.0126
   a_p_s[12]   -0.0325    0.1948     0.0062    0.0143    168.1493    1.0108        0.0122
   a_p_s[13]    0.0602    0.1944     0.0061    0.0143    169.9042    1.0088        0.0124
   a_p_s[14]    0.0358    0.1945     0.0062    0.0144    167.9796    1.0109        0.0122
   a_p_s[15]   -0.0586    0.1944     0.0061    0.0142    169.9441    1.0100        0.0124
   a_p_s[16]   -0.0230    0.1929     0.0061    0.0143    167.6549    1.0100        0.0122
   a_p_s[17]   -0.0368    0.1950     0.0062    0.0143    169.8052    1.0108        0.0124
   a_p_s[18]   -0.0843    0.1943     0.0061    0.0142    169.6672    1.0096        0.0124
   a_p_s[19]    0.0510    0.1954     0.0062    0.0143    167.6431    1.0101        0.0122
   a_p_s[20]    0.0278    0.1947     0.0062    0.0143    169.8849    1.0108        0.0124
   a_p_s[21]    0.2509    0.1933     0.0061    0.0142    170.7728    1.0111        0.0124
   a_p_s[22]   -0.0223    0.1954     0.0062    0.0144    170.3696    1.0102        0.0124
   a_p_s[23]   -0.0578    0.1959     0.0062    0.0145    166.6697    1.0102        0.0121
   a_p_s[24]    0.0256    0.1935     0.0061    0.0143    166.2741    1.0095        0.0121
    b_p_s[1]    0.0177    0.0972     0.0031    0.0054    365.0232    1.0112        0.0266
    b_p_s[2]    0.1244    0.0973     0.0031    0.0053    357.4543    1.0139        0.0260
    b_p_s[3]    0.0073    0.0973     0.0031    0.0054    366.7399    1.0139        0.0267
    b_p_s[4]   -0.0398    0.0986     0.0031    0.0056    356.6129    1.0115        0.0260
    b_p_s[5]    0.0012    0.0970     0.0031    0.0053    364.9079    1.0124        0.0266
    b_p_s[6]    0.0961    0.0971     0.0031    0.0056    355.9770    1.0153        0.0259
    b_p_s[7]   -0.0052    0.0971     0.0031    0.0054    364.0190    1.0128        0.0265
    b_p_s[8]    0.0252    0.0975     0.0031    0.0054    365.3835    1.0100        0.0266
    b_p_s[9]   -0.0582    0.0972     0.0031    0.0052    366.8523    1.0115        0.0267
   b_p_s[10]   -0.1117    0.0984     0.0031    0.0055    362.8987    1.0111        0.0264
   b_p_s[11]   -0.1865    0.0981     0.0031    0.0057    352.0965    1.0138        0.0256
   b_p_s[12]   -0.0840    0.0972     0.0031    0.0054    357.4225    1.0108        0.0260
   b_p_s[13]    0.0096    0.0979     0.0031    0.0054    354.1273    1.0123        0.0258
   b_p_s[14]    0.0284    0.0978     0.0031    0.0055    353.9814    1.0128        0.0258
   b_p_s[15]    0.0877    0.0973     0.0031    0.0056    355.8622    1.0127        0.0259
   b_p_s[16]    0.0267    0.0973     0.0031    0.0054    363.2882    1.0135        0.0264
   b_p_s[17]    0.0515    0.0973     0.0031    0.0055    354.9328    1.0150        0.0258
   b_p_s[18]   -0.0566    0.0971     0.0031    0.0055    358.3464    1.0128        0.0261
   b_p_s[19]   -0.0687    0.0982     0.0031    0.0054    363.9863    1.0097        0.0265
   b_p_s[20]   -0.0627    0.0980     0.0031    0.0054    373.3110    1.0104        0.0272
   b_p_s[21]    0.0375    0.0981     0.0031    0.0054    355.7417    1.0115        0.0259
   b_p_s[22]    0.0577    0.0986     0.0031    0.0057    351.8557    1.0133        0.0256
   b_p_s[23]    0.0660    0.0974     0.0031    0.0054    354.3537    1.0138        0.0258
   b_p_s[24]    0.0153    0.0984     0.0031    0.0054    355.1435    1.0104        0.0259
         a_e    0.0942    0.6055     0.0191    0.0423    177.8294    1.0066        0.0129
         b_e    0.0249    0.2940     0.0093    0.0168    330.4731    1.0077        0.0241
           σ    0.9914    0.0034     0.0001    0.0001   1149.7726    0.9982        0.0837

Quantiles
  parameters      2.5%     25.0%     50.0%     75.0%     97.5%
      Symbol   Float64   Float64   Float64   Float64   Float64

    a_w_s[1]   -1.1538   -0.4452   -0.0490    0.3697    1.1603
    a_w_s[2]   -1.2213   -0.5129   -0.1250    0.3026    1.0882
    b_w_s[1]   -0.5336   -0.2101   -0.0375    0.1699    0.5264
    b_w_s[2]   -0.4842   -0.1593    0.0133    0.2239    0.5958
    a_p_s[1]   -0.5671   -0.2915   -0.1521   -0.0329    0.2135
    a_p_s[2]   -0.3371   -0.0572    0.0617    0.1946    0.4379
    a_p_s[3]   -0.5183   -0.2496   -0.1140    0.0162    0.2414
    a_p_s[4]   -0.2754   -0.0128    0.1327    0.2542    0.4871
    a_p_s[5]   -0.4360   -0.1534   -0.0223    0.1084    0.3441
    a_p_s[6]   -0.6482   -0.3727   -0.2355   -0.1106    0.1184
    a_p_s[7]   -0.3856   -0.1086    0.0220    0.1490    0.3751
    a_p_s[8]   -0.2683    0.0054    0.1428    0.2674    0.4942
    a_p_s[9]   -0.5360   -0.2433   -0.1109    0.0143    0.2502
   a_p_s[10]   -0.5147   -0.2133   -0.0872    0.0448    0.2837
   a_p_s[11]   -0.3758   -0.0974    0.0330    0.1620    0.3995
   a_p_s[12]   -0.4446   -0.1609   -0.0338    0.0955    0.3300
   a_p_s[13]   -0.3413   -0.0703    0.0615    0.1865    0.4264
   a_p_s[14]   -0.3708   -0.0909    0.0476    0.1637    0.3995
   a_p_s[15]   -0.4681   -0.1845   -0.0539    0.0671    0.3124
   a_p_s[16]   -0.4370   -0.1513   -0.0225    0.1117    0.3361
   a_p_s[17]   -0.4384   -0.1668   -0.0361    0.0906    0.3315
   a_p_s[18]   -0.4825   -0.2144   -0.0855    0.0461    0.2801
   a_p_s[19]   -0.3531   -0.0827    0.0517    0.1785    0.4297
   a_p_s[20]   -0.3757   -0.1021    0.0313    0.1605    0.3897
   a_p_s[21]   -0.1535    0.1175    0.2552    0.3824    0.6200
   a_p_s[22]   -0.4249   -0.1544   -0.0151    0.1127    0.3474
   a_p_s[23]   -0.4706   -0.1913   -0.0501    0.0739    0.3031
   a_p_s[24]   -0.3767   -0.1060    0.0257    0.1539    0.3920
    b_p_s[1]   -0.1788   -0.0489    0.0181    0.0851    0.2028
    b_p_s[2]   -0.0710    0.0561    0.1253    0.1911    0.3096
    b_p_s[3]   -0.1909   -0.0621    0.0081    0.0704    0.1976
    b_p_s[4]   -0.2275   -0.1104   -0.0389    0.0318    0.1546
    b_p_s[5]   -0.1908   -0.0675    0.0034    0.0699    0.1803
    b_p_s[6]   -0.0970    0.0298    0.0978    0.1622    0.2903
    b_p_s[7]   -0.2019   -0.0712   -0.0034    0.0641    0.1700
    b_p_s[8]   -0.1695   -0.0432    0.0269    0.0944    0.2110
    b_p_s[9]   -0.2521   -0.1275   -0.0552    0.0080    0.1259
   b_p_s[10]   -0.3091   -0.1771   -0.1104   -0.0411    0.0711
   b_p_s[11]   -0.3778   -0.2583   -0.1798   -0.1205   -0.0024
   b_p_s[12]   -0.2683   -0.1519   -0.0857   -0.0162    0.0994
   b_p_s[13]   -0.1850   -0.0617    0.0109    0.0823    0.1946
   b_p_s[14]   -0.1665   -0.0416    0.0300    0.0999    0.2096
   b_p_s[15]   -0.1094    0.0209    0.0920    0.1560    0.2712
   b_p_s[16]   -0.1663   -0.0410    0.0275    0.0963    0.2110
   b_p_s[17]   -0.1360   -0.0147    0.0550    0.1184    0.2405
   b_p_s[18]   -0.2443   -0.1239   -0.0558    0.0096    0.1268
   b_p_s[19]   -0.2632   -0.1374   -0.0669    0.0021    0.1074
   b_p_s[20]   -0.2486   -0.1341   -0.0582    0.0079    0.1221
   b_p_s[21]   -0.1588   -0.0294    0.0387    0.1076    0.2243
   b_p_s[22]   -0.1382   -0.0111    0.0580    0.1269    0.2427
   b_p_s[23]   -0.1270   -0.0028    0.0642    0.1361    0.2492
   b_p_s[24]   -0.1921   -0.0552    0.0177    0.0874    0.1970
         a_e   -1.0995   -0.2999    0.1137    0.4872    1.2986
         b_e   -0.5547   -0.1819    0.0390    0.2110    0.5835
           σ    0.9849    0.9890    0.9913    0.9937    0.9985

