Chains MCMC chain (250×67×4 Array{Float64, 3}):

Iterations        = 126:1:375
Number of chains  = 4
Samples per chain = 250
Wall duration     = 3273.29 seconds
Compute duration  = 10511.93 seconds
parameters        = a_w_s[1], a_w_s[2], b_w_s[1], b_w_s[2], a_p_s[1], a_p_s[2], a_p_s[3], a_p_s[4], a_p_s[5], a_p_s[6], a_p_s[7], a_p_s[8], a_p_s[9], a_p_s[10], a_p_s[11], a_p_s[12], a_p_s[13], a_p_s[14], a_p_s[15], a_p_s[16], a_p_s[17], a_p_s[18], a_p_s[19], a_p_s[20], a_p_s[21], a_p_s[22], a_p_s[23], a_p_s[24], b_p_s[1], b_p_s[2], b_p_s[3], b_p_s[4], b_p_s[5], b_p_s[6], b_p_s[7], b_p_s[8], b_p_s[9], b_p_s[10], b_p_s[11], b_p_s[12], b_p_s[13], b_p_s[14], b_p_s[15], b_p_s[16], b_p_s[17], b_p_s[18], b_p_s[19], b_p_s[20], b_p_s[21], b_p_s[22], b_p_s[23], b_p_s[24], a_e, b_e, σ
internals         = lp, n_steps, is_accept, acceptance_rate, log_density, hamiltonian_energy, hamiltonian_energy_error, max_hamiltonian_energy_error, tree_depth, numerical_error, step_size, nom_step_size

Summary Statistics
  parameters      mean       std   naive_se      mcse        ess      rhat   ess_per_sec
      Symbol   Float64   Float64    Float64   Float64    Float64   Float64       Float64

    a_w_s[1]    0.0517    0.5961     0.0188    0.0488   143.0267    1.0219        0.0136
    a_w_s[2]   -0.0060    0.5962     0.0189    0.0488   143.2298    1.0219        0.0136
    b_w_s[1]    0.0010    0.2921     0.0092    0.0194   257.0009    1.0092        0.0244
    b_w_s[2]    0.0053    0.2915     0.0092    0.0194   257.4742    1.0094        0.0245
    a_p_s[1]    0.0144    0.2075     0.0066    0.0147   143.3010    1.0200        0.0136
    a_p_s[2]   -0.1045    0.2081     0.0066    0.0150   143.0202    1.0205        0.0136
    a_p_s[3]   -0.1760    0.2074     0.0066    0.0149   142.4282    1.0204        0.0135
    a_p_s[4]    0.0744    0.2065     0.0065    0.0145   146.2353    1.0195        0.0139
    a_p_s[5]   -0.0310    0.2060     0.0065    0.0147   144.4600    1.0190        0.0137
    a_p_s[6]    0.1519    0.2072     0.0066    0.0149   143.7411    1.0200        0.0137
    a_p_s[7]   -0.1329    0.2068     0.0065    0.0148   143.0627    1.0200        0.0136
    a_p_s[8]    0.0068    0.2080     0.0066    0.0148   142.6356    1.0198        0.0136
    a_p_s[9]    0.1873    0.2078     0.0066    0.0148   143.3329    1.0203        0.0136
   a_p_s[10]    0.2041    0.2070     0.0065    0.0149   143.5244    1.0208        0.0137
   a_p_s[11]    0.5252    0.2086     0.0066    0.0149   142.5755    1.0210        0.0136
   a_p_s[12]    0.3509    0.2064     0.0065    0.0145   146.2915    1.0203        0.0139
   a_p_s[13]   -0.0262    0.2080     0.0066    0.0149   143.0573    1.0209        0.0136
   a_p_s[14]    0.0899    0.2072     0.0066    0.0147   143.4028    1.0199        0.0136
   a_p_s[15]   -0.1782    0.2071     0.0065    0.0148   143.5474    1.0207        0.0137
   a_p_s[16]    0.0687    0.2069     0.0065    0.0150   141.6128    1.0211        0.0135
   a_p_s[17]   -0.0377    0.2074     0.0066    0.0149   142.8151    1.0219        0.0136
   a_p_s[18]    0.0426    0.2074     0.0066    0.0147   144.5987    1.0194        0.0138
   a_p_s[19]   -0.0018    0.2074     0.0066    0.0148   143.3670    1.0205        0.0136
   a_p_s[20]   -0.0598    0.2074     0.0066    0.0146   143.1868    1.0192        0.0136
   a_p_s[21]   -0.2309    0.2066     0.0065    0.0146   143.8362    1.0199        0.0137
   a_p_s[22]   -0.2313    0.2072     0.0066    0.0148   141.9973    1.0209        0.0135
   a_p_s[23]   -0.2330    0.2061     0.0065    0.0147   143.6050    1.0197        0.0137
   a_p_s[24]   -0.1049    0.2076     0.0066    0.0148   143.0137    1.0201        0.0136
    b_p_s[1]   -0.0711    0.1083     0.0034    0.0080   230.5460    1.0077        0.0219
    b_p_s[2]   -0.0093    0.1080     0.0034    0.0080   233.4076    1.0086        0.0222
    b_p_s[3]   -0.0569    0.1077     0.0034    0.0079   229.2512    1.0088        0.0218
    b_p_s[4]    0.0221    0.1080     0.0034    0.0079   234.5675    1.0081        0.0223
    b_p_s[5]   -0.0395    0.1070     0.0034    0.0077   234.2138    1.0071        0.0223
    b_p_s[6]   -0.0746    0.1071     0.0034    0.0080   233.1714    1.0088        0.0222
    b_p_s[7]   -0.0483    0.1076     0.0034    0.0079   230.3967    1.0062        0.0219
    b_p_s[8]    0.0711    0.1073     0.0034    0.0079   233.3242    1.0069        0.0222
    b_p_s[9]    0.0156    0.1079     0.0034    0.0081   226.3266    1.0092        0.0215
   b_p_s[10]    0.0267    0.1081     0.0034    0.0080   229.9370    1.0075        0.0219
   b_p_s[11]    0.0611    0.1081     0.0034    0.0081   226.3567    1.0066        0.0215
   b_p_s[12]    0.0931    0.1079     0.0034    0.0080   226.5567    1.0074        0.0216
   b_p_s[13]    0.0207    0.1092     0.0035    0.0082   230.0128    1.0089        0.0219
   b_p_s[14]    0.1122    0.1077     0.0034    0.0081   235.0181    1.0077        0.0224
   b_p_s[15]    0.0045    0.1080     0.0034    0.0079   233.9787    1.0077        0.0223
   b_p_s[16]   -0.0754    0.1078     0.0034    0.0079   233.3885    1.0075        0.0222
   b_p_s[17]   -0.0764    0.1077     0.0034    0.0079   230.4147    1.0079        0.0219
   b_p_s[18]   -0.0386    0.1075     0.0034    0.0079   233.0450    1.0078        0.0222
   b_p_s[19]    0.0732    0.1081     0.0034    0.0080   236.0585    1.0076        0.0225
   b_p_s[20]   -0.0222    0.1082     0.0034    0.0080   230.8920    1.0088        0.0220
   b_p_s[21]   -0.0411    0.1093     0.0035    0.0081   233.6309    1.0074        0.0222
   b_p_s[22]   -0.0461    0.1076     0.0034    0.0078   235.7478    1.0064        0.0224
   b_p_s[23]   -0.0309    0.1083     0.0034    0.0080   231.8804    1.0077        0.0221
   b_p_s[24]    0.0117    0.1081     0.0034    0.0080   228.4961    1.0092        0.0217
         a_e   -0.0334    0.6048     0.0191    0.0496   135.7440    1.0227        0.0129
         b_e   -0.0004    0.3046     0.0096    0.0206   246.4512    1.0101        0.0234
           σ    0.9821    0.0035     0.0001    0.0001   969.5103    0.9980        0.0922

Quantiles
  parameters      2.5%     25.0%     50.0%     75.0%     97.5%
      Symbol   Float64   Float64   Float64   Float64   Float64

    a_w_s[1]   -1.0583   -0.3410    0.0390    0.4565    1.1929
    a_w_s[2]   -1.1166   -0.4000   -0.0173    0.4027    1.1372
    b_w_s[1]   -0.5401   -0.2048    0.0154    0.2067    0.5229
    b_w_s[2]   -0.5370   -0.1996    0.0194    0.2091    0.5272
    a_p_s[1]   -0.4122   -0.1242    0.0199    0.1718    0.3785
    a_p_s[2]   -0.5334   -0.2503   -0.1002    0.0530    0.2590
    a_p_s[3]   -0.5994   -0.3161   -0.1731   -0.0183    0.1859
    a_p_s[4]   -0.3429   -0.0696    0.0785    0.2257    0.4291
    a_p_s[5]   -0.4431   -0.1684   -0.0262    0.1267    0.3312
    a_p_s[6]   -0.2739    0.0096    0.1566    0.3083    0.5100
    a_p_s[7]   -0.5430   -0.2720   -0.1270    0.0247    0.2281
    a_p_s[8]   -0.4153   -0.1354    0.0112    0.1650    0.3699
    a_p_s[9]   -0.2369    0.0563    0.1939    0.3491    0.5424
   a_p_s[10]   -0.2080    0.0639    0.2073    0.3622    0.5707
   a_p_s[11]    0.1099    0.3833    0.5304    0.6806    0.8978
   a_p_s[12]   -0.0694    0.2118    0.3601    0.5076    0.7136
   a_p_s[13]   -0.4426   -0.1698   -0.0277    0.1335    0.3440
   a_p_s[14]   -0.3340   -0.0481    0.0959    0.2459    0.4557
   a_p_s[15]   -0.6137   -0.3126   -0.1759   -0.0220    0.1796
   a_p_s[16]   -0.3536   -0.0687    0.0756    0.2241    0.4232
   a_p_s[17]   -0.4674   -0.1779   -0.0350    0.1167    0.3169
   a_p_s[18]   -0.3807   -0.0996    0.0521    0.1990    0.4061
   a_p_s[19]   -0.4231   -0.1481    0.0069    0.1548    0.3571
   a_p_s[20]   -0.4853   -0.1995   -0.0554    0.0977    0.3084
   a_p_s[21]   -0.6525   -0.3725   -0.2225   -0.0774    0.1246
   a_p_s[22]   -0.6531   -0.3714   -0.2281   -0.0709    0.1383
   a_p_s[23]   -0.6474   -0.3712   -0.2283   -0.0741    0.1310
   a_p_s[24]   -0.5201   -0.2459   -0.0979    0.0529    0.2590
    b_p_s[1]   -0.2745   -0.1458   -0.0698    0.0018    0.1439
    b_p_s[2]   -0.2125   -0.0877   -0.0035    0.0629    0.2014
    b_p_s[3]   -0.2581   -0.1306   -0.0552    0.0170    0.1670
    b_p_s[4]   -0.1771   -0.0539    0.0242    0.0917    0.2475
    b_p_s[5]   -0.2412   -0.1178   -0.0376    0.0281    0.1613
    b_p_s[6]   -0.2721   -0.1505   -0.0762   -0.0028    0.1477
    b_p_s[7]   -0.2531   -0.1270   -0.0445    0.0239    0.1672
    b_p_s[8]   -0.1308   -0.0057    0.0727    0.1455    0.2869
    b_p_s[9]   -0.1937   -0.0609    0.0184    0.0864    0.2292
   b_p_s[10]   -0.1690   -0.0503    0.0270    0.0998    0.2350
   b_p_s[11]   -0.1478   -0.0150    0.0627    0.1348    0.2741
   b_p_s[12]   -0.1075    0.0182    0.0937    0.1626    0.3046
   b_p_s[13]   -0.1876   -0.0570    0.0249    0.0986    0.2426
   b_p_s[14]   -0.0982    0.0380    0.1145    0.1862    0.3321
   b_p_s[15]   -0.2021   -0.0705    0.0083    0.0805    0.2158
   b_p_s[16]   -0.2744   -0.1525   -0.0725   -0.0021    0.1371
   b_p_s[17]   -0.2754   -0.1523   -0.0773    0.0004    0.1353
   b_p_s[18]   -0.2371   -0.1144   -0.0377    0.0355    0.1658
   b_p_s[19]   -0.1309   -0.0020    0.0786    0.1484    0.2716
   b_p_s[20]   -0.2169   -0.0992   -0.0194    0.0492    0.1968
   b_p_s[21]   -0.2368   -0.1188   -0.0368    0.0332    0.1731
   b_p_s[22]   -0.2511   -0.1201   -0.0456    0.0278    0.1638
   b_p_s[23]   -0.2302   -0.1050   -0.0289    0.0394    0.1919
   b_p_s[24]   -0.1910   -0.0634    0.0138    0.0848    0.2263
         a_e   -1.2002   -0.4076   -0.0722    0.3690    1.1646
         b_e   -0.5435   -0.2173   -0.0031    0.2155    0.5523
           σ    0.9753    0.9798    0.9822    0.9845    0.9888

