Chains MCMC chain (250×67×4 Array{Float64, 3}):

Iterations        = 126:1:375
Number of chains  = 4
Samples per chain = 250
Wall duration     = 3540.15 seconds
Compute duration  = 10925.35 seconds
parameters        = a_w_s[1], a_w_s[2], b_w_s[1], b_w_s[2], a_p_s[1], a_p_s[2], a_p_s[3], a_p_s[4], a_p_s[5], a_p_s[6], a_p_s[7], a_p_s[8], a_p_s[9], a_p_s[10], a_p_s[11], a_p_s[12], a_p_s[13], a_p_s[14], a_p_s[15], a_p_s[16], a_p_s[17], a_p_s[18], a_p_s[19], a_p_s[20], a_p_s[21], a_p_s[22], a_p_s[23], a_p_s[24], b_p_s[1], b_p_s[2], b_p_s[3], b_p_s[4], b_p_s[5], b_p_s[6], b_p_s[7], b_p_s[8], b_p_s[9], b_p_s[10], b_p_s[11], b_p_s[12], b_p_s[13], b_p_s[14], b_p_s[15], b_p_s[16], b_p_s[17], b_p_s[18], b_p_s[19], b_p_s[20], b_p_s[21], b_p_s[22], b_p_s[23], b_p_s[24], a_e, b_e, σ
internals         = lp, n_steps, is_accept, acceptance_rate, log_density, hamiltonian_energy, hamiltonian_energy_error, max_hamiltonian_energy_error, tree_depth, numerical_error, step_size, nom_step_size

Summary Statistics
  parameters      mean       std   naive_se      mcse        ess      rhat   ess_per_sec
      Symbol   Float64   Float64    Float64   Float64    Float64   Float64       Float64

    a_w_s[1]   -0.0693    0.5979     0.0189    0.0510   143.5657    1.0253        0.0131
    a_w_s[2]   -0.0393    0.5981     0.0189    0.0510   143.7205    1.0254        0.0132
    b_w_s[1]   -0.0171    0.3159     0.0100    0.0199   240.4428    1.0157        0.0220
    b_w_s[2]   -0.0249    0.3167     0.0100    0.0199   240.0893    1.0157        0.0220
    a_p_s[1]   -0.1786    0.2164     0.0068    0.0176   124.5561    1.0126        0.0114
    a_p_s[2]    0.2036    0.2146     0.0068    0.0175   124.6986    1.0131        0.0114
    a_p_s[3]    0.2227    0.2145     0.0068    0.0176   123.5899    1.0130        0.0113
    a_p_s[4]    0.0192    0.2156     0.0068    0.0177   123.0654    1.0137        0.0113
    a_p_s[5]    0.1244    0.2162     0.0068    0.0177   122.6270    1.0136        0.0112
    a_p_s[6]   -0.1475    0.2151     0.0068    0.0175   123.2166    1.0114        0.0113
    a_p_s[7]   -0.1898    0.2136     0.0068    0.0174   123.1415    1.0139        0.0113
    a_p_s[8]   -0.0458    0.2140     0.0068    0.0173   124.3469    1.0139        0.0114
    a_p_s[9]    0.0422    0.2149     0.0068    0.0174   122.9282    1.0128        0.0113
   a_p_s[10]   -0.2778    0.2153     0.0068    0.0176   123.5246    1.0138        0.0113
   a_p_s[11]   -0.2846    0.2157     0.0068    0.0177   122.4998    1.0132        0.0112
   a_p_s[12]   -0.0852    0.2152     0.0068    0.0176   122.9292    1.0132        0.0113
   a_p_s[13]    0.1129    0.2157     0.0068    0.0175   124.6049    1.0125        0.0114
   a_p_s[14]    0.1014    0.2151     0.0068    0.0178   122.0075    1.0140        0.0112
   a_p_s[15]    0.0506    0.2145     0.0068    0.0174   124.7537    1.0133        0.0114
   a_p_s[16]   -0.2704    0.2147     0.0068    0.0176   123.7578    1.0139        0.0113
   a_p_s[17]   -0.1441    0.2158     0.0068    0.0177   123.2462    1.0132        0.0113
   a_p_s[18]   -0.0367    0.2151     0.0068    0.0176   123.3712    1.0130        0.0113
   a_p_s[19]   -0.3106    0.2159     0.0068    0.0175   125.1697    1.0129        0.0115
   a_p_s[20]    0.1014    0.2146     0.0068    0.0176   124.1998    1.0132        0.0114
   a_p_s[21]    0.2779    0.2163     0.0068    0.0177   123.0624    1.0134        0.0113
   a_p_s[22]    0.1153    0.2151     0.0068    0.0175   125.4008    1.0133        0.0115
   a_p_s[23]    0.0824    0.2151     0.0068    0.0175   123.4644    1.0131        0.0113
   a_p_s[24]    0.0975    0.2158     0.0068    0.0177   123.2875    1.0136        0.0113
    b_p_s[1]   -0.0319    0.1090     0.0034    0.0071   211.4419    1.0124        0.0194
    b_p_s[2]   -0.0211    0.1093     0.0035    0.0074   199.3877    1.0153        0.0183
    b_p_s[3]    0.0256    0.1084     0.0034    0.0073   195.6262    1.0149        0.0179
    b_p_s[4]   -0.0060    0.1098     0.0035    0.0073   202.4553    1.0142        0.0185
    b_p_s[5]    0.0398    0.1092     0.0035    0.0074   199.6824    1.0180        0.0183
    b_p_s[6]   -0.0536    0.1085     0.0034    0.0074   203.5264    1.0154        0.0186
    b_p_s[7]   -0.0075    0.1094     0.0035    0.0076   198.9782    1.0152        0.0182
    b_p_s[8]    0.0268    0.1096     0.0035    0.0074   206.0848    1.0162        0.0189
    b_p_s[9]   -0.0727    0.1086     0.0034    0.0073   206.7161    1.0150        0.0189
   b_p_s[10]    0.0213    0.1088     0.0034    0.0073   204.0936    1.0146        0.0187
   b_p_s[11]    0.0353    0.1092     0.0035    0.0074   200.6208    1.0134        0.0184
   b_p_s[12]    0.0865    0.1087     0.0034    0.0074   199.6425    1.0159        0.0183
   b_p_s[13]    0.0575    0.1086     0.0034    0.0070   208.4766    1.0149        0.0191
   b_p_s[14]    0.0310    0.1089     0.0034    0.0073   200.0805    1.0147        0.0183
   b_p_s[15]   -0.0073    0.1097     0.0035    0.0073   203.8022    1.0154        0.0187
   b_p_s[16]   -0.0507    0.1092     0.0035    0.0076   198.7914    1.0141        0.0182
   b_p_s[17]   -0.0219    0.1094     0.0035    0.0073   202.9041    1.0155        0.0186
   b_p_s[18]    0.0154    0.1094     0.0035    0.0073   205.1177    1.0138        0.0188
   b_p_s[19]   -0.0223    0.1089     0.0034    0.0076   198.2655    1.0159        0.0181
   b_p_s[20]    0.0364    0.1087     0.0034    0.0072   208.1859    1.0143        0.0191
   b_p_s[21]    0.0185    0.1092     0.0035    0.0074   199.5635    1.0166        0.0183
   b_p_s[22]   -0.0039    0.1095     0.0035    0.0075   198.9182    1.0136        0.0182
   b_p_s[23]    0.0273    0.1084     0.0034    0.0073   207.1407    1.0133        0.0190
   b_p_s[24]   -0.0124    0.1091     0.0034    0.0073   199.4545    1.0177        0.0183
         a_e    0.0720    0.6114     0.0193    0.0544   132.1516    1.0294        0.0121
         b_e   -0.0152    0.3210     0.0101    0.0215   240.9509    1.0185        0.0221
           σ    0.9767    0.0034     0.0001    0.0001   991.0657    0.9973        0.0907

Quantiles
  parameters      2.5%     25.0%     50.0%     75.0%     97.5%
      Symbol   Float64   Float64   Float64   Float64   Float64

    a_w_s[1]   -1.0890   -0.5546   -0.0665    0.3130    1.1192
    a_w_s[2]   -1.0599   -0.5223   -0.0443    0.3493    1.1473
    b_w_s[1]   -0.6051   -0.2297   -0.0222    0.2091    0.5945
    b_w_s[2]   -0.6089   -0.2426   -0.0314    0.2049    0.5899
    a_p_s[1]   -0.5568   -0.3167   -0.1752   -0.0486    0.2994
    a_p_s[2]   -0.1773    0.0596    0.2088    0.3328    0.6669
    a_p_s[3]   -0.1456    0.0837    0.2296    0.3470    0.6772
    a_p_s[4]   -0.3607   -0.1224    0.0228    0.1468    0.4929
    a_p_s[5]   -0.2560   -0.0182    0.1274    0.2532    0.5999
    a_p_s[6]   -0.5293   -0.2847   -0.1451   -0.0223    0.3260
    a_p_s[7]   -0.5666   -0.3263   -0.1836   -0.0632    0.2842
    a_p_s[8]   -0.4224   -0.1842   -0.0432    0.0789    0.4204
    a_p_s[9]   -0.3267   -0.1012    0.0421    0.1673    0.5081
   a_p_s[10]   -0.6564   -0.4187   -0.2754   -0.1557    0.1959
   a_p_s[11]   -0.6547   -0.4253   -0.2840   -0.1583    0.1937
   a_p_s[12]   -0.4637   -0.2285   -0.0806    0.0384    0.3923
   a_p_s[13]   -0.2608   -0.0298    0.1161    0.2422    0.5852
   a_p_s[14]   -0.2846   -0.0393    0.1085    0.2267    0.5799
   a_p_s[15]   -0.3242   -0.0858    0.0521    0.1756    0.5157
   a_p_s[16]   -0.6479   -0.4092   -0.2690   -0.1445    0.2047
   a_p_s[17]   -0.5212   -0.2879   -0.1421   -0.0186    0.3342
   a_p_s[18]   -0.4066   -0.1789   -0.0368    0.0895    0.4365
   a_p_s[19]   -0.6881   -0.4456   -0.3082   -0.1884    0.1549
   a_p_s[20]   -0.2813   -0.0377    0.1003    0.2325    0.5761
   a_p_s[21]   -0.0867    0.1373    0.2762    0.4030    0.7544
   a_p_s[22]   -0.2517   -0.0213    0.1156    0.2482    0.5796
   a_p_s[23]   -0.2880   -0.0596    0.0833    0.2109    0.5493
   a_p_s[24]   -0.2842   -0.0377    0.1007    0.2248    0.5688
    b_p_s[1]   -0.2515   -0.1080   -0.0337    0.0473    0.1852
    b_p_s[2]   -0.2374   -0.0983   -0.0183    0.0591    0.1899
    b_p_s[3]   -0.1887   -0.0503    0.0255    0.1041    0.2278
    b_p_s[4]   -0.2179   -0.0854   -0.0081    0.0742    0.2030
    b_p_s[5]   -0.1792   -0.0353    0.0387    0.1222    0.2498
    b_p_s[6]   -0.2646   -0.1310   -0.0530    0.0268    0.1529
    b_p_s[7]   -0.2219   -0.0873   -0.0081    0.0711    0.1960
    b_p_s[8]   -0.1938   -0.0504    0.0257    0.1061    0.2356
    b_p_s[9]   -0.2871   -0.1447   -0.0757    0.0064    0.1310
   b_p_s[10]   -0.1923   -0.0575    0.0245    0.1022    0.2253
   b_p_s[11]   -0.1772   -0.0429    0.0375    0.1148    0.2404
   b_p_s[12]   -0.1173    0.0095    0.0869    0.1678    0.2974
   b_p_s[13]   -0.1482   -0.0202    0.0597    0.1388    0.2674
   b_p_s[14]   -0.1987   -0.0442    0.0369    0.1078    0.2358
   b_p_s[15]   -0.2252   -0.0854   -0.0038    0.0711    0.2043
   b_p_s[16]   -0.2728   -0.1310   -0.0476    0.0279    0.1589
   b_p_s[17]   -0.2382   -0.0992   -0.0213    0.0581    0.1769
   b_p_s[18]   -0.2100   -0.0590    0.0185    0.0951    0.2242
   b_p_s[19]   -0.2384   -0.1014   -0.0239    0.0568    0.1861
   b_p_s[20]   -0.1811   -0.0414    0.0395    0.1159    0.2447
   b_p_s[21]   -0.1907   -0.0562    0.0190    0.0957    0.2269
   b_p_s[22]   -0.2206   -0.0831   -0.0017    0.0760    0.2019
   b_p_s[23]   -0.1848   -0.0492    0.0309    0.1087    0.2237
   b_p_s[24]   -0.2304   -0.0889   -0.0077    0.0694    0.1982
         a_e   -1.0922   -0.3453    0.0801    0.5198    1.2209
         b_e   -0.6305   -0.2393   -0.0015    0.1955    0.6102
           σ    0.9701    0.9742    0.9766    0.9790    0.9834

