Chains MCMC chain (250×67×4 Array{Float64, 3}):

Iterations        = 126:1:375
Number of chains  = 4
Samples per chain = 250
Wall duration     = 5076.56 seconds
Compute duration  = 15234.46 seconds
parameters        = a_w_s[1], a_w_s[2], b_w_s[1], b_w_s[2], a_p_s[1], a_p_s[2], a_p_s[3], a_p_s[4], a_p_s[5], a_p_s[6], a_p_s[7], a_p_s[8], a_p_s[9], a_p_s[10], a_p_s[11], a_p_s[12], a_p_s[13], a_p_s[14], a_p_s[15], a_p_s[16], a_p_s[17], a_p_s[18], a_p_s[19], a_p_s[20], a_p_s[21], a_p_s[22], a_p_s[23], a_p_s[24], b_p_s[1], b_p_s[2], b_p_s[3], b_p_s[4], b_p_s[5], b_p_s[6], b_p_s[7], b_p_s[8], b_p_s[9], b_p_s[10], b_p_s[11], b_p_s[12], b_p_s[13], b_p_s[14], b_p_s[15], b_p_s[16], b_p_s[17], b_p_s[18], b_p_s[19], b_p_s[20], b_p_s[21], b_p_s[22], b_p_s[23], b_p_s[24], a_e, b_e, σ
internals         = lp, n_steps, is_accept, acceptance_rate, log_density, hamiltonian_energy, hamiltonian_energy_error, max_hamiltonian_energy_error, tree_depth, numerical_error, step_size, nom_step_size

Summary Statistics
  parameters      mean       std   naive_se      mcse         ess      rhat   ess_per_sec
      Symbol   Float64   Float64    Float64   Float64     Float64   Float64       Float64

    a_w_s[1]    0.0868    0.5490     0.0174    0.0451    136.5056    1.0292        0.0090
    a_w_s[2]    0.1045    0.5492     0.0174    0.0451    136.7292    1.0292        0.0090
    b_w_s[1]   -0.0270    0.2772     0.0088    0.0127    375.8867    1.0025        0.0247
    b_w_s[2]   -0.0059    0.2772     0.0088    0.0127    376.6347    1.0024        0.0247
    a_p_s[1]   -0.1216    0.1835     0.0058    0.0126    193.1434    1.0152        0.0127
    a_p_s[2]   -0.1583    0.1838     0.0058    0.0125    196.0937    1.0156        0.0129
    a_p_s[3]   -0.2544    0.1829     0.0058    0.0126    193.4046    1.0160        0.0127
    a_p_s[4]   -0.0966    0.1832     0.0058    0.0126    193.5593    1.0161        0.0127
    a_p_s[5]   -0.1196    0.1837     0.0058    0.0125    197.4153    1.0144        0.0130
    a_p_s[6]   -0.1194    0.1829     0.0058    0.0127    192.7249    1.0152        0.0127
    a_p_s[7]   -0.1765    0.1830     0.0058    0.0126    194.0601    1.0149        0.0127
    a_p_s[8]    0.3659    0.1839     0.0058    0.0126    193.0270    1.0155        0.0127
    a_p_s[9]    0.0373    0.1834     0.0058    0.0127    193.1888    1.0150        0.0127
   a_p_s[10]    0.0165    0.1831     0.0058    0.0125    195.4231    1.0153        0.0128
   a_p_s[11]    0.2515    0.1828     0.0058    0.0125    193.1183    1.0144        0.0127
   a_p_s[12]    0.4588    0.1835     0.0058    0.0127    191.5008    1.0162        0.0126
   a_p_s[13]    0.0653    0.1823     0.0058    0.0126    192.6458    1.0158        0.0126
   a_p_s[14]    0.3886    0.1831     0.0058    0.0127    193.9648    1.0151        0.0127
   a_p_s[15]   -0.1484    0.1837     0.0058    0.0127    194.8461    1.0156        0.0128
   a_p_s[16]   -0.1045    0.1821     0.0058    0.0126    193.2998    1.0162        0.0127
   a_p_s[17]   -0.1907    0.1826     0.0058    0.0124    196.9070    1.0145        0.0129
   a_p_s[18]   -0.0280    0.1830     0.0058    0.0127    194.3623    1.0164        0.0128
   a_p_s[19]    0.4108    0.1837     0.0058    0.0126    192.8301    1.0153        0.0127
   a_p_s[20]   -0.0096    0.1830     0.0058    0.0126    196.0150    1.0149        0.0129
   a_p_s[21]   -0.2354    0.1830     0.0058    0.0125    196.5297    1.0149        0.0129
   a_p_s[22]   -0.2219    0.1841     0.0058    0.0126    196.8663    1.0152        0.0129
   a_p_s[23]   -0.0693    0.1842     0.0058    0.0128    192.1437    1.0157        0.0126
   a_p_s[24]    0.0128    0.1824     0.0058    0.0125    197.1460    1.0147        0.0129
    b_p_s[1]   -0.0400    0.0999     0.0032    0.0077    146.5300    1.0204        0.0096
    b_p_s[2]   -0.0264    0.0992     0.0031    0.0078    139.8614    1.0219        0.0092
    b_p_s[3]    0.0865    0.1006     0.0032    0.0079    134.1351    1.0256        0.0088
    b_p_s[4]   -0.0266    0.0999     0.0032    0.0078    138.7950    1.0233        0.0091
    b_p_s[5]   -0.0218    0.1003     0.0032    0.0080    142.8181    1.0239        0.0094
    b_p_s[6]    0.0322    0.1001     0.0032    0.0079    139.1997    1.0237        0.0091
    b_p_s[7]   -0.0030    0.0996     0.0031    0.0078    140.4558    1.0247        0.0092
    b_p_s[8]    0.0112    0.0992     0.0031    0.0079    136.2229    1.0222        0.0089
    b_p_s[9]   -0.0300    0.0996     0.0031    0.0079    139.2671    1.0246        0.0091
   b_p_s[10]    0.0049    0.0993     0.0031    0.0079    139.5906    1.0226        0.0092
   b_p_s[11]    0.0343    0.0997     0.0032    0.0078    142.6007    1.0228        0.0094
   b_p_s[12]   -0.0396    0.0996     0.0031    0.0078    141.6968    1.0205        0.0093
   b_p_s[13]    0.0110    0.0996     0.0032    0.0079    134.9532    1.0249        0.0089
   b_p_s[14]    0.0143    0.0998     0.0032    0.0081    135.3778    1.0247        0.0089
   b_p_s[15]    0.0435    0.1001     0.0032    0.0078    145.1384    1.0202        0.0095
   b_p_s[16]   -0.0221    0.0992     0.0031    0.0079    143.5638    1.0221        0.0094
   b_p_s[17]    0.0484    0.0999     0.0032    0.0080    140.4399    1.0226        0.0092
   b_p_s[18]    0.0123    0.0999     0.0032    0.0079    140.8309    1.0249        0.0092
   b_p_s[19]    0.0114    0.0996     0.0031    0.0078    140.8498    1.0237        0.0092
   b_p_s[20]    0.0234    0.1007     0.0032    0.0081    135.9512    1.0238        0.0089
   b_p_s[21]   -0.0169    0.1000     0.0032    0.0080    135.0053    1.0242        0.0089
   b_p_s[22]   -0.0476    0.0999     0.0032    0.0078    143.6589    1.0210        0.0094
   b_p_s[23]    0.0122    0.1001     0.0032    0.0079    137.2457    1.0247        0.0090
   b_p_s[24]    0.0116    0.0994     0.0031    0.0078    141.3074    1.0236        0.0093
         a_e   -0.0872    0.5668     0.0179    0.0439    140.2571    1.0300        0.0092
         b_e   -0.0029    0.2849     0.0090    0.0132    346.7312    0.9993        0.0228
           σ    0.6414    0.0022     0.0001    0.0001   1130.3047    1.0017        0.0742

Quantiles
  parameters      2.5%     25.0%     50.0%     75.0%     97.5%
      Symbol   Float64   Float64   Float64   Float64   Float64

    a_w_s[1]   -1.0431   -0.2839    0.0917    0.4804    1.1091
    a_w_s[2]   -1.0165   -0.2609    0.1057    0.4935    1.1307
    b_w_s[1]   -0.5365   -0.2215   -0.0573    0.1596    0.5442
    b_w_s[2]   -0.5211   -0.1984   -0.0352    0.1832    0.5650
    a_p_s[1]   -0.5078   -0.2230   -0.1404   -0.0057    0.2451
    a_p_s[2]   -0.5519   -0.2595   -0.1742   -0.0469    0.1916
    a_p_s[3]   -0.6363   -0.3541   -0.2710   -0.1388    0.0931
    a_p_s[4]   -0.4858   -0.1974   -0.1102    0.0177    0.2571
    a_p_s[5]   -0.5037   -0.2221   -0.1320   -0.0039    0.2288
    a_p_s[6]   -0.5150   -0.2197   -0.1348   -0.0069    0.2328
    a_p_s[7]   -0.5593   -0.2758   -0.1902   -0.0651    0.1762
    a_p_s[8]   -0.0285    0.2679    0.3534    0.4839    0.7196
    a_p_s[9]   -0.3551   -0.0677    0.0210    0.1509    0.3920
   a_p_s[10]   -0.3739   -0.0865    0.0016    0.1298    0.3680
   a_p_s[11]   -0.1388    0.1530    0.2340    0.3653    0.5947
   a_p_s[12]    0.0660    0.3602    0.4415    0.5720    0.8101
   a_p_s[13]   -0.3156   -0.0363    0.0491    0.1778    0.4171
   a_p_s[14]    0.0059    0.2895    0.3746    0.5030    0.7422
   a_p_s[15]   -0.5280   -0.2478   -0.1600   -0.0362    0.2068
   a_p_s[16]   -0.4982   -0.2046   -0.1202    0.0060    0.2397
   a_p_s[17]   -0.5748   -0.2919   -0.2074   -0.0730    0.1615
   a_p_s[18]   -0.4187   -0.1292   -0.0487    0.0826    0.3281
   a_p_s[19]    0.0254    0.3065    0.3980    0.5265    0.7544
   a_p_s[20]   -0.3985   -0.1104   -0.0254    0.1076    0.3393
   a_p_s[21]   -0.6135   -0.3350   -0.2525   -0.1249    0.1136
   a_p_s[22]   -0.6104   -0.3231   -0.2390   -0.1083    0.1381
   a_p_s[23]   -0.4526   -0.1742   -0.0870    0.0449    0.2861
   a_p_s[24]   -0.3893   -0.0882   -0.0056    0.1243    0.3664
    b_p_s[1]   -0.2282   -0.1131   -0.0375    0.0298    0.1482
    b_p_s[2]   -0.2099   -0.0992   -0.0246    0.0450    0.1627
    b_p_s[3]   -0.0911    0.0113    0.0860    0.1584    0.2775
    b_p_s[4]   -0.2127   -0.0980   -0.0230    0.0441    0.1594
    b_p_s[5]   -0.2103   -0.0934   -0.0207    0.0500    0.1615
    b_p_s[6]   -0.1492   -0.0417    0.0360    0.1040    0.2180
    b_p_s[7]   -0.1913   -0.0763   -0.0043    0.0686    0.1856
    b_p_s[8]   -0.1752   -0.0625    0.0084    0.0845    0.1967
    b_p_s[9]   -0.2110   -0.1027   -0.0285    0.0415    0.1537
   b_p_s[10]   -0.1819   -0.0676    0.0070    0.0723    0.1871
   b_p_s[11]   -0.1448   -0.0409    0.0375    0.1062    0.2195
   b_p_s[12]   -0.2201   -0.1118   -0.0365    0.0305    0.1394
   b_p_s[13]   -0.1734   -0.0632    0.0111    0.0816    0.1965
   b_p_s[14]   -0.1644   -0.0610    0.0153    0.0869    0.2006
   b_p_s[15]   -0.1481   -0.0309    0.0461    0.1175    0.2230
   b_p_s[16]   -0.2117   -0.0955   -0.0227    0.0496    0.1662
   b_p_s[17]   -0.1314   -0.0237    0.0494    0.1202    0.2313
   b_p_s[18]   -0.1630   -0.0609    0.0162    0.0819    0.2001
   b_p_s[19]   -0.1691   -0.0598    0.0144    0.0825    0.2005
   b_p_s[20]   -0.1629   -0.0528    0.0254    0.0964    0.2141
   b_p_s[21]   -0.2018   -0.0929   -0.0171    0.0534    0.1694
   b_p_s[22]   -0.2333   -0.1198   -0.0437    0.0228    0.1438
   b_p_s[23]   -0.1807   -0.0609    0.0141    0.0859    0.2048
   b_p_s[24]   -0.1646   -0.0620    0.0147    0.0834    0.1988
         a_e   -1.1703   -0.4593   -0.0638    0.3100    1.0272
         b_e   -0.5797   -0.1909    0.0024    0.2083    0.5076
           σ    0.6369    0.6399    0.6415    0.6429    0.6457

