Chains MCMC chain (250×67×4 Array{Float64, 3}):

Iterations        = 126:1:375
Number of chains  = 4
Samples per chain = 250
Wall duration     = 4140.53 seconds
Compute duration  = 11830.49 seconds
parameters        = a_w_s[1], a_w_s[2], b_w_s[1], b_w_s[2], a_p_s[1], a_p_s[2], a_p_s[3], a_p_s[4], a_p_s[5], a_p_s[6], a_p_s[7], a_p_s[8], a_p_s[9], a_p_s[10], a_p_s[11], a_p_s[12], a_p_s[13], a_p_s[14], a_p_s[15], a_p_s[16], a_p_s[17], a_p_s[18], a_p_s[19], a_p_s[20], a_p_s[21], a_p_s[22], a_p_s[23], a_p_s[24], b_p_s[1], b_p_s[2], b_p_s[3], b_p_s[4], b_p_s[5], b_p_s[6], b_p_s[7], b_p_s[8], b_p_s[9], b_p_s[10], b_p_s[11], b_p_s[12], b_p_s[13], b_p_s[14], b_p_s[15], b_p_s[16], b_p_s[17], b_p_s[18], b_p_s[19], b_p_s[20], b_p_s[21], b_p_s[22], b_p_s[23], b_p_s[24], a_e, b_e, σ
internals         = lp, n_steps, is_accept, acceptance_rate, log_density, hamiltonian_energy, hamiltonian_energy_error, max_hamiltonian_energy_error, tree_depth, numerical_error, step_size, nom_step_size

Summary Statistics
  parameters      mean       std   naive_se      mcse        ess      rhat   ess_per_sec
      Symbol   Float64   Float64    Float64   Float64    Float64   Float64       Float64

    a_w_s[1]   -0.0596    0.6188     0.0196    0.0568   138.5670    1.0019        0.0117
    a_w_s[2]   -0.0617    0.6192     0.0196    0.0569   138.3364    1.0020        0.0117
    b_w_s[1]   -0.0028    0.2884     0.0091    0.0207   207.2794    1.0200        0.0175
    b_w_s[2]    0.0228    0.2889     0.0091    0.0208   207.1034    1.0204        0.0175
    a_p_s[1]    0.1125    0.1986     0.0063    0.0196    58.9431    1.0652        0.0050
    a_p_s[2]   -0.0665    0.1983     0.0063    0.0196    55.8135    1.0682        0.0047
    a_p_s[3]    0.3494    0.1972     0.0062    0.0195    55.7583    1.0672        0.0047
    a_p_s[4]   -0.1949    0.1982     0.0063    0.0195    59.8456    1.0664        0.0051
    a_p_s[5]   -0.1116    0.1978     0.0063    0.0195    58.3953    1.0648        0.0049
    a_p_s[6]    0.6946    0.1984     0.0063    0.0196    55.7886    1.0671        0.0047
    a_p_s[7]   -0.1156    0.1980     0.0063    0.0194    61.6707    1.0652        0.0052
    a_p_s[8]    0.0363    0.1989     0.0063    0.0195    59.9092    1.0668        0.0051
    a_p_s[9]    0.0501    0.1976     0.0062    0.0195    53.5978    1.0669        0.0045
   a_p_s[10]   -0.1237    0.1991     0.0063    0.0195    56.4601    1.0677        0.0048
   a_p_s[11]   -0.3093    0.1988     0.0063    0.0197    57.7741    1.0657        0.0049
   a_p_s[12]    0.0321    0.1988     0.0063    0.0196    57.6247    1.0649        0.0049
   a_p_s[13]    0.1320    0.1982     0.0063    0.0195    62.9785    1.0638        0.0053
   a_p_s[14]    0.2597    0.1976     0.0062    0.0194    63.2568    1.0639        0.0053
   a_p_s[15]    0.3811    0.1980     0.0063    0.0195    57.0174    1.0668        0.0048
   a_p_s[16]   -0.0267    0.1997     0.0063    0.0197    61.1590    1.0645        0.0052
   a_p_s[17]   -0.0331    0.1972     0.0062    0.0194    62.4274    1.0653        0.0053
   a_p_s[18]   -0.0245    0.1985     0.0063    0.0196    58.1181    1.0655        0.0049
   a_p_s[19]   -0.0448    0.1976     0.0062    0.0196    56.6094    1.0675        0.0048
   a_p_s[20]   -0.1449    0.1980     0.0063    0.0195    55.3956    1.0673        0.0047
   a_p_s[21]   -0.2509    0.1986     0.0063    0.0197    54.6802    1.0679        0.0046
   a_p_s[22]    0.0376    0.1988     0.0063    0.0197    58.7729    1.0666        0.0050
   a_p_s[23]    0.2162    0.1985     0.0063    0.0197    59.2696    1.0649        0.0050
   a_p_s[24]    0.0197    0.1986     0.0063    0.0195    58.6318    1.0650        0.0050
    b_p_s[1]   -0.0086    0.0988     0.0031    0.0049   314.2956    1.0011        0.0266
    b_p_s[2]   -0.0648    0.0985     0.0031    0.0050   323.9605    1.0017        0.0274
    b_p_s[3]    0.0974    0.0982     0.0031    0.0049   321.4017    1.0015        0.0272
    b_p_s[4]   -0.0409    0.0981     0.0031    0.0047   314.7471    1.0013        0.0266
    b_p_s[5]   -0.0399    0.0992     0.0031    0.0049   333.3414    1.0007        0.0282
    b_p_s[6]    0.0423    0.0987     0.0031    0.0049   311.4629    1.0017        0.0263
    b_p_s[7]    0.0115    0.0984     0.0031    0.0050   311.2838    1.0006        0.0263
    b_p_s[8]    0.0025    0.0979     0.0031    0.0051   297.2372    1.0028        0.0251
    b_p_s[9]   -0.0038    0.0981     0.0031    0.0048   316.1995    0.9999        0.0267
   b_p_s[10]    0.0272    0.0993     0.0031    0.0050   317.9633    1.0033        0.0269
   b_p_s[11]    0.0016    0.0983     0.0031    0.0048   315.3759    1.0014        0.0267
   b_p_s[12]   -0.0050    0.0984     0.0031    0.0048   317.1780    1.0018        0.0268
   b_p_s[13]    0.0286    0.0981     0.0031    0.0049   320.6379    1.0018        0.0271
   b_p_s[14]   -0.0310    0.0976     0.0031    0.0048   299.2495    1.0023        0.0253
   b_p_s[15]    0.0369    0.0985     0.0031    0.0050   332.4419    1.0011        0.0281
   b_p_s[16]    0.0324    0.0991     0.0031    0.0047   325.6367    1.0006        0.0275
   b_p_s[17]   -0.0409    0.0993     0.0031    0.0049   313.7373    0.9997        0.0265
   b_p_s[18]   -0.0025    0.0984     0.0031    0.0049   313.4312    1.0005        0.0265
   b_p_s[19]    0.0199    0.0980     0.0031    0.0048   322.5852    1.0012        0.0273
   b_p_s[20]   -0.0180    0.0986     0.0031    0.0048   351.9641    1.0011        0.0298
   b_p_s[21]   -0.1250    0.0976     0.0031    0.0048   317.1364    1.0012        0.0268
   b_p_s[22]    0.0023    0.0989     0.0031    0.0050   312.4483    1.0008        0.0264
   b_p_s[23]    0.0361    0.0983     0.0031    0.0051   323.1622    1.0028        0.0273
   b_p_s[24]    0.0192    0.0976     0.0031    0.0048   317.0015    1.0011        0.0268
         a_e    0.0311    0.6349     0.0201    0.0595   118.9023    1.0152        0.0101
         b_e   -0.0490    0.2943     0.0093    0.0216   200.7811    1.0187        0.0170
           σ    0.9752    0.0034     0.0001    0.0001   932.5195    1.0009        0.0788

Quantiles
  parameters      2.5%     25.0%     50.0%     75.0%     97.5%
      Symbol   Float64   Float64   Float64   Float64   Float64

    a_w_s[1]   -1.1255   -0.5127   -0.0639    0.3267    1.2370
    a_w_s[2]   -1.1186   -0.5228   -0.0685    0.3265    1.2416
    b_w_s[1]   -0.5971   -0.1639    0.0085    0.1706    0.6207
    b_w_s[2]   -0.5764   -0.1397    0.0331    0.1963    0.6377
    a_p_s[1]   -0.2967   -0.0117    0.1169    0.2462    0.4617
    a_p_s[2]   -0.4756   -0.1893   -0.0568    0.0613    0.2816
    a_p_s[3]   -0.0552    0.2248    0.3503    0.4797    0.6969
    a_p_s[4]   -0.6106   -0.3196   -0.1887   -0.0644    0.1611
    a_p_s[5]   -0.5194   -0.2345   -0.1095    0.0147    0.2454
    a_p_s[6]    0.2859    0.5714    0.7022    0.8220    1.0429
    a_p_s[7]   -0.5343   -0.2396   -0.1146    0.0127    0.2266
    a_p_s[8]   -0.3782   -0.0897    0.0413    0.1693    0.3921
    a_p_s[9]   -0.3484   -0.0762    0.0577    0.1761    0.3967
   a_p_s[10]   -0.5196   -0.2521   -0.1173    0.0092    0.2215
   a_p_s[11]   -0.7115   -0.4317   -0.3100   -0.1804    0.0357
   a_p_s[12]   -0.3898   -0.0937    0.0334    0.1643    0.3754
   a_p_s[13]   -0.2731    0.0132    0.1358    0.2589    0.4786
   a_p_s[14]   -0.1475    0.1352    0.2656    0.3885    0.6057
   a_p_s[15]   -0.0233    0.2579    0.3842    0.5117    0.7268
   a_p_s[16]   -0.4441   -0.1516   -0.0174    0.1020    0.3207
   a_p_s[17]   -0.4561   -0.1569   -0.0302    0.0953    0.3230
   a_p_s[18]   -0.4279   -0.1491   -0.0215    0.1054    0.3267
   a_p_s[19]   -0.4597   -0.1703   -0.0418    0.0833    0.2956
   a_p_s[20]   -0.5443   -0.2701   -0.1375   -0.0173    0.2065
   a_p_s[21]   -0.6557   -0.3741   -0.2485   -0.1228    0.0924
   a_p_s[22]   -0.3865   -0.0861    0.0363    0.1666    0.3862
   a_p_s[23]   -0.2077    0.0949    0.2163    0.3445    0.5535
   a_p_s[24]   -0.3875   -0.1043    0.0219    0.1472    0.3639
    b_p_s[1]   -0.1981   -0.0730   -0.0134    0.0574    0.1918
    b_p_s[2]   -0.2495   -0.1307   -0.0686   -0.0021    0.1322
    b_p_s[3]   -0.0924    0.0314    0.0938    0.1626    0.2889
    b_p_s[4]   -0.2372   -0.1077   -0.0442    0.0198    0.1587
    b_p_s[5]   -0.2401   -0.1051   -0.0441    0.0245    0.1519
    b_p_s[6]   -0.1528   -0.0227    0.0393    0.1063    0.2319
    b_p_s[7]   -0.1792   -0.0541    0.0086    0.0786    0.2013
    b_p_s[8]   -0.1901   -0.0666   -0.0013    0.0697    0.1999
    b_p_s[9]   -0.2015   -0.0692   -0.0072    0.0605    0.1879
   b_p_s[10]   -0.1625   -0.0410    0.0213    0.0959    0.2169
   b_p_s[11]   -0.1953   -0.0657   -0.0029    0.0678    0.1983
   b_p_s[12]   -0.2006   -0.0719   -0.0060    0.0577    0.1819
   b_p_s[13]   -0.1695   -0.0373    0.0225    0.0914    0.2239
   b_p_s[14]   -0.2191   -0.0943   -0.0351    0.0354    0.1639
   b_p_s[15]   -0.1665   -0.0293    0.0301    0.0998    0.2379
   b_p_s[16]   -0.1643   -0.0345    0.0304    0.0975    0.2302
   b_p_s[17]   -0.2365   -0.1051   -0.0459    0.0258    0.1553
   b_p_s[18]   -0.1951   -0.0660   -0.0053    0.0615    0.1990
   b_p_s[19]   -0.1766   -0.0427    0.0153    0.0840    0.2179
   b_p_s[20]   -0.2153   -0.0836   -0.0259    0.0476    0.1705
   b_p_s[21]   -0.3178   -0.1903   -0.1285   -0.0604    0.0613
   b_p_s[22]   -0.1911   -0.0629   -0.0051    0.0654    0.2016
   b_p_s[23]   -0.1593   -0.0311    0.0310    0.1024    0.2284
   b_p_s[24]   -0.1696   -0.0448    0.0146    0.0858    0.2162
         a_e   -1.3691   -0.3617    0.0224    0.4902    1.2115
         b_e   -0.6308   -0.2366   -0.0502    0.1209    0.5960
           σ    0.9687    0.9730    0.9752    0.9776    0.9818

