cpu-bind=MASK - bp1-compute050, task  0  0 [2083748]: mask 0x88000088 set
Running on host bp1-compute050
Time is Thu Apr 23 22:46:52 BST 2026
Directory is /user/home/em18564/bayesian/BC4/Bayes/wordType_experiments/models/exponentials_grouped_cats
Slurm job ID is 16958335
This job runs on the following machines:
bp1-compute050
┌ Warning: Runtime invalidation was disabled, but the CPU info is out-of-date.
│ Will continue with incorrect CPU name (from build time).
└ @ HostCPUFeatures ~/.julia/packages/HostCPUFeatures/ZTXz4/src/cpu_info.jl:71
┌ Warning: Runtime invalidation was disabled, but the CPU info is out-of-date.
│ Will continue with incorrect CPU feature flag: +avx512vnni.
└ @ HostCPUFeatures ~/.julia/packages/HostCPUFeatures/ZTXz4/src/cpu_info.jl:56
┌ Warning: Runtime invalidation was disabled, but the CPU info is out-of-date.
│ Will continue with incorrect CPU feature flag: -rtm.
└ @ HostCPUFeatures ~/.julia/packages/HostCPUFeatures/ZTXz4/src/cpu_info.jl:56
Sampling (4 threads)   0%|                              |  ETA: N/A
┌ Info: Found initial step size
└   ϵ = 0.00078125
┌ Info: Found initial step size
└   ϵ = 0.000390625
┌ Info: Found initial step size
└   ϵ = 0.0125
┌ Info: Found initial step size
└   ϵ = 0.00078125
Sampling (4 threads)   0%|▏                             |  ETA: 2:12:46
Sampling (4 threads)   1%|▎                             |  ETA: 1:06:08
Sampling (4 threads)   2%|▌                             |  ETA: 0:43:52
Sampling (4 threads)   2%|▋                             |  ETA: 0:36:47
Sampling (4 threads)   2%|▊                             |  ETA: 0:29:16
Sampling (4 threads)   3%|▉                             |  ETA: 0:38:18
Sampling (4 threads)   4%|█                             |  ETA: 0:32:40
Sampling (4 threads)   4%|█▎                            |  ETA: 0:28:26
Sampling (4 threads)   4%|█▍                            |  ETA: 1:11:05
Sampling (4 threads)   5%|█▌                            |  ETA: 1:03:38
Sampling (4 threads)   6%|█▋                            |  ETA: 0:57:33
Sampling (4 threads)   6%|█▊                            |  ETA: 1:42:15
Sampling (4 threads)   6%|██                            |  ETA: 1:33:53
Sampling (4 threads)   7%|██▏                           |  ETA: 1:26:43
Sampling (4 threads)   8%|██▎                           |  ETA: 1:20:30
Sampling (4 threads)   8%|██▍                           |  ETA: 1:33:04
Sampling (4 threads)   8%|██▌                           |  ETA: 1:27:07
Sampling (4 threads)   9%|██▊                           |  ETA: 1:36:30
Sampling (4 threads)  10%|██▉                           |  ETA: 1:30:56
Sampling (4 threads)  10%|███                           |  ETA: 1:25:54
Sampling (4 threads)  10%|███▏                          |  ETA: 1:33:33
Sampling (4 threads)  11%|███▎                          |  ETA: 1:28:48
Sampling (4 threads)  12%|███▌                          |  ETA: 1:24:28
Sampling (4 threads)  12%|███▋                          |  ETA: 1:35:02
Sampling (4 threads)  12%|███▊                          |  ETA: 1:30:43
Sampling (4 threads)  13%|███▉                          |  ETA: 1:26:44
Sampling (4 threads)  14%|████                          |  ETA: 1:33:35
Sampling (4 threads)  14%|████▎                         |  ETA: 1:29:43
Sampling (4 threads)  14%|████▍                         |  ETA: 1:26:07
Sampling (4 threads)  15%|████▌                         |  ETA: 1:30:59
Sampling (4 threads)  16%|████▋                         |  ETA: 1:27:32
Sampling (4 threads)  16%|████▊                         |  ETA: 1:29:15
Sampling (4 threads)  16%|█████                         |  ETA: 1:26:02
Sampling (4 threads)  17%|█████▏                        |  ETA: 1:23:00
Sampling (4 threads)  18%|█████▎                        |  ETA: 1:20:09
Sampling (4 threads)  18%|█████▍                        |  ETA: 1:20:53
Sampling (4 threads)  18%|█████▌                        |  ETA: 1:18:13
Sampling (4 threads)  19%|█████▊                        |  ETA: 1:21:25
Sampling (4 threads)  20%|█████▉                        |  ETA: 1:18:50
Sampling (4 threads)  20%|██████                        |  ETA: 1:16:23
Sampling (4 threads)  20%|██████▏                       |  ETA: 1:17:21
Sampling (4 threads)  21%|██████▎                       |  ETA: 1:15:02
Sampling (4 threads)  22%|██████▌                       |  ETA: 1:17:37
Sampling (4 threads)  22%|██████▋                       |  ETA: 1:15:23
Sampling (4 threads)  22%|██████▊                       |  ETA: 1:13:14
Sampling (4 threads)  23%|██████▉                       |  ETA: 1:14:45
Sampling (4 threads)  24%|███████                       |  ETA: 1:12:41
Sampling (4 threads)  24%|███████▎                      |  ETA: 1:10:42
Sampling (4 threads)  24%|███████▍                      |  ETA: 1:08:48
Sampling (4 threads)  25%|███████▌                      |  ETA: 1:08:25
Sampling (4 threads)  26%|███████▋                      |  ETA: 1:06:38
Sampling (4 threads)  26%|███████▊                      |  ETA: 1:08:01
Sampling (4 threads)  26%|████████                      |  ETA: 1:06:17
Sampling (4 threads)  27%|████████▏                     |  ETA: 1:06:31
Sampling (4 threads)  28%|████████▎                     |  ETA: 1:04:52
Sampling (4 threads)  28%|████████▍                     |  ETA: 1:06:15
Sampling (4 threads)  28%|████████▌                     |  ETA: 1:04:38
Sampling (4 threads)  29%|████████▊                     |  ETA: 1:03:05
Sampling (4 threads)  30%|████████▉                     |  ETA: 1:03:42
Sampling (4 threads)  30%|█████████                     |  ETA: 1:02:12
Sampling (4 threads)  30%|█████████▏                    |  ETA: 1:00:44
Sampling (4 threads)  31%|█████████▎                    |  ETA: 1:01:34
Sampling (4 threads)  32%|█████████▌                    |  ETA: 1:00:09
Sampling (4 threads)  32%|█████████▋                    |  ETA: 0:58:47
Sampling (4 threads)  32%|█████████▊                    |  ETA: 0:59:37
Sampling (4 threads)  33%|█████████▉                    |  ETA: 0:58:17
Sampling (4 threads)  34%|██████████                    |  ETA: 0:56:59
Sampling (4 threads)  34%|██████████▎                   |  ETA: 0:58:07
Sampling (4 threads)  34%|██████████▍                   |  ETA: 0:56:51
Sampling (4 threads)  35%|██████████▌                   |  ETA: 0:55:36
Sampling (4 threads)  36%|██████████▋                   |  ETA: 0:56:53
Sampling (4 threads)  36%|██████████▊                   |  ETA: 0:55:39
Sampling (4 threads)  36%|███████████                   |  ETA: 0:54:28
Sampling (4 threads)  37%|███████████▏                  |  ETA: 0:53:18
Sampling (4 threads)  38%|███████████▎                  |  ETA: 0:54:05
Sampling (4 threads)  38%|███████████▍                  |  ETA: 0:52:56
Sampling (4 threads)  38%|███████████▌                  |  ETA: 0:51:50
Sampling (4 threads)  39%|███████████▊                  |  ETA: 0:52:18
Sampling (4 threads)  40%|███████████▉                  |  ETA: 0:51:13
Sampling (4 threads)  40%|████████████                  |  ETA: 0:50:53
Sampling (4 threads)  40%|████████████▏                 |  ETA: 0:49:50
Sampling (4 threads)  41%|████████████▎                 |  ETA: 0:48:49
Sampling (4 threads)  42%|████████████▌                 |  ETA: 0:48:39
Sampling (4 threads)  42%|████████████▋                 |  ETA: 0:47:40
Sampling (4 threads)  42%|████████████▊                 |  ETA: 0:47:53
Sampling (4 threads)  43%|████████████▉                 |  ETA: 0:46:55
Sampling (4 threads)  44%|█████████████                 |  ETA: 0:45:58
Sampling (4 threads)  44%|█████████████▎                |  ETA: 0:46:21
Sampling (4 threads)  44%|█████████████▍                |  ETA: 0:45:25
Sampling (4 threads)  45%|█████████████▌                |  ETA: 0:45:14
Sampling (4 threads)  46%|█████████████▋                |  ETA: 0:44:19
Sampling (4 threads)  46%|█████████████▊                |  ETA: 0:44:00
Sampling (4 threads)  46%|██████████████                |  ETA: 0:43:07
Sampling (4 threads)  47%|██████████████▏               |  ETA: 0:43:24
Sampling (4 threads)  48%|██████████████▎               |  ETA: 0:42:32
Sampling (4 threads)  48%|██████████████▍               |  ETA: 0:41:41
Sampling (4 threads)  48%|██████████████▌               |  ETA: 0:40:52
Sampling (4 threads)  49%|██████████████▊               |  ETA: 0:41:09
Sampling (4 threads)  50%|██████████████▉               |  ETA: 0:40:20
Sampling (4 threads)  50%|███████████████               |  ETA: 0:39:32
Sampling (4 threads)  50%|███████████████▏              |  ETA: 0:40:23
Sampling (4 threads)  51%|███████████████▎              |  ETA: 0:39:35
Sampling (4 threads)  52%|███████████████▌              |  ETA: 0:38:48
Sampling (4 threads)  52%|███████████████▋              |  ETA: 0:38:29
Sampling (4 threads)  52%|███████████████▊              |  ETA: 0:37:44
Sampling (4 threads)  53%|███████████████▉              |  ETA: 0:38:01
Sampling (4 threads)  54%|████████████████              |  ETA: 0:37:16
Sampling (4 threads)  54%|████████████████▎             |  ETA: 0:36:31
Sampling (4 threads)  55%|████████████████▍             |  ETA: 0:36:31
Sampling (4 threads)  55%|████████████████▌             |  ETA: 0:35:47
Sampling (4 threads)  56%|████████████████▋             |  ETA: 0:35:53
Sampling (4 threads)  56%|████████████████▊             |  ETA: 0:35:10
Sampling (4 threads)  56%|█████████████████             |  ETA: 0:34:28
Sampling (4 threads)  57%|█████████████████▏            |  ETA: 0:34:41
Sampling (4 threads)  57%|█████████████████▎            |  ETA: 0:33:59
Sampling (4 threads)  58%|█████████████████▍            |  ETA: 0:33:18
Sampling (4 threads)  58%|█████████████████▌            |  ETA: 0:33:29
Sampling (4 threads)  59%|█████████████████▊            |  ETA: 0:32:48
Sampling (4 threads)  60%|█████████████████▉            |  ETA: 0:32:08
Sampling (4 threads)  60%|██████████████████            |  ETA: 0:32:14
Sampling (4 threads)  60%|██████████████████▏           |  ETA: 0:31:34
Sampling (4 threads)  61%|██████████████████▎           |  ETA: 0:30:55
Sampling (4 threads)  62%|██████████████████▌           |  ETA: 0:30:52
Sampling (4 threads)  62%|██████████████████▋           |  ETA: 0:30:13
Sampling (4 threads)  62%|██████████████████▊           |  ETA: 0:29:35
Sampling (4 threads)  63%|██████████████████▉           |  ETA: 0:29:31
Sampling (4 threads)  64%|███████████████████           |  ETA: 0:28:53
Sampling (4 threads)  64%|███████████████████▎          |  ETA: 0:28:36
Sampling (4 threads)  64%|███████████████████▍          |  ETA: 0:27:59
Sampling (4 threads)  65%|███████████████████▌          |  ETA: 0:27:50
Sampling (4 threads)  66%|███████████████████▋          |  ETA: 0:27:14
Sampling (4 threads)  66%|███████████████████▊          |  ETA: 0:26:38
Sampling (4 threads)  66%|████████████████████          |  ETA: 0:26:33
Sampling (4 threads)  67%|████████████████████▏         |  ETA: 0:25:58
Sampling (4 threads)  68%|████████████████████▎         |  ETA: 0:25:23
Sampling (4 threads)  68%|████████████████████▍         |  ETA: 0:24:48
Sampling (4 threads)  68%|████████████████████▌         |  ETA: 0:24:43
Sampling (4 threads)  69%|████████████████████▊         |  ETA: 0:24:09
Sampling (4 threads)  70%|████████████████████▉         |  ETA: 0:23:35
Sampling (4 threads)  70%|█████████████████████         |  ETA: 0:23:24
Sampling (4 threads)  70%|█████████████████████▏        |  ETA: 0:22:51
Sampling (4 threads)  71%|█████████████████████▎        |  ETA: 0:22:47
Sampling (4 threads)  72%|█████████████████████▌        |  ETA: 0:22:14
Sampling (4 threads)  72%|█████████████████████▋        |  ETA: 0:21:42
Sampling (4 threads)  72%|█████████████████████▊        |  ETA: 0:21:28
Sampling (4 threads)  73%|█████████████████████▉        |  ETA: 0:20:56
Sampling (4 threads)  74%|██████████████████████        |  ETA: 0:20:25
Sampling (4 threads)  74%|██████████████████████▎       |  ETA: 0:20:16
Sampling (4 threads)  74%|██████████████████████▍       |  ETA: 0:19:44
Sampling (4 threads)  75%|██████████████████████▌       |  ETA: 0:19:27
Sampling (4 threads)  76%|██████████████████████▋       |  ETA: 0:18:56
Sampling (4 threads)  76%|██████████████████████▊       |  ETA: 0:18:26
Sampling (4 threads)  76%|███████████████████████       |  ETA: 0:18:11
Sampling (4 threads)  77%|███████████████████████▏      |  ETA: 0:17:41
Sampling (4 threads)  78%|███████████████████████▎      |  ETA: 0:17:11
Sampling (4 threads)  78%|███████████████████████▍      |  ETA: 0:16:56
Sampling (4 threads)  78%|███████████████████████▌      |  ETA: 0:16:26
Sampling (4 threads)  79%|███████████████████████▊      |  ETA: 0:16:06
Sampling (4 threads)  80%|███████████████████████▉      |  ETA: 0:15:38
Sampling (4 threads)  80%|████████████████████████      |  ETA: 0:15:21
Sampling (4 threads)  80%|████████████████████████▏     |  ETA: 0:14:52
Sampling (4 threads)  81%|████████████████████████▎     |  ETA: 0:14:24
Sampling (4 threads)  82%|████████████████████████▌     |  ETA: 0:14:11
Sampling (4 threads)  82%|████████████████████████▋     |  ETA: 0:13:43
Sampling (4 threads)  82%|████████████████████████▊     |  ETA: 0:13:16
Sampling (4 threads)  83%|████████████████████████▉     |  ETA: 0:12:48
Sampling (4 threads)  84%|█████████████████████████     |  ETA: 0:12:32
Sampling (4 threads)  84%|█████████████████████████▎    |  ETA: 0:12:05
Sampling (4 threads)  84%|█████████████████████████▍    |  ETA: 0:11:50
Sampling (4 threads)  85%|█████████████████████████▌    |  ETA: 0:11:23
Sampling (4 threads)  86%|█████████████████████████▋    |  ETA: 0:11:04
Sampling (4 threads)  86%|█████████████████████████▊    |  ETA: 0:10:38
Sampling (4 threads)  86%|██████████████████████████    |  ETA: 0:10:11
Sampling (4 threads)  87%|██████████████████████████▏   |  ETA: 0:09:55
Sampling (4 threads)  88%|██████████████████████████▎   |  ETA: 0:09:28
Sampling (4 threads)  88%|██████████████████████████▍   |  ETA: 0:09:03
Sampling (4 threads)  88%|██████████████████████████▌   |  ETA: 0:08:43
Sampling (4 threads)  89%|██████████████████████████▊   |  ETA: 0:08:18
Sampling (4 threads)  90%|██████████████████████████▉   |  ETA: 0:07:57
Sampling (4 threads)  90%|███████████████████████████   |  ETA: 0:07:31
Sampling (4 threads)  90%|███████████████████████████▏  |  ETA: 0:07:14
Sampling (4 threads)  91%|███████████████████████████▎  |  ETA: 0:06:49
Sampling (4 threads)  92%|███████████████████████████▌  |  ETA: 0:06:24
Sampling (4 threads)  92%|███████████████████████████▋  |  ETA: 0:06:00
Sampling (4 threads)  92%|███████████████████████████▊  |  ETA: 0:05:37
Sampling (4 threads)  93%|███████████████████████████▉  |  ETA: 0:05:15
Sampling (4 threads)  94%|████████████████████████████  |  ETA: 0:04:52
Sampling (4 threads)  94%|████████████████████████████▎ |  ETA: 0:04:29
Sampling (4 threads)  94%|████████████████████████████▍ |  ETA: 0:04:07
Sampling (4 threads)  95%|████████████████████████████▌ |  ETA: 0:03:44
Sampling (4 threads)  96%|████████████████████████████▋ |  ETA: 0:03:22
Sampling (4 threads)  96%|████████████████████████████▊ |  ETA: 0:02:59
Sampling (4 threads)  96%|█████████████████████████████ |  ETA: 0:02:37
Sampling (4 threads)  97%|█████████████████████████████▏|  ETA: 0:02:15
Sampling (4 threads)  98%|█████████████████████████████▎|  ETA: 0:01:52
Sampling (4 threads)  98%|█████████████████████████████▍|  ETA: 0:01:30
Sampling (4 threads)  98%|█████████████████████████████▌|  ETA: 0:01:07
Sampling (4 threads)  99%|█████████████████████████████▊|  ETA: 0:00:45
Sampling (4 threads) 100%|█████████████████████████████▉|  ETA: 0:00:23
Sampling (4 threads) 100%|██████████████████████████████| Time: 1:16:27
Sampling (4 threads) 100%|██████████████████████████████| Time: 1:16:28
┌ Warning: Assignment to `is_waiting` in soft scope is ambiguous because a global variable by the same name exists: `is_waiting` will be treated as a new local. Disambiguate by using `local is_waiting` to suppress this warning or `global is_waiting` to assign to the existing global variable.
└ @ ~/bayesian/BC4/Bayes/wordType_experiments/models/exponentials_grouped_cats/model.jl:51
┌ Warning: Runtime invalidation was disabled, but the CPU info is out-of-date.
│ Will continue with incorrect CPU name (from build time).
└ @ HostCPUFeatures ~/.julia/packages/HostCPUFeatures/ZTXz4/src/cpu_info.jl:71
┌ Warning: Runtime invalidation was disabled, but the CPU info is out-of-date.
│ Will continue with incorrect CPU feature flag: +avx512vnni.
└ @ HostCPUFeatures ~/.julia/packages/HostCPUFeatures/ZTXz4/src/cpu_info.jl:56
┌ Warning: Runtime invalidation was disabled, but the CPU info is out-of-date.
│ Will continue with incorrect CPU feature flag: -rtm.
└ @ HostCPUFeatures ~/.julia/packages/HostCPUFeatures/ZTXz4/src/cpu_info.jl:56
Sampling (4 threads)   0%|                              |  ETA: N/A
┌ Info: Found initial step size
└   ϵ = 0.00078125
┌ Info: Found initial step size
└   ϵ = 0.003125
┌ Info: Found initial step size
└   ϵ = 0.000390625
┌ Info: Found initial step size
└   ϵ = 0.00078125
Sampling (4 threads)   0%|▏                             |  ETA: 2:08:45
Sampling (4 threads)   1%|▎                             |  ETA: 1:04:07
Sampling (4 threads)   2%|▌                             |  ETA: 0:42:32
Sampling (4 threads)   2%|▋                             |  ETA: 0:33:34
Sampling (4 threads)   2%|▊                             |  ETA: 0:26:43
Sampling (4 threads)   3%|▉                             |  ETA: 0:23:11
Sampling (4 threads)   4%|█                             |  ETA: 0:19:46
Sampling (4 threads)   4%|█▎                            |  ETA: 0:37:01
Sampling (4 threads)   4%|█▍                            |  ETA: 0:32:44
Sampling (4 threads)   5%|█▌                            |  ETA: 0:29:18
Sampling (4 threads)   6%|█▋                            |  ETA: 1:11:17
Sampling (4 threads)   6%|█▊                            |  ETA: 1:05:00
Sampling (4 threads)   6%|██                            |  ETA: 0:59:41
Sampling (4 threads)   7%|██▏                           |  ETA: 1:16:15
Sampling (4 threads)   8%|██▎                           |  ETA: 1:10:47
Sampling (4 threads)   8%|██▍                           |  ETA: 1:19:24
Sampling (4 threads)   8%|██▌                           |  ETA: 1:14:19
Sampling (4 threads)   9%|██▊                           |  ETA: 1:09:49
Sampling (4 threads)  10%|██▉                           |  ETA: 1:22:01
Sampling (4 threads)  10%|███                           |  ETA: 1:17:29
Sampling (4 threads)  10%|███▏                          |  ETA: 1:13:23
Sampling (4 threads)  11%|███▎                          |  ETA: 1:24:28
Sampling (4 threads)  12%|███▌                          |  ETA: 1:20:21
Sampling (4 threads)  12%|███▋                          |  ETA: 1:16:34
Sampling (4 threads)  12%|███▊                          |  ETA: 1:23:15
Sampling (4 threads)  13%|███▉                          |  ETA: 1:19:35
Sampling (4 threads)  14%|████                          |  ETA: 1:16:12
Sampling (4 threads)  14%|████▎                         |  ETA: 1:25:41
Sampling (4 threads)  14%|████▍                         |  ETA: 1:22:15
Sampling (4 threads)  15%|████▌                         |  ETA: 1:19:03
Sampling (4 threads)  16%|████▋                         |  ETA: 1:24:13
Sampling (4 threads)  16%|████▊                         |  ETA: 1:21:06
Sampling (4 threads)  16%|█████                         |  ETA: 1:18:11
Sampling (4 threads)  17%|█████▏                        |  ETA: 1:20:57
Sampling (4 threads)  18%|█████▎                        |  ETA: 1:18:09
Sampling (4 threads)  18%|█████▍                        |  ETA: 1:15:32
Sampling (4 threads)  18%|█████▌                        |  ETA: 1:21:45
Sampling (4 threads)  19%|█████▊                        |  ETA: 1:19:06
Sampling (4 threads)  20%|█████▉                        |  ETA: 1:16:36
Sampling (4 threads)  20%|██████                        |  ETA: 1:22:26
Sampling (4 threads)  20%|██████▏                       |  ETA: 1:19:55
Sampling (4 threads)  21%|██████▎                       |  ETA: 1:17:31
Sampling (4 threads)  22%|██████▌                       |  ETA: 1:15:14
Sampling (4 threads)  22%|██████▋                       |  ETA: 1:16:58
Sampling (4 threads)  22%|██████▊                       |  ETA: 1:14:46
Sampling (4 threads)  23%|██████▉                       |  ETA: 1:16:12
Sampling (4 threads)  24%|███████                       |  ETA: 1:14:05
Sampling (4 threads)  24%|███████▎                      |  ETA: 1:12:04
Sampling (4 threads)  24%|███████▍                      |  ETA: 1:14:12
Sampling (4 threads)  25%|███████▌                      |  ETA: 1:12:14
Sampling (4 threads)  26%|███████▋                      |  ETA: 1:10:21
Sampling (4 threads)  26%|███████▊                      |  ETA: 1:13:36
Sampling (4 threads)  26%|████████                      |  ETA: 1:11:43
Sampling (4 threads)  27%|████████▏                     |  ETA: 1:09:55
Sampling (4 threads)  28%|████████▎                     |  ETA: 1:13:52
Sampling (4 threads)  28%|████████▍                     |  ETA: 1:12:03
Sampling (4 threads)  28%|████████▌                     |  ETA: 1:10:18
Sampling (4 threads)  29%|████████▊                     |  ETA: 1:08:36
Sampling (4 threads)  30%|████████▉                     |  ETA: 1:10:36
Sampling (4 threads)  30%|█████████                     |  ETA: 1:08:56
Sampling (4 threads)  30%|█████████▏                    |  ETA: 1:09:16
Sampling (4 threads)  31%|█████████▎                    |  ETA: 1:07:39
Sampling (4 threads)  32%|█████████▌                    |  ETA: 1:06:06
Sampling (4 threads)  32%|█████████▋                    |  ETA: 1:07:05
Sampling (4 threads)  32%|█████████▊                    |  ETA: 1:05:34
Sampling (4 threads)  33%|█████████▉                    |  ETA: 1:04:06
Sampling (4 threads)  34%|██████████                    |  ETA: 1:02:40
Sampling (4 threads)  34%|██████████▎                   |  ETA: 1:03:25
Sampling (4 threads)  34%|██████████▍                   |  ETA: 1:02:01
Sampling (4 threads)  35%|██████████▌                   |  ETA: 1:03:41
Sampling (4 threads)  36%|██████████▋                   |  ETA: 1:02:19
Sampling (4 threads)  36%|██████████▊                   |  ETA: 1:00:58
Sampling (4 threads)  36%|███████████                   |  ETA: 1:01:54
Sampling (4 threads)  37%|███████████▏                  |  ETA: 1:00:35
Sampling (4 threads)  38%|███████████▎                  |  ETA: 0:59:18
Sampling (4 threads)  38%|███████████▍                  |  ETA: 1:00:16
Sampling (4 threads)  38%|███████████▌                  |  ETA: 0:59:00
Sampling (4 threads)  39%|███████████▊                  |  ETA: 0:57:47
Sampling (4 threads)  40%|███████████▉                  |  ETA: 0:56:35
Sampling (4 threads)  40%|████████████                  |  ETA: 0:57:08
Sampling (4 threads)  40%|████████████▏                 |  ETA: 0:55:57
Sampling (4 threads)  41%|████████████▎                 |  ETA: 0:54:48
Sampling (4 threads)  42%|████████████▌                 |  ETA: 0:56:02
Sampling (4 threads)  42%|████████████▋                 |  ETA: 0:54:53
Sampling (4 threads)  42%|████████████▊                 |  ETA: 0:53:47
Sampling (4 threads)  43%|████████████▉                 |  ETA: 0:53:39
Sampling (4 threads)  44%|█████████████                 |  ETA: 0:52:34
Sampling (4 threads)  44%|█████████████▎                |  ETA: 0:52:37
Sampling (4 threads)  44%|█████████████▍                |  ETA: 0:51:34
Sampling (4 threads)  45%|█████████████▌                |  ETA: 0:51:42
Sampling (4 threads)  46%|█████████████▋                |  ETA: 0:50:40
Sampling (4 threads)  46%|█████████████▊                |  ETA: 0:50:21
Sampling (4 threads)  46%|██████████████                |  ETA: 0:49:21
Sampling (4 threads)  47%|██████████████▏               |  ETA: 0:49:18
Sampling (4 threads)  48%|██████████████▎               |  ETA: 0:48:19
Sampling (4 threads)  48%|██████████████▍               |  ETA: 0:47:53
Sampling (4 threads)  48%|██████████████▌               |  ETA: 0:46:56
Sampling (4 threads)  49%|██████████████▊               |  ETA: 0:47:15
Sampling (4 threads)  50%|██████████████▉               |  ETA: 0:46:19
Sampling (4 threads)  50%|███████████████               |  ETA: 0:45:24
Sampling (4 threads)  50%|███████████████▏              |  ETA: 0:44:30
Sampling (4 threads)  51%|███████████████▎              |  ETA: 0:44:58
Sampling (4 threads)  52%|███████████████▌              |  ETA: 0:44:04
Sampling (4 threads)  52%|███████████████▋              |  ETA: 0:43:12
Sampling (4 threads)  52%|███████████████▊              |  ETA: 0:43:27
Sampling (4 threads)  53%|███████████████▉              |  ETA: 0:42:35
Sampling (4 threads)  54%|████████████████              |  ETA: 0:41:44
Sampling (4 threads)  54%|████████████████▎             |  ETA: 0:41:55
Sampling (4 threads)  55%|████████████████▍             |  ETA: 0:41:05
Sampling (4 threads)  55%|████████████████▌             |  ETA: 0:40:15
Sampling (4 threads)  56%|████████████████▋             |  ETA: 0:40:02
Sampling (4 threads)  56%|████████████████▊             |  ETA: 0:39:14
Sampling (4 threads)  56%|█████████████████             |  ETA: 0:39:14
Sampling (4 threads)  57%|█████████████████▏            |  ETA: 0:38:27
Sampling (4 threads)  57%|█████████████████▎            |  ETA: 0:37:40
Sampling (4 threads)  58%|█████████████████▍            |  ETA: 0:37:47
Sampling (4 threads)  58%|█████████████████▌            |  ETA: 0:37:01
Sampling (4 threads)  59%|█████████████████▊            |  ETA: 0:36:16
Sampling (4 threads)  60%|█████████████████▉            |  ETA: 0:36:14
Sampling (4 threads)  60%|██████████████████            |  ETA: 0:35:29
Sampling (4 threads)  60%|██████████████████▏           |  ETA: 0:34:45
Sampling (4 threads)  61%|██████████████████▎           |  ETA: 0:34:48
Sampling (4 threads)  62%|██████████████████▌           |  ETA: 0:34:05
Sampling (4 threads)  62%|██████████████████▋           |  ETA: 0:33:22
Sampling (4 threads)  62%|██████████████████▊           |  ETA: 0:33:14
Sampling (4 threads)  63%|██████████████████▉           |  ETA: 0:32:32
Sampling (4 threads)  64%|███████████████████           |  ETA: 0:32:48
Sampling (4 threads)  64%|███████████████████▎          |  ETA: 0:32:06
Sampling (4 threads)  64%|███████████████████▍          |  ETA: 0:31:24
Sampling (4 threads)  65%|███████████████████▌          |  ETA: 0:31:27
Sampling (4 threads)  66%|███████████████████▋          |  ETA: 0:30:46
Sampling (4 threads)  66%|███████████████████▊          |  ETA: 0:30:05
Sampling (4 threads)  66%|████████████████████          |  ETA: 0:29:25
Sampling (4 threads)  67%|████████████████████▏         |  ETA: 0:29:17
Sampling (4 threads)  68%|████████████████████▎         |  ETA: 0:28:37
Sampling (4 threads)  68%|████████████████████▍         |  ETA: 0:28:25
Sampling (4 threads)  68%|████████████████████▌         |  ETA: 0:27:46
Sampling (4 threads)  69%|████████████████████▊         |  ETA: 0:27:24
Sampling (4 threads)  70%|████████████████████▉         |  ETA: 0:26:46
Sampling (4 threads)  70%|█████████████████████         |  ETA: 0:26:44
Sampling (4 threads)  70%|█████████████████████▏        |  ETA: 0:26:06
Sampling (4 threads)  71%|█████████████████████▎        |  ETA: 0:25:29
Sampling (4 threads)  72%|█████████████████████▌        |  ETA: 0:24:52
Sampling (4 threads)  72%|█████████████████████▋        |  ETA: 0:24:44
Sampling (4 threads)  72%|█████████████████████▊        |  ETA: 0:24:08
Sampling (4 threads)  73%|█████████████████████▉        |  ETA: 0:24:05
Sampling (4 threads)  74%|██████████████████████        |  ETA: 0:23:28
Sampling (4 threads)  74%|██████████████████████▎       |  ETA: 0:22:52
Sampling (4 threads)  74%|██████████████████████▍       |  ETA: 0:22:39
Sampling (4 threads)  75%|██████████████████████▌       |  ETA: 0:22:04
Sampling (4 threads)  76%|██████████████████████▋       |  ETA: 0:21:51
Sampling (4 threads)  76%|██████████████████████▊       |  ETA: 0:21:16
Sampling (4 threads)  76%|███████████████████████       |  ETA: 0:20:41
Sampling (4 threads)  77%|███████████████████████▏      |  ETA: 0:20:16
Sampling (4 threads)  78%|███████████████████████▎      |  ETA: 0:19:42
Sampling (4 threads)  78%|███████████████████████▍      |  ETA: 0:19:24
Sampling (4 threads)  78%|███████████████████████▌      |  ETA: 0:18:51
Sampling (4 threads)  79%|███████████████████████▊      |  ETA: 0:18:25
Sampling (4 threads)  80%|███████████████████████▉      |  ETA: 0:17:52
Sampling (4 threads)  80%|████████████████████████      |  ETA: 0:17:26
Sampling (4 threads)  80%|████████████████████████▏     |  ETA: 0:16:54
Sampling (4 threads)  81%|████████████████████████▎     |  ETA: 0:16:30
Sampling (4 threads)  82%|████████████████████████▌     |  ETA: 0:15:58
Sampling (4 threads)  82%|████████████████████████▋     |  ETA: 0:15:33
Sampling (4 threads)  82%|████████████████████████▊     |  ETA: 0:15:02
Sampling (4 threads)  83%|████████████████████████▉     |  ETA: 0:14:39
Sampling (4 threads)  84%|█████████████████████████     |  ETA: 0:14:08
Sampling (4 threads)  84%|█████████████████████████▎    |  ETA: 0:13:50
Sampling (4 threads)  84%|█████████████████████████▍    |  ETA: 0:13:19
Sampling (4 threads)  85%|█████████████████████████▌    |  ETA: 0:12:49
Sampling (4 threads)  86%|█████████████████████████▋    |  ETA: 0:12:30
Sampling (4 threads)  86%|█████████████████████████▊    |  ETA: 0:12:00
Sampling (4 threads)  86%|██████████████████████████    |  ETA: 0:11:39
Sampling (4 threads)  87%|██████████████████████████▏   |  ETA: 0:11:10
Sampling (4 threads)  88%|██████████████████████████▎   |  ETA: 0:10:40
Sampling (4 threads)  88%|██████████████████████████▍   |  ETA: 0:10:26
Sampling (4 threads)  88%|██████████████████████████▌   |  ETA: 0:09:56
Sampling (4 threads)  89%|██████████████████████████▊   |  ETA: 0:09:27
Sampling (4 threads)  90%|██████████████████████████▉   |  ETA: 0:08:58
Sampling (4 threads)  90%|███████████████████████████   |  ETA: 0:08:36
Sampling (4 threads)  90%|███████████████████████████▏  |  ETA: 0:08:07
Sampling (4 threads)  91%|███████████████████████████▎  |  ETA: 0:07:39
Sampling (4 threads)  92%|███████████████████████████▌  |  ETA: 0:07:17
Sampling (4 threads)  92%|███████████████████████████▋  |  ETA: 0:06:49
Sampling (4 threads)  92%|███████████████████████████▊  |  ETA: 0:06:21
Sampling (4 threads)  93%|███████████████████████████▉  |  ETA: 0:05:59
Sampling (4 threads)  94%|████████████████████████████  |  ETA: 0:05:32
Sampling (4 threads)  94%|████████████████████████████▎ |  ETA: 0:05:04
Sampling (4 threads)  94%|████████████████████████████▍ |  ETA: 0:04:38
Sampling (4 threads)  95%|████████████████████████████▌ |  ETA: 0:04:13
Sampling (4 threads)  96%|████████████████████████████▋ |  ETA: 0:03:47
Sampling (4 threads)  96%|████████████████████████████▊ |  ETA: 0:03:22
Sampling (4 threads)  96%|█████████████████████████████ |  ETA: 0:02:57
Sampling (4 threads)  97%|█████████████████████████████▏|  ETA: 0:02:31
Sampling (4 threads)  98%|█████████████████████████████▎|  ETA: 0:02:06
Sampling (4 threads)  98%|█████████████████████████████▍|  ETA: 0:01:41
Sampling (4 threads)  98%|█████████████████████████████▌|  ETA: 0:01:16
Sampling (4 threads)  99%|█████████████████████████████▊|  ETA: 0:00:50
Sampling (4 threads) 100%|█████████████████████████████▉|  ETA: 0:00:25
Sampling (4 threads) 100%|██████████████████████████████| Time: 1:24:14
Sampling (4 threads) 100%|██████████████████████████████| Time: 1:24:15
┌ Warning: Assignment to `is_waiting` in soft scope is ambiguous because a global variable by the same name exists: `is_waiting` will be treated as a new local. Disambiguate by using `local is_waiting` to suppress this warning or `global is_waiting` to assign to the existing global variable.
└ @ ~/bayesian/BC4/Bayes/wordType_experiments/models/exponentials_grouped_cats/model.jl:51
┌ Warning: Runtime invalidation was disabled, but the CPU info is out-of-date.
│ Will continue with incorrect CPU name (from build time).
└ @ HostCPUFeatures ~/.julia/packages/HostCPUFeatures/ZTXz4/src/cpu_info.jl:71
┌ Warning: Runtime invalidation was disabled, but the CPU info is out-of-date.
│ Will continue with incorrect CPU feature flag: +avx512vnni.
└ @ HostCPUFeatures ~/.julia/packages/HostCPUFeatures/ZTXz4/src/cpu_info.jl:56
┌ Warning: Runtime invalidation was disabled, but the CPU info is out-of-date.
│ Will continue with incorrect CPU feature flag: -rtm.
└ @ HostCPUFeatures ~/.julia/packages/HostCPUFeatures/ZTXz4/src/cpu_info.jl:56
Sampling (4 threads)   0%|                              |  ETA: N/A
┌ Info: Found initial step size
└   ϵ = 9.765625e-5
┌ Info: Found initial step size
└   ϵ = 0.0015625
┌ Info: Found initial step size
└   ϵ = 0.00078125
┌ Info: Found initial step size
└   ϵ = 0.00078125
Sampling (4 threads)   0%|▏                             |  ETA: 2:26:15
Sampling (4 threads)   1%|▎                             |  ETA: 1:12:49
Sampling (4 threads)   2%|▌                             |  ETA: 0:48:18
Sampling (4 threads)   2%|▋                             |  ETA: 0:37:37
Sampling (4 threads)   2%|▊                             |  ETA: 0:29:56
Sampling (4 threads)   3%|▉                             |  ETA: 0:48:47
Sampling (4 threads)   4%|█                             |  ETA: 0:41:36
Sampling (4 threads)   4%|█▎                            |  ETA: 0:36:12
Sampling (4 threads)   4%|█▍                            |  ETA: 1:08:00
Sampling (4 threads)   5%|█▌                            |  ETA: 1:00:53
Sampling (4 threads)   6%|█▋                            |  ETA: 0:55:03
Sampling (4 threads)   6%|█▊                            |  ETA: 1:18:40
Sampling (4 threads)   6%|██                            |  ETA: 1:12:14
Sampling (4 threads)   7%|██▏                           |  ETA: 1:28:33
Sampling (4 threads)   8%|██▎                           |  ETA: 1:22:12
Sampling (4 threads)   8%|██▍                           |  ETA: 1:16:39
Sampling (4 threads)   8%|██▌                           |  ETA: 1:37:03
Sampling (4 threads)   9%|██▊                           |  ETA: 1:31:09
Sampling (4 threads)  10%|██▉                           |  ETA: 1:25:53
Sampling (4 threads)  10%|███                           |  ETA: 1:31:12
Sampling (4 threads)  10%|███▏                          |  ETA: 1:26:23
Sampling (4 threads)  11%|███▎                          |  ETA: 1:44:16
Sampling (4 threads)  12%|███▌                          |  ETA: 1:39:11
Sampling (4 threads)  12%|███▋                          |  ETA: 1:34:31
Sampling (4 threads)  12%|███▊                          |  ETA: 1:46:18
Sampling (4 threads)  13%|███▉                          |  ETA: 1:41:38
Sampling (4 threads)  14%|████                          |  ETA: 1:37:18
Sampling (4 threads)  14%|████▎                         |  ETA: 1:42:48
Sampling (4 threads)  14%|████▍                         |  ETA: 1:38:41
Sampling (4 threads)  15%|████▌                         |  ETA: 1:44:15
Sampling (4 threads)  16%|████▋                         |  ETA: 1:40:18
Sampling (4 threads)  16%|████▊                         |  ETA: 1:36:35
Sampling (4 threads)  16%|█████                         |  ETA: 1:45:47
Sampling (4 threads)  17%|█████▏                        |  ETA: 1:42:03
Sampling (4 threads)  18%|█████▎                        |  ETA: 1:38:32
Sampling (4 threads)  18%|█████▍                        |  ETA: 1:43:19
Sampling (4 threads)  18%|█████▌                        |  ETA: 1:39:55
Sampling (4 threads)  19%|█████▊                        |  ETA: 1:36:41
Sampling (4 threads)  20%|█████▉                        |  ETA: 1:39:19
Sampling (4 threads)  20%|██████                        |  ETA: 1:36:14
Sampling (4 threads)  20%|██████▏                       |  ETA: 1:37:54
Sampling (4 threads)  21%|██████▎                       |  ETA: 1:34:58
Sampling (4 threads)  22%|██████▌                       |  ETA: 1:32:10
Sampling (4 threads)  22%|██████▋                       |  ETA: 1:34:02
Sampling (4 threads)  22%|██████▊                       |  ETA: 1:31:21
Sampling (4 threads)  23%|██████▉                       |  ETA: 1:31:42
Sampling (4 threads)  24%|███████                       |  ETA: 1:29:10
Sampling (4 threads)  24%|███████▎                      |  ETA: 1:26:44
Sampling (4 threads)  24%|███████▍                      |  ETA: 1:29:56
Sampling (4 threads)  25%|███████▌                      |  ETA: 1:27:33
Sampling (4 threads)  26%|███████▋                      |  ETA: 1:28:37
Sampling (4 threads)  26%|███████▊                      |  ETA: 1:26:19
Sampling (4 threads)  26%|████████                      |  ETA: 1:24:07
Sampling (4 threads)  27%|████████▏                     |  ETA: 1:27:57
Sampling (4 threads)  28%|████████▎                     |  ETA: 1:25:45
Sampling (4 threads)  28%|████████▍                     |  ETA: 1:23:39
Sampling (4 threads)  28%|████████▌                     |  ETA: 1:26:14
Sampling (4 threads)  29%|████████▊                     |  ETA: 1:24:09
Sampling (4 threads)  30%|████████▉                     |  ETA: 1:22:08
Sampling (4 threads)  30%|█████████                     |  ETA: 1:24:02
Sampling (4 threads)  30%|█████████▏                    |  ETA: 1:22:04
Sampling (4 threads)  31%|█████████▎                    |  ETA: 1:20:09
Sampling (4 threads)  32%|█████████▌                    |  ETA: 1:22:24
Sampling (4 threads)  32%|█████████▋                    |  ETA: 1:20:32
Sampling (4 threads)  32%|█████████▊                    |  ETA: 1:22:10
Sampling (4 threads)  33%|█████████▉                    |  ETA: 1:20:20
Sampling (4 threads)  34%|██████████                    |  ETA: 1:18:32
Sampling (4 threads)  34%|██████████▎                   |  ETA: 1:16:48
Sampling (4 threads)  34%|██████████▍                   |  ETA: 1:17:53
Sampling (4 threads)  35%|██████████▌                   |  ETA: 1:16:11
Sampling (4 threads)  36%|██████████▋                   |  ETA: 1:17:05
Sampling (4 threads)  36%|██████████▊                   |  ETA: 1:15:26
Sampling (4 threads)  36%|███████████                   |  ETA: 1:13:49
Sampling (4 threads)  37%|███████████▏                  |  ETA: 1:13:55
Sampling (4 threads)  38%|███████████▎                  |  ETA: 1:12:21
Sampling (4 threads)  38%|███████████▍                  |  ETA: 1:12:36
Sampling (4 threads)  38%|███████████▌                  |  ETA: 1:11:05
Sampling (4 threads)  39%|███████████▊                  |  ETA: 1:12:17
Sampling (4 threads)  40%|███████████▉                  |  ETA: 1:10:47
Sampling (4 threads)  40%|████████████                  |  ETA: 1:09:19
Sampling (4 threads)  40%|████████████▏                 |  ETA: 1:10:18
Sampling (4 threads)  41%|████████████▎                 |  ETA: 1:08:52
Sampling (4 threads)  42%|████████████▌                 |  ETA: 1:07:27
Sampling (4 threads)  42%|████████████▋                 |  ETA: 1:07:31
Sampling (4 threads)  42%|████████████▊                 |  ETA: 1:06:08
Sampling (4 threads)  43%|████████████▉                 |  ETA: 1:07:13
Sampling (4 threads)  44%|█████████████                 |  ETA: 1:05:52
Sampling (4 threads)  44%|█████████████▎                |  ETA: 1:04:32
Sampling (4 threads)  44%|█████████████▍                |  ETA: 1:03:15
Sampling (4 threads)  45%|█████████████▌                |  ETA: 1:03:44
Sampling (4 threads)  46%|█████████████▋                |  ETA: 1:02:28
Sampling (4 threads)  46%|█████████████▊                |  ETA: 1:02:42
Sampling (4 threads)  46%|██████████████                |  ETA: 1:01:27
Sampling (4 threads)  47%|██████████████▏               |  ETA: 1:00:14
Sampling (4 threads)  48%|██████████████▎               |  ETA: 1:00:06
Sampling (4 threads)  48%|██████████████▍               |  ETA: 0:58:55
Sampling (4 threads)  48%|██████████████▌               |  ETA: 1:00:06
Sampling (4 threads)  49%|██████████████▊               |  ETA: 0:58:54
Sampling (4 threads)  50%|██████████████▉               |  ETA: 0:57:44
Sampling (4 threads)  50%|███████████████               |  ETA: 0:56:36
Sampling (4 threads)  50%|███████████████▏              |  ETA: 0:56:44
Sampling (4 threads)  51%|███████████████▎              |  ETA: 0:55:36
Sampling (4 threads)  52%|███████████████▌              |  ETA: 0:56:17
Sampling (4 threads)  52%|███████████████▋              |  ETA: 0:55:10
Sampling (4 threads)  52%|███████████████▊              |  ETA: 0:54:35
Sampling (4 threads)  53%|███████████████▉              |  ETA: 0:53:30
Sampling (4 threads)  54%|████████████████              |  ETA: 0:53:19
Sampling (4 threads)  54%|████████████████▎             |  ETA: 0:52:15
Sampling (4 threads)  55%|████████████████▍             |  ETA: 0:52:38
Sampling (4 threads)  55%|████████████████▌             |  ETA: 0:51:35
Sampling (4 threads)  56%|████████████████▋             |  ETA: 0:50:33
Sampling (4 threads)  56%|████████████████▊             |  ETA: 0:50:29
Sampling (4 threads)  56%|█████████████████             |  ETA: 0:49:28
Sampling (4 threads)  57%|█████████████████▏            |  ETA: 0:48:56
Sampling (4 threads)  57%|█████████████████▎            |  ETA: 0:47:57
Sampling (4 threads)  58%|█████████████████▍            |  ETA: 0:47:51
Sampling (4 threads)  58%|█████████████████▌            |  ETA: 0:46:53
Sampling (4 threads)  59%|█████████████████▊            |  ETA: 0:45:55
Sampling (4 threads)  60%|█████████████████▉            |  ETA: 0:45:51
Sampling (4 threads)  60%|██████████████████            |  ETA: 0:44:54
Sampling (4 threads)  60%|██████████████████▏           |  ETA: 0:43:58
Sampling (4 threads)  61%|██████████████████▎           |  ETA: 0:43:48
Sampling (4 threads)  62%|██████████████████▌           |  ETA: 0:42:53
Sampling (4 threads)  62%|██████████████████▋           |  ETA: 0:42:31
Sampling (4 threads)  62%|██████████████████▊           |  ETA: 0:41:37
Sampling (4 threads)  63%|██████████████████▉           |  ETA: 0:41:06
Sampling (4 threads)  64%|███████████████████           |  ETA: 0:40:13
Sampling (4 threads)  64%|███████████████████▎          |  ETA: 0:40:29
Sampling (4 threads)  64%|███████████████████▍          |  ETA: 0:39:37
Sampling (4 threads)  65%|███████████████████▌          |  ETA: 0:38:45
Sampling (4 threads)  66%|███████████████████▋          |  ETA: 0:37:55
Sampling (4 threads)  66%|███████████████████▊          |  ETA: 0:38:11
Sampling (4 threads)  66%|████████████████████          |  ETA: 0:37:20
Sampling (4 threads)  67%|████████████████████▏         |  ETA: 0:36:30
Sampling (4 threads)  68%|████████████████████▎         |  ETA: 0:36:27
Sampling (4 threads)  68%|████████████████████▍         |  ETA: 0:35:38
Sampling (4 threads)  68%|████████████████████▌         |  ETA: 0:34:49
Sampling (4 threads)  69%|████████████████████▊         |  ETA: 0:34:32
Sampling (4 threads)  70%|████████████████████▉         |  ETA: 0:33:44
Sampling (4 threads)  70%|█████████████████████         |  ETA: 0:33:39
Sampling (4 threads)  70%|█████████████████████▏        |  ETA: 0:32:51
Sampling (4 threads)  71%|█████████████████████▎        |  ETA: 0:32:04
Sampling (4 threads)  72%|█████████████████████▌        |  ETA: 0:31:54
Sampling (4 threads)  72%|█████████████████████▋        |  ETA: 0:31:07
Sampling (4 threads)  72%|█████████████████████▊        |  ETA: 0:30:59
Sampling (4 threads)  73%|█████████████████████▉        |  ETA: 0:30:13
Sampling (4 threads)  74%|██████████████████████        |  ETA: 0:29:27
Sampling (4 threads)  74%|██████████████████████▎       |  ETA: 0:28:42
Sampling (4 threads)  74%|██████████████████████▍       |  ETA: 0:28:25
Sampling (4 threads)  75%|██████████████████████▌       |  ETA: 0:27:41
Sampling (4 threads)  76%|██████████████████████▋       |  ETA: 0:27:28
Sampling (4 threads)  76%|██████████████████████▊       |  ETA: 0:26:44
Sampling (4 threads)  76%|███████████████████████       |  ETA: 0:26:00
Sampling (4 threads)  77%|███████████████████████▏      |  ETA: 0:25:41
Sampling (4 threads)  78%|███████████████████████▎      |  ETA: 0:24:58
Sampling (4 threads)  78%|███████████████████████▍      |  ETA: 0:24:15
Sampling (4 threads)  78%|███████████████████████▌      |  ETA: 0:23:47
Sampling (4 threads)  79%|███████████████████████▊      |  ETA: 0:23:05
Sampling (4 threads)  80%|███████████████████████▉      |  ETA: 0:22:41
Sampling (4 threads)  80%|████████████████████████      |  ETA: 0:22:00
Sampling (4 threads)  80%|████████████████████████▏     |  ETA: 0:21:51
Sampling (4 threads)  81%|████████████████████████▎     |  ETA: 0:21:10
Sampling (4 threads)  82%|████████████████████████▌     |  ETA: 0:20:29
Sampling (4 threads)  82%|████████████████████████▋     |  ETA: 0:19:48
Sampling (4 threads)  82%|████████████████████████▊     |  ETA: 0:19:21
Sampling (4 threads)  83%|████████████████████████▉     |  ETA: 0:18:41
Sampling (4 threads)  84%|█████████████████████████     |  ETA: 0:18:13
Sampling (4 threads)  84%|█████████████████████████▎    |  ETA: 0:17:34
Sampling (4 threads)  84%|█████████████████████████▍    |  ETA: 0:17:10
Sampling (4 threads)  85%|█████████████████████████▌    |  ETA: 0:16:31
Sampling (4 threads)  86%|█████████████████████████▋    |  ETA: 0:15:52
Sampling (4 threads)  86%|█████████████████████████▊    |  ETA: 0:15:25
Sampling (4 threads)  86%|██████████████████████████    |  ETA: 0:14:47
Sampling (4 threads)  87%|██████████████████████████▏   |  ETA: 0:14:11
Sampling (4 threads)  88%|██████████████████████████▎   |  ETA: 0:13:37
Sampling (4 threads)  88%|██████████████████████████▍   |  ETA: 0:13:03
Sampling (4 threads)  88%|██████████████████████████▌   |  ETA: 0:12:28
Sampling (4 threads)  89%|██████████████████████████▊   |  ETA: 0:11:55
Sampling (4 threads)  90%|██████████████████████████▉   |  ETA: 0:11:22
Sampling (4 threads)  90%|███████████████████████████   |  ETA: 0:10:49
Sampling (4 threads)  90%|███████████████████████████▏  |  ETA: 0:10:16
Sampling (4 threads)  91%|███████████████████████████▎  |  ETA: 0:09:43
Sampling (4 threads)  92%|███████████████████████████▌  |  ETA: 0:09:10
Sampling (4 threads)  92%|███████████████████████████▋  |  ETA: 0:08:38
Sampling (4 threads)  92%|███████████████████████████▊  |  ETA: 0:08:06
Sampling (4 threads)  93%|███████████████████████████▉  |  ETA: 0:07:34
Sampling (4 threads)  94%|████████████████████████████  |  ETA: 0:07:03
Sampling (4 threads)  94%|████████████████████████████▎ |  ETA: 0:06:30
Sampling (4 threads)  94%|████████████████████████████▍ |  ETA: 0:05:59
Sampling (4 threads)  95%|████████████████████████████▌ |  ETA: 0:05:26
Sampling (4 threads)  96%|████████████████████████████▋ |  ETA: 0:04:54
Sampling (4 threads)  96%|████████████████████████████▊ |  ETA: 0:04:22
Sampling (4 threads)  96%|█████████████████████████████ |  ETA: 0:03:50
Sampling (4 threads)  97%|█████████████████████████████▏|  ETA: 0:03:18
Sampling (4 threads)  98%|█████████████████████████████▎|  ETA: 0:02:47
Sampling (4 threads)  98%|█████████████████████████████▍|  ETA: 0:02:16
Sampling (4 threads)  98%|█████████████████████████████▌|  ETA: 0:01:43
Sampling (4 threads)  99%|█████████████████████████████▊|  ETA: 0:01:09
Sampling (4 threads) 100%|█████████████████████████████▉|  ETA: 0:00:35
Sampling (4 threads) 100%|██████████████████████████████| Time: 1:56:17
Sampling (4 threads) 100%|██████████████████████████████| Time: 1:56:18
┌ Warning: Assignment to `is_waiting` in soft scope is ambiguous because a global variable by the same name exists: `is_waiting` will be treated as a new local. Disambiguate by using `local is_waiting` to suppress this warning or `global is_waiting` to assign to the existing global variable.
└ @ ~/bayesian/BC4/Bayes/wordType_experiments/models/exponentials_grouped_cats/model.jl:51
┌ Warning: Runtime invalidation was disabled, but the CPU info is out-of-date.
│ Will continue with incorrect CPU name (from build time).
└ @ HostCPUFeatures ~/.julia/packages/HostCPUFeatures/ZTXz4/src/cpu_info.jl:71
┌ Warning: Runtime invalidation was disabled, but the CPU info is out-of-date.
│ Will continue with incorrect CPU feature flag: +avx512vnni.
└ @ HostCPUFeatures ~/.julia/packages/HostCPUFeatures/ZTXz4/src/cpu_info.jl:56
┌ Warning: Runtime invalidation was disabled, but the CPU info is out-of-date.
│ Will continue with incorrect CPU feature flag: -rtm.
└ @ HostCPUFeatures ~/.julia/packages/HostCPUFeatures/ZTXz4/src/cpu_info.jl:56
Sampling (4 threads)   0%|                              |  ETA: N/A
┌ Info: Found initial step size
└   ϵ = 0.003125
┌ Info: Found initial step size
└   ϵ = 0.00625
┌ Info: Found initial step size
└   ϵ = 0.0015625
┌ Info: Found initial step size
└   ϵ = 0.0001953125
Sampling (4 threads)   0%|▏                             |  ETA: 2:07:24
Sampling (4 threads)   1%|▎                             |  ETA: 1:03:27
Sampling (4 threads)   2%|▌                             |  ETA: 0:42:05
Sampling (4 threads)   2%|▋                             |  ETA: 0:33:42
Sampling (4 threads)   2%|▊                             |  ETA: 0:26:50
Sampling (4 threads)   3%|▉                             |  ETA: 0:22:15
Sampling (4 threads)   4%|█                             |  ETA: 1:02:41
Sampling (4 threads)   4%|█▎                            |  ETA: 0:54:34
Sampling (4 threads)   4%|█▍                            |  ETA: 0:48:15
Sampling (4 threads)   5%|█▌                            |  ETA: 1:25:45
Sampling (4 threads)   6%|█▋                            |  ETA: 1:17:33
Sampling (4 threads)   6%|█▊                            |  ETA: 1:48:32
Sampling (4 threads)   6%|██                            |  ETA: 1:39:39
Sampling (4 threads)   7%|██▏                           |  ETA: 1:32:02
Sampling (4 threads)   8%|██▎                           |  ETA: 1:47:55
Sampling (4 threads)   8%|██▍                           |  ETA: 1:40:38
Sampling (4 threads)   8%|██▌                           |  ETA: 1:34:12
Sampling (4 threads)   9%|██▊                           |  ETA: 1:47:02
Sampling (4 threads)  10%|██▉                           |  ETA: 1:40:51
Sampling (4 threads)  10%|███                           |  ETA: 1:41:38
Sampling (4 threads)  10%|███▏                          |  ETA: 1:36:15
Sampling (4 threads)  11%|███▎                          |  ETA: 1:31:22
Sampling (4 threads)  12%|███▌                          |  ETA: 1:37:32
Sampling (4 threads)  12%|███▋                          |  ETA: 1:32:56
Sampling (4 threads)  12%|███▊                          |  ETA: 1:33:34
Sampling (4 threads)  13%|███▉                          |  ETA: 1:29:27
Sampling (4 threads)  14%|████                          |  ETA: 1:37:20
Sampling (4 threads)  14%|████▎                         |  ETA: 1:33:19
Sampling (4 threads)  14%|████▍                         |  ETA: 1:36:19
Sampling (4 threads)  15%|████▌                         |  ETA: 1:32:33
Sampling (4 threads)  16%|████▋                         |  ETA: 1:36:51
Sampling (4 threads)  16%|████▊                         |  ETA: 1:33:16
Sampling (4 threads)  16%|█████                         |  ETA: 1:29:54
Sampling (4 threads)  17%|█████▏                        |  ETA: 1:26:44
Sampling (4 threads)  18%|█████▎                        |  ETA: 1:31:29
Sampling (4 threads)  18%|█████▍                        |  ETA: 1:28:24
Sampling (4 threads)  18%|█████▌                        |  ETA: 1:31:45
Sampling (4 threads)  19%|█████▊                        |  ETA: 1:28:47
Sampling (4 threads)  20%|█████▉                        |  ETA: 1:25:58
Sampling (4 threads)  20%|██████                        |  ETA: 1:23:18
Sampling (4 threads)  20%|██████▏                       |  ETA: 1:24:27
Sampling (4 threads)  21%|██████▎                       |  ETA: 1:21:55
Sampling (4 threads)  22%|██████▌                       |  ETA: 1:22:26
Sampling (4 threads)  22%|██████▋                       |  ETA: 1:20:03
Sampling (4 threads)  22%|██████▊                       |  ETA: 1:20:35
Sampling (4 threads)  23%|██████▉                       |  ETA: 1:18:19
Sampling (4 threads)  24%|███████                       |  ETA: 1:19:52
Sampling (4 threads)  24%|███████▎                      |  ETA: 1:17:41
Sampling (4 threads)  24%|███████▍                      |  ETA: 1:15:36
Sampling (4 threads)  25%|███████▌                      |  ETA: 1:18:43
Sampling (4 threads)  26%|███████▋                      |  ETA: 1:16:40
Sampling (4 threads)  26%|███████▊                      |  ETA: 1:14:41
Sampling (4 threads)  26%|████████                      |  ETA: 1:16:41
Sampling (4 threads)  27%|████████▏                     |  ETA: 1:14:46
Sampling (4 threads)  28%|████████▎                     |  ETA: 1:12:54
Sampling (4 threads)  28%|████████▍                     |  ETA: 1:11:06
Sampling (4 threads)  28%|████████▌                     |  ETA: 1:12:11
Sampling (4 threads)  29%|████████▊                     |  ETA: 1:10:27
Sampling (4 threads)  30%|████████▉                     |  ETA: 1:10:30
Sampling (4 threads)  30%|█████████                     |  ETA: 1:08:50
Sampling (4 threads)  30%|█████████▏                    |  ETA: 1:09:20
Sampling (4 threads)  31%|█████████▎                    |  ETA: 1:07:43
Sampling (4 threads)  32%|█████████▌                    |  ETA: 1:11:18
Sampling (4 threads)  32%|█████████▋                    |  ETA: 1:09:40
Sampling (4 threads)  32%|█████████▊                    |  ETA: 1:08:06
Sampling (4 threads)  33%|█████████▉                    |  ETA: 1:06:34
Sampling (4 threads)  34%|██████████                    |  ETA: 1:08:39
Sampling (4 threads)  34%|██████████▎                   |  ETA: 1:07:08
Sampling (4 threads)  34%|██████████▍                   |  ETA: 1:05:39
Sampling (4 threads)  35%|██████████▌                   |  ETA: 1:07:22
Sampling (4 threads)  36%|██████████▋                   |  ETA: 1:05:55
Sampling (4 threads)  36%|██████████▊                   |  ETA: 1:04:29
Sampling (4 threads)  36%|███████████                   |  ETA: 1:05:44
Sampling (4 threads)  37%|███████████▏                  |  ETA: 1:04:20
Sampling (4 threads)  38%|███████████▎                  |  ETA: 1:02:58
Sampling (4 threads)  38%|███████████▍                  |  ETA: 1:02:34
Sampling (4 threads)  38%|███████████▌                  |  ETA: 1:01:15
Sampling (4 threads)  39%|███████████▊                  |  ETA: 1:01:14
Sampling (4 threads)  40%|███████████▉                  |  ETA: 0:59:58
Sampling (4 threads)  40%|████████████                  |  ETA: 1:02:21
Sampling (4 threads)  40%|████████████▏                 |  ETA: 1:01:04
Sampling (4 threads)  41%|████████████▎                 |  ETA: 0:59:49
Sampling (4 threads)  42%|████████████▌                 |  ETA: 0:58:36
Sampling (4 threads)  42%|████████████▋                 |  ETA: 1:00:06
Sampling (4 threads)  42%|████████████▊                 |  ETA: 0:58:52
Sampling (4 threads)  43%|████████████▉                 |  ETA: 0:57:41
Sampling (4 threads)  44%|█████████████                 |  ETA: 0:58:49
Sampling (4 threads)  44%|█████████████▎                |  ETA: 0:57:39
Sampling (4 threads)  44%|█████████████▍                |  ETA: 0:57:57
Sampling (4 threads)  45%|█████████████▌                |  ETA: 0:56:48
Sampling (4 threads)  46%|█████████████▋                |  ETA: 0:55:39
Sampling (4 threads)  46%|█████████████▊                |  ETA: 0:55:23
Sampling (4 threads)  46%|██████████████                |  ETA: 0:54:17
Sampling (4 threads)  47%|██████████████▏               |  ETA: 0:54:53
Sampling (4 threads)  48%|██████████████▎               |  ETA: 0:53:48
Sampling (4 threads)  48%|██████████████▍               |  ETA: 0:52:44
Sampling (4 threads)  48%|██████████████▌               |  ETA: 0:53:04
Sampling (4 threads)  49%|██████████████▊               |  ETA: 0:52:01
Sampling (4 threads)  50%|██████████████▉               |  ETA: 0:52:11
Sampling (4 threads)  50%|███████████████               |  ETA: 0:51:09
Sampling (4 threads)  50%|███████████████▏              |  ETA: 0:51:36
Sampling (4 threads)  51%|███████████████▎              |  ETA: 0:50:34
Sampling (4 threads)  52%|███████████████▌              |  ETA: 0:49:34
Sampling (4 threads)  52%|███████████████▋              |  ETA: 0:48:35
Sampling (4 threads)  52%|███████████████▊              |  ETA: 0:49:05
Sampling (4 threads)  53%|███████████████▉              |  ETA: 0:48:06
Sampling (4 threads)  54%|████████████████              |  ETA: 0:48:44
Sampling (4 threads)  54%|████████████████▎             |  ETA: 0:47:46
Sampling (4 threads)  55%|████████████████▍             |  ETA: 0:46:49
Sampling (4 threads)  55%|████████████████▌             |  ETA: 0:45:53
Sampling (4 threads)  56%|████████████████▋             |  ETA: 0:46:27
Sampling (4 threads)  56%|████████████████▊             |  ETA: 0:45:31
Sampling (4 threads)  56%|█████████████████             |  ETA: 0:44:36
Sampling (4 threads)  57%|█████████████████▏            |  ETA: 0:45:09
Sampling (4 threads)  57%|█████████████████▎            |  ETA: 0:44:14
Sampling (4 threads)  58%|█████████████████▍            |  ETA: 0:43:20
Sampling (4 threads)  58%|█████████████████▌            |  ETA: 0:43:07
Sampling (4 threads)  59%|█████████████████▊            |  ETA: 0:42:14
Sampling (4 threads)  60%|█████████████████▉            |  ETA: 0:42:14
Sampling (4 threads)  60%|██████████████████            |  ETA: 0:41:22
Sampling (4 threads)  60%|██████████████████▏           |  ETA: 0:40:30
Sampling (4 threads)  61%|██████████████████▎           |  ETA: 0:40:45
Sampling (4 threads)  62%|██████████████████▌           |  ETA: 0:39:54
Sampling (4 threads)  62%|██████████████████▋           |  ETA: 0:39:04
Sampling (4 threads)  62%|██████████████████▊           |  ETA: 0:39:37
Sampling (4 threads)  63%|██████████████████▉           |  ETA: 0:38:46
Sampling (4 threads)  64%|███████████████████           |  ETA: 0:37:57
Sampling (4 threads)  64%|███████████████████▎          |  ETA: 0:37:56
Sampling (4 threads)  64%|███████████████████▍          |  ETA: 0:37:07
Sampling (4 threads)  65%|███████████████████▌          |  ETA: 0:37:01
Sampling (4 threads)  66%|███████████████████▋          |  ETA: 0:36:13
Sampling (4 threads)  66%|███████████████████▊          |  ETA: 0:35:58
Sampling (4 threads)  66%|████████████████████          |  ETA: 0:35:10
Sampling (4 threads)  67%|████████████████████▏         |  ETA: 0:34:55
Sampling (4 threads)  68%|████████████████████▎         |  ETA: 0:34:08
Sampling (4 threads)  68%|████████████████████▍         |  ETA: 0:33:21
Sampling (4 threads)  68%|████████████████████▌         |  ETA: 0:33:40
Sampling (4 threads)  69%|████████████████████▊         |  ETA: 0:32:53
Sampling (4 threads)  70%|████████████████████▉         |  ETA: 0:32:07
Sampling (4 threads)  70%|█████████████████████         |  ETA: 0:32:12
Sampling (4 threads)  70%|█████████████████████▏        |  ETA: 0:31:26
Sampling (4 threads)  71%|█████████████████████▎        |  ETA: 0:30:41
Sampling (4 threads)  72%|█████████████████████▌        |  ETA: 0:29:56
Sampling (4 threads)  72%|█████████████████████▋        |  ETA: 0:29:54
Sampling (4 threads)  72%|█████████████████████▊        |  ETA: 0:29:10
Sampling (4 threads)  73%|█████████████████████▉        |  ETA: 0:28:26
Sampling (4 threads)  74%|██████████████████████        |  ETA: 0:28:22
Sampling (4 threads)  74%|██████████████████████▎       |  ETA: 0:27:39
Sampling (4 threads)  74%|██████████████████████▍       |  ETA: 0:26:56
Sampling (4 threads)  75%|██████████████████████▌       |  ETA: 0:26:50
Sampling (4 threads)  76%|██████████████████████▋       |  ETA: 0:26:07
Sampling (4 threads)  76%|██████████████████████▊       |  ETA: 0:25:52
Sampling (4 threads)  76%|███████████████████████       |  ETA: 0:25:10
Sampling (4 threads)  77%|███████████████████████▏      |  ETA: 0:24:28
Sampling (4 threads)  78%|███████████████████████▎      |  ETA: 0:24:12
Sampling (4 threads)  78%|███████████████████████▍      |  ETA: 0:23:30
Sampling (4 threads)  78%|███████████████████████▌      |  ETA: 0:23:07
Sampling (4 threads)  79%|███████████████████████▊      |  ETA: 0:22:26
Sampling (4 threads)  80%|███████████████████████▉      |  ETA: 0:22:05
Sampling (4 threads)  80%|████████████████████████      |  ETA: 0:21:24
Sampling (4 threads)  80%|████████████████████████▏     |  ETA: 0:20:44
Sampling (4 threads)  81%|████████████████████████▎     |  ETA: 0:20:23
Sampling (4 threads)  82%|████████████████████████▌     |  ETA: 0:19:44
Sampling (4 threads)  82%|████████████████████████▋     |  ETA: 0:19:05
Sampling (4 threads)  82%|████████████████████████▊     |  ETA: 0:18:46
Sampling (4 threads)  83%|████████████████████████▉     |  ETA: 0:18:07
Sampling (4 threads)  84%|█████████████████████████     |  ETA: 0:17:29
Sampling (4 threads)  84%|█████████████████████████▎    |  ETA: 0:17:24
Sampling (4 threads)  84%|█████████████████████████▍    |  ETA: 0:16:46
Sampling (4 threads)  85%|█████████████████████████▌    |  ETA: 0:16:08
Sampling (4 threads)  86%|█████████████████████████▋    |  ETA: 0:15:38
Sampling (4 threads)  86%|█████████████████████████▊    |  ETA: 0:15:01
Sampling (4 threads)  86%|██████████████████████████    |  ETA: 0:14:40
Sampling (4 threads)  87%|██████████████████████████▏   |  ETA: 0:14:03
Sampling (4 threads)  88%|██████████████████████████▎   |  ETA: 0:13:26
Sampling (4 threads)  88%|██████████████████████████▍   |  ETA: 0:12:56
Sampling (4 threads)  88%|██████████████████████████▌   |  ETA: 0:12:19
Sampling (4 threads)  89%|██████████████████████████▊   |  ETA: 0:11:51
Sampling (4 threads)  90%|██████████████████████████▉   |  ETA: 0:11:15
Sampling (4 threads)  90%|███████████████████████████   |  ETA: 0:10:40
Sampling (4 threads)  90%|███████████████████████████▏  |  ETA: 0:10:05
Sampling (4 threads)  91%|███████████████████████████▎  |  ETA: 0:09:33
Sampling (4 threads)  92%|███████████████████████████▌  |  ETA: 0:09:00
Sampling (4 threads)  92%|███████████████████████████▋  |  ETA: 0:08:27
Sampling (4 threads)  92%|███████████████████████████▊  |  ETA: 0:07:54
Sampling (4 threads)  93%|███████████████████████████▉  |  ETA: 0:07:23
Sampling (4 threads)  94%|████████████████████████████  |  ETA: 0:06:51
Sampling (4 threads)  94%|████████████████████████████▎ |  ETA: 0:06:19
Sampling (4 threads)  94%|████████████████████████████▍ |  ETA: 0:05:49
Sampling (4 threads)  95%|████████████████████████████▌ |  ETA: 0:05:18
Sampling (4 threads)  96%|████████████████████████████▋ |  ETA: 0:04:48
Sampling (4 threads)  96%|████████████████████████████▊ |  ETA: 0:04:16
Sampling (4 threads)  96%|█████████████████████████████ |  ETA: 0:03:44
Sampling (4 threads)  97%|█████████████████████████████▏|  ETA: 0:03:12
Sampling (4 threads)  98%|█████████████████████████████▎|  ETA: 0:02:41
Sampling (4 threads)  98%|█████████████████████████████▍|  ETA: 0:02:09
Sampling (4 threads)  98%|█████████████████████████████▌|  ETA: 0:01:37
Sampling (4 threads)  99%|█████████████████████████████▊|  ETA: 0:01:05
Sampling (4 threads) 100%|█████████████████████████████▉|  ETA: 0:00:32
Sampling (4 threads) 100%|██████████████████████████████| Time: 1:49:07
Sampling (4 threads) 100%|██████████████████████████████| Time: 1:49:08
┌ Warning: Assignment to `is_waiting` in soft scope is ambiguous because a global variable by the same name exists: `is_waiting` will be treated as a new local. Disambiguate by using `local is_waiting` to suppress this warning or `global is_waiting` to assign to the existing global variable.
└ @ ~/bayesian/BC4/Bayes/wordType_experiments/models/exponentials_grouped_cats/model.jl:51
ERROR: LoadError: ArgumentError: column name :ab_w[1, 1] not found in the data frame
Stacktrace:
 [1] lookupname
   @ ~/.julia/packages/DataFrames/b4w9K/src/other/index.jl:431 [inlined]
 [2] getindex
   @ ~/.julia/packages/DataFrames/b4w9K/src/other/index.jl:440 [inlined]
 [3] getindex
   @ ~/.julia/packages/DataFrames/b4w9K/src/other/index.jl:441 [inlined]
 [4] getindex(df::DataFrame, ::Colon, col_ind::String)
   @ DataFrames ~/.julia/packages/DataFrames/b4w9K/src/dataframe/dataframe.jl:543
 [5] plotGraphs(outputDir::String, wordTypes::Vector{String}, cols::Vector{String})
   @ Main ~/bayesian/BC4/Bayes/wordType_experiments/plottingFuncs.jl:190
 [6] top-level scope
   @ ~/bayesian/BC4/Bayes/wordType_experiments/models/exponentials_grouped_cats/model.jl:50
in expression starting at /user/home/em18564/bayesian/BC4/Bayes/wordType_experiments/models/exponentials_grouped_cats/model.jl:45
