Running on host compute164.bc4.acrc.priv
Time is Mon Jul 3 12:34:57 BST 2023
Directory is /user/home/em18564/BC4/Bayes
Slurm job ID is 11634521
This job runs on the following machines:
compute164
    Updating registry at `~/.julia/registries/General.toml`
   Resolving package versions...
  No Changes to `~/.julia/environments/v1.8/Project.toml`
  No Changes to `~/.julia/environments/v1.8/Manifest.toml`
   Resolving package versions...
  No Changes to `~/.julia/environments/v1.8/Project.toml`
  No Changes to `~/.julia/environments/v1.8/Manifest.toml`
   Resolving package versions...
  No Changes to `~/.julia/environments/v1.8/Project.toml`
  No Changes to `~/.julia/environments/v1.8/Manifest.toml`
   Resolving package versions...
  No Changes to `~/.julia/environments/v1.8/Project.toml`
  No Changes to `~/.julia/environments/v1.8/Manifest.toml`
   Resolving package versions...
  No Changes to `~/.julia/environments/v1.8/Project.toml`
  No Changes to `~/.julia/environments/v1.8/Manifest.toml`
   Resolving package versions...
  No Changes to `~/.julia/environments/v1.8/Project.toml`
  No Changes to `~/.julia/environments/v1.8/Manifest.toml`
   Resolving package versions...
  No Changes to `~/.julia/environments/v1.8/Project.toml`
  No Changes to `~/.julia/environments/v1.8/Manifest.toml`
   Resolving package versions...
  No Changes to `~/.julia/environments/v1.8/Project.toml`
  No Changes to `~/.julia/environments/v1.8/Manifest.toml`
   Resolving package versions...
  No Changes to `~/.julia/environments/v1.8/Project.toml`
  No Changes to `~/.julia/environments/v1.8/Manifest.toml`
   Resolving package versions...
  No Changes to `~/.julia/environments/v1.8/Project.toml`
  No Changes to `~/.julia/environments/v1.8/Manifest.toml`
   Resolving package versions...
  No Changes to `~/.julia/environments/v1.8/Project.toml`
  No Changes to `~/.julia/environments/v1.8/Manifest.toml`
   Resolving package versions...
  No Changes to `~/.julia/environments/v1.8/Project.toml`
  No Changes to `~/.julia/environments/v1.8/Manifest.toml`
   Resolving package versions...
  No Changes to `~/.julia/environments/v1.8/Project.toml`
  No Changes to `~/.julia/environments/v1.8/Manifest.toml`
Sampling (4 threads)   0%|                              |  ETA: N/A
┌ Info: Found initial step size
└   ϵ = 0.00034179687500000003
┌ Info: Found initial step size
└   ϵ = 0.00034179687500000003
┌ Info: Found initial step size
└   ϵ = 0.000390625
┌ Info: Found initial step size
└   ϵ = 0.000390625
Sampling (4 threads)  25%|███████▌                      |  ETA: 1 days, 12:55:53
Sampling (4 threads)  50%|███████████████               |  ETA: 12:18:38
Sampling (4 threads)  75%|██████████████████████▌       |  ETA: 5:22:38
Sampling (4 threads) 100%|██████████████████████████████| Time: 16:48:04
Sampling (4 threads) 100%|██████████████████████████████| Time: 16:48:05
Chains MCMC chain (250×77×4 Array{Float64, 3}):

Iterations        = 126:1:375
Number of chains  = 4
Samples per chain = 250
Wall duration     = 60463.05 seconds
Compute duration  = 193803.59 seconds
parameters        = a_w, b_w, σ_w[1], σ_w[2], ρ_w[1,1], ρ_w[2,1], ρ_w[1,2], ρ_w[2,2], ab_w[1,1], ab_w[2,1], ab_w[1,2], ab_w[2,2], a_p, b_p, σ_p[1], σ_p[2], ρ_p[1,1], ρ_p[2,1], ρ_p[1,2], ρ_p[2,2], ab_p[1,1], ab_p[2,1], ab_p[1,2], ab_p[2,2], ab_p[1,3], ab_p[2,3], ab_p[1,4], ab_p[2,4], ab_p[1,5], ab_p[2,5], ab_p[1,6], ab_p[2,6], ab_p[1,7], ab_p[2,7], ab_p[1,8], ab_p[2,8], ab_p[1,9], ab_p[2,9], ab_p[1,10], ab_p[2,10], ab_p[1,11], ab_p[2,11], ab_p[1,12], ab_p[2,12], a_e, b_e, σ_e[1], σ_e[2], ρ_e[1,1], ρ_e[2,1], ρ_e[1,2], ρ_e[2,2], ab_e[1,1], ab_e[2,1], ab_e[1,2], ab_e[2,2], ab_e[1,3], ab_e[2,3], ab_e[1,4], ab_e[2,4], ab_e[1,5], ab_e[2,5], ab_e[1,6], ab_e[2,6], σ
internals         = lp, n_steps, is_accept, acceptance_rate, log_density, hamiltonian_energy, hamiltonian_energy_error, max_hamiltonian_energy_error, tree_depth, numerical_error, step_size, nom_step_size

Summary Statistics
  parameters      mean       std   naive_se      mcse        ess      rhat   ess_per_sec
      Symbol   Float64   Float64    Float64   Float64    Float64   Float64       Float64

         a_w    0.1320    0.6575     0.0208    0.0652    23.0024    1.1539        0.0001
         b_w   -0.0564    0.4190     0.0132    0.0468    58.1078    1.0135        0.0003
      σ_w[1]    0.4878    0.5337     0.0169    0.0625    11.7212    1.2723        0.0001
      σ_w[2]    0.7133    0.6691     0.0212    0.1027     6.1498    1.8038        0.0000
    ρ_w[1,1]    1.0000    0.0000     0.0000    0.0000        NaN       NaN           NaN
    ρ_w[2,1]   -0.1287    0.4631     0.0146    0.0560    11.6003    1.2767        0.0001
    ρ_w[1,2]   -0.1287    0.4631     0.0146    0.0560    11.6003    1.2767        0.0001
    ρ_w[2,2]    1.0000    0.0000     0.0000    0.0000   973.3041    0.9960        0.0050
   ab_w[1,1]    0.3529    0.7742     0.0245    0.1025    11.8147    1.2699        0.0001
   ab_w[2,1]   -0.3694    0.6404     0.0203    0.0987     7.0378    1.5921        0.0000
   ab_w[1,2]    0.1713    0.7828     0.0248    0.1036    13.7495    1.2156        0.0001
   ab_w[2,2]   -0.2611    0.7377     0.0233    0.1180     6.0631    1.8236        0.0000
         a_p   -0.5771    0.7525     0.0238    0.1096     9.5057    1.3683        0.0000
         b_p   -0.1152    0.3777     0.0119    0.0399    15.8451    1.2242        0.0001
      σ_p[1]    0.4072    0.1567     0.0050    0.0243     5.7727    1.9123        0.0000
      σ_p[2]    0.2357    0.1588     0.0050    0.0273     4.6195    3.2081        0.0000
    ρ_p[1,1]    1.0000    0.0000     0.0000    0.0000        NaN       NaN           NaN
    ρ_p[2,1]    0.5637    0.3943     0.0125    0.0655     4.9738    2.5746        0.0000
    ρ_p[1,2]    0.5637    0.3943     0.0125    0.0655     4.9738    2.5746        0.0000
    ρ_p[2,2]    1.0000    0.0000     0.0000    0.0000   936.1874    0.9960        0.0048
   ab_p[1,1]   -0.4790    0.6521     0.0206    0.0873    16.3989    1.1888        0.0001
   ab_p[2,1]   -0.0659    0.3839     0.0121    0.0421    14.3419    1.2463        0.0001
   ab_p[1,2]   -0.6134    0.7417     0.0235    0.1075     9.8874    1.3450        0.0001
   ab_p[2,2]    0.1042    0.3993     0.0126    0.0435    19.3639    1.1608        0.0001
   ab_p[1,3]   -0.4173    1.0930     0.0346    0.1778     5.9827    1.8399        0.0000
   ab_p[2,3]    0.0358    0.3799     0.0120    0.0386    18.7722    1.1863        0.0001
   ab_p[1,4]   -0.5779    0.6450     0.0204    0.0856    17.9161    1.1699        0.0001
   ab_p[2,4]   -0.1218    0.3623     0.0115    0.0351    37.1436    1.0922        0.0002
   ab_p[1,5]   -0.7911    0.6555     0.0207    0.0882    15.8468    1.1958        0.0001
   ab_p[2,5]   -0.1628    0.3776     0.0119    0.0365    26.5878    1.1303        0.0001
   ab_p[1,6]    0.4729    0.6295     0.0199    0.0806    26.6293    1.1166        0.0001
   ab_p[2,6]   -0.0445    0.9222     0.0292    0.1521     5.1405    2.3235        0.0000
   ab_p[1,7]   -0.6463    0.7183     0.0227    0.1025    10.6778    1.3117        0.0001
   ab_p[2,7]    0.0110    0.4282     0.0135    0.0508    14.4873    1.2097        0.0001
   ab_p[1,8]   -0.5153    0.8747     0.0277    0.1353     7.2481    1.5675        0.0000
   ab_p[2,8]    0.0651    0.3667     0.0116    0.0362    30.5910    1.1098        0.0002
   ab_p[1,9]   -0.6000    0.6073     0.0192    0.0754    37.5331    1.0880        0.0002
   ab_p[2,9]   -0.2068    0.4709     0.0149    0.0631     8.1188    1.5035        0.0000
  ab_p[1,10]   -0.7805    0.7020     0.0222    0.0990    11.5225    1.2831        0.0001
  ab_p[2,10]   -0.3130    0.4655     0.0147    0.0610     8.7143    1.4457        0.0000
  ab_p[1,11]   -0.8992    0.6513     0.0206    0.0865    17.4850    1.1746        0.0001
  ab_p[2,11]   -0.4722    0.4531     0.0143    0.0597     8.5545    1.4662        0.0000
  ab_p[1,12]   -0.5778    0.6099     0.0193    0.0758    39.2272    1.0841        0.0002
  ab_p[2,12]   -0.2575    0.4551     0.0144    0.0597     8.8163    1.4346        0.0000
         a_e   -0.1212    0.8185     0.0259    0.1162     8.7132    1.4209        0.0000
         b_e    0.3714    0.8067     0.0255    0.1337     4.8838    2.6655        0.0000
      σ_e[1]    0.6844    0.5246     0.0166    0.0853     5.3330    2.1581        0.0000
      σ_e[2]    0.3684    0.3562     0.0113    0.0593     5.0893    2.3880        0.0000
    ρ_e[1,1]    1.0000    0.0000     0.0000    0.0000        NaN       NaN           NaN
    ρ_e[2,1]    0.2218    0.3360     0.0106    0.0313   139.6642    1.0057        0.0007
    ρ_e[1,2]    0.2218    0.3360     0.0106    0.0313   139.6642    1.0057        0.0007
    ρ_e[2,2]    1.0000    0.0000     0.0000    0.0000   894.4828    0.9960        0.0046
   ab_e[1,1]    0.0029    0.8066     0.0255    0.1153     9.2957    1.3725        0.0000
   ab_e[2,1]    0.5862    1.0354     0.0327    0.1758     4.7413    2.9098        0.0000
   ab_e[1,2]   -0.2629    1.0161     0.0321    0.1561     7.8699    1.4789        0.0000
   ab_e[2,2]    0.2868    0.9346     0.0296    0.1577     4.7122    2.9985        0.0000
   ab_e[1,3]   -0.1664    1.3038     0.0412    0.2142     5.9735    1.8415        0.0000
   ab_e[2,3]    0.2633    1.0339     0.0327    0.1758     4.6941    3.0261        0.0000
   ab_e[1,4]   -0.2185    0.6870     0.0217    0.0875    16.1443    1.1860        0.0001
   ab_e[2,4]    0.2984    0.7797     0.0247    0.1267     5.4909    2.0601        0.0000
   ab_e[1,5]   -0.0264    0.7058     0.0223    0.0920    13.7955    1.2228        0.0001
   ab_e[2,5]    0.5945    0.9803     0.0310    0.1662     4.6716    3.0989        0.0000
   ab_e[1,6]    0.2377    1.2506     0.0395    0.2044     6.0147    1.8283        0.0000
   ab_e[2,6]    0.6855    1.2656     0.0400    0.2184     4.5777    3.3818        0.0000
           σ   16.1193   61.9237     1.9582   10.4202    19.4270    1.1377        0.0001

Quantiles
  parameters      2.5%     25.0%     50.0%     75.0%      97.5%
      Symbol   Float64   Float64   Float64   Float64    Float64

         a_w   -1.4268   -0.1942    0.1964    0.5567     1.2335
         b_w   -1.0617   -0.3081    0.0221    0.2283     0.6701
      σ_w[1]    0.0524    0.1344    0.2984    0.5853     2.0567
      σ_w[2]    0.0839    0.1884    0.4030    1.1812     2.4207
    ρ_w[1,1]    1.0000    1.0000    1.0000    1.0000     1.0000
    ρ_w[2,1]   -0.8194   -0.5207   -0.1684    0.1786     0.6426
    ρ_w[1,2]   -0.8194   -0.5207   -0.1684    0.1786     0.6426
    ρ_w[2,2]    1.0000    1.0000    1.0000    1.0000     1.0000
   ab_w[1,1]   -1.4631    0.0096    0.3681    0.7814     1.7621
   ab_w[2,1]   -1.7287   -0.8059   -0.2969    0.1666     0.6102
   ab_w[1,2]   -1.5624   -0.2767    0.1992    0.6171     1.6327
   ab_w[2,2]   -1.8885   -0.8572   -0.1133    0.3361     0.7932
         a_p   -1.8492   -0.9762   -0.5734   -0.1868     1.0824
         b_p   -0.6445   -0.3731   -0.1793    0.0446     0.8061
      σ_p[1]    0.1137    0.3196    0.3693    0.4356     0.7789
      σ_p[2]    0.1195    0.1515    0.1773    0.2223     0.6661
    ρ_p[1,1]    1.0000    1.0000    1.0000    1.0000     1.0000
    ρ_p[2,1]   -0.4475    0.5248    0.6906    0.8081     0.9208
    ρ_p[1,2]   -0.4475    0.5248    0.6906    0.8081     0.9208
    ρ_p[2,2]    1.0000    1.0000    1.0000    1.0000     1.0000
   ab_p[1,1]   -1.3618   -0.9704   -0.5685   -0.1699     1.0782
   ab_p[2,1]   -0.6240   -0.3367   -0.1060    0.0836     0.8404
   ab_p[1,2]   -1.9642   -1.0376   -0.6264   -0.2564     1.0268
   ab_p[2,2]   -0.5190   -0.1790    0.0323    0.3983     0.9261
   ab_p[1,3]   -3.2718   -0.6505   -0.3033    0.1263     1.3990
   ab_p[2,3]   -0.5013   -0.2245   -0.0226    0.1942     0.9748
   ab_p[1,4]   -1.4712   -1.0634   -0.6630   -0.2851     1.0074
   ab_p[2,4]   -0.7338   -0.3524   -0.1812    0.1338     0.7189
   ab_p[1,5]   -1.6545   -1.2832   -0.8704   -0.4946     0.7824
   ab_p[2,5]   -0.9095   -0.3882   -0.1970   -0.0245     0.7159
   ab_p[1,6]   -0.3734    0.1182    0.3250    0.7551     2.0418
   ab_p[2,6]   -2.6150   -0.0667    0.1527    0.3616     1.1293
   ab_p[1,7]   -1.9127   -1.0603   -0.6674   -0.2964     0.9937
   ab_p[2,7]   -0.6977   -0.2870   -0.0773    0.3145     0.8313
   ab_p[1,8]   -2.5141   -0.8364   -0.4585   -0.0695     1.2197
   ab_p[2,8]   -0.5677   -0.1818    0.0112    0.3165     0.8759
   ab_p[1,9]   -1.5594   -0.9437   -0.7254   -0.3639     0.9269
   ab_p[2,9]   -1.1003   -0.4409   -0.1990    0.0078     0.7715
  ab_p[1,10]   -1.9397   -1.2086   -0.8144   -0.4451     0.8226
  ab_p[2,10]   -1.1456   -0.5679   -0.2999   -0.0919     0.6440
  ab_p[1,11]   -1.8221   -1.3835   -1.0078   -0.5422     0.6995
  ab_p[2,11]   -1.3079   -0.7114   -0.4657   -0.2488     0.5040
  ab_p[1,12]   -1.5521   -0.9536   -0.6861   -0.2808     0.8959
  ab_p[2,12]   -1.0772   -0.5077   -0.2619    0.0019     0.6877
         a_e   -1.3968   -0.6591   -0.1507    0.4148     1.6577
         b_e   -0.6926   -0.2291    0.1579    1.1366     1.8291
      σ_e[1]    0.2116    0.3823    0.4854    0.7006     2.0651
      σ_e[2]    0.1055    0.1619    0.2156    0.3649     1.2930
    ρ_e[1,1]    1.0000    1.0000    1.0000    1.0000     1.0000
    ρ_e[2,1]   -0.4934    0.0098    0.2786    0.4579     0.7604
    ρ_e[1,2]   -0.4934    0.0098    0.2786    0.4579     0.7604
    ρ_e[2,2]    1.0000    1.0000    1.0000    1.0000     1.0000
   ab_e[1,1]   -1.4417   -0.5861   -0.0343    0.5299     1.7584
   ab_e[2,1]   -1.0175   -0.1024    0.3131    1.3517     2.7914
   ab_e[1,2]   -1.7132   -0.9605   -0.4287    0.0235     2.2056
   ab_e[2,2]   -0.8504   -0.4159    0.0020    1.0657     2.1822
   ab_e[1,3]   -3.8617   -0.5543    0.0311    0.5993     1.8283
   ab_e[2,3]   -1.2547   -0.4470   -0.0266    1.0110     2.5305
   ab_e[1,4]   -1.3339   -0.6713   -0.3669    0.1972     1.4449
   ab_e[2,4]   -1.1696   -0.2411    0.1812    0.9161     2.0480
   ab_e[1,5]   -1.1467   -0.5411   -0.1334    0.4129     1.6446
   ab_e[2,5]   -0.5633   -0.1202    0.2927    1.3207     2.7377
   ab_e[1,6]   -3.2612   -0.0998    0.4155    0.9644     2.2202
   ab_e[2,6]   -0.5972   -0.1639    0.2414    1.3045     4.0546
           σ    4.5319    4.5478    4.5548    4.5645   334.5670

