cpu-bind=MASK - bp1-compute129, task  0  0 [2624732]: mask 0xc0000000c000000 set
Running on host bp1-compute129
Time is Tue May 19 14:05:22 BST 2026
Directory is /user/home/em18564/bayesian/BC4/Bayes/wordType_experiments/models/8_tightCauchy_e_0.25
Slurm job ID is 17401691
This job runs on the following machines:
bp1-compute129
Running on host bp1-compute134
Time is Tue May 19 14:05:23 BST 2026
Directory is /user/home/em18564/bayesian/BC4/Bayes/wordType_experiments/models/8_tightCauchy_e_0.25
Slurm job ID is 17401692
This job runs on the following machines:
bp1-compute134
Sampling (4 threads)   0%|                              |  ETA: N/A
┌ Info: Found initial step size
└   ϵ = 0.00078125
┌ Info: Found initial step size
└   ϵ = 0.00625
┌ Info: Found initial step size
└   ϵ = 0.0125
┌ Info: Found initial step size
└   ϵ = 0.003125
Sampling (4 threads)   0%|▏                             |  ETA: 2:46:35
Sampling (4 threads)   1%|▎                             |  ETA: 1:22:58
Sampling (4 threads)   2%|▌                             |  ETA: 1:43:57
Sampling (4 threads)   2%|▋                             |  ETA: 1:17:34
Sampling (4 threads)   2%|▊                             |  ETA: 1:01:44
Sampling (4 threads)   3%|▉                             |  ETA: 1:17:13
Sampling (4 threads)   4%|█                             |  ETA: 1:05:50
Sampling (4 threads)   4%|█▎                            |  ETA: 0:57:19
Sampling (4 threads)   4%|█▍                            |  ETA: 0:50:41
Sampling (4 threads)   5%|█▌                            |  ETA: 1:41:18
Sampling (4 threads)   6%|█▋                            |  ETA: 1:31:37
Sampling (4 threads)   6%|█▊                            |  ETA: 1:23:32
Sampling (4 threads)   6%|██                            |  ETA: 2:10:51
Sampling (4 threads)   7%|██▏                           |  ETA: 2:00:52
Sampling (4 threads)   8%|██▎                           |  ETA: 1:52:12
Sampling (4 threads)   8%|██▍                           |  ETA: 2:19:32
Sampling (4 threads)   8%|██▌                           |  ETA: 2:10:37
Sampling (4 threads)   9%|██▊                           |  ETA: 2:02:41
Sampling (4 threads)  10%|██▉                           |  ETA: 2:21:15
Sampling (4 threads)  10%|███                           |  ETA: 2:13:27
Sampling (4 threads)  10%|███▏                          |  ETA: 2:06:23
Sampling (4 threads)  11%|███▎                          |  ETA: 2:21:26
Sampling (4 threads)  12%|███▌                          |  ETA: 2:14:32
Sampling (4 threads)  12%|███▋                          |  ETA: 2:08:11
Sampling (4 threads)  12%|███▊                          |  ETA: 2:32:32
Sampling (4 threads)  13%|███▉                          |  ETA: 2:25:50
Sampling (4 threads)  14%|████                          |  ETA: 2:19:38
Sampling (4 threads)  14%|████▎                         |  ETA: 2:21:57
Sampling (4 threads)  14%|████▍                         |  ETA: 2:16:15
Sampling (4 threads)  15%|████▌                         |  ETA: 2:26:18
Sampling (4 threads)  16%|████▋                         |  ETA: 2:20:45
Sampling (4 threads)  16%|████▊                         |  ETA: 2:15:32
Sampling (4 threads)  16%|█████                         |  ETA: 2:23:27
Sampling (4 threads)  17%|█████▏                        |  ETA: 2:18:24
Sampling (4 threads)  18%|█████▎                        |  ETA: 2:24:51
Sampling (4 threads)  18%|█████▍                        |  ETA: 2:19:58
Sampling (4 threads)  18%|█████▌                        |  ETA: 2:15:21
Sampling (4 threads)  19%|█████▊                        |  ETA: 2:10:59
Sampling (4 threads)  20%|█████▉                        |  ETA: 2:18:25
Sampling (4 threads)  20%|██████                        |  ETA: 2:14:07
Sampling (4 threads)  20%|██████▏                       |  ETA: 2:15:03
Sampling (4 threads)  21%|██████▎                       |  ETA: 2:11:01
Sampling (4 threads)  22%|██████▌                       |  ETA: 2:12:53
Sampling (4 threads)  22%|██████▋                       |  ETA: 2:09:02
Sampling (4 threads)  22%|██████▊                       |  ETA: 2:11:17
Sampling (4 threads)  23%|██████▉                       |  ETA: 2:07:36
Sampling (4 threads)  24%|███████                       |  ETA: 2:04:04
Sampling (4 threads)  24%|███████▎                      |  ETA: 2:08:30
Sampling (4 threads)  24%|███████▍                      |  ETA: 2:05:03
Sampling (4 threads)  25%|███████▌                      |  ETA: 2:01:44
Sampling (4 threads)  26%|███████▋                      |  ETA: 2:05:16
Sampling (4 threads)  26%|███████▊                      |  ETA: 2:02:02
Sampling (4 threads)  26%|████████                      |  ETA: 2:04:21
Sampling (4 threads)  27%|████████▏                     |  ETA: 2:01:13
Sampling (4 threads)  28%|████████▎                     |  ETA: 2:05:04
Sampling (4 threads)  28%|████████▍                     |  ETA: 2:01:59
Sampling (4 threads)  28%|████████▌                     |  ETA: 1:59:01
Sampling (4 threads)  29%|████████▊                     |  ETA: 2:02:43
Sampling (4 threads)  30%|████████▉                     |  ETA: 1:59:47
Sampling (4 threads)  30%|█████████                     |  ETA: 1:56:57
Sampling (4 threads)  30%|█████████▏                    |  ETA: 2:00:40
Sampling (4 threads)  31%|█████████▎                    |  ETA: 1:57:52
Sampling (4 threads)  32%|█████████▌                    |  ETA: 1:55:10
Sampling (4 threads)  32%|█████████▋                    |  ETA: 1:52:32
Sampling (4 threads)  32%|█████████▊                    |  ETA: 1:53:45
Sampling (4 threads)  33%|█████████▉                    |  ETA: 1:51:11
Sampling (4 threads)  34%|██████████                    |  ETA: 1:53:19
Sampling (4 threads)  34%|██████████▎                   |  ETA: 1:50:49
Sampling (4 threads)  34%|██████████▍                   |  ETA: 1:48:23
Sampling (4 threads)  35%|██████████▌                   |  ETA: 1:50:31
Sampling (4 threads)  36%|██████████▋                   |  ETA: 1:48:07
Sampling (4 threads)  36%|██████████▊                   |  ETA: 1:45:47
Sampling (4 threads)  36%|███████████                   |  ETA: 1:50:24
Sampling (4 threads)  37%|███████████▏                  |  ETA: 1:48:03
Sampling (4 threads)  38%|███████████▎                  |  ETA: 1:45:46
Sampling (4 threads)  38%|███████████▍                  |  ETA: 1:47:42
Sampling (4 threads)  38%|███████████▌                  |  ETA: 1:45:27
Sampling (4 threads)  39%|███████████▊                  |  ETA: 1:43:15
Sampling (4 threads)  40%|███████████▉                  |  ETA: 1:43:20
Sampling (4 threads)  40%|████████████                  |  ETA: 1:41:12
Sampling (4 threads)  40%|████████████▏                 |  ETA: 1:40:58
Sampling (4 threads)  41%|████████████▎                 |  ETA: 1:38:54
Sampling (4 threads)  42%|████████████▌                 |  ETA: 1:39:21
Sampling (4 threads)  42%|████████████▋                 |  ETA: 1:37:20
Sampling (4 threads)  42%|████████████▊                 |  ETA: 1:37:42
Sampling (4 threads)  43%|████████████▉                 |  ETA: 1:35:43
Sampling (4 threads)  44%|█████████████                 |  ETA: 1:36:24
Sampling (4 threads)  44%|█████████████▎                |  ETA: 1:34:28
Sampling (4 threads)  44%|█████████████▍                |  ETA: 1:32:34
Sampling (4 threads)  45%|█████████████▌                |  ETA: 1:32:57
Sampling (4 threads)  46%|█████████████▋                |  ETA: 1:31:06
Sampling (4 threads)  46%|█████████████▊                |  ETA: 1:33:26
Sampling (4 threads)  46%|██████████████                |  ETA: 1:31:34
Sampling (4 threads)  47%|██████████████▏               |  ETA: 1:29:45
Sampling (4 threads)  48%|██████████████▎               |  ETA: 1:27:58
Sampling (4 threads)  48%|██████████████▍               |  ETA: 1:28:31
Sampling (4 threads)  48%|██████████████▌               |  ETA: 1:26:46
Sampling (4 threads)  49%|██████████████▊               |  ETA: 1:26:59
Sampling (4 threads)  50%|██████████████▉               |  ETA: 1:25:15
Sampling (4 threads)  50%|███████████████               |  ETA: 1:25:18
Sampling (4 threads)  50%|███████████████▏              |  ETA: 1:23:37
Sampling (4 threads)  51%|███████████████▎              |  ETA: 1:23:41
Sampling (4 threads)  52%|███████████████▌              |  ETA: 1:22:02
Sampling (4 threads)  52%|███████████████▋              |  ETA: 1:20:24
Sampling (4 threads)  52%|███████████████▊              |  ETA: 1:21:44
Sampling (4 threads)  53%|███████████████▉              |  ETA: 1:20:07
Sampling (4 threads)  54%|████████████████              |  ETA: 1:18:31
Sampling (4 threads)  54%|████████████████▎             |  ETA: 1:16:57
Sampling (4 threads)  55%|████████████████▍             |  ETA: 1:18:12
Sampling (4 threads)  55%|████████████████▌             |  ETA: 1:16:38
Sampling (4 threads)  56%|████████████████▋             |  ETA: 1:15:06
Sampling (4 threads)  56%|████████████████▊             |  ETA: 1:15:53
Sampling (4 threads)  56%|█████████████████             |  ETA: 1:14:22
Sampling (4 threads)  57%|█████████████████▏            |  ETA: 1:12:52
Sampling (4 threads)  57%|█████████████████▎            |  ETA: 1:12:55
Sampling (4 threads)  58%|█████████████████▍            |  ETA: 1:11:27
Sampling (4 threads)  58%|█████████████████▌            |  ETA: 1:11:06
Sampling (4 threads)  59%|█████████████████▊            |  ETA: 1:09:39
Sampling (4 threads)  60%|█████████████████▉            |  ETA: 1:10:01
Sampling (4 threads)  60%|██████████████████            |  ETA: 1:08:34
Sampling (4 threads)  60%|██████████████████▏           |  ETA: 1:07:09
Sampling (4 threads)  61%|██████████████████▎           |  ETA: 1:07:43
Sampling (4 threads)  62%|██████████████████▌           |  ETA: 1:06:19
Sampling (4 threads)  62%|██████████████████▋           |  ETA: 1:04:55
Sampling (4 threads)  62%|██████████████████▊           |  ETA: 1:04:47
Sampling (4 threads)  63%|██████████████████▉           |  ETA: 1:03:25
Sampling (4 threads)  64%|███████████████████           |  ETA: 1:02:58
Sampling (4 threads)  64%|███████████████████▎          |  ETA: 1:01:37
Sampling (4 threads)  64%|███████████████████▍          |  ETA: 1:02:16
Sampling (4 threads)  65%|███████████████████▌          |  ETA: 1:00:55
Sampling (4 threads)  66%|███████████████████▋          |  ETA: 0:59:35
Sampling (4 threads)  66%|███████████████████▊          |  ETA: 0:58:17
Sampling (4 threads)  66%|████████████████████          |  ETA: 0:58:44
Sampling (4 threads)  67%|████████████████████▏         |  ETA: 0:57:26
Sampling (4 threads)  68%|████████████████████▎         |  ETA: 0:56:54
Sampling (4 threads)  68%|████████████████████▍         |  ETA: 0:55:37
Sampling (4 threads)  68%|████████████████████▌         |  ETA: 0:54:58
Sampling (4 threads)  69%|████████████████████▊         |  ETA: 0:53:42
Sampling (4 threads)  70%|████████████████████▉         |  ETA: 0:53:16
Sampling (4 threads)  70%|█████████████████████         |  ETA: 0:52:01
Sampling (4 threads)  70%|█████████████████████▏        |  ETA: 0:52:00
Sampling (4 threads)  71%|█████████████████████▎        |  ETA: 0:50:45
Sampling (4 threads)  72%|█████████████████████▌        |  ETA: 0:49:32
Sampling (4 threads)  72%|█████████████████████▋        |  ETA: 0:48:19
Sampling (4 threads)  72%|█████████████████████▊        |  ETA: 0:48:18
Sampling (4 threads)  73%|█████████████████████▉        |  ETA: 0:47:06
Sampling (4 threads)  74%|██████████████████████        |  ETA: 0:45:55
Sampling (4 threads)  74%|██████████████████████▎       |  ETA: 0:45:29
Sampling (4 threads)  74%|██████████████████████▍       |  ETA: 0:44:18
Sampling (4 threads)  75%|██████████████████████▌       |  ETA: 0:43:09
Sampling (4 threads)  76%|██████████████████████▋       |  ETA: 0:42:55
Sampling (4 threads)  76%|██████████████████████▊       |  ETA: 0:41:46
Sampling (4 threads)  76%|███████████████████████       |  ETA: 0:41:06
Sampling (4 threads)  77%|███████████████████████▏      |  ETA: 0:39:58
Sampling (4 threads)  78%|███████████████████████▎      |  ETA: 0:39:29
Sampling (4 threads)  78%|███████████████████████▍      |  ETA: 0:38:22
Sampling (4 threads)  78%|███████████████████████▌      |  ETA: 0:37:15
Sampling (4 threads)  79%|███████████████████████▊      |  ETA: 0:36:41
Sampling (4 threads)  80%|███████████████████████▉      |  ETA: 0:35:35
Sampling (4 threads)  80%|████████████████████████      |  ETA: 0:35:00
Sampling (4 threads)  80%|████████████████████████▏     |  ETA: 0:33:55
Sampling (4 threads)  81%|████████████████████████▎     |  ETA: 0:33:22
Sampling (4 threads)  82%|████████████████████████▌     |  ETA: 0:32:17
Sampling (4 threads)  82%|████████████████████████▋     |  ETA: 0:31:13
Sampling (4 threads)  82%|████████████████████████▊     |  ETA: 0:30:42
Sampling (4 threads)  83%|████████████████████████▉     |  ETA: 0:29:38
Sampling (4 threads)  84%|█████████████████████████     |  ETA: 0:28:36
Sampling (4 threads)  84%|█████████████████████████▎    |  ETA: 0:28:03
Sampling (4 threads)  84%|█████████████████████████▍    |  ETA: 0:27:01
Sampling (4 threads)  85%|█████████████████████████▌    |  ETA: 0:26:16
Sampling (4 threads)  86%|█████████████████████████▋    |  ETA: 0:25:14
Sampling (4 threads)  86%|█████████████████████████▊    |  ETA: 0:24:41
Sampling (4 threads)  86%|██████████████████████████    |  ETA: 0:23:40
Sampling (4 threads)  87%|██████████████████████████▏   |  ETA: 0:22:40
Sampling (4 threads)  88%|██████████████████████████▎   |  ETA: 0:21:40
Sampling (4 threads)  88%|██████████████████████████▍   |  ETA: 0:21:00
Sampling (4 threads)  88%|██████████████████████████▌   |  ETA: 0:20:01
Sampling (4 threads)  89%|██████████████████████████▊   |  ETA: 0:19:02
Sampling (4 threads)  90%|██████████████████████████▉   |  ETA: 0:18:22
Sampling (4 threads)  90%|███████████████████████████   |  ETA: 0:17:24
Sampling (4 threads)  90%|███████████████████████████▏  |  ETA: 0:16:45
Sampling (4 threads)  91%|███████████████████████████▎  |  ETA: 0:15:47
Sampling (4 threads)  92%|███████████████████████████▌  |  ETA: 0:14:49
Sampling (4 threads)  92%|███████████████████████████▋  |  ETA: 0:14:05
Sampling (4 threads)  92%|███████████████████████████▊  |  ETA: 0:13:08
Sampling (4 threads)  93%|███████████████████████████▉  |  ETA: 0:12:11
Sampling (4 threads)  94%|████████████████████████████  |  ETA: 0:11:15
Sampling (4 threads)  94%|████████████████████████████▎ |  ETA: 0:10:24
Sampling (4 threads)  94%|████████████████████████████▍ |  ETA: 0:09:32
Sampling (4 threads)  95%|████████████████████████████▌ |  ETA: 0:08:41
Sampling (4 threads)  96%|████████████████████████████▋ |  ETA: 0:07:49
Sampling (4 threads)  96%|████████████████████████████▊ |  ETA: 0:06:57
Sampling (4 threads)  96%|█████████████████████████████ |  ETA: 0:06:06
Sampling (4 threads)  97%|█████████████████████████████▏|  ETA: 0:05:14
Sampling (4 threads)  98%|█████████████████████████████▎|  ETA: 0:04:22
Sampling (4 threads)  98%|█████████████████████████████▍|  ETA: 0:03:30
Sampling (4 threads)  98%|█████████████████████████████▌|  ETA: 0:02:38
Sampling (4 threads)  99%|█████████████████████████████▊|  ETA: 0:01:45
Sampling (4 threads) 100%|█████████████████████████████▉|  ETA: 0:00:53
Sampling (4 threads) 100%|██████████████████████████████| Time: 2:58:47
Sampling (4 threads) 100%|██████████████████████████████| Time: 2:58:47
Sampling (4 threads)   0%|                              |  ETA: N/A
┌ Info: Found initial step size
└   ϵ = 0.00625
┌ Info: Found initial step size
└   ϵ = 0.00078125
┌ Info: Found initial step size
└   ϵ = 0.0015625
┌ Info: Found initial step size
└   ϵ = 0.00625
Sampling (4 threads)   0%|▏                             |  ETA: 2:50:18
Sampling (4 threads)   1%|▎                             |  ETA: 1:24:49
Sampling (4 threads)   2%|▌                             |  ETA: 0:56:16
Sampling (4 threads)   2%|▋                             |  ETA: 0:45:53
Sampling (4 threads)   2%|▊                             |  ETA: 0:36:31
Sampling (4 threads)   3%|▉                             |  ETA: 0:30:16
Sampling (4 threads)   4%|█                             |  ETA: 0:55:12
Sampling (4 threads)   4%|█▎                            |  ETA: 0:48:03
Sampling (4 threads)   4%|█▍                            |  ETA: 0:42:29
Sampling (4 threads)   5%|█▌                            |  ETA: 1:41:30
Sampling (4 threads)   6%|█▋                            |  ETA: 1:31:47
Sampling (4 threads)   6%|█▊                            |  ETA: 1:23:42
Sampling (4 threads)   6%|██                            |  ETA: 2:13:39
Sampling (4 threads)   7%|██▏                           |  ETA: 2:03:26
Sampling (4 threads)   8%|██▎                           |  ETA: 1:54:35
Sampling (4 threads)   8%|██▍                           |  ETA: 1:46:51
Sampling (4 threads)   8%|██▌                           |  ETA: 2:15:00
Sampling (4 threads)   9%|██▊                           |  ETA: 2:06:49
Sampling (4 threads)  10%|██▉                           |  ETA: 2:22:04
Sampling (4 threads)  10%|███                           |  ETA: 2:14:13
Sampling (4 threads)  10%|███▏                          |  ETA: 2:33:18
Sampling (4 threads)  11%|███▎                          |  ETA: 2:25:31
Sampling (4 threads)  12%|███▌                          |  ETA: 2:18:24
Sampling (4 threads)  12%|███▋                          |  ETA: 2:11:53
Sampling (4 threads)  12%|███▊                          |  ETA: 2:34:47
Sampling (4 threads)  13%|███▉                          |  ETA: 2:27:59
Sampling (4 threads)  14%|████                          |  ETA: 2:40:59
Sampling (4 threads)  14%|████▎                         |  ETA: 2:34:20
Sampling (4 threads)  14%|████▍                         |  ETA: 2:28:09
Sampling (4 threads)  15%|████▌                         |  ETA: 2:22:22
Sampling (4 threads)  16%|████▋                         |  ETA: 2:37:17
Sampling (4 threads)  16%|████▊                         |  ETA: 2:31:28
Sampling (4 threads)  16%|█████                         |  ETA: 2:26:00
Sampling (4 threads)  17%|█████▏                        |  ETA: 2:35:41
Sampling (4 threads)  18%|█████▎                        |  ETA: 2:30:19
Sampling (4 threads)  18%|█████▍                        |  ETA: 2:25:15
Sampling (4 threads)  18%|█████▌                        |  ETA: 2:35:00
Sampling (4 threads)  19%|█████▊                        |  ETA: 2:30:00
Sampling (4 threads)  20%|█████▉                        |  ETA: 2:25:15
Sampling (4 threads)  20%|██████                        |  ETA: 2:34:25
Sampling (4 threads)  20%|██████▏                       |  ETA: 2:29:43
Sampling (4 threads)  21%|██████▎                       |  ETA: 2:25:14
Sampling (4 threads)  22%|██████▌                       |  ETA: 2:31:16
Sampling (4 threads)  22%|██████▋                       |  ETA: 2:26:54
Sampling (4 threads)  22%|██████▊                       |  ETA: 2:22:43
Sampling (4 threads)  23%|██████▉                       |  ETA: 2:29:25
Sampling (4 threads)  24%|███████                       |  ETA: 2:25:17
Sampling (4 threads)  24%|███████▎                      |  ETA: 2:21:20
Sampling (4 threads)  24%|███████▍                      |  ETA: 2:26:24
Sampling (4 threads)  25%|███████▌                      |  ETA: 2:22:32
Sampling (4 threads)  26%|███████▋                      |  ETA: 2:18:48
Sampling (4 threads)  26%|███████▊                      |  ETA: 2:22:38
Sampling (4 threads)  26%|████████                      |  ETA: 2:19:00
Sampling (4 threads)  27%|████████▏                     |  ETA: 2:21:49
Sampling (4 threads)  28%|████████▎                     |  ETA: 2:18:17
Sampling (4 threads)  28%|████████▍                     |  ETA: 2:14:52
Sampling (4 threads)  28%|████████▌                     |  ETA: 2:19:56
Sampling (4 threads)  29%|████████▊                     |  ETA: 2:16:33
Sampling (4 threads)  30%|████████▉                     |  ETA: 2:13:18
Sampling (4 threads)  30%|█████████                     |  ETA: 2:10:09
Sampling (4 threads)  30%|█████████▏                    |  ETA: 2:13:32
Sampling (4 threads)  31%|█████████▎                    |  ETA: 2:10:26
Sampling (4 threads)  32%|█████████▌                    |  ETA: 2:13:36
Sampling (4 threads)  32%|█████████▋                    |  ETA: 2:10:33
Sampling (4 threads)  32%|█████████▊                    |  ETA: 2:07:36
Sampling (4 threads)  33%|█████████▉                    |  ETA: 2:11:23
Sampling (4 threads)  34%|██████████                    |  ETA: 2:08:27
Sampling (4 threads)  34%|██████████▎                   |  ETA: 2:05:37
Sampling (4 threads)  34%|██████████▍                   |  ETA: 2:09:03
Sampling (4 threads)  35%|██████████▌                   |  ETA: 2:06:14
Sampling (4 threads)  36%|██████████▋                   |  ETA: 2:03:30
Sampling (4 threads)  36%|██████████▊                   |  ETA: 2:07:02
Sampling (4 threads)  36%|███████████                   |  ETA: 2:04:19
Sampling (4 threads)  37%|███████████▏                  |  ETA: 2:01:40
Sampling (4 threads)  38%|███████████▎                  |  ETA: 2:04:45
Sampling (4 threads)  38%|███████████▍                  |  ETA: 2:02:07
Sampling (4 threads)  38%|███████████▌                  |  ETA: 1:59:34
Sampling (4 threads)  39%|███████████▊                  |  ETA: 2:02:39
Sampling (4 threads)  40%|███████████▉                  |  ETA: 2:00:06
Sampling (4 threads)  40%|████████████                  |  ETA: 1:57:37
Sampling (4 threads)  40%|████████████▏                 |  ETA: 1:55:12
Sampling (4 threads)  41%|████████████▎                 |  ETA: 1:57:48
Sampling (4 threads)  42%|████████████▌                 |  ETA: 1:55:24
Sampling (4 threads)  42%|████████████▋                 |  ETA: 1:57:34
Sampling (4 threads)  42%|████████████▊                 |  ETA: 1:55:11
Sampling (4 threads)  43%|████████████▉                 |  ETA: 1:52:51
Sampling (4 threads)  44%|█████████████                 |  ETA: 1:50:35
Sampling (4 threads)  44%|█████████████▎                |  ETA: 1:52:46
Sampling (4 threads)  44%|█████████████▍                |  ETA: 1:50:31
Sampling (4 threads)  45%|█████████████▌                |  ETA: 1:52:28
Sampling (4 threads)  46%|█████████████▋                |  ETA: 1:50:13
Sampling (4 threads)  46%|█████████████▊                |  ETA: 1:48:01
Sampling (4 threads)  46%|██████████████                |  ETA: 1:45:52
Sampling (4 threads)  47%|██████████████▏               |  ETA: 1:47:28
Sampling (4 threads)  48%|██████████████▎               |  ETA: 1:45:20
Sampling (4 threads)  48%|██████████████▍               |  ETA: 1:45:31
Sampling (4 threads)  48%|██████████████▌               |  ETA: 1:43:26
Sampling (4 threads)  49%|██████████████▊               |  ETA: 1:44:29
Sampling (4 threads)  50%|██████████████▉               |  ETA: 1:42:25
Sampling (4 threads)  50%|███████████████               |  ETA: 1:40:23
Sampling (4 threads)  50%|███████████████▏              |  ETA: 1:41:58
Sampling (4 threads)  51%|███████████████▎              |  ETA: 1:39:56
Sampling (4 threads)  52%|███████████████▌              |  ETA: 1:37:58
Sampling (4 threads)  52%|███████████████▋              |  ETA: 1:36:01
Sampling (4 threads)  52%|███████████████▊              |  ETA: 1:37:07
Sampling (4 threads)  53%|███████████████▉              |  ETA: 1:35:12
Sampling (4 threads)  54%|████████████████              |  ETA: 1:35:08
Sampling (4 threads)  54%|████████████████▎             |  ETA: 1:33:15
Sampling (4 threads)  55%|████████████████▍             |  ETA: 1:33:10
Sampling (4 threads)  55%|████████████████▌             |  ETA: 1:31:18
Sampling (4 threads)  56%|████████████████▋             |  ETA: 1:31:48
Sampling (4 threads)  56%|████████████████▊             |  ETA: 1:29:58
Sampling (4 threads)  56%|█████████████████             |  ETA: 1:28:09
Sampling (4 threads)  57%|█████████████████▏            |  ETA: 1:26:23
Sampling (4 threads)  57%|█████████████████▎            |  ETA: 1:27:29
Sampling (4 threads)  58%|█████████████████▍            |  ETA: 1:25:43
Sampling (4 threads)  58%|█████████████████▌            |  ETA: 1:25:29
Sampling (4 threads)  59%|█████████████████▊            |  ETA: 1:23:44
Sampling (4 threads)  60%|█████████████████▉            |  ETA: 1:23:26
Sampling (4 threads)  60%|██████████████████            |  ETA: 1:21:43
Sampling (4 threads)  60%|██████████████████▏           |  ETA: 1:20:02
Sampling (4 threads)  61%|██████████████████▎           |  ETA: 1:20:30
Sampling (4 threads)  62%|██████████████████▌           |  ETA: 1:18:49
Sampling (4 threads)  62%|██████████████████▋           |  ETA: 1:17:10
Sampling (4 threads)  62%|██████████████████▊           |  ETA: 1:17:38
Sampling (4 threads)  63%|██████████████████▉           |  ETA: 1:16:00
Sampling (4 threads)  64%|███████████████████           |  ETA: 1:14:23
Sampling (4 threads)  64%|███████████████████▎          |  ETA: 1:14:44
Sampling (4 threads)  64%|███████████████████▍          |  ETA: 1:13:07
Sampling (4 threads)  65%|███████████████████▌          |  ETA: 1:11:32
Sampling (4 threads)  66%|███████████████████▋          |  ETA: 1:11:49
Sampling (4 threads)  66%|███████████████████▊          |  ETA: 1:10:15
Sampling (4 threads)  66%|████████████████████          |  ETA: 1:08:41
Sampling (4 threads)  67%|████████████████████▏         |  ETA: 1:09:04
Sampling (4 threads)  68%|████████████████████▎         |  ETA: 1:07:31
Sampling (4 threads)  68%|████████████████████▍         |  ETA: 1:05:59
Sampling (4 threads)  68%|████████████████████▌         |  ETA: 1:04:29
Sampling (4 threads)  69%|████████████████████▊         |  ETA: 1:04:31
Sampling (4 threads)  70%|████████████████████▉         |  ETA: 1:03:01
Sampling (4 threads)  70%|█████████████████████         |  ETA: 1:01:33
Sampling (4 threads)  70%|█████████████████████▏        |  ETA: 1:01:37
Sampling (4 threads)  71%|█████████████████████▎        |  ETA: 1:00:09
Sampling (4 threads)  72%|█████████████████████▌        |  ETA: 0:58:42
Sampling (4 threads)  72%|█████████████████████▋        |  ETA: 0:58:37
Sampling (4 threads)  72%|█████████████████████▊        |  ETA: 0:57:10
Sampling (4 threads)  73%|█████████████████████▉        |  ETA: 0:55:45
Sampling (4 threads)  74%|██████████████████████        |  ETA: 0:55:36
Sampling (4 threads)  74%|██████████████████████▎       |  ETA: 0:54:11
Sampling (4 threads)  74%|██████████████████████▍       |  ETA: 0:52:47
Sampling (4 threads)  75%|██████████████████████▌       |  ETA: 0:52:41
Sampling (4 threads)  76%|██████████████████████▋       |  ETA: 0:51:17
Sampling (4 threads)  76%|██████████████████████▊       |  ETA: 0:49:54
Sampling (4 threads)  76%|███████████████████████       |  ETA: 0:48:33
Sampling (4 threads)  77%|███████████████████████▏      |  ETA: 0:48:15
Sampling (4 threads)  78%|███████████████████████▎      |  ETA: 0:46:53
Sampling (4 threads)  78%|███████████████████████▍      |  ETA: 0:46:26
Sampling (4 threads)  78%|███████████████████████▌      |  ETA: 0:45:05
Sampling (4 threads)  79%|███████████████████████▊      |  ETA: 0:43:46
Sampling (4 threads)  80%|███████████████████████▉      |  ETA: 0:42:27
Sampling (4 threads)  80%|████████████████████████      |  ETA: 0:42:01
Sampling (4 threads)  80%|████████████████████████▏     |  ETA: 0:40:43
Sampling (4 threads)  81%|████████████████████████▎     |  ETA: 0:39:26
Sampling (4 threads)  82%|████████████████████████▌     |  ETA: 0:38:37
Sampling (4 threads)  82%|████████████████████████▋     |  ETA: 0:37:21
Sampling (4 threads)  82%|████████████████████████▊     |  ETA: 0:36:44
Sampling (4 threads)  83%|████████████████████████▉     |  ETA: 0:35:28
Sampling (4 threads)  84%|█████████████████████████     |  ETA: 0:34:13
Sampling (4 threads)  84%|█████████████████████████▎    |  ETA: 0:33:24
Sampling (4 threads)  84%|█████████████████████████▍    |  ETA: 0:32:10
Sampling (4 threads)  85%|█████████████████████████▌    |  ETA: 0:31:17
Sampling (4 threads)  86%|█████████████████████████▋    |  ETA: 0:30:03
Sampling (4 threads)  86%|█████████████████████████▊    |  ETA: 0:29:20
Sampling (4 threads)  86%|██████████████████████████    |  ETA: 0:28:08
Sampling (4 threads)  87%|██████████████████████████▏   |  ETA: 0:26:56
Sampling (4 threads)  88%|██████████████████████████▎   |  ETA: 0:26:12
Sampling (4 threads)  88%|██████████████████████████▍   |  ETA: 0:25:00
Sampling (4 threads)  88%|██████████████████████████▌   |  ETA: 0:23:50
Sampling (4 threads)  89%|██████████████████████████▊   |  ETA: 0:22:40
Sampling (4 threads)  90%|██████████████████████████▉   |  ETA: 0:21:52
Sampling (4 threads)  90%|███████████████████████████   |  ETA: 0:20:42
Sampling (4 threads)  90%|███████████████████████████▏  |  ETA: 0:19:45
Sampling (4 threads)  91%|███████████████████████████▎  |  ETA: 0:18:37
Sampling (4 threads)  92%|███████████████████████████▌  |  ETA: 0:17:40
Sampling (4 threads)  92%|███████████████████████████▋  |  ETA: 0:16:32
Sampling (4 threads)  92%|███████████████████████████▊  |  ETA: 0:15:38
Sampling (4 threads)  93%|███████████████████████████▉  |  ETA: 0:14:31
Sampling (4 threads)  94%|████████████████████████████  |  ETA: 0:13:24
Sampling (4 threads)  94%|████████████████████████████▎ |  ETA: 0:12:18
Sampling (4 threads)  94%|████████████████████████████▍ |  ETA: 0:11:25
Sampling (4 threads)  95%|████████████████████████████▌ |  ETA: 0:10:19
Sampling (4 threads)  96%|████████████████████████████▋ |  ETA: 0:09:15
Sampling (4 threads)  96%|████████████████████████████▊ |  ETA: 0:08:17
Sampling (4 threads)  96%|█████████████████████████████ |  ETA: 0:07:13
Sampling (4 threads)  97%|█████████████████████████████▏|  ETA: 0:06:09
Sampling (4 threads)  98%|█████████████████████████████▎|  ETA: 0:05:08
Sampling (4 threads)  98%|█████████████████████████████▍|  ETA: 0:04:06
Sampling (4 threads)  98%|█████████████████████████████▌|  ETA: 0:03:05
Sampling (4 threads)  99%|█████████████████████████████▊|  ETA: 0:02:03
Sampling (4 threads) 100%|█████████████████████████████▉|  ETA: 0:01:02
Sampling (4 threads) 100%|██████████████████████████████| Time: 3:28:04
Sampling (4 threads) 100%|██████████████████████████████| Time: 3:28:05
Sampling (4 threads)   0%|                              |  ETA: N/A
┌ Info: Found initial step size
└   ϵ = 0.00625
┌ Info: Found initial step size
└   ϵ = 0.00078125
┌ Info: Found initial step size
└   ϵ = 0.003125
┌ Info: Found initial step size
└   ϵ = 0.0015625
Sampling (4 threads)   0%|▏                             |  ETA: 2:47:14
Sampling (4 threads)   1%|▎                             |  ETA: 1:23:16
Sampling (4 threads)   2%|▌                             |  ETA: 1:02:30
Sampling (4 threads)   2%|▋                             |  ETA: 0:46:38
Sampling (4 threads)   2%|▊                             |  ETA: 0:54:05
Sampling (4 threads)   3%|▉                             |  ETA: 0:44:50
Sampling (4 threads)   4%|█                             |  ETA: 0:38:14
Sampling (4 threads)   4%|█▎                            |  ETA: 1:31:37
Sampling (4 threads)   4%|█▍                            |  ETA: 1:21:01
Sampling (4 threads)   5%|█▌                            |  ETA: 1:12:32
Sampling (4 threads)   6%|█▋                            |  ETA: 2:00:58
Sampling (4 threads)   6%|█▊                            |  ETA: 1:50:18
Sampling (4 threads)   6%|██                            |  ETA: 1:41:16
Sampling (4 threads)   7%|██▏                           |  ETA: 2:30:57
Sampling (4 threads)   8%|██▎                           |  ETA: 2:20:08
Sampling (4 threads)   8%|██▍                           |  ETA: 2:10:40
Sampling (4 threads)   8%|██▌                           |  ETA: 2:02:19
Sampling (4 threads)   9%|██▊                           |  ETA: 2:33:18
Sampling (4 threads)  10%|██▉                           |  ETA: 2:24:26
Sampling (4 threads)  10%|███                           |  ETA: 2:16:28
Sampling (4 threads)  10%|███▏                          |  ETA: 2:45:29
Sampling (4 threads)  11%|███▎                          |  ETA: 2:37:04
Sampling (4 threads)  12%|███▌                          |  ETA: 2:29:24
Sampling (4 threads)  12%|███▋                          |  ETA: 2:40:53
Sampling (4 threads)  12%|███▊                          |  ETA: 2:33:34
Sampling (4 threads)  13%|███▉                          |  ETA: 2:55:57
Sampling (4 threads)  14%|████                          |  ETA: 2:48:27
Sampling (4 threads)  14%|████▎                         |  ETA: 2:41:30
Sampling (4 threads)  14%|████▍                         |  ETA: 2:35:02
Sampling (4 threads)  15%|████▌                         |  ETA: 2:52:16
Sampling (4 threads)  16%|████▋                         |  ETA: 2:45:44
Sampling (4 threads)  16%|████▊                         |  ETA: 2:39:36
Sampling (4 threads)  16%|█████                         |  ETA: 2:51:51
Sampling (4 threads)  17%|█████▏                        |  ETA: 2:45:48
Sampling (4 threads)  18%|█████▎                        |  ETA: 2:40:05
Sampling (4 threads)  18%|█████▍                        |  ETA: 2:48:00
Sampling (4 threads)  18%|█████▌                        |  ETA: 2:42:28
Sampling (4 threads)  19%|█████▊                        |  ETA: 2:37:13
Sampling (4 threads)  20%|█████▉                        |  ETA: 2:45:08
Sampling (4 threads)  20%|██████                        |  ETA: 2:40:00
Sampling (4 threads)  20%|██████▏                       |  ETA: 2:35:08
Sampling (4 threads)  21%|██████▎                       |  ETA: 2:42:26
Sampling (4 threads)  22%|██████▌                       |  ETA: 2:37:39
Sampling (4 threads)  22%|██████▋                       |  ETA: 2:33:05
Sampling (4 threads)  22%|██████▊                       |  ETA: 2:37:20
Sampling (4 threads)  23%|██████▉                       |  ETA: 2:32:55
Sampling (4 threads)  24%|███████                       |  ETA: 2:36:04
Sampling (4 threads)  24%|███████▎                      |  ETA: 2:31:49
Sampling (4 threads)  24%|███████▍                      |  ETA: 2:27:44
Sampling (4 threads)  25%|███████▌                      |  ETA: 2:34:12
Sampling (4 threads)  26%|███████▋                      |  ETA: 2:30:10
Sampling (4 threads)  26%|███████▊                      |  ETA: 2:26:18
Sampling (4 threads)  26%|████████                      |  ETA: 2:31:26
Sampling (4 threads)  27%|████████▏                     |  ETA: 2:27:37
Sampling (4 threads)  28%|████████▎                     |  ETA: 2:23:56
Sampling (4 threads)  28%|████████▍                     |  ETA: 2:20:24
Sampling (4 threads)  28%|████████▌                     |  ETA: 2:26:24
Sampling (4 threads)  29%|████████▊                     |  ETA: 2:22:52
Sampling (4 threads)  30%|████████▉                     |  ETA: 2:19:27
Sampling (4 threads)  30%|█████████                     |  ETA: 2:24:32
Sampling (4 threads)  30%|█████████▏                    |  ETA: 2:21:08
Sampling (4 threads)  31%|█████████▎                    |  ETA: 2:17:52
Sampling (4 threads)  32%|█████████▌                    |  ETA: 2:23:30
Sampling (4 threads)  32%|█████████▋                    |  ETA: 2:20:14
Sampling (4 threads)  32%|█████████▊                    |  ETA: 2:17:03
Sampling (4 threads)  33%|█████████▉                    |  ETA: 2:13:59
Sampling (4 threads)  34%|██████████                    |  ETA: 2:19:11
Sampling (4 threads)  34%|██████████▎                   |  ETA: 2:16:06
Sampling (4 threads)  34%|██████████▍                   |  ETA: 2:13:07
Sampling (4 threads)  35%|██████████▌                   |  ETA: 2:16:54
Sampling (4 threads)  36%|██████████▋                   |  ETA: 2:13:56
Sampling (4 threads)  36%|██████████▊                   |  ETA: 2:11:03
Sampling (4 threads)  36%|███████████                   |  ETA: 2:12:01
Sampling (4 threads)  37%|███████████▏                  |  ETA: 2:09:12
Sampling (4 threads)  38%|███████████▎                  |  ETA: 2:13:45
Sampling (4 threads)  38%|███████████▍                  |  ETA: 2:10:56
Sampling (4 threads)  38%|███████████▌                  |  ETA: 2:08:11
Sampling (4 threads)  39%|███████████▊                  |  ETA: 2:05:31
Sampling (4 threads)  40%|███████████▉                  |  ETA: 2:10:31
Sampling (4 threads)  40%|████████████                  |  ETA: 2:07:49
Sampling (4 threads)  40%|████████████▏                 |  ETA: 2:05:12
Sampling (4 threads)  41%|████████████▎                 |  ETA: 2:08:31
Sampling (4 threads)  42%|████████████▌                 |  ETA: 2:05:54
Sampling (4 threads)  42%|████████████▋                 |  ETA: 2:03:20
Sampling (4 threads)  42%|████████████▊                 |  ETA: 2:00:50
Sampling (4 threads)  43%|████████████▉                 |  ETA: 2:03:42
Sampling (4 threads)  44%|█████████████                 |  ETA: 2:01:13
Sampling (4 threads)  44%|█████████████▎                |  ETA: 1:58:46
Sampling (4 threads)  44%|█████████████▍                |  ETA: 2:01:00
Sampling (4 threads)  45%|█████████████▌                |  ETA: 1:58:34
Sampling (4 threads)  46%|█████████████▋                |  ETA: 1:56:12
Sampling (4 threads)  46%|█████████████▊                |  ETA: 1:57:49
Sampling (4 threads)  46%|██████████████                |  ETA: 1:55:29
Sampling (4 threads)  47%|██████████████▏               |  ETA: 1:53:11
Sampling (4 threads)  48%|██████████████▎               |  ETA: 1:53:39
Sampling (4 threads)  48%|██████████████▍               |  ETA: 1:51:24
Sampling (4 threads)  48%|██████████████▌               |  ETA: 1:53:10
Sampling (4 threads)  49%|██████████████▊               |  ETA: 1:50:55
Sampling (4 threads)  50%|██████████████▉               |  ETA: 1:48:44
Sampling (4 threads)  50%|███████████████               |  ETA: 1:49:12
Sampling (4 threads)  50%|███████████████▏              |  ETA: 1:47:02
Sampling (4 threads)  51%|███████████████▎              |  ETA: 1:44:55
Sampling (4 threads)  52%|███████████████▌              |  ETA: 1:45:19
Sampling (4 threads)  52%|███████████████▋              |  ETA: 1:43:14
Sampling (4 threads)  52%|███████████████▊              |  ETA: 1:42:24
Sampling (4 threads)  53%|███████████████▉              |  ETA: 1:40:22
Sampling (4 threads)  54%|████████████████              |  ETA: 1:40:41
Sampling (4 threads)  54%|████████████████▎             |  ETA: 1:38:41
Sampling (4 threads)  55%|████████████████▍             |  ETA: 1:38:42
Sampling (4 threads)  55%|████████████████▌             |  ETA: 1:36:44
Sampling (4 threads)  56%|████████████████▋             |  ETA: 1:37:08
Sampling (4 threads)  56%|████████████████▊             |  ETA: 1:35:11
Sampling (4 threads)  56%|█████████████████             |  ETA: 1:35:41
Sampling (4 threads)  57%|█████████████████▏            |  ETA: 1:33:45
Sampling (4 threads)  57%|█████████████████▎            |  ETA: 1:31:52
Sampling (4 threads)  58%|█████████████████▍            |  ETA: 1:30:00
Sampling (4 threads)  58%|█████████████████▌            |  ETA: 1:30:03
Sampling (4 threads)  59%|█████████████████▊            |  ETA: 1:28:13
Sampling (4 threads)  60%|█████████████████▉            |  ETA: 1:28:47
Sampling (4 threads)  60%|██████████████████            |  ETA: 1:26:57
Sampling (4 threads)  60%|██████████████████▏           |  ETA: 1:25:09
Sampling (4 threads)  61%|██████████████████▎           |  ETA: 1:26:00
Sampling (4 threads)  62%|██████████████████▌           |  ETA: 1:24:13
Sampling (4 threads)  62%|██████████████████▋           |  ETA: 1:22:27
Sampling (4 threads)  62%|██████████████████▊           |  ETA: 1:22:27
Sampling (4 threads)  63%|██████████████████▉           |  ETA: 1:20:43
Sampling (4 threads)  64%|███████████████████           |  ETA: 1:21:11
Sampling (4 threads)  64%|███████████████████▎          |  ETA: 1:19:27
Sampling (4 threads)  64%|███████████████████▍          |  ETA: 1:17:44
Sampling (4 threads)  65%|███████████████████▌          |  ETA: 1:16:03
Sampling (4 threads)  66%|███████████████████▋          |  ETA: 1:16:58
Sampling (4 threads)  66%|███████████████████▊          |  ETA: 1:15:16
Sampling (4 threads)  66%|████████████████████          |  ETA: 1:13:36
Sampling (4 threads)  67%|████████████████████▏         |  ETA: 1:13:25
Sampling (4 threads)  68%|████████████████████▎         |  ETA: 1:11:46
Sampling (4 threads)  68%|████████████████████▍         |  ETA: 1:10:09
Sampling (4 threads)  68%|████████████████████▌         |  ETA: 1:10:14
Sampling (4 threads)  69%|████████████████████▊         |  ETA: 1:08:38
Sampling (4 threads)  70%|████████████████████▉         |  ETA: 1:07:02
Sampling (4 threads)  70%|█████████████████████         |  ETA: 1:06:37
Sampling (4 threads)  70%|█████████████████████▏        |  ETA: 1:05:03
Sampling (4 threads)  71%|█████████████████████▎        |  ETA: 1:04:59
Sampling (4 threads)  72%|█████████████████████▌        |  ETA: 1:03:25
Sampling (4 threads)  72%|█████████████████████▋        |  ETA: 1:01:52
Sampling (4 threads)  72%|█████████████████████▊        |  ETA: 1:01:52
Sampling (4 threads)  73%|█████████████████████▉        |  ETA: 1:00:20
Sampling (4 threads)  74%|██████████████████████        |  ETA: 0:58:49
Sampling (4 threads)  74%|██████████████████████▎       |  ETA: 0:58:32
Sampling (4 threads)  74%|██████████████████████▍       |  ETA: 0:57:01
Sampling (4 threads)  75%|██████████████████████▌       |  ETA: 0:55:32
Sampling (4 threads)  76%|██████████████████████▋       |  ETA: 0:55:32
Sampling (4 threads)  76%|██████████████████████▊       |  ETA: 0:54:02
Sampling (4 threads)  76%|███████████████████████       |  ETA: 0:52:34
Sampling (4 threads)  77%|███████████████████████▏      |  ETA: 0:51:07
Sampling (4 threads)  78%|███████████████████████▎      |  ETA: 0:50:48
Sampling (4 threads)  78%|███████████████████████▍      |  ETA: 0:49:21
Sampling (4 threads)  78%|███████████████████████▌      |  ETA: 0:47:56
Sampling (4 threads)  79%|███████████████████████▊      |  ETA: 0:47:21
Sampling (4 threads)  80%|███████████████████████▉      |  ETA: 0:45:56
Sampling (4 threads)  80%|████████████████████████      |  ETA: 0:45:04
Sampling (4 threads)  80%|████████████████████████▏     |  ETA: 0:43:40
Sampling (4 threads)  81%|████████████████████████▎     |  ETA: 0:42:48
Sampling (4 threads)  82%|████████████████████████▌     |  ETA: 0:41:25
Sampling (4 threads)  82%|████████████████████████▋     |  ETA: 0:40:52
Sampling (4 threads)  82%|████████████████████████▊     |  ETA: 0:39:30
Sampling (4 threads)  83%|████████████████████████▉     |  ETA: 0:38:08
Sampling (4 threads)  84%|█████████████████████████     |  ETA: 0:37:34
Sampling (4 threads)  84%|█████████████████████████▎    |  ETA: 0:36:13
Sampling (4 threads)  84%|█████████████████████████▍    |  ETA: 0:34:53
Sampling (4 threads)  85%|█████████████████████████▌    |  ETA: 0:33:33
Sampling (4 threads)  86%|█████████████████████████▋    |  ETA: 0:32:58
Sampling (4 threads)  86%|█████████████████████████▊    |  ETA: 0:31:39
Sampling (4 threads)  86%|██████████████████████████    |  ETA: 0:30:20
Sampling (4 threads)  87%|██████████████████████████▏   |  ETA: 0:29:32
Sampling (4 threads)  88%|██████████████████████████▎   |  ETA: 0:28:14
Sampling (4 threads)  88%|██████████████████████████▍   |  ETA: 0:26:57
Sampling (4 threads)  88%|██████████████████████████▌   |  ETA: 0:26:05
Sampling (4 threads)  89%|██████████████████████████▊   |  ETA: 0:24:48
Sampling (4 threads)  90%|██████████████████████████▉   |  ETA: 0:24:02
Sampling (4 threads)  90%|███████████████████████████   |  ETA: 0:22:45
Sampling (4 threads)  90%|███████████████████████████▏  |  ETA: 0:21:30
Sampling (4 threads)  91%|███████████████████████████▎  |  ETA: 0:20:35
Sampling (4 threads)  92%|███████████████████████████▌  |  ETA: 0:19:20
Sampling (4 threads)  92%|███████████████████████████▋  |  ETA: 0:18:06
Sampling (4 threads)  92%|███████████████████████████▊  |  ETA: 0:16:52
Sampling (4 threads)  93%|███████████████████████████▉  |  ETA: 0:15:58
Sampling (4 threads)  94%|████████████████████████████  |  ETA: 0:14:45
Sampling (4 threads)  94%|████████████████████████████▎ |  ETA: 0:13:44
Sampling (4 threads)  94%|████████████████████████████▍ |  ETA: 0:12:31
Sampling (4 threads)  95%|████████████████████████████▌ |  ETA: 0:11:19
Sampling (4 threads)  96%|████████████████████████████▋ |  ETA: 0:10:08
Sampling (4 threads)  96%|████████████████████████████▊ |  ETA: 0:09:06
Sampling (4 threads)  96%|█████████████████████████████ |  ETA: 0:07:55
Sampling (4 threads)  97%|█████████████████████████████▏|  ETA: 0:06:46
Sampling (4 threads)  98%|█████████████████████████████▎|  ETA: 0:05:38
Sampling (4 threads)  98%|█████████████████████████████▍|  ETA: 0:04:31
Sampling (4 threads)  98%|█████████████████████████████▌|  ETA: 0:03:23
Sampling (4 threads)  99%|█████████████████████████████▊|  ETA: 0:02:16
Sampling (4 threads) 100%|█████████████████████████████▉|  ETA: 0:01:08
Sampling (4 threads) 100%|██████████████████████████████| Time: 3:48:41
Sampling (4 threads) 100%|██████████████████████████████| Time: 3:48:42
GKS: cannot open display - headless operation mode active
Sampling (4 threads)   0%|                              |  ETA: N/A
┌ Info: Found initial step size
└   ϵ = 0.000390625
┌ Info: Found initial step size
└   ϵ = 0.0015625
┌ Info: Found initial step size
└   ϵ = 0.00625
┌ Info: Found initial step size
└   ϵ = 0.0015625
Sampling (4 threads)   0%|▏                             |  ETA: 2:42:46
Sampling (4 threads)   1%|▎                             |  ETA: 1:21:04
Sampling (4 threads)   2%|▌                             |  ETA: 0:53:46
Sampling (4 threads)   2%|▋                             |  ETA: 1:40:47
Sampling (4 threads)   2%|▊                             |  ETA: 1:20:13
Sampling (4 threads)   3%|▉                             |  ETA: 1:06:30
Sampling (4 threads)   4%|█                             |  ETA: 1:28:50
Sampling (4 threads)   4%|█▎                            |  ETA: 1:17:19
Sampling (4 threads)   4%|█▍                            |  ETA: 1:08:22
Sampling (4 threads)   5%|█▌                            |  ETA: 1:01:13
Sampling (4 threads)   6%|█▋                            |  ETA: 1:56:24
Sampling (4 threads)   6%|█▊                            |  ETA: 1:46:08
Sampling (4 threads)   6%|██                            |  ETA: 1:37:27
Sampling (4 threads)   7%|██▏                           |  ETA: 2:05:14
Sampling (4 threads)   8%|██▎                           |  ETA: 1:56:15
Sampling (4 threads)   8%|██▍                           |  ETA: 1:48:24
Sampling (4 threads)   8%|██▌                           |  ETA: 2:16:22
Sampling (4 threads)   9%|██▊                           |  ETA: 2:08:05
Sampling (4 threads)  10%|██▉                           |  ETA: 2:00:41
Sampling (4 threads)  10%|███                           |  ETA: 2:21:10
Sampling (4 threads)  10%|███▏                          |  ETA: 2:13:42
Sampling (4 threads)  11%|███▎                          |  ETA: 2:06:54
Sampling (4 threads)  12%|███▌                          |  ETA: 2:13:34
Sampling (4 threads)  12%|███▋                          |  ETA: 2:07:16
Sampling (4 threads)  12%|███▊                          |  ETA: 2:16:41
Sampling (4 threads)  13%|███▉                          |  ETA: 2:10:40
Sampling (4 threads)  14%|████                          |  ETA: 2:20:52
Sampling (4 threads)  14%|████▎                         |  ETA: 2:15:03
Sampling (4 threads)  14%|████▍                         |  ETA: 2:22:25
Sampling (4 threads)  15%|████▌                         |  ETA: 2:16:52
Sampling (4 threads)  16%|████▋                         |  ETA: 2:11:40
Sampling (4 threads)  16%|████▊                         |  ETA: 2:31:38
Sampling (4 threads)  16%|█████                         |  ETA: 2:26:10
Sampling (4 threads)  17%|█████▏                        |  ETA: 2:21:01
Sampling (4 threads)  18%|█████▎                        |  ETA: 2:31:57
Sampling (4 threads)  18%|█████▍                        |  ETA: 2:26:50
Sampling (4 threads)  18%|█████▌                        |  ETA: 2:21:59
Sampling (4 threads)  19%|█████▊                        |  ETA: 2:17:24
Sampling (4 threads)  20%|█████▉                        |  ETA: 2:22:01
Sampling (4 threads)  20%|██████                        |  ETA: 2:17:36
Sampling (4 threads)  20%|██████▏                       |  ETA: 2:21:54
Sampling (4 threads)  21%|██████▎                       |  ETA: 2:17:39
Sampling (4 threads)  22%|██████▌                       |  ETA: 2:26:39
Sampling (4 threads)  22%|██████▋                       |  ETA: 2:22:24
Sampling (4 threads)  22%|██████▊                       |  ETA: 2:18:21
Sampling (4 threads)  23%|██████▉                       |  ETA: 2:14:28
Sampling (4 threads)  24%|███████                       |  ETA: 2:21:49
Sampling (4 threads)  24%|███████▎                      |  ETA: 2:17:57
Sampling (4 threads)  24%|███████▍                      |  ETA: 2:14:15
Sampling (4 threads)  25%|███████▌                      |  ETA: 2:20:29
Sampling (4 threads)  26%|███████▋                      |  ETA: 2:16:49
Sampling (4 threads)  26%|███████▊                      |  ETA: 2:13:17
Sampling (4 threads)  26%|████████                      |  ETA: 2:14:25
Sampling (4 threads)  27%|████████▏                     |  ETA: 2:11:02
Sampling (4 threads)  28%|████████▎                     |  ETA: 2:14:06
Sampling (4 threads)  28%|████████▍                     |  ETA: 2:10:48
Sampling (4 threads)  28%|████████▌                     |  ETA: 2:07:36
Sampling (4 threads)  29%|████████▊                     |  ETA: 2:10:26
Sampling (4 threads)  30%|████████▉                     |  ETA: 2:07:19
Sampling (4 threads)  30%|█████████                     |  ETA: 2:09:18
Sampling (4 threads)  30%|█████████▏                    |  ETA: 2:06:16
Sampling (4 threads)  31%|█████████▎                    |  ETA: 2:03:21
Sampling (4 threads)  32%|█████████▌                    |  ETA: 2:07:01
Sampling (4 threads)  32%|█████████▋                    |  ETA: 2:04:07
Sampling (4 threads)  32%|█████████▊                    |  ETA: 2:01:19
Sampling (4 threads)  33%|█████████▉                    |  ETA: 2:05:08
Sampling (4 threads)  34%|██████████                    |  ETA: 2:02:21
Sampling (4 threads)  34%|██████████▎                   |  ETA: 1:59:39
Sampling (4 threads)  34%|██████████▍                   |  ETA: 2:03:14
Sampling (4 threads)  35%|██████████▌                   |  ETA: 2:00:33
Sampling (4 threads)  36%|██████████▋                   |  ETA: 1:57:56
Sampling (4 threads)  36%|██████████▊                   |  ETA: 2:02:08
Sampling (4 threads)  36%|███████████                   |  ETA: 1:59:31
Sampling (4 threads)  37%|███████████▏                  |  ETA: 2:01:05
Sampling (4 threads)  38%|███████████▎                  |  ETA: 1:58:31
Sampling (4 threads)  38%|███████████▍                  |  ETA: 2:01:37
Sampling (4 threads)  38%|███████████▌                  |  ETA: 1:59:04
Sampling (4 threads)  39%|███████████▊                  |  ETA: 2:00:09
Sampling (4 threads)  40%|███████████▉                  |  ETA: 1:57:40
Sampling (4 threads)  40%|████████████                  |  ETA: 1:58:10
Sampling (4 threads)  40%|████████████▏                 |  ETA: 1:55:44
Sampling (4 threads)  41%|████████████▎                 |  ETA: 1:53:22
Sampling (4 threads)  42%|████████████▌                 |  ETA: 1:56:06
Sampling (4 threads)  42%|████████████▋                 |  ETA: 1:53:44
Sampling (4 threads)  42%|████████████▊                 |  ETA: 1:51:26
Sampling (4 threads)  43%|████████████▉                 |  ETA: 1:53:35
Sampling (4 threads)  44%|█████████████                 |  ETA: 1:51:17
Sampling (4 threads)  44%|█████████████▎                |  ETA: 1:49:03
Sampling (4 threads)  44%|█████████████▍                |  ETA: 1:50:21
Sampling (4 threads)  45%|█████████████▌                |  ETA: 1:48:09
Sampling (4 threads)  46%|█████████████▋                |  ETA: 1:48:18
Sampling (4 threads)  46%|█████████████▊                |  ETA: 1:46:09
Sampling (4 threads)  46%|██████████████                |  ETA: 1:46:38
Sampling (4 threads)  47%|██████████████▏               |  ETA: 1:44:31
Sampling (4 threads)  48%|██████████████▎               |  ETA: 1:45:41
Sampling (4 threads)  48%|██████████████▍               |  ETA: 1:43:35
Sampling (4 threads)  48%|██████████████▌               |  ETA: 1:41:32
Sampling (4 threads)  49%|██████████████▊               |  ETA: 1:42:59
Sampling (4 threads)  50%|██████████████▉               |  ETA: 1:40:57
Sampling (4 threads)  50%|███████████████               |  ETA: 1:42:01
Sampling (4 threads)  50%|███████████████▏              |  ETA: 1:40:00
Sampling (4 threads)  51%|███████████████▎              |  ETA: 1:40:31
Sampling (4 threads)  52%|███████████████▌              |  ETA: 1:38:32
Sampling (4 threads)  52%|███████████████▋              |  ETA: 1:36:35
Sampling (4 threads)  52%|███████████████▊              |  ETA: 1:37:09
Sampling (4 threads)  53%|███████████████▉              |  ETA: 1:35:13
Sampling (4 threads)  54%|████████████████              |  ETA: 1:36:14
Sampling (4 threads)  54%|████████████████▎             |  ETA: 1:34:19
Sampling (4 threads)  55%|████████████████▍             |  ETA: 1:32:26
Sampling (4 threads)  55%|████████████████▌             |  ETA: 1:33:46
Sampling (4 threads)  56%|████████████████▋             |  ETA: 1:31:54
Sampling (4 threads)  56%|████████████████▊             |  ETA: 1:30:03
Sampling (4 threads)  56%|█████████████████             |  ETA: 1:31:12
Sampling (4 threads)  57%|█████████████████▏            |  ETA: 1:29:22
Sampling (4 threads)  57%|█████████████████▎            |  ETA: 1:27:34
Sampling (4 threads)  58%|█████████████████▍            |  ETA: 1:27:38
Sampling (4 threads)  58%|█████████████████▌            |  ETA: 1:25:51
Sampling (4 threads)  59%|█████████████████▊            |  ETA: 1:26:43
Sampling (4 threads)  60%|█████████████████▉            |  ETA: 1:24:56
Sampling (4 threads)  60%|██████████████████            |  ETA: 1:23:11
Sampling (4 threads)  60%|██████████████████▏           |  ETA: 1:23:25
Sampling (4 threads)  61%|██████████████████▎           |  ETA: 1:21:41
Sampling (4 threads)  62%|██████████████████▌           |  ETA: 1:22:15
Sampling (4 threads)  62%|██████████████████▋           |  ETA: 1:20:32
Sampling (4 threads)  62%|██████████████████▊           |  ETA: 1:18:50
Sampling (4 threads)  63%|██████████████████▉           |  ETA: 1:20:18
Sampling (4 threads)  64%|███████████████████           |  ETA: 1:18:35
Sampling (4 threads)  64%|███████████████████▎          |  ETA: 1:16:54
Sampling (4 threads)  64%|███████████████████▍          |  ETA: 1:17:18
Sampling (4 threads)  65%|███████████████████▌          |  ETA: 1:15:37
Sampling (4 threads)  66%|███████████████████▋          |  ETA: 1:13:58
Sampling (4 threads)  66%|███████████████████▊          |  ETA: 1:12:21
Sampling (4 threads)  66%|████████████████████          |  ETA: 1:12:46
Sampling (4 threads)  67%|████████████████████▏         |  ETA: 1:11:08
Sampling (4 threads)  68%|████████████████████▎         |  ETA: 1:10:33
Sampling (4 threads)  68%|████████████████████▍         |  ETA: 1:08:57
Sampling (4 threads)  68%|████████████████████▌         |  ETA: 1:09:07
Sampling (4 threads)  69%|████████████████████▊         |  ETA: 1:07:32
Sampling (4 threads)  70%|████████████████████▉         |  ETA: 1:05:58
Sampling (4 threads)  70%|█████████████████████         |  ETA: 1:04:25
Sampling (4 threads)  70%|█████████████████████▏        |  ETA: 1:04:33
Sampling (4 threads)  71%|█████████████████████▎        |  ETA: 1:03:00
Sampling (4 threads)  72%|█████████████████████▌        |  ETA: 1:01:29
Sampling (4 threads)  72%|█████████████████████▋        |  ETA: 1:01:29
Sampling (4 threads)  72%|█████████████████████▊        |  ETA: 0:59:59
Sampling (4 threads)  73%|█████████████████████▉        |  ETA: 0:58:29
Sampling (4 threads)  74%|██████████████████████        |  ETA: 0:58:24
Sampling (4 threads)  74%|██████████████████████▎       |  ETA: 0:56:54
Sampling (4 threads)  74%|██████████████████████▍       |  ETA: 0:55:26
Sampling (4 threads)  75%|██████████████████████▌       |  ETA: 0:53:59
Sampling (4 threads)  76%|██████████████████████▋       |  ETA: 0:53:46
Sampling (4 threads)  76%|██████████████████████▊       |  ETA: 0:52:19
Sampling (4 threads)  76%|███████████████████████       |  ETA: 0:50:53
Sampling (4 threads)  77%|███████████████████████▏      |  ETA: 0:50:33
Sampling (4 threads)  78%|███████████████████████▎      |  ETA: 0:49:08
Sampling (4 threads)  78%|███████████████████████▍      |  ETA: 0:47:44
Sampling (4 threads)  78%|███████████████████████▌      |  ETA: 0:47:31
Sampling (4 threads)  79%|███████████████████████▊      |  ETA: 0:46:07
Sampling (4 threads)  80%|███████████████████████▉      |  ETA: 0:44:44
Sampling (4 threads)  80%|████████████████████████      |  ETA: 0:43:22
Sampling (4 threads)  80%|████████████████████████▏     |  ETA: 0:42:45
Sampling (4 threads)  81%|████████████████████████▎     |  ETA: 0:41:24
Sampling (4 threads)  82%|████████████████████████▌     |  ETA: 0:40:37
Sampling (4 threads)  82%|████████████████████████▋     |  ETA: 0:39:17
Sampling (4 threads)  82%|████████████████████████▊     |  ETA: 0:38:36
Sampling (4 threads)  83%|████████████████████████▉     |  ETA: 0:37:17
Sampling (4 threads)  84%|█████████████████████████     |  ETA: 0:35:58
Sampling (4 threads)  84%|█████████████████████████▎    |  ETA: 0:35:19
Sampling (4 threads)  84%|█████████████████████████▍    |  ETA: 0:34:00
Sampling (4 threads)  85%|█████████████████████████▌    |  ETA: 0:32:43
Sampling (4 threads)  86%|█████████████████████████▋    |  ETA: 0:31:26
Sampling (4 threads)  86%|█████████████████████████▊    |  ETA: 0:30:45
Sampling (4 threads)  86%|██████████████████████████    |  ETA: 0:29:29
Sampling (4 threads)  87%|██████████████████████████▏   |  ETA: 0:28:14
Sampling (4 threads)  88%|██████████████████████████▎   |  ETA: 0:27:29
Sampling (4 threads)  88%|██████████████████████████▍   |  ETA: 0:26:14
Sampling (4 threads)  88%|██████████████████████████▌   |  ETA: 0:25:00
Sampling (4 threads)  89%|██████████████████████████▊   |  ETA: 0:23:47
Sampling (4 threads)  90%|██████████████████████████▉   |  ETA: 0:23:01
Sampling (4 threads)  90%|███████████████████████████   |  ETA: 0:21:48
Sampling (4 threads)  90%|███████████████████████████▏  |  ETA: 0:20:36
Sampling (4 threads)  91%|███████████████████████████▎  |  ETA: 0:19:52
Sampling (4 threads)  92%|███████████████████████████▌  |  ETA: 0:18:39
Sampling (4 threads)  92%|███████████████████████████▋  |  ETA: 0:17:28
Sampling (4 threads)  92%|███████████████████████████▊  |  ETA: 0:16:17
Sampling (4 threads)  93%|███████████████████████████▉  |  ETA: 0:15:22
Sampling (4 threads)  94%|████████████████████████████  |  ETA: 0:14:11
Sampling (4 threads)  94%|████████████████████████████▎ |  ETA: 0:13:02
Sampling (4 threads)  94%|████████████████████████████▍ |  ETA: 0:11:57
Sampling (4 threads)  95%|████████████████████████████▌ |  ETA: 0:10:53
Sampling (4 threads)  96%|████████████████████████████▋ |  ETA: 0:09:48
Sampling (4 threads)  96%|████████████████████████████▊ |  ETA: 0:08:42
Sampling (4 threads)  96%|█████████████████████████████ |  ETA: 0:07:38
Sampling (4 threads)  97%|█████████████████████████████▏|  ETA: 0:06:32
Sampling (4 threads)  98%|█████████████████████████████▎|  ETA: 0:05:28
Sampling (4 threads)  98%|█████████████████████████████▍|  ETA: 0:04:22
Sampling (4 threads)  98%|█████████████████████████████▌|  ETA: 0:03:17
Sampling (4 threads)  99%|█████████████████████████████▊|  ETA: 0:02:11
Sampling (4 threads) 100%|█████████████████████████████▉|  ETA: 0:01:06
Sampling (4 threads) 100%|██████████████████████████████| Time: 3:38:20
Sampling (4 threads) 100%|██████████████████████████████| Time: 3:38:20
