Chains MCMC chain (250×67×4 Array{Float64, 3}):

Iterations        = 126:1:375
Number of chains  = 4
Samples per chain = 250
Wall duration     = 7522.32 seconds
Compute duration  = 21824.47 seconds
parameters        = a_w_s[1], a_w_s[2], b_w_s[1], b_w_s[2], a_p_s[1], a_p_s[2], a_p_s[3], a_p_s[4], a_p_s[5], a_p_s[6], a_p_s[7], a_p_s[8], a_p_s[9], a_p_s[10], a_p_s[11], a_p_s[12], a_p_s[13], a_p_s[14], a_p_s[15], a_p_s[16], a_p_s[17], a_p_s[18], a_p_s[19], a_p_s[20], a_p_s[21], a_p_s[22], a_p_s[23], a_p_s[24], b_p_s[1], b_p_s[2], b_p_s[3], b_p_s[4], b_p_s[5], b_p_s[6], b_p_s[7], b_p_s[8], b_p_s[9], b_p_s[10], b_p_s[11], b_p_s[12], b_p_s[13], b_p_s[14], b_p_s[15], b_p_s[16], b_p_s[17], b_p_s[18], b_p_s[19], b_p_s[20], b_p_s[21], b_p_s[22], b_p_s[23], b_p_s[24], a_e, b_e, σ
internals         = lp, n_steps, is_accept, acceptance_rate, log_density, hamiltonian_energy, hamiltonian_energy_error, max_hamiltonian_energy_error, tree_depth, numerical_error, step_size, nom_step_size

Summary Statistics
  parameters      mean       std   naive_se      mcse        ess      rhat   ess_per_sec
      Symbol   Float64   Float64    Float64   Float64    Float64   Float64       Float64

    a_w_s[1]   -0.0108    0.5603     0.0177    0.0332   161.0604    1.0130        0.0074
    a_w_s[2]    0.0072    0.5607     0.0177    0.0332   161.2974    1.0130        0.0074
    b_w_s[1]   -0.0199    0.2707     0.0086    0.0180   242.3661    1.0081        0.0111
    b_w_s[2]   -0.0090    0.2709     0.0086    0.0181   240.9737    1.0082        0.0110
    a_p_s[1]   -0.0030    0.1789     0.0057    0.0153    77.2519    1.0378        0.0035
    a_p_s[2]   -0.1020    0.1787     0.0056    0.0153    77.8755    1.0380        0.0036
    a_p_s[3]    0.0429    0.1789     0.0057    0.0153    75.6209    1.0380        0.0035
    a_p_s[4]   -0.0888    0.1786     0.0056    0.0153    76.1734    1.0373        0.0035
    a_p_s[5]   -0.0452    0.1787     0.0057    0.0153    74.8711    1.0392        0.0034
    a_p_s[6]    0.0295    0.1786     0.0056    0.0153    77.3460    1.0384        0.0035
    a_p_s[7]   -0.0226    0.1786     0.0056    0.0153    76.1972    1.0381        0.0035
    a_p_s[8]    0.0491    0.1782     0.0056    0.0153    76.6952    1.0383        0.0035
    a_p_s[9]    0.0467    0.1789     0.0057    0.0152    76.4330    1.0383        0.0035
   a_p_s[10]   -0.0260    0.1785     0.0056    0.0152    76.9409    1.0382        0.0035
   a_p_s[11]    0.0495    0.1778     0.0056    0.0153    74.2975    1.0401        0.0034
   a_p_s[12]    0.1250    0.1795     0.0057    0.0154    76.3577    1.0384        0.0035
   a_p_s[13]   -0.0772    0.1780     0.0056    0.0152    75.8166    1.0388        0.0035
   a_p_s[14]    0.0407    0.1791     0.0057    0.0153    76.8752    1.0380        0.0035
   a_p_s[15]    0.0040    0.1787     0.0056    0.0152    77.1009    1.0377        0.0035
   a_p_s[16]    0.0122    0.1781     0.0056    0.0152    76.6531    1.0388        0.0035
   a_p_s[17]   -0.1786    0.1789     0.0057    0.0153    77.1364    1.0374        0.0035
   a_p_s[18]   -0.0257    0.1780     0.0056    0.0152    77.1531    1.0379        0.0035
   a_p_s[19]    0.2557    0.1782     0.0056    0.0152    76.7467    1.0379        0.0035
   a_p_s[20]    0.0424    0.1783     0.0056    0.0153    75.1227    1.0386        0.0034
   a_p_s[21]   -0.0513    0.1791     0.0057    0.0153    76.5288    1.0383        0.0035
   a_p_s[22]   -0.0927    0.1794     0.0057    0.0153    76.6153    1.0386        0.0035
   a_p_s[23]    0.0672    0.1793     0.0057    0.0153    77.2141    1.0381        0.0035
   a_p_s[24]    0.0923    0.1785     0.0056    0.0153    74.5550    1.0391        0.0034
    b_p_s[1]    0.0170    0.1063     0.0034    0.0067   195.5489    1.0138        0.0090
    b_p_s[2]    0.0208    0.1074     0.0034    0.0068   193.7250    1.0128        0.0089
    b_p_s[3]    0.0150    0.1069     0.0034    0.0067   194.6716    1.0139        0.0089
    b_p_s[4]   -0.0056    0.1072     0.0034    0.0068   194.1636    1.0137        0.0089
    b_p_s[5]   -0.0142    0.1069     0.0034    0.0068   194.3504    1.0134        0.0089
    b_p_s[6]   -0.0689    0.1069     0.0034    0.0068   191.4830    1.0141        0.0088
    b_p_s[7]    0.0247    0.1072     0.0034    0.0068   191.8428    1.0143        0.0088
    b_p_s[8]   -0.0321    0.1070     0.0034    0.0068   192.7545    1.0139        0.0088
    b_p_s[9]   -0.0334    0.1069     0.0034    0.0068   190.5389    1.0133        0.0087
   b_p_s[10]    0.0161    0.1064     0.0034    0.0066   195.9312    1.0134        0.0090
   b_p_s[11]    0.0242    0.1068     0.0034    0.0068   188.9884    1.0144        0.0087
   b_p_s[12]   -0.0215    0.1071     0.0034    0.0067   188.7647    1.0139        0.0086
   b_p_s[13]    0.0122    0.1073     0.0034    0.0069   189.9670    1.0148        0.0087
   b_p_s[14]   -0.0341    0.1071     0.0034    0.0067   197.5056    1.0144        0.0090
   b_p_s[15]    0.0038    0.1071     0.0034    0.0067   198.1497    1.0130        0.0091
   b_p_s[16]    0.0106    0.1073     0.0034    0.0068   190.2186    1.0141        0.0087
   b_p_s[17]    0.0211    0.1074     0.0034    0.0068   195.2827    1.0139        0.0089
   b_p_s[18]    0.0200    0.1068     0.0034    0.0067   195.4021    1.0136        0.0090
   b_p_s[19]    0.0012    0.1067     0.0034    0.0067   193.9000    1.0134        0.0089
   b_p_s[20]    0.0218    0.1070     0.0034    0.0068   193.8701    1.0141        0.0089
   b_p_s[21]    0.0186    0.1078     0.0034    0.0067   192.9882    1.0138        0.0088
   b_p_s[22]    0.0227    0.1065     0.0034    0.0066   193.0709    1.0136        0.0088
   b_p_s[23]   -0.0153    0.1074     0.0034    0.0067   197.8918    1.0128        0.0091
   b_p_s[24]    0.0162    0.1070     0.0034    0.0068   195.5599    1.0139        0.0090
         a_e    0.0002    0.5946     0.0188    0.0404   131.9395    1.0256        0.0060
         b_e    0.0140    0.2734     0.0086    0.0190   245.1108    1.0038        0.0112
           σ    0.5645    0.0020     0.0001    0.0001   693.1243    1.0058        0.0318

Quantiles
  parameters      2.5%     25.0%     50.0%     75.0%     97.5%
      Symbol   Float64   Float64   Float64   Float64   Float64

    a_w_s[1]   -1.1957   -0.3774   -0.0077    0.4257    1.0413
    a_w_s[2]   -1.1832   -0.3622    0.0097    0.4386    1.0564
    b_w_s[1]   -0.5599   -0.1942   -0.0002    0.1600    0.4944
    b_w_s[2]   -0.5484   -0.1859    0.0104    0.1725    0.5034
    a_p_s[1]   -0.3699   -0.1124    0.0086    0.1183    0.3254
    a_p_s[2]   -0.4655   -0.2142   -0.0900    0.0204    0.2323
    a_p_s[3]   -0.3303   -0.0693    0.0501    0.1647    0.3743
    a_p_s[4]   -0.4553   -0.2001   -0.0809    0.0336    0.2436
    a_p_s[5]   -0.4181   -0.1549   -0.0357    0.0759    0.2834
    a_p_s[6]   -0.3491   -0.0819    0.0388    0.1513    0.3618
    a_p_s[7]   -0.3862   -0.1334   -0.0137    0.0974    0.3090
    a_p_s[8]   -0.3181   -0.0585    0.0602    0.1702    0.3829
    a_p_s[9]   -0.3252   -0.0618    0.0566    0.1662    0.3751
   a_p_s[10]   -0.4013   -0.1349   -0.0151    0.0966    0.3056
   a_p_s[11]   -0.3206   -0.0620    0.0599    0.1741    0.3791
   a_p_s[12]   -0.2440    0.0132    0.1338    0.2510    0.4632
   a_p_s[13]   -0.4508   -0.1865   -0.0678    0.0435    0.2562
   a_p_s[14]   -0.3387   -0.0687    0.0510    0.1581    0.3735
   a_p_s[15]   -0.3618   -0.1033    0.0136    0.1253    0.3394
   a_p_s[16]   -0.3634   -0.0945    0.0234    0.1326    0.3465
   a_p_s[17]   -0.5496   -0.2882   -0.1712   -0.0550    0.1496
   a_p_s[18]   -0.3926   -0.1331   -0.0161    0.0970    0.3034
   a_p_s[19]   -0.1117    0.1472    0.2630    0.3761    0.5791
   a_p_s[20]   -0.3268   -0.0708    0.0497    0.1647    0.3758
   a_p_s[21]   -0.4256   -0.1598   -0.0429    0.0690    0.2770
   a_p_s[22]   -0.4680   -0.2035   -0.0835    0.0271    0.2442
   a_p_s[23]   -0.3145   -0.0435    0.0761    0.1892    0.4025
   a_p_s[24]   -0.2871   -0.0150    0.1014    0.2116    0.4255
    b_p_s[1]   -0.2175   -0.0537    0.0245    0.0892    0.2131
    b_p_s[2]   -0.2218   -0.0494    0.0285    0.0964    0.2150
    b_p_s[3]   -0.2349   -0.0576    0.0212    0.0873    0.2176
    b_p_s[4]   -0.2462   -0.0738    0.0020    0.0674    0.1947
    b_p_s[5]   -0.2481   -0.0839   -0.0082    0.0594    0.1877
    b_p_s[6]   -0.3067   -0.1415   -0.0635    0.0061    0.1379
    b_p_s[7]   -0.2182   -0.0496    0.0315    0.0961    0.2287
    b_p_s[8]   -0.2697   -0.1022   -0.0265    0.0414    0.1706
    b_p_s[9]   -0.2720   -0.1029   -0.0273    0.0387    0.1726
   b_p_s[10]   -0.2194   -0.0539    0.0226    0.0876    0.2143
   b_p_s[11]   -0.2170   -0.0461    0.0306    0.0940    0.2233
   b_p_s[12]   -0.2653   -0.0914   -0.0135    0.0519    0.1781
   b_p_s[13]   -0.2328   -0.0593    0.0200    0.0841    0.2174
   b_p_s[14]   -0.2813   -0.1067   -0.0246    0.0365    0.1711
   b_p_s[15]   -0.2363   -0.0658    0.0097    0.0751    0.2090
   b_p_s[16]   -0.2289   -0.0600    0.0165    0.0814    0.2116
   b_p_s[17]   -0.2261   -0.0517    0.0293    0.0968    0.2185
   b_p_s[18]   -0.2217   -0.0519    0.0261    0.0910    0.2229
   b_p_s[19]   -0.2414   -0.0720    0.0091    0.0730    0.1957
   b_p_s[20]   -0.2232   -0.0509    0.0275    0.0969    0.2246
   b_p_s[21]   -0.2265   -0.0529    0.0250    0.0918    0.2253
   b_p_s[22]   -0.2160   -0.0484    0.0294    0.0939    0.2243
   b_p_s[23]   -0.2652   -0.0864   -0.0074    0.0582    0.1826
   b_p_s[24]   -0.2237   -0.0550    0.0253    0.0902    0.2186
         a_e   -1.1661   -0.3987    0.0479    0.3655    1.2279
         b_e   -0.5245   -0.1574   -0.0014    0.1938    0.5776
           σ    0.5606    0.5632    0.5645    0.5658    0.5684

