Chains MCMC chain (250×67×4 Array{Float64, 3}):

Iterations        = 126:1:375
Number of chains  = 4
Samples per chain = 250
Wall duration     = 3860.76 seconds
Compute duration  = 13542.85 seconds
parameters        = a_w_s[1], a_w_s[2], b_w_s[1], b_w_s[2], a_p_s[1], a_p_s[2], a_p_s[3], a_p_s[4], a_p_s[5], a_p_s[6], a_p_s[7], a_p_s[8], a_p_s[9], a_p_s[10], a_p_s[11], a_p_s[12], a_p_s[13], a_p_s[14], a_p_s[15], a_p_s[16], a_p_s[17], a_p_s[18], a_p_s[19], a_p_s[20], a_p_s[21], a_p_s[22], a_p_s[23], a_p_s[24], b_p_s[1], b_p_s[2], b_p_s[3], b_p_s[4], b_p_s[5], b_p_s[6], b_p_s[7], b_p_s[8], b_p_s[9], b_p_s[10], b_p_s[11], b_p_s[12], b_p_s[13], b_p_s[14], b_p_s[15], b_p_s[16], b_p_s[17], b_p_s[18], b_p_s[19], b_p_s[20], b_p_s[21], b_p_s[22], b_p_s[23], b_p_s[24], a_e, b_e, σ
internals         = lp, n_steps, is_accept, acceptance_rate, log_density, hamiltonian_energy, hamiltonian_energy_error, max_hamiltonian_energy_error, tree_depth, numerical_error, step_size, nom_step_size

Summary Statistics
  parameters      mean       std   naive_se      mcse         ess      rhat   ess_per_sec
      Symbol   Float64   Float64    Float64   Float64     Float64   Float64       Float64

    a_w_s[1]   -0.0252    0.5621     0.0178    0.0369    194.1937    1.0175        0.0143
    a_w_s[2]    0.0045    0.5615     0.0178    0.0369    193.9862    1.0174        0.0143
    b_w_s[1]   -0.0089    0.2975     0.0094    0.0162    303.2302    1.0045        0.0224
    b_w_s[2]   -0.0169    0.2976     0.0094    0.0163    303.3335    1.0045        0.0224
    a_p_s[1]   -0.1669    0.2035     0.0064    0.0137    198.1221    1.0252        0.0146
    a_p_s[2]    0.2171    0.2029     0.0064    0.0134    204.3724    1.0230        0.0151
    a_p_s[3]    0.2378    0.2030     0.0064    0.0136    201.7531    1.0231        0.0149
    a_p_s[4]    0.0320    0.2020     0.0064    0.0133    206.9310    1.0231        0.0153
    a_p_s[5]    0.1376    0.2017     0.0064    0.0134    200.4501    1.0228        0.0148
    a_p_s[6]   -0.1355    0.2017     0.0064    0.0135    200.2250    1.0248        0.0148
    a_p_s[7]   -0.1774    0.2027     0.0064    0.0135    204.4802    1.0233        0.0151
    a_p_s[8]   -0.0335    0.2042     0.0065    0.0138    196.1935    1.0255        0.0145
    a_p_s[9]    0.0573    0.2032     0.0064    0.0134    200.2628    1.0251        0.0148
   a_p_s[10]   -0.2657    0.2022     0.0064    0.0136    203.5290    1.0232        0.0150
   a_p_s[11]   -0.2739    0.2024     0.0064    0.0135    202.0977    1.0241        0.0149
   a_p_s[12]   -0.0737    0.2021     0.0064    0.0135    201.3574    1.0233        0.0149
   a_p_s[13]    0.1279    0.2027     0.0064    0.0135    202.5713    1.0240        0.0150
   a_p_s[14]    0.1154    0.2017     0.0064    0.0135    203.2190    1.0233        0.0150
   a_p_s[15]    0.0644    0.2024     0.0064    0.0135    202.9037    1.0242        0.0150
   a_p_s[16]   -0.2573    0.2033     0.0064    0.0136    201.4679    1.0236        0.0149
   a_p_s[17]   -0.1305    0.2026     0.0064    0.0136    201.0254    1.0235        0.0148
   a_p_s[18]   -0.0231    0.2018     0.0064    0.0133    204.0784    1.0225        0.0151
   a_p_s[19]   -0.3009    0.2022     0.0064    0.0135    201.4063    1.0253        0.0149
   a_p_s[20]    0.1163    0.2024     0.0064    0.0136    200.9413    1.0232        0.0148
   a_p_s[21]    0.2942    0.2019     0.0064    0.0136    200.6216    1.0255        0.0148
   a_p_s[22]    0.1290    0.2024     0.0064    0.0136    200.3564    1.0240        0.0148
   a_p_s[23]    0.0947    0.2014     0.0064    0.0134    201.5509    1.0224        0.0149
   a_p_s[24]    0.1113    0.2029     0.0064    0.0134    203.5445    1.0241        0.0150
    b_p_s[1]   -0.0384    0.0968     0.0031    0.0045    379.0714    1.0009        0.0280
    b_p_s[2]   -0.0255    0.0970     0.0031    0.0046    380.2864    1.0002        0.0281
    b_p_s[3]    0.0216    0.0980     0.0031    0.0048    376.6847    1.0027        0.0278
    b_p_s[4]   -0.0126    0.0981     0.0031    0.0048    393.4312    1.0019        0.0291
    b_p_s[5]    0.0339    0.0976     0.0031    0.0048    379.7875    1.0014        0.0280
    b_p_s[6]   -0.0592    0.0985     0.0031    0.0048    376.8874    1.0018        0.0278
    b_p_s[7]   -0.0135    0.0973     0.0031    0.0045    382.5431    1.0004        0.0282
    b_p_s[8]    0.0189    0.0980     0.0031    0.0046    382.4314    1.0013        0.0282
    b_p_s[9]   -0.0789    0.0979     0.0031    0.0045    383.8267    0.9995        0.0283
   b_p_s[10]    0.0140    0.0974     0.0031    0.0044    397.5028    1.0013        0.0294
   b_p_s[11]    0.0307    0.0974     0.0031    0.0045    377.5546    1.0018        0.0279
   b_p_s[12]    0.0814    0.0968     0.0031    0.0045    382.2981    1.0014        0.0282
   b_p_s[13]    0.0527    0.0972     0.0031    0.0044    393.2594    1.0010        0.0290
   b_p_s[14]    0.0255    0.0972     0.0031    0.0045    394.4955    1.0006        0.0291
   b_p_s[15]   -0.0129    0.0967     0.0031    0.0047    388.4360    1.0013        0.0287
   b_p_s[16]   -0.0588    0.0990     0.0031    0.0047    396.5207    1.0018        0.0293
   b_p_s[17]   -0.0286    0.0992     0.0031    0.0046    389.7985    1.0006        0.0288
   b_p_s[18]    0.0120    0.0968     0.0031    0.0046    374.3647    1.0027        0.0276
   b_p_s[19]   -0.0276    0.0969     0.0031    0.0043    378.5217    0.9999        0.0279
   b_p_s[20]    0.0305    0.0978     0.0031    0.0045    390.1850    1.0008        0.0288
   b_p_s[21]    0.0142    0.0972     0.0031    0.0045    386.1239    1.0008        0.0285
   b_p_s[22]   -0.0089    0.0967     0.0031    0.0044    381.8906    1.0012        0.0282
   b_p_s[23]    0.0207    0.0971     0.0031    0.0046    369.9269    1.0002        0.0273
   b_p_s[24]   -0.0188    0.0985     0.0031    0.0044    404.5985    1.0026        0.0299
         a_e    0.0142    0.5459     0.0173    0.0359    209.1494    1.0082        0.0154
         b_e   -0.0181    0.2955     0.0093    0.0161    299.7164    1.0055        0.0221
           σ    0.9844    0.0035     0.0001    0.0001   1075.6889    0.9985        0.0794

Quantiles
  parameters      2.5%     25.0%     50.0%     75.0%     97.5%
      Symbol   Float64   Float64   Float64   Float64   Float64

    a_w_s[1]   -1.2140   -0.4065   -0.0313    0.3585    1.0371
    a_w_s[2]   -1.1865   -0.3737   -0.0015    0.3800    1.0698
    b_w_s[1]   -0.6325   -0.2078    0.0100    0.2004    0.5590
    b_w_s[2]   -0.6371   -0.2179    0.0013    0.1944    0.5395
    a_p_s[1]   -0.5631   -0.2934   -0.1723   -0.0332    0.2494
    a_p_s[2]   -0.1819    0.0904    0.2105    0.3470    0.6177
    a_p_s[3]   -0.1528    0.1101    0.2276    0.3630    0.6544
    a_p_s[4]   -0.3631   -0.0894    0.0232    0.1600    0.4582
    a_p_s[5]   -0.2497    0.0156    0.1239    0.2662    0.5707
    a_p_s[6]   -0.5113   -0.2626   -0.1452   -0.0059    0.2649
    a_p_s[7]   -0.5632   -0.3030   -0.1865   -0.0480    0.2432
    a_p_s[8]   -0.4090   -0.1595   -0.0409    0.0962    0.3913
    a_p_s[9]   -0.3264   -0.0649    0.0479    0.1844    0.4873
   a_p_s[10]   -0.6655   -0.3937   -0.2776   -0.1359    0.1507
   a_p_s[11]   -0.6636   -0.4000   -0.2812   -0.1466    0.1550
   a_p_s[12]   -0.4614   -0.2006   -0.0810    0.0510    0.3596
   a_p_s[13]   -0.2541    0.0013    0.1148    0.2542    0.5538
   a_p_s[14]   -0.2635   -0.0103    0.1043    0.2504    0.5240
   a_p_s[15]   -0.3159   -0.0610    0.0537    0.1972    0.4873
   a_p_s[16]   -0.6468   -0.3911   -0.2663   -0.1242    0.1626
   a_p_s[17]   -0.5147   -0.2613   -0.1418    0.0027    0.2998
   a_p_s[18]   -0.4095   -0.1482   -0.0312    0.1038    0.3838
   a_p_s[19]   -0.6871   -0.4302   -0.3121   -0.1697    0.1126
   a_p_s[20]   -0.2695   -0.0118    0.1025    0.2466    0.5347
   a_p_s[21]   -0.0878    0.1688    0.2853    0.4231    0.7149
   a_p_s[22]   -0.2644   -0.0004    0.1198    0.2601    0.5566
   a_p_s[23]   -0.2959   -0.0312    0.0866    0.2209    0.5022
   a_p_s[24]   -0.2818   -0.0117    0.0995    0.2358    0.5402
    b_p_s[1]   -0.2257   -0.1060   -0.0395    0.0249    0.1536
    b_p_s[2]   -0.2093   -0.0927   -0.0260    0.0364    0.1638
    b_p_s[3]   -0.1692   -0.0461    0.0201    0.0819    0.2173
    b_p_s[4]   -0.1939   -0.0801   -0.0149    0.0531    0.1800
    b_p_s[5]   -0.1493   -0.0334    0.0345    0.0971    0.2216
    b_p_s[6]   -0.2444   -0.1277   -0.0573    0.0029    0.1342
    b_p_s[7]   -0.1972   -0.0815   -0.0171    0.0540    0.1815
    b_p_s[8]   -0.1689   -0.0449    0.0166    0.0826    0.2140
    b_p_s[9]   -0.2733   -0.1432   -0.0803   -0.0149    0.1165
   b_p_s[10]   -0.1665   -0.0531    0.0118    0.0759    0.2041
   b_p_s[11]   -0.1557   -0.0340    0.0294    0.0920    0.2272
   b_p_s[12]   -0.0979    0.0141    0.0831    0.1449    0.2744
   b_p_s[13]   -0.1314   -0.0112    0.0523    0.1153    0.2392
   b_p_s[14]   -0.1546   -0.0410    0.0252    0.0872    0.2206
   b_p_s[15]   -0.2017   -0.0797   -0.0119    0.0482    0.1887
   b_p_s[16]   -0.2485   -0.1267   -0.0636    0.0053    0.1366
   b_p_s[17]   -0.2134   -0.0998   -0.0281    0.0363    0.1706
   b_p_s[18]   -0.1772   -0.0545    0.0115    0.0734    0.1996
   b_p_s[19]   -0.2139   -0.0932   -0.0307    0.0377    0.1634
   b_p_s[20]   -0.1595   -0.0383    0.0326    0.0955    0.2209
   b_p_s[21]   -0.1678   -0.0522    0.0139    0.0760    0.2044
   b_p_s[22]   -0.1984   -0.0749   -0.0095    0.0527    0.1894
   b_p_s[23]   -0.1673   -0.0455    0.0191    0.0845    0.2123
   b_p_s[24]   -0.2120   -0.0876   -0.0202    0.0456    0.1740
         a_e   -1.1214   -0.3790    0.0183    0.3946    1.0517
         b_e   -0.5976   -0.2227   -0.0294    0.1948    0.5685
           σ    0.9775    0.9820    0.9846    0.9868    0.9912

