Chains MCMC chain (250×67×4 Array{Float64, 3}):

Iterations        = 126:1:375
Number of chains  = 4
Samples per chain = 250
Wall duration     = 3192.24 seconds
Compute duration  = 10647.95 seconds
parameters        = a_w_s[1], a_w_s[2], b_w_s[1], b_w_s[2], a_p_s[1], a_p_s[2], a_p_s[3], a_p_s[4], a_p_s[5], a_p_s[6], a_p_s[7], a_p_s[8], a_p_s[9], a_p_s[10], a_p_s[11], a_p_s[12], a_p_s[13], a_p_s[14], a_p_s[15], a_p_s[16], a_p_s[17], a_p_s[18], a_p_s[19], a_p_s[20], a_p_s[21], a_p_s[22], a_p_s[23], a_p_s[24], b_p_s[1], b_p_s[2], b_p_s[3], b_p_s[4], b_p_s[5], b_p_s[6], b_p_s[7], b_p_s[8], b_p_s[9], b_p_s[10], b_p_s[11], b_p_s[12], b_p_s[13], b_p_s[14], b_p_s[15], b_p_s[16], b_p_s[17], b_p_s[18], b_p_s[19], b_p_s[20], b_p_s[21], b_p_s[22], b_p_s[23], b_p_s[24], a_e, b_e, σ
internals         = lp, n_steps, is_accept, acceptance_rate, log_density, hamiltonian_energy, hamiltonian_energy_error, max_hamiltonian_energy_error, tree_depth, numerical_error, step_size, nom_step_size

Summary Statistics
  parameters      mean       std   naive_se      mcse         ess      rhat   ess_per_sec
      Symbol   Float64   Float64    Float64   Float64     Float64   Float64       Float64

    a_w_s[1]    0.1235    0.5577     0.0176    0.0645     39.7876    1.0795        0.0037
    a_w_s[2]   -0.2175    0.5596     0.0177    0.0646     39.4364    1.0802        0.0037
    b_w_s[1]   -0.0690    0.2695     0.0085    0.0165    195.0447    1.0076        0.0183
    b_w_s[2]    0.1681    0.2703     0.0085    0.0170    187.0677    1.0079        0.0176
    a_p_s[1]   -0.7203    0.2336     0.0074    0.0198     92.0210    1.0486        0.0086
    a_p_s[2]    0.3583    0.2366     0.0075    0.0204     85.8270    1.0467        0.0081
    a_p_s[3]   -0.5038    0.2345     0.0074    0.0198     93.6158    1.0461        0.0088
    a_p_s[4]    0.6437    0.2391     0.0076    0.0207     91.3906    1.0433        0.0086
    a_p_s[5]   -0.0576    0.2318     0.0073    0.0196     93.1580    1.0487        0.0087
    a_p_s[6]   -1.1025    0.2248     0.0071    0.0195     90.7627    1.0412        0.0085
    a_p_s[7]    0.1283    0.2291     0.0072    0.0199     84.5885    1.0493        0.0079
    a_p_s[8]    0.6939    0.2294     0.0073    0.0202     88.2928    1.0482        0.0083
    a_p_s[9]   -0.5048    0.2290     0.0072    0.0198     85.1488    1.0498        0.0080
   a_p_s[10]   -0.3696    0.2296     0.0073    0.0191     95.1257    1.0435        0.0089
   a_p_s[11]    0.2026    0.2339     0.0074    0.0207     84.1528    1.0538        0.0079
   a_p_s[12]   -0.1024    0.2333     0.0074    0.0198     94.5383    1.0422        0.0089
   a_p_s[13]    0.3385    0.2305     0.0073    0.0198     89.4266    1.0445        0.0084
   a_p_s[14]    0.2243    0.2305     0.0073    0.0203     80.9683    1.0548        0.0076
   a_p_s[15]   -0.2340    0.2250     0.0071    0.0186    108.1035    1.0351        0.0102
   a_p_s[16]   -0.0548    0.2290     0.0072    0.0198     87.9132    1.0500        0.0083
   a_p_s[17]   -0.1262    0.2280     0.0072    0.0197     85.1685    1.0507        0.0080
   a_p_s[18]   -0.3586    0.2276     0.0072    0.0192     94.2389    1.0440        0.0089
   a_p_s[19]    0.2977    0.2285     0.0072    0.0199     85.5126    1.0519        0.0080
   a_p_s[20]    0.1847    0.2324     0.0074    0.0199     89.9789    1.0467        0.0085
   a_p_s[21]    1.2555    0.2340     0.0074    0.0205     85.7091    1.0518        0.0080
   a_p_s[22]   -0.0548    0.2355     0.0074    0.0204     83.2368    1.0495        0.0078
   a_p_s[23]   -0.2298    0.2307     0.0073    0.0194     93.0479    1.0454        0.0087
   a_p_s[24]    0.1717    0.2378     0.0075    0.0205     88.0808    1.0463        0.0083
    b_p_s[1]    0.0941    0.1496     0.0047    0.0069    370.8037    1.0026        0.0348
    b_p_s[2]    0.5747    0.1416     0.0045    0.0072    335.9753    1.0055        0.0316
    b_p_s[3]    0.0473    0.1467     0.0046    0.0073    360.5431    1.0056        0.0339
    b_p_s[4]   -0.1785    0.1456     0.0046    0.0071    360.7550    1.0074        0.0339
    b_p_s[5]    0.0106    0.1517     0.0048    0.0077    329.5531    1.0108        0.0309
    b_p_s[6]    0.4495    0.1448     0.0046    0.0060    355.5402    1.0011        0.0334
    b_p_s[7]   -0.0137    0.1501     0.0047    0.0067    412.7015    1.0048        0.0388
    b_p_s[8]    0.1242    0.1488     0.0047    0.0062    396.3503    1.0045        0.0372
    b_p_s[9]   -0.2636    0.1512     0.0048    0.0077    334.4968    1.0074        0.0314
   b_p_s[10]   -0.5104    0.1440     0.0046    0.0075    313.8722    1.0056        0.0295
   b_p_s[11]   -0.8583    0.1484     0.0047    0.0072    382.2385    1.0034        0.0359
   b_p_s[12]   -0.3739    0.1438     0.0045    0.0072    319.4805    1.0119        0.0300
   b_p_s[13]    0.0517    0.1469     0.0046    0.0073    332.5277    1.0033        0.0312
   b_p_s[14]    0.1451    0.1483     0.0047    0.0068    360.1875    1.0063        0.0338
   b_p_s[15]    0.4182    0.1483     0.0047    0.0074    360.1734    1.0057        0.0338
   b_p_s[16]    0.1317    0.1431     0.0045    0.0066    378.9491    1.0056        0.0356
   b_p_s[17]    0.2555    0.1445     0.0046    0.0069    319.0436    1.0055        0.0300
   b_p_s[18]   -0.2502    0.1404     0.0044    0.0066    367.7977    1.0020        0.0345
   b_p_s[19]   -0.3113    0.1453     0.0046    0.0066    419.7350    1.0046        0.0394
   b_p_s[20]   -0.2790    0.1419     0.0045    0.0071    316.9007    1.0065        0.0298
   b_p_s[21]    0.1819    0.1484     0.0047    0.0067    369.5103    1.0015        0.0347
   b_p_s[22]    0.2845    0.1498     0.0047    0.0070    374.8265    1.0016        0.0352
   b_p_s[23]    0.3157    0.1475     0.0047    0.0065    389.8622    1.0067        0.0366
   b_p_s[24]    0.0820    0.1423     0.0045    0.0068    347.1380    1.0063        0.0326
         a_e    0.0749    0.5580     0.0176    0.0625     66.6301    1.0447        0.0063
         b_e    0.0662    0.2716     0.0086    0.0158    213.1936    1.0043        0.0200
           σ    4.8089    0.0166     0.0005    0.0005   1104.7463    1.0007        0.1038

Quantiles
  parameters      2.5%     25.0%     50.0%     75.0%     97.5%
      Symbol   Float64   Float64   Float64   Float64   Float64

    a_w_s[1]   -0.9747   -0.2408    0.1359    0.4986    1.1188
    a_w_s[2]   -1.3199   -0.5895   -0.2084    0.1632    0.7913
    b_w_s[1]   -0.5983   -0.2337   -0.0707    0.0995    0.4857
    b_w_s[2]   -0.3741    0.0049    0.1720    0.3303    0.7539
    a_p_s[1]   -1.1831   -0.8701   -0.7106   -0.5702   -0.2793
    a_p_s[2]   -0.1289    0.2031    0.3625    0.5235    0.8063
    a_p_s[3]   -0.9918   -0.6536   -0.4899   -0.3499   -0.0646
    a_p_s[4]    0.1878    0.4824    0.6465    0.8029    1.0904
    a_p_s[5]   -0.5318   -0.2045   -0.0505    0.1010    0.3820
    a_p_s[6]   -1.5599   -1.2489   -1.0968   -0.9486   -0.6744
    a_p_s[7]   -0.3403   -0.0103    0.1297    0.2786    0.5951
    a_p_s[8]    0.2146    0.5485    0.7013    0.8400    1.1571
    a_p_s[9]   -0.9799   -0.6538   -0.4890   -0.3461   -0.1001
   a_p_s[10]   -0.8366   -0.5089   -0.3601   -0.2186    0.0888
   a_p_s[11]   -0.2742    0.0499    0.2131    0.3681    0.6540
   a_p_s[12]   -0.5429   -0.2628   -0.0844    0.0556    0.3420
   a_p_s[13]   -0.1795    0.2077    0.3492    0.4862    0.7675
   a_p_s[14]   -0.2536    0.0671    0.2348    0.3758    0.6532
   a_p_s[15]   -0.6973   -0.3756   -0.2265   -0.0845    0.1943
   a_p_s[16]   -0.5031   -0.2067   -0.0558    0.0985    0.4047
   a_p_s[17]   -0.5842   -0.2687   -0.1270    0.0331    0.3082
   a_p_s[18]   -0.8206   -0.4978   -0.3546   -0.2100    0.0997
   a_p_s[19]   -0.1590    0.1362    0.3076    0.4477    0.7361
   a_p_s[20]   -0.3033    0.0374    0.1888    0.3383    0.6224
   a_p_s[21]    0.7823    1.0956    1.2574    1.4156    1.7172
   a_p_s[22]   -0.5319   -0.2110   -0.0382    0.1012    0.3887
   a_p_s[23]   -0.6785   -0.3786   -0.2242   -0.0867    0.2295
   a_p_s[24]   -0.3032    0.0136    0.1827    0.3345    0.6354
    b_p_s[1]   -0.1976   -0.0034    0.0981    0.1923    0.3741
    b_p_s[2]    0.2974    0.4801    0.5792    0.6672    0.8405
    b_p_s[3]   -0.2374   -0.0544    0.0400    0.1428    0.3348
    b_p_s[4]   -0.4603   -0.2803   -0.1812   -0.0762    0.1154
    b_p_s[5]   -0.2744   -0.0900    0.0106    0.1152    0.2952
    b_p_s[6]    0.1690    0.3484    0.4519    0.5466    0.7339
    b_p_s[7]   -0.3095   -0.1183   -0.0154    0.0837    0.2779
    b_p_s[8]   -0.1648    0.0221    0.1265    0.2285    0.4020
    b_p_s[9]   -0.5683   -0.3650   -0.2574   -0.1596    0.0299
   b_p_s[10]   -0.7876   -0.6066   -0.5106   -0.4144   -0.2296
   b_p_s[11]   -1.1617   -0.9622   -0.8577   -0.7552   -0.5764
   b_p_s[12]   -0.6668   -0.4723   -0.3707   -0.2752   -0.1021
   b_p_s[13]   -0.2377   -0.0445    0.0539    0.1479    0.3456
   b_p_s[14]   -0.1359    0.0389    0.1446    0.2424    0.4465
   b_p_s[15]    0.1197    0.3221    0.4191    0.5202    0.7046
   b_p_s[16]   -0.1433    0.0360    0.1304    0.2311    0.4143
   b_p_s[17]   -0.0462    0.1558    0.2609    0.3530    0.5412
   b_p_s[18]   -0.5191   -0.3458   -0.2516   -0.1559    0.0220
   b_p_s[19]   -0.5940   -0.4120   -0.3129   -0.2154   -0.0160
   b_p_s[20]   -0.5508   -0.3764   -0.2841   -0.1875    0.0132
   b_p_s[21]   -0.0998    0.0781    0.1829    0.2882    0.4663
   b_p_s[22]   -0.0063    0.1834    0.2873    0.3858    0.5650
   b_p_s[23]    0.0224    0.2114    0.3185    0.4159    0.6011
   b_p_s[24]   -0.1918   -0.0113    0.0801    0.1754    0.3695
         a_e   -0.9921   -0.2794    0.0401    0.4121    1.2277
         b_e   -0.4722   -0.0893    0.0793    0.2305    0.6033
           σ    4.7751    4.7984    4.8092    4.8196    4.8411

