Chains MCMC chain (250×67×4 Array{Float64, 3}):

Iterations        = 126:1:375
Number of chains  = 4
Samples per chain = 250
Wall duration     = 1008.58 seconds
Compute duration  = 3760.96 seconds
parameters        = a_w_s[1], a_w_s[2], b_w_s[1], b_w_s[2], a_p_s[1], a_p_s[2], a_p_s[3], a_p_s[4], a_p_s[5], a_p_s[6], a_p_s[7], a_p_s[8], a_p_s[9], a_p_s[10], a_p_s[11], a_p_s[12], a_p_s[13], a_p_s[14], a_p_s[15], a_p_s[16], a_p_s[17], a_p_s[18], a_p_s[19], a_p_s[20], a_p_s[21], a_p_s[22], a_p_s[23], a_p_s[24], b_p_s[1], b_p_s[2], b_p_s[3], b_p_s[4], b_p_s[5], b_p_s[6], b_p_s[7], b_p_s[8], b_p_s[9], b_p_s[10], b_p_s[11], b_p_s[12], b_p_s[13], b_p_s[14], b_p_s[15], b_p_s[16], b_p_s[17], b_p_s[18], b_p_s[19], b_p_s[20], b_p_s[21], b_p_s[22], b_p_s[23], b_p_s[24], a_e, b_e, σ
internals         = lp, n_steps, is_accept, acceptance_rate, log_density, hamiltonian_energy, hamiltonian_energy_error, max_hamiltonian_energy_error, tree_depth, numerical_error, step_size, nom_step_size

Summary Statistics
  parameters      mean       std   naive_se      mcse         ess      rhat   ess_per_sec
      Symbol   Float64   Float64    Float64   Float64     Float64   Float64       Float64

    a_w_s[1]    0.0481    0.3932     0.0124    0.0587     10.1993    1.3125        0.0027
    a_w_s[2]    0.0456    0.3936     0.0124    0.0587     10.2055    1.3125        0.0027
    b_w_s[1]   -0.0472    0.2602     0.0082    0.0418     15.5977    1.1797        0.0041
    b_w_s[2]   -0.0166    0.2602     0.0082    0.0418     15.4397    1.1813        0.0041
    a_p_s[1]    0.0123    0.1602     0.0051    0.0248      8.0252    1.4775        0.0021
    a_p_s[2]   -0.2101    0.1596     0.0050    0.0247      7.9564    1.4852        0.0021
    a_p_s[3]    0.3038    0.1597     0.0050    0.0249      7.8555    1.4962        0.0021
    a_p_s[4]   -0.3695    0.1601     0.0051    0.0247      8.0910    1.4743        0.0022
    a_p_s[5]   -0.2667    0.1614     0.0051    0.0249      8.0907    1.4718        0.0022
    a_p_s[6]    0.7315    0.1599     0.0051    0.0248      7.9834    1.4801        0.0021
    a_p_s[7]   -0.2746    0.1603     0.0051    0.0249      7.9183    1.4900        0.0021
    a_p_s[8]   -0.0820    0.1606     0.0051    0.0248      8.1073    1.4688        0.0022
    a_p_s[9]   -0.0658    0.1612     0.0051    0.0250      7.9829    1.4817        0.0021
   a_p_s[10]   -0.2812    0.1604     0.0051    0.0248      7.9489    1.4857        0.0021
   a_p_s[11]   -0.5098    0.1603     0.0051    0.0248      8.0285    1.4817        0.0021
   a_p_s[12]   -0.0891    0.1606     0.0051    0.0249      7.9707    1.4853        0.0021
   a_p_s[13]    0.0355    0.1608     0.0051    0.0249      7.9601    1.4862        0.0021
   a_p_s[14]    0.1930    0.1591     0.0050    0.0247      7.8904    1.4918        0.0021
   a_p_s[15]    0.3440    0.1605     0.0051    0.0250      8.0013    1.4804        0.0021
   a_p_s[16]   -0.1619    0.1614     0.0051    0.0250      7.8994    1.4917        0.0021
   a_p_s[17]   -0.1714    0.1608     0.0051    0.0248      8.0697    1.4751        0.0021
   a_p_s[18]   -0.1599    0.1609     0.0051    0.0249      8.0536    1.4769        0.0021
   a_p_s[19]   -0.1847    0.1607     0.0051    0.0249      7.9856    1.4853        0.0021
   a_p_s[20]   -0.3093    0.1609     0.0051    0.0248      8.0585    1.4801        0.0021
   a_p_s[21]   -0.4395    0.1606     0.0051    0.0249      7.9056    1.4908        0.0021
   a_p_s[22]   -0.0820    0.1609     0.0051    0.0249      8.0147    1.4811        0.0021
   a_p_s[23]    0.1398    0.1601     0.0051    0.0247      8.0898    1.4740        0.0022
   a_p_s[24]   -0.1044    0.1613     0.0051    0.0250      7.9244    1.4875        0.0021
    b_p_s[1]   -0.0283    0.1135     0.0036    0.0149     37.1178    1.1191        0.0099
    b_p_s[2]   -0.0963    0.1140     0.0036    0.0149     37.2870    1.1170        0.0099
    b_p_s[3]    0.1009    0.1148     0.0036    0.0151     37.5411    1.1115        0.0100
    b_p_s[4]   -0.0694    0.1138     0.0036    0.0148     37.3235    1.1139        0.0099
    b_p_s[5]   -0.0681    0.1137     0.0036    0.0148     37.0697    1.1132        0.0099
    b_p_s[6]    0.0348    0.1132     0.0036    0.0146     38.4165    1.1105        0.0102
    b_p_s[7]   -0.0034    0.1132     0.0036    0.0147     36.6830    1.1187        0.0098
    b_p_s[8]   -0.0159    0.1138     0.0036    0.0150     36.8475    1.1190        0.0098
    b_p_s[9]   -0.0225    0.1136     0.0036    0.0149     37.4741    1.1142        0.0100
   b_p_s[10]    0.0170    0.1139     0.0036    0.0150     36.5072    1.1210        0.0097
   b_p_s[11]   -0.0166    0.1145     0.0036    0.0149     37.8841    1.1140        0.0101
   b_p_s[12]   -0.0248    0.1138     0.0036    0.0148     37.1616    1.1177        0.0099
   b_p_s[13]    0.0151    0.1144     0.0036    0.0150     36.5609    1.1223        0.0097
   b_p_s[14]   -0.0560    0.1143     0.0036    0.0151     36.8868    1.1149        0.0098
   b_p_s[15]    0.0284    0.1137     0.0036    0.0149     36.6867    1.1198        0.0098
   b_p_s[16]    0.0232    0.1142     0.0036    0.0150     37.4185    1.1158        0.0099
   b_p_s[17]   -0.0678    0.1138     0.0036    0.0149     37.6487    1.1164        0.0100
   b_p_s[18]   -0.0215    0.1138     0.0036    0.0149     36.2819    1.1263        0.0096
   b_p_s[19]    0.0063    0.1137     0.0036    0.0149     36.9670    1.1179        0.0098
   b_p_s[20]   -0.0417    0.1140     0.0036    0.0148     37.2202    1.1178        0.0099
   b_p_s[21]   -0.1729    0.1133     0.0036    0.0149     37.1526    1.1148        0.0099
   b_p_s[22]   -0.0162    0.1143     0.0036    0.0149     37.8467    1.1090        0.0101
   b_p_s[23]    0.0277    0.1132     0.0036    0.0149     36.2373    1.1204        0.0096
   b_p_s[24]    0.0045    0.1137     0.0036    0.0148     37.0565    1.1172        0.0099
         a_e    0.0447    0.3915     0.0124    0.0597     10.4976    1.2973        0.0028
         b_e    0.0012    0.2501     0.0079    0.0386     25.1665    1.1154        0.0067
           σ    1.2078    0.0042     0.0001    0.0001   1066.9492    0.9989        0.2837

Quantiles
  parameters      2.5%     25.0%     50.0%     75.0%     97.5%
      Symbol   Float64   Float64   Float64   Float64   Float64

    a_w_s[1]   -0.7628   -0.2105   -0.0063    0.3304    0.7807
    a_w_s[2]   -0.7576   -0.2163   -0.0081    0.3302    0.7754
    b_w_s[1]   -0.5351   -0.2494   -0.0492    0.1601    0.4266
    b_w_s[2]   -0.5079   -0.2172   -0.0104    0.1888    0.4665
    a_p_s[1]   -0.3209   -0.0787    0.0327    0.1233    0.2918
    a_p_s[2]   -0.5504   -0.2948   -0.1909   -0.1047    0.0782
    a_p_s[3]   -0.0322    0.2186    0.3203    0.4146    0.5776
    a_p_s[4]   -0.7062   -0.4622   -0.3492   -0.2651   -0.0751
    a_p_s[5]   -0.6035   -0.3520   -0.2457   -0.1596    0.0194
    a_p_s[6]    0.3985    0.6412    0.7548    0.8370    1.0134
    a_p_s[7]   -0.6082   -0.3648   -0.2523   -0.1684    0.0129
    a_p_s[8]   -0.4094   -0.1743   -0.0653    0.0297    0.2138
    a_p_s[9]   -0.4058   -0.1549   -0.0449    0.0384    0.2211
   a_p_s[10]   -0.6132   -0.3697   -0.2640   -0.1765    0.0138
   a_p_s[11]   -0.8511   -0.5980   -0.4924   -0.4040   -0.2204
   a_p_s[12]   -0.4187   -0.1780   -0.0662    0.0171    0.2003
   a_p_s[13]   -0.2991   -0.0551    0.0552    0.1436    0.3238
   a_p_s[14]   -0.1355    0.1016    0.2135    0.2995    0.4772
   a_p_s[15]    0.0093    0.2520    0.3672    0.4537    0.6321
   a_p_s[16]   -0.5007   -0.2499   -0.1449   -0.0550    0.1232
   a_p_s[17]   -0.5021   -0.2618   -0.1505   -0.0670    0.1276
   a_p_s[18]   -0.4957   -0.2494   -0.1395   -0.0511    0.1300
   a_p_s[19]   -0.5135   -0.2785   -0.1646   -0.0774    0.1055
   a_p_s[20]   -0.6411   -0.4012   -0.2904   -0.2017   -0.0135
   a_p_s[21]   -0.7761   -0.5296   -0.4232   -0.3331   -0.1585
   a_p_s[22]   -0.4200   -0.1722   -0.0637    0.0260    0.2026
   a_p_s[23]   -0.1919    0.0498    0.1556    0.2474    0.4328
   a_p_s[24]   -0.4315   -0.1947   -0.0859    0.0040    0.1817
    b_p_s[1]   -0.2780   -0.0954   -0.0192    0.0478    0.1754
    b_p_s[2]   -0.3444   -0.1680   -0.0874   -0.0207    0.1165
    b_p_s[3]   -0.1562    0.0277    0.1085    0.1784    0.3073
    b_p_s[4]   -0.3214   -0.1374   -0.0615    0.0102    0.1315
    b_p_s[5]   -0.3224   -0.1433   -0.0580    0.0060    0.1429
    b_p_s[6]   -0.2209   -0.0339    0.0461    0.1090    0.2562
    b_p_s[7]   -0.2519   -0.0690    0.0047    0.0745    0.2158
    b_p_s[8]   -0.2572   -0.0851   -0.0074    0.0621    0.1937
    b_p_s[9]   -0.2818   -0.0936   -0.0116    0.0503    0.1795
   b_p_s[10]   -0.2334   -0.0535    0.0258    0.0941    0.2343
   b_p_s[11]   -0.2712   -0.0882   -0.0078    0.0580    0.1992
   b_p_s[12]   -0.2799   -0.0944   -0.0154    0.0510    0.1798
   b_p_s[13]   -0.2343   -0.0601    0.0250    0.0900    0.2286
   b_p_s[14]   -0.3120   -0.1248   -0.0480    0.0198    0.1600
   b_p_s[15]   -0.2227   -0.0401    0.0374    0.1060    0.2382
   b_p_s[16]   -0.2307   -0.0474    0.0315    0.1012    0.2317
   b_p_s[17]   -0.3177   -0.1404   -0.0584    0.0090    0.1403
   b_p_s[18]   -0.2762   -0.0896   -0.0144    0.0593    0.1891
   b_p_s[19]   -0.2397   -0.0665    0.0144    0.0854    0.2127
   b_p_s[20]   -0.2973   -0.1038   -0.0344    0.0350    0.1753
   b_p_s[21]   -0.4259   -0.2457   -0.1640   -0.1004    0.0317
   b_p_s[22]   -0.2759   -0.0858   -0.0055    0.0601    0.2012
   b_p_s[23]   -0.2217   -0.0408    0.0366    0.1020    0.2392
   b_p_s[24]   -0.2512   -0.0599    0.0121    0.0813    0.2174
         a_e   -0.6235   -0.2533    0.0573    0.2892    0.9527
         b_e   -0.4634   -0.1866    0.0324    0.1827    0.4504
           σ    1.1999    1.2049    1.2078    1.2106    1.2159

