Chains MCMC chain (250×67×4 Array{Float64, 3}):

Iterations        = 126:1:375
Number of chains  = 4
Samples per chain = 250
Wall duration     = 5276.3 seconds
Compute duration  = 19888.26 seconds
parameters        = a_w_s[1], a_w_s[2], b_w_s[1], b_w_s[2], a_p_s[1], a_p_s[2], a_p_s[3], a_p_s[4], a_p_s[5], a_p_s[6], a_p_s[7], a_p_s[8], a_p_s[9], a_p_s[10], a_p_s[11], a_p_s[12], a_p_s[13], a_p_s[14], a_p_s[15], a_p_s[16], a_p_s[17], a_p_s[18], a_p_s[19], a_p_s[20], a_p_s[21], a_p_s[22], a_p_s[23], a_p_s[24], b_p_s[1], b_p_s[2], b_p_s[3], b_p_s[4], b_p_s[5], b_p_s[6], b_p_s[7], b_p_s[8], b_p_s[9], b_p_s[10], b_p_s[11], b_p_s[12], b_p_s[13], b_p_s[14], b_p_s[15], b_p_s[16], b_p_s[17], b_p_s[18], b_p_s[19], b_p_s[20], b_p_s[21], b_p_s[22], b_p_s[23], b_p_s[24], a_e, b_e, σ
internals         = lp, n_steps, is_accept, acceptance_rate, log_density, hamiltonian_energy, hamiltonian_energy_error, max_hamiltonian_energy_error, tree_depth, numerical_error, step_size, nom_step_size

Summary Statistics
  parameters      mean       std   naive_se      mcse         ess      rhat   ess_per_sec
      Symbol   Float64   Float64    Float64   Float64     Float64   Float64       Float64

    a_w_s[1]    0.0085    0.5718     0.0181    0.0361    252.9314    1.0128        0.0127
    a_w_s[2]   -0.0429    0.5718     0.0181    0.0361    252.2228    1.0129        0.0127
    b_w_s[1]   -0.0115    0.2846     0.0090    0.0103    522.7532    1.0009        0.0263
    b_w_s[2]   -0.0083    0.2848     0.0090    0.0103    520.8244    1.0010        0.0262
    a_p_s[1]    0.0046    0.1964     0.0062    0.0093    321.5124    1.0211        0.0162
    a_p_s[2]   -0.1011    0.1963     0.0062    0.0096    308.2417    1.0232        0.0155
    a_p_s[3]   -0.1665    0.1951     0.0062    0.0094    316.4489    1.0215        0.0159
    a_p_s[4]    0.0562    0.1954     0.0062    0.0096    302.5070    1.0215        0.0152
    a_p_s[5]   -0.0371    0.1956     0.0062    0.0092    320.4230    1.0215        0.0161
    a_p_s[6]    0.1260    0.1950     0.0062    0.0095    299.7626    1.0224        0.0151
    a_p_s[7]   -0.1266    0.1952     0.0062    0.0093    298.7862    1.0213        0.0150
    a_p_s[8]   -0.0017    0.1957     0.0062    0.0094    283.5289    1.0235        0.0143
    a_p_s[9]    0.1566    0.1947     0.0062    0.0093    303.1153    1.0216        0.0152
   a_p_s[10]    0.1733    0.1947     0.0062    0.0096    294.2125    1.0241        0.0148
   a_p_s[11]    0.4582    0.1950     0.0062    0.0096    293.8844    1.0238        0.0148
   a_p_s[12]    0.3035    0.1955     0.0062    0.0096    315.1076    1.0236        0.0158
   a_p_s[13]   -0.0315    0.1957     0.0062    0.0096    288.0565    1.0246        0.0145
   a_p_s[14]    0.0714    0.1963     0.0062    0.0095    313.4279    1.0221        0.0158
   a_p_s[15]   -0.1655    0.1942     0.0061    0.0094    296.6537    1.0220        0.0149
   a_p_s[16]    0.0513    0.1952     0.0062    0.0094    300.5142    1.0212        0.0151
   a_p_s[17]   -0.0421    0.1952     0.0062    0.0094    290.9444    1.0212        0.0146
   a_p_s[18]    0.0291    0.1963     0.0062    0.0096    301.3428    1.0224        0.0152
   a_p_s[19]   -0.0099    0.1948     0.0062    0.0095    293.5191    1.0215        0.0148
   a_p_s[20]   -0.0605    0.1962     0.0062    0.0093    296.6026    1.0213        0.0149
   a_p_s[21]   -0.2131    0.1943     0.0061    0.0096    283.1308    1.0231        0.0142
   a_p_s[22]   -0.2152    0.1952     0.0062    0.0094    299.8703    1.0228        0.0151
   a_p_s[23]   -0.2167    0.1967     0.0062    0.0096    297.8963    1.0223        0.0150
   a_p_s[24]   -0.1013    0.1950     0.0062    0.0093    307.6761    1.0216        0.0155
    b_p_s[1]   -0.0661    0.0972     0.0031    0.0035    581.2381    1.0021        0.0292
    b_p_s[2]   -0.0129    0.0983     0.0031    0.0035    574.5105    1.0016        0.0289
    b_p_s[3]   -0.0540    0.0967     0.0031    0.0034    581.0789    1.0020        0.0292
    b_p_s[4]    0.0165    0.0966     0.0031    0.0036    567.8791    1.0032        0.0286
    b_p_s[5]   -0.0379    0.0966     0.0031    0.0035    601.9052    1.0028        0.0303
    b_p_s[6]   -0.0711    0.0979     0.0031    0.0034    582.0786    1.0034        0.0293
    b_p_s[7]   -0.0446    0.0971     0.0031    0.0034    550.0934    1.0028        0.0277
    b_p_s[8]    0.0601    0.0976     0.0031    0.0034    589.9166    1.0026        0.0297
    b_p_s[9]    0.0103    0.0975     0.0031    0.0035    553.7586    1.0033        0.0278
   b_p_s[10]    0.0219    0.0983     0.0031    0.0035    547.9938    1.0026        0.0276
   b_p_s[11]    0.0516    0.0970     0.0031    0.0036    567.4863    1.0032        0.0285
   b_p_s[12]    0.0793    0.0994     0.0031    0.0032    613.4186    1.0007        0.0308
   b_p_s[13]    0.0158    0.0983     0.0031    0.0036    567.6495    1.0019        0.0285
   b_p_s[14]    0.0955    0.0981     0.0031    0.0035    569.9448    1.0010        0.0287
   b_p_s[15]    0.0015    0.0974     0.0031    0.0038    541.9798    1.0008        0.0273
   b_p_s[16]   -0.0711    0.0978     0.0031    0.0035    559.6548    1.0015        0.0281
   b_p_s[17]   -0.0712    0.0983     0.0031    0.0035    561.3917    1.0037        0.0282
   b_p_s[18]   -0.0386    0.0972     0.0031    0.0034    574.8429    1.0023        0.0289
   b_p_s[19]    0.0605    0.0987     0.0031    0.0035    572.7119    1.0022        0.0288
   b_p_s[20]   -0.0233    0.0975     0.0031    0.0034    572.1877    1.0009        0.0288
   b_p_s[21]   -0.0398    0.0979     0.0031    0.0038    571.1168    1.0042        0.0287
   b_p_s[22]   -0.0453    0.0977     0.0031    0.0035    570.2631    1.0022        0.0287
   b_p_s[23]   -0.0323    0.0990     0.0031    0.0034    563.0085    1.0021        0.0283
   b_p_s[24]    0.0076    0.0981     0.0031    0.0035    567.9233    1.0027        0.0286
         a_e    0.0164    0.5697     0.0180    0.0337    256.8977    1.0093        0.0129
         b_e    0.0153    0.2869     0.0091    0.0104    524.2956    1.0018        0.0264
           σ    0.8722    0.0029     0.0001    0.0001   1117.4897    1.0000        0.0562

Quantiles
  parameters      2.5%     25.0%     50.0%     75.0%     97.5%
      Symbol   Float64   Float64   Float64   Float64   Float64

    a_w_s[1]   -1.0507   -0.3796   -0.0413    0.3917    1.1821
    a_w_s[2]   -1.1190   -0.4267   -0.0890    0.3417    1.1242
    b_w_s[1]   -0.5580   -0.2077   -0.0086    0.1877    0.5192
    b_w_s[2]   -0.5533   -0.1986   -0.0044    0.1890    0.5224
    a_p_s[1]   -0.3984   -0.1269    0.0026    0.1326    0.4001
    a_p_s[2]   -0.5066   -0.2320   -0.1030    0.0260    0.2824
    a_p_s[3]   -0.5652   -0.2965   -0.1683   -0.0385    0.2162
    a_p_s[4]   -0.3386   -0.0700    0.0518    0.1842    0.4472
    a_p_s[5]   -0.4332   -0.1692   -0.0399    0.0935    0.3538
    a_p_s[6]   -0.2573   -0.0001    0.1248    0.2506    0.5168
    a_p_s[7]   -0.5218   -0.2554   -0.1295   -0.0012    0.2591
    a_p_s[8]   -0.4118   -0.1290   -0.0006    0.1208    0.3898
    a_p_s[9]   -0.2501    0.0268    0.1492    0.2835    0.5392
   a_p_s[10]   -0.2195    0.0417    0.1709    0.3045    0.5554
   a_p_s[11]    0.0600    0.3265    0.4526    0.5857    0.8484
   a_p_s[12]   -0.0849    0.1750    0.2999    0.4264    0.6988
   a_p_s[13]   -0.4393   -0.1574   -0.0340    0.0928    0.3550
   a_p_s[14]   -0.3183   -0.0563    0.0705    0.1990    0.4596
   a_p_s[15]   -0.5649   -0.2908   -0.1658   -0.0378    0.2156
   a_p_s[16]   -0.3525   -0.0796    0.0503    0.1805    0.4427
   a_p_s[17]   -0.4416   -0.1702   -0.0483    0.0802    0.3432
   a_p_s[18]   -0.3610   -0.1061    0.0256    0.1587    0.4229
   a_p_s[19]   -0.4012   -0.1423   -0.0129    0.1106    0.3788
   a_p_s[20]   -0.4629   -0.1905   -0.0624    0.0678    0.3281
   a_p_s[21]   -0.6203   -0.3378   -0.2154   -0.0911    0.1768
   a_p_s[22]   -0.6165   -0.3452   -0.2123   -0.0870    0.1659
   a_p_s[23]   -0.6211   -0.3446   -0.2211   -0.0881    0.1653
   a_p_s[24]   -0.5016   -0.2326   -0.1047    0.0217    0.2842
    b_p_s[1]   -0.2454   -0.1343   -0.0707   -0.0073    0.1307
    b_p_s[2]   -0.1858   -0.0850   -0.0195    0.0532    0.1799
    b_p_s[3]   -0.2299   -0.1198   -0.0594    0.0089    0.1400
    b_p_s[4]   -0.1561   -0.0541    0.0120    0.0792    0.2095
    b_p_s[5]   -0.2139   -0.1064   -0.0436    0.0227    0.1550
    b_p_s[6]   -0.2483   -0.1404   -0.0750   -0.0045    0.1169
    b_p_s[7]   -0.2205   -0.1140   -0.0494    0.0158    0.1541
    b_p_s[8]   -0.1182   -0.0092    0.0546    0.1242    0.2546
    b_p_s[9]   -0.1711   -0.0559    0.0033    0.0736    0.2126
   b_p_s[10]   -0.1628   -0.0487    0.0164    0.0868    0.2253
   b_p_s[11]   -0.1251   -0.0187    0.0479    0.1146    0.2449
   b_p_s[12]   -0.0981    0.0106    0.0727    0.1420    0.2749
   b_p_s[13]   -0.1589   -0.0581    0.0137    0.0783    0.2077
   b_p_s[14]   -0.0839    0.0246    0.0900    0.1598    0.2877
   b_p_s[15]   -0.1765   -0.0666   -0.0044    0.0653    0.1952
   b_p_s[16]   -0.2489   -0.1402   -0.0762   -0.0116    0.1325
   b_p_s[17]   -0.2469   -0.1461   -0.0742   -0.0055    0.1219
   b_p_s[18]   -0.2148   -0.1110   -0.0428    0.0226    0.1535
   b_p_s[19]   -0.1240   -0.0085    0.0548    0.1231    0.2517
   b_p_s[20]   -0.2050   -0.0954   -0.0271    0.0387    0.1710
   b_p_s[21]   -0.2170   -0.1095   -0.0427    0.0241    0.1539
   b_p_s[22]   -0.2254   -0.1178   -0.0494    0.0164    0.1539
   b_p_s[23]   -0.2105   -0.1014   -0.0358    0.0337    0.1711
   b_p_s[24]   -0.1683   -0.0635    0.0025    0.0698    0.1931
         a_e   -1.1037   -0.3839    0.0465    0.4120    1.0636
         b_e   -0.5270   -0.1789    0.0114    0.2110    0.5604
           σ    0.8666    0.8702    0.8722    0.8743    0.8778

