Running on host compute520.bc4.acrc.priv
Time is Fri Jul 5 20:36:47 BST 2024
Directory is /user/home/em18564/BC4/Bayes/experiments/PCA_LKJ_FullCFSplit
Slurm job ID is 10100797
This job runs on the following machines:
compute520
   Resolving package versions...
  No Changes to `~/.julia/environments/v1.10/Project.toml`
  No Changes to `~/.julia/environments/v1.10/Manifest.toml`
   Resolving package versions...
  No Changes to `~/.julia/environments/v1.10/Project.toml`
  No Changes to `~/.julia/environments/v1.10/Manifest.toml`
   Resolving package versions...
  No Changes to `~/.julia/environments/v1.10/Project.toml`
  No Changes to `~/.julia/environments/v1.10/Manifest.toml`
   Resolving package versions...
  No Changes to `~/.julia/environments/v1.10/Project.toml`
  No Changes to `~/.julia/environments/v1.10/Manifest.toml`
   Resolving package versions...
  No Changes to `~/.julia/environments/v1.10/Project.toml`
  No Changes to `~/.julia/environments/v1.10/Manifest.toml`
   Resolving package versions...
  No Changes to `~/.julia/environments/v1.10/Project.toml`
  No Changes to `~/.julia/environments/v1.10/Manifest.toml`
   Resolving package versions...
  No Changes to `~/.julia/environments/v1.10/Project.toml`
  No Changes to `~/.julia/environments/v1.10/Manifest.toml`
   Resolving package versions...
  No Changes to `~/.julia/environments/v1.10/Project.toml`
  No Changes to `~/.julia/environments/v1.10/Manifest.toml`
   Resolving package versions...
  No Changes to `~/.julia/environments/v1.10/Project.toml`
  No Changes to `~/.julia/environments/v1.10/Manifest.toml`
   Resolving package versions...
  No Changes to `~/.julia/environments/v1.10/Project.toml`
  No Changes to `~/.julia/environments/v1.10/Manifest.toml`
   Resolving package versions...
  No Changes to `~/.julia/environments/v1.10/Project.toml`
  No Changes to `~/.julia/environments/v1.10/Manifest.toml`
   Resolving package versions...
  No Changes to `~/.julia/environments/v1.10/Project.toml`
  No Changes to `~/.julia/environments/v1.10/Manifest.toml`
   Resolving package versions...
  No Changes to `~/.julia/environments/v1.10/Project.toml`
  No Changes to `~/.julia/environments/v1.10/Manifest.toml`
   Resolving package versions...
  No Changes to `~/.julia/environments/v1.10/Project.toml`
  No Changes to `~/.julia/environments/v1.10/Manifest.toml`
   Resolving package versions...
  No Changes to `~/.julia/environments/v1.10/Project.toml`
  No Changes to `~/.julia/environments/v1.10/Manifest.toml`
   Resolving package versions...
  No Changes to `~/.julia/environments/v1.10/Project.toml`
  No Changes to `~/.julia/environments/v1.10/Manifest.toml`
   Resolving package versions...
  No Changes to `~/.julia/environments/v1.10/Project.toml`
  No Changes to `~/.julia/environments/v1.10/Manifest.toml`
   Resolving package versions...
  No Changes to `~/.julia/environments/v1.10/Project.toml`
  No Changes to `~/.julia/environments/v1.10/Manifest.toml`
   Resolving package versions...
  No Changes to `~/.julia/environments/v1.10/Project.toml`
  No Changes to `~/.julia/environments/v1.10/Manifest.toml`
   Resolving package versions...
  No Changes to `~/.julia/environments/v1.10/Project.toml`
  No Changes to `~/.julia/environments/v1.10/Manifest.toml`
   Resolving package versions...
  No Changes to `~/.julia/environments/v1.10/Project.toml`
  No Changes to `~/.julia/environments/v1.10/Manifest.toml`
   Resolving package versions...
  No Changes to `~/.julia/environments/v1.10/Project.toml`
  No Changes to `~/.julia/environments/v1.10/Manifest.toml`
   Resolving package versions...
  No Changes to `~/.julia/environments/v1.10/Project.toml`
  No Changes to `~/.julia/environments/v1.10/Manifest.toml`
   Resolving package versions...
  No Changes to `~/.julia/environments/v1.10/Project.toml`
  No Changes to `~/.julia/environments/v1.10/Manifest.toml`
   Resolving package versions...
  No Changes to `~/.julia/environments/v1.10/Project.toml`
  No Changes to `~/.julia/environments/v1.10/Manifest.toml`
   Resolving package versions...
  No Changes to `~/.julia/environments/v1.10/Project.toml`
  No Changes to `~/.julia/environments/v1.10/Manifest.toml`
   Resolving package versions...
  No Changes to `~/.julia/environments/v1.10/Project.toml`
  No Changes to `~/.julia/environments/v1.10/Manifest.toml`
   Resolving package versions...
  No Changes to `~/.julia/environments/v1.10/Project.toml`
  No Changes to `~/.julia/environments/v1.10/Manifest.toml`
   Resolving package versions...
  No Changes to `~/.julia/environments/v1.10/Project.toml`
  No Changes to `~/.julia/environments/v1.10/Manifest.toml`
┌ Warning: Error requiring `Turing` from `StatisticalRethinking`
│   exception =
│    LoadError: UndefVarError: `TuringOptimExt` not defined
│    Stacktrace:
│      [1] include(mod::Module, _path::String)
│        @ Base ./Base.jl:495
│      [2] include(x::String)
│        @ StatisticalRethinking ~/.julia/packages/StatisticalRethinking/Bzph1/src/StatisticalRethinking.jl:1
│      [3] top-level scope
│        @ ~/.julia/packages/StatisticalRethinking/Bzph1/src/require/turing/turing.jl:7
│      [4] include(mod::Module, _path::String)
│        @ Base ./Base.jl:495
│      [5] include(x::String)
│        @ StatisticalRethinking ~/.julia/packages/StatisticalRethinking/Bzph1/src/StatisticalRethinking.jl:1
│      [6] top-level scope
│        @ ~/.julia/packages/Requires/Z8rfN/src/Requires.jl:40
│      [7] eval
│        @ ./boot.jl:385 [inlined]
│      [8] eval
│        @ ~/.julia/packages/StatisticalRethinking/Bzph1/src/StatisticalRethinking.jl:1 [inlined]
│      [9] (::StatisticalRethinking.var"#3#12")()
│        @ StatisticalRethinking ~/.julia/packages/Requires/Z8rfN/src/require.jl:101
│     [10] macro expansion
│        @ timing.jl:395 [inlined]
│     [11] err(f::Any, listener::Module, modname::String, file::String, line::Any)
│        @ Requires ~/.julia/packages/Requires/Z8rfN/src/require.jl:47
│     [12] (::StatisticalRethinking.var"#2#11")()
│        @ StatisticalRethinking ~/.julia/packages/Requires/Z8rfN/src/require.jl:100
│     [13] withpath(f::Any, path::String)
│        @ Requires ~/.julia/packages/Requires/Z8rfN/src/require.jl:37
│     [14] (::StatisticalRethinking.var"#1#10")()
│        @ StatisticalRethinking ~/.julia/packages/Requires/Z8rfN/src/require.jl:99
│     [15] listenpkg(f::Any, pkg::Base.PkgId)
│        @ Requires ~/.julia/packages/Requires/Z8rfN/src/require.jl:20
│     [16] macro expansion
│        @ ~/.julia/packages/Requires/Z8rfN/src/require.jl:98 [inlined]
│     [17] __init__()
│        @ StatisticalRethinking ~/.julia/packages/StatisticalRethinking/Bzph1/src/StatisticalRethinking.jl:31
│     [18] run_module_init(mod::Module, i::Int64)
│        @ Base ./loading.jl:1134
│     [19] register_restored_modules(sv::Core.SimpleVector, pkg::Base.PkgId, path::String)
│        @ Base ./loading.jl:1122
│     [20] _include_from_serialized(pkg::Base.PkgId, path::String, ocachepath::String, depmods::Vector{Any})
│        @ Base ./loading.jl:1067
│     [21] _require_search_from_serialized(pkg::Base.PkgId, sourcepath::String, build_id::UInt128)
│        @ Base ./loading.jl:1581
│     [22] _require(pkg::Base.PkgId, env::String)
│        @ Base ./loading.jl:1938
│     [23] __require_prelocked(uuidkey::Base.PkgId, env::String)
│        @ Base ./loading.jl:1812
│     [24] #invoke_in_world#3
│        @ ./essentials.jl:926 [inlined]
│     [25] invoke_in_world
│        @ ./essentials.jl:923 [inlined]
│     [26] _require_prelocked(uuidkey::Base.PkgId, env::String)
│        @ Base ./loading.jl:1803
│     [27] macro expansion
│        @ ./loading.jl:1790 [inlined]
│     [28] macro expansion
│        @ ./lock.jl:267 [inlined]
│     [29] __require(into::Module, mod::Symbol)
│        @ Base ./loading.jl:1753
│     [30] #invoke_in_world#3
│        @ ./essentials.jl:926 [inlined]
│     [31] invoke_in_world
│        @ ./essentials.jl:923 [inlined]
│     [32] require(into::Module, mod::Symbol)
│        @ Base ./loading.jl:1746
│     [33] include(mod::Module, _path::String)
│        @ Base ./Base.jl:495
│     [34] exec_options(opts::Base.JLOptions)
│        @ Base ./client.jl:318
│     [35] _start()
│        @ Base ./client.jl:552
│    in expression starting at /user/home/em18564/.julia/packages/StatisticalRethinking/Bzph1/src/require/turing/turing_optim_sample.jl:3
│    in expression starting at /user/home/em18564/.julia/packages/StatisticalRethinking/Bzph1/src/require/turing/turing.jl:7
└ @ Requires ~/.julia/packages/Requires/Z8rfN/src/require.jl:51
Sampling (4 threads)   0%|                              |  ETA: N/A
┌ Info: Found initial step size
└   ϵ = 0.0015625
┌ Info: Found initial step size
└   ϵ = 0.000390625
┌ Info: Found initial step size
└   ϵ = 0.000390625
┌ Info: Found initial step size
└   ϵ = 0.000390625
Sampling (4 threads)  25%|███████▌                      |  ETA: 3:29:25
Sampling (4 threads)  50%|███████████████               |  ETA: 1:09:48
Sampling (4 threads)  75%|██████████████████████▌       |  ETA: 0:23:39
Sampling (4 threads) 100%|██████████████████████████████| Time: 1:24:21
Sampling (4 threads) 100%|██████████████████████████████| Time: 1:24:22
   Resolving package versions...
  No Changes to `~/.julia/environments/v1.10/Project.toml`
  No Changes to `~/.julia/environments/v1.10/Manifest.toml`
   Resolving package versions...
  No Changes to `~/.julia/environments/v1.10/Project.toml`
  No Changes to `~/.julia/environments/v1.10/Manifest.toml`
   Resolving package versions...
  No Changes to `~/.julia/environments/v1.10/Project.toml`
  No Changes to `~/.julia/environments/v1.10/Manifest.toml`
   Resolving package versions...
  No Changes to `~/.julia/environments/v1.10/Project.toml`
  No Changes to `~/.julia/environments/v1.10/Manifest.toml`
   Resolving package versions...
  No Changes to `~/.julia/environments/v1.10/Project.toml`
  No Changes to `~/.julia/environments/v1.10/Manifest.toml`
   Resolving package versions...
  No Changes to `~/.julia/environments/v1.10/Project.toml`
  No Changes to `~/.julia/environments/v1.10/Manifest.toml`
   Resolving package versions...
  No Changes to `~/.julia/environments/v1.10/Project.toml`
  No Changes to `~/.julia/environments/v1.10/Manifest.toml`
   Resolving package versions...
  No Changes to `~/.julia/environments/v1.10/Project.toml`
  No Changes to `~/.julia/environments/v1.10/Manifest.toml`
   Resolving package versions...
  No Changes to `~/.julia/environments/v1.10/Project.toml`
  No Changes to `~/.julia/environments/v1.10/Manifest.toml`
   Resolving package versions...
  No Changes to `~/.julia/environments/v1.10/Project.toml`
  No Changes to `~/.julia/environments/v1.10/Manifest.toml`
   Resolving package versions...
  No Changes to `~/.julia/environments/v1.10/Project.toml`
  No Changes to `~/.julia/environments/v1.10/Manifest.toml`
   Resolving package versions...
  No Changes to `~/.julia/environments/v1.10/Project.toml`
  No Changes to `~/.julia/environments/v1.10/Manifest.toml`
   Resolving package versions...
  No Changes to `~/.julia/environments/v1.10/Project.toml`
  No Changes to `~/.julia/environments/v1.10/Manifest.toml`
   Resolving package versions...
  No Changes to `~/.julia/environments/v1.10/Project.toml`
  No Changes to `~/.julia/environments/v1.10/Manifest.toml`
┌ Warning: Error requiring `Turing` from `StatisticalRethinking`
│   exception =
│    LoadError: UndefVarError: `TuringOptimExt` not defined
│    Stacktrace:
│      [1] include(mod::Module, _path::String)
│        @ Base ./Base.jl:495
│      [2] include(x::String)
│        @ StatisticalRethinking ~/.julia/packages/StatisticalRethinking/Bzph1/src/StatisticalRethinking.jl:1
│      [3] top-level scope
│        @ ~/.julia/packages/StatisticalRethinking/Bzph1/src/require/turing/turing.jl:7
│      [4] include(mod::Module, _path::String)
│        @ Base ./Base.jl:495
│      [5] include(x::String)
│        @ StatisticalRethinking ~/.julia/packages/StatisticalRethinking/Bzph1/src/StatisticalRethinking.jl:1
│      [6] top-level scope
│        @ ~/.julia/packages/Requires/Z8rfN/src/Requires.jl:40
│      [7] eval
│        @ ./boot.jl:385 [inlined]
│      [8] eval
│        @ ~/.julia/packages/StatisticalRethinking/Bzph1/src/StatisticalRethinking.jl:1 [inlined]
│      [9] (::StatisticalRethinking.var"#3#12")()
│        @ StatisticalRethinking ~/.julia/packages/Requires/Z8rfN/src/require.jl:101
│     [10] macro expansion
│        @ timing.jl:395 [inlined]
│     [11] err(f::Any, listener::Module, modname::String, file::String, line::Any)
│        @ Requires ~/.julia/packages/Requires/Z8rfN/src/require.jl:47
│     [12] (::StatisticalRethinking.var"#2#11")()
│        @ StatisticalRethinking ~/.julia/packages/Requires/Z8rfN/src/require.jl:100
│     [13] withpath(f::Any, path::String)
│        @ Requires ~/.julia/packages/Requires/Z8rfN/src/require.jl:37
│     [14] (::StatisticalRethinking.var"#1#10")()
│        @ StatisticalRethinking ~/.julia/packages/Requires/Z8rfN/src/require.jl:99
│     [15] listenpkg(f::Any, pkg::Base.PkgId)
│        @ Requires ~/.julia/packages/Requires/Z8rfN/src/require.jl:20
│     [16] macro expansion
│        @ ~/.julia/packages/Requires/Z8rfN/src/require.jl:98 [inlined]
│     [17] __init__()
│        @ StatisticalRethinking ~/.julia/packages/StatisticalRethinking/Bzph1/src/StatisticalRethinking.jl:31
│     [18] run_module_init(mod::Module, i::Int64)
│        @ Base ./loading.jl:1134
│     [19] register_restored_modules(sv::Core.SimpleVector, pkg::Base.PkgId, path::String)
│        @ Base ./loading.jl:1122
│     [20] _include_from_serialized(pkg::Base.PkgId, path::String, ocachepath::String, depmods::Vector{Any})
│        @ Base ./loading.jl:1067
│     [21] _require_search_from_serialized(pkg::Base.PkgId, sourcepath::String, build_id::UInt128)
│        @ Base ./loading.jl:1581
│     [22] _require(pkg::Base.PkgId, env::String)
│        @ Base ./loading.jl:1938
│     [23] __require_prelocked(uuidkey::Base.PkgId, env::String)
│        @ Base ./loading.jl:1812
│     [24] #invoke_in_world#3
│        @ ./essentials.jl:926 [inlined]
│     [25] invoke_in_world
│        @ ./essentials.jl:923 [inlined]
│     [26] _require_prelocked(uuidkey::Base.PkgId, env::String)
│        @ Base ./loading.jl:1803
│     [27] macro expansion
│        @ ./loading.jl:1790 [inlined]
│     [28] macro expansion
│        @ ./lock.jl:267 [inlined]
│     [29] __require(into::Module, mod::Symbol)
│        @ Base ./loading.jl:1753
│     [30] #invoke_in_world#3
│        @ ./essentials.jl:926 [inlined]
│     [31] invoke_in_world
│        @ ./essentials.jl:923 [inlined]
│     [32] require(into::Module, mod::Symbol)
│        @ Base ./loading.jl:1746
│     [33] include(mod::Module, _path::String)
│        @ Base ./Base.jl:495
│     [34] exec_options(opts::Base.JLOptions)
│        @ Base ./client.jl:318
│     [35] _start()
│        @ Base ./client.jl:552
│    in expression starting at /user/home/em18564/.julia/packages/StatisticalRethinking/Bzph1/src/require/turing/turing_optim_sample.jl:3
│    in expression starting at /user/home/em18564/.julia/packages/StatisticalRethinking/Bzph1/src/require/turing/turing.jl:7
└ @ Requires ~/.julia/packages/Requires/Z8rfN/src/require.jl:51
Sampling (4 threads)   0%|                              |  ETA: N/A
┌ Info: Found initial step size
└   ϵ = 0.003125
┌ Info: Found initial step size
└   ϵ = 0.003125
┌ Info: Found initial step size
└   ϵ = 0.0015625
┌ Info: Found initial step size
└   ϵ = 0.00078125
Sampling (4 threads)  25%|███████▌                      |  ETA: 7:39:09
Sampling (4 threads)  50%|███████████████               |  ETA: 2:33:03
Sampling (4 threads)  75%|██████████████████████▌       |  ETA: 0:51:01
Sampling (4 threads) 100%|██████████████████████████████| Time: 2:33:03
Sampling (4 threads) 100%|██████████████████████████████| Time: 2:33:03
   Resolving package versions...
  No Changes to `~/.julia/environments/v1.10/Project.toml`
  No Changes to `~/.julia/environments/v1.10/Manifest.toml`
   Resolving package versions...
  No Changes to `~/.julia/environments/v1.10/Project.toml`
  No Changes to `~/.julia/environments/v1.10/Manifest.toml`
   Resolving package versions...
  No Changes to `~/.julia/environments/v1.10/Project.toml`
  No Changes to `~/.julia/environments/v1.10/Manifest.toml`
   Resolving package versions...
  No Changes to `~/.julia/environments/v1.10/Project.toml`
  No Changes to `~/.julia/environments/v1.10/Manifest.toml`
   Resolving package versions...
  No Changes to `~/.julia/environments/v1.10/Project.toml`
  No Changes to `~/.julia/environments/v1.10/Manifest.toml`
   Resolving package versions...
  No Changes to `~/.julia/environments/v1.10/Project.toml`
  No Changes to `~/.julia/environments/v1.10/Manifest.toml`
   Resolving package versions...
  No Changes to `~/.julia/environments/v1.10/Project.toml`
  No Changes to `~/.julia/environments/v1.10/Manifest.toml`
   Resolving package versions...
  No Changes to `~/.julia/environments/v1.10/Project.toml`
  No Changes to `~/.julia/environments/v1.10/Manifest.toml`
   Resolving package versions...
  No Changes to `~/.julia/environments/v1.10/Project.toml`
  No Changes to `~/.julia/environments/v1.10/Manifest.toml`
   Resolving package versions...
  No Changes to `~/.julia/environments/v1.10/Project.toml`
  No Changes to `~/.julia/environments/v1.10/Manifest.toml`
   Resolving package versions...
  No Changes to `~/.julia/environments/v1.10/Project.toml`
  No Changes to `~/.julia/environments/v1.10/Manifest.toml`
   Resolving package versions...
  No Changes to `~/.julia/environments/v1.10/Project.toml`
  No Changes to `~/.julia/environments/v1.10/Manifest.toml`
   Resolving package versions...
  No Changes to `~/.julia/environments/v1.10/Project.toml`
  No Changes to `~/.julia/environments/v1.10/Manifest.toml`
   Resolving package versions...
  No Changes to `~/.julia/environments/v1.10/Project.toml`
  No Changes to `~/.julia/environments/v1.10/Manifest.toml`
┌ Warning: Error requiring `Turing` from `StatisticalRethinking`
│   exception =
│    LoadError: UndefVarError: `TuringOptimExt` not defined
│    Stacktrace:
│      [1] include(mod::Module, _path::String)
│        @ Base ./Base.jl:495
│      [2] include(x::String)
│        @ StatisticalRethinking ~/.julia/packages/StatisticalRethinking/Bzph1/src/StatisticalRethinking.jl:1
│      [3] top-level scope
│        @ ~/.julia/packages/StatisticalRethinking/Bzph1/src/require/turing/turing.jl:7
│      [4] include(mod::Module, _path::String)
│        @ Base ./Base.jl:495
│      [5] include(x::String)
│        @ StatisticalRethinking ~/.julia/packages/StatisticalRethinking/Bzph1/src/StatisticalRethinking.jl:1
│      [6] top-level scope
│        @ ~/.julia/packages/Requires/Z8rfN/src/Requires.jl:40
│      [7] eval
│        @ ./boot.jl:385 [inlined]
│      [8] eval
│        @ ~/.julia/packages/StatisticalRethinking/Bzph1/src/StatisticalRethinking.jl:1 [inlined]
│      [9] (::StatisticalRethinking.var"#3#12")()
│        @ StatisticalRethinking ~/.julia/packages/Requires/Z8rfN/src/require.jl:101
│     [10] macro expansion
│        @ timing.jl:395 [inlined]
│     [11] err(f::Any, listener::Module, modname::String, file::String, line::Any)
│        @ Requires ~/.julia/packages/Requires/Z8rfN/src/require.jl:47
│     [12] (::StatisticalRethinking.var"#2#11")()
│        @ StatisticalRethinking ~/.julia/packages/Requires/Z8rfN/src/require.jl:100
│     [13] withpath(f::Any, path::String)
│        @ Requires ~/.julia/packages/Requires/Z8rfN/src/require.jl:37
│     [14] (::StatisticalRethinking.var"#1#10")()
│        @ StatisticalRethinking ~/.julia/packages/Requires/Z8rfN/src/require.jl:99
│     [15] listenpkg(f::Any, pkg::Base.PkgId)
│        @ Requires ~/.julia/packages/Requires/Z8rfN/src/require.jl:20
│     [16] macro expansion
│        @ ~/.julia/packages/Requires/Z8rfN/src/require.jl:98 [inlined]
│     [17] __init__()
│        @ StatisticalRethinking ~/.julia/packages/StatisticalRethinking/Bzph1/src/StatisticalRethinking.jl:31
│     [18] run_module_init(mod::Module, i::Int64)
│        @ Base ./loading.jl:1134
│     [19] register_restored_modules(sv::Core.SimpleVector, pkg::Base.PkgId, path::String)
│        @ Base ./loading.jl:1122
│     [20] _include_from_serialized(pkg::Base.PkgId, path::String, ocachepath::String, depmods::Vector{Any})
│        @ Base ./loading.jl:1067
│     [21] _require_search_from_serialized(pkg::Base.PkgId, sourcepath::String, build_id::UInt128)
│        @ Base ./loading.jl:1581
│     [22] _require(pkg::Base.PkgId, env::String)
│        @ Base ./loading.jl:1938
│     [23] __require_prelocked(uuidkey::Base.PkgId, env::String)
│        @ Base ./loading.jl:1812
│     [24] #invoke_in_world#3
│        @ ./essentials.jl:926 [inlined]
│     [25] invoke_in_world
│        @ ./essentials.jl:923 [inlined]
│     [26] _require_prelocked(uuidkey::Base.PkgId, env::String)
│        @ Base ./loading.jl:1803
│     [27] macro expansion
│        @ ./loading.jl:1790 [inlined]
│     [28] macro expansion
│        @ ./lock.jl:267 [inlined]
│     [29] __require(into::Module, mod::Symbol)
│        @ Base ./loading.jl:1753
│     [30] #invoke_in_world#3
│        @ ./essentials.jl:926 [inlined]
│     [31] invoke_in_world
│        @ ./essentials.jl:923 [inlined]
│     [32] require(into::Module, mod::Symbol)
│        @ Base ./loading.jl:1746
│     [33] include(mod::Module, _path::String)
│        @ Base ./Base.jl:495
│     [34] exec_options(opts::Base.JLOptions)
│        @ Base ./client.jl:318
│     [35] _start()
│        @ Base ./client.jl:552
│    in expression starting at /user/home/em18564/.julia/packages/StatisticalRethinking/Bzph1/src/require/turing/turing_optim_sample.jl:3
│    in expression starting at /user/home/em18564/.julia/packages/StatisticalRethinking/Bzph1/src/require/turing/turing.jl:7
└ @ Requires ~/.julia/packages/Requires/Z8rfN/src/require.jl:51
Sampling (4 threads)   0%|                              |  ETA: N/A
┌ Info: Found initial step size
└   ϵ = 0.000390625
┌ Info: Found initial step size
└   ϵ = 0.000390625
┌ Info: Found initial step size
└   ϵ = 0.003125
┌ Info: Found initial step size
└   ϵ = 0.00078125
Sampling (4 threads)  25%|███████▌                      |  ETA: 4:35:03
Sampling (4 threads)  50%|███████████████               |  ETA: 1:34:38
Sampling (4 threads)  75%|██████████████████████▌       |  ETA: 0:32:00
Sampling (4 threads) 100%|██████████████████████████████| Time: 2:17:44
Sampling (4 threads) 100%|██████████████████████████████| Time: 2:17:44
   Resolving package versions...
  No Changes to `~/.julia/environments/v1.10/Project.toml`
  No Changes to `~/.julia/environments/v1.10/Manifest.toml`
   Resolving package versions...
  No Changes to `~/.julia/environments/v1.10/Project.toml`
  No Changes to `~/.julia/environments/v1.10/Manifest.toml`
   Resolving package versions...
  No Changes to `~/.julia/environments/v1.10/Project.toml`
  No Changes to `~/.julia/environments/v1.10/Manifest.toml`
   Resolving package versions...
  No Changes to `~/.julia/environments/v1.10/Project.toml`
  No Changes to `~/.julia/environments/v1.10/Manifest.toml`
   Resolving package versions...
  No Changes to `~/.julia/environments/v1.10/Project.toml`
  No Changes to `~/.julia/environments/v1.10/Manifest.toml`
   Resolving package versions...
  No Changes to `~/.julia/environments/v1.10/Project.toml`
  No Changes to `~/.julia/environments/v1.10/Manifest.toml`
   Resolving package versions...
  No Changes to `~/.julia/environments/v1.10/Project.toml`
  No Changes to `~/.julia/environments/v1.10/Manifest.toml`
   Resolving package versions...
  No Changes to `~/.julia/environments/v1.10/Project.toml`
  No Changes to `~/.julia/environments/v1.10/Manifest.toml`
   Resolving package versions...
  No Changes to `~/.julia/environments/v1.10/Project.toml`
  No Changes to `~/.julia/environments/v1.10/Manifest.toml`
   Resolving package versions...
  No Changes to `~/.julia/environments/v1.10/Project.toml`
  No Changes to `~/.julia/environments/v1.10/Manifest.toml`
   Resolving package versions...
  No Changes to `~/.julia/environments/v1.10/Project.toml`
  No Changes to `~/.julia/environments/v1.10/Manifest.toml`
   Resolving package versions...
  No Changes to `~/.julia/environments/v1.10/Project.toml`
  No Changes to `~/.julia/environments/v1.10/Manifest.toml`
   Resolving package versions...
  No Changes to `~/.julia/environments/v1.10/Project.toml`
  No Changes to `~/.julia/environments/v1.10/Manifest.toml`
   Resolving package versions...
  No Changes to `~/.julia/environments/v1.10/Project.toml`
  No Changes to `~/.julia/environments/v1.10/Manifest.toml`
┌ Warning: Error requiring `Turing` from `StatisticalRethinking`
│   exception =
│    LoadError: UndefVarError: `TuringOptimExt` not defined
│    Stacktrace:
│      [1] include(mod::Module, _path::String)
│        @ Base ./Base.jl:495
│      [2] include(x::String)
│        @ StatisticalRethinking ~/.julia/packages/StatisticalRethinking/Bzph1/src/StatisticalRethinking.jl:1
│      [3] top-level scope
│        @ ~/.julia/packages/StatisticalRethinking/Bzph1/src/require/turing/turing.jl:7
│      [4] include(mod::Module, _path::String)
│        @ Base ./Base.jl:495
│      [5] include(x::String)
│        @ StatisticalRethinking ~/.julia/packages/StatisticalRethinking/Bzph1/src/StatisticalRethinking.jl:1
│      [6] top-level scope
│        @ ~/.julia/packages/Requires/Z8rfN/src/Requires.jl:40
│      [7] eval
│        @ ./boot.jl:385 [inlined]
│      [8] eval
│        @ ~/.julia/packages/StatisticalRethinking/Bzph1/src/StatisticalRethinking.jl:1 [inlined]
│      [9] (::StatisticalRethinking.var"#3#12")()
│        @ StatisticalRethinking ~/.julia/packages/Requires/Z8rfN/src/require.jl:101
│     [10] macro expansion
│        @ timing.jl:395 [inlined]
│     [11] err(f::Any, listener::Module, modname::String, file::String, line::Any)
│        @ Requires ~/.julia/packages/Requires/Z8rfN/src/require.jl:47
│     [12] (::StatisticalRethinking.var"#2#11")()
│        @ StatisticalRethinking ~/.julia/packages/Requires/Z8rfN/src/require.jl:100
│     [13] withpath(f::Any, path::String)
│        @ Requires ~/.julia/packages/Requires/Z8rfN/src/require.jl:37
│     [14] (::StatisticalRethinking.var"#1#10")()
│        @ StatisticalRethinking ~/.julia/packages/Requires/Z8rfN/src/require.jl:99
│     [15] listenpkg(f::Any, pkg::Base.PkgId)
│        @ Requires ~/.julia/packages/Requires/Z8rfN/src/require.jl:20
│     [16] macro expansion
│        @ ~/.julia/packages/Requires/Z8rfN/src/require.jl:98 [inlined]
│     [17] __init__()
│        @ StatisticalRethinking ~/.julia/packages/StatisticalRethinking/Bzph1/src/StatisticalRethinking.jl:31
│     [18] run_module_init(mod::Module, i::Int64)
│        @ Base ./loading.jl:1134
│     [19] register_restored_modules(sv::Core.SimpleVector, pkg::Base.PkgId, path::String)
│        @ Base ./loading.jl:1122
│     [20] _include_from_serialized(pkg::Base.PkgId, path::String, ocachepath::String, depmods::Vector{Any})
│        @ Base ./loading.jl:1067
│     [21] _require_search_from_serialized(pkg::Base.PkgId, sourcepath::String, build_id::UInt128)
│        @ Base ./loading.jl:1581
│     [22] _require(pkg::Base.PkgId, env::String)
│        @ Base ./loading.jl:1938
│     [23] __require_prelocked(uuidkey::Base.PkgId, env::String)
│        @ Base ./loading.jl:1812
│     [24] #invoke_in_world#3
│        @ ./essentials.jl:926 [inlined]
│     [25] invoke_in_world
│        @ ./essentials.jl:923 [inlined]
│     [26] _require_prelocked(uuidkey::Base.PkgId, env::String)
│        @ Base ./loading.jl:1803
│     [27] macro expansion
│        @ ./loading.jl:1790 [inlined]
│     [28] macro expansion
│        @ ./lock.jl:267 [inlined]
│     [29] __require(into::Module, mod::Symbol)
│        @ Base ./loading.jl:1753
│     [30] #invoke_in_world#3
│        @ ./essentials.jl:926 [inlined]
│     [31] invoke_in_world
│        @ ./essentials.jl:923 [inlined]
│     [32] require(into::Module, mod::Symbol)
│        @ Base ./loading.jl:1746
│     [33] include(mod::Module, _path::String)
│        @ Base ./Base.jl:495
│     [34] exec_options(opts::Base.JLOptions)
│        @ Base ./client.jl:318
│     [35] _start()
│        @ Base ./client.jl:552
│    in expression starting at /user/home/em18564/.julia/packages/StatisticalRethinking/Bzph1/src/require/turing/turing_optim_sample.jl:3
│    in expression starting at /user/home/em18564/.julia/packages/StatisticalRethinking/Bzph1/src/require/turing/turing.jl:7
└ @ Requires ~/.julia/packages/Requires/Z8rfN/src/require.jl:51
Sampling (4 threads)   0%|                              |  ETA: N/A
┌ Info: Found initial step size
└   ϵ = 0.00078125
┌ Info: Found initial step size
└   ϵ = 0.0015625
┌ Info: Found initial step size
└   ϵ = 0.0001953125
┌ Info: Found initial step size
└   ϵ = 0.0015625
Sampling (4 threads)  25%|███████▌                      |  ETA: 5:16:40
Sampling (4 threads)  50%|███████████████               |  ETA: 2:03:53
Sampling (4 threads)  75%|██████████████████████▌       |  ETA: 0:41:41
Sampling (4 threads) 100%|██████████████████████████████| Time: 2:23:47
Sampling (4 threads) 100%|██████████████████████████████| Time: 2:23:47
   Resolving package versions...
  No Changes to `~/.julia/environments/v1.10/Project.toml`
  No Changes to `~/.julia/environments/v1.10/Manifest.toml`
   Resolving package versions...
  No Changes to `~/.julia/environments/v1.10/Project.toml`
  No Changes to `~/.julia/environments/v1.10/Manifest.toml`
   Resolving package versions...
  No Changes to `~/.julia/environments/v1.10/Project.toml`
  No Changes to `~/.julia/environments/v1.10/Manifest.toml`
   Resolving package versions...
  No Changes to `~/.julia/environments/v1.10/Project.toml`
  No Changes to `~/.julia/environments/v1.10/Manifest.toml`
   Resolving package versions...
  No Changes to `~/.julia/environments/v1.10/Project.toml`
  No Changes to `~/.julia/environments/v1.10/Manifest.toml`
   Resolving package versions...
  No Changes to `~/.julia/environments/v1.10/Project.toml`
  No Changes to `~/.julia/environments/v1.10/Manifest.toml`
   Resolving package versions...
  No Changes to `~/.julia/environments/v1.10/Project.toml`
  No Changes to `~/.julia/environments/v1.10/Manifest.toml`
   Resolving package versions...
  No Changes to `~/.julia/environments/v1.10/Project.toml`
  No Changes to `~/.julia/environments/v1.10/Manifest.toml`
   Resolving package versions...
  No Changes to `~/.julia/environments/v1.10/Project.toml`
  No Changes to `~/.julia/environments/v1.10/Manifest.toml`
   Resolving package versions...
  No Changes to `~/.julia/environments/v1.10/Project.toml`
  No Changes to `~/.julia/environments/v1.10/Manifest.toml`
   Resolving package versions...
  No Changes to `~/.julia/environments/v1.10/Project.toml`
  No Changes to `~/.julia/environments/v1.10/Manifest.toml`
   Resolving package versions...
  No Changes to `~/.julia/environments/v1.10/Project.toml`
  No Changes to `~/.julia/environments/v1.10/Manifest.toml`
   Resolving package versions...
  No Changes to `~/.julia/environments/v1.10/Project.toml`
  No Changes to `~/.julia/environments/v1.10/Manifest.toml`
   Resolving package versions...
  No Changes to `~/.julia/environments/v1.10/Project.toml`
  No Changes to `~/.julia/environments/v1.10/Manifest.toml`
┌ Warning: Error requiring `Turing` from `StatisticalRethinking`
│   exception =
│    LoadError: UndefVarError: `TuringOptimExt` not defined
│    Stacktrace:
│      [1] include(mod::Module, _path::String)
│        @ Base ./Base.jl:495
│      [2] include(x::String)
│        @ StatisticalRethinking ~/.julia/packages/StatisticalRethinking/Bzph1/src/StatisticalRethinking.jl:1
│      [3] top-level scope
│        @ ~/.julia/packages/StatisticalRethinking/Bzph1/src/require/turing/turing.jl:7
│      [4] include(mod::Module, _path::String)
│        @ Base ./Base.jl:495
│      [5] include(x::String)
│        @ StatisticalRethinking ~/.julia/packages/StatisticalRethinking/Bzph1/src/StatisticalRethinking.jl:1
│      [6] top-level scope
│        @ ~/.julia/packages/Requires/Z8rfN/src/Requires.jl:40
│      [7] eval
│        @ ./boot.jl:385 [inlined]
│      [8] eval
│        @ ~/.julia/packages/StatisticalRethinking/Bzph1/src/StatisticalRethinking.jl:1 [inlined]
│      [9] (::StatisticalRethinking.var"#3#12")()
│        @ StatisticalRethinking ~/.julia/packages/Requires/Z8rfN/src/require.jl:101
│     [10] macro expansion
│        @ timing.jl:395 [inlined]
│     [11] err(f::Any, listener::Module, modname::String, file::String, line::Any)
│        @ Requires ~/.julia/packages/Requires/Z8rfN/src/require.jl:47
│     [12] (::StatisticalRethinking.var"#2#11")()
│        @ StatisticalRethinking ~/.julia/packages/Requires/Z8rfN/src/require.jl:100
│     [13] withpath(f::Any, path::String)
│        @ Requires ~/.julia/packages/Requires/Z8rfN/src/require.jl:37
│     [14] (::StatisticalRethinking.var"#1#10")()
│        @ StatisticalRethinking ~/.julia/packages/Requires/Z8rfN/src/require.jl:99
│     [15] listenpkg(f::Any, pkg::Base.PkgId)
│        @ Requires ~/.julia/packages/Requires/Z8rfN/src/require.jl:20
│     [16] macro expansion
│        @ ~/.julia/packages/Requires/Z8rfN/src/require.jl:98 [inlined]
│     [17] __init__()
│        @ StatisticalRethinking ~/.julia/packages/StatisticalRethinking/Bzph1/src/StatisticalRethinking.jl:31
│     [18] run_module_init(mod::Module, i::Int64)
│        @ Base ./loading.jl:1134
│     [19] register_restored_modules(sv::Core.SimpleVector, pkg::Base.PkgId, path::String)
│        @ Base ./loading.jl:1122
│     [20] _include_from_serialized(pkg::Base.PkgId, path::String, ocachepath::String, depmods::Vector{Any})
│        @ Base ./loading.jl:1067
│     [21] _require_search_from_serialized(pkg::Base.PkgId, sourcepath::String, build_id::UInt128)
│        @ Base ./loading.jl:1581
│     [22] _require(pkg::Base.PkgId, env::String)
│        @ Base ./loading.jl:1938
│     [23] __require_prelocked(uuidkey::Base.PkgId, env::String)
│        @ Base ./loading.jl:1812
│     [24] #invoke_in_world#3
│        @ ./essentials.jl:926 [inlined]
│     [25] invoke_in_world
│        @ ./essentials.jl:923 [inlined]
│     [26] _require_prelocked(uuidkey::Base.PkgId, env::String)
│        @ Base ./loading.jl:1803
│     [27] macro expansion
│        @ ./loading.jl:1790 [inlined]
│     [28] macro expansion
│        @ ./lock.jl:267 [inlined]
│     [29] __require(into::Module, mod::Symbol)
│        @ Base ./loading.jl:1753
│     [30] #invoke_in_world#3
│        @ ./essentials.jl:926 [inlined]
│     [31] invoke_in_world
│        @ ./essentials.jl:923 [inlined]
│     [32] require(into::Module, mod::Symbol)
│        @ Base ./loading.jl:1746
│     [33] include(mod::Module, _path::String)
│        @ Base ./Base.jl:495
│     [34] exec_options(opts::Base.JLOptions)
│        @ Base ./client.jl:318
│     [35] _start()
│        @ Base ./client.jl:552
│    in expression starting at /user/home/em18564/.julia/packages/StatisticalRethinking/Bzph1/src/require/turing/turing_optim_sample.jl:3
│    in expression starting at /user/home/em18564/.julia/packages/StatisticalRethinking/Bzph1/src/require/turing/turing.jl:7
└ @ Requires ~/.julia/packages/Requires/Z8rfN/src/require.jl:51
Sampling (4 threads)   0%|                              |  ETA: N/A
┌ Info: Found initial step size
└   ϵ = 0.0015625
┌ Info: Found initial step size
└   ϵ = 0.003125
┌ Info: Found initial step size
└   ϵ = 0.003125
┌ Info: Found initial step size
└   ϵ = 0.00078125
Sampling (4 threads)  25%|███████▌                      |  ETA: 13:17:40
Sampling (4 threads)  50%|███████████████               |  ETA: 4:25:53
Sampling (4 threads)  75%|██████████████████████▌       |  ETA: 1:33:50
Sampling (4 threads) 100%|██████████████████████████████| Time: 4:43:19
Sampling (4 threads) 100%|██████████████████████████████| Time: 4:43:20
   Resolving package versions...
  No Changes to `~/.julia/environments/v1.10/Project.toml`
  No Changes to `~/.julia/environments/v1.10/Manifest.toml`
   Resolving package versions...
  No Changes to `~/.julia/environments/v1.10/Project.toml`
  No Changes to `~/.julia/environments/v1.10/Manifest.toml`
   Resolving package versions...
  No Changes to `~/.julia/environments/v1.10/Project.toml`
  No Changes to `~/.julia/environments/v1.10/Manifest.toml`
   Resolving package versions...
  No Changes to `~/.julia/environments/v1.10/Project.toml`
  No Changes to `~/.julia/environments/v1.10/Manifest.toml`
   Resolving package versions...
  No Changes to `~/.julia/environments/v1.10/Project.toml`
  No Changes to `~/.julia/environments/v1.10/Manifest.toml`
   Resolving package versions...
  No Changes to `~/.julia/environments/v1.10/Project.toml`
  No Changes to `~/.julia/environments/v1.10/Manifest.toml`
   Resolving package versions...
  No Changes to `~/.julia/environments/v1.10/Project.toml`
  No Changes to `~/.julia/environments/v1.10/Manifest.toml`
   Resolving package versions...
  No Changes to `~/.julia/environments/v1.10/Project.toml`
  No Changes to `~/.julia/environments/v1.10/Manifest.toml`
   Resolving package versions...
  No Changes to `~/.julia/environments/v1.10/Project.toml`
  No Changes to `~/.julia/environments/v1.10/Manifest.toml`
   Resolving package versions...
  No Changes to `~/.julia/environments/v1.10/Project.toml`
  No Changes to `~/.julia/environments/v1.10/Manifest.toml`
   Resolving package versions...
  No Changes to `~/.julia/environments/v1.10/Project.toml`
  No Changes to `~/.julia/environments/v1.10/Manifest.toml`
   Resolving package versions...
  No Changes to `~/.julia/environments/v1.10/Project.toml`
  No Changes to `~/.julia/environments/v1.10/Manifest.toml`
   Resolving package versions...
  No Changes to `~/.julia/environments/v1.10/Project.toml`
  No Changes to `~/.julia/environments/v1.10/Manifest.toml`
   Resolving package versions...
  No Changes to `~/.julia/environments/v1.10/Project.toml`
  No Changes to `~/.julia/environments/v1.10/Manifest.toml`
┌ Warning: Error requiring `Turing` from `StatisticalRethinking`
│   exception =
│    LoadError: UndefVarError: `TuringOptimExt` not defined
│    Stacktrace:
│      [1] include(mod::Module, _path::String)
│        @ Base ./Base.jl:495
│      [2] include(x::String)
│        @ StatisticalRethinking ~/.julia/packages/StatisticalRethinking/Bzph1/src/StatisticalRethinking.jl:1
│      [3] top-level scope
│        @ ~/.julia/packages/StatisticalRethinking/Bzph1/src/require/turing/turing.jl:7
│      [4] include(mod::Module, _path::String)
│        @ Base ./Base.jl:495
│      [5] include(x::String)
│        @ StatisticalRethinking ~/.julia/packages/StatisticalRethinking/Bzph1/src/StatisticalRethinking.jl:1
│      [6] top-level scope
│        @ ~/.julia/packages/Requires/Z8rfN/src/Requires.jl:40
│      [7] eval
│        @ ./boot.jl:385 [inlined]
│      [8] eval
│        @ ~/.julia/packages/StatisticalRethinking/Bzph1/src/StatisticalRethinking.jl:1 [inlined]
│      [9] (::StatisticalRethinking.var"#3#12")()
│        @ StatisticalRethinking ~/.julia/packages/Requires/Z8rfN/src/require.jl:101
│     [10] macro expansion
│        @ timing.jl:395 [inlined]
│     [11] err(f::Any, listener::Module, modname::String, file::String, line::Any)
│        @ Requires ~/.julia/packages/Requires/Z8rfN/src/require.jl:47
│     [12] (::StatisticalRethinking.var"#2#11")()
│        @ StatisticalRethinking ~/.julia/packages/Requires/Z8rfN/src/require.jl:100
│     [13] withpath(f::Any, path::String)
│        @ Requires ~/.julia/packages/Requires/Z8rfN/src/require.jl:37
│     [14] (::StatisticalRethinking.var"#1#10")()
│        @ StatisticalRethinking ~/.julia/packages/Requires/Z8rfN/src/require.jl:99
│     [15] listenpkg(f::Any, pkg::Base.PkgId)
│        @ Requires ~/.julia/packages/Requires/Z8rfN/src/require.jl:20
│     [16] macro expansion
│        @ ~/.julia/packages/Requires/Z8rfN/src/require.jl:98 [inlined]
│     [17] __init__()
│        @ StatisticalRethinking ~/.julia/packages/StatisticalRethinking/Bzph1/src/StatisticalRethinking.jl:31
│     [18] run_module_init(mod::Module, i::Int64)
│        @ Base ./loading.jl:1134
│     [19] register_restored_modules(sv::Core.SimpleVector, pkg::Base.PkgId, path::String)
│        @ Base ./loading.jl:1122
│     [20] _include_from_serialized(pkg::Base.PkgId, path::String, ocachepath::String, depmods::Vector{Any})
│        @ Base ./loading.jl:1067
│     [21] _require_search_from_serialized(pkg::Base.PkgId, sourcepath::String, build_id::UInt128)
│        @ Base ./loading.jl:1581
│     [22] _require(pkg::Base.PkgId, env::String)
│        @ Base ./loading.jl:1938
│     [23] __require_prelocked(uuidkey::Base.PkgId, env::String)
│        @ Base ./loading.jl:1812
│     [24] #invoke_in_world#3
│        @ ./essentials.jl:926 [inlined]
│     [25] invoke_in_world
│        @ ./essentials.jl:923 [inlined]
│     [26] _require_prelocked(uuidkey::Base.PkgId, env::String)
│        @ Base ./loading.jl:1803
│     [27] macro expansion
│        @ ./loading.jl:1790 [inlined]
│     [28] macro expansion
│        @ ./lock.jl:267 [inlined]
│     [29] __require(into::Module, mod::Symbol)
│        @ Base ./loading.jl:1753
│     [30] #invoke_in_world#3
│        @ ./essentials.jl:926 [inlined]
│     [31] invoke_in_world
│        @ ./essentials.jl:923 [inlined]
│     [32] require(into::Module, mod::Symbol)
│        @ Base ./loading.jl:1746
│     [33] include(mod::Module, _path::String)
│        @ Base ./Base.jl:495
│     [34] exec_options(opts::Base.JLOptions)
│        @ Base ./client.jl:318
│     [35] _start()
│        @ Base ./client.jl:552
│    in expression starting at /user/home/em18564/.julia/packages/StatisticalRethinking/Bzph1/src/require/turing/turing_optim_sample.jl:3
│    in expression starting at /user/home/em18564/.julia/packages/StatisticalRethinking/Bzph1/src/require/turing/turing.jl:7
└ @ Requires ~/.julia/packages/Requires/Z8rfN/src/require.jl:51
Sampling (4 threads)   0%|                              |  ETA: N/A
┌ Info: Found initial step size
└   ϵ = 0.003125
┌ Info: Found initial step size
└   ϵ = 0.000390625
┌ Info: Found initial step size
└   ϵ = 0.00625
┌ Info: Found initial step size
└   ϵ = 0.00625
Sampling (4 threads)  25%|███████▌                      |  ETA: 11:07:55
Sampling (4 threads)  50%|███████████████               |  ETA: 3:46:10
Sampling (4 threads)  75%|██████████████████████▌       |  ETA: 1:16:29
Sampling (4 threads) 100%|██████████████████████████████| Time: 4:14:41
Sampling (4 threads) 100%|██████████████████████████████| Time: 4:14:42
