Chains MCMC chain (250×93×4 Array{Float64, 3}):

Iterations        = 126:1:375
Number of chains  = 4
Samples per chain = 250
Wall duration     = 9168.48 seconds
Compute duration  = 27692.62 seconds
parameters        = σ_w[1], σ_w[2], ρ_w[1,1], ρ_w[2,1], ρ_w[1,2], ρ_w[2,2], ab_w[1,1], ab_w[2,1], ab_w[1,2], ab_w[2,2], ab_w[1,3], ab_w[2,3], ab_w[1,4], ab_w[2,4], ab_w[1,5], ab_w[2,5], ab_w[1,6], ab_w[2,6], σ_p[1], σ_p[2], ρ_p[1,1], ρ_p[2,1], ρ_p[1,2], ρ_p[2,2], ab_p[1,1], ab_p[2,1], ab_p[1,2], ab_p[2,2], ab_p[1,3], ab_p[2,3], ab_p[1,4], ab_p[2,4], ab_p[1,5], ab_p[2,5], ab_p[1,6], ab_p[2,6], ab_p[1,7], ab_p[2,7], ab_p[1,8], ab_p[2,8], ab_p[1,9], ab_p[2,9], ab_p[1,10], ab_p[2,10], ab_p[1,11], ab_p[2,11], ab_p[1,12], ab_p[2,12], ab_p[1,13], ab_p[2,13], ab_p[1,14], ab_p[2,14], ab_p[1,15], ab_p[2,15], ab_p[1,16], ab_p[2,16], ab_p[1,17], ab_p[2,17], ab_p[1,18], ab_p[2,18], ab_p[1,19], ab_p[2,19], ab_p[1,20], ab_p[2,20], ab_p[1,21], ab_p[2,21], ab_p[1,22], ab_p[2,22], ab_p[1,23], ab_p[2,23], ab_p[1,24], ab_p[2,24], σ_e[1], σ_e[2], ρ_e[1,1], ρ_e[2,1], ρ_e[1,2], ρ_e[2,2], ab_e[1,1], ab_e[2,1], σ
internals         = lp, n_steps, is_accept, acceptance_rate, log_density, hamiltonian_energy, hamiltonian_energy_error, max_hamiltonian_energy_error, tree_depth, numerical_error, step_size, nom_step_size

Summary Statistics
  parameters      mean       std      mcse    ess_bulk    ess_tail      rhat   ess_per_sec
      Symbol   Float64   Float64   Float64     Float64     Float64   Float64       Float64

      σ_w[1]    0.0387    0.0207    0.0012    257.4482    361.8256    1.0134        0.0093
      σ_w[2]    0.0223    0.0185    0.0013    125.2235    137.9348    1.0427        0.0045
    ρ_w[1,1]    1.0000    0.0000       NaN         NaN         NaN       NaN           NaN
    ρ_w[2,1]   -0.2202    0.3993    0.0202    403.4472    367.5491    1.0011        0.0146
    ρ_w[1,2]   -0.2202    0.3993    0.0202    403.4472    367.5491    1.0011        0.0146
    ρ_w[2,2]    1.0000    0.0000    0.0000    977.9783    800.6954    1.0031        0.0353
   ab_w[1,1]   -0.0390    0.0270    0.0011    661.9422    719.7637    1.0055        0.0239
   ab_w[2,1]    0.0054    0.0173    0.0006    939.0921    564.5211    1.0118        0.0339
   ab_w[1,2]   -0.0031    0.0199    0.0007    808.6509    509.7014    1.0032        0.0292
   ab_w[2,2]   -0.0068    0.0149    0.0006    698.6331    521.5250    1.0118        0.0252
   ab_w[1,3]    0.0129    0.0201    0.0007    790.2105    565.0948    1.0087        0.0285
   ab_w[2,3]   -0.0060    0.0148    0.0006    786.1769    586.1744    1.0127        0.0284
   ab_w[1,4]   -0.0180    0.0235    0.0008    934.3107    788.6435    0.9993        0.0337
   ab_w[2,4]    0.0180    0.0216    0.0010    477.5762    524.3199    1.0099        0.0172
   ab_w[1,5]    0.0278    0.0207    0.0008    692.0454    560.1860    1.0051        0.0250
   ab_w[2,5]   -0.0057    0.0161    0.0006    911.9748    648.0621    1.0055        0.0329
   ab_w[1,6]    0.0221    0.0225    0.0009    647.3409    617.2691    1.0088        0.0234
   ab_w[2,6]   -0.0141    0.0198    0.0010    460.9524    478.0098    1.0067        0.0166
      σ_p[1]    0.1849    0.0311    0.0012    672.0196    491.0021    1.0029        0.0243
      σ_p[2]    0.0302    0.0085    0.0007    201.5543     63.1042    1.0201        0.0073
    ρ_p[1,1]    1.0000    0.0000       NaN         NaN         NaN       NaN           NaN
    ρ_p[2,1]    0.2533    0.2407    0.0104    553.7579    424.6175    1.0112        0.0200
    ρ_p[1,2]    0.2533    0.2407    0.0104    553.7579    424.6175    1.0112        0.0200
    ρ_p[2,2]    1.0000    0.0000    0.0000   1190.3245   1033.7869    0.9998        0.0430
   ab_p[1,1]   -0.1627    0.0421    0.0015    829.1203    614.4573    1.0035        0.0299
   ab_p[2,1]   -0.0238    0.0190    0.0008    536.0977    584.5413    1.0000        0.0194
   ab_p[1,2]    0.2160    0.0405    0.0015    741.1938    669.4210    1.0015        0.0268
   ab_p[2,2]   -0.0113    0.0190    0.0006    990.3780    670.6876    1.0026        0.0358
   ab_p[1,3]    0.2361    0.0418    0.0014    877.6677    753.7827    1.0060        0.0317
   ab_p[2,3]    0.0166    0.0184    0.0006    897.1029    658.6420    1.0077        0.0324
   ab_p[1,4]    0.0332    0.0415    0.0014    863.9217    572.9952    1.0027        0.0312
   ab_p[2,4]   -0.0078    0.0180    0.0005   1103.8842    632.1219    1.0083        0.0399
   ab_p[1,5]    0.1374    0.0413    0.0014    785.5616    610.1372    1.0008        0.0284
   ab_p[2,5]    0.0205    0.0195    0.0007    759.2916    445.5963    1.0072        0.0274
   ab_p[1,6]   -0.1293    0.0413    0.0015    748.8984    731.1636    0.9998        0.0270
   ab_p[2,6]   -0.0361    0.0205    0.0008    685.4727    667.6344    1.0112        0.0248
   ab_p[1,7]   -0.1715    0.0426    0.0014    863.1694    771.2659    1.0068        0.0312
   ab_p[2,7]   -0.0102    0.0201    0.0006   1151.9563    604.9918    1.0043        0.0416
   ab_p[1,8]   -0.0298    0.0411    0.0014    795.8057    527.2171    0.9989        0.0287
   ab_p[2,8]    0.0112    0.0176    0.0005   1168.3749    754.7321    0.9991        0.0422
   ab_p[1,9]    0.0578    0.0415    0.0015    814.9534    665.6332    0.9995        0.0294
   ab_p[2,9]   -0.0428    0.0225    0.0013    306.1171    139.7934    1.0074        0.0111
  ab_p[1,10]   -0.2580    0.0406    0.0015    765.4295    662.0400    1.0093        0.0276
  ab_p[2,10]    0.0035    0.0192    0.0006    938.8449    657.6851    1.0060        0.0339
  ab_p[1,11]   -0.2660    0.0417    0.0015    755.9942    546.5102    1.0023        0.0273
  ab_p[2,11]    0.0131    0.0202    0.0007    817.2095    709.4442    1.0047        0.0295
  ab_p[1,12]   -0.0695    0.0411    0.0014    882.4916    620.2587    1.0019        0.0319
  ab_p[2,12]    0.0444    0.0220    0.0011    336.8563     84.0086    1.0316        0.0122
  ab_p[1,13]    0.1287    0.0414    0.0015    786.1086    572.2270    0.9992        0.0284
  ab_p[2,13]    0.0336    0.0196    0.0008    561.7786    355.8173    1.0099        0.0203
  ab_p[1,14]    0.1161    0.0414    0.0015    798.5055    703.2645    1.0059        0.0288
  ab_p[2,14]    0.0167    0.0187    0.0006   1041.9776    724.6012    1.0049        0.0376
  ab_p[1,15]    0.0683    0.0409    0.0014    825.3677    701.6039    1.0056        0.0298
  ab_p[2,15]   -0.0052    0.0189    0.0006    995.5228    718.4314    1.0039        0.0359
  ab_p[1,16]   -0.2518    0.0406    0.0013    914.2218    728.3859    1.0075        0.0330
  ab_p[2,16]   -0.0378    0.0198    0.0009    452.8765    513.5734    1.0031        0.0164
  ab_p[1,17]   -0.1257    0.0405    0.0014    817.2899    604.3455    1.0010        0.0295
  ab_p[2,17]   -0.0189    0.0185    0.0007    646.6211    641.4231    1.0021        0.0233
  ab_p[1,18]   -0.0203    0.0409    0.0014    878.8920    740.7304    1.0049        0.0317
  ab_p[2,18]    0.0055    0.0182    0.0007    767.4290    679.6747    1.0046        0.0277
  ab_p[1,19]   -0.2920    0.0421    0.0015    807.2559    698.9580    1.0044        0.0292
  ab_p[2,19]   -0.0203    0.0188    0.0006   1004.7699    737.3759    1.0046        0.0363
  ab_p[1,20]    0.1164    0.0424    0.0014    876.3320    612.2296    1.0096        0.0316
  ab_p[2,20]    0.0196    0.0187    0.0006    901.2767    686.2351    1.0059        0.0325
  ab_p[1,21]    0.2920    0.0408    0.0014    885.4983    648.7566    1.0077        0.0320
  ab_p[2,21]    0.0122    0.0193    0.0006   1150.4746    706.6150    1.0044        0.0415
  ab_p[1,22]    0.1283    0.0408    0.0014    863.9247    707.5911    1.0036        0.0312
  ab_p[2,22]   -0.0022    0.0178    0.0006    792.5688    642.6312    1.0042        0.0286
  ab_p[1,23]    0.0966    0.0406    0.0014    797.9322    658.0128    1.0096        0.0288
  ab_p[2,23]    0.0136    0.0187    0.0006    914.3933    782.5699    1.0119        0.0330
  ab_p[1,24]    0.1118    0.0408    0.0015    740.2736    583.0305    0.9987        0.0267
  ab_p[2,24]   -0.0076    0.0192    0.0006   1098.7418    721.9065    1.0030        0.0397
      σ_e[1]    0.2861    0.4407    0.0440     85.2471    152.0804    1.0466        0.0031
      σ_e[2]    0.3031    0.4931    0.0367    149.4975    216.0464    1.0183        0.0054
    ρ_e[1,1]    1.0000    0.0000       NaN         NaN         NaN       NaN           NaN
    ρ_e[2,1]    0.0446    0.4723    0.0286    264.2499    190.8537    1.0148        0.0095
    ρ_e[1,2]    0.0446    0.4723    0.0286    264.2499    190.8537    1.0148        0.0095
    ρ_e[2,2]    1.0000    0.0000    0.0000   1011.1813    903.1438    1.0015        0.0365
   ab_e[1,1]   -0.0102    0.0365    0.0014    722.2341    620.7907    1.0050        0.0261
   ab_e[2,1]   -0.0246    0.0152    0.0006    580.4537    652.1912    1.0051        0.0210
           σ    0.9843    0.0038    0.0001   1117.9247    725.2756    1.0019        0.0404

Quantiles
  parameters      2.5%     25.0%     50.0%     75.0%     97.5%
      Symbol   Float64   Float64   Float64   Float64   Float64

      σ_w[1]    0.0102    0.0245    0.0341    0.0481    0.0861
      σ_w[2]    0.0033    0.0101    0.0182    0.0286    0.0676
    ρ_w[1,1]    1.0000    1.0000    1.0000    1.0000    1.0000
    ρ_w[2,1]   -0.8634   -0.5362   -0.2598    0.0751    0.5893
    ρ_w[1,2]   -0.8634   -0.5362   -0.2598    0.0751    0.5893
    ρ_w[2,2]    1.0000    1.0000    1.0000    1.0000    1.0000
   ab_w[1,1]   -0.1014   -0.0546   -0.0364   -0.0195    0.0045
   ab_w[2,1]   -0.0311   -0.0037    0.0044    0.0138    0.0431
   ab_w[1,2]   -0.0425   -0.0152   -0.0033    0.0083    0.0383
   ab_w[2,2]   -0.0408   -0.0131   -0.0049    0.0018    0.0194
   ab_w[1,3]   -0.0277   -0.0003    0.0122    0.0255    0.0545
   ab_w[2,3]   -0.0404   -0.0131   -0.0039    0.0022    0.0199
   ab_w[1,4]   -0.0672   -0.0314   -0.0173   -0.0026    0.0246
   ab_w[2,4]   -0.0094    0.0029    0.0135    0.0289    0.0671
   ab_w[1,5]   -0.0097    0.0137    0.0269    0.0401    0.0719
   ab_w[2,5]   -0.0442   -0.0132   -0.0039    0.0028    0.0247
   ab_w[1,6]   -0.0188    0.0067    0.0203    0.0359    0.0704
   ab_w[2,6]   -0.0619   -0.0237   -0.0100   -0.0013    0.0162
      σ_p[1]    0.1351    0.1626    0.1813    0.2026    0.2560
      σ_p[2]    0.0134    0.0249    0.0296    0.0352    0.0472
    ρ_p[1,1]    1.0000    1.0000    1.0000    1.0000    1.0000
    ρ_p[2,1]   -0.2439    0.1054    0.2588    0.4297    0.6916
    ρ_p[1,2]   -0.2439    0.1054    0.2588    0.4297    0.6916
    ρ_p[2,2]    1.0000    1.0000    1.0000    1.0000    1.0000
   ab_p[1,1]   -0.2448   -0.1904   -0.1632   -0.1350   -0.0845
   ab_p[2,1]   -0.0613   -0.0358   -0.0236   -0.0100    0.0108
   ab_p[1,2]    0.1416    0.1887    0.2157    0.2409    0.3008
   ab_p[2,2]   -0.0512   -0.0242   -0.0104    0.0011    0.0252
   ab_p[1,3]    0.1547    0.2105    0.2354    0.2619    0.3168
   ab_p[2,3]   -0.0182    0.0039    0.0158    0.0289    0.0533
   ab_p[1,4]   -0.0476    0.0056    0.0334    0.0606    0.1130
   ab_p[2,4]   -0.0448   -0.0194   -0.0075    0.0035    0.0273
   ab_p[1,5]    0.0572    0.1115    0.1375    0.1643    0.2190
   ab_p[2,5]   -0.0164    0.0069    0.0202    0.0335    0.0599
   ab_p[1,6]   -0.2055   -0.1572   -0.1306   -0.1014   -0.0489
   ab_p[2,6]   -0.0796   -0.0489   -0.0359   -0.0224    0.0003
   ab_p[1,7]   -0.2520   -0.1996   -0.1701   -0.1450   -0.0883
   ab_p[2,7]   -0.0499   -0.0226   -0.0095    0.0029    0.0297
   ab_p[1,8]   -0.1089   -0.0554   -0.0311   -0.0022    0.0541
   ab_p[2,8]   -0.0228   -0.0008    0.0114    0.0228    0.0473
   ab_p[1,9]   -0.0270    0.0316    0.0587    0.0817    0.1443
   ab_p[2,9]   -0.0892   -0.0576   -0.0421   -0.0292    0.0009
  ab_p[1,10]   -0.3350   -0.2851   -0.2595   -0.2310   -0.1744
  ab_p[2,10]   -0.0326   -0.0094    0.0025    0.0168    0.0404
  ab_p[1,11]   -0.3495   -0.2927   -0.2651   -0.2399   -0.1839
  ab_p[2,11]   -0.0247   -0.0013    0.0127    0.0269    0.0540
  ab_p[1,12]   -0.1477   -0.0961   -0.0718   -0.0437    0.0216
  ab_p[2,12]    0.0023    0.0294    0.0443    0.0589    0.0875
  ab_p[1,13]    0.0488    0.1016    0.1285    0.1554    0.2117
  ab_p[2,13]   -0.0034    0.0202    0.0336    0.0455    0.0756
  ab_p[1,14]    0.0399    0.0876    0.1160    0.1446    0.1964
  ab_p[2,14]   -0.0185    0.0038    0.0161    0.0295    0.0548
  ab_p[1,15]   -0.0098    0.0431    0.0674    0.0955    0.1476
  ab_p[2,15]   -0.0448   -0.0176   -0.0047    0.0078    0.0299
  ab_p[1,16]   -0.3330   -0.2779   -0.2506   -0.2257   -0.1715
  ab_p[2,16]   -0.0770   -0.0515   -0.0368   -0.0239   -0.0012
  ab_p[1,17]   -0.2003   -0.1516   -0.1257   -0.1007   -0.0424
  ab_p[2,17]   -0.0546   -0.0308   -0.0190   -0.0069    0.0173
  ab_p[1,18]   -0.0958   -0.0485   -0.0208    0.0063    0.0618
  ab_p[2,18]   -0.0313   -0.0054    0.0048    0.0173    0.0420
  ab_p[1,19]   -0.3775   -0.3172   -0.2936   -0.2663   -0.2048
  ab_p[2,19]   -0.0572   -0.0327   -0.0198   -0.0079    0.0163
  ab_p[1,20]    0.0356    0.0902    0.1156    0.1424    0.2004
  ab_p[2,20]   -0.0166    0.0066    0.0193    0.0323    0.0559
  ab_p[1,21]    0.2137    0.2649    0.2918    0.3183    0.3740
  ab_p[2,21]   -0.0247   -0.0001    0.0120    0.0249    0.0501
  ab_p[1,22]    0.0427    0.1022    0.1288    0.1535    0.2147
  ab_p[2,22]   -0.0369   -0.0141   -0.0017    0.0091    0.0332
  ab_p[1,23]    0.0169    0.0710    0.0961    0.1229    0.1773
  ab_p[2,23]   -0.0221    0.0002    0.0134    0.0265    0.0511
  ab_p[1,24]    0.0353    0.0860    0.1104    0.1377    0.1923
  ab_p[2,24]   -0.0485   -0.0201   -0.0083    0.0056    0.0284
      σ_e[1]    0.0112    0.0480    0.1235    0.3531    1.3029
      σ_e[2]    0.0110    0.0566    0.1480    0.3404    1.4799
    ρ_e[1,1]    1.0000    1.0000    1.0000    1.0000    1.0000
    ρ_e[2,1]   -0.8386   -0.3225    0.0602    0.4129    0.8541
    ρ_e[1,2]   -0.8386   -0.3225    0.0602    0.4129    0.8541
    ρ_e[2,2]    1.0000    1.0000    1.0000    1.0000    1.0000
   ab_e[1,1]   -0.0891   -0.0321   -0.0090    0.0109    0.0623
   ab_e[2,1]   -0.0531   -0.0338   -0.0255   -0.0166    0.0078
           σ    0.9772    0.9816    0.9842    0.9870    0.9917

