Chains MCMC chain (250×93×4 Array{Float64, 3}):

Iterations        = 126:1:375
Number of chains  = 4
Samples per chain = 250
Wall duration     = 5049.86 seconds
Compute duration  = 14981.46 seconds
parameters        = σ_w[1], σ_w[2], ρ_w[1,1], ρ_w[2,1], ρ_w[1,2], ρ_w[2,2], ab_w[1,1], ab_w[2,1], ab_w[1,2], ab_w[2,2], ab_w[1,3], ab_w[2,3], ab_w[1,4], ab_w[2,4], ab_w[1,5], ab_w[2,5], ab_w[1,6], ab_w[2,6], σ_p[1], σ_p[2], ρ_p[1,1], ρ_p[2,1], ρ_p[1,2], ρ_p[2,2], ab_p[1,1], ab_p[2,1], ab_p[1,2], ab_p[2,2], ab_p[1,3], ab_p[2,3], ab_p[1,4], ab_p[2,4], ab_p[1,5], ab_p[2,5], ab_p[1,6], ab_p[2,6], ab_p[1,7], ab_p[2,7], ab_p[1,8], ab_p[2,8], ab_p[1,9], ab_p[2,9], ab_p[1,10], ab_p[2,10], ab_p[1,11], ab_p[2,11], ab_p[1,12], ab_p[2,12], ab_p[1,13], ab_p[2,13], ab_p[1,14], ab_p[2,14], ab_p[1,15], ab_p[2,15], ab_p[1,16], ab_p[2,16], ab_p[1,17], ab_p[2,17], ab_p[1,18], ab_p[2,18], ab_p[1,19], ab_p[2,19], ab_p[1,20], ab_p[2,20], ab_p[1,21], ab_p[2,21], ab_p[1,22], ab_p[2,22], ab_p[1,23], ab_p[2,23], ab_p[1,24], ab_p[2,24], σ_e[1], σ_e[2], ρ_e[1,1], ρ_e[2,1], ρ_e[1,2], ρ_e[2,2], ab_e[1,1], ab_e[2,1], σ
internals         = lp, n_steps, is_accept, acceptance_rate, log_density, hamiltonian_energy, hamiltonian_energy_error, max_hamiltonian_energy_error, tree_depth, numerical_error, step_size, nom_step_size

Summary Statistics
  parameters      mean       std      mcse   ess_bulk   ess_tail      rhat   ess_per_sec
      Symbol   Float64   Float64   Float64    Float64    Float64   Float64       Float64

      σ_w[1]    0.0429    0.0177    0.0014   335.9726   365.0308    1.4911        0.0224
      σ_w[2]    0.0481    0.0229    0.0015    35.9462   255.9112    1.0823        0.0024
    ρ_w[1,1]    1.0000    0.0000       NaN        NaN        NaN       NaN           NaN
    ρ_w[2,1]   -0.2859    0.3098    0.0220   225.3486   257.3276    1.4599        0.0150
    ρ_w[1,2]   -0.2859    0.3098    0.0220   225.3486   257.3276    1.4599        0.0150
    ρ_w[2,2]    1.0000    0.0000    0.0000   474.9262   337.9844    1.0059        0.0317
   ab_w[1,1]   -0.0171    0.0229    0.0019   115.6811   688.8533    1.0688        0.0077
   ab_w[2,1]    0.0131    0.0235    0.0010   483.2898   590.3775    1.1989        0.0323
   ab_w[1,2]    0.0474    0.0191    0.0009   393.3013   581.8291    1.0534        0.0263
   ab_w[2,2]   -0.0675    0.0236    0.0063    12.3218    62.5208    1.2495        0.0008
   ab_w[1,3]   -0.0462    0.0184    0.0010   283.7221   693.2558    1.1276        0.0189
   ab_w[2,3]    0.0025    0.0207    0.0024    57.2263   701.6683    1.0544        0.0038
   ab_w[1,4]    0.0208    0.0219    0.0027    55.6920   753.7176    1.0591        0.0037
   ab_w[2,4]    0.0214    0.0248    0.0028    54.5330   552.8439    1.0600        0.0036
   ab_w[1,5]   -0.0073    0.0185    0.0007   541.6155   662.0720    1.0779        0.0362
   ab_w[2,5]    0.0044    0.0205    0.0011   269.6414   605.7276    1.1040        0.0180
   ab_w[1,6]   -0.0008    0.0225    0.0048    20.2269   122.6996    1.1461        0.0014
   ab_w[2,6]   -0.0053    0.0261    0.0068    13.8709   295.5560    1.2199        0.0009
      σ_p[1]    0.2227    0.0365    0.0068    27.5171   426.4062    1.1067        0.0018
      σ_p[2]    0.0376    0.0076    0.0009    59.3618   348.0913    1.1180        0.0040
    ρ_p[1,1]    1.0000    0.0000       NaN        NaN        NaN       NaN           NaN
    ρ_p[2,1]    0.6086    0.1908    0.0458    13.7052   288.0134    1.2213        0.0009
    ρ_p[1,2]    0.6086    0.1908    0.0458    13.7052   288.0134    1.2213        0.0009
    ρ_p[2,2]    1.0000    0.0000    0.0000   895.1422   783.1686    1.0206        0.0598
   ab_p[1,1]    0.0865    0.0416    0.0057    59.7810   418.4790    1.1261        0.0040
   ab_p[2,1]    0.0010    0.0183    0.0022    89.6517   524.9892    1.0557        0.0060
   ab_p[1,2]   -0.0939    0.0421    0.0061    49.7709   349.0880    1.1286        0.0033
   ab_p[2,2]   -0.0466    0.0197    0.0030    43.9961   479.1344    1.0639        0.0029
   ab_p[1,3]    0.3164    0.0405    0.0019   389.6142   464.5262    1.0784        0.0260
   ab_p[2,3]    0.0703    0.0187    0.0010   341.3247   587.8088    1.0902        0.0228
   ab_p[1,4]   -0.2197    0.0412    0.0058    48.5777   320.3551    1.1209        0.0032
   ab_p[2,4]   -0.0315    0.0182    0.0027    43.1055   189.7292    1.0815        0.0029
   ab_p[1,5]   -0.1396    0.0410    0.0042   120.6454   328.1878    1.1380        0.0081
   ab_p[2,5]   -0.0339    0.0195    0.0033    37.0326   184.6977    1.0814        0.0025
   ab_p[1,6]    0.6536    0.0419    0.0018   452.1349   585.0429    1.1619        0.0302
   ab_p[2,6]    0.0522    0.0206    0.0026    67.7365   674.1085    1.0642        0.0045
   ab_p[1,7]   -0.1422    0.0422    0.0060    57.6576   309.3519    1.1501        0.0038
   ab_p[2,7]    0.0019    0.0185    0.0008   424.5722   387.8944    1.1357        0.0283
   ab_p[1,8]    0.0059    0.0400    0.0020   358.0708   483.6168    1.1427        0.0239
   ab_p[2,8]    0.0020    0.0170    0.0007   520.0769   692.1534    1.0989        0.0347
   ab_p[1,9]    0.0266    0.0432    0.0077    36.2724   313.2589    1.0801        0.0024
   ab_p[2,9]    0.0001    0.0182    0.0010   301.5221   588.1154    1.0711        0.0201
  ab_p[1,10]   -0.1545    0.0394    0.0016   551.5858   390.8098    1.1882        0.0368
  ab_p[2,10]    0.0058    0.0219    0.0059    13.8372   140.5088    1.2155        0.0009
  ab_p[1,11]   -0.3400    0.0404    0.0018   374.7768   376.4652    1.1340        0.0250
  ab_p[2,11]   -0.0135    0.0182    0.0014   177.2039   737.4191    1.1219        0.0118
  ab_p[1,12]   -0.0033    0.0396    0.0016   515.6922   414.7892    1.1795        0.0344
  ab_p[2,12]   -0.0048    0.0198    0.0037    29.6008   522.1253    1.0927        0.0020
  ab_p[1,13]    0.0946    0.0401    0.0017   481.6188   448.9358    1.2345        0.0321
  ab_p[2,13]    0.0169    0.0211    0.0043    23.8762   310.5488    1.1136        0.0016
  ab_p[1,14]    0.2283    0.0431    0.0066    42.4897   350.2782    1.1526        0.0028
  ab_p[2,14]   -0.0116    0.0178    0.0009   434.7077   539.4091    1.0282        0.0290
  ab_p[1,15]    0.3530    0.0418    0.0073    33.8883   305.5757    1.0921        0.0023
  ab_p[2,15]    0.0329    0.0182    0.0014   228.8068   536.9847    1.0651        0.0153
  ab_p[1,16]   -0.0560    0.0408    0.0023   267.2133   471.5224    1.1984        0.0178
  ab_p[2,16]    0.0165    0.0176    0.0024    52.4097   189.3372    1.1073        0.0035
  ab_p[1,17]   -0.0672    0.0407    0.0018   458.8103   527.2025    1.1337        0.0306
  ab_p[2,17]   -0.0232    0.0191    0.0041    20.7405   104.4720    1.1326        0.0014
  ab_p[1,18]   -0.0553    0.0408    0.0053    48.5392   373.2227    1.1124        0.0032
  ab_p[2,18]   -0.0017    0.0190    0.0023    71.8416   392.1805    1.0493        0.0048
  ab_p[1,19]   -0.0728    0.0416    0.0022   375.6549   638.5378    1.2844        0.0251
  ab_p[2,19]    0.0064    0.0185    0.0028    48.7243   495.3584    1.0893        0.0033
  ab_p[1,20]   -0.1736    0.0394    0.0017   479.2957   450.5623    1.2017        0.0320
  ab_p[2,20]   -0.0219    0.0191    0.0038    25.5460    75.5921    1.1019        0.0017
  ab_p[1,21]   -0.2856    0.0407    0.0017   560.3743   556.0013    1.2929        0.0374
  ab_p[2,21]   -0.0850    0.0213    0.0036    34.7296   576.1903    1.0817        0.0023
  ab_p[1,22]    0.0121    0.0426    0.0079    28.1061   369.9296    1.1057        0.0019
  ab_p[2,22]    0.0013    0.0177    0.0015   128.7176   622.7210    1.0356        0.0086
  ab_p[1,23]    0.1760    0.0390    0.0017   270.2783   387.7095    1.2421        0.0180
  ab_p[2,23]    0.0238    0.0209    0.0046    20.5681   118.6145    1.1375        0.0014
  ab_p[1,24]   -0.0172    0.0396    0.0021   340.7008   428.9045    1.2952        0.0227
  ab_p[2,24]    0.0132    0.0170    0.0010   290.8570   655.8383    1.1172        0.0194
      σ_e[1]    0.2604    0.4237    0.0544     7.3463    15.5586    1.6090        0.0005
      σ_e[2]    0.3770    0.5658    0.0713   108.0408   195.9686    1.5406        0.0072
    ρ_e[1,1]    1.0000    0.0000       NaN        NaN        NaN       NaN           NaN
    ρ_e[2,1]   -0.1697    0.5468    0.1918     7.9959    22.5751    1.4914        0.0005
    ρ_e[1,2]   -0.1697    0.5468    0.1918     7.9959    22.5751    1.4914        0.0005
    ρ_e[2,2]    1.0000    0.0000    0.0000   862.2110   122.8090    1.0365        0.0576
   ab_e[1,1]    0.0071    0.0379    0.0017   519.0852   416.7543    1.4547        0.0346
   ab_e[2,1]   -0.0270    0.0210    0.0035    32.0353   579.6136    1.0931        0.0021
           σ    0.9747    0.0035    0.0002   302.5028    98.8685    1.0131        0.0202

Quantiles
  parameters      2.5%     25.0%     50.0%     75.0%     97.5%
      Symbol   Float64   Float64   Float64   Float64   Float64

      σ_w[1]    0.0220    0.0343    0.0361    0.0489    0.0973
      σ_w[2]    0.0206    0.0320    0.0474    0.0561    0.1042
    ρ_w[1,1]    1.0000    1.0000    1.0000    1.0000    1.0000
    ρ_w[2,1]   -0.7935   -0.4305   -0.3751   -0.1071    0.4619
    ρ_w[1,2]   -0.7935   -0.4305   -0.3751   -0.1071    0.4619
    ρ_w[2,2]    1.0000    1.0000    1.0000    1.0000    1.0000
   ab_w[1,1]   -0.0650   -0.0317   -0.0151   -0.0033    0.0242
   ab_w[2,1]   -0.0312    0.0003    0.0104    0.0247    0.0628
   ab_w[1,2]    0.0084    0.0367    0.0478    0.0586    0.0875
   ab_w[2,2]   -0.1029   -0.0855   -0.0681   -0.0509   -0.0244
   ab_w[1,3]   -0.0822   -0.0570   -0.0481   -0.0355   -0.0061
   ab_w[2,3]   -0.0335   -0.0109    0.0002    0.0146    0.0442
   ab_w[1,4]   -0.0185    0.0062    0.0206    0.0333    0.0661
   ab_w[2,4]   -0.0231    0.0052    0.0214    0.0379    0.0720
   ab_w[1,5]   -0.0476   -0.0162   -0.0066    0.0022    0.0300
   ab_w[2,5]   -0.0333   -0.0062    0.0035    0.0159    0.0436
   ab_w[1,6]   -0.0364   -0.0167   -0.0027    0.0134    0.0457
   ab_w[2,6]   -0.0447   -0.0250   -0.0072    0.0132    0.0474
      σ_p[1]    0.1699    0.1964    0.2129    0.2422    0.3161
      σ_p[2]    0.0262    0.0333    0.0351    0.0407    0.0568
    ρ_p[1,1]    1.0000    1.0000    1.0000    1.0000    1.0000
    ρ_p[2,1]    0.0976    0.5118    0.6511    0.7706    0.8364
    ρ_p[1,2]    0.0976    0.5118    0.6511    0.7706    0.8364
    ρ_p[2,2]    1.0000    1.0000    1.0000    1.0000    1.0000
   ab_p[1,1]   -0.0072    0.0609    0.0967    0.1116    0.1599
   ab_p[2,1]   -0.0413   -0.0100    0.0042    0.0129    0.0319
   ab_p[1,2]   -0.1892   -0.1200   -0.0831   -0.0684   -0.0160
   ab_p[2,2]   -0.0848   -0.0601   -0.0488   -0.0339   -0.0064
   ab_p[1,3]    0.2259    0.2931    0.3214    0.3395    0.3982
   ab_p[2,3]    0.0356    0.0590    0.0684    0.0814    0.1137
   ab_p[1,4]   -0.3071   -0.2468   -0.2179   -0.1919   -0.1478
   ab_p[2,4]   -0.0677   -0.0429   -0.0304   -0.0197    0.0025
   ab_p[1,5]   -0.2267   -0.1629   -0.1304   -0.1164   -0.0608
   ab_p[2,5]   -0.0702   -0.0469   -0.0341   -0.0213    0.0040
   ab_p[1,6]    0.5637    0.6306    0.6596    0.6781    0.7361
   ab_p[2,6]    0.0089    0.0391    0.0526    0.0669    0.0908
   ab_p[1,7]   -0.2329   -0.1694   -0.1287   -0.1159   -0.0692
   ab_p[2,7]   -0.0380   -0.0101    0.0027    0.0129    0.0402
   ab_p[1,8]   -0.0760   -0.0186    0.0110    0.0275    0.0880
   ab_p[2,8]   -0.0318   -0.0086    0.0020    0.0126    0.0352
   ab_p[1,9]   -0.0679   -0.0026    0.0377    0.0558    0.0947
   ab_p[2,9]   -0.0392   -0.0104    0.0003    0.0123    0.0346
  ab_p[1,10]   -0.2434   -0.1735   -0.1498   -0.1333   -0.0796
  ab_p[2,10]   -0.0276   -0.0115    0.0029    0.0206    0.0518
  ab_p[1,11]   -0.4302   -0.3603   -0.3398   -0.3188   -0.2553
  ab_p[2,11]   -0.0483   -0.0246   -0.0151   -0.0033    0.0247
  ab_p[1,12]   -0.0863   -0.0229   -0.0010    0.0168    0.0790
  ab_p[2,12]   -0.0436   -0.0195   -0.0059    0.0101    0.0328
  ab_p[1,13]    0.0071    0.0748    0.0964    0.1162    0.1780
  ab_p[2,13]   -0.0213    0.0027    0.0155    0.0318    0.0583
  ab_p[1,14]    0.1280    0.2013    0.2370    0.2550    0.3032
  ab_p[2,14]   -0.0480   -0.0222   -0.0116    0.0002    0.0235
  ab_p[1,15]    0.2604    0.3248    0.3625    0.3817    0.4284
  ab_p[2,15]   -0.0008    0.0209    0.0307    0.0445    0.0713
  ab_p[1,16]   -0.1437   -0.0785   -0.0504   -0.0356    0.0202
  ab_p[2,16]   -0.0136    0.0061    0.0144    0.0276    0.0532
  ab_p[1,17]   -0.1587   -0.0899   -0.0610   -0.0471    0.0171
  ab_p[2,17]   -0.0648   -0.0351   -0.0221   -0.0090    0.0084
  ab_p[1,18]   -0.1431   -0.0789   -0.0534   -0.0291    0.0198
  ab_p[2,18]   -0.0411   -0.0137   -0.0007    0.0108    0.0332
  ab_p[1,19]   -0.1666   -0.0971   -0.0649   -0.0497    0.0071
  ab_p[2,19]   -0.0240   -0.0068    0.0028    0.0188    0.0463
  ab_p[1,20]   -0.2673   -0.1940   -0.1681   -0.1533   -0.0956
  ab_p[2,20]   -0.0546   -0.0347   -0.0233   -0.0082    0.0145
  ab_p[1,21]   -0.3761   -0.3052   -0.2850   -0.2647   -0.2007
  ab_p[2,21]   -0.1334   -0.0980   -0.0808   -0.0695   -0.0504
  ab_p[1,22]   -0.0783   -0.0160    0.0212    0.0425    0.0824
  ab_p[2,22]   -0.0336   -0.0092    0.0012    0.0132    0.0356
  ab_p[1,23]    0.0947    0.1582    0.1722    0.1989    0.2548
  ab_p[2,23]   -0.0076    0.0072    0.0219    0.0379    0.0697
  ab_p[1,24]   -0.0995   -0.0360   -0.0235    0.0082    0.0708
  ab_p[2,24]   -0.0214    0.0034    0.0155    0.0236    0.0449
      σ_e[1]    0.0021    0.0028    0.0767    0.3087    1.3851
      σ_e[2]    0.0184    0.0942    0.1159    0.4498    2.1285
    ρ_e[1,1]    1.0000    1.0000    1.0000    1.0000    1.0000
    ρ_e[2,1]   -0.8321   -0.8241   -0.1903    0.2979    0.8397
    ρ_e[1,2]   -0.8321   -0.8241   -0.1903    0.2979    0.8397
    ρ_e[2,2]    1.0000    1.0000    1.0000    1.0000    1.0000
   ab_e[1,1]   -0.0634   -0.0073    0.0005    0.0216    0.0967
   ab_e[2,1]   -0.0674   -0.0402   -0.0240   -0.0123    0.0075
           σ    0.9680    0.9721    0.9745    0.9771    0.9820

