Running on host compute470.bc4.acrc.priv
Time is Tue Sep 12 13:21:51 BST 2023
Directory is /user/home/em18564/BC4/Bayes/experiments/hier_MV_low
Slurm job ID is 11917065
This job runs on the following machines:
compute470
    Updating registry at `~/.julia/registries/General.toml`
   Resolving package versions...
  No Changes to `~/.julia/environments/v1.8/Project.toml`
  No Changes to `~/.julia/environments/v1.8/Manifest.toml`
   Resolving package versions...
  No Changes to `~/.julia/environments/v1.8/Project.toml`
  No Changes to `~/.julia/environments/v1.8/Manifest.toml`
   Resolving package versions...
  No Changes to `~/.julia/environments/v1.8/Project.toml`
  No Changes to `~/.julia/environments/v1.8/Manifest.toml`
   Resolving package versions...
  No Changes to `~/.julia/environments/v1.8/Project.toml`
  No Changes to `~/.julia/environments/v1.8/Manifest.toml`
   Resolving package versions...
  No Changes to `~/.julia/environments/v1.8/Project.toml`
  No Changes to `~/.julia/environments/v1.8/Manifest.toml`
   Resolving package versions...
  No Changes to `~/.julia/environments/v1.8/Project.toml`
  No Changes to `~/.julia/environments/v1.8/Manifest.toml`
   Resolving package versions...
  No Changes to `~/.julia/environments/v1.8/Project.toml`
  No Changes to `~/.julia/environments/v1.8/Manifest.toml`
   Resolving package versions...
  No Changes to `~/.julia/environments/v1.8/Project.toml`
  No Changes to `~/.julia/environments/v1.8/Manifest.toml`
   Resolving package versions...
  No Changes to `~/.julia/environments/v1.8/Project.toml`
  No Changes to `~/.julia/environments/v1.8/Manifest.toml`
   Resolving package versions...
  No Changes to `~/.julia/environments/v1.8/Project.toml`
  No Changes to `~/.julia/environments/v1.8/Manifest.toml`
   Resolving package versions...
  No Changes to `~/.julia/environments/v1.8/Project.toml`
  No Changes to `~/.julia/environments/v1.8/Manifest.toml`
   Resolving package versions...
  No Changes to `~/.julia/environments/v1.8/Project.toml`
  No Changes to `~/.julia/environments/v1.8/Manifest.toml`
   Resolving package versions...
  No Changes to `~/.julia/environments/v1.8/Project.toml`
  No Changes to `~/.julia/environments/v1.8/Manifest.toml`
slurmstepd: error: *** JOB 11917065 ON compute470 CANCELLED AT 2023-09-19T13:22:18 DUE TO TIME LIMIT ***
