cpu-bind=MASK - bp1-compute123, task  0  0 [928923]: mask 0x8080008080 set
cpu-bind=MASK - bp1-compute123, task  0  0 [928924]: mask 0x1400001400 set
Running on host bp1-compute123
Running on host bp1-compute123
Time is Thu May 14 18:15:08 BST 2026
Directory is /user/home/em18564/bayesian/BC4/Bayes/wordType_experiments/models/4_baseModel_noLKJ
Slurm job ID is 17317340
This job runs on the following machines:
Time is Thu May 14 18:15:08 BST 2026
Directory is /user/home/em18564/bayesian/BC4/Bayes/wordType_experiments/models/4_baseModel_noLKJ
Slurm job ID is 17317314
This job runs on the following machines:
bp1-compute123
bp1-compute123
Running on host bp1-compute121
Running on host bp1-compute121
Time is Thu May 14 18:15:09 BST 2026
Directory is /user/home/em18564/bayesian/BC4/Bayes/wordType_experiments/models/4_baseModel_noLKJ
Time is Thu May 14 18:15:09 BST 2026
Slurm job ID is 17317339
This job runs on the following machines:
Directory is /user/home/em18564/bayesian/BC4/Bayes/wordType_experiments/models/4_baseModel_noLKJ
Slurm job ID is 17317338
This job runs on the following machines:
bp1-compute121
bp1-compute121
┌ Warning: Runtime invalidation was disabled, but the CPU info is out-of-date.
│ Will continue with incorrect CPU name (from build time).
└ @ HostCPUFeatures ~/.julia/packages/HostCPUFeatures/ZTXz4/src/cpu_info.jl:71
┌ Warning: Runtime invalidation was disabled, but the CPU info is out-of-date.
│ Will continue with incorrect CPU feature flag: +avx512vnni.
└ @ HostCPUFeatures ~/.julia/packages/HostCPUFeatures/ZTXz4/src/cpu_info.jl:56
┌ Warning: Runtime invalidation was disabled, but the CPU info is out-of-date.
│ Will continue with incorrect CPU feature flag: -rtm.
└ @ HostCPUFeatures ~/.julia/packages/HostCPUFeatures/ZTXz4/src/cpu_info.jl:56
Sampling (4 threads)   0%|                              |  ETA: N/A
┌ Info: Found initial step size
└   ϵ = 0.00625
┌ Info: Found initial step size
└   ϵ = 0.003125
┌ Info: Found initial step size
└   ϵ = 0.0001953125
┌ Info: Found initial step size
└   ϵ = 0.00078125
Sampling (4 threads)   0%|▏                             |  ETA: 3:02:17
Sampling (4 threads)   1%|▎                             |  ETA: 1:30:47
Sampling (4 threads)   2%|▌                             |  ETA: 1:00:13
Sampling (4 threads)   2%|▋                             |  ETA: 0:46:51
Sampling (4 threads)   2%|▊                             |  ETA: 0:37:17
Sampling (4 threads)   3%|▉                             |  ETA: 0:30:55
Sampling (4 threads)   4%|█                             |  ETA: 0:28:48
Sampling (4 threads)   4%|█▎                            |  ETA: 0:25:04
Sampling (4 threads)   4%|█▍                            |  ETA: 0:28:50
Sampling (4 threads)   5%|█▌                            |  ETA: 0:25:49
Sampling (4 threads)   6%|█▋                            |  ETA: 0:23:21
Sampling (4 threads)   6%|█▊                            |  ETA: 0:29:04
Sampling (4 threads)   6%|██                            |  ETA: 0:26:41
Sampling (4 threads)   7%|██▏                           |  ETA: 0:24:39
Sampling (4 threads)   8%|██▎                           |  ETA: 0:26:53
Sampling (4 threads)   8%|██▍                           |  ETA: 0:25:04
Sampling (4 threads)   8%|██▌                           |  ETA: 0:23:28
Sampling (4 threads)   9%|██▊                           |  ETA: 0:22:03
Sampling (4 threads)  10%|██▉                           |  ETA: 0:23:55
Sampling (4 threads)  10%|███                           |  ETA: 0:22:36
Sampling (4 threads)  10%|███▏                          |  ETA: 0:21:24
Sampling (4 threads)  11%|███▎                          |  ETA: 0:29:49
Sampling (4 threads)  12%|███▌                          |  ETA: 0:28:21
Sampling (4 threads)  12%|███▋                          |  ETA: 0:27:01
Sampling (4 threads)  12%|███▊                          |  ETA: 0:27:49
Sampling (4 threads)  13%|███▉                          |  ETA: 0:26:35
Sampling (4 threads)  14%|████                          |  ETA: 0:25:27
Sampling (4 threads)  14%|████▎                         |  ETA: 0:26:56
Sampling (4 threads)  14%|████▍                         |  ETA: 0:25:51
Sampling (4 threads)  15%|████▌                         |  ETA: 0:24:51
Sampling (4 threads)  16%|████▋                         |  ETA: 0:23:54
Sampling (4 threads)  16%|████▊                         |  ETA: 0:25:03
Sampling (4 threads)  16%|█████                         |  ETA: 0:24:09
Sampling (4 threads)  17%|█████▏                        |  ETA: 0:23:18
Sampling (4 threads)  18%|█████▎                        |  ETA: 0:24:36
Sampling (4 threads)  18%|█████▍                        |  ETA: 0:23:46
Sampling (4 threads)  18%|█████▌                        |  ETA: 0:22:59
Sampling (4 threads)  19%|█████▊                        |  ETA: 0:23:47
Sampling (4 threads)  20%|█████▉                        |  ETA: 0:23:01
Sampling (4 threads)  20%|██████                        |  ETA: 0:24:23
Sampling (4 threads)  20%|██████▏                       |  ETA: 0:23:39
Sampling (4 threads)  21%|██████▎                       |  ETA: 0:27:26
Sampling (4 threads)  22%|██████▌                       |  ETA: 0:26:38
Sampling (4 threads)  22%|██████▋                       |  ETA: 0:25:51
Sampling (4 threads)  22%|██████▊                       |  ETA: 0:25:07
Sampling (4 threads)  23%|██████▉                       |  ETA: 0:26:54
Sampling (4 threads)  24%|███████                       |  ETA: 0:26:09
Sampling (4 threads)  24%|███████▎                      |  ETA: 0:25:26
Sampling (4 threads)  24%|███████▍                      |  ETA: 0:26:06
Sampling (4 threads)  25%|███████▌                      |  ETA: 0:25:25
Sampling (4 threads)  26%|███████▋                      |  ETA: 0:25:18
Sampling (4 threads)  26%|███████▊                      |  ETA: 0:24:39
Sampling (4 threads)  26%|████████                      |  ETA: 0:24:36
Sampling (4 threads)  27%|████████▏                     |  ETA: 0:23:58
Sampling (4 threads)  28%|████████▎                     |  ETA: 0:23:23
Sampling (4 threads)  28%|████████▍                     |  ETA: 0:23:48
Sampling (4 threads)  28%|████████▌                     |  ETA: 0:23:13
Sampling (4 threads)  29%|████████▊                     |  ETA: 0:22:40
Sampling (4 threads)  30%|████████▉                     |  ETA: 0:24:31
Sampling (4 threads)  30%|█████████                     |  ETA: 0:23:56
Sampling (4 threads)  30%|█████████▏                    |  ETA: 0:23:22
Sampling (4 threads)  31%|█████████▎                    |  ETA: 0:23:44
Sampling (4 threads)  32%|█████████▌                    |  ETA: 0:23:11
Sampling (4 threads)  32%|█████████▋                    |  ETA: 0:23:12
Sampling (4 threads)  32%|█████████▊                    |  ETA: 0:22:40
Sampling (4 threads)  33%|█████████▉                    |  ETA: 0:22:51
Sampling (4 threads)  34%|██████████                    |  ETA: 0:22:20
Sampling (4 threads)  34%|██████████▎                   |  ETA: 0:21:51
Sampling (4 threads)  34%|██████████▍                   |  ETA: 0:22:17
Sampling (4 threads)  35%|██████████▌                   |  ETA: 0:21:48
Sampling (4 threads)  36%|██████████▋                   |  ETA: 0:21:20
Sampling (4 threads)  36%|██████████▊                   |  ETA: 0:21:42
Sampling (4 threads)  36%|███████████                   |  ETA: 0:21:15
Sampling (4 threads)  37%|███████████▏                  |  ETA: 0:21:30
Sampling (4 threads)  38%|███████████▎                  |  ETA: 0:21:03
Sampling (4 threads)  38%|███████████▍                  |  ETA: 0:20:36
Sampling (4 threads)  38%|███████████▌                  |  ETA: 0:20:10
Sampling (4 threads)  39%|███████████▊                  |  ETA: 0:20:38
Sampling (4 threads)  40%|███████████▉                  |  ETA: 0:20:13
Sampling (4 threads)  40%|████████████                  |  ETA: 0:19:48
Sampling (4 threads)  40%|████████████▏                 |  ETA: 0:20:38
Sampling (4 threads)  41%|████████████▎                 |  ETA: 0:20:13
Sampling (4 threads)  42%|████████████▌                 |  ETA: 0:20:58
Sampling (4 threads)  42%|████████████▋                 |  ETA: 0:20:33
Sampling (4 threads)  42%|████████████▊                 |  ETA: 0:20:08
Sampling (4 threads)  43%|████████████▉                 |  ETA: 0:19:43
Sampling (4 threads)  44%|█████████████                 |  ETA: 0:20:04
Sampling (4 threads)  44%|█████████████▎                |  ETA: 0:19:40
Sampling (4 threads)  44%|█████████████▍                |  ETA: 0:19:43
Sampling (4 threads)  45%|█████████████▌                |  ETA: 0:19:20
Sampling (4 threads)  46%|█████████████▋                |  ETA: 0:19:20
Sampling (4 threads)  46%|█████████████▊                |  ETA: 0:18:56
Sampling (4 threads)  46%|██████████████                |  ETA: 0:19:10
Sampling (4 threads)  47%|██████████████▏               |  ETA: 0:18:47
Sampling (4 threads)  48%|██████████████▎               |  ETA: 0:18:54
Sampling (4 threads)  48%|██████████████▍               |  ETA: 0:18:31
Sampling (4 threads)  48%|██████████████▌               |  ETA: 0:18:32
Sampling (4 threads)  49%|██████████████▊               |  ETA: 0:18:10
Sampling (4 threads)  50%|██████████████▉               |  ETA: 0:18:21
Sampling (4 threads)  50%|███████████████               |  ETA: 0:17:59
Sampling (4 threads)  50%|███████████████▏              |  ETA: 0:17:59
Sampling (4 threads)  51%|███████████████▎              |  ETA: 0:17:37
Sampling (4 threads)  52%|███████████████▌              |  ETA: 0:17:16
Sampling (4 threads)  52%|███████████████▋              |  ETA: 0:17:27
Sampling (4 threads)  52%|███████████████▊              |  ETA: 0:17:07
Sampling (4 threads)  53%|███████████████▉              |  ETA: 0:17:32
Sampling (4 threads)  54%|████████████████              |  ETA: 0:17:11
Sampling (4 threads)  54%|████████████████▎             |  ETA: 0:16:50
Sampling (4 threads)  55%|████████████████▍             |  ETA: 0:17:00
Sampling (4 threads)  55%|████████████████▌             |  ETA: 0:16:40
Sampling (4 threads)  56%|████████████████▋             |  ETA: 0:16:20
Sampling (4 threads)  56%|████████████████▊             |  ETA: 0:16:00
Sampling (4 threads)  56%|█████████████████             |  ETA: 0:16:18
Sampling (4 threads)  57%|█████████████████▏            |  ETA: 0:15:58
Sampling (4 threads)  57%|█████████████████▎            |  ETA: 0:15:39
Sampling (4 threads)  58%|█████████████████▍            |  ETA: 0:15:54
Sampling (4 threads)  58%|█████████████████▌            |  ETA: 0:15:34
Sampling (4 threads)  59%|█████████████████▊            |  ETA: 0:15:15
Sampling (4 threads)  60%|█████████████████▉            |  ETA: 0:15:24
Sampling (4 threads)  60%|██████████████████            |  ETA: 0:15:05
Sampling (4 threads)  60%|██████████████████▏           |  ETA: 0:15:03
Sampling (4 threads)  61%|██████████████████▎           |  ETA: 0:14:44
Sampling (4 threads)  62%|██████████████████▌           |  ETA: 0:14:37
Sampling (4 threads)  62%|██████████████████▋           |  ETA: 0:14:18
Sampling (4 threads)  62%|██████████████████▊           |  ETA: 0:14:15
Sampling (4 threads)  63%|██████████████████▉           |  ETA: 0:13:57
Sampling (4 threads)  64%|███████████████████           |  ETA: 0:13:39
Sampling (4 threads)  64%|███████████████████▎          |  ETA: 0:13:40
Sampling (4 threads)  64%|███████████████████▍          |  ETA: 0:13:22
Sampling (4 threads)  65%|███████████████████▌          |  ETA: 0:13:05
Sampling (4 threads)  66%|███████████████████▋          |  ETA: 0:12:48
Sampling (4 threads)  66%|███████████████████▊          |  ETA: 0:12:52
Sampling (4 threads)  66%|████████████████████          |  ETA: 0:12:35
Sampling (4 threads)  67%|████████████████████▏         |  ETA: 0:12:40
Sampling (4 threads)  68%|████████████████████▎         |  ETA: 0:12:23
Sampling (4 threads)  68%|████████████████████▍         |  ETA: 0:12:07
Sampling (4 threads)  68%|████████████████████▌         |  ETA: 0:12:06
Sampling (4 threads)  69%|████████████████████▊         |  ETA: 0:11:49
Sampling (4 threads)  70%|████████████████████▉         |  ETA: 0:11:47
Sampling (4 threads)  70%|█████████████████████         |  ETA: 0:11:31
Sampling (4 threads)  70%|█████████████████████▏        |  ETA: 0:11:15
Sampling (4 threads)  71%|█████████████████████▎        |  ETA: 0:11:07
Sampling (4 threads)  72%|█████████████████████▌        |  ETA: 0:10:51
Sampling (4 threads)  72%|█████████████████████▋        |  ETA: 0:10:48
Sampling (4 threads)  72%|█████████████████████▊        |  ETA: 0:10:32
Sampling (4 threads)  73%|█████████████████████▉        |  ETA: 0:10:16
Sampling (4 threads)  74%|██████████████████████        |  ETA: 0:10:20
Sampling (4 threads)  74%|██████████████████████▎       |  ETA: 0:10:04
Sampling (4 threads)  74%|██████████████████████▍       |  ETA: 0:09:48
Sampling (4 threads)  75%|██████████████████████▌       |  ETA: 0:09:42
Sampling (4 threads)  76%|██████████████████████▋       |  ETA: 0:09:27
Sampling (4 threads)  76%|██████████████████████▊       |  ETA: 0:09:22
Sampling (4 threads)  76%|███████████████████████       |  ETA: 0:09:06
Sampling (4 threads)  77%|███████████████████████▏      |  ETA: 0:08:51
Sampling (4 threads)  78%|███████████████████████▎      |  ETA: 0:08:53
Sampling (4 threads)  78%|███████████████████████▍      |  ETA: 0:08:37
Sampling (4 threads)  78%|███████████████████████▌      |  ETA: 0:08:22
Sampling (4 threads)  79%|███████████████████████▊      |  ETA: 0:08:17
Sampling (4 threads)  80%|███████████████████████▉      |  ETA: 0:08:02
Sampling (4 threads)  80%|████████████████████████      |  ETA: 0:07:52
Sampling (4 threads)  80%|████████████████████████▏     |  ETA: 0:07:38
Sampling (4 threads)  81%|████████████████████████▎     |  ETA: 0:07:32
Sampling (4 threads)  82%|████████████████████████▌     |  ETA: 0:07:17
Sampling (4 threads)  82%|████████████████████████▋     |  ETA: 0:07:09
Sampling (4 threads)  82%|████████████████████████▊     |  ETA: 0:06:55
Sampling (4 threads)  83%|████████████████████████▉     |  ETA: 0:06:48
Sampling (4 threads)  84%|█████████████████████████     |  ETA: 0:06:34
Sampling (4 threads)  84%|█████████████████████████▎    |  ETA: 0:06:20
Sampling (4 threads)  84%|█████████████████████████▍    |  ETA: 0:06:10
Sampling (4 threads)  85%|█████████████████████████▌    |  ETA: 0:05:56
Sampling (4 threads)  86%|█████████████████████████▋    |  ETA: 0:05:47
Sampling (4 threads)  86%|█████████████████████████▊    |  ETA: 0:05:33
Sampling (4 threads)  86%|██████████████████████████    |  ETA: 0:05:20
Sampling (4 threads)  87%|██████████████████████████▏   |  ETA: 0:05:07
Sampling (4 threads)  88%|██████████████████████████▎   |  ETA: 0:04:57
Sampling (4 threads)  88%|██████████████████████████▍   |  ETA: 0:04:47
Sampling (4 threads)  88%|██████████████████████████▌   |  ETA: 0:04:34
Sampling (4 threads)  89%|██████████████████████████▊   |  ETA: 0:04:25
Sampling (4 threads)  90%|██████████████████████████▉   |  ETA: 0:04:13
Sampling (4 threads)  90%|███████████████████████████   |  ETA: 0:04:02
Sampling (4 threads)  90%|███████████████████████████▏  |  ETA: 0:03:51
Sampling (4 threads)  91%|███████████████████████████▎  |  ETA: 0:03:39
Sampling (4 threads)  92%|███████████████████████████▌  |  ETA: 0:03:28
Sampling (4 threads)  92%|███████████████████████████▋  |  ETA: 0:03:17
Sampling (4 threads)  92%|███████████████████████████▊  |  ETA: 0:03:05
Sampling (4 threads)  93%|███████████████████████████▉  |  ETA: 0:02:53
Sampling (4 threads)  94%|████████████████████████████  |  ETA: 0:02:42
Sampling (4 threads)  94%|████████████████████████████▎ |  ETA: 0:02:30
Sampling (4 threads)  94%|████████████████████████████▍ |  ETA: 0:02:17
Sampling (4 threads)  95%|████████████████████████████▌ |  ETA: 0:02:06
Sampling (4 threads)  96%|████████████████████████████▋ |  ETA: 0:01:54
Sampling (4 threads)  96%|████████████████████████████▊ |  ETA: 0:01:42
Sampling (4 threads)  96%|█████████████████████████████ |  ETA: 0:01:29
Sampling (4 threads)  97%|█████████████████████████████▏|  ETA: 0:01:16
Sampling (4 threads)  98%|█████████████████████████████▎|  ETA: 0:01:04
Sampling (4 threads)  98%|█████████████████████████████▍|  ETA: 0:00:51
Sampling (4 threads)  98%|█████████████████████████████▌|  ETA: 0:00:39
Sampling (4 threads)  99%|█████████████████████████████▊|  ETA: 0:00:26
Sampling (4 threads) 100%|█████████████████████████████▉|  ETA: 0:00:13
Sampling (4 threads) 100%|██████████████████████████████| Time: 0:44:59
Sampling (4 threads) 100%|██████████████████████████████| Time: 0:44:59
┌ Warning: Runtime invalidation was disabled, but the CPU info is out-of-date.
│ Will continue with incorrect CPU name (from build time).
└ @ HostCPUFeatures ~/.julia/packages/HostCPUFeatures/ZTXz4/src/cpu_info.jl:71
┌ Warning: Runtime invalidation was disabled, but the CPU info is out-of-date.
│ Will continue with incorrect CPU feature flag: +avx512vnni.
└ @ HostCPUFeatures ~/.julia/packages/HostCPUFeatures/ZTXz4/src/cpu_info.jl:56
┌ Warning: Runtime invalidation was disabled, but the CPU info is out-of-date.
│ Will continue with incorrect CPU feature flag: -rtm.
└ @ HostCPUFeatures ~/.julia/packages/HostCPUFeatures/ZTXz4/src/cpu_info.jl:56
Sampling (4 threads)   0%|                              |  ETA: N/A
┌ Info: Found initial step size
└   ϵ = 0.000390625
┌ Info: Found initial step size
└   ϵ = 0.003125
┌ Info: Found initial step size
└   ϵ = 0.00625
┌ Info: Found initial step size
└   ϵ = 0.003125
Sampling (4 threads)   0%|▏                             |  ETA: 2:52:57
Sampling (4 threads)   1%|▎                             |  ETA: 1:26:08
Sampling (4 threads)   2%|▌                             |  ETA: 0:57:08
Sampling (4 threads)   2%|▋                             |  ETA: 0:46:22
Sampling (4 threads)   2%|▊                             |  ETA: 0:36:54
Sampling (4 threads)   3%|▉                             |  ETA: 0:30:36
Sampling (4 threads)   4%|█                             |  ETA: 0:29:44
Sampling (4 threads)   4%|█▎                            |  ETA: 0:25:53
Sampling (4 threads)   4%|█▍                            |  ETA: 0:22:53
Sampling (4 threads)   5%|█▌                            |  ETA: 0:40:09
Sampling (4 threads)   6%|█▋                            |  ETA: 0:36:19
Sampling (4 threads)   6%|█▊                            |  ETA: 0:33:07
Sampling (4 threads)   6%|██                            |  ETA: 0:30:24
Sampling (4 threads)   7%|██▏                           |  ETA: 0:30:01
Sampling (4 threads)   8%|██▎                           |  ETA: 0:27:51
Sampling (4 threads)   8%|██▍                           |  ETA: 0:34:30
Sampling (4 threads)   8%|██▌                           |  ETA: 0:32:18
Sampling (4 threads)   9%|██▊                           |  ETA: 0:30:20
Sampling (4 threads)  10%|██▉                           |  ETA: 0:34:10
Sampling (4 threads)  10%|███                           |  ETA: 0:32:17
Sampling (4 threads)  10%|███▏                          |  ETA: 0:30:34
Sampling (4 threads)  11%|███▎                          |  ETA: 0:32:37
Sampling (4 threads)  12%|███▌                          |  ETA: 0:31:02
Sampling (4 threads)  12%|███▋                          |  ETA: 0:29:34
Sampling (4 threads)  12%|███▊                          |  ETA: 0:33:07
Sampling (4 threads)  13%|███▉                          |  ETA: 0:31:40
Sampling (4 threads)  14%|████                          |  ETA: 0:30:19
Sampling (4 threads)  14%|████▎                         |  ETA: 0:37:24
Sampling (4 threads)  14%|████▍                         |  ETA: 0:35:54
Sampling (4 threads)  15%|████▌                         |  ETA: 0:34:30
Sampling (4 threads)  16%|████▋                         |  ETA: 0:35:46
Sampling (4 threads)  16%|████▊                         |  ETA: 0:34:27
Sampling (4 threads)  16%|█████                         |  ETA: 0:35:06
Sampling (4 threads)  17%|█████▏                        |  ETA: 0:33:52
Sampling (4 threads)  18%|█████▎                        |  ETA: 0:32:42
Sampling (4 threads)  18%|█████▍                        |  ETA: 0:34:38
Sampling (4 threads)  18%|█████▌                        |  ETA: 0:33:30
Sampling (4 threads)  19%|█████▊                        |  ETA: 0:32:25
Sampling (4 threads)  20%|█████▉                        |  ETA: 0:32:51
Sampling (4 threads)  20%|██████                        |  ETA: 0:31:50
Sampling (4 threads)  20%|██████▏                       |  ETA: 0:33:00
Sampling (4 threads)  21%|██████▎                       |  ETA: 0:32:01
Sampling (4 threads)  22%|██████▌                       |  ETA: 0:33:27
Sampling (4 threads)  22%|██████▋                       |  ETA: 0:32:29
Sampling (4 threads)  22%|██████▊                       |  ETA: 0:31:33
Sampling (4 threads)  23%|██████▉                       |  ETA: 0:32:39
Sampling (4 threads)  24%|███████                       |  ETA: 0:31:45
Sampling (4 threads)  24%|███████▎                      |  ETA: 0:30:53
Sampling (4 threads)  24%|███████▍                      |  ETA: 0:31:13
Sampling (4 threads)  25%|███████▌                      |  ETA: 0:30:23
Sampling (4 threads)  26%|███████▋                      |  ETA: 0:30:29
Sampling (4 threads)  26%|███████▊                      |  ETA: 0:29:41
Sampling (4 threads)  26%|████████                      |  ETA: 0:28:56
Sampling (4 threads)  27%|████████▏                     |  ETA: 0:28:55
Sampling (4 threads)  28%|████████▎                     |  ETA: 0:28:12
Sampling (4 threads)  28%|████████▍                     |  ETA: 0:27:30
Sampling (4 threads)  28%|████████▌                     |  ETA: 0:27:28
Sampling (4 threads)  29%|████████▊                     |  ETA: 0:26:48
Sampling (4 threads)  30%|████████▉                     |  ETA: 0:27:24
Sampling (4 threads)  30%|█████████                     |  ETA: 0:26:45
Sampling (4 threads)  30%|█████████▏                    |  ETA: 0:26:47
Sampling (4 threads)  31%|█████████▎                    |  ETA: 0:26:09
Sampling (4 threads)  32%|█████████▌                    |  ETA: 0:26:53
Sampling (4 threads)  32%|█████████▋                    |  ETA: 0:26:16
Sampling (4 threads)  32%|█████████▊                    |  ETA: 0:25:40
Sampling (4 threads)  33%|█████████▉                    |  ETA: 0:26:45
Sampling (4 threads)  34%|██████████                    |  ETA: 0:26:09
Sampling (4 threads)  34%|██████████▎                   |  ETA: 0:25:34
Sampling (4 threads)  34%|██████████▍                   |  ETA: 0:26:02
Sampling (4 threads)  35%|██████████▌                   |  ETA: 0:25:28
Sampling (4 threads)  36%|██████████▋                   |  ETA: 0:24:55
Sampling (4 threads)  36%|██████████▊                   |  ETA: 0:25:50
Sampling (4 threads)  36%|███████████                   |  ETA: 0:25:17
Sampling (4 threads)  37%|███████████▏                  |  ETA: 0:26:32
Sampling (4 threads)  38%|███████████▎                  |  ETA: 0:25:58
Sampling (4 threads)  38%|███████████▍                  |  ETA: 0:25:25
Sampling (4 threads)  38%|███████████▌                  |  ETA: 0:25:41
Sampling (4 threads)  39%|███████████▊                  |  ETA: 0:25:08
Sampling (4 threads)  40%|███████████▉                  |  ETA: 0:24:37
Sampling (4 threads)  40%|████████████                  |  ETA: 0:25:09
Sampling (4 threads)  40%|████████████▏                 |  ETA: 0:24:38
Sampling (4 threads)  41%|████████████▎                 |  ETA: 0:25:43
Sampling (4 threads)  42%|████████████▌                 |  ETA: 0:25:12
Sampling (4 threads)  42%|████████████▋                 |  ETA: 0:24:41
Sampling (4 threads)  42%|████████████▊                 |  ETA: 0:24:11
Sampling (4 threads)  43%|████████████▉                 |  ETA: 0:24:49
Sampling (4 threads)  44%|█████████████                 |  ETA: 0:24:19
Sampling (4 threads)  44%|█████████████▎                |  ETA: 0:24:21
Sampling (4 threads)  44%|█████████████▍                |  ETA: 0:23:52
Sampling (4 threads)  45%|█████████████▌                |  ETA: 0:24:19
Sampling (4 threads)  46%|█████████████▋                |  ETA: 0:23:50
Sampling (4 threads)  46%|█████████████▊                |  ETA: 0:23:21
Sampling (4 threads)  46%|██████████████                |  ETA: 0:22:54
Sampling (4 threads)  47%|██████████████▏               |  ETA: 0:23:17
Sampling (4 threads)  48%|██████████████▎               |  ETA: 0:22:49
Sampling (4 threads)  48%|██████████████▍               |  ETA: 0:23:06
Sampling (4 threads)  48%|██████████████▌               |  ETA: 0:22:38
Sampling (4 threads)  49%|██████████████▊               |  ETA: 0:22:11
Sampling (4 threads)  50%|██████████████▉               |  ETA: 0:22:16
Sampling (4 threads)  50%|███████████████               |  ETA: 0:21:49
Sampling (4 threads)  50%|███████████████▏              |  ETA: 0:21:59
Sampling (4 threads)  51%|███████████████▎              |  ETA: 0:21:33
Sampling (4 threads)  52%|███████████████▌              |  ETA: 0:22:05
Sampling (4 threads)  52%|███████████████▋              |  ETA: 0:21:39
Sampling (4 threads)  52%|███████████████▊              |  ETA: 0:21:13
Sampling (4 threads)  53%|███████████████▉              |  ETA: 0:21:25
Sampling (4 threads)  54%|████████████████              |  ETA: 0:20:59
Sampling (4 threads)  54%|████████████████▎             |  ETA: 0:20:34
Sampling (4 threads)  55%|████████████████▍             |  ETA: 0:20:33
Sampling (4 threads)  55%|████████████████▌             |  ETA: 0:20:08
Sampling (4 threads)  56%|████████████████▋             |  ETA: 0:19:44
Sampling (4 threads)  56%|████████████████▊             |  ETA: 0:20:13
Sampling (4 threads)  56%|█████████████████             |  ETA: 0:19:49
Sampling (4 threads)  57%|█████████████████▏            |  ETA: 0:19:25
Sampling (4 threads)  57%|█████████████████▎            |  ETA: 0:19:01
Sampling (4 threads)  58%|█████████████████▍            |  ETA: 0:19:13
Sampling (4 threads)  58%|█████████████████▌            |  ETA: 0:18:49
Sampling (4 threads)  59%|█████████████████▊            |  ETA: 0:18:37
Sampling (4 threads)  60%|█████████████████▉            |  ETA: 0:18:14
Sampling (4 threads)  60%|██████████████████            |  ETA: 0:18:28
Sampling (4 threads)  60%|██████████████████▏           |  ETA: 0:18:05
Sampling (4 threads)  61%|██████████████████▎           |  ETA: 0:17:43
Sampling (4 threads)  62%|██████████████████▌           |  ETA: 0:17:47
Sampling (4 threads)  62%|██████████████████▋           |  ETA: 0:17:24
Sampling (4 threads)  62%|██████████████████▊           |  ETA: 0:17:02
Sampling (4 threads)  63%|██████████████████▉           |  ETA: 0:17:04
Sampling (4 threads)  64%|███████████████████           |  ETA: 0:16:43
Sampling (4 threads)  64%|███████████████████▎          |  ETA: 0:16:45
Sampling (4 threads)  64%|███████████████████▍          |  ETA: 0:16:23
Sampling (4 threads)  65%|███████████████████▌          |  ETA: 0:16:02
Sampling (4 threads)  66%|███████████████████▋          |  ETA: 0:15:59
Sampling (4 threads)  66%|███████████████████▊          |  ETA: 0:15:38
Sampling (4 threads)  66%|████████████████████          |  ETA: 0:15:38
Sampling (4 threads)  67%|████████████████████▏         |  ETA: 0:15:17
Sampling (4 threads)  68%|████████████████████▎         |  ETA: 0:14:56
Sampling (4 threads)  68%|████████████████████▍         |  ETA: 0:14:36
Sampling (4 threads)  68%|████████████████████▌         |  ETA: 0:14:44
Sampling (4 threads)  69%|████████████████████▊         |  ETA: 0:14:24
Sampling (4 threads)  70%|████████████████████▉         |  ETA: 0:14:04
Sampling (4 threads)  70%|█████████████████████         |  ETA: 0:14:14
Sampling (4 threads)  70%|█████████████████████▏        |  ETA: 0:13:54
Sampling (4 threads)  71%|█████████████████████▎        |  ETA: 0:13:34
Sampling (4 threads)  72%|█████████████████████▌        |  ETA: 0:13:15
Sampling (4 threads)  72%|█████████████████████▋        |  ETA: 0:13:10
Sampling (4 threads)  72%|█████████████████████▊        |  ETA: 0:12:50
Sampling (4 threads)  73%|█████████████████████▉        |  ETA: 0:12:50
Sampling (4 threads)  74%|██████████████████████        |  ETA: 0:12:31
Sampling (4 threads)  74%|██████████████████████▎       |  ETA: 0:12:12
Sampling (4 threads)  74%|██████████████████████▍       |  ETA: 0:12:08
Sampling (4 threads)  75%|██████████████████████▌       |  ETA: 0:11:49
Sampling (4 threads)  76%|██████████████████████▋       |  ETA: 0:11:30
Sampling (4 threads)  76%|██████████████████████▊       |  ETA: 0:11:27
Sampling (4 threads)  76%|███████████████████████       |  ETA: 0:11:09
Sampling (4 threads)  77%|███████████████████████▏      |  ETA: 0:11:01
Sampling (4 threads)  78%|███████████████████████▎      |  ETA: 0:10:42
Sampling (4 threads)  78%|███████████████████████▍      |  ETA: 0:10:24
Sampling (4 threads)  78%|███████████████████████▌      |  ETA: 0:10:15
Sampling (4 threads)  79%|███████████████████████▊      |  ETA: 0:09:57
Sampling (4 threads)  80%|███████████████████████▉      |  ETA: 0:09:54
Sampling (4 threads)  80%|████████████████████████      |  ETA: 0:09:36
Sampling (4 threads)  80%|████████████████████████▏     |  ETA: 0:09:18
Sampling (4 threads)  81%|████████████████████████▎     |  ETA: 0:09:17
Sampling (4 threads)  82%|████████████████████████▌     |  ETA: 0:08:59
Sampling (4 threads)  82%|████████████████████████▋     |  ETA: 0:08:41
Sampling (4 threads)  82%|████████████████████████▊     |  ETA: 0:08:25
Sampling (4 threads)  83%|████████████████████████▉     |  ETA: 0:08:09
Sampling (4 threads)  84%|█████████████████████████     |  ETA: 0:07:55
Sampling (4 threads)  84%|█████████████████████████▎    |  ETA: 0:07:47
Sampling (4 threads)  84%|█████████████████████████▍    |  ETA: 0:07:32
Sampling (4 threads)  85%|█████████████████████████▌    |  ETA: 0:07:20
Sampling (4 threads)  86%|█████████████████████████▋    |  ETA: 0:07:05
Sampling (4 threads)  86%|█████████████████████████▊    |  ETA: 0:06:51
Sampling (4 threads)  86%|██████████████████████████    |  ETA: 0:06:37
Sampling (4 threads)  87%|██████████████████████████▏   |  ETA: 0:06:24
Sampling (4 threads)  88%|██████████████████████████▎   |  ETA: 0:06:12
Sampling (4 threads)  88%|██████████████████████████▍   |  ETA: 0:05:57
Sampling (4 threads)  88%|██████████████████████████▌   |  ETA: 0:05:43
Sampling (4 threads)  89%|██████████████████████████▊   |  ETA: 0:05:29
Sampling (4 threads)  90%|██████████████████████████▉   |  ETA: 0:05:14
Sampling (4 threads)  90%|███████████████████████████   |  ETA: 0:04:59
Sampling (4 threads)  90%|███████████████████████████▏  |  ETA: 0:04:46
Sampling (4 threads)  91%|███████████████████████████▎  |  ETA: 0:04:32
Sampling (4 threads)  92%|███████████████████████████▌  |  ETA: 0:04:17
Sampling (4 threads)  92%|███████████████████████████▋  |  ETA: 0:04:03
Sampling (4 threads)  92%|███████████████████████████▊  |  ETA: 0:03:47
Sampling (4 threads)  93%|███████████████████████████▉  |  ETA: 0:03:33
Sampling (4 threads)  94%|████████████████████████████  |  ETA: 0:03:17
Sampling (4 threads)  94%|████████████████████████████▎ |  ETA: 0:03:03
Sampling (4 threads)  94%|████████████████████████████▍ |  ETA: 0:02:48
Sampling (4 threads)  95%|████████████████████████████▌ |  ETA: 0:02:33
Sampling (4 threads)  96%|████████████████████████████▋ |  ETA: 0:02:17
Sampling (4 threads)  96%|████████████████████████████▊ |  ETA: 0:02:03
Sampling (4 threads)  96%|█████████████████████████████ |  ETA: 0:01:48
Sampling (4 threads)  97%|█████████████████████████████▏|  ETA: 0:01:33
Sampling (4 threads)  98%|█████████████████████████████▎|  ETA: 0:01:18
Sampling (4 threads)  98%|█████████████████████████████▍|  ETA: 0:01:03
Sampling (4 threads)  98%|█████████████████████████████▌|  ETA: 0:00:47
Sampling (4 threads)  99%|█████████████████████████████▊|  ETA: 0:00:31
Sampling (4 threads) 100%|█████████████████████████████▉|  ETA: 0:00:16
Sampling (4 threads) 100%|██████████████████████████████| Time: 0:52:33
Sampling (4 threads) 100%|██████████████████████████████| Time: 0:52:33
┌ Warning: Runtime invalidation was disabled, but the CPU info is out-of-date.
│ Will continue with incorrect CPU name (from build time).
└ @ HostCPUFeatures ~/.julia/packages/HostCPUFeatures/ZTXz4/src/cpu_info.jl:71
┌ Warning: Runtime invalidation was disabled, but the CPU info is out-of-date.
│ Will continue with incorrect CPU feature flag: +avx512vnni.
└ @ HostCPUFeatures ~/.julia/packages/HostCPUFeatures/ZTXz4/src/cpu_info.jl:56
┌ Warning: Runtime invalidation was disabled, but the CPU info is out-of-date.
│ Will continue with incorrect CPU feature flag: -rtm.
└ @ HostCPUFeatures ~/.julia/packages/HostCPUFeatures/ZTXz4/src/cpu_info.jl:56
Sampling (4 threads)   0%|                              |  ETA: N/A
┌ Info: Found initial step size
└   ϵ = 0.003125
┌ Info: Found initial step size
└   ϵ = 0.00625
┌ Info: Found initial step size
└   ϵ = 0.00625
┌ Info: Found initial step size
└   ϵ = 0.00078125
Sampling (4 threads)   0%|▏                             |  ETA: 2:58:11
Sampling (4 threads)   1%|▎                             |  ETA: 1:28:45
Sampling (4 threads)   2%|▌                             |  ETA: 0:58:52
Sampling (4 threads)   2%|▋                             |  ETA: 0:48:40
Sampling (4 threads)   2%|▊                             |  ETA: 0:38:44
Sampling (4 threads)   3%|▉                             |  ETA: 0:32:07
Sampling (4 threads)   4%|█                             |  ETA: 0:30:28
Sampling (4 threads)   4%|█▎                            |  ETA: 0:26:31
Sampling (4 threads)   4%|█▍                            |  ETA: 0:25:11
Sampling (4 threads)   5%|█▌                            |  ETA: 0:22:33
Sampling (4 threads)   6%|█▋                            |  ETA: 0:20:24
Sampling (4 threads)   6%|█▊                            |  ETA: 0:20:00
Sampling (4 threads)   6%|██                            |  ETA: 0:18:21
Sampling (4 threads)   7%|██▏                           |  ETA: 0:20:59
Sampling (4 threads)   8%|██▎                           |  ETA: 0:19:29
Sampling (4 threads)   8%|██▍                           |  ETA: 0:18:10
Sampling (4 threads)   8%|██▌                           |  ETA: 0:24:57
Sampling (4 threads)   9%|██▊                           |  ETA: 0:23:26
Sampling (4 threads)  10%|██▉                           |  ETA: 0:22:05
Sampling (4 threads)  10%|███                           |  ETA: 0:33:46
Sampling (4 threads)  10%|███▏                          |  ETA: 0:31:59
Sampling (4 threads)  11%|███▎                          |  ETA: 0:30:22
Sampling (4 threads)  12%|███▌                          |  ETA: 0:34:09
Sampling (4 threads)  12%|███▋                          |  ETA: 0:32:33
Sampling (4 threads)  12%|███▊                          |  ETA: 0:36:33
Sampling (4 threads)  13%|███▉                          |  ETA: 0:34:56
Sampling (4 threads)  14%|████                          |  ETA: 0:33:27
Sampling (4 threads)  14%|████▎                         |  ETA: 0:32:04
Sampling (4 threads)  14%|████▍                         |  ETA: 0:34:14
Sampling (4 threads)  15%|████▌                         |  ETA: 0:32:54
Sampling (4 threads)  16%|████▋                         |  ETA: 0:31:39
Sampling (4 threads)  16%|████▊                         |  ETA: 0:34:09
Sampling (4 threads)  16%|█████                         |  ETA: 0:32:55
Sampling (4 threads)  17%|█████▏                        |  ETA: 0:31:45
Sampling (4 threads)  18%|█████▎                        |  ETA: 0:34:32
Sampling (4 threads)  18%|█████▍                        |  ETA: 0:33:22
Sampling (4 threads)  18%|█████▌                        |  ETA: 0:32:16
Sampling (4 threads)  19%|█████▊                        |  ETA: 0:34:08
Sampling (4 threads)  20%|█████▉                        |  ETA: 0:33:03
Sampling (4 threads)  20%|██████                        |  ETA: 0:32:02
Sampling (4 threads)  20%|██████▏                       |  ETA: 0:31:03
Sampling (4 threads)  21%|██████▎                       |  ETA: 0:31:34
Sampling (4 threads)  22%|██████▌                       |  ETA: 0:30:38
Sampling (4 threads)  22%|██████▋                       |  ETA: 0:30:40
Sampling (4 threads)  22%|██████▊                       |  ETA: 0:29:47
Sampling (4 threads)  23%|██████▉                       |  ETA: 0:28:57
Sampling (4 threads)  24%|███████                       |  ETA: 0:29:04
Sampling (4 threads)  24%|███████▎                      |  ETA: 0:28:17
Sampling (4 threads)  24%|███████▍                      |  ETA: 0:28:30
Sampling (4 threads)  25%|███████▌                      |  ETA: 0:27:45
Sampling (4 threads)  26%|███████▋                      |  ETA: 0:27:01
Sampling (4 threads)  26%|███████▊                      |  ETA: 0:27:28
Sampling (4 threads)  26%|████████                      |  ETA: 0:26:46
Sampling (4 threads)  27%|████████▏                     |  ETA: 0:26:52
Sampling (4 threads)  28%|████████▎                     |  ETA: 0:26:11
Sampling (4 threads)  28%|████████▍                     |  ETA: 0:26:36
Sampling (4 threads)  28%|████████▌                     |  ETA: 0:25:57
Sampling (4 threads)  29%|████████▊                     |  ETA: 0:25:19
Sampling (4 threads)  30%|████████▉                     |  ETA: 0:25:39
Sampling (4 threads)  30%|█████████                     |  ETA: 0:25:02
Sampling (4 threads)  30%|█████████▏                    |  ETA: 0:25:06
Sampling (4 threads)  31%|█████████▎                    |  ETA: 0:24:31
Sampling (4 threads)  32%|█████████▌                    |  ETA: 0:23:57
Sampling (4 threads)  32%|█████████▋                    |  ETA: 0:24:20
Sampling (4 threads)  32%|█████████▊                    |  ETA: 0:23:47
Sampling (4 threads)  33%|█████████▉                    |  ETA: 0:23:14
Sampling (4 threads)  34%|██████████                    |  ETA: 0:23:43
Sampling (4 threads)  34%|██████████▎                   |  ETA: 0:23:11
Sampling (4 threads)  34%|██████████▍                   |  ETA: 0:22:41
Sampling (4 threads)  35%|██████████▌                   |  ETA: 0:23:09
Sampling (4 threads)  36%|██████████▋                   |  ETA: 0:22:39
Sampling (4 threads)  36%|██████████▊                   |  ETA: 0:23:04
Sampling (4 threads)  36%|███████████                   |  ETA: 0:22:34
Sampling (4 threads)  37%|███████████▏                  |  ETA: 0:22:06
Sampling (4 threads)  38%|███████████▎                  |  ETA: 0:22:56
Sampling (4 threads)  38%|███████████▍                  |  ETA: 0:22:27
Sampling (4 threads)  38%|███████████▌                  |  ETA: 0:21:59
Sampling (4 threads)  39%|███████████▊                  |  ETA: 0:22:32
Sampling (4 threads)  40%|███████████▉                  |  ETA: 0:22:04
Sampling (4 threads)  40%|████████████                  |  ETA: 0:21:37
Sampling (4 threads)  40%|████████████▏                 |  ETA: 0:21:10
Sampling (4 threads)  41%|████████████▎                 |  ETA: 0:21:59
Sampling (4 threads)  42%|████████████▌                 |  ETA: 0:21:32
Sampling (4 threads)  42%|████████████▋                 |  ETA: 0:21:38
Sampling (4 threads)  42%|████████████▊                 |  ETA: 0:21:11
Sampling (4 threads)  43%|████████████▉                 |  ETA: 0:20:46
Sampling (4 threads)  44%|█████████████                 |  ETA: 0:21:16
Sampling (4 threads)  44%|█████████████▎                |  ETA: 0:20:50
Sampling (4 threads)  44%|█████████████▍                |  ETA: 0:21:25
Sampling (4 threads)  45%|█████████████▌                |  ETA: 0:20:59
Sampling (4 threads)  46%|█████████████▋                |  ETA: 0:20:34
Sampling (4 threads)  46%|█████████████▊                |  ETA: 0:20:10
Sampling (4 threads)  46%|██████████████                |  ETA: 0:20:54
Sampling (4 threads)  47%|██████████████▏               |  ETA: 0:20:29
Sampling (4 threads)  48%|██████████████▎               |  ETA: 0:20:04
Sampling (4 threads)  48%|██████████████▍               |  ETA: 0:20:11
Sampling (4 threads)  48%|██████████████▌               |  ETA: 0:19:47
Sampling (4 threads)  49%|██████████████▊               |  ETA: 0:20:05
Sampling (4 threads)  50%|██████████████▉               |  ETA: 0:19:41
Sampling (4 threads)  50%|███████████████               |  ETA: 0:19:18
Sampling (4 threads)  50%|███████████████▏              |  ETA: 0:19:33
Sampling (4 threads)  51%|███████████████▎              |  ETA: 0:19:10
Sampling (4 threads)  52%|███████████████▌              |  ETA: 0:19:25
Sampling (4 threads)  52%|███████████████▋              |  ETA: 0:19:02
Sampling (4 threads)  52%|███████████████▊              |  ETA: 0:19:17
Sampling (4 threads)  53%|███████████████▉              |  ETA: 0:18:54
Sampling (4 threads)  54%|████████████████              |  ETA: 0:18:32
Sampling (4 threads)  54%|████████████████▎             |  ETA: 0:18:32
Sampling (4 threads)  55%|████████████████▍             |  ETA: 0:18:10
Sampling (4 threads)  55%|████████████████▌             |  ETA: 0:18:22
Sampling (4 threads)  56%|████████████████▋             |  ETA: 0:18:00
Sampling (4 threads)  56%|████████████████▊             |  ETA: 0:17:38
Sampling (4 threads)  56%|█████████████████             |  ETA: 0:17:43
Sampling (4 threads)  57%|█████████████████▏            |  ETA: 0:17:21
Sampling (4 threads)  57%|█████████████████▎            |  ETA: 0:17:23
Sampling (4 threads)  58%|█████████████████▍            |  ETA: 0:17:01
Sampling (4 threads)  58%|█████████████████▌            |  ETA: 0:17:06
Sampling (4 threads)  59%|█████████████████▊            |  ETA: 0:16:45
Sampling (4 threads)  60%|█████████████████▉            |  ETA: 0:16:24
Sampling (4 threads)  60%|██████████████████            |  ETA: 0:16:04
Sampling (4 threads)  60%|██████████████████▏           |  ETA: 0:16:20
Sampling (4 threads)  61%|██████████████████▎           |  ETA: 0:15:59
Sampling (4 threads)  62%|██████████████████▌           |  ETA: 0:15:39
Sampling (4 threads)  62%|██████████████████▋           |  ETA: 0:15:38
Sampling (4 threads)  62%|██████████████████▊           |  ETA: 0:15:18
Sampling (4 threads)  63%|██████████████████▉           |  ETA: 0:15:25
Sampling (4 threads)  64%|███████████████████           |  ETA: 0:15:05
Sampling (4 threads)  64%|███████████████████▎          |  ETA: 0:14:46
Sampling (4 threads)  64%|███████████████████▍          |  ETA: 0:14:43
Sampling (4 threads)  65%|███████████████████▌          |  ETA: 0:14:24
Sampling (4 threads)  66%|███████████████████▋          |  ETA: 0:14:18
Sampling (4 threads)  66%|███████████████████▊          |  ETA: 0:13:59
Sampling (4 threads)  66%|████████████████████          |  ETA: 0:14:04
Sampling (4 threads)  67%|████████████████████▏         |  ETA: 0:13:45
Sampling (4 threads)  68%|████████████████████▎         |  ETA: 0:13:37
Sampling (4 threads)  68%|████████████████████▍         |  ETA: 0:13:19
Sampling (4 threads)  68%|████████████████████▌         |  ETA: 0:13:07
Sampling (4 threads)  69%|████████████████████▊         |  ETA: 0:12:52
Sampling (4 threads)  70%|████████████████████▉         |  ETA: 0:12:41
Sampling (4 threads)  70%|█████████████████████         |  ETA: 0:12:33
Sampling (4 threads)  70%|█████████████████████▏        |  ETA: 0:12:24
Sampling (4 threads)  71%|█████████████████████▎        |  ETA: 0:12:10
Sampling (4 threads)  72%|█████████████████████▌        |  ETA: 0:12:01
Sampling (4 threads)  72%|█████████████████████▋        |  ETA: 0:11:46
Sampling (4 threads)  72%|█████████████████████▊        |  ETA: 0:11:38
Sampling (4 threads)  73%|█████████████████████▉        |  ETA: 0:11:27
Sampling (4 threads)  74%|██████████████████████        |  ETA: 0:11:15
Sampling (4 threads)  74%|██████████████████████▎       |  ETA: 0:11:04
Sampling (4 threads)  74%|██████████████████████▍       |  ETA: 0:10:50
Sampling (4 threads)  75%|██████████████████████▌       |  ETA: 0:10:38
Sampling (4 threads)  76%|██████████████████████▋       |  ETA: 0:10:27
Sampling (4 threads)  76%|██████████████████████▊       |  ETA: 0:10:20
Sampling (4 threads)  76%|███████████████████████       |  ETA: 0:10:07
Sampling (4 threads)  77%|███████████████████████▏      |  ETA: 0:09:56
Sampling (4 threads)  78%|███████████████████████▎      |  ETA: 0:09:44
Sampling (4 threads)  78%|███████████████████████▍      |  ETA: 0:09:36
Sampling (4 threads)  78%|███████████████████████▌      |  ETA: 0:09:25
Sampling (4 threads)  79%|███████████████████████▊      |  ETA: 0:09:12
Sampling (4 threads)  80%|███████████████████████▉      |  ETA: 0:08:57
Sampling (4 threads)  80%|████████████████████████      |  ETA: 0:08:51
Sampling (4 threads)  80%|████████████████████████▏     |  ETA: 0:08:40
Sampling (4 threads)  81%|████████████████████████▎     |  ETA: 0:08:27
Sampling (4 threads)  82%|████████████████████████▌     |  ETA: 0:08:15
Sampling (4 threads)  82%|████████████████████████▋     |  ETA: 0:08:01
Sampling (4 threads)  82%|████████████████████████▊     |  ETA: 0:07:48
Sampling (4 threads)  83%|████████████████████████▉     |  ETA: 0:07:38
Sampling (4 threads)  84%|█████████████████████████     |  ETA: 0:07:24
Sampling (4 threads)  84%|█████████████████████████▎    |  ETA: 0:07:11
Sampling (4 threads)  84%|█████████████████████████▍    |  ETA: 0:06:59
Sampling (4 threads)  85%|█████████████████████████▌    |  ETA: 0:06:47
Sampling (4 threads)  86%|█████████████████████████▋    |  ETA: 0:06:35
Sampling (4 threads)  86%|█████████████████████████▊    |  ETA: 0:06:23
Sampling (4 threads)  86%|██████████████████████████    |  ETA: 0:06:11
Sampling (4 threads)  87%|██████████████████████████▏   |  ETA: 0:05:56
Sampling (4 threads)  88%|██████████████████████████▎   |  ETA: 0:05:43
Sampling (4 threads)  88%|██████████████████████████▍   |  ETA: 0:05:29
Sampling (4 threads)  88%|██████████████████████████▌   |  ETA: 0:05:17
Sampling (4 threads)  89%|██████████████████████████▊   |  ETA: 0:05:03
Sampling (4 threads)  90%|██████████████████████████▉   |  ETA: 0:04:53
Sampling (4 threads)  90%|███████████████████████████   |  ETA: 0:04:41
Sampling (4 threads)  90%|███████████████████████████▏  |  ETA: 0:04:26
Sampling (4 threads)  91%|███████████████████████████▎  |  ETA: 0:04:12
Sampling (4 threads)  92%|███████████████████████████▌  |  ETA: 0:03:58
Sampling (4 threads)  92%|███████████████████████████▋  |  ETA: 0:03:48
Sampling (4 threads)  92%|███████████████████████████▊  |  ETA: 0:03:35
Sampling (4 threads)  93%|███████████████████████████▉  |  ETA: 0:03:20
Sampling (4 threads)  94%|████████████████████████████  |  ETA: 0:03:07
Sampling (4 threads)  94%|████████████████████████████▎ |  ETA: 0:02:53
Sampling (4 threads)  94%|████████████████████████████▍ |  ETA: 0:02:40
Sampling (4 threads)  95%|████████████████████████████▌ |  ETA: 0:02:27
Sampling (4 threads)  96%|████████████████████████████▋ |  ETA: 0:02:14
Sampling (4 threads)  96%|████████████████████████████▊ |  ETA: 0:02:02
Sampling (4 threads)  96%|█████████████████████████████ |  ETA: 0:01:49
Sampling (4 threads)  97%|█████████████████████████████▏|  ETA: 0:01:34
Sampling (4 threads)  98%|█████████████████████████████▎|  ETA: 0:01:20
Sampling (4 threads)  98%|█████████████████████████████▍|  ETA: 0:01:04
Sampling (4 threads)  98%|█████████████████████████████▌|  ETA: 0:00:49
Sampling (4 threads)  99%|█████████████████████████████▊|  ETA: 0:00:33
Sampling (4 threads) 100%|█████████████████████████████▉|  ETA: 0:00:17
Sampling (4 threads) 100%|██████████████████████████████| Time: 0:56:08
Sampling (4 threads) 100%|██████████████████████████████| Time: 0:56:08
GKS: cannot open display - headless operation mode active
┌ Warning: Runtime invalidation was disabled, but the CPU info is out-of-date.
│ Will continue with incorrect CPU name (from build time).
└ @ HostCPUFeatures ~/.julia/packages/HostCPUFeatures/ZTXz4/src/cpu_info.jl:71
┌ Warning: Runtime invalidation was disabled, but the CPU info is out-of-date.
│ Will continue with incorrect CPU feature flag: +avx512vnni.
└ @ HostCPUFeatures ~/.julia/packages/HostCPUFeatures/ZTXz4/src/cpu_info.jl:56
┌ Warning: Runtime invalidation was disabled, but the CPU info is out-of-date.
│ Will continue with incorrect CPU feature flag: -rtm.
└ @ HostCPUFeatures ~/.julia/packages/HostCPUFeatures/ZTXz4/src/cpu_info.jl:56
Sampling (4 threads)   0%|                              |  ETA: N/A
┌ Info: Found initial step size
└   ϵ = 0.000390625
┌ Info: Found initial step size
└   ϵ = 0.00625
┌ Info: Found initial step size
└   ϵ = 0.003125
┌ Info: Found initial step size
└   ϵ = 0.0001953125
Sampling (4 threads)   0%|▏                             |  ETA: 2:44:00
Sampling (4 threads)   1%|▎                             |  ETA: 1:21:43
Sampling (4 threads)   2%|▌                             |  ETA: 0:57:26
Sampling (4 threads)   2%|▋                             |  ETA: 0:42:52
Sampling (4 threads)   2%|▊                             |  ETA: 0:34:07
Sampling (4 threads)   3%|▉                             |  ETA: 0:30:33
Sampling (4 threads)   4%|█                             |  ETA: 0:26:03
Sampling (4 threads)   4%|█▎                            |  ETA: 0:25:07
Sampling (4 threads)   4%|█▍                            |  ETA: 0:22:13
Sampling (4 threads)   5%|█▌                            |  ETA: 0:25:02
Sampling (4 threads)   6%|█▋                            |  ETA: 0:22:39
Sampling (4 threads)   6%|█▊                            |  ETA: 0:20:39
Sampling (4 threads)   6%|██                            |  ETA: 0:18:57
Sampling (4 threads)   7%|██▏                           |  ETA: 0:20:05
Sampling (4 threads)   8%|██▎                           |  ETA: 0:18:38
Sampling (4 threads)   8%|██▍                           |  ETA: 0:17:23
Sampling (4 threads)   8%|██▌                           |  ETA: 0:22:42
Sampling (4 threads)   9%|██▊                           |  ETA: 0:21:20
Sampling (4 threads)  10%|██▉                           |  ETA: 0:20:06
Sampling (4 threads)  10%|███                           |  ETA: 0:18:59
Sampling (4 threads)  10%|███▏                          |  ETA: 0:21:36
Sampling (4 threads)  11%|███▎                          |  ETA: 0:20:30
Sampling (4 threads)  12%|███▌                          |  ETA: 0:19:30
Sampling (4 threads)  12%|███▋                          |  ETA: 0:20:15
Sampling (4 threads)  12%|███▊                          |  ETA: 0:19:20
Sampling (4 threads)  13%|███▉                          |  ETA: 0:18:29
Sampling (4 threads)  14%|████                          |  ETA: 0:21:18
Sampling (4 threads)  14%|████▎                         |  ETA: 0:20:25
Sampling (4 threads)  14%|████▍                         |  ETA: 0:19:36
Sampling (4 threads)  15%|████▌                         |  ETA: 0:22:28
Sampling (4 threads)  16%|████▋                         |  ETA: 0:21:37
Sampling (4 threads)  16%|████▊                         |  ETA: 0:23:28
Sampling (4 threads)  16%|█████                         |  ETA: 0:22:37
Sampling (4 threads)  17%|█████▏                        |  ETA: 0:25:15
Sampling (4 threads)  18%|█████▎                        |  ETA: 0:24:23
Sampling (4 threads)  18%|█████▍                        |  ETA: 0:24:50
Sampling (4 threads)  18%|█████▌                        |  ETA: 0:24:00
Sampling (4 threads)  19%|█████▊                        |  ETA: 0:23:14
Sampling (4 threads)  20%|█████▉                        |  ETA: 0:24:56
Sampling (4 threads)  20%|██████                        |  ETA: 0:24:09
Sampling (4 threads)  20%|██████▏                       |  ETA: 0:25:19
Sampling (4 threads)  21%|██████▎                       |  ETA: 0:24:34
Sampling (4 threads)  22%|██████▌                       |  ETA: 0:25:46
Sampling (4 threads)  22%|██████▋                       |  ETA: 0:25:01
Sampling (4 threads)  22%|██████▊                       |  ETA: 0:26:10
Sampling (4 threads)  23%|██████▉                       |  ETA: 0:25:26
Sampling (4 threads)  24%|███████                       |  ETA: 0:24:43
Sampling (4 threads)  24%|███████▎                      |  ETA: 0:26:41
Sampling (4 threads)  24%|███████▍                      |  ETA: 0:25:58
Sampling (4 threads)  25%|███████▌                      |  ETA: 0:25:16
Sampling (4 threads)  26%|███████▋                      |  ETA: 0:25:37
Sampling (4 threads)  26%|███████▊                      |  ETA: 0:24:57
Sampling (4 threads)  26%|████████                      |  ETA: 0:25:40
Sampling (4 threads)  27%|████████▏                     |  ETA: 0:25:02
Sampling (4 threads)  28%|████████▎                     |  ETA: 0:25:48
Sampling (4 threads)  28%|████████▍                     |  ETA: 0:25:10
Sampling (4 threads)  28%|████████▌                     |  ETA: 0:25:01
Sampling (4 threads)  29%|████████▊                     |  ETA: 0:24:25
Sampling (4 threads)  30%|████████▉                     |  ETA: 0:25:55
Sampling (4 threads)  30%|█████████                     |  ETA: 0:25:19
Sampling (4 threads)  30%|█████████▏                    |  ETA: 0:24:43
Sampling (4 threads)  31%|█████████▎                    |  ETA: 0:24:09
Sampling (4 threads)  32%|█████████▌                    |  ETA: 0:25:11
Sampling (4 threads)  32%|█████████▋                    |  ETA: 0:24:36
Sampling (4 threads)  32%|█████████▊                    |  ETA: 0:25:32
Sampling (4 threads)  33%|█████████▉                    |  ETA: 0:24:57
Sampling (4 threads)  34%|██████████                    |  ETA: 0:24:24
Sampling (4 threads)  34%|██████████▎                   |  ETA: 0:25:09
Sampling (4 threads)  34%|██████████▍                   |  ETA: 0:24:36
Sampling (4 threads)  35%|██████████▌                   |  ETA: 0:24:04
Sampling (4 threads)  36%|██████████▋                   |  ETA: 0:24:34
Sampling (4 threads)  36%|██████████▊                   |  ETA: 0:24:02
Sampling (4 threads)  36%|███████████                   |  ETA: 0:24:19
Sampling (4 threads)  37%|███████████▏                  |  ETA: 0:23:48
Sampling (4 threads)  38%|███████████▎                  |  ETA: 0:23:17
Sampling (4 threads)  38%|███████████▍                  |  ETA: 0:23:44
Sampling (4 threads)  38%|███████████▌                  |  ETA: 0:23:14
Sampling (4 threads)  39%|███████████▊                  |  ETA: 0:23:24
Sampling (4 threads)  40%|███████████▉                  |  ETA: 0:22:55
Sampling (4 threads)  40%|████████████                  |  ETA: 0:22:27
Sampling (4 threads)  40%|████████████▏                 |  ETA: 0:22:53
Sampling (4 threads)  41%|████████████▎                 |  ETA: 0:22:25
Sampling (4 threads)  42%|████████████▌                 |  ETA: 0:22:58
Sampling (4 threads)  42%|████████████▋                 |  ETA: 0:22:30
Sampling (4 threads)  42%|████████████▊                 |  ETA: 0:23:12
Sampling (4 threads)  43%|████████████▉                 |  ETA: 0:22:44
Sampling (4 threads)  44%|█████████████                 |  ETA: 0:23:07
Sampling (4 threads)  44%|█████████████▎                |  ETA: 0:22:39
Sampling (4 threads)  44%|█████████████▍                |  ETA: 0:22:12
Sampling (4 threads)  45%|█████████████▌                |  ETA: 0:22:42
Sampling (4 threads)  46%|█████████████▋                |  ETA: 0:22:14
Sampling (4 threads)  46%|█████████████▊                |  ETA: 0:21:48
Sampling (4 threads)  46%|██████████████                |  ETA: 0:22:31
Sampling (4 threads)  47%|██████████████▏               |  ETA: 0:22:04
Sampling (4 threads)  48%|██████████████▎               |  ETA: 0:21:38
Sampling (4 threads)  48%|██████████████▍               |  ETA: 0:22:13
Sampling (4 threads)  48%|██████████████▌               |  ETA: 0:21:46
Sampling (4 threads)  49%|██████████████▊               |  ETA: 0:21:21
Sampling (4 threads)  50%|██████████████▉               |  ETA: 0:21:44
Sampling (4 threads)  50%|███████████████               |  ETA: 0:21:18
Sampling (4 threads)  50%|███████████████▏              |  ETA: 0:21:19
Sampling (4 threads)  51%|███████████████▎              |  ETA: 0:20:53
Sampling (4 threads)  52%|███████████████▌              |  ETA: 0:21:04
Sampling (4 threads)  52%|███████████████▋              |  ETA: 0:20:39
Sampling (4 threads)  52%|███████████████▊              |  ETA: 0:20:53
Sampling (4 threads)  53%|███████████████▉              |  ETA: 0:20:28
Sampling (4 threads)  54%|████████████████              |  ETA: 0:20:04
Sampling (4 threads)  54%|████████████████▎             |  ETA: 0:20:37
Sampling (4 threads)  55%|████████████████▍             |  ETA: 0:20:13
Sampling (4 threads)  55%|████████████████▌             |  ETA: 0:19:48
Sampling (4 threads)  56%|████████████████▋             |  ETA: 0:20:07
Sampling (4 threads)  56%|████████████████▊             |  ETA: 0:19:43
Sampling (4 threads)  56%|█████████████████             |  ETA: 0:19:55
Sampling (4 threads)  57%|█████████████████▏            |  ETA: 0:19:31
Sampling (4 threads)  57%|█████████████████▎            |  ETA: 0:19:07
Sampling (4 threads)  58%|█████████████████▍            |  ETA: 0:19:23
Sampling (4 threads)  58%|█████████████████▌            |  ETA: 0:18:59
Sampling (4 threads)  59%|█████████████████▊            |  ETA: 0:19:14
Sampling (4 threads)  60%|█████████████████▉            |  ETA: 0:18:50
Sampling (4 threads)  60%|██████████████████            |  ETA: 0:18:27
Sampling (4 threads)  60%|██████████████████▏           |  ETA: 0:18:35
Sampling (4 threads)  61%|██████████████████▎           |  ETA: 0:18:12
Sampling (4 threads)  62%|██████████████████▌           |  ETA: 0:18:19
Sampling (4 threads)  62%|██████████████████▋           |  ETA: 0:17:56
Sampling (4 threads)  62%|██████████████████▊           |  ETA: 0:17:33
Sampling (4 threads)  63%|██████████████████▉           |  ETA: 0:17:39
Sampling (4 threads)  64%|███████████████████           |  ETA: 0:17:17
Sampling (4 threads)  64%|███████████████████▎          |  ETA: 0:17:14
Sampling (4 threads)  64%|███████████████████▍          |  ETA: 0:16:52
Sampling (4 threads)  65%|███████████████████▌          |  ETA: 0:16:30
Sampling (4 threads)  66%|███████████████████▋          |  ETA: 0:16:23
Sampling (4 threads)  66%|███████████████████▊          |  ETA: 0:16:02
Sampling (4 threads)  66%|████████████████████          |  ETA: 0:16:08
Sampling (4 threads)  67%|████████████████████▏         |  ETA: 0:15:47
Sampling (4 threads)  68%|████████████████████▎         |  ETA: 0:15:25
Sampling (4 threads)  68%|████████████████████▍         |  ETA: 0:15:05
Sampling (4 threads)  68%|████████████████████▌         |  ETA: 0:15:10
Sampling (4 threads)  69%|████████████████████▊         |  ETA: 0:14:49
Sampling (4 threads)  70%|████████████████████▉         |  ETA: 0:14:50
Sampling (4 threads)  70%|█████████████████████         |  ETA: 0:14:29
Sampling (4 threads)  70%|█████████████████████▏        |  ETA: 0:14:26
Sampling (4 threads)  71%|█████████████████████▎        |  ETA: 0:14:06
Sampling (4 threads)  72%|█████████████████████▌        |  ETA: 0:13:45
Sampling (4 threads)  72%|█████████████████████▋        |  ETA: 0:13:29
Sampling (4 threads)  72%|█████████████████████▊        |  ETA: 0:13:29
Sampling (4 threads)  73%|█████████████████████▉        |  ETA: 0:13:23
Sampling (4 threads)  74%|██████████████████████        |  ETA: 0:13:14
Sampling (4 threads)  74%|██████████████████████▎       |  ETA: 0:13:02
Sampling (4 threads)  74%|██████████████████████▍       |  ETA: 0:12:50
Sampling (4 threads)  75%|██████████████████████▌       |  ETA: 0:12:37
Sampling (4 threads)  76%|██████████████████████▋       |  ETA: 0:12:28
Sampling (4 threads)  76%|██████████████████████▊       |  ETA: 0:12:15
Sampling (4 threads)  76%|███████████████████████       |  ETA: 0:12:07
Sampling (4 threads)  77%|███████████████████████▏      |  ETA: 0:11:51
Sampling (4 threads)  78%|███████████████████████▎      |  ETA: 0:11:36
Sampling (4 threads)  78%|███████████████████████▍      |  ETA: 0:11:21
Sampling (4 threads)  78%|███████████████████████▌      |  ETA: 0:11:08
Sampling (4 threads)  79%|███████████████████████▊      |  ETA: 0:10:51
Sampling (4 threads)  80%|███████████████████████▉      |  ETA: 0:10:41
Sampling (4 threads)  80%|████████████████████████      |  ETA: 0:10:26
Sampling (4 threads)  80%|████████████████████████▏     |  ETA: 0:10:11
Sampling (4 threads)  81%|████████████████████████▎     |  ETA: 0:09:58
Sampling (4 threads)  82%|████████████████████████▌     |  ETA: 0:09:50
Sampling (4 threads)  82%|████████████████████████▋     |  ETA: 0:09:36
Sampling (4 threads)  82%|████████████████████████▊     |  ETA: 0:09:24
Sampling (4 threads)  83%|████████████████████████▉     |  ETA: 0:09:09
Sampling (4 threads)  84%|█████████████████████████     |  ETA: 0:08:56
Sampling (4 threads)  84%|█████████████████████████▎    |  ETA: 0:08:46
Sampling (4 threads)  84%|█████████████████████████▍    |  ETA: 0:08:31
Sampling (4 threads)  85%|█████████████████████████▌    |  ETA: 0:08:17
Sampling (4 threads)  86%|█████████████████████████▋    |  ETA: 0:08:03
Sampling (4 threads)  86%|█████████████████████████▊    |  ETA: 0:07:49
Sampling (4 threads)  86%|██████████████████████████    |  ETA: 0:07:33
Sampling (4 threads)  87%|██████████████████████████▏   |  ETA: 0:07:18
Sampling (4 threads)  88%|██████████████████████████▎   |  ETA: 0:07:01
Sampling (4 threads)  88%|██████████████████████████▍   |  ETA: 0:06:47
Sampling (4 threads)  88%|██████████████████████████▌   |  ETA: 0:06:30
Sampling (4 threads)  89%|██████████████████████████▊   |  ETA: 0:06:14
Sampling (4 threads)  90%|██████████████████████████▉   |  ETA: 0:05:58
Sampling (4 threads)  90%|███████████████████████████   |  ETA: 0:05:40
Sampling (4 threads)  90%|███████████████████████████▏  |  ETA: 0:05:24
Sampling (4 threads)  91%|███████████████████████████▎  |  ETA: 0:05:08
Sampling (4 threads)  92%|███████████████████████████▌  |  ETA: 0:04:50
Sampling (4 threads)  92%|███████████████████████████▋  |  ETA: 0:04:34
Sampling (4 threads)  92%|███████████████████████████▊  |  ETA: 0:04:18
Sampling (4 threads)  93%|███████████████████████████▉  |  ETA: 0:04:01
Sampling (4 threads)  94%|████████████████████████████  |  ETA: 0:03:44
Sampling (4 threads)  94%|████████████████████████████▎ |  ETA: 0:03:26
Sampling (4 threads)  94%|████████████████████████████▍ |  ETA: 0:03:09
Sampling (4 threads)  95%|████████████████████████████▌ |  ETA: 0:02:53
Sampling (4 threads)  96%|████████████████████████████▋ |  ETA: 0:02:35
Sampling (4 threads)  96%|████████████████████████████▊ |  ETA: 0:02:18
Sampling (4 threads)  96%|█████████████████████████████ |  ETA: 0:02:01
Sampling (4 threads)  97%|█████████████████████████████▏|  ETA: 0:01:44
Sampling (4 threads)  98%|█████████████████████████████▎|  ETA: 0:01:27
Sampling (4 threads)  98%|█████████████████████████████▍|  ETA: 0:01:10
Sampling (4 threads)  98%|█████████████████████████████▌|  ETA: 0:00:53
Sampling (4 threads)  99%|█████████████████████████████▊|  ETA: 0:00:36
Sampling (4 threads) 100%|█████████████████████████████▉|  ETA: 0:00:18
Sampling (4 threads) 100%|██████████████████████████████| Time: 1:00:11
Sampling (4 threads) 100%|██████████████████████████████| Time: 1:00:11
